Sat Apr 21 17:16:22 Loaded file C:\PROGRAM FILES\ORCAD\LAYOUT\LIBRARY\LAYOUT FULL\THU VIEN LAYOUT BETA 3.LLB
Sat Apr 21 17:16:22 Saved as file C:\PROGRAM FILES\ORCAD\LAYOUT\LIBRARY\LAYOUT FULL\THU VIEN LAYOUT BETA 3.LLB
Sat Apr 21 17:16:26 Loaded file C:\PROGRAM FILES\ORCAD\LAYOUT\LIBRARY\LAYOUT FULL\THU VIEN LAYOUT BETA 3.LLB
Sat Apr 21 17:16:28 Loaded file C:\Program Files\Orcad\Layout\data\template.imp
Sat Apr 21 17:16:30 Loaded file C:\Program Files\Orcad\Layout\data\template.imp
Sat Apr 21 17:16:34 Loaded file C:\Program Files\Orcad\Layout\data\template.imp
Sat Apr 21 17:16:41 Loaded file C:\Program Files\Orcad\Layout\data\template.imp
Sat Apr 21 17:16:44 Loaded file C:\Program Files\Orcad\Layout\data\template.imp
Sat Apr 21 17:16:53 Loaded file C:\Program Files\Orcad\Layout\data\template.imp
Sat Apr 21 17:17:11 Loaded file C:\Program Files\Orcad\Layout\data\template.imp
Sat Apr 21 17:17:17 Loaded file C:\Program Files\Orcad\Layout\data\template.imp
Sat Apr 21 17:17:18 Loaded file C:\Program Files\Orcad\Layout\data\template.imp
Sat Apr 21 17:17:21 Loaded file C:\Program Files\Orcad\Layout\data\template.imp
Sat Apr 21 17:17:25 Loaded file C:\PROGRAM FILES\ORCAD\LAYOUT\LIBRARY\LAYOUT FULL\THU VIEN.LLB
Sat Apr 21 17:17:26 Loaded file C:\Program Files\Orcad\Layout\data\template.imp
Sat Apr 21 17:17:35 Loaded file C:\Program Files\Orcad\Layout\data\template.imp
Sat Apr 21 17:17:35 Loaded file C:\Program Files\Orcad\Layout\data\template.imp
Sat Apr 21 17:17:38 Loaded file C:\Program Files\Orcad\Layout\data\template.imp
Sat Apr 21 17:21:43 Loaded file C:\Program Files\Orcad\Layout\library\padstack.llb
Sat Apr 21 17:21:59 Loaded file C:\Program Files\Orcad\Layout\library\padstack.llb
Sat Apr 21 17:23:51 Loaded file C:\PROGRAM FILES\ORCAD\LAYOUT\LIBRARY\LAYOUT FULL\THU VIEN LAYOUT BETA 3.LLB
Sat Apr 21 17:23:51 Saved as file C:\PROGRAM FILES\ORCAD\LAYOUT\LIBRARY\LAYOUT FULL\THU VIEN LAYOUT BETA 3.LLB
Sat Apr 21 17:23:57 Loaded file C:\PROGRAM FILES\ORCAD\LAYOUT\LIBRARY\LAYOUT FULL\THU VIEN LAYOUT BETA 3.LLB
Sat Apr 21 17:23:57 Loaded file C:\Program Files\Orcad\Layout\data\template.imp
Sat Apr 21 17:24:00 Loaded file C:\Program Files\Orcad\Layout\data\template.imp
Sat Apr 21 17:24:05 Loaded file C:\Program Files\Orcad\Layout\data\template.imp
Sat Apr 21 17:24:07 Loaded file C:\Program Files\Orcad\Layout\data\template.imp
Sat Apr 21 17:24:08 Loaded file C:\Program Files\Orcad\Layout\data\template.imp
Sat Apr 21 17:24:08 Loaded file C:\Program Files\Orcad\Layout\data\template.imp
Sat Apr 21 17:24:09 Loaded file C:\Program Files\Orcad\Layout\data\template.imp
Sat Apr 21 17:24:10 Loaded file C:\Program Files\Orcad\Layout\data\template.imp
Sat Apr 21 17:24:11 Loaded file C:\Program Files\Orcad\Layout\data\template.imp
Sat Apr 21 17:26:25 Loaded file C:\PROGRAM FILES\ORCAD\LAYOUT\LIBRARY\LAYOUT FULL\THU VIEN.LLB
Sat Apr 21 17:26:26 Loaded file C:\Program Files\Orcad\Layout\data\template.imp
Sat Apr 21 17:26:28 Loaded file C:\Program Files\Orcad\Layout\data\template.imp
Sat Apr 21 17:26:28 Loaded file C:\Program Files\Orcad\Layout\data\template.imp
Sat Apr 21 17:26:34 Loaded file C:\Program Files\Orcad\Layout\data\template.imp
Sat Apr 21 17:26:36 Loaded file C:\Program Files\Orcad\Layout\data\template.imp
Sat Apr 21 17:26:37 Loaded file C:\Program Files\Orcad\Layout\data\template.imp
Sat Apr 21 17:26:42 Loaded file C:\Program Files\Orcad\Layout\library\padstack.llb
Sat Apr 21 17:28:09 Loaded file C:\PROGRAM FILES\ORCAD\LAYOUT\LIBRARY\LAYOUT FULL\THU VIEN LAYOUT BETA 3.LLB
Sat Apr 21 17:28:11 Loaded file C:\Program Files\Orcad\Layout\data\template.imp
Sat Apr 21 17:28:13 Loaded file C:\Program Files\Orcad\Layout\data\template.imp
Sat Apr 21 17:28:15 Loaded file C:\Program Files\Orcad\Layout\data\template.imp
Sat Apr 21 17:28:16 Loaded file C:\Program Files\Orcad\Layout\data\template.imp
Sat Apr 21 17:28:20 Loaded file C:\Program Files\Orcad\Layout\data\template.imp
Sat Apr 21 17:28:48 Loaded file C:\Program Files\Orcad\Layout\data\template.imp
Sat Apr 21 17:30:12 Loaded file C:\PROGRAM FILES\ORCAD\LAYOUT\LIBRARY\LAYOUT FULL\THU VIEN LAYOUT BETA 3.LLB
Sat Apr 21 17:30:12 Saved as file C:\PROGRAM FILES\ORCAD\LAYOUT\LIBRARY\LAYOUT FULL\THU VIEN LAYOUT BETA 3.LLB
Sat Apr 21 17:30:15 Loaded file C:\Program Files\Orcad\Layout\data\template.imp
Sat Apr 21 17:30:28 Loaded file C:\PROGRAM FILES\ORCAD\LAYOUT\LIBRARY\LAYOUT FULL\THU VIEN LAYOUT BETA 3.LLB
Sat Apr 21 17:30:28 Saved as file C:\PROGRAM FILES\ORCAD\LAYOUT\LIBRARY\LAYOUT FULL\THU VIEN LAYOUT BETA 3.LLB
Sat Apr 21 17:30:31 Loaded file C:\Program Files\Orcad\Layout\data\template.imp
Sat Apr 21 17:30:35 Loaded file C:\PROGRAM FILES\ORCAD\LAYOUT\LIBRARY\LAYOUT FULL\THU VIEN LAYOUT BETA 3.LLB
Sat Apr 21 17:30:35 Saved as file C:\PROGRAM FILES\ORCAD\LAYOUT\LIBRARY\LAYOUT FULL\THU VIEN LAYOUT BETA 3.LLB
Sat Apr 21 17:30:35 Loaded file C:\Program Files\Orcad\Layout\data\template.imp
Sat Apr 21 17:30:36 Loaded file C:\Program Files\Orcad\Layout\data\template.imp
Sat Apr 21 17:30:39 Loaded file C:\PROGRAM FILES\ORCAD\LAYOUT\LIBRARY\LAYOUT FULL\THU VIEN LAYOUT BETA 3.LLB
Sat Apr 21 17:30:39 Saved as file C:\PROGRAM FILES\ORCAD\LAYOUT\LIBRARY\LAYOUT FULL\THU VIEN LAYOUT BETA 3.LLB
Sat Apr 21 17:30:39 Loaded file C:\Program Files\Orcad\Layout\data\template.imp
Sat Apr 21 17:30:40 Loaded file C:\PROGRAM FILES\ORCAD\LAYOUT\LIBRARY\LAYOUT FULL\THU VIEN LAYOUT BETA 3.LLB
Sat Apr 21 17:30:41 Loaded file C:\Program Files\Orcad\Layout\data\template.imp
Sat Apr 21 17:30:43 Loaded file C:\Program Files\Orcad\Layout\data\template.imp
Sat Apr 21 17:30:44 Loaded file C:\Program Files\Orcad\Layout\data\template.imp
Sat Apr 21 17:30:45 Loaded file C:\Program Files\Orcad\Layout\data\template.imp
Sat Apr 21 17:30:47 Loaded file C:\Program Files\Orcad\Layout\data\template.imp
Sat Apr 21 17:30:58 Loaded file C:\Program Files\Orcad\Layout\data\template.imp
Sat Apr 21 17:31:00 Loaded file C:\Program Files\Orcad\Layout\data\template.imp
Sat Apr 21 17:33:21 Loaded file C:\Program Files\Orcad\Layout\data\template.imp
Sat Apr 21 17:34:19 Loaded file C:\Program Files\Orcad\Layout\library\padstack.llb
Sat Apr 21 17:35:55 Loaded file C:\PROGRAM FILES\ORCAD\LAYOUT\LIBRARY\LAYOUT FULL\THU VIEN LAYOUT BETA 3.LLB
Sat Apr 21 17:35:55 Saved as file C:\PROGRAM FILES\ORCAD\LAYOUT\LIBRARY\LAYOUT FULL\THU VIEN LAYOUT BETA 3.LLB
Sat Apr 21 17:35:57 Loaded file C:\PROGRAM FILES\ORCAD\LAYOUT\LIBRARY\LAYOUT FULL\THU VIEN LAYOUT BETA 3.LLB
Sat Apr 21 17:35:58 Loaded file C:\Program Files\Orcad\Layout\data\template.imp
Sat Apr 21 17:36:00 Loaded file C:\Program Files\Orcad\Layout\data\template.imp
Sat Apr 21 17:36:07 Loaded file C:\Program Files\Orcad\Layout\data\template.imp
Sat Apr 21 17:36:09 Loaded file C:\Program Files\Orcad\Layout\data\template.imp
Sat Apr 21 17:36:10 Loaded file C:\Program Files\Orcad\Layout\data\template.imp
Sat Apr 21 17:36:11 Loaded file C:\Program Files\Orcad\Layout\data\template.imp
Sat Apr 21 17:37:10 Loaded file C:\Program Files\Orcad\Layout\data\template.imp
Sat Apr 21 17:37:10 Loaded file C:\Program Files\Orcad\Layout\data\template.imp
Sat Apr 21 17:37:11 Loaded file C:\Program Files\Orcad\Layout\data\template.imp
Sat Apr 21 17:37:12 Loaded file C:\Program Files\Orcad\Layout\data\template.imp
Sat Apr 21 17:37:19 Loaded file C:\Program Files\Orcad\Layout\data\template.imp
Sat Apr 21 17:37:20 Loaded file C:\Program Files\Orcad\Layout\data\template.imp
Sat Apr 21 18:07:40 Loaded file C:\PROGRAM FILES\ORCAD\LAYOUT\LIBRARY\LAYOUT FULL\THU VIEN LAYOUT BETA 3.LLB
Sat Apr 21 18:07:40 Saved as file C:\PROGRAM FILES\ORCAD\LAYOUT\LIBRARY\LAYOUT FULL\THU VIEN LAYOUT BETA 3.LLB
Sat Apr 21 18:11:25 Loaded file E:\ALL PROGRAM ORCAD\MACH VI DIEU KHIEN\BACKUP5.MAX
Thu Jun 14 22:31:25 Loaded file C:\PROGRAM FILES\ORCAD\LAYOUT\LIBRARY\LAYOUT FULL\THU VIEN LAYOUT BETA 3.LLB
Thu Jun 14 22:31:25 Saved as file C:\PROGRAM FILES\ORCAD\LAYOUT\LIBRARY\LAYOUT FULL\THU VIEN LAYOUT BETA 3.LLB
Thu Jun 14 22:31:33 Loaded file C:\PROGRAM FILES\ORCAD\LAYOUT\LIBRARY\LAYOUT FULL\THU VIEN LAYOUT BETA 3.LLB
Thu Jun 14 22:31:41 Loaded file C:\PROGRAM FILES\ORCAD\LAYOUT\LIBRARY\LAYOUT FULL\THU VIEN LAYOUT BETA 3.LLB
Thu Jun 14 22:31:41 Saved as file C:\PROGRAM FILES\ORCAD\LAYOUT\LIBRARY\LAYOUT FULL\THU VIEN LAYOUT BETA 3.LLB
Tue Jun 19 14:22:35 Loaded file C:\PROGRAM FILES\ORCAD\LAYOUT\LIBRARY\LAYOUT FULL\THU VIEN NEW.LLB
Tue Jun 19 14:22:35 Saved as file C:\PROGRAM FILES\ORCAD\LAYOUT\LIBRARY\LAYOUT FULL\THU VIEN NEW.LLB
Tue Jun 19 14:22:40 Loaded file C:\PROGRAM FILES\ORCAD\LAYOUT\LIBRARY\LAYOUT FULL\THU VIEN NEW.LLB
Tue Jun 19 14:24:47 Loaded file C:\PROGRAM FILES\ORCAD\LAYOUT\LIBRARY\LAYOUT FULL\THU VIEN NEW.LLB
Tue Jun 19 14:24:47 Saved as file C:\PROGRAM FILES\ORCAD\LAYOUT\LIBRARY\LAYOUT FULL\THU VIEN NEW.LLB
Tue Jun 19 14:25:05 Loaded file C:\PROGRAM FILES\ORCAD\LAYOUT\LIBRARY\LAYOUT FULL\THU VIEN NEW.LLB
Tue Jun 19 14:25:05 Saved as file C:\PROGRAM FILES\ORCAD\LAYOUT\LIBRARY\LAYOUT FULL\THU VIEN NEW.LLB
Tue Jun 19 14:25:06 Loaded file C:\PROGRAM FILES\ORCAD\LAYOUT\LIBRARY\LAYOUT FULL\THU VIEN NEW.LLB
Tue Jun 19 14:25:06 Saved as file C:\PROGRAM FILES\ORCAD\LAYOUT\LIBRARY\LAYOUT FULL\THU VIEN NEW.LLB
Sun Sep 02 21:33:21 Loaded file C:\PROGRAM FILES\ORCAD\LAYOUT\LIBRARY\LAYOUT FULL\THU VIEN LAYOUT BETA 3.LLB
Sun Sep 02 21:33:23 Loaded file C:\PROGRAM FILES\ORCAD\LAYOUT\LIBRARY\LAYOUT FULL\THU VIEN NEW.LLB
Sun Sep 02 21:33:24 Loaded file C:\PROGRAM FILES\ORCAD\LAYOUT\LIBRARY\LAYOUT FULL\THU VIEN TRANS.LLB
Mon Oct 22 16:54:50 Loaded file C:\PROGRAM FILES\ORCAD\LAYOUT\LIBRARY\LAYOUT FULL\THU VIEN LAYOUT BETA 3.LLB
Mon Oct 22 16:55:01 Loaded file C:\PROGRAM FILES\ORCAD\LAYOUT\LIBRARY\LAYOUT FULL\THU VIEN LAYOUT BETA 3.LLB
Mon Oct 22 16:55:01 Saved as file C:\PROGRAM FILES\ORCAD\LAYOUT\LIBRARY\LAYOUT FULL\THU VIEN LAYOUT BETA 3.LLB
Mon Oct 22 16:55:04 Loaded file C:\Program Files\Orcad\Layout\data\template.imp
Mon Oct 22 16:55:07 Loaded file C:\Program Files\Orcad\Layout\data\template.imp
Mon Oct 22 16:55:08 Loaded file C:\Program Files\Orcad\Layout\data\template.imp
Mon Oct 22 16:55:10 Loaded file C:\Program Files\Orcad\Layout\data\template.imp
Mon Oct 22 16:55:11 Loaded file C:\Program Files\Orcad\Layout\data\template.imp
Mon Oct 22 16:55:20 Loaded file C:\Program Files\Orcad\Layout\data\template.imp
Mon Oct 22 16:55:29 Loaded file C:\Program Files\Orcad\Layout\data\template.imp
Mon Oct 22 16:55:30 Loaded file C:\Program Files\Orcad\Layout\data\template.imp
Mon Oct 22 16:55:32 Loaded file C:\Program Files\Orcad\Layout\data\template.imp
Mon Oct 22 16:55:33 Loaded file C:\Program Files\Orcad\Layout\data\template.imp
Mon Oct 22 16:55:34 Loaded file C:\Program Files\Orcad\Layout\data\template.imp
Mon Oct 22 16:55:35 Loaded file C:\Program Files\Orcad\Layout\data\template.imp
Mon Oct 22 16:56:53 Loaded file C:\PROGRAM FILES\ORCAD\LAYOUT\LIBRARY\LAYOUT FULL\THU VIEN LAYOUT BETA 3.LLB
Mon Oct 22 16:56:53 Saved as file C:\PROGRAM FILES\ORCAD\LAYOUT\LIBRARY\LAYOUT FULL\THU VIEN LAYOUT BETA 3.LLB
Mon Oct 22 16:56:56 Loaded file C:\Program Files\Orcad\Layout\data\template.imp
Mon Oct 22 16:56:58 Loaded file C:\Program Files\Orcad\Layout\data\template.imp
Mon Oct 22 16:57:33 Loaded file C:\PROGRAM FILES\ORCAD\LAYOUT\LIBRARY\LAYOUT FULL\THU VIEN LAYOUT BETA 3.LLB
Mon Oct 22 16:57:33 Saved as file C:\PROGRAM FILES\ORCAD\LAYOUT\LIBRARY\LAYOUT FULL\THU VIEN LAYOUT BETA 3.LLB
Mon Oct 22 16:57:35 Loaded file C:\Program Files\Orcad\Layout\data\template.imp
Mon Oct 22 16:57:38 Loaded file C:\Program Files\Orcad\Layout\data\template.imp
Mon Oct 22 16:57:41 Loaded file C:\Program Files\Orcad\Layout\data\template.imp
Mon Oct 22 16:57:43 Loaded file C:\Program Files\Orcad\Layout\data\template.imp
Mon Oct 22 16:57:46 Loaded file C:\Program Files\Orcad\Layout\data\template.imp
Mon Oct 22 16:57:48 Loaded file C:\Program Files\Orcad\Layout\data\template.imp
Mon Oct 22 16:57:58 Loaded file C:\PROGRAM FILES\ORCAD\LAYOUT\LIBRARY\LAYOUT FULL\THU VIEN LAYOUT BETA 3.LLB
Mon Oct 22 16:57:58 Saved as file C:\PROGRAM FILES\ORCAD\LAYOUT\LIBRARY\LAYOUT FULL\THU VIEN LAYOUT BETA 3.LLB
Mon Oct 22 16:58:00 Loaded file C:\Program Files\Orcad\Layout\data\template.imp
Mon Oct 22 16:58:04 Loaded file C:\Program Files\Orcad\Layout\data\template.imp
Mon Oct 22 16:58:16 Loaded file C:\Program Files\Orcad\Layout\data\template.imp
Mon Oct 22 16:59:04 Loaded file C:\PROGRAM FILES\ORCAD\LAYOUT\LIBRARY\LAYOUT FULL\THU VIEN LAYOUT BETA 3.LLB
Mon Oct 22 16:59:04 Saved as file C:\PROGRAM FILES\ORCAD\LAYOUT\LIBRARY\LAYOUT FULL\THU VIEN LAYOUT BETA 3.LLB
Mon Oct 22 16:59:06 Loaded file C:\Program Files\Orcad\Layout\data\template.imp
Mon Oct 22 16:59:34 Loaded file C:\PROGRAM FILES\ORCAD\LAYOUT\LIBRARY\LAYOUT FULL\THU VIEN LAYOUT BETA 3.LLB
Mon Oct 22 16:59:34 Saved as file C:\PROGRAM FILES\ORCAD\LAYOUT\LIBRARY\LAYOUT FULL\THU VIEN LAYOUT BETA 3.LLB
Mon Oct 22 16:59:36 Loaded file C:\Program Files\Orcad\Layout\data\template.imp
Mon Oct 22 16:59:38 Loaded file C:\Program Files\Orcad\Layout\data\template.imp
Mon Oct 22 16:59:40 Loaded file C:\Program Files\Orcad\Layout\data\template.imp
Mon Oct 22 16:59:41 Loaded file C:\Program Files\Orcad\Layout\data\template.imp
Mon Oct 22 16:59:42 Loaded file C:\Program Files\Orcad\Layout\data\template.imp
Mon Oct 22 16:59:42 Loaded file C:\Program Files\Orcad\Layout\data\template.imp
Mon Oct 22 16:59:45 Loaded file C:\Program Files\Orcad\Layout\data\template.imp
Mon Oct 22 17:00:33 Loaded file C:\PROGRAM FILES\ORCAD\LAYOUT\LIBRARY\LAYOUT FULL\THU VIEN.LLB
Mon Oct 22 17:00:33 Saved as file C:\PROGRAM FILES\ORCAD\LAYOUT\LIBRARY\LAYOUT FULL\THU VIEN.LLB
Mon Oct 22 17:00:35 Loaded file C:\Program Files\Orcad\Layout\data\template.imp
Mon Oct 22 17:00:42 Loaded file C:\PROGRAM FILES\ORCAD\LAYOUT\LIBRARY\LAYOUT FULL\THU VIEN.LLB
Mon Oct 22 17:01:01 Loaded file C:\PROGRAM FILES\ORCAD\LAYOUT\LIBRARY\LAYOUT FULL\THU VIEN.LLB
Mon Oct 22 17:01:01 Saved as file C:\PROGRAM FILES\ORCAD\LAYOUT\LIBRARY\LAYOUT FULL\THU VIEN.LLB
Mon Oct 22 17:01:03 Loaded file C:\Program Files\Orcad\Layout\data\template.imp
Mon Oct 22 17:01:08 Loaded file C:\PROGRAM FILES\ORCAD\LAYOUT\LIBRARY\LAYOUT FULL\THU VIEN.LLB
Mon Oct 22 17:01:17 Loaded file C:\PROGRAM FILES\ORCAD\LAYOUT\LIBRARY\LAYOUT FULL\THU VIEN.LLB
Mon Oct 22 17:01:17 Saved as file C:\PROGRAM FILES\ORCAD\LAYOUT\LIBRARY\LAYOUT FULL\THU VIEN.LLB
Mon Oct 22 17:01:19 Loaded file C:\Program Files\Orcad\Layout\data\template.imp
Mon Oct 22 17:01:25 Loaded file C:\PROGRAM FILES\ORCAD\LAYOUT\LIBRARY\LAYOUT FULL\THU VIEN.LLB
Mon Oct 22 17:01:30 Loaded file C:\PROGRAM FILES\ORCAD\LAYOUT\LIBRARY\LAYOUT FULL\THU VIEN.LLB
Mon Oct 22 17:01:30 Saved as file C:\PROGRAM FILES\ORCAD\LAYOUT\LIBRARY\LAYOUT FULL\THU VIEN.LLB
Mon Oct 22 17:01:31 Loaded file C:\Program Files\Orcad\Layout\data\template.imp
Mon Oct 22 17:01:38 Loaded file C:\PROGRAM FILES\ORCAD\LAYOUT\LIBRARY\LAYOUT FULL\THU VIEN.LLB
Mon Oct 22 17:01:38 Saved as file C:\PROGRAM FILES\ORCAD\LAYOUT\LIBRARY\LAYOUT FULL\THU VIEN.LLB
Mon Oct 22 17:01:40 Loaded file C:\PROGRAM FILES\ORCAD\LAYOUT\LIBRARY\LAYOUT FULL\THU VIEN.LLB
Mon Oct 22 17:01:43 Loaded file C:\Program Files\Orcad\Layout\library\BCON156T.llb
Mon Oct 22 17:01:44 Loaded file C:\Program Files\Orcad\Layout\library\BCON100T.llb
Mon Oct 22 17:01:44 Loaded file C:\PROGRAM FILES\ORCAD\LAYOUT\LIBRARY\LAYOUT FULL\THU VIEN.LLB
Mon Oct 22 17:01:44 Loaded file C:\PROGRAM FILES\ORCAD\LAYOUT\LIBRARY\LAYOUT FULL\THU VIEN TRANS.LLB
Mon Oct 22 17:01:51 Loaded file C:\PROGRAM FILES\ORCAD\LAYOUT\LIBRARY\LAYOUT FULL\THU VIEN NEW.LLB
Mon Oct 22 17:01:53 Loaded file C:\Program Files\Orcad\Layout\data\template.imp
Mon Oct 22 17:02:04 Loaded file C:\Program Files\Orcad\Layout\data\template.imp
Mon Oct 22 17:02:06 Loaded file C:\Program Files\Orcad\Layout\data\template.imp
Mon Oct 22 17:02:08 Loaded file C:\Program Files\Orcad\Layout\data\template.imp
Mon Oct 22 17:02:10 Loaded file C:\PROGRAM FILES\ORCAD\LAYOUT\LIBRARY\LAYOUT FULL\THU VIEN NEW.LLB
Mon Oct 22 17:02:11 Loaded file C:\PROGRAM FILES\ORCAD\LAYOUT\LIBRARY\LAYOUT FULL\THU VIEN.LLB
Mon Oct 22 17:02:12 Loaded file C:\PROGRAM FILES\ORCAD\LAYOUT\LIBRARY\LAYOUT FULL\THU VIEN NEW.LLB
Mon Oct 22 17:02:12 Loaded file C:\PROGRAM FILES\ORCAD\LAYOUT\LIBRARY\LAYOUT FULL\THU VIEN LAYOUT BETA 3.LLB
Mon Oct 22 17:02:16 Loaded file C:\Program Files\Orcad\Layout\data\template.imp
Mon Oct 22 17:02:21 Loaded file C:\Program Files\Orcad\Layout\data\template.imp
Mon Oct 22 19:10:01 Loaded file C:\PROGRAM FILES\ORCAD\LAYOUT\LIBRARY\LAYOUT FULL\THU VIEN LAYOUT BETA 3.LLB
Mon Oct 22 19:10:01 Saved as file C:\PROGRAM FILES\ORCAD\LAYOUT\LIBRARY\LAYOUT FULL\THU VIEN LAYOUT BETA 3.LLB
Mon Oct 22 19:10:05 Loaded file C:\PROGRAM FILES\ORCAD\LAYOUT\LIBRARY\LAYOUT FULL\THU VIEN LAYOUT BETA 3.LLB
Mon Oct 22 19:10:06 Loaded file C:\Program Files\Orcad\Layout\data\template.imp
Mon Oct 22 19:10:11 Loaded file C:\Program Files\Orcad\Layout\data\template.imp
Wed Oct 24 12:09:32 Loaded file C:\PROGRAM FILES\ORCAD\LAYOUT\LIBRARY\LAYOUT FULL\THU VIEN LAYOUT BETA 3.LLB
Wed Oct 24 12:09:32 Saved as file C:\PROGRAM FILES\ORCAD\LAYOUT\LIBRARY\LAYOUT FULL\THU VIEN LAYOUT BETA 3.LLB
Wed Oct 24 12:09:36 Loaded file C:\Program Files\Orcad\Layout\data\template.imp
Wed Oct 24 12:09:43 Loaded file C:\PROGRAM FILES\ORCAD\LAYOUT\LIBRARY\LAYOUT FULL\THU VIEN LAYOUT BETA 3.LLB
Wed Oct 24 12:09:43 Saved as file C:\PROGRAM FILES\ORCAD\LAYOUT\LIBRARY\LAYOUT FULL\THU VIEN LAYOUT BETA 3.LLB
Wed Oct 24 12:09:44 Loaded file C:\Program Files\Orcad\Layout\data\template.imp
Wed Oct 24 12:09:59 Loaded file C:\PROGRAM FILES\ORCAD\LAYOUT\LIBRARY\LAYOUT FULL\THU VIEN LAYOUT BETA 3.LLB
Wed Oct 24 12:09:59 Saved as file C:\PROGRAM FILES\ORCAD\LAYOUT\LIBRARY\LAYOUT FULL\THU VIEN LAYOUT BETA 3.LLB
Wed Oct 24 12:10:00 Loaded file C:\Program Files\Orcad\Layout\data\template.imp
Wed Oct 24 12:10:06 Loaded file C:\PROGRAM FILES\ORCAD\LAYOUT\LIBRARY\LAYOUT FULL\THU VIEN LAYOUT BETA 3.LLB
Wed Oct 24 12:10:06 Saved as file C:\PROGRAM FILES\ORCAD\LAYOUT\LIBRARY\LAYOUT FULL\THU VIEN LAYOUT BETA 3.LLB
Wed Oct 24 12:10:08 Loaded file C:\Program Files\Orcad\Layout\data\template.imp
Wed Oct 24 12:10:17 Loaded file C:\PROGRAM FILES\ORCAD\LAYOUT\LIBRARY\LAYOUT FULL\THU VIEN LAYOUT BETA 3.LLB
Wed Oct 24 12:10:17 Saved as file C:\PROGRAM FILES\ORCAD\LAYOUT\LIBRARY\LAYOUT FULL\THU VIEN LAYOUT BETA 3.LLB
Wed Oct 24 12:10:18 Loaded file C:\Program Files\Orcad\Layout\data\template.imp
Wed Oct 24 12:10:29 Loaded file C:\PROGRAM FILES\ORCAD\LAYOUT\LIBRARY\LAYOUT FULL\THU VIEN LAYOUT BETA 3.LLB
Wed Oct 24 12:10:29 Saved as file C:\PROGRAM FILES\ORCAD\LAYOUT\LIBRARY\LAYOUT FULL\THU VIEN LAYOUT BETA 3.LLB
Wed Oct 24 12:10:30 Loaded file C:\Program Files\Orcad\Layout\data\template.imp
Wed Oct 24 12:10:51 Loaded file C:\PROGRAM FILES\ORCAD\LAYOUT\LIBRARY\LAYOUT FULL\THU VIEN LAYOUT BETA 3.LLB
Wed Oct 24 12:10:51 Saved as file C:\PROGRAM FILES\ORCAD\LAYOUT\LIBRARY\LAYOUT FULL\THU VIEN LAYOUT BETA 3.LLB
Wed Oct 24 12:10:52 Loaded file C:\Program Files\Orcad\Layout\data\template.imp
Wed Oct 24 12:10:56 Loaded file C:\Program Files\Orcad\Layout\data\template.imp
Wed Oct 24 12:10:58 Loaded file C:\Program Files\Orcad\Layout\data\template.imp
Wed Oct 24 12:11:00 Loaded file C:\Program Files\Orcad\Layout\data\template.imp
Wed Oct 24 12:11:01 Loaded file C:\Program Files\Orcad\Layout\data\template.imp
Wed Oct 24 12:11:02 Loaded file C:\Program Files\Orcad\Layout\data\template.imp
Wed Oct 24 12:11:04 Loaded file C:\Program Files\Orcad\Layout\data\template.imp
Wed Oct 24 12:11:05 Loaded file C:\Program Files\Orcad\Layout\data\template.imp
Wed Oct 24 12:16:25 Loaded file C:\PROGRAM FILES\ORCAD\LAYOUT\LIBRARY\LAYOUT FULL\THU VIEN LAYOUT BETA 3.LLB
Wed Oct 24 12:16:25 Saved as file C:\PROGRAM FILES\ORCAD\LAYOUT\LIBRARY\LAYOUT FULL\THU VIEN LAYOUT BETA 3.LLB
Wed Oct 24 12:16:26 Loaded file C:\Program Files\Orcad\Layout\data\template.imp
Wed Oct 24 12:16:27 Loaded file C:\Program Files\Orcad\Layout\data\template.imp
Wed Oct 24 12:16:29 Loaded file C:\Program Files\Orcad\Layout\data\template.imp
Wed Oct 24 12:16:31 Loaded file C:\Program Files\Orcad\Layout\data\template.imp
Wed Oct 24 12:16:32 Loaded file C:\Program Files\Orcad\Layout\data\template.imp
Wed Oct 24 12:16:32 Loaded file C:\Program Files\Orcad\Layout\data\template.imp
Wed Oct 24 12:16:43 Loaded file C:\PROGRAM FILES\ORCAD\LAYOUT\LIBRARY\LAYOUT FULL\THU VIEN LAYOUT BETA 3.LLB
Wed Oct 24 12:16:43 Saved as file C:\PROGRAM FILES\ORCAD\LAYOUT\LIBRARY\LAYOUT FULL\THU VIEN LAYOUT BETA 3.LLB
Wed Oct 24 12:16:44 Loaded file C:\Program Files\Orcad\Layout\data\template.imp
Wed Oct 24 12:16:50 Loaded file C:\PROGRAM FILES\ORCAD\LAYOUT\LIBRARY\LAYOUT FULL\THU VIEN LAYOUT BETA 3.LLB
Wed Oct 24 12:16:50 Saved as file C:\PROGRAM FILES\ORCAD\LAYOUT\LIBRARY\LAYOUT FULL\THU VIEN LAYOUT BETA 3.LLB
Wed Oct 24 12:16:52 Loaded file C:\Program Files\Orcad\Layout\data\template.imp
Wed Oct 24 12:16:56 Loaded file C:\Program Files\Orcad\Layout\data\template.imp
Wed Oct 24 12:16:57 Loaded file C:\Program Files\Orcad\Layout\data\template.imp
Wed Oct 24 12:17:03 Loaded file C:\PROGRAM FILES\ORCAD\LAYOUT\LIBRARY\LAYOUT FULL\THU VIEN LAYOUT BETA 3.LLB
Wed Oct 24 12:17:03 Saved as file C:\PROGRAM FILES\ORCAD\LAYOUT\LIBRARY\LAYOUT FULL\THU VIEN LAYOUT BETA 3.LLB
Wed Oct 24 12:17:04 Loaded file C:\Program Files\Orcad\Layout\data\template.imp
Wed Oct 24 12:17:05 Loaded file C:\Program Files\Orcad\Layout\data\template.imp
Wed Oct 24 12:17:13 Loaded file C:\Program Files\Orcad\Layout\data\template.imp
Wed Oct 24 12:17:14 Loaded file C:\Program Files\Orcad\Layout\data\template.imp
Wed Oct 24 12:17:17 Loaded file C:\Program Files\Orcad\Layout\data\template.imp
Wed Oct 24 12:17:20 Loaded file C:\Program Files\Orcad\Layout\data\template.imp
Wed Oct 24 12:17:27 Loaded file C:\PROGRAM FILES\ORCAD\LAYOUT\LIBRARY\LAYOUT FULL\THU VIEN LAYOUT BETA 3.LLB
Wed Oct 24 12:17:27 Saved as file C:\PROGRAM FILES\ORCAD\LAYOUT\LIBRARY\LAYOUT FULL\THU VIEN LAYOUT BETA 3.LLB
Wed Oct 24 12:17:28 Loaded file C:\Program Files\Orcad\Layout\data\template.imp
Wed Oct 24 12:17:33 Loaded file C:\PROGRAM FILES\ORCAD\LAYOUT\LIBRARY\LAYOUT FULL\THU VIEN LAYOUT BETA 3.LLB
Wed Oct 24 12:17:33 Saved as file C:\PROGRAM FILES\ORCAD\LAYOUT\LIBRARY\LAYOUT FULL\THU VIEN LAYOUT BETA 3.LLB
Wed Oct 24 12:17:34 Loaded file C:\Program Files\Orcad\Layout\data\template.imp
Wed Oct 24 12:17:41 Loaded file C:\PROGRAM FILES\ORCAD\LAYOUT\LIBRARY\LAYOUT FULL\THU VIEN LAYOUT BETA 3.LLB
Wed Oct 24 12:17:41 Saved as file C:\PROGRAM FILES\ORCAD\LAYOUT\LIBRARY\LAYOUT FULL\THU VIEN LAYOUT BETA 3.LLB
Wed Oct 24 12:18:34 Loaded file C:\Program Files\Orcad\Layout\data\template.imp
Wed Oct 24 12:18:42 Loaded file C:\PROGRAM FILES\ORCAD\LAYOUT\LIBRARY\LAYOUT FULL\THU VIEN LAYOUT BETA 3.LLB
Wed Oct 24 12:18:42 Saved as file C:\PROGRAM FILES\ORCAD\LAYOUT\LIBRARY\LAYOUT FULL\THU VIEN LAYOUT BETA 3.LLB
Wed Oct 24 12:18:43 Loaded file C:\Program Files\Orcad\Layout\data\template.imp
Wed Oct 24 12:18:48 Loaded file C:\PROGRAM FILES\ORCAD\LAYOUT\LIBRARY\LAYOUT FULL\THU VIEN LAYOUT BETA 3.LLB
Wed Oct 24 12:18:48 Saved as file C:\PROGRAM FILES\ORCAD\LAYOUT\LIBRARY\LAYOUT FULL\THU VIEN LAYOUT BETA 3.LLB
Wed Oct 24 12:18:50 Loaded file C:\Program Files\Orcad\Layout\data\template.imp
Wed Oct 24 12:18:55 Loaded file C:\PROGRAM FILES\ORCAD\LAYOUT\LIBRARY\LAYOUT FULL\THU VIEN LAYOUT BETA 3.LLB
Wed Oct 24 12:18:58 Loaded file C:\Program Files\Orcad\Layout\data\template.imp
Wed Oct 24 12:19:04 Loaded file C:\PROGRAM FILES\ORCAD\LAYOUT\LIBRARY\LAYOUT FULL\THU VIEN LAYOUT BETA 3.LLB
Wed Oct 24 12:19:04 Saved as file C:\PROGRAM FILES\ORCAD\LAYOUT\LIBRARY\LAYOUT FULL\THU VIEN LAYOUT BETA 3.LLB
Wed Oct 24 12:19:05 Loaded file C:\Program Files\Orcad\Layout\data\template.imp
Wed Oct 24 12:19:12 Loaded file C:\PROGRAM FILES\ORCAD\LAYOUT\LIBRARY\LAYOUT FULL\THU VIEN LAYOUT BETA 3.LLB
Wed Oct 24 12:19:12 Saved as file C:\PROGRAM FILES\ORCAD\LAYOUT\LIBRARY\LAYOUT FULL\THU VIEN LAYOUT BETA 3.LLB
Wed Oct 24 12:19:13 Loaded file C:\Program Files\Orcad\Layout\data\template.imp
Wed Oct 24 12:19:19 Loaded file C:\Program Files\Orcad\Layout\data\template.imp
Wed Oct 24 12:19:22 Loaded file C:\Program Files\Orcad\Layout\data\template.imp
Wed Oct 24 12:19:23 Loaded file C:\Program Files\Orcad\Layout\data\template.imp
Wed Oct 24 12:19:24 Loaded file C:\Program Files\Orcad\Layout\data\template.imp
Wed Oct 24 12:19:25 Loaded file C:\Program Files\Orcad\Layout\data\template.imp
Wed Oct 24 12:19:38 Loaded file C:\Program Files\Orcad\Layout\data\template.imp
Wed Oct 24 12:19:39 Loaded file C:\Program Files\Orcad\Layout\data\template.imp
Wed Oct 24 12:19:46 Loaded file C:\Program Files\Orcad\Layout\data\template.imp
Wed Oct 24 12:19:50 Loaded file C:\Program Files\Orcad\Layout\data\template.imp
Wed Oct 24 12:19:56 Loaded file C:\PROGRAM FILES\ORCAD\LAYOUT\LIBRARY\LAYOUT FULL\THU VIEN LAYOUT BETA 3.LLB
Wed Oct 24 12:19:56 Saved as file C:\PROGRAM FILES\ORCAD\LAYOUT\LIBRARY\LAYOUT FULL\THU VIEN LAYOUT BETA 3.LLB
Wed Oct 24 12:19:56 Loaded file C:\Program Files\Orcad\Layout\data\template.imp
Wed Oct 24 12:20:01 Loaded file C:\PROGRAM FILES\ORCAD\LAYOUT\LIBRARY\LAYOUT FULL\THU VIEN LAYOUT BETA 3.LLB
Wed Oct 24 12:20:02 Saved as file C:\PROGRAM FILES\ORCAD\LAYOUT\LIBRARY\LAYOUT FULL\THU VIEN LAYOUT BETA 3.LLB
Wed Oct 24 12:20:03 Loaded file C:\Program Files\Orcad\Layout\data\template.imp
Wed Oct 24 12:20:07 Loaded file C:\PROGRAM FILES\ORCAD\LAYOUT\LIBRARY\LAYOUT FULL\THU VIEN LAYOUT BETA 3.LLB
Wed Oct 24 12:20:07 Saved as file C:\PROGRAM FILES\ORCAD\LAYOUT\LIBRARY\LAYOUT FULL\THU VIEN LAYOUT BETA 3.LLB
Wed Oct 24 12:20:15 Loaded file C:\PROGRAM FILES\ORCAD\LAYOUT\LIBRARY\LAYOUT FULL\THU VIEN LAYOUT BETA 3.LLB
Wed Oct 24 12:20:16 Loaded file C:\Program Files\Orcad\Layout\data\template.imp
Wed Oct 24 12:20:19 Loaded file C:\Program Files\Orcad\Layout\data\template.imp
Wed Oct 24 12:20:25 Loaded file C:\PROGRAM FILES\ORCAD\LAYOUT\LIBRARY\LAYOUT FULL\THU VIEN NEW.LLB
Wed Oct 24 12:20:30 Loaded file C:\Program Files\Orcad\Layout\data\template.imp
Wed Oct 24 12:20:35 Loaded file C:\PROGRAM FILES\ORCAD\LAYOUT\LIBRARY\LAYOUT FULL\THU VIEN NEW.LLB
Wed Oct 24 12:20:35 Saved as file C:\PROGRAM FILES\ORCAD\LAYOUT\LIBRARY\LAYOUT FULL\THU VIEN NEW.LLB
Wed Oct 24 12:20:35 Loaded file C:\Program Files\Orcad\Layout\data\template.imp
Wed Oct 24 12:20:37 Loaded file C:\Program Files\Orcad\Layout\data\template.imp
Wed Oct 24 12:20:39 Loaded file C:\Program Files\Orcad\Layout\data\template.imp
Wed Oct 24 12:20:43 Loaded file C:\Program Files\Orcad\Layout\data\template.imp
Wed Oct 24 12:20:46 Loaded file C:\Program Files\Orcad\Layout\data\template.imp
Wed Oct 24 12:20:47 Loaded file C:\Program Files\Orcad\Layout\data\template.imp
Wed Oct 24 12:20:51 Loaded file C:\Program Files\Orcad\Layout\data\template.imp
Wed Oct 24 12:21:02 Loaded file C:\PROGRAM FILES\ORCAD\LAYOUT\LIBRARY\LAYOUT FULL\THU VIEN NEW.LLB
Wed Oct 24 12:21:02 Saved as file C:\PROGRAM FILES\ORCAD\LAYOUT\LIBRARY\LAYOUT FULL\THU VIEN NEW.LLB
Wed Oct 24 12:21:02 Loaded file C:\Program Files\Orcad\Layout\data\template.imp
Wed Oct 24 12:21:03 Loaded file C:\Program Files\Orcad\Layout\data\template.imp
Wed Oct 24 12:21:06 Loaded file C:\PROGRAM FILES\ORCAD\LAYOUT\LIBRARY\LAYOUT FULL\THU VIEN NEW.LLB
Wed Oct 24 12:21:06 Saved as file C:\PROGRAM FILES\ORCAD\LAYOUT\LIBRARY\LAYOUT FULL\THU VIEN NEW.LLB
Wed Oct 24 12:21:06 Loaded file C:\Program Files\Orcad\Layout\data\template.imp
Wed Oct 24 12:21:07 Loaded file C:\Program Files\Orcad\Layout\data\template.imp
Wed Oct 24 12:21:12 Loaded file C:\PROGRAM FILES\ORCAD\LAYOUT\LIBRARY\LAYOUT FULL\THU VIEN NEW.LLB
Wed Oct 24 12:21:12 Saved as file C:\PROGRAM FILES\ORCAD\LAYOUT\LIBRARY\LAYOUT FULL\THU VIEN NEW.LLB
Wed Oct 24 12:21:12 Loaded file C:\Program Files\Orcad\Layout\data\template.imp
Wed Oct 24 12:21:13 Loaded file C:\Program Files\Orcad\Layout\data\template.imp
Wed Oct 24 12:21:17 Loaded file C:\PROGRAM FILES\ORCAD\LAYOUT\LIBRARY\LAYOUT FULL\THU VIEN NEW.LLB
Wed Oct 24 12:21:17 Saved as file C:\PROGRAM FILES\ORCAD\LAYOUT\LIBRARY\LAYOUT FULL\THU VIEN NEW.LLB
Wed Oct 24 12:21:17 Loaded file C:\Program Files\Orcad\Layout\data\template.imp
Wed Oct 24 12:21:18 Loaded file C:\Program Files\Orcad\Layout\data\template.imp
Wed Oct 24 12:21:21 Loaded file C:\PROGRAM FILES\ORCAD\LAYOUT\LIBRARY\LAYOUT FULL\THU VIEN NEW.LLB
Wed Oct 24 12:21:21 Saved as file C:\PROGRAM FILES\ORCAD\LAYOUT\LIBRARY\LAYOUT FULL\THU VIEN NEW.LLB
Wed Oct 24 12:21:21 Loaded file C:\Program Files\Orcad\Layout\data\template.imp
Wed Oct 24 12:21:22 Loaded file C:\Program Files\Orcad\Layout\data\template.imp
Wed Oct 24 12:21:29 Loaded file C:\PROGRAM FILES\ORCAD\LAYOUT\LIBRARY\LAYOUT FULL\THU VIEN LAYOUT BETA 3.LLB
Wed Oct 24 12:21:29 Saved as file C:\PROGRAM FILES\ORCAD\LAYOUT\LIBRARY\LAYOUT FULL\THU VIEN LAYOUT BETA 3.LLB
Wed Oct 24 12:21:31 Loaded file C:\Program Files\Orcad\Layout\data\template.imp
Wed Oct 24 12:21:32 Loaded file C:\Program Files\Orcad\Layout\data\template.imp
Wed Oct 24 12:21:34 Loaded file C:\Program Files\Orcad\Layout\data\template.imp
Wed Oct 24 12:21:50 Loaded file C:\PROGRAM FILES\ORCAD\LAYOUT\LIBRARY\LAYOUT FULL\THU VIEN NEW.LLB
Wed Oct 24 12:21:58 Loaded file C:\PROGRAM FILES\ORCAD\LAYOUT\LIBRARY\LAYOUT FULL\THU VIEN NEW.LLB
Wed Oct 24 12:21:58 Saved as file C:\PROGRAM FILES\ORCAD\LAYOUT\LIBRARY\LAYOUT FULL\THU VIEN NEW.LLB
Wed Oct 24 12:22:00 Loaded file C:\Program Files\Orcad\Layout\data\template.imp
Wed Oct 24 12:22:15 Loaded file C:\PROGRAM FILES\ORCAD\LAYOUT\LIBRARY\LAYOUT FULL\THU VIEN.LLB
Wed Oct 24 12:22:15 Saved as file C:\PROGRAM FILES\ORCAD\LAYOUT\LIBRARY\LAYOUT FULL\THU VIEN.LLB
Wed Oct 24 12:22:16 Loaded file C:\Program Files\Orcad\Layout\data\template.imp
Wed Oct 24 12:22:22 Loaded file C:\PROGRAM FILES\ORCAD\LAYOUT\LIBRARY\LAYOUT FULL\THU VIEN.LLB
Wed Oct 24 12:22:22 Saved as file C:\PROGRAM FILES\ORCAD\LAYOUT\LIBRARY\LAYOUT FULL\THU VIEN.LLB
Wed Oct 24 12:23:26 Loaded file C:\PROGRAM FILES\ORCAD\LAYOUT\LIBRARY\LAYOUT FULL\THU VIEN.LLB
Wed Oct 24 12:23:28 Loaded file C:\PROGRAM FILES\ORCAD\LAYOUT\LIBRARY\LAYOUT FULL\THU VIEN.LLB
Wed Oct 24 12:23:43 Loaded file C:\PROGRAM FILES\ORCAD\LAYOUT\LIBRARY\LAYOUT FULL\THU VIEN LAYOUT BETA.LLB
Wed Oct 24 12:23:47 Loaded file C:\PROGRAM FILES\ORCAD\LAYOUT\LIBRARY\LAYOUT FULL\THU VIEN.LLB
Wed Oct 24 12:23:48 Loaded file C:\PROGRAM FILES\ORCAD\LAYOUT\LIBRARY\LAYOUT FULL\THU VIEN LAYOUT BETA.LLB
Wed Oct 24 12:23:58 Loaded file C:\PROGRAM FILES\ORCAD\LAYOUT\LIBRARY\LAYOUT FULL\THU VIEN LAYOUT BETA.LLB
Wed Oct 24 12:23:59 Loaded file C:\Program Files\Orcad\Layout\data\template.imp
Wed Oct 24 12:24:01 Loaded file C:\Program Files\Orcad\Layout\data\template.imp
Wed Oct 24 12:24:02 Loaded file C:\Program Files\Orcad\Layout\data\template.imp
Wed Oct 24 12:35:54 Loaded file C:\PROGRAM FILES\ORCAD\LAYOUT\LIBRARY\LAYOUT FULL\THU VIEN LAYOUT BETA.LLB
Wed Oct 24 12:35:54 Saved as file C:\PROGRAM FILES\ORCAD\LAYOUT\LIBRARY\LAYOUT FULL\THU VIEN LAYOUT BETA.LLB
Wed Oct 24 12:35:55 Loaded file C:\Program Files\Orcad\Layout\data\template.imp
Wed Oct 24 12:36:33 Loaded file C:\USERS\CHIPPRO\DESKTOP\LIBRARY\BKIT4U_LIB.LLB
Wed Oct 24 12:36:33 Saved as file C:\USERS\CHIPPRO\DESKTOP\LIBRARY\BKIT4U_LIB.LLB
Wed Oct 24 12:36:42 Loaded file C:\PROGRAM FILES\ORCAD\LAYOUT\LIBRARY\LAYOUT FULL\THU VIEN LAYOUT BETA.LLB
Wed Oct 24 12:36:42 Saved as file C:\PROGRAM FILES\ORCAD\LAYOUT\LIBRARY\LAYOUT FULL\THU VIEN LAYOUT BETA.LLB
Wed Oct 24 12:36:44 Loaded file C:\Program Files\Orcad\Layout\data\template.imp
Wed Oct 24 12:36:45 Loaded file C:\Program Files\Orcad\Layout\data\template.imp
Wed Oct 24 12:36:47 Loaded file C:\Program Files\Orcad\Layout\data\template.imp
Wed Oct 24 12:36:48 Loaded file C:\Program Files\Orcad\Layout\data\template.imp
Wed Oct 24 12:36:49 Loaded file C:\Program Files\Orcad\Layout\data\template.imp
Wed Oct 24 12:36:51 Loaded file C:\Program Files\Orcad\Layout\data\template.imp
Wed Oct 24 12:36:53 Loaded file C:\Program Files\Orcad\Layout\data\template.imp
Wed Oct 24 12:36:55 Loaded file C:\Program Files\Orcad\Layout\data\template.imp
Wed Oct 24 12:37:06 Loaded file C:\PROGRAM FILES\ORCAD\LAYOUT\LIBRARY\LAYOUT FULL\THU VIEN LAYOUT BETA.LLB
Wed Oct 24 12:37:06 Saved as file C:\PROGRAM FILES\ORCAD\LAYOUT\LIBRARY\LAYOUT FULL\THU VIEN LAYOUT BETA.LLB
Wed Oct 24 12:37:07 Loaded file C:\Program Files\Orcad\Layout\data\template.imp
Wed Oct 24 12:37:08 Loaded file C:\Program Files\Orcad\Layout\data\template.imp
Wed Oct 24 12:37:14 Loaded file C:\Program Files\Orcad\Layout\data\template.imp
Wed Oct 24 12:37:16 Loaded file C:\Program Files\Orcad\Layout\data\template.imp
Wed Oct 24 12:37:20 Loaded file C:\Program Files\Orcad\Layout\data\template.imp
Wed Oct 24 12:39:14 Loaded file C:\PROGRAM FILES\ORCAD\LAYOUT\LIBRARY\LAYOUT FULL\THU VIEN TU.LLB
Wed Oct 24 12:39:15 Loaded file C:\Program Files\Orcad\Layout\data\template.imp
Wed Oct 24 12:39:17 Loaded file C:\Program Files\Orcad\Layout\data\template.imp
Wed Oct 24 12:39:19 Loaded file C:\Program Files\Orcad\Layout\data\template.imp
Wed Oct 24 12:39:19 Loaded file C:\Program Files\Orcad\Layout\data\template.imp
Wed Oct 24 12:39:20 Loaded file C:\Program Files\Orcad\Layout\data\template.imp
Wed Oct 24 12:39:22 Loaded file C:\Program Files\Orcad\Layout\data\template.imp
Wed Oct 24 12:39:24 Loaded file C:\Program Files\Orcad\Layout\data\template.imp
Wed Oct 24 12:39:25 Loaded file C:\Program Files\Orcad\Layout\data\template.imp
Wed Oct 24 12:39:26 Loaded file C:\Program Files\Orcad\Layout\data\template.imp
Wed Oct 24 12:39:28 Loaded file C:\Program Files\Orcad\Layout\data\template.imp
Wed Oct 24 12:39:29 Loaded file C:\Program Files\Orcad\Layout\data\template.imp
Wed Oct 24 12:39:30 Loaded file C:\Program Files\Orcad\Layout\data\template.imp
Wed Oct 24 12:39:35 Loaded file C:\USERS\CHIPPRO\DESKTOP\LIBRARY\BKIT4U_LIB.LLB
Wed Oct 24 12:39:37 Loaded file C:\Program Files\Orcad\Layout\data\template.imp
Wed Oct 24 12:39:44 Loaded file C:\PROGRAM FILES\ORCAD\LAYOUT\LIBRARY\LAYOUT FULL\THU VIEN TU.LLB
Wed Oct 24 12:39:46 Loaded file C:\Program Files\Orcad\Layout\data\template.imp
Wed Oct 24 12:39:53 Loaded file C:\USERS\CHIPPRO\DESKTOP\LIBRARY\BKIT4U_LIB.LLB
Wed Oct 24 12:39:54 Loaded file C:\Program Files\Orcad\Layout\data\template.imp
Wed Oct 24 12:39:57 Loaded file C:\Program Files\Orcad\Layout\data\template.imp
Wed Oct 24 12:39:57 Loaded file C:\Program Files\Orcad\Layout\data\template.imp
Wed Oct 24 12:39:59 Loaded file C:\Program Files\Orcad\Layout\data\template.imp
Wed Oct 24 12:40:06 Loaded file C:\PROGRAM FILES\ORCAD\LAYOUT\LIBRARY\LAYOUT FULL\THU VIEN TU.LLB
Wed Oct 24 12:40:06 Saved as file C:\PROGRAM FILES\ORCAD\LAYOUT\LIBRARY\LAYOUT FULL\THU VIEN TU.LLB
Wed Oct 24 12:40:08 Loaded file C:\Program Files\Orcad\Layout\data\template.imp
Wed Oct 24 12:40:14 Loaded file C:\PROGRAM FILES\ORCAD\LAYOUT\LIBRARY\LAYOUT FULL\THU VIEN TU.LLB
Wed Oct 24 12:40:14 Saved as file C:\PROGRAM FILES\ORCAD\LAYOUT\LIBRARY\LAYOUT FULL\THU VIEN TU.LLB
Wed Oct 24 12:40:16 Loaded file C:\Program Files\Orcad\Layout\data\template.imp
Wed Oct 24 12:40:21 Loaded file C:\PROGRAM FILES\ORCAD\LAYOUT\LIBRARY\LAYOUT FULL\THU VIEN TU.LLB
Wed Oct 24 12:40:22 Saved as file C:\PROGRAM FILES\ORCAD\LAYOUT\LIBRARY\LAYOUT FULL\THU VIEN TU.LLB
Wed Oct 24 12:40:22 Loaded file C:\Program Files\Orcad\Layout\data\template.imp
Wed Oct 24 12:40:28 Loaded file C:\PROGRAM FILES\ORCAD\LAYOUT\LIBRARY\LAYOUT FULL\THU VIEN TU.LLB
Wed Oct 24 12:40:28 Saved as file C:\PROGRAM FILES\ORCAD\LAYOUT\LIBRARY\LAYOUT FULL\THU VIEN TU.LLB
Wed Oct 24 12:40:29 Loaded file C:\Program Files\Orcad\Layout\data\template.imp
Wed Oct 24 12:40:35 Loaded file C:\PROGRAM FILES\ORCAD\LAYOUT\LIBRARY\LAYOUT FULL\THU VIEN TU.LLB
Wed Oct 24 12:40:35 Saved as file C:\PROGRAM FILES\ORCAD\LAYOUT\LIBRARY\LAYOUT FULL\THU VIEN TU.LLB
Wed Oct 24 12:40:36 Loaded file C:\Program Files\Orcad\Layout\data\template.imp
Wed Oct 24 12:40:41 Loaded file C:\PROGRAM FILES\ORCAD\LAYOUT\LIBRARY\LAYOUT FULL\THU VIEN TU.LLB
Wed Oct 24 12:40:41 Saved as file C:\PROGRAM FILES\ORCAD\LAYOUT\LIBRARY\LAYOUT FULL\THU VIEN TU.LLB
Wed Oct 24 12:40:42 Loaded file C:\Program Files\Orcad\Layout\data\template.imp
Wed Oct 24 12:40:49 Loaded file C:\PROGRAM FILES\ORCAD\LAYOUT\LIBRARY\LAYOUT FULL\THU VIEN TU.LLB
Wed Oct 24 12:40:49 Saved as file C:\PROGRAM FILES\ORCAD\LAYOUT\LIBRARY\LAYOUT FULL\THU VIEN TU.LLB
Wed Oct 24 12:40:50 Loaded file C:\Program Files\Orcad\Layout\data\template.imp
Wed Oct 24 12:40:55 Loaded file C:\Program Files\Orcad\Layout\data\template.imp
Wed Oct 24 12:41:00 Loaded file C:\Program Files\Orcad\Layout\data\template.imp
Wed Oct 24 12:41:02 Loaded file C:\Program Files\Orcad\Layout\data\template.imp
Wed Oct 24 12:41:05 Loaded file C:\Program Files\Orcad\Layout\data\template.imp
Wed Oct 24 12:41:05 Loaded file C:\Program Files\Orcad\Layout\data\template.imp
Wed Oct 24 12:41:09 Loaded file C:\Program Files\Orcad\Layout\data\template.imp
Wed Oct 24 12:41:11 Loaded file C:\Program Files\Orcad\Layout\data\template.imp
Wed Oct 24 12:41:14 Loaded file C:\Program Files\Orcad\Layout\data\template.imp
Wed Oct 24 12:41:22 Loaded file C:\Program Files\Orcad\Layout\data\template.imp
Wed Oct 24 12:41:24 Loaded file C:\Program Files\Orcad\Layout\data\template.imp
Wed Oct 24 12:41:25 Loaded file C:\Program Files\Orcad\Layout\data\template.imp
Wed Oct 24 12:41:33 Loaded file C:\PROGRAM FILES\ORCAD\LAYOUT\LIBRARY\LAYOUT FULL\THU VIEN LAYOUT BETA.LLB
Wed Oct 24 12:41:33 Saved as file C:\PROGRAM FILES\ORCAD\LAYOUT\LIBRARY\LAYOUT FULL\THU VIEN LAYOUT BETA.LLB
Wed Oct 24 12:41:34 Loaded file C:\Program Files\Orcad\Layout\data\template.imp
Wed Oct 24 12:41:40 Loaded file C:\PROGRAM FILES\ORCAD\LAYOUT\LIBRARY\LAYOUT FULL\THU VIEN LAYOUT BETA.LLB
Wed Oct 24 12:41:41 Saved as file C:\PROGRAM FILES\ORCAD\LAYOUT\LIBRARY\LAYOUT FULL\THU VIEN LAYOUT BETA.LLB
Wed Oct 24 12:41:41 Loaded file C:\Program Files\Orcad\Layout\data\template.imp
Wed Oct 24 12:41:48 Loaded file C:\PROGRAM FILES\ORCAD\LAYOUT\LIBRARY\LAYOUT FULL\THU VIEN LAYOUT BETA.LLB
Wed Oct 24 12:41:48 Saved as file C:\PROGRAM FILES\ORCAD\LAYOUT\LIBRARY\LAYOUT FULL\THU VIEN LAYOUT BETA.LLB
Wed Oct 24 12:41:49 Loaded file C:\Program Files\Orcad\Layout\data\template.imp
Wed Oct 24 12:42:00 Loaded file C:\PROGRAM FILES\ORCAD\LAYOUT\LIBRARY\LAYOUT FULL\THU VIEN LAYOUT BETA.LLB
Wed Oct 24 12:42:04 Loaded file C:\Program Files\Orcad\Layout\data\template.imp
Wed Oct 24 12:42:15 Loaded file C:\PROGRAM FILES\ORCAD\LAYOUT\LIBRARY\LAYOUT FULL\THU VIEN LAYOUT BETA.LLB
Wed Oct 24 12:42:15 Saved as file C:\PROGRAM FILES\ORCAD\LAYOUT\LIBRARY\LAYOUT FULL\THU VIEN LAYOUT BETA.LLB
Wed Oct 24 12:42:17 Loaded file C:\Program Files\Orcad\Layout\data\template.imp
Wed Oct 24 12:42:29 Loaded file C:\PROGRAM FILES\ORCAD\LAYOUT\LIBRARY\LAYOUT FULL\THU VIEN LAYOUT BETA.LLB
Wed Oct 24 12:42:29 Saved as file C:\PROGRAM FILES\ORCAD\LAYOUT\LIBRARY\LAYOUT FULL\THU VIEN LAYOUT BETA.LLB
Wed Oct 24 12:42:30 Loaded file C:\Program Files\Orcad\Layout\data\template.imp
Wed Oct 24 12:42:45 Loaded file C:\PROGRAM FILES\ORCAD\LAYOUT\LIBRARY\LAYOUT FULL\THU VIEN LAYOUT BETA.LLB
Wed Oct 24 12:42:45 Saved as file C:\PROGRAM FILES\ORCAD\LAYOUT\LIBRARY\LAYOUT FULL\THU VIEN LAYOUT BETA.LLB
Wed Oct 24 12:42:46 Loaded file C:\Program Files\Orcad\Layout\data\template.imp
Wed Oct 24 12:42:48 Loaded file C:\Program Files\Orcad\Layout\data\template.imp
Wed Oct 24 12:42:54 Loaded file C:\Program Files\Orcad\Layout\data\template.imp
Wed Oct 24 12:43:19 Loaded file C:\PROGRAM FILES\ORCAD\LAYOUT\LIBRARY\LAYOUT FULL\THU VIEN LAYOUT BETA.LLB
Wed Oct 24 12:43:19 Saved as file C:\PROGRAM FILES\ORCAD\LAYOUT\LIBRARY\LAYOUT FULL\THU VIEN LAYOUT BETA.LLB
Wed Oct 24 12:43:20 Loaded file C:\Program Files\Orcad\Layout\data\template.imp
Wed Oct 24 12:43:22 Loaded file C:\Program Files\Orcad\Layout\data\template.imp
Wed Oct 24 12:43:23 Loaded file C:\Program Files\Orcad\Layout\data\template.imp
Wed Oct 24 12:43:39 Loaded file C:\PROGRAM FILES\ORCAD\LAYOUT\LIBRARY\LAYOUT FULL\THU VIEN LAYOUT BETA.LLB
Wed Oct 24 12:43:39 Saved as file C:\PROGRAM FILES\ORCAD\LAYOUT\LIBRARY\LAYOUT FULL\THU VIEN LAYOUT BETA.LLB
Wed Oct 24 12:43:41 Loaded file C:\Program Files\Orcad\Layout\data\template.imp
Wed Oct 24 12:43:44 Loaded file C:\Program Files\Orcad\Layout\data\template.imp
Wed Oct 24 12:43:47 Loaded file C:\Program Files\Orcad\Layout\data\template.imp
Wed Oct 24 12:43:48 Loaded file C:\Program Files\Orcad\Layout\data\template.imp
Wed Oct 24 12:43:50 Loaded file C:\Program Files\Orcad\Layout\data\template.imp
Wed Oct 24 12:43:51 Loaded file C:\Program Files\Orcad\Layout\data\template.imp
Wed Oct 24 12:43:59 Loaded file C:\PROGRAM FILES\ORCAD\LAYOUT\LIBRARY\LAYOUT FULL\THU VIEN LAYOUT BETA.LLB
Wed Oct 24 12:43:59 Saved as file C:\PROGRAM FILES\ORCAD\LAYOUT\LIBRARY\LAYOUT FULL\THU VIEN LAYOUT BETA.LLB
Wed Oct 24 12:44:00 Loaded file C:\Program Files\Orcad\Layout\data\template.imp
Wed Oct 24 12:44:08 Loaded file C:\PROGRAM FILES\ORCAD\LAYOUT\LIBRARY\LAYOUT FULL\THU VIEN LAYOUT BETA.LLB
Wed Oct 24 12:44:09 Saved as file C:\PROGRAM FILES\ORCAD\LAYOUT\LIBRARY\LAYOUT FULL\THU VIEN LAYOUT BETA.LLB
Wed Oct 24 12:44:10 Loaded file C:\Program Files\Orcad\Layout\data\template.imp
Wed Oct 24 12:44:15 Loaded file C:\PROGRAM FILES\ORCAD\LAYOUT\LIBRARY\LAYOUT FULL\THU VIEN LAYOUT BETA.LLB
Wed Oct 24 12:44:15 Saved as file C:\PROGRAM FILES\ORCAD\LAYOUT\LIBRARY\LAYOUT FULL\THU VIEN LAYOUT BETA.LLB
Wed Oct 24 12:44:16 Loaded file C:\Program Files\Orcad\Layout\data\template.imp
Wed Oct 24 12:44:22 Loaded file C:\PROGRAM FILES\ORCAD\LAYOUT\LIBRARY\LAYOUT FULL\THU VIEN LAYOUT BETA.LLB
Wed Oct 24 12:44:22 Saved as file C:\PROGRAM FILES\ORCAD\LAYOUT\LIBRARY\LAYOUT FULL\THU VIEN LAYOUT BETA.LLB
Wed Oct 24 12:44:24 Loaded file C:\Program Files\Orcad\Layout\data\template.imp
Wed Oct 24 12:44:24 Loaded file C:\Program Files\Orcad\Layout\data\template.imp
Wed Oct 24 12:44:26 Loaded file C:\Program Files\Orcad\Layout\data\template.imp
Wed Oct 24 12:44:32 Loaded file C:\Program Files\Orcad\Layout\data\template.imp
Wed Oct 24 12:44:37 Loaded file C:\Program Files\Orcad\Layout\data\template.imp
Wed Oct 24 12:44:38 Loaded file C:\Program Files\Orcad\Layout\data\template.imp
Wed Oct 24 12:44:44 Loaded file C:\PROGRAM FILES\ORCAD\LAYOUT\LIBRARY\LAYOUT FULL\THU VIEN LAYOUT BETA.LLB
Wed Oct 24 12:44:44 Saved as file C:\PROGRAM FILES\ORCAD\LAYOUT\LIBRARY\LAYOUT FULL\THU VIEN LAYOUT BETA.LLB
Wed Oct 24 12:44:46 Loaded file C:\Program Files\Orcad\Layout\data\template.imp
Wed Oct 24 12:44:52 Loaded file C:\PROGRAM FILES\ORCAD\LAYOUT\LIBRARY\LAYOUT FULL\THU VIEN LAYOUT BETA.LLB
Wed Oct 24 12:44:52 Saved as file C:\PROGRAM FILES\ORCAD\LAYOUT\LIBRARY\LAYOUT FULL\THU VIEN LAYOUT BETA.LLB
Wed Oct 24 12:44:57 Loaded file C:\PROGRAM FILES\ORCAD\LAYOUT\LIBRARY\LAYOUT FULL\THU VIEN TU.LLB
Wed Oct 24 12:44:57 Loaded file C:\PROGRAM FILES\ORCAD\LAYOUT\LIBRARY\LAYOUT FULL\THU VIEN LAYOUT BETA.LLB
Wed Oct 24 12:44:59 Loaded file C:\PROGRAM FILES\ORCAD\LAYOUT\LIBRARY\LAYOUT FULL\THU VIEN TU.LLB
Wed Oct 24 12:45:01 Loaded file C:\PROGRAM FILES\ORCAD\LAYOUT\LIBRARY\LAYOUT FULL\THU VIEN LAYOUT BETA.LLB
Wed Oct 24 12:45:03 Loaded file C:\PROGRAM FILES\ORCAD\LAYOUT\LIBRARY\LAYOUT FULL\THU VIEN.LLB
Wed Oct 24 12:46:08 Loaded file C:\PROGRAM FILES\ORCAD\LAYOUT\LIBRARY\LAYOUT FULL\THU VIEN LAYOUT BETA.LLB
Wed Oct 24 12:46:08 Saved as file C:\PROGRAM FILES\ORCAD\LAYOUT\LIBRARY\LAYOUT FULL\THU VIEN LAYOUT BETA.LLB
Wed Oct 24 12:46:10 Loaded file C:\Program Files\Orcad\Layout\data\template.imp
Wed Oct 24 12:46:14 Loaded file C:\Program Files\Orcad\Layout\data\template.imp
Wed Oct 24 12:46:18 Loaded file C:\Program Files\Orcad\Layout\data\template.imp
Wed Oct 24 12:46:20 Loaded file C:\Program Files\Orcad\Layout\data\template.imp
Wed Oct 24 12:46:23 Loaded file C:\Program Files\Orcad\Layout\data\template.imp
Wed Oct 24 12:46:24 Loaded file C:\Program Files\Orcad\Layout\data\template.imp
Wed Oct 24 12:46:25 Loaded file C:\Program Files\Orcad\Layout\data\template.imp
Wed Oct 24 12:46:27 Loaded file C:\Program Files\Orcad\Layout\data\template.imp
Wed Oct 24 12:46:29 Loaded file C:\Program Files\Orcad\Layout\data\template.imp
Wed Oct 24 12:46:33 Loaded file C:\Program Files\Orcad\Layout\data\template.imp
Wed Oct 24 12:46:36 Loaded file C:\Program Files\Orcad\Layout\data\template.imp
Wed Oct 24 12:46:41 Loaded file C:\Program Files\Orcad\Layout\data\template.imp
Wed Oct 24 12:46:46 Loaded file C:\Program Files\Orcad\Layout\data\template.imp
Wed Oct 24 12:46:58 Loaded file C:\PROGRAM FILES\ORCAD\LAYOUT\LIBRARY\LAYOUT FULL\THU VIEN LAYOUT BETA.LLB
Wed Oct 24 12:46:58 Saved as file C:\PROGRAM FILES\ORCAD\LAYOUT\LIBRARY\LAYOUT FULL\THU VIEN LAYOUT BETA.LLB
Wed Oct 24 12:46:59 Loaded file C:\Program Files\Orcad\Layout\data\template.imp
Wed Oct 24 12:47:03 Loaded file C:\Program Files\Orcad\Layout\data\template.imp
Wed Oct 24 12:47:13 Loaded file C:\PROGRAM FILES\ORCAD\LAYOUT\LIBRARY\LAYOUT FULL\THU VIEN LAYOUT BETA.LLB
Wed Oct 24 12:47:13 Saved as file C:\PROGRAM FILES\ORCAD\LAYOUT\LIBRARY\LAYOUT FULL\THU VIEN LAYOUT BETA.LLB
Wed Oct 24 12:47:14 Loaded file C:\Program Files\Orcad\Layout\data\template.imp
Wed Oct 24 12:47:17 Loaded file C:\Program Files\Orcad\Layout\data\template.imp
Wed Oct 24 12:47:18 Loaded file C:\Program Files\Orcad\Layout\data\template.imp
Wed Oct 24 12:47:18 Loaded file C:\Program Files\Orcad\Layout\data\template.imp
Wed Oct 24 12:47:21 Loaded file C:\Program Files\Orcad\Layout\data\template.imp
Wed Oct 24 12:47:24 Loaded file C:\Program Files\Orcad\Layout\data\template.imp
Wed Oct 24 12:47:26 Loaded file C:\Program Files\Orcad\Layout\data\template.imp
Wed Oct 24 12:49:43 Loaded file C:\PROGRAM FILES\ORCAD\LAYOUT\LIBRARY\LAYOUT FULL\CAPITOR.LLB
Wed Oct 24 12:49:44 Loaded file C:\PROGRAM FILES\ORCAD\LAYOUT\LIBRARY\LAYOUT FULL\THU VIEN LAYOUT BETA.LLB
Wed Oct 24 12:49:44 Loaded file C:\PROGRAM FILES\ORCAD\LAYOUT\LIBRARY\LAYOUT FULL\THU VIEN.LLB
Wed Oct 24 12:49:52 Loaded file C:\PROGRAM FILES\ORCAD\LAYOUT\LIBRARY\LAYOUT FULL\CHIP DAN SMD.LLB
Wed Oct 24 12:49:53 Loaded file C:\PROGRAM FILES\ORCAD\LAYOUT\LIBRARY\LAYOUT FULL\CAPITOR.LLB
Wed Oct 24 12:49:54 Loaded file C:\PROGRAM FILES\ORCAD\LAYOUT\LIBRARY\LAYOUT FULL\THU VIEN LAYOUT BETA.LLB
Wed Oct 24 12:49:55 Loaded file C:\PROGRAM FILES\ORCAD\LAYOUT\LIBRARY\LAYOUT FULL\THU VIEN.LLB
Wed Oct 24 12:49:56 Loaded file C:\PROGRAM FILES\ORCAD\LAYOUT\LIBRARY\LAYOUT FULL\CAPITOR.LLB
Wed Oct 24 12:49:56 Loaded file C:\PROGRAM FILES\ORCAD\LAYOUT\LIBRARY\LAYOUT FULL\CHIP DAN SMD.LLB
Wed Oct 24 12:50:05 Loaded file C:\PROGRAM FILES\ORCAD\LAYOUT\LIBRARY\LAYOUT FULL\TRANSITROR.LLB
Wed Oct 24 12:50:12 Loaded file C:\Program Files\Orcad\Layout\data\template.imp
Wed Oct 24 12:50:15 Loaded file C:\Program Files\Orcad\Layout\data\template.imp
Wed Oct 24 12:50:15 Loaded file C:\Program Files\Orcad\Layout\data\template.imp
Wed Oct 24 12:50:16 Loaded file C:\Program Files\Orcad\Layout\data\template.imp
Wed Oct 24 12:50:17 Loaded file C:\Program Files\Orcad\Layout\data\template.imp
Wed Oct 24 12:50:17 Loaded file C:\Program Files\Orcad\Layout\data\template.imp
Wed Oct 24 12:50:18 Loaded file C:\Program Files\Orcad\Layout\data\template.imp
Wed Oct 24 12:50:19 Loaded file C:\Program Files\Orcad\Layout\data\template.imp
Wed Oct 24 12:50:20 Loaded file C:\Program Files\Orcad\Layout\data\template.imp
Wed Oct 24 12:50:21 Loaded file C:\Program Files\Orcad\Layout\data\template.imp
Wed Oct 24 12:50:21 Loaded file C:\Program Files\Orcad\Layout\data\template.imp
Wed Oct 24 12:50:22 Loaded file C:\Program Files\Orcad\Layout\data\template.imp
Wed Oct 24 12:50:24 Loaded file C:\Program Files\Orcad\Layout\data\template.imp
Wed Oct 24 12:50:24 Loaded file C:\Program Files\Orcad\Layout\data\template.imp
Wed Oct 24 12:50:25 Loaded file C:\Program Files\Orcad\Layout\data\template.imp
Wed Oct 24 12:50:30 Loaded file C:\Program Files\Orcad\Layout\data\template.imp
Wed Oct 24 12:50:32 Loaded file C:\Program Files\Orcad\Layout\data\template.imp
Wed Oct 24 12:50:32 Loaded file C:\Program Files\Orcad\Layout\data\template.imp
Wed Oct 24 12:50:33 Loaded file C:\Program Files\Orcad\Layout\data\template.imp
Wed Oct 24 12:50:37 Loaded file C:\PROGRAM FILES\ORCAD\LAYOUT\LIBRARY\LAYOUT FULL\CAPITOR.LLB
Wed Oct 24 12:50:38 Loaded file C:\PROGRAM FILES\ORCAD\LAYOUT\LIBRARY\LAYOUT FULL\CHIP DAN SMD.LLB
Wed Oct 24 12:50:39 Loaded file C:\PROGRAM FILES\ORCAD\LAYOUT\LIBRARY\LAYOUT FULL\THU VIEN LAYOUT BETA.LLB
Wed Oct 24 12:52:40 Loaded file C:\PROGRAM FILES\ORCAD\LAYOUT\LIBRARY\LAYOUT FULL\TRANSITROR.LLB
Wed Oct 24 12:52:40 Saved as file C:\PROGRAM FILES\ORCAD\LAYOUT\LIBRARY\LAYOUT FULL\TRANSITROR.LLB
Wed Oct 24 12:52:42 Loaded file C:\Program Files\Orcad\Layout\data\template.imp
Wed Oct 24 12:52:52 Loaded file C:\PROGRAM FILES\ORCAD\LAYOUT\LIBRARY\LAYOUT FULL\THU VIEN.LLB
Wed Oct 24 12:52:52 Saved as file C:\PROGRAM FILES\ORCAD\LAYOUT\LIBRARY\LAYOUT FULL\THU VIEN.LLB
Wed Oct 24 12:52:53 Loaded file C:\Program Files\Orcad\Layout\data\template.imp
Wed Oct 24 12:52:54 Loaded file C:\Program Files\Orcad\Layout\data\template.imp
Wed Oct 24 12:52:56 Loaded file C:\Program Files\Orcad\Layout\data\template.imp
Wed Oct 24 12:52:57 Loaded file C:\Program Files\Orcad\Layout\data\template.imp
Wed Oct 24 12:52:57 Loaded file C:\Program Files\Orcad\Layout\data\template.imp
Wed Oct 24 12:52:58 Loaded file C:\Program Files\Orcad\Layout\data\template.imp
Wed Oct 24 12:53:03 Loaded file C:\Program Files\Orcad\Layout\data\template.imp
Wed Oct 24 12:53:06 Loaded file C:\Program Files\Orcad\Layout\data\template.imp
Wed Oct 24 12:53:08 Loaded file C:\Program Files\Orcad\Layout\data\template.imp
Wed Oct 24 12:53:10 Loaded file C:\Program Files\Orcad\Layout\data\template.imp
Wed Oct 24 12:53:47 Loaded file C:\Program Files\Orcad\Layout\data\template.imp
Wed Oct 24 12:53:47 Loaded file C:\Program Files\Orcad\Layout\data\template.imp
Wed Oct 24 12:53:48 Loaded file C:\Program Files\Orcad\Layout\data\template.imp
Wed Oct 24 12:53:52 Loaded file C:\Program Files\Orcad\Layout\data\template.imp
Wed Oct 24 12:53:56 Loaded file C:\Program Files\Orcad\Layout\data\template.imp
Wed Oct 24 12:53:57 Loaded file C:\Program Files\Orcad\Layout\data\template.imp
Wed Oct 24 12:54:05 Loaded file C:\Program Files\Orcad\Layout\data\template.imp
Wed Oct 24 12:54:06 Loaded file C:\Program Files\Orcad\Layout\data\template.imp
Wed Oct 24 12:54:09 Loaded file C:\Program Files\Orcad\Layout\data\template.imp
Wed Oct 24 12:54:16 Loaded file C:\PROGRAM FILES\ORCAD\LAYOUT\LIBRARY\LAYOUT FULL\CHIP DAN SMD.LLB
Wed Oct 24 12:54:16 Saved as file C:\PROGRAM FILES\ORCAD\LAYOUT\LIBRARY\LAYOUT FULL\CHIP DAN SMD.LLB
Wed Oct 24 12:54:17 Loaded file C:\Program Files\Orcad\Layout\data\template.imp
Wed Oct 24 12:54:24 Loaded file C:\PROGRAM FILES\ORCAD\LAYOUT\LIBRARY\LAYOUT FULL\CHIP DAN SMD.LLB
Wed Oct 24 12:54:24 Saved as file C:\PROGRAM FILES\ORCAD\LAYOUT\LIBRARY\LAYOUT FULL\CHIP DAN SMD.LLB
Wed Oct 24 12:54:25 Loaded file C:\Program Files\Orcad\Layout\data\template.imp
Wed Oct 24 12:54:36 Loaded file C:\PROGRAM FILES\ORCAD\LAYOUT\LIBRARY\LAYOUT FULL\CHIP DAN SMD.LLB
Wed Oct 24 12:54:36 Saved as file C:\PROGRAM FILES\ORCAD\LAYOUT\LIBRARY\LAYOUT FULL\CHIP DAN SMD.LLB
Wed Oct 24 12:54:37 Loaded file C:\Program Files\Orcad\Layout\data\template.imp
Wed Oct 24 12:54:39 Loaded file C:\Program Files\Orcad\Layout\data\template.imp
Wed Oct 24 12:54:40 Loaded file C:\Program Files\Orcad\Layout\data\template.imp
Wed Oct 24 12:54:40 Loaded file C:\Program Files\Orcad\Layout\data\template.imp
Wed Oct 24 12:54:45 Loaded file C:\Program Files\Orcad\Layout\data\template.imp
Wed Oct 24 12:54:46 Loaded file C:\Program Files\Orcad\Layout\data\template.imp
Wed Oct 24 12:54:47 Loaded file C:\Program Files\Orcad\Layout\data\template.imp
Wed Oct 24 12:54:49 Loaded file C:\Program Files\Orcad\Layout\data\template.imp
Wed Oct 24 12:54:51 Loaded file C:\Program Files\Orcad\Layout\data\template.imp
Wed Oct 24 12:54:54 Loaded file C:\Program Files\Orcad\Layout\data\template.imp
Wed Oct 24 12:54:57 Loaded file C:\Program Files\Orcad\Layout\data\template.imp
Wed Oct 24 12:54:59 Loaded file C:\Program Files\Orcad\Layout\data\template.imp
Wed Oct 24 12:54:59 Loaded file C:\Program Files\Orcad\Layout\data\template.imp
Wed Oct 24 12:55:15 Loaded file C:\PROGRAM FILES\ORCAD\LAYOUT\LIBRARY\LAYOUT FULL\THU VIEN LAYOUT BETA.LLB
Wed Oct 24 12:55:15 Saved as file C:\PROGRAM FILES\ORCAD\LAYOUT\LIBRARY\LAYOUT FULL\THU VIEN LAYOUT BETA.LLB
Wed Oct 24 12:55:16 Loaded file C:\Program Files\Orcad\Layout\data\template.imp
Wed Oct 24 12:55:17 Loaded file C:\Program Files\Orcad\Layout\data\template.imp
Wed Oct 24 12:55:19 Loaded file C:\Program Files\Orcad\Layout\data\template.imp
Wed Oct 24 12:55:20 Loaded file C:\Program Files\Orcad\Layout\data\template.imp
Wed Oct 24 12:55:23 Loaded file C:\Program Files\Orcad\Layout\data\template.imp
Wed Oct 24 12:55:23 Loaded file C:\Program Files\Orcad\Layout\data\template.imp
Wed Oct 24 12:55:24 Loaded file C:\Program Files\Orcad\Layout\data\template.imp
Wed Oct 24 12:55:32 Loaded file C:\Program Files\Orcad\Layout\data\template.imp
Wed Oct 24 12:55:33 Loaded file C:\Program Files\Orcad\Layout\data\template.imp
Wed Oct 24 12:55:39 Loaded file C:\Program Files\Orcad\Layout\data\template.imp
Wed Oct 24 12:55:42 Loaded file C:\Program Files\Orcad\Layout\data\template.imp
Wed Oct 24 12:55:44 Loaded file C:\Program Files\Orcad\Layout\data\template.imp
Wed Oct 24 12:56:43 Loaded file C:\PROGRAM FILES\ORCAD\LAYOUT\LIBRARY\LAYOUT FULL\THU VIEN.LLB
Wed Oct 24 12:56:50 Loaded file C:\PROGRAM FILES\ORCAD\LAYOUT\LIBRARY\LAYOUT FULL\THU VIEN LAYOUT BETA.LLB
Wed Oct 24 12:56:50 Saved as file C:\PROGRAM FILES\ORCAD\LAYOUT\LIBRARY\LAYOUT FULL\THU VIEN LAYOUT BETA.LLB
Wed Oct 24 12:56:52 Loaded file C:\Program Files\Orcad\Layout\data\template.imp
Wed Oct 24 12:56:54 Loaded file C:\Program Files\Orcad\Layout\data\template.imp
Wed Oct 24 12:56:55 Loaded file C:\Program Files\Orcad\Layout\data\template.imp
Wed Oct 24 12:56:56 Loaded file C:\Program Files\Orcad\Layout\data\template.imp
Wed Oct 24 12:56:57 Loaded file C:\Program Files\Orcad\Layout\data\template.imp
Wed Oct 24 12:57:06 Loaded file C:\PROGRAM FILES\ORCAD\LAYOUT\LIBRARY\LAYOUT FULL\CAPITOR.LLB
Wed Oct 24 12:57:06 Saved as file C:\PROGRAM FILES\ORCAD\LAYOUT\LIBRARY\LAYOUT FULL\CAPITOR.LLB
Wed Oct 24 12:57:07 Loaded file C:\Program Files\Orcad\Layout\data\template.imp
Wed Oct 24 12:57:13 Loaded file C:\PROGRAM FILES\ORCAD\LAYOUT\LIBRARY\LAYOUT FULL\CAPITOR.LLB
Wed Oct 24 12:57:13 Saved as file C:\PROGRAM FILES\ORCAD\LAYOUT\LIBRARY\LAYOUT FULL\CAPITOR.LLB
Wed Oct 24 12:57:14 Loaded file C:\Program Files\Orcad\Layout\data\template.imp
Wed Oct 24 12:57:25 Loaded file C:\PROGRAM FILES\ORCAD\LAYOUT\LIBRARY\LAYOUT FULL\CAPITOR.LLB
Wed Oct 24 12:57:25 Saved as file C:\PROGRAM FILES\ORCAD\LAYOUT\LIBRARY\LAYOUT FULL\CAPITOR.LLB
Wed Oct 24 12:57:26 Loaded file C:\Program Files\Orcad\Layout\data\template.imp
Wed Oct 24 12:57:33 Loaded file C:\PROGRAM FILES\ORCAD\LAYOUT\LIBRARY\LAYOUT FULL\CAPITOR.LLB
Wed Oct 24 12:57:33 Saved as file C:\PROGRAM FILES\ORCAD\LAYOUT\LIBRARY\LAYOUT FULL\CAPITOR.LLB
Wed Oct 24 12:57:33 Loaded file C:\Program Files\Orcad\Layout\data\template.imp
Wed Oct 24 12:57:39 Loaded file C:\PROGRAM FILES\ORCAD\LAYOUT\LIBRARY\LAYOUT FULL\CAPITOR.LLB
Wed Oct 24 12:57:39 Saved as file C:\PROGRAM FILES\ORCAD\LAYOUT\LIBRARY\LAYOUT FULL\CAPITOR.LLB
Wed Oct 24 12:57:41 Loaded file C:\Program Files\Orcad\Layout\data\template.imp
Wed Oct 24 12:57:47 Loaded file C:\PROGRAM FILES\ORCAD\LAYOUT\LIBRARY\LAYOUT FULL\CAPITOR.LLB
Wed Oct 24 12:57:47 Saved as file C:\PROGRAM FILES\ORCAD\LAYOUT\LIBRARY\LAYOUT FULL\CAPITOR.LLB
Wed Oct 24 12:57:48 Loaded file C:\Program Files\Orcad\Layout\data\template.imp
Wed Oct 24 12:57:50 Loaded file C:\Program Files\Orcad\Layout\data\template.imp
Wed Oct 24 12:57:57 Loaded file C:\Program Files\Orcad\Layout\data\template.imp
Wed Oct 24 12:58:07 Loaded file C:\PROGRAM FILES\ORCAD\LAYOUT\LIBRARY\LAYOUT FULL\CAPITOR.LLB
Wed Oct 24 12:58:07 Saved as file C:\PROGRAM FILES\ORCAD\LAYOUT\LIBRARY\LAYOUT FULL\CAPITOR.LLB
Wed Oct 24 12:58:08 Loaded file C:\Program Files\Orcad\Layout\data\template.imp
Wed Oct 24 12:58:11 Loaded file C:\Program Files\Orcad\Layout\data\template.imp
Wed Oct 24 12:58:15 Loaded file C:\Program Files\Orcad\Layout\data\template.imp
Wed Oct 24 12:58:16 Loaded file C:\Program Files\Orcad\Layout\data\template.imp
Wed Oct 24 12:58:25 Loaded file C:\PROGRAM FILES\ORCAD\LAYOUT\LIBRARY\LAYOUT FULL\CHIP DAN SMD.LLB
Wed Oct 24 12:58:25 Saved as file C:\PROGRAM FILES\ORCAD\LAYOUT\LIBRARY\LAYOUT FULL\CHIP DAN SMD.LLB
Wed Oct 24 12:58:27 Loaded file C:\Program Files\Orcad\Layout\data\template.imp
Wed Oct 24 12:58:36 Loaded file C:\PROGRAM FILES\ORCAD\LAYOUT\LIBRARY\LAYOUT FULL\THU VIEN LAYOUT BETA.LLB
Wed Oct 24 12:58:36 Saved as file C:\PROGRAM FILES\ORCAD\LAYOUT\LIBRARY\LAYOUT FULL\THU VIEN LAYOUT BETA.LLB
Wed Oct 24 12:58:37 Loaded file C:\Program Files\Orcad\Layout\data\template.imp
Wed Oct 24 12:58:38 Loaded file C:\Program Files\Orcad\Layout\data\template.imp
Wed Oct 24 12:58:39 Loaded file C:\Program Files\Orcad\Layout\data\template.imp
Wed Oct 24 12:58:50 Loaded file C:\Program Files\Orcad\Layout\data\template.imp
Wed Oct 24 12:58:59 Loaded file C:\PROGRAM FILES\ORCAD\LAYOUT\LIBRARY\LAYOUT FULL\THU VIEN LAYOUT BETA.LLB
Wed Oct 24 12:58:59 Saved as file C:\PROGRAM FILES\ORCAD\LAYOUT\LIBRARY\LAYOUT FULL\THU VIEN LAYOUT BETA.LLB
Wed Oct 24 12:59:00 Loaded file C:\Program Files\Orcad\Layout\data\template.imp
Wed Oct 24 12:59:07 Loaded file C:\Program Files\Orcad\Layout\data\template.imp
Wed Oct 24 12:59:08 Loaded file C:\Program Files\Orcad\Layout\data\template.imp
Wed Oct 24 12:59:09 Loaded file C:\Program Files\Orcad\Layout\data\template.imp
Wed Oct 24 12:59:11 Loaded file C:\Program Files\Orcad\Layout\data\template.imp
Wed Oct 24 12:59:19 Loaded file C:\PROGRAM FILES\ORCAD\LAYOUT\LIBRARY\LAYOUT FULL\THU VIEN LAYOUT BETA.LLB
Wed Oct 24 12:59:19 Saved as file C:\PROGRAM FILES\ORCAD\LAYOUT\LIBRARY\LAYOUT FULL\THU VIEN LAYOUT BETA.LLB
Wed Oct 24 12:59:20 Loaded file C:\Program Files\Orcad\Layout\data\template.imp
Wed Oct 24 12:59:22 Loaded file C:\Program Files\Orcad\Layout\data\template.imp
Wed Oct 24 12:59:24 Loaded file C:\Program Files\Orcad\Layout\data\template.imp
Wed Oct 24 12:59:30 Loaded file C:\PROGRAM FILES\ORCAD\LAYOUT\LIBRARY\LAYOUT FULL\THU VIEN LAYOUT BETA.LLB
Wed Oct 24 12:59:30 Saved as file C:\PROGRAM FILES\ORCAD\LAYOUT\LIBRARY\LAYOUT FULL\THU VIEN LAYOUT BETA.LLB
Wed Oct 24 12:59:31 Loaded file C:\Program Files\Orcad\Layout\data\template.imp
Wed Oct 24 12:59:36 Loaded file C:\PROGRAM FILES\ORCAD\LAYOUT\LIBRARY\LAYOUT FULL\THU VIEN LAYOUT BETA.LLB
Wed Oct 24 12:59:36 Saved as file C:\PROGRAM FILES\ORCAD\LAYOUT\LIBRARY\LAYOUT FULL\THU VIEN LAYOUT BETA.LLB
Wed Oct 24 12:59:38 Loaded file C:\Program Files\Orcad\Layout\data\template.imp
Wed Oct 24 12:59:44 Loaded file C:\PROGRAM FILES\ORCAD\LAYOUT\LIBRARY\LAYOUT FULL\THU VIEN LAYOUT BETA.LLB
Wed Oct 24 12:59:50 Loaded file C:\Program Files\Orcad\Layout\data\template.imp
Wed Oct 24 12:59:58 Loaded file C:\PROGRAM FILES\ORCAD\LAYOUT\LIBRARY\LAYOUT FULL\THU VIEN LAYOUT BETA.LLB
Wed Oct 24 12:59:58 Saved as file C:\PROGRAM FILES\ORCAD\LAYOUT\LIBRARY\LAYOUT FULL\THU VIEN LAYOUT BETA.LLB
Wed Oct 24 13:00:00 Loaded file C:\Program Files\Orcad\Layout\data\template.imp
Wed Oct 24 13:00:02 Loaded file C:\Program Files\Orcad\Layout\data\template.imp
Wed Oct 24 13:00:04 Loaded file C:\Program Files\Orcad\Layout\data\template.imp
Wed Oct 24 13:00:08 Loaded file C:\Program Files\Orcad\Layout\data\template.imp
Wed Oct 24 13:00:11 Loaded file C:\Program Files\Orcad\Layout\data\template.imp
Wed Oct 24 13:00:20 Loaded file C:\PROGRAM FILES\ORCAD\LAYOUT\LIBRARY\LAYOUT FULL\THU VIEN LAYOUT BETA.LLB
Wed Oct 24 13:00:20 Saved as file C:\PROGRAM FILES\ORCAD\LAYOUT\LIBRARY\LAYOUT FULL\THU VIEN LAYOUT BETA.LLB
Wed Oct 24 13:00:28 Loaded file C:\Program Files\Orcad\Layout\data\template.imp
Wed Oct 24 13:00:38 Loaded file C:\PROGRAM FILES\ORCAD\LAYOUT\LIBRARY\LAYOUT FULL\THU VIEN LAYOUT BETA.LLB
Wed Oct 24 13:00:38 Saved as file C:\PROGRAM FILES\ORCAD\LAYOUT\LIBRARY\LAYOUT FULL\THU VIEN LAYOUT BETA.LLB
Wed Oct 24 13:00:39 Loaded file C:\Program Files\Orcad\Layout\data\template.imp
Wed Oct 24 13:00:45 Loaded file C:\PROGRAM FILES\ORCAD\LAYOUT\LIBRARY\LAYOUT FULL\THU VIEN LAYOUT BETA.LLB
Wed Oct 24 13:00:45 Saved as file C:\PROGRAM FILES\ORCAD\LAYOUT\LIBRARY\LAYOUT FULL\THU VIEN LAYOUT BETA.LLB
Wed Oct 24 13:00:46 Loaded file C:\Program Files\Orcad\Layout\data\template.imp
Wed Oct 24 13:00:59 Loaded file C:\PROGRAM FILES\ORCAD\LAYOUT\LIBRARY\LAYOUT FULL\THU VIEN LAYOUT BETA.LLB
Wed Oct 24 13:00:59 Saved as file C:\PROGRAM FILES\ORCAD\LAYOUT\LIBRARY\LAYOUT FULL\THU VIEN LAYOUT BETA.LLB
Wed Oct 24 13:00:59 Loaded file C:\Program Files\Orcad\Layout\data\template.imp
Wed Oct 24 13:01:01 Loaded file C:\Program Files\Orcad\Layout\data\template.imp
Wed Oct 24 13:01:11 Loaded file C:\PROGRAM FILES\ORCAD\LAYOUT\LIBRARY\LAYOUT FULL\THU VIEN LAYOUT BETA.LLB
Wed Oct 24 13:01:15 Loaded file C:\Program Files\Orcad\Layout\data\template.imp
Wed Oct 24 13:01:18 Loaded file C:\Program Files\Orcad\Layout\data\template.imp
Wed Oct 24 13:01:22 Loaded file C:\Program Files\Orcad\Layout\data\template.imp
Wed Oct 24 13:01:22 Loaded file C:\Program Files\Orcad\Layout\data\template.imp
Wed Oct 24 13:01:25 Loaded file C:\Program Files\Orcad\Layout\data\template.imp
Wed Oct 24 13:01:27 Loaded file C:\Program Files\Orcad\Layout\data\template.imp
Wed Oct 24 13:01:33 Loaded file C:\PROGRAM FILES\ORCAD\LAYOUT\LIBRARY\LAYOUT FULL\TRANSITROR.LLB
Wed Oct 24 13:01:35 Loaded file C:\PROGRAM FILES\ORCAD\LAYOUT\LIBRARY\LAYOUT FULL\CHIP DAN SMD.LLB
Wed Oct 24 13:01:36 Loaded file C:\PROGRAM FILES\ORCAD\LAYOUT\LIBRARY\LAYOUT FULL\CAPITOR.LLB
Wed Oct 24 13:01:37 Loaded file C:\PROGRAM FILES\ORCAD\LAYOUT\LIBRARY\LAYOUT FULL\THU VIEN LAYOUT BETA.LLB
Wed Oct 24 13:01:39 Loaded file C:\PROGRAM FILES\ORCAD\LAYOUT\LIBRARY\LAYOUT FULL\THU VIEN.LLB
Wed Oct 24 13:01:40 Loaded file C:\Program Files\Orcad\Layout\data\template.imp
Wed Oct 24 13:03:23 Loaded file C:\PROGRAM FILES\ORCAD\LAYOUT\LIBRARY\LAYOUT FULL\THU VIEN LAYOUT BETA.LLB
Wed Oct 24 13:03:23 Saved as file C:\PROGRAM FILES\ORCAD\LAYOUT\LIBRARY\LAYOUT FULL\THU VIEN LAYOUT BETA.LLB
Wed Oct 24 13:03:24 Loaded file C:\Program Files\Orcad\Layout\data\template.imp
Wed Oct 24 13:03:26 Loaded file C:\Program Files\Orcad\Layout\data\template.imp
Wed Oct 24 13:03:27 Loaded file C:\Program Files\Orcad\Layout\data\template.imp
Wed Oct 24 13:03:28 Loaded file C:\Program Files\Orcad\Layout\data\template.imp
Wed Oct 24 13:03:31 Loaded file C:\Program Files\Orcad\Layout\data\template.imp
Wed Oct 24 13:03:32 Loaded file C:\Program Files\Orcad\Layout\data\template.imp
Wed Oct 24 13:03:36 Loaded file C:\Program Files\Orcad\Layout\data\template.imp
Wed Oct 24 13:03:37 Loaded file C:\Program Files\Orcad\Layout\data\template.imp
Wed Oct 24 13:03:39 Loaded file C:\Program Files\Orcad\Layout\data\template.imp
Wed Oct 24 13:03:46 Loaded file C:\Program Files\Orcad\Layout\data\template.imp
Wed Oct 24 13:03:51 Loaded file C:\Program Files\Orcad\Layout\data\template.imp
Wed Oct 24 13:03:52 Loaded file C:\Program Files\Orcad\Layout\data\template.imp
Wed Oct 24 13:03:53 Loaded file C:\Program Files\Orcad\Layout\data\template.imp
Wed Oct 24 13:03:57 Loaded file C:\Program Files\Orcad\Layout\data\template.imp
Wed Oct 24 13:03:57 Loaded file C:\Program Files\Orcad\Layout\data\template.imp
Wed Oct 24 13:03:58 Loaded file C:\Program Files\Orcad\Layout\data\template.imp
Wed Oct 24 13:04:00 Loaded file C:\Program Files\Orcad\Layout\data\template.imp
Wed Oct 24 13:04:04 Loaded file C:\Program Files\Orcad\Layout\data\template.imp
Wed Oct 24 13:04:10 Loaded file C:\Program Files\Orcad\Layout\data\template.imp
Wed Oct 24 13:04:13 Loaded file C:\Program Files\Orcad\Layout\data\template.imp
Wed Oct 24 13:04:14 Loaded file C:\Program Files\Orcad\Layout\data\template.imp
Wed Oct 24 13:04:15 Loaded file C:\Program Files\Orcad\Layout\data\template.imp
Wed Oct 24 13:04:15 Loaded file C:\Program Files\Orcad\Layout\data\template.imp
Wed Oct 24 13:04:27 Loaded file C:\PROGRAM FILES\ORCAD\LAYOUT\LIBRARY\LAYOUT FULL\THU VIEN.LLB
Wed Oct 24 13:04:27 Saved as file C:\PROGRAM FILES\ORCAD\LAYOUT\LIBRARY\LAYOUT FULL\THU VIEN.LLB
Wed Oct 24 13:04:28 Loaded file C:\Program Files\Orcad\Layout\data\template.imp
Wed Oct 24 13:04:30 Loaded file C:\Program Files\Orcad\Layout\data\template.imp
Wed Oct 24 13:04:32 Loaded file C:\Program Files\Orcad\Layout\data\template.imp
Wed Oct 24 13:04:35 Loaded file C:\Program Files\Orcad\Layout\data\template.imp
Wed Oct 24 13:04:49 Loaded file C:\PROGRAM FILES\ORCAD\LAYOUT\LIBRARY\LAYOUT FULL\THU VIEN.LLB
Wed Oct 24 13:04:49 Saved as file C:\PROGRAM FILES\ORCAD\LAYOUT\LIBRARY\LAYOUT FULL\THU VIEN.LLB
Wed Oct 24 13:04:50 Loaded file C:\Program Files\Orcad\Layout\data\template.imp
Wed Oct 24 13:04:52 Loaded file C:\Program Files\Orcad\Layout\data\template.imp
Wed Oct 24 13:04:53 Loaded file C:\Program Files\Orcad\Layout\data\template.imp
Wed Oct 24 13:04:56 Loaded file C:\Program Files\Orcad\Layout\data\template.imp
Wed Oct 24 13:05:01 Loaded file C:\Program Files\Orcad\Layout\data\template.imp
Wed Oct 24 13:05:01 Loaded file C:\Program Files\Orcad\Layout\data\template.imp
Wed Oct 24 13:05:01 Loaded file C:\Program Files\Orcad\Layout\data\template.imp
Wed Oct 24 13:05:06 Loaded file C:\Program Files\Orcad\Layout\data\template.imp
Wed Oct 24 13:05:17 Loaded file C:\PROGRAM FILES\ORCAD\LAYOUT\LIBRARY\LAYOUT FULL\THU VIEN.LLB
Wed Oct 24 13:05:17 Saved as file C:\PROGRAM FILES\ORCAD\LAYOUT\LIBRARY\LAYOUT FULL\THU VIEN.LLB
Wed Oct 24 13:05:18 Loaded file C:\Program Files\Orcad\Layout\data\template.imp
Wed Oct 24 13:05:21 Loaded file C:\Program Files\Orcad\Layout\data\template.imp
Wed Oct 24 13:05:22 Loaded file C:\Program Files\Orcad\Layout\data\template.imp
Wed Oct 24 13:05:27 Loaded file C:\Program Files\Orcad\Layout\data\template.imp
Wed Oct 24 13:05:27 Loaded file C:\Program Files\Orcad\Layout\data\template.imp
Wed Oct 24 13:05:29 Loaded file C:\Program Files\Orcad\Layout\data\template.imp
Wed Oct 24 13:05:30 Loaded file C:\Program Files\Orcad\Layout\data\template.imp
Wed Oct 24 13:06:30 Loaded file C:\PROGRAM FILES\ORCAD\LAYOUT\LIBRARY\LAYOUT FULL\THU VIEN.LLB
Wed Oct 24 13:06:30 Saved as file C:\PROGRAM FILES\ORCAD\LAYOUT\LIBRARY\LAYOUT FULL\THU VIEN.LLB
Wed Oct 24 13:06:31 Loaded file C:\Program Files\Orcad\Layout\data\template.imp
Wed Oct 24 13:06:33 Loaded file C:\Program Files\Orcad\Layout\data\template.imp
Wed Oct 24 13:06:40 Loaded file C:\PROGRAM FILES\ORCAD\LAYOUT\LIBRARY\LAYOUT FULL\THU VIEN.LLB
Wed Oct 24 13:06:40 Saved as file C:\PROGRAM FILES\ORCAD\LAYOUT\LIBRARY\LAYOUT FULL\THU VIEN.LLB
Wed Oct 24 13:06:41 Loaded file C:\Program Files\Orcad\Layout\data\template.imp
Wed Oct 24 13:06:43 Loaded file C:\Program Files\Orcad\Layout\data\template.imp
Wed Oct 24 13:06:49 Loaded file C:\PROGRAM FILES\ORCAD\LAYOUT\LIBRARY\LAYOUT FULL\THU VIEN.LLB
Wed Oct 24 13:06:49 Saved as file C:\PROGRAM FILES\ORCAD\LAYOUT\LIBRARY\LAYOUT FULL\THU VIEN.LLB
Wed Oct 24 13:06:50 Loaded file C:\Program Files\Orcad\Layout\data\template.imp
Wed Oct 24 13:06:52 Loaded file C:\Program Files\Orcad\Layout\data\template.imp
Wed Oct 24 13:06:52 Loaded file C:\Program Files\Orcad\Layout\data\template.imp
Wed Oct 24 13:06:55 Loaded file C:\Program Files\Orcad\Layout\data\template.imp
Wed Oct 24 13:06:55 Loaded file C:\Program Files\Orcad\Layout\data\template.imp
Wed Oct 24 13:07:01 Loaded file C:\PROGRAM FILES\ORCAD\LAYOUT\LIBRARY\LAYOUT FULL\THU VIEN.LLB
Wed Oct 24 13:07:01 Saved as file C:\PROGRAM FILES\ORCAD\LAYOUT\LIBRARY\LAYOUT FULL\THU VIEN.LLB
Wed Oct 24 13:07:04 Loaded file C:\Program Files\Orcad\Layout\data\template.imp
Wed Oct 24 13:07:10 Loaded file C:\PROGRAM FILES\ORCAD\LAYOUT\LIBRARY\LAYOUT FULL\THU VIEN.LLB
Wed Oct 24 13:07:10 Saved as file C:\PROGRAM FILES\ORCAD\LAYOUT\LIBRARY\LAYOUT FULL\THU VIEN.LLB
Wed Oct 24 13:07:11 Loaded file C:\Program Files\Orcad\Layout\data\template.imp
Wed Oct 24 13:07:18 Loaded file C:\PROGRAM FILES\ORCAD\LAYOUT\LIBRARY\LAYOUT FULL\THU VIEN.LLB
Wed Oct 24 13:07:18 Saved as file C:\PROGRAM FILES\ORCAD\LAYOUT\LIBRARY\LAYOUT FULL\THU VIEN.LLB
Wed Oct 24 13:07:19 Loaded file C:\Program Files\Orcad\Layout\data\template.imp
Wed Oct 24 13:07:22 Loaded file C:\Program Files\Orcad\Layout\data\template.imp
Wed Oct 24 13:07:23 Loaded file C:\Program Files\Orcad\Layout\data\template.imp
Wed Oct 24 13:07:29 Loaded file C:\PROGRAM FILES\ORCAD\LAYOUT\LIBRARY\LAYOUT FULL\THU VIEN.LLB
Wed Oct 24 13:07:29 Saved as file C:\PROGRAM FILES\ORCAD\LAYOUT\LIBRARY\LAYOUT FULL\THU VIEN.LLB
Wed Oct 24 13:07:30 Loaded file C:\Program Files\Orcad\Layout\data\template.imp
Wed Oct 24 13:07:37 Loaded file C:\PROGRAM FILES\ORCAD\LAYOUT\LIBRARY\LAYOUT FULL\THU VIEN.LLB
Wed Oct 24 13:07:37 Saved as file C:\PROGRAM FILES\ORCAD\LAYOUT\LIBRARY\LAYOUT FULL\THU VIEN.LLB
Wed Oct 24 13:07:37 Loaded file C:\Program Files\Orcad\Layout\data\template.imp
Wed Oct 24 13:07:44 Loaded file C:\PROGRAM FILES\ORCAD\LAYOUT\LIBRARY\LAYOUT FULL\THU VIEN.LLB
Wed Oct 24 13:07:44 Saved as file C:\PROGRAM FILES\ORCAD\LAYOUT\LIBRARY\LAYOUT FULL\THU VIEN.LLB
Wed Oct 24 13:07:45 Loaded file C:\Program Files\Orcad\Layout\data\template.imp
Wed Oct 24 13:07:50 Loaded file C:\Program Files\Orcad\Layout\data\template.imp
Wed Oct 24 13:07:51 Loaded file C:\Program Files\Orcad\Layout\data\template.imp
Wed Oct 24 13:07:52 Loaded file C:\Program Files\Orcad\Layout\data\template.imp
Wed Oct 24 13:07:52 Loaded file C:\Program Files\Orcad\Layout\data\template.imp
Wed Oct 24 13:07:59 Loaded file C:\Program Files\Orcad\Layout\data\template.imp
Wed Oct 24 13:08:09 Loaded file C:\PROGRAM FILES\ORCAD\LAYOUT\LIBRARY\LAYOUT FULL\CHIP DAN SMD.LLB
Wed Oct 24 13:08:09 Saved as file C:\PROGRAM FILES\ORCAD\LAYOUT\LIBRARY\LAYOUT FULL\CHIP DAN SMD.LLB
Wed Oct 24 13:08:10 Loaded file C:\Program Files\Orcad\Layout\data\template.imp
Wed Oct 24 13:08:17 Loaded file C:\Program Files\Orcad\Layout\data\template.imp
Wed Oct 24 13:08:20 Loaded file C:\Program Files\Orcad\Layout\data\template.imp
Wed Oct 24 13:08:26 Loaded file C:\Program Files\Orcad\Layout\data\template.imp
Wed Oct 24 13:08:30 Loaded file C:\Program Files\Orcad\Layout\data\template.imp
Wed Oct 24 13:08:31 Loaded file C:\Program Files\Orcad\Layout\data\template.imp
Wed Oct 24 13:08:32 Loaded file C:\Program Files\Orcad\Layout\data\template.imp
Wed Oct 24 13:08:41 Loaded file C:\PROGRAM FILES\ORCAD\LAYOUT\LIBRARY\LAYOUT FULL\CHIP DAN SMD.LLB
Wed Oct 24 13:08:41 Saved as file C:\PROGRAM FILES\ORCAD\LAYOUT\LIBRARY\LAYOUT FULL\CHIP DAN SMD.LLB
Wed Oct 24 13:08:43 Loaded file C:\Program Files\Orcad\Layout\data\template.imp
Wed Oct 24 13:08:55 Loaded file C:\Program Files\Orcad\Layout\data\template.imp
Wed Oct 24 13:09:03 Loaded file C:\PROGRAM FILES\ORCAD\LAYOUT\LIBRARY\LAYOUT FULL\CHIP DAN SMD.LLB
Wed Oct 24 13:09:03 Saved as file C:\PROGRAM FILES\ORCAD\LAYOUT\LIBRARY\LAYOUT FULL\CHIP DAN SMD.LLB
Wed Oct 24 13:09:05 Loaded file C:\Program Files\Orcad\Layout\data\template.imp
Wed Oct 24 13:09:11 Loaded file C:\PROGRAM FILES\ORCAD\LAYOUT\LIBRARY\LAYOUT FULL\CHIP DAN SMD.LLB
Wed Oct 24 13:09:11 Saved as file C:\PROGRAM FILES\ORCAD\LAYOUT\LIBRARY\LAYOUT FULL\CHIP DAN SMD.LLB
Wed Oct 24 13:09:12 Loaded file C:\Program Files\Orcad\Layout\data\template.imp
Wed Oct 24 13:09:18 Loaded file C:\PROGRAM FILES\ORCAD\LAYOUT\LIBRARY\LAYOUT FULL\CHIP DAN SMD.LLB
Wed Oct 24 13:09:18 Saved as file C:\PROGRAM FILES\ORCAD\LAYOUT\LIBRARY\LAYOUT FULL\CHIP DAN SMD.LLB
Wed Oct 24 13:09:19 Loaded file C:\Program Files\Orcad\Layout\data\template.imp
Wed Oct 24 13:09:21 Loaded file C:\Program Files\Orcad\Layout\data\template.imp
Wed Oct 24 13:09:21 Loaded file C:\Program Files\Orcad\Layout\data\template.imp
Wed Oct 24 13:09:23 Loaded file C:\Program Files\Orcad\Layout\data\template.imp
Wed Oct 24 13:09:23 Loaded file C:\Program Files\Orcad\Layout\data\template.imp
Wed Oct 24 13:09:24 Loaded file C:\Program Files\Orcad\Layout\data\template.imp
Wed Oct 24 13:09:25 Loaded file C:\Program Files\Orcad\Layout\data\template.imp
Wed Oct 24 13:09:26 Loaded file C:\Program Files\Orcad\Layout\data\template.imp
Wed Oct 24 13:09:32 Loaded file C:\PROGRAM FILES\ORCAD\LAYOUT\LIBRARY\LAYOUT FULL\CHIP DAN SMD.LLB
Wed Oct 24 13:09:58 Loaded file C:\PROGRAM FILES\ORCAD\LAYOUT\LIBRARY\LAYOUT FULL\TRANSITROR.LLB
Wed Oct 24 13:09:59 Loaded file C:\PROGRAM FILES\ORCAD\LAYOUT\LIBRARY\LAYOUT FULL\CHIP DAN SMD.LLB
Wed Mar 16 22:12:36 Loaded file D:\WORKING\WORKING\DANHLL\DANH'S LIBS\THU VIEN ORCAD FULL\THU VIEN ORCAD FULL\LAYOUT FULL\CAPITOR.LLB
Wed Mar 16 22:12:39 Loaded file D:\WORKING\WORKING\DANHLL\DANH'S LIBS\THU VIEN ORCAD FULL\THU VIEN ORCAD FULL\LAYOUT FULL\CHIP DAN SMD.LLB
Wed Mar 16 22:12:41 Loaded file C:\Program Files\Orcad\Layout_Plus\data\template.imp
Wed Mar 16 22:12:52 Loaded file D:\WORKING\WORKING\DANHLL\DANH'S LIBS\THU VIEN ORCAD FULL\THU VIEN ORCAD FULL\LAYOUT FULL\CHIP DAN SMD.LLB
Wed Mar 16 22:12:57 Loaded file C:\Program Files\Orcad\Layout_Plus\data\template.imp
Wed Mar 16 22:13:01 Loaded file C:\Program Files\Orcad\Layout_Plus\data\template.imp
Wed Mar 16 22:13:03 Loaded file C:\Program Files\Orcad\Layout_Plus\data\template.imp
Wed Mar 16 22:13:03 Loaded file C:\Program Files\Orcad\Layout_Plus\data\template.imp
Sat Jun 11 16:38:20 Loaded file C:\Program Files\Orcad\Layout_Plus\data\template.imp
Sat Jun 11 16:38:23 Loaded file D:\WORKING\WORKING\DANHLL\DANH'S LIBS\THU VIEN ORCAD FULL\THU VIEN ORCAD FULL\LAYOUT FULL\CHIP DAN SMD.LLB
Sat Jun 11 16:38:39 Loaded file C:\Program Files\Orcad\Layout_Plus\data\template.imp
Sat Jun 11 16:39:15 Loaded file D:\WORKING\WORKING\DANHLL\DANH'S LIBS\THU VIEN ORCAD FULL\THU VIEN ORCAD FULL\LAYOUT FULL\CAPITOR.LLB
Sat Jun 11 16:39:18 Loaded file D:\WORKING\WORKING\DANHLL\DANH'S LIBS\THU VIEN ORCAD FULL\THU VIEN ORCAD FULL\LAYOUT FULL\CAPITOR.LLB
Sat Jun 11 16:39:18 Loaded file D:\WORKING\WORKING\DANHLL\DANH'S LIBS\THU VIEN ORCAD FULL\THU VIEN ORCAD FULL\LAYOUT FULL\CHIP DAN SMD.LLB
Sat Jun 11 16:39:18 Loaded file D:\WORKING\WORKING\DANHLL\DANH'S LIBS\THU VIEN ORCAD FULL\THU VIEN ORCAD FULL\LAYOUT FULL\THU VIEN LAYOUT BETA.LLB
Sat Jun 11 16:39:18 Loaded file D:\WORKING\WORKING\DANHLL\DANH'S LIBS\THU VIEN ORCAD FULL\THU VIEN ORCAD FULL\LAYOUT FULL\THU VIEN.LLB
Sat Jun 11 16:39:18 Loaded file D:\WORKING\WORKING\DANHLL\DANH'S LIBS\THU VIEN ORCAD FULL\THU VIEN ORCAD FULL\LAYOUT FULL\TRANSITROR.LLB
Sat Jun 11 16:39:18 Loaded file D:\WORKING\WORKING\DANHLL\DANH'S LIBS\ORCAD-FOOTPRINT-LIB\CHUAN.LLB
Sat Jun 11 16:39:18 Loaded file D:\WORKING\WORKING\DANHLL\DANH'S LIBS\ORCAD-FOOTPRINT-LIB\GIAIMA.LLB
Sat Jun 11 16:39:18 Loaded file D:\WORKING\WORKING\DANHLL\DANH'S LIBS\LAYOUT1\LAYOUT1.LLB
Sat Jun 11 16:39:18 Loaded file D:\WORKING\WORKING\DANHLL\DANH'S LIBS\LAYOUT\LAYOUT.LLB
Sat Jun 11 16:39:18 Loaded file D:\WORKING\WORKING\DANHLL\DANH'S LIBS\DANHLIB.LLB
Sat Jun 11 16:39:18 Loaded file C:\Program Files\Orcad\Layout_Plus\library\BCON100T.llb
Sat Jun 11 16:39:18 Loaded file C:\Program Files\Orcad\Layout_Plus\library\BCON156T.llb
Sat Jun 11 16:39:18 Loaded file C:\Program Files\Orcad\Layout_Plus\library\BGA.llb
Sat Jun 11 16:39:18 Loaded file C:\Program Files\Orcad\Layout_Plus\library\CLCC.llb
Sat Jun 11 16:39:18 Loaded file C:\Program Files\Orcad\Layout_Plus\library\DCON050T.llb
Sat Jun 11 16:39:18 Loaded file C:\Program Files\Orcad\Layout_Plus\library\DCON085T.llb
Sat Jun 11 16:39:18 Loaded file C:\Program Files\Orcad\Layout_Plus\library\DIMM050F.llb
Sat Jun 11 16:39:18 Loaded file C:\Program Files\Orcad\Layout_Plus\library\DIMM050T.llb
Sat Jun 11 16:39:18 Loaded file C:\Program Files\Orcad\Layout_Plus\library\DIN.llb
Sat Jun 11 16:39:18 Loaded file C:\Program Files\Orcad\Layout_Plus\library\DIP100B.llb
Sat Jun 11 16:39:18 Loaded file C:\Program Files\Orcad\Layout_Plus\library\DIP100T.llb
Sat Jun 11 16:39:18 Loaded file C:\Program Files\Orcad\Layout_Plus\library\DSUBT.llb
Sat Jun 11 16:39:18 Loaded file C:\Program Files\Orcad\Layout_Plus\library\DSUBT_HD.LLB
Sat Jun 11 16:39:18 Loaded file C:\Program Files\Orcad\Layout_Plus\library\ECON100T.llb
Sat Jun 11 16:39:18 Loaded file C:\Program Files\Orcad\Layout_Plus\library\FBUS.llb
Sat Jun 11 16:39:18 Loaded file C:\Program Files\Orcad\Layout_Plus\library\ISA.llb
Sat Jun 11 16:39:18 Loaded file C:\Program Files\Orcad\Layout_Plus\library\JUMPER.LLB
Sat Jun 11 16:39:18 Loaded file C:\Program Files\Orcad\Layout_Plus\library\LAYOUT.llb
Sat Jun 11 16:39:18 Loaded file C:\Program Files\Orcad\Layout_Plus\library\LCON100T.llb
Sat Jun 11 16:39:18 Loaded file C:\Program Files\Orcad\Layout_Plus\library\PC104.llb
Sat Jun 11 16:39:18 Loaded file C:\Program Files\Orcad\Layout_Plus\library\PCI.llb
Sat Jun 11 16:39:18 Loaded file C:\Program Files\Orcad\Layout_Plus\library\PCON100T.llb
Sat Jun 11 16:39:18 Loaded file C:\Program Files\Orcad\Layout_Plus\library\PCON156T.llb
Sat Jun 11 16:39:18 Loaded file C:\Program Files\Orcad\Layout_Plus\library\PGA.llb
Sat Jun 11 16:39:18 Loaded file C:\Program Files\Orcad\Layout_Plus\library\PLCC.llb
Sat Jun 11 16:39:18 Loaded file C:\Program Files\Orcad\Layout_Plus\library\QUAD.llb
Sat Jun 11 16:39:18 Loaded file C:\Program Files\Orcad\Layout_Plus\library\QUADB.llb
Sat Jun 11 16:39:18 Loaded file C:\Program Files\Orcad\Layout_Plus\library\RELAY.llb
Sat Jun 11 16:39:18 Loaded file C:\Program Files\Orcad\Layout_Plus\library\RF.llb
Sat Jun 11 16:39:18 Loaded file C:\Program Files\Orcad\Layout_Plus\library\SBUS.llb
Sat Jun 11 16:39:18 Loaded file C:\Program Files\Orcad\Layout_Plus\library\SIMM050F.llb
Sat Jun 11 16:39:18 Loaded file C:\Program Files\Orcad\Layout_Plus\library\SIMM050T.llb
Sat Jun 11 16:39:18 Loaded file C:\Program Files\Orcad\Layout_Plus\library\SIMM100F.llb
Sat Jun 11 16:39:18 Loaded file C:\Program Files\Orcad\Layout_Plus\library\SIMM100T.llb
Sat Jun 11 16:39:18 Loaded file C:\Program Files\Orcad\Layout_Plus\library\SIP.llb
Sat Jun 11 16:39:18 Loaded file C:\Program Files\Orcad\Layout_Plus\library\SM.llb
Sat Jun 11 16:39:18 Loaded file C:\Program Files\Orcad\Layout_Plus\library\SOG.llb
Sat Jun 11 16:39:18 Loaded file C:\Program Files\Orcad\Layout_Plus\library\SOJ.llb
Sat Jun 11 16:39:18 Loaded file C:\Program Files\Orcad\Layout_Plus\library\STIFF.llb
Sat Jun 11 16:39:18 Loaded file C:\Program Files\Orcad\Layout_Plus\library\TELE.llb
Sat Jun 11 16:39:18 Loaded file C:\Program Files\Orcad\Layout_Plus\library\TM_AXIAL.llb
Sat Jun 11 16:39:18 Loaded file C:\Program Files\Orcad\Layout_Plus\library\TM_CAP_P.llb
Sat Jun 11 16:39:18 Loaded file C:\Program Files\Orcad\Layout_Plus\library\TM_CYLND.llb
Sat Jun 11 16:39:18 Loaded file C:\Program Files\Orcad\Layout_Plus\library\TM_DIODE.llb
Sat Jun 11 16:39:18 Loaded file C:\Program Files\Orcad\Layout_Plus\library\TM_DISC.llb
Sat Jun 11 16:39:18 Loaded file C:\Program Files\Orcad\Layout_Plus\library\TM_RAD.llb
Sat Jun 11 16:39:18 Loaded file C:\Program Files\Orcad\Layout_Plus\library\TO.llb
Sat Jun 11 16:39:18 Loaded file C:\Program Files\Orcad\Layout_Plus\library\TRAINING.LLB
Sat Jun 11 16:39:18 Loaded file C:\Program Files\Orcad\Layout_Plus\library\VRES.llb
Sat Jun 11 16:39:18 Loaded file C:\Program Files\Orcad\Layout_Plus\library\WCON100T.llb
Sat Jun 11 16:39:18 Loaded file C:\Program Files\Orcad\Layout_Plus\library\XT.llb
Sat Jun 11 16:39:18 Loaded file C:\Program Files\Orcad\Layout_Plus\library\ZIGZAG.llb
Sat Jun 11 16:39:50 Loaded file D:\WORKING\WORKING\DANHLL\DANH'S LIBS\THU VIEN ORCAD FULL\THU VIEN ORCAD FULL\LAYOUT FULL\CHIP DAN SMD.LLB
Sat Jun 11 16:40:12 Loaded file D:\WORKING\WORKING\DANHLL\DANH'S LIBS\THU VIEN ORCAD FULL\THU VIEN ORCAD FULL\LAYOUT FULL\CAPITOR.LLB
Sat Jun 11 16:40:19 Loaded file C:\Program Files\Orcad\Layout_Plus\library\SM.llb
Sat Jun 11 16:40:25 Loaded file C:\Program Files\Orcad\Layout_Plus\library\SOJ.llb
Sat Jun 11 16:40:29 Loaded file C:\Program Files\Orcad\Layout_Plus\library\SOG.llb
Sat Jun 11 16:40:34 Loaded file C:\Program Files\Orcad\Layout_Plus\data\template.imp
Sat Jun 11 16:40:37 Loaded file C:\Program Files\Orcad\Layout_Plus\data\template.imp
Sat Jun 11 16:40:38 Loaded file C:\Program Files\Orcad\Layout_Plus\data\template.imp
Sat Jun 11 16:40:39 Loaded file C:\Program Files\Orcad\Layout_Plus\data\template.imp
Sat Jun 11 16:40:44 Loaded file C:\Program Files\Orcad\Layout_Plus\library\SOJ.llb
Sat Jun 11 16:40:46 Loaded file C:\Program Files\Orcad\Layout_Plus\data\template.imp
Sat Jun 11 16:40:46 Loaded file C:\Program Files\Orcad\Layout_Plus\data\template.imp
Sat Jun 11 16:40:47 Loaded file C:\Program Files\Orcad\Layout_Plus\data\template.imp
Sat Jun 11 16:40:54 Loaded file D:\WORKING\WORKING\DANHLL\DANH'S LIBS\THU VIEN ORCAD FULL\THU VIEN ORCAD FULL\LAYOUT FULL\CHIP DAN SMD.LLB
Sat Jun 11 16:40:58 Loaded file C:\Program Files\Orcad\Layout_Plus\data\template.imp
Sat Jun 11 16:41:00 Loaded file C:\Program Files\Orcad\Layout_Plus\data\template.imp
Sat Jun 11 16:41:15 Loaded file C:\Program Files\Orcad\Layout_Plus\data\template.imp
Sat Jun 11 16:41:34 Loaded file C:\Program Files\Orcad\Layout_Plus\data\template.imp
Sat Jun 11 16:41:34 Loaded file C:\Program Files\Orcad\Layout_Plus\data\template.imp
Sat Jun 11 16:41:38 Loaded file D:\WORKING\WORKING\DANHLL\DANH'S LIBS\THU VIEN ORCAD FULL\THU VIEN ORCAD FULL\LAYOUT FULL\CAPITOR.LLB
Sat Jun 11 16:41:40 Loaded file D:\WORKING\WORKING\DANHLL\DANH'S LIBS\THU VIEN ORCAD FULL\THU VIEN ORCAD FULL\LAYOUT FULL\CAPITOR.LLB
Sat Jun 11 16:41:40 Loaded file D:\WORKING\WORKING\DANHLL\DANH'S LIBS\THU VIEN ORCAD FULL\THU VIEN ORCAD FULL\LAYOUT FULL\CHIP DAN SMD.LLB
Sat Jun 11 16:41:40 Loaded file D:\WORKING\WORKING\DANHLL\DANH'S LIBS\THU VIEN ORCAD FULL\THU VIEN ORCAD FULL\LAYOUT FULL\THU VIEN LAYOUT BETA.LLB
Sat Jun 11 16:41:40 Loaded file D:\WORKING\WORKING\DANHLL\DANH'S LIBS\THU VIEN ORCAD FULL\THU VIEN ORCAD FULL\LAYOUT FULL\THU VIEN.LLB
Sat Jun 11 16:41:40 Loaded file D:\WORKING\WORKING\DANHLL\DANH'S LIBS\THU VIEN ORCAD FULL\THU VIEN ORCAD FULL\LAYOUT FULL\TRANSITROR.LLB
Sat Jun 11 16:41:40 Loaded file D:\WORKING\WORKING\DANHLL\DANH'S LIBS\ORCAD-FOOTPRINT-LIB\CHUAN.LLB
Sat Jun 11 16:41:40 Loaded file D:\WORKING\WORKING\DANHLL\DANH'S LIBS\ORCAD-FOOTPRINT-LIB\GIAIMA.LLB
Sat Jun 11 16:41:40 Loaded file D:\WORKING\WORKING\DANHLL\DANH'S LIBS\LAYOUT1\LAYOUT1.LLB
Sat Jun 11 16:41:40 Loaded file D:\WORKING\WORKING\DANHLL\DANH'S LIBS\LAYOUT\LAYOUT.LLB
Sat Jun 11 16:41:40 Loaded file D:\WORKING\WORKING\DANHLL\DANH'S LIBS\DANHLIB.LLB
Sat Jun 11 16:41:40 Loaded file C:\Program Files\Orcad\Layout_Plus\library\BCON100T.llb
Sat Jun 11 16:41:40 Loaded file C:\Program Files\Orcad\Layout_Plus\library\BCON156T.llb
Sat Jun 11 16:41:40 Loaded file C:\Program Files\Orcad\Layout_Plus\library\BGA.llb
Sat Jun 11 16:41:40 Loaded file C:\Program Files\Orcad\Layout_Plus\library\CLCC.llb
Sat Jun 11 16:41:40 Loaded file C:\Program Files\Orcad\Layout_Plus\library\DCON050T.llb
Sat Jun 11 16:41:40 Loaded file C:\Program Files\Orcad\Layout_Plus\library\DCON085T.llb
Sat Jun 11 16:41:40 Loaded file C:\Program Files\Orcad\Layout_Plus\library\DIMM050F.llb
Sat Jun 11 16:41:40 Loaded file C:\Program Files\Orcad\Layout_Plus\library\DIMM050T.llb
Sat Jun 11 16:41:40 Loaded file C:\Program Files\Orcad\Layout_Plus\library\DIN.llb
Sat Jun 11 16:41:40 Loaded file C:\Program Files\Orcad\Layout_Plus\library\DIP100B.llb
Sat Jun 11 16:41:40 Loaded file C:\Program Files\Orcad\Layout_Plus\library\DIP100T.llb
Sat Jun 11 16:41:40 Loaded file C:\Program Files\Orcad\Layout_Plus\library\DSUBT.llb
Sat Jun 11 16:41:40 Loaded file C:\Program Files\Orcad\Layout_Plus\library\DSUBT_HD.LLB
Sat Jun 11 16:41:40 Loaded file C:\Program Files\Orcad\Layout_Plus\library\ECON100T.llb
Sat Jun 11 16:41:40 Loaded file C:\Program Files\Orcad\Layout_Plus\library\FBUS.llb
Sat Jun 11 16:41:40 Loaded file C:\Program Files\Orcad\Layout_Plus\library\ISA.llb
Sat Jun 11 16:41:40 Loaded file C:\Program Files\Orcad\Layout_Plus\library\JUMPER.LLB
Sat Jun 11 16:41:40 Loaded file C:\Program Files\Orcad\Layout_Plus\library\LAYOUT.llb
Sat Jun 11 16:41:40 Loaded file C:\Program Files\Orcad\Layout_Plus\library\LCON100T.llb
Sat Jun 11 16:41:40 Loaded file C:\Program Files\Orcad\Layout_Plus\library\PC104.llb
Sat Jun 11 16:41:40 Loaded file C:\Program Files\Orcad\Layout_Plus\library\PCI.llb
Sat Jun 11 16:41:40 Loaded file C:\Program Files\Orcad\Layout_Plus\library\PCON100T.llb
Sat Jun 11 16:41:40 Loaded file C:\Program Files\Orcad\Layout_Plus\library\PCON156T.llb
Sat Jun 11 16:41:40 Loaded file C:\Program Files\Orcad\Layout_Plus\library\PGA.llb
Sat Jun 11 16:41:40 Loaded file C:\Program Files\Orcad\Layout_Plus\library\PLCC.llb
Sat Jun 11 16:41:40 Loaded file C:\Program Files\Orcad\Layout_Plus\library\QUAD.llb
Sat Jun 11 16:41:40 Loaded file C:\Program Files\Orcad\Layout_Plus\library\QUADB.llb
Sat Jun 11 16:41:40 Loaded file C:\Program Files\Orcad\Layout_Plus\library\RELAY.llb
Sat Jun 11 16:41:40 Loaded file C:\Program Files\Orcad\Layout_Plus\library\RF.llb
Sat Jun 11 16:41:40 Loaded file C:\Program Files\Orcad\Layout_Plus\library\SBUS.llb
Sat Jun 11 16:41:40 Loaded file C:\Program Files\Orcad\Layout_Plus\library\SIMM050F.llb
Sat Jun 11 16:41:40 Loaded file C:\Program Files\Orcad\Layout_Plus\library\SIMM050T.llb
Sat Jun 11 16:41:40 Loaded file C:\Program Files\Orcad\Layout_Plus\library\SIMM100F.llb
Sat Jun 11 16:41:40 Loaded file C:\Program Files\Orcad\Layout_Plus\library\SIMM100T.llb
Sat Jun 11 16:41:40 Loaded file C:\Program Files\Orcad\Layout_Plus\library\SIP.llb
Sat Jun 11 16:41:40 Loaded file C:\Program Files\Orcad\Layout_Plus\library\SM.llb
Sat Jun 11 16:41:40 Loaded file C:\Program Files\Orcad\Layout_Plus\library\SOG.llb
Sat Jun 11 16:41:40 Loaded file C:\Program Files\Orcad\Layout_Plus\library\SOJ.llb
Sat Jun 11 16:41:40 Loaded file C:\Program Files\Orcad\Layout_Plus\library\STIFF.llb
Sat Jun 11 16:41:40 Loaded file C:\Program Files\Orcad\Layout_Plus\library\TELE.llb
Sat Jun 11 16:41:40 Loaded file C:\Program Files\Orcad\Layout_Plus\library\TM_AXIAL.llb
Sat Jun 11 16:41:40 Loaded file C:\Program Files\Orcad\Layout_Plus\library\TM_CAP_P.llb
Sat Jun 11 16:41:40 Loaded file C:\Program Files\Orcad\Layout_Plus\library\TM_CYLND.llb
Sat Jun 11 16:41:40 Loaded file C:\Program Files\Orcad\Layout_Plus\library\TM_DIODE.llb
Sat Jun 11 16:41:40 Loaded file C:\Program Files\Orcad\Layout_Plus\library\TM_DISC.llb
Sat Jun 11 16:41:40 Loaded file C:\Program Files\Orcad\Layout_Plus\library\TM_RAD.llb
Sat Jun 11 16:41:40 Loaded file C:\Program Files\Orcad\Layout_Plus\library\TO.llb
Sat Jun 11 16:41:40 Loaded file C:\Program Files\Orcad\Layout_Plus\library\TRAINING.LLB
Sat Jun 11 16:41:40 Loaded file C:\Program Files\Orcad\Layout_Plus\library\VRES.llb
Sat Jun 11 16:41:40 Loaded file C:\Program Files\Orcad\Layout_Plus\library\WCON100T.llb
Sat Jun 11 16:41:40 Loaded file C:\Program Files\Orcad\Layout_Plus\library\XT.llb
Sat Jun 11 16:41:40 Loaded file C:\Program Files\Orcad\Layout_Plus\library\ZIGZAG.llb
Sat Jun 11 16:41:52 Error code 0021.110 (145)
Sat Jun 11 16:41:52 Saved as file Backup0.max
Sat Jun 11 16:41:52 Windows which were open at time of error:
Sat Jun 11 16:41:52 	ActiveWindow: Library Manager
Sat Jun 11 16:41:52 	Icon: &Components
Sat Jun 11 16:41:52 	Icon: &Nets
Sat Jun 11 16:41:52 	Icon: Post Proces&s
Sat Jun 11 16:41:52 	Icon: &Route
Sat Jun 11 16:41:52 End-of-list
Sat Jun 11 16:41:52 Loaded file BACKUP0.MAX
