Sun Sep 04 18:01:32 Loaded file D:\DANH\DANH'S LIBS\DANHLIB.LLB
Sun Sep 04 18:04:33 Loaded file C:\PROGRAM FILES\ORCAD\LAYOUT_PLUS\library\BCON100T.llb
Sun Sep 04 18:04:34 Loaded file C:\PROGRAM FILES\ORCAD\LAYOUT_PLUS\library\BCON156T.llb
Sun Sep 04 18:04:51 Loaded file C:\PROGRAM FILES\ORCAD\LAYOUT_PLUS\library\TRAINING.LLB
Sun Sep 04 18:04:52 Loaded file C:\PROGRAM FILES\ORCAD\LAYOUT_PLUS\library\VRES.llb
Sun Sep 04 18:04:53 Loaded file C:\PROGRAM FILES\ORCAD\LAYOUT_PLUS\library\WCON100T.llb
Sun Sep 04 18:04:54 Loaded file C:\PROGRAM FILES\ORCAD\LAYOUT_PLUS\library\XT.llb
Sun Sep 04 18:04:55 Loaded file C:\PROGRAM FILES\ORCAD\LAYOUT_PLUS\library\ZIGZAG.llb
Sun Sep 04 18:04:56 Loaded file C:\PROGRAM FILES\ORCAD\LAYOUT_PLUS\library\TRAINING.LLB
Sun Sep 04 18:04:59 Loaded file C:\PROGRAM FILES\ORCAD\LAYOUT_PLUS\data\template.imp
Sun Sep 04 18:05:02 Loaded file C:\PROGRAM FILES\ORCAD\LAYOUT_PLUS\library\TO.llb
Sun Sep 04 18:05:07 Loaded file C:\PROGRAM FILES\ORCAD\LAYOUT_PLUS\library\TM_RAD.llb
Sun Sep 04 18:05:10 Loaded file C:\PROGRAM FILES\ORCAD\LAYOUT_PLUS\library\TM_DISC.llb
Sun Sep 04 18:05:15 Loaded file C:\PROGRAM FILES\ORCAD\LAYOUT_PLUS\library\TM_DIODE.llb
Sun Sep 04 18:05:16 Loaded file C:\PROGRAM FILES\ORCAD\LAYOUT_PLUS\library\TM_CYLND.llb
Sun Sep 04 18:05:17 Loaded file C:\PROGRAM FILES\ORCAD\LAYOUT_PLUS\library\TM_CAP_P.llb
Sun Sep 04 18:05:18 Loaded file C:\PROGRAM FILES\ORCAD\LAYOUT_PLUS\library\TM_AXIAL.llb
Sun Sep 04 18:05:21 Loaded file C:\PROGRAM FILES\ORCAD\LAYOUT_PLUS\library\TELE.llb
Sun Sep 04 18:05:21 Loaded file C:\PROGRAM FILES\ORCAD\LAYOUT_PLUS\library\STIFF.llb
Sun Sep 04 18:05:22 Loaded file C:\PROGRAM FILES\ORCAD\LAYOUT_PLUS\library\SOJ.llb
Sun Sep 04 18:05:23 Loaded file C:\PROGRAM FILES\ORCAD\LAYOUT_PLUS\library\SOG.llb
Sun Sep 04 18:05:23 Loaded file C:\PROGRAM FILES\ORCAD\LAYOUT_PLUS\library\SM.llb
Sun Sep 04 18:05:39 Loaded file D:\DANH\DANH'S LIBS\DANHLIB.LLB
Sun Sep 04 18:05:44 Loaded file D:\DANH\DANH'S LIBS\DANHLIB.LLB
Sun Sep 04 18:05:52 Loaded file C:\PROGRAM FILES\ORCAD\LAYOUT_PLUS\data\template.imp
Sun Sep 04 18:05:55 Loaded file C:\PROGRAM FILES\ORCAD\LAYOUT_PLUS\data\template.imp
Sun Sep 04 18:05:56 Loaded file C:\PROGRAM FILES\ORCAD\LAYOUT_PLUS\data\template.imp
Sun Sep 04 18:06:03 Loaded file D:\DANH\DANH'S LIBS\DANHLIB.LLB
Sun Sep 04 18:06:03 Loaded file C:\PROGRAM FILES\ORCAD\LAYOUT_PLUS\library\BCON100T.llb
Sun Sep 04 18:06:03 Loaded file C:\PROGRAM FILES\ORCAD\LAYOUT_PLUS\library\BCON156T.llb
Sun Sep 04 18:06:03 Loaded file C:\PROGRAM FILES\ORCAD\LAYOUT_PLUS\library\BGA.llb
Sun Sep 04 18:06:03 Loaded file C:\PROGRAM FILES\ORCAD\LAYOUT_PLUS\library\CLCC.llb
Sun Sep 04 18:06:03 Loaded file C:\PROGRAM FILES\ORCAD\LAYOUT_PLUS\library\DCON050T.llb
Sun Sep 04 18:06:03 Loaded file C:\PROGRAM FILES\ORCAD\LAYOUT_PLUS\library\DCON085T.llb
Sun Sep 04 18:06:03 Loaded file C:\PROGRAM FILES\ORCAD\LAYOUT_PLUS\library\DIMM050F.llb
Sun Sep 04 18:06:03 Loaded file C:\PROGRAM FILES\ORCAD\LAYOUT_PLUS\library\DIMM050T.llb
Sun Sep 04 18:06:03 Loaded file C:\PROGRAM FILES\ORCAD\LAYOUT_PLUS\library\DIN.llb
Sun Sep 04 18:06:03 Loaded file C:\PROGRAM FILES\ORCAD\LAYOUT_PLUS\library\DIP100B.llb
Sun Sep 04 18:06:03 Loaded file C:\PROGRAM FILES\ORCAD\LAYOUT_PLUS\library\DIP100T.llb
Sun Sep 04 18:06:03 Loaded file C:\PROGRAM FILES\ORCAD\LAYOUT_PLUS\library\DSUBT.llb
Sun Sep 04 18:06:03 Loaded file C:\PROGRAM FILES\ORCAD\LAYOUT_PLUS\library\DSUBT_HD.LLB
Sun Sep 04 18:06:03 Loaded file C:\PROGRAM FILES\ORCAD\LAYOUT_PLUS\library\ECON100T.llb
Sun Sep 04 18:06:03 Loaded file C:\PROGRAM FILES\ORCAD\LAYOUT_PLUS\library\FBUS.llb
Sun Sep 04 18:06:03 Loaded file C:\PROGRAM FILES\ORCAD\LAYOUT_PLUS\library\ISA.llb
Sun Sep 04 18:06:03 Loaded file C:\PROGRAM FILES\ORCAD\LAYOUT_PLUS\library\JUMPER.LLB
Sun Sep 04 18:06:03 Loaded file C:\PROGRAM FILES\ORCAD\LAYOUT_PLUS\library\LAYOUT.llb
Sun Sep 04 18:06:03 Loaded file C:\PROGRAM FILES\ORCAD\LAYOUT_PLUS\library\LCON100T.llb
Sun Sep 04 18:06:03 Loaded file C:\PROGRAM FILES\ORCAD\LAYOUT_PLUS\library\PC104.llb
Sun Sep 04 18:06:03 Loaded file C:\PROGRAM FILES\ORCAD\LAYOUT_PLUS\library\PCI.llb
Sun Sep 04 18:06:03 Loaded file C:\PROGRAM FILES\ORCAD\LAYOUT_PLUS\library\PCON100T.llb
Sun Sep 04 18:06:03 Loaded file C:\PROGRAM FILES\ORCAD\LAYOUT_PLUS\library\PCON156T.llb
Sun Sep 04 18:06:03 Loaded file C:\PROGRAM FILES\ORCAD\LAYOUT_PLUS\library\PGA.llb
Sun Sep 04 18:06:03 Loaded file C:\PROGRAM FILES\ORCAD\LAYOUT_PLUS\library\PLCC.llb
Sun Sep 04 18:06:03 Loaded file C:\PROGRAM FILES\ORCAD\LAYOUT_PLUS\library\QUAD.llb
Sun Sep 04 18:06:03 Loaded file C:\PROGRAM FILES\ORCAD\LAYOUT_PLUS\library\QUADB.llb
Sun Sep 04 18:06:03 Loaded file C:\PROGRAM FILES\ORCAD\LAYOUT_PLUS\library\RELAY.llb
Sun Sep 04 18:06:03 Loaded file C:\PROGRAM FILES\ORCAD\LAYOUT_PLUS\library\RF.llb
Sun Sep 04 18:06:03 Loaded file C:\PROGRAM FILES\ORCAD\LAYOUT_PLUS\library\SBUS.llb
Sun Sep 04 18:06:03 Loaded file C:\PROGRAM FILES\ORCAD\LAYOUT_PLUS\library\SIMM050F.llb
Sun Sep 04 18:06:03 Loaded file C:\PROGRAM FILES\ORCAD\LAYOUT_PLUS\library\SIMM050T.llb
Sun Sep 04 18:06:03 Loaded file C:\PROGRAM FILES\ORCAD\LAYOUT_PLUS\library\SIMM100F.llb
Sun Sep 04 18:06:03 Loaded file C:\PROGRAM FILES\ORCAD\LAYOUT_PLUS\library\SIMM100T.llb
Sun Sep 04 18:06:03 Loaded file C:\PROGRAM FILES\ORCAD\LAYOUT_PLUS\library\SIP.llb
Sun Sep 04 18:06:03 Loaded file C:\PROGRAM FILES\ORCAD\LAYOUT_PLUS\library\SM.llb
Sun Sep 04 18:06:04 Loaded file C:\PROGRAM FILES\ORCAD\LAYOUT_PLUS\library\SOG.llb
Sun Sep 04 18:06:04 Loaded file C:\PROGRAM FILES\ORCAD\LAYOUT_PLUS\library\SOJ.llb
Sun Sep 04 18:06:04 Loaded file C:\PROGRAM FILES\ORCAD\LAYOUT_PLUS\library\STIFF.llb
Sun Sep 04 18:06:04 Loaded file C:\PROGRAM FILES\ORCAD\LAYOUT_PLUS\library\TELE.llb
Sun Sep 04 18:06:04 Loaded file C:\PROGRAM FILES\ORCAD\LAYOUT_PLUS\library\TM_AXIAL.llb
Sun Sep 04 18:06:04 Loaded file C:\PROGRAM FILES\ORCAD\LAYOUT_PLUS\library\TM_CAP_P.llb
Sun Sep 04 18:06:04 Loaded file C:\PROGRAM FILES\ORCAD\LAYOUT_PLUS\library\TM_CYLND.llb
Sun Sep 04 18:06:04 Loaded file C:\PROGRAM FILES\ORCAD\LAYOUT_PLUS\library\TM_DIODE.llb
Sun Sep 04 18:06:04 Loaded file C:\PROGRAM FILES\ORCAD\LAYOUT_PLUS\library\TM_DISC.llb
Sun Sep 04 18:06:04 Loaded file C:\PROGRAM FILES\ORCAD\LAYOUT_PLUS\library\TM_RAD.llb
Sun Sep 04 18:06:04 Loaded file C:\PROGRAM FILES\ORCAD\LAYOUT_PLUS\library\TO.llb
Sun Sep 04 18:06:04 Loaded file C:\PROGRAM FILES\ORCAD\LAYOUT_PLUS\library\TRAINING.LLB
Sun Sep 04 18:06:04 Loaded file C:\PROGRAM FILES\ORCAD\LAYOUT_PLUS\library\VRES.llb
Sun Sep 04 18:06:04 Loaded file C:\PROGRAM FILES\ORCAD\LAYOUT_PLUS\library\WCON100T.llb
Sun Sep 04 18:06:04 Loaded file C:\PROGRAM FILES\ORCAD\LAYOUT_PLUS\library\XT.llb
Sun Sep 04 18:06:04 Loaded file C:\PROGRAM FILES\ORCAD\LAYOUT_PLUS\library\ZIGZAG.llb
Sun Sep 04 18:06:04 Loaded file D:\DANH\DANH'S LIBS\DANHLIB.LLB
Sun Sep 04 18:06:06 Loaded file C:\PROGRAM FILES\ORCAD\LAYOUT_PLUS\data\template.imp
Sun Sep 04 18:06:06 Loaded file C:\PROGRAM FILES\ORCAD\LAYOUT_PLUS\data\template.imp
Sun Sep 04 18:06:10 Loaded file D:\DANH\DANH'S LIBS\DANHLIB.LLB
Sun Sep 04 18:06:17 Loaded file C:\PROGRAM FILES\ORCAD\LAYOUT_PLUS\data\template.imp
Sun Sep 04 18:06:21 Loaded file C:\PROGRAM FILES\ORCAD\LAYOUT_PLUS\data\template.imp
Sun Sep 04 18:06:22 Loaded file C:\PROGRAM FILES\ORCAD\LAYOUT_PLUS\data\template.imp
Sun Sep 04 18:06:25 Loaded file C:\PROGRAM FILES\ORCAD\LAYOUT_PLUS\data\template.imp
Sun Sep 04 18:06:30 Loaded file D:\DANH\DANH'S LIBS\DANHLIB.LLB
Sun Sep 04 18:06:42 Loaded file C:\PROGRAM FILES\ORCAD\LAYOUT_PLUS\data\template.imp
Sun Sep 04 18:06:42 Loaded file C:\PROGRAM FILES\ORCAD\LAYOUT_PLUS\data\template.imp
Sun Sep 04 18:06:44 Loaded file D:\DANH\DANH'S LIBS\DANHLIB.LLB
Sun Sep 04 18:06:47 Loaded file C:\PROGRAM FILES\ORCAD\LAYOUT_PLUS\data\template.imp
Sun Sep 04 18:06:48 Loaded file D:\DANH\DANH'S LIBS\DANHLIB.LLB
Sun Sep 04 18:06:48 Saved as file D:\DANH\ORCAD PROJECTS\COMERCIAL PROJECTS\COM_PRJ48\COM_PRJ48.MAX
Wed Feb 22 02:27:38 Loaded file C:\Program Files\OrCAD\Layout_Plus\data\template.imp
Wed Feb 22 02:27:40 Loaded file D:\DANH\DANH'S LIBS\DANHLIB.LLB
Wed Feb 22 02:27:47 Loaded file C:\Program Files\OrCAD\Layout_Plus\data\template.imp
Wed Feb 22 02:28:20 Loaded file C:\Program Files\OrCAD\Layout_Plus\data\template.imp
Wed Feb 22 02:28:20 Loaded file C:\Program Files\OrCAD\Layout_Plus\data\template.imp
Wed Feb 22 02:28:21 Loaded file C:\Program Files\OrCAD\Layout_Plus\data\template.imp
Wed Feb 22 02:28:21 Loaded file C:\Program Files\OrCAD\Layout_Plus\data\template.imp
Wed Feb 22 02:28:22 Loaded file D:\DANH\DANH'S LIBS\DANHLIB.LLB
Wed Feb 22 02:28:26 Loaded file C:\Program Files\OrCAD\Layout_Plus\data\template.imp
Sat Jul 21 16:48:41 Loaded file C:\Program Files\OrCAD\Layout_Plus\data\template.imp
Sat Jul 21 16:48:42 Loaded file D:\MICA AND BOARD\DANH\DANH\DANH'S LIBS\DANHLIB.LLB
Sat Jul 21 16:49:06 Loaded file C:\Program Files\OrCAD\Layout_Plus\data\template.imp
Sat Jul 21 16:49:10 Loaded file C:\Program Files\OrCAD\Layout_Plus\data\template.imp
Sat Jul 21 16:49:11 Loaded file C:\Program Files\OrCAD\Layout_Plus\data\template.imp
Sat Jul 21 16:49:12 Loaded file C:\Program Files\OrCAD\Layout_Plus\data\template.imp
Sat Jul 21 16:49:14 Loaded file C:\Program Files\OrCAD\Layout_Plus\data\template.imp
Sat Jul 21 16:49:38 Loaded file C:\Program Files\OrCAD\Layout_Plus\data\template.imp
Sat Jul 21 16:49:38 Loaded file C:\Program Files\OrCAD\Layout_Plus\data\template.imp
Sat Jul 21 16:49:38 Loaded file C:\Program Files\OrCAD\Layout_Plus\data\template.imp
Sat Jul 21 16:49:38 Loaded file C:\Program Files\OrCAD\Layout_Plus\data\template.imp
Sat Jul 21 16:49:40 Loaded file D:\MICA AND BOARD\DANH\DANH\DANH'S LIBS\DANHLIB.LLB
Sat Jul 21 16:49:42 Loaded file C:\Program Files\OrCAD\Layout_Plus\data\template.imp
Sat Jul 21 16:50:33 Loaded file C:\Program Files\OrCAD\Layout_Plus\data\template.imp
Sat Jul 21 16:50:33 Loaded file C:\Program Files\OrCAD\Layout_Plus\data\template.imp
Sat Jul 21 16:50:33 Loaded file C:\Program Files\OrCAD\Layout_Plus\data\template.imp
Sat Jul 21 16:50:33 Loaded file C:\Program Files\OrCAD\Layout_Plus\data\template.imp
Sat Jul 21 16:50:38 Loaded file D:\MICA AND BOARD\DANH\DANH\DANH'S LIBS\DANHLIB.LLB
Sat Jul 21 16:50:41 Loaded file C:\Program Files\OrCAD\Layout_Plus\data\template.imp
Sat Jul 21 16:52:00 Loaded file C:\Program Files\OrCAD\Layout_Plus\data\template.imp
Sat Jul 21 16:52:00 Loaded file C:\Program Files\OrCAD\Layout_Plus\data\template.imp
Sat Jul 21 16:52:00 Loaded file C:\Program Files\OrCAD\Layout_Plus\data\template.imp
Sat Jul 21 16:52:00 Loaded file C:\Program Files\OrCAD\Layout_Plus\data\template.imp
Sat Jul 21 16:52:01 Loaded file D:\MICA AND BOARD\DANH\DANH\DANH'S LIBS\DANHLIB.LLB
Sat Jul 21 16:52:04 Loaded file C:\Program Files\OrCAD\Layout_Plus\data\template.imp
Sat Jul 21 16:52:15 Loaded file C:\Program Files\OrCAD\Layout_Plus\data\template.imp
Sat Jul 21 16:52:15 Loaded file C:\Program Files\OrCAD\Layout_Plus\data\template.imp
Sat Jul 21 16:52:15 Loaded file C:\Program Files\OrCAD\Layout_Plus\data\template.imp
Sat Jul 21 16:52:15 Loaded file C:\Program Files\OrCAD\Layout_Plus\data\template.imp
Sat Jul 21 16:52:17 Loaded file D:\MICA AND BOARD\DANH\DANH\DANH'S LIBS\DANHLIB.LLB
Sat Jul 21 16:52:19 Loaded file C:\Program Files\OrCAD\Layout_Plus\data\template.imp
Sat Jul 21 16:52:35 Loaded file C:\Program Files\OrCAD\Layout_Plus\data\template.imp
Sat Jul 21 16:52:35 Loaded file C:\Program Files\OrCAD\Layout_Plus\data\template.imp
Sat Jul 21 16:52:35 Loaded file C:\Program Files\OrCAD\Layout_Plus\data\template.imp
Sat Jul 21 16:52:35 Loaded file C:\Program Files\OrCAD\Layout_Plus\data\template.imp
Sat Jul 21 16:52:36 Loaded file D:\MICA AND BOARD\DANH\DANH\DANH'S LIBS\DANHLIB.LLB
Sat Jul 21 16:52:39 Loaded file C:\Program Files\OrCAD\Layout_Plus\data\template.imp
Sat Jul 21 16:52:57 Loaded file C:\Program Files\OrCAD\Layout_Plus\data\template.imp
Sat Jul 21 16:52:57 Loaded file C:\Program Files\OrCAD\Layout_Plus\data\template.imp
Sat Jul 21 16:52:57 Loaded file C:\Program Files\OrCAD\Layout_Plus\data\template.imp
Sat Jul 21 16:52:57 Loaded file C:\Program Files\OrCAD\Layout_Plus\data\template.imp
Sat Jul 21 16:52:58 Loaded file D:\MICA AND BOARD\DANH\DANH\DANH'S LIBS\DANHLIB.LLB
Sat Jul 21 16:53:00 Loaded file C:\Program Files\OrCAD\Layout_Plus\data\template.imp
Sat Jul 21 17:00:12 Saved as file BACKUP1.MAX
Sat Jul 21 17:00:12 Saved as file BACKUP1.MAX
Sat Jul 21 17:00:12 No new connections routed.
Sat Jul 21 17:00:12 Total is now 9 out of 38 (23%).
Sat Jul 21 17:00:12 Saved as file SWEEP1.MAX
Sat Jul 21 17:00:12 Saved as file BACKUP1.MAX
Sat Jul 21 17:00:12 Saved as file BACKUP1.MAX
Sat Jul 21 17:00:12 Routed 25 connections in 0 seconds.
Sat Jul 21 17:00:12 Total is now 34 out of 38 (89%).
Sat Jul 21 17:00:12 Saved as file SWEEP2.MAX
Sat Jul 21 17:00:13 No new connections routed.
Sat Jul 21 17:00:13 Total is now 34 out of 38 (89%).
Sat Jul 21 17:00:13 Saved as file SWEEP3.MAX
Sat Jul 21 17:00:15 Routed 2 connections in 2 seconds.
Sat Jul 21 17:00:15 Total is now 34 out of 38 (89%).
Sat Jul 21 17:00:15 Saved as file SWEEP4.MAX
Sat Jul 21 17:00:16 Routed 1 connections in 0 seconds.
Sat Jul 21 17:00:16 Total is now 34 out of 38 (89%).
Sat Jul 21 17:00:16 Saved as file SWEEP5.MAX
Sat Jul 21 17:00:40 Saved as file BACKUP1.MAX
Sat Jul 21 17:03:48 Saved as file BACKUP1.MAX
Sat Jul 21 17:03:48 Saved as file BACKUP1.MAX
Sat Jul 21 17:03:48 No new connections routed.
Sat Jul 21 17:03:48 Total is now 9 out of 38 (23%).
Sat Jul 21 17:03:48 Saved as file SWEEP1.MAX
Sat Jul 21 17:03:49 Saved as file BACKUP1.MAX
Sat Jul 21 17:03:49 Saved as file BACKUP1.MAX
Sat Jul 21 17:03:49 Routed 28 connections in 0 seconds.
Sat Jul 21 17:03:49 Total is now 36 out of 38 (94%).
Sat Jul 21 17:03:49 Saved as file SWEEP2.MAX
Sat Jul 21 17:03:50 No new connections routed.
Sat Jul 21 17:03:50 Total is now 36 out of 38 (94%).
Sat Jul 21 17:03:50 Saved as file SWEEP3.MAX
Sat Jul 21 17:03:55 No new connections routed.
Sat Jul 21 17:03:55 Total is now 36 out of 38 (94%).
Sat Jul 21 17:03:55 Saved as file SWEEP4.MAX
Sat Jul 21 17:04:04 No new connections routed.
Sat Jul 21 17:04:04 Total is now 36 out of 38 (94%).
Sat Jul 21 17:04:04 Saved as file SWEEP5.MAX
Sat Jul 21 17:04:22 Loaded file C:\Program Files\OrCAD\Layout_Plus\data\template.imp
Sat Jul 21 17:04:22 Loaded file C:\Program Files\OrCAD\Layout_Plus\data\template.imp
Sat Jul 21 17:04:23 Loaded file C:\Program Files\OrCAD\Layout_Plus\data\template.imp
Sat Jul 21 17:04:23 Loaded file C:\Program Files\OrCAD\Layout_Plus\data\template.imp
Sat Jul 21 17:04:28 Loaded file C:\Program Files\OrCAD\Layout_Plus\data\template.imp
Sat Jul 21 17:04:30 Loaded file C:\Program Files\OrCAD\Layout_Plus\data\template.imp
Sat Jul 21 17:04:33 Loaded file C:\Program Files\OrCAD\Layout_Plus\data\template.imp
Sat Jul 21 17:04:34 Loaded file C:\Program Files\OrCAD\Layout_Plus\data\template.imp
Sat Jul 21 17:05:00 Loaded file C:\Program Files\OrCAD\Layout_Plus\data\template.imp
Sat Jul 21 17:05:00 Loaded file C:\Program Files\OrCAD\Layout_Plus\data\template.imp
Sat Jul 21 17:05:00 Loaded file C:\Program Files\OrCAD\Layout_Plus\data\template.imp
Sat Jul 21 17:05:00 Loaded file C:\Program Files\OrCAD\Layout_Plus\data\template.imp
Sat Jul 21 17:05:01 Loaded file D:\MICA AND BOARD\DANH\DANH\DANH'S LIBS\DANHLIB.LLB
Sat Jul 21 17:05:12 Loaded file C:\Program Files\OrCAD\Layout_Plus\data\template.imp
Sat Jul 21 17:11:40 Saved as file BACKUP1.MAX
Sat Jul 21 17:12:31 Loaded file C:\Program Files\OrCAD\Layout_Plus\data\template.imp
Sat Jul 21 17:12:31 Loaded file C:\Program Files\OrCAD\Layout_Plus\data\template.imp
Sat Jul 21 17:12:31 Loaded file C:\Program Files\OrCAD\Layout_Plus\data\template.imp
Sat Jul 21 17:12:31 Loaded file C:\Program Files\OrCAD\Layout_Plus\data\template.imp
Sat Jul 21 17:12:34 Loaded file C:\Program Files\OrCAD\Layout_Plus\data\template.imp
Sat Jul 21 17:12:36 Loaded file D:\MICA AND BOARD\DANH\DANH\DANH'S LIBS\DANHLIB.LLB
Sat Jul 21 17:12:39 Loaded file C:\Program Files\OrCAD\Layout_Plus\data\template.imp
Sat Jul 21 17:12:40 Loaded file C:\Program Files\OrCAD\Layout_Plus\data\template.imp
Sat Jul 21 17:12:41 Loaded file C:\Program Files\OrCAD\Layout_Plus\data\template.imp
Sat Jul 21 17:12:42 Loaded file C:\Program Files\OrCAD\Layout_Plus\data\template.imp
Sat Jul 21 17:12:43 Loaded file C:\Program Files\OrCAD\Layout_Plus\data\template.imp
Sat Jul 21 17:12:44 Loaded file C:\Program Files\OrCAD\Layout_Plus\data\template.imp
Sat Jul 21 17:12:45 Loaded file C:\Program Files\OrCAD\Layout_Plus\data\template.imp
Sat Jul 21 17:12:47 Loaded file C:\Program Files\OrCAD\Layout_Plus\data\template.imp
Sat Jul 21 17:12:48 Loaded file C:\Program Files\OrCAD\Layout_Plus\data\template.imp
Sat Jul 21 17:12:49 Loaded file C:\Program Files\OrCAD\Layout_Plus\data\template.imp
Sat Jul 21 17:12:50 Loaded file C:\Program Files\OrCAD\Layout_Plus\data\template.imp
Sat Jul 21 17:12:51 Loaded file C:\Program Files\OrCAD\Layout_Plus\data\template.imp
Sat Jul 21 17:12:52 Loaded file C:\Program Files\OrCAD\Layout_Plus\data\template.imp
Sat Jul 21 17:13:36 Loaded file C:\Program Files\OrCAD\Layout_Plus\data\template.imp
Sat Jul 21 17:13:36 Loaded file C:\Program Files\OrCAD\Layout_Plus\data\template.imp
Sat Jul 21 17:13:36 Loaded file C:\Program Files\OrCAD\Layout_Plus\data\template.imp
Sat Jul 21 17:13:36 Loaded file C:\Program Files\OrCAD\Layout_Plus\data\template.imp
Sat Jul 21 17:13:38 Loaded file D:\MICA AND BOARD\DANH\DANH\DANH'S LIBS\DANHLIB.LLB
Sat Jul 21 17:13:41 Loaded file C:\Program Files\OrCAD\Layout_Plus\data\template.imp
Sat Jul 21 17:13:41 Loaded file C:\Program Files\OrCAD\Layout_Plus\data\template.imp
Sat Jul 21 17:13:42 Loaded file C:\Program Files\OrCAD\Layout_Plus\data\template.imp
Sat Jul 21 17:13:44 Loaded file C:\Program Files\OrCAD\Layout_Plus\data\template.imp
Sat Jul 21 17:13:46 Loaded file C:\Program Files\OrCAD\Layout_Plus\data\template.imp
Sat Jul 21 17:13:47 Loaded file C:\Program Files\OrCAD\Layout_Plus\data\template.imp
Sat Jul 21 17:15:04 Saved as file D:\MICA AND BOARD\DANH\DANH\ORCAD PROJECTS\COMERCIAL PROJECTS\COM_PRJ46\COM_PRJ46_VER1.MAX
Sat Jul 21 17:22:37 Loaded file C:\Program Files\OrCAD\Layout_Plus\data\template.imp
Sat Jul 21 17:22:37 Loaded file C:\Program Files\OrCAD\Layout_Plus\data\template.imp
Sat Jul 21 17:22:37 Loaded file C:\Program Files\OrCAD\Layout_Plus\data\template.imp
Sat Jul 21 17:22:37 Loaded file C:\Program Files\OrCAD\Layout_Plus\data\template.imp
Sat Jul 21 17:22:39 Loaded file C:\Program Files\OrCAD\Layout_Plus\data\template.imp
Sat Jul 21 17:22:40 Loaded file D:\MICA AND BOARD\DANH\DANH\DANH'S LIBS\DANHLIB.LLB
Sat Jul 21 17:22:45 Loaded file C:\Program Files\OrCAD\Layout_Plus\data\template.imp
Sat Jul 21 17:22:46 Loaded file C:\Program Files\OrCAD\Layout_Plus\data\template.imp
Sat Jul 21 17:23:40 Saved as file BACKUP1.MAX
Sat Jul 21 17:34:10 Saved as file BACKUP1.MAX
Sat Jul 21 17:43:29 Saved as file D:\MICA AND BOARD\DANH\DANH\ORCAD PROJECTS\COMERCIAL PROJECTS\COM_PRJ46\COM_PRJ46_VER1.MAX
Sat Jul 21 17:43:30 Saved as file D:\MICA AND BOARD\DANH\DANH\ORCAD PROJECTS\COMERCIAL PROJECTS\COM_PRJ46\COM_PRJ46_VER1.MAX
Sat Jul 21 17:44:40 Saved as file BACKUP1.MAX
Sat Jul 21 17:45:11 Saved as file D:\MICA AND BOARD\DANH\DANH\ORCAD PROJECTS\COMERCIAL PROJECTS\COM_PRJ46\COM_PRJ46_VER1.MAX
Sat Jul 21 17:45:12 Saved as file D:\MICA AND BOARD\DANH\DANH\ORCAD PROJECTS\COMERCIAL PROJECTS\COM_PRJ46\COM_PRJ46_VER1.MAX
Sat Jul 21 17:45:12 Saved as file D:\MICA AND BOARD\DANH\DANH\ORCAD PROJECTS\COMERCIAL PROJECTS\COM_PRJ46\COM_PRJ46_VER1.MAX
Sat Jul 21 17:45:54 Saved as file D:\MICA AND BOARD\DANH\DANH\ORCAD PROJECTS\COMERCIAL PROJECTS\COM_PRJ46\COM_PRJ46_VER1.MAX
Sat Jul 21 17:45:55 Saved as file D:\MICA AND BOARD\DANH\DANH\ORCAD PROJECTS\COMERCIAL PROJECTS\COM_PRJ46\COM_PRJ46_VER1.MAX
Sat Jul 21 17:45:56 Saved as file D:\MICA AND BOARD\DANH\DANH\ORCAD PROJECTS\COMERCIAL PROJECTS\COM_PRJ46\COM_PRJ46_VER1.MAX
Sat Jul 21 17:45:56 Saved as file D:\MICA AND BOARD\DANH\DANH\ORCAD PROJECTS\COMERCIAL PROJECTS\COM_PRJ46\COM_PRJ46_VER1.MAX
Sat Jul 21 17:50:17 Saved as file D:\MICA AND BOARD\DANH\DANH\ORCAD PROJECTS\COMERCIAL PROJECTS\COM_PRJ46\COM_PRJ46_VER1.MAX
Sat Jul 21 17:50:17 Saved as file D:\MICA AND BOARD\DANH\DANH\ORCAD PROJECTS\COMERCIAL PROJECTS\COM_PRJ46\COM_PRJ46_VER1.MAX
Sat Jul 21 17:50:42 Saved as file D:\MICA AND BOARD\DANH\DANH\ORCAD PROJECTS\COMERCIAL PROJECTS\COM_PRJ46\COM_PRJ46_VER1.MAX
Sat Jul 21 17:50:43 Saved as file D:\MICA AND BOARD\DANH\DANH\ORCAD PROJECTS\COMERCIAL PROJECTS\COM_PRJ46\COM_PRJ46_VER1.MAX
Sat Jul 21 17:50:43 Saved as file D:\MICA AND BOARD\DANH\DANH\ORCAD PROJECTS\COMERCIAL PROJECTS\COM_PRJ46\COM_PRJ46_VER1.MAX
Sat Jul 21 17:52:23 Saved as file D:\MICA AND BOARD\DANH\DANH\ORCAD PROJECTS\COMERCIAL PROJECTS\COM_PRJ46\COM_PRJ46_VER1.MAX
Sat Jul 21 17:52:24 Saved as file D:\MICA AND BOARD\DANH\DANH\ORCAD PROJECTS\COMERCIAL PROJECTS\COM_PRJ46\COM_PRJ46_VER1.MAX
Sat Jul 21 17:52:37 Saved as file D:\MICA AND BOARD\DANH\DANH\ORCAD PROJECTS\COMERCIAL PROJECTS\COM_PRJ46\COM_PRJ46_VER1.MAX
Sat Jul 21 17:52:38 Saved as file D:\MICA AND BOARD\DANH\DANH\ORCAD PROJECTS\COMERCIAL PROJECTS\COM_PRJ46\COM_PRJ46_VER1.MAX
Sat Jul 21 17:55:10 Saved as file BACKUP1.MAX
Sat Jul 21 17:56:22 Saved as file D:\MICA AND BOARD\DANH\DANH\ORCAD PROJECTS\COMERCIAL PROJECTS\COM_PRJ46\COM_PRJ46_VER1.MAX
Sat Jul 21 17:56:22 Saved as file D:\MICA AND BOARD\DANH\DANH\ORCAD PROJECTS\COMERCIAL PROJECTS\COM_PRJ46\COM_PRJ46_VER1.MAX
Sat Jul 21 17:56:29 Saved as file D:\MICA AND BOARD\DANH\DANH\ORCAD PROJECTS\COMERCIAL PROJECTS\COM_PRJ46\COM_PRJ46_VER1.MAX
Sat Jul 21 17:58:36 Saved as file D:\MICA AND BOARD\DANH\DANH\ORCAD PROJECTS\COMERCIAL PROJECTS\COM_PRJ46\COM_PRJ46_VER1.MAX
Wed Aug 01 07:14:55 Loaded file D:\DANH\DANH'S LIBS\DANHLIB.LLB
Wed Aug 01 07:14:58 Loaded file C:\Program Files\OrCAD\Layout_Plus\data\template.imp
Wed Aug 01 07:16:55 Loaded file D:\DANH\DANH'S LIBS\DANHLIB.LLB
Wed Aug 01 07:16:55 Saved as file D:\DANH\DANH'S LIBS\DANHLIB.LLB
Wed Aug 01 07:16:55 Loaded file D:\DANH\DANH'S LIBS\DANHLIB.LLB
Wed Aug 01 07:16:55 Saved as file D:\DANH\DANH'S LIBS\DANHLIB.LLB
Wed Aug 01 07:16:55 Loaded file D:\DANH\DANH'S LIBS\DANHLIB.LLB
Wed Aug 01 07:16:55 Saved as file D:\DANH\DANH'S LIBS\DANHLIB.LLB
Wed Aug 01 07:16:56 Loaded file D:\DANH\DANH'S LIBS\DANHLIB.LLB
Wed Aug 01 07:16:56 Saved as file D:\DANH\DANH'S LIBS\DANHLIB.LLB
Sun Apr 21 11:20:08 Loaded file D:\DANH\DANH\DANH'S LIBS\DANHLIB.LLB
Sun Apr 21 11:20:31 Loaded file C:\Program Files\OrCAD\Layout_Plus\data\template.imp
Sun Apr 21 11:36:59 Loaded file C:\Program Files\OrCAD\Layout_Plus\library\padstack.llb
Sun Apr 21 11:37:17 Loaded file C:\Program Files\OrCAD\Layout_Plus\library\padstack.llb
Sun Apr 21 11:44:05 Loaded file D:\DANH\DANH\DANH'S LIBS\DANHLIB.LLB
Sun Apr 21 11:44:05 Saved as file D:\DANH\DANH\DANH'S LIBS\DANHLIB.LLB
Sun Apr 21 11:47:15 Loaded file C:\Program Files\OrCAD\Layout_Plus\library\padstack.llb
Sun Apr 21 11:48:54 Loaded file C:\Program Files\OrCAD\Layout_Plus\library\padstack.llb
Sun Apr 21 11:49:03 Loaded file C:\Program Files\OrCAD\Layout_Plus\library\padstack.llb
Sun Apr 21 11:50:16 Loaded file C:\Program Files\OrCAD\Layout_Plus\library\padstack.llb
Sun Apr 21 11:51:11 Loaded file C:\Program Files\OrCAD\Layout_Plus\library\padstack.llb
Sun Apr 21 11:51:22 Saved as file C:\PROGRAM FILES\ORCAD\LAYOUT_PLUS\DATA\_DEFAULT.MAX
Sun Apr 21 11:51:30 Loaded file D:\DANH\DANH\DANH'S LIBS\DANHLIB.LLB
Sun Apr 21 11:51:31 Saved as file D:\DANH\DANH\DANH'S LIBS\DANHLIB.LLB
Sun Apr 21 11:51:51 Loaded file C:\Program Files\OrCAD\Layout_Plus\library\padstack.llb
Thu Oct 17 00:25:56 Loaded file D:\DANH\DANH'S LIBS\DANHLIB.LLB
Thu Oct 17 00:26:08 Loaded file C:\Program Files\OrCAD\Layout_Plus\data\template.imp
Thu Oct 17 00:26:25 Loaded file C:\Program Files\OrCAD\Layout_Plus\data\template.imp
Thu Oct 17 00:26:25 Loaded file C:\Program Files\OrCAD\Layout_Plus\data\template.imp
Thu Oct 17 00:26:27 Loaded file D:\DANH\DANH'S LIBS\DANHLIB.LLB
Thu Oct 17 00:26:32 Loaded file C:\Program Files\OrCAD\Layout_Plus\data\template.imp
Thu Oct 17 00:27:40 Loaded file C:\Program Files\OrCAD\Layout_Plus\data\template.imp
Thu Oct 17 00:27:40 Loaded file C:\Program Files\OrCAD\Layout_Plus\data\template.imp
Thu Oct 17 00:27:44 Loaded file D:\DANH\DANH'S LIBS\DANHLIB.LLB
Thu Oct 17 00:27:49 Loaded file C:\Program Files\OrCAD\Layout_Plus\data\template.imp
Thu Oct 17 00:34:22 Saved as file BACKUP1.MAX
Sun Dec 01 02:59:56 Loaded file D:\DANH\DANH_NEWEST\DANH\DANH'S LIBS\DANHLIB.LLB
Sun Dec 01 03:00:01 Loaded file C:\Program Files\OrCAD\Layout_Plus\data\template.imp
Sun Dec 01 03:00:03 Loaded file C:\Program Files\OrCAD\Layout_Plus\data\template.imp
Sun Dec 01 03:00:06 Loaded file C:\Program Files\OrCAD\Layout_Plus\data\template.imp
Sun Dec 01 03:02:49 Saved as file D:\DANH\DANH_NEWEST\DANH\ORCAD PROJECTS\COMERCIAL PROJECTS\COM_PRJ5\COM_PRJ5_OLD_VER2.MAX
Sun Dec 01 03:02:50 Saved as file D:\DANH\DANH_NEWEST\DANH\ORCAD PROJECTS\COMERCIAL PROJECTS\COM_PRJ5\COM_PRJ5_OLD_VER2.MAX
Sun Dec 01 03:02:50 Saved as file D:\DANH\DANH_NEWEST\DANH\ORCAD PROJECTS\COMERCIAL PROJECTS\COM_PRJ5\COM_PRJ5_OLD_VER2.MAX
Sun Dec 01 03:03:08 Saved as file BACKUP1.MAX
Sun Dec 01 03:04:54 Saved as file BACKUP1.MAX
Sun Dec 01 03:04:54 Saved as file BACKUP1.MAX
Sun Dec 01 03:04:54 Saved as file BACKUP1.MAX
Sun Dec 01 03:04:54 Saved as file BACKUP1.MAX
Sun Dec 01 03:04:54 Saved as file BACKUP1.MAX
Sun Dec 01 03:04:54 Saved as file BACKUP1.MAX
Sun Dec 01 03:04:54 Saved as file BACKUP1.MAX
Sun Dec 01 03:04:54 Saved as file BACKUP1.MAX
Sun Dec 01 03:04:54 Saved as file BACKUP1.MAX
Sun Dec 01 03:04:54 Saved as file BACKUP1.MAX
Sun Dec 01 03:04:54 Saved as file BACKUP1.MAX
Sun Dec 01 03:04:54 Saved as file BACKUP1.MAX
Sun Dec 01 03:04:54 Saved as file BACKUP1.MAX
Sun Dec 01 03:04:54 Saved as file BACKUP1.MAX
Sun Dec 01 03:04:54 Saved as file BACKUP1.MAX
Sun Dec 01 03:04:54 Saved as file BACKUP1.MAX
Sun Dec 01 03:04:54 Saved as file BACKUP1.MAX
Sun Dec 01 03:04:54 Saved as file BACKUP1.MAX
Sun Dec 01 03:04:54 Saved as file BACKUP1.MAX
Sun Dec 01 03:04:54 Saved as file BACKUP1.MAX
Sun Dec 01 03:04:55 Saved as file BACKUP1.MAX
Sun Dec 01 03:04:55 Saved as file BACKUP1.MAX
Sun Dec 01 03:04:55 Saved as file BACKUP1.MAX
Sun Dec 01 03:04:55 Saved as file BACKUP1.MAX
Sun Dec 01 03:04:55 Saved as file BACKUP1.MAX
Sun Dec 01 03:04:55 Saved as file BACKUP1.MAX
Sun Dec 01 03:04:55 Saved as file BACKUP1.MAX
Sun Dec 01 03:04:55 Saved as file BACKUP1.MAX
Sun Dec 01 03:04:55 Saved as file BACKUP1.MAX
Sun Dec 01 03:04:55 Saved as file BACKUP1.MAX
Sun Dec 01 03:04:55 Saved as file BACKUP1.MAX
Sun Dec 01 03:04:55 Saved as file BACKUP1.MAX
Sun Dec 01 03:04:55 Saved as file BACKUP1.MAX
Sun Dec 01 03:04:55 Saved as file BACKUP1.MAX
Sun Dec 01 03:04:55 Saved as file BACKUP1.MAX
Sun Dec 01 03:04:55 Saved as file BACKUP1.MAX
Sun Dec 01 03:04:55 Saved as file BACKUP1.MAX
Sun Dec 01 03:04:55 Saved as file BACKUP1.MAX
Sun Dec 01 03:04:55 Saved as file BACKUP1.MAX
Sun Dec 01 03:04:55 Saved as file BACKUP1.MAX
Sun Dec 01 03:04:55 Saved as file BACKUP1.MAX
Sun Dec 01 03:04:55 Saved as file BACKUP1.MAX
Sun Dec 01 03:04:55 Saved as file BACKUP1.MAX
Sun Dec 01 03:04:55 Saved as file BACKUP1.MAX
Sun Dec 01 03:04:55 Saved as file BACKUP1.MAX
Sun Dec 01 03:04:55 Saved as file BACKUP1.MAX
Sun Dec 01 03:04:55 Saved as file BACKUP1.MAX
Sun Dec 01 03:04:55 Saved as file BACKUP1.MAX
Sun Dec 01 03:04:55 Saved as file BACKUP1.MAX
Sun Dec 01 03:04:55 Saved as file BACKUP1.MAX
Sun Dec 01 03:04:55 Saved as file BACKUP1.MAX
Sun Dec 01 03:04:55 Saved as file BACKUP1.MAX
Sun Dec 01 03:04:55 Saved as file BACKUP1.MAX
Sun Dec 01 03:04:55 Saved as file BACKUP1.MAX
Sun Dec 01 03:04:55 Saved as file BACKUP1.MAX
Sun Dec 01 03:04:56 Saved as file BACKUP1.MAX
Sun Dec 01 03:04:56 Saved as file BACKUP1.MAX
Sun Dec 01 03:04:56 Saved as file BACKUP1.MAX
Sun Dec 01 03:04:56 Saved as file BACKUP1.MAX
Sun Dec 01 03:04:56 Saved as file BACKUP1.MAX
Sun Dec 01 03:04:56 Saved as file BACKUP1.MAX
Sun Dec 01 03:04:56 Saved as file BACKUP1.MAX
Sun Dec 01 03:04:56 Saved as file BACKUP1.MAX
Sun Dec 01 03:04:56 Saved as file BACKUP1.MAX
Sun Dec 01 03:04:56 Saved as file BACKUP1.MAX
Sun Dec 01 03:04:56 Saved as file BACKUP1.MAX
Sun Dec 01 03:04:56 Saved as file BACKUP1.MAX
Sun Dec 01 03:04:56 Saved as file BACKUP1.MAX
Sun Dec 01 03:04:56 Saved as file BACKUP1.MAX
Sun Dec 01 03:04:56 Saved as file BACKUP1.MAX
Sun Dec 01 03:04:56 Saved as file BACKUP1.MAX
Sun Dec 01 03:04:56 Saved as file BACKUP1.MAX
Sun Dec 01 03:04:56 Saved as file BACKUP1.MAX
Sun Dec 01 03:04:56 Saved as file BACKUP1.MAX
Sun Dec 01 03:04:56 Saved as file BACKUP1.MAX
Sun Dec 01 03:04:56 Saved as file BACKUP1.MAX
Sun Dec 01 03:04:56 Saved as file BACKUP1.MAX
Sun Dec 01 03:04:56 Saved as file BACKUP1.MAX
Sun Dec 01 03:04:56 Saved as file BACKUP1.MAX
Sun Dec 01 03:04:56 Saved as file BACKUP1.MAX
Sun Dec 01 03:04:56 Saved as file BACKUP1.MAX
Sun Dec 01 03:04:56 Saved as file BACKUP1.MAX
Sun Dec 01 03:04:56 Saved as file BACKUP1.MAX
Sun Dec 01 03:04:56 Saved as file BACKUP1.MAX
Sun Dec 01 03:04:56 Saved as file BACKUP1.MAX
Sun Dec 01 03:04:56 Saved as file BACKUP1.MAX
Sun Dec 01 03:04:56 Saved as file BACKUP1.MAX
Sun Dec 01 03:04:56 Saved as file BACKUP1.MAX
Sun Dec 01 03:04:56 Saved as file BACKUP1.MAX
Sun Dec 01 03:04:56 Saved as file BACKUP1.MAX
Sun Dec 01 03:04:56 Saved as file BACKUP1.MAX
Sun Dec 01 03:04:56 Saved as file BACKUP1.MAX
Sun Dec 01 03:04:56 Saved as file BACKUP1.MAX
Sun Dec 01 03:04:56 Saved as file BACKUP1.MAX
Sun Dec 01 03:04:56 Saved as file BACKUP1.MAX
Sun Dec 01 03:04:57 Saved as file BACKUP1.MAX
Sun Dec 01 03:04:57 Saved as file BACKUP1.MAX
Sun Dec 01 03:04:57 Saved as file BACKUP1.MAX
Sun Dec 01 03:04:57 Saved as file BACKUP1.MAX
Sun Dec 01 03:04:57 Saved as file BACKUP1.MAX
Sun Dec 01 03:04:57 Saved as file BACKUP1.MAX
Sun Dec 01 03:04:57 Saved as file BACKUP1.MAX
Sun Dec 01 03:04:57 Saved as file BACKUP1.MAX
Sun Dec 01 03:04:57 Saved as file BACKUP1.MAX
Sun Dec 01 03:04:57 Saved as file BACKUP1.MAX
Sun Dec 01 03:04:57 Saved as file BACKUP1.MAX
Sun Dec 01 03:04:57 Saved as file BACKUP1.MAX
Sun Dec 01 03:04:57 Saved as file BACKUP1.MAX
Sun Dec 01 03:04:57 Saved as file BACKUP1.MAX
Sun Dec 01 03:04:57 Saved as file BACKUP1.MAX
Sun Dec 01 03:04:57 Saved as file BACKUP1.MAX
Sun Dec 01 03:04:57 Saved as file BACKUP1.MAX
Sun Dec 01 03:04:57 Saved as file BACKUP1.MAX
Sun Dec 01 03:04:57 Saved as file BACKUP1.MAX
Sun Dec 01 03:04:57 Saved as file BACKUP1.MAX
Sun Dec 01 03:04:57 Saved as file BACKUP1.MAX
Sun Dec 01 03:04:57 Saved as file BACKUP1.MAX
Sun Dec 01 03:04:57 Saved as file BACKUP1.MAX
Sun Dec 01 03:04:57 Saved as file BACKUP1.MAX
Sun Dec 01 03:04:57 Saved as file BACKUP1.MAX
Sun Dec 01 03:04:57 Saved as file BACKUP1.MAX
Sun Dec 01 03:04:57 Saved as file BACKUP1.MAX
Sun Dec 01 03:04:57 Saved as file BACKUP1.MAX
Sun Dec 01 03:04:57 Saved as file BACKUP1.MAX
Sun Dec 01 03:04:57 Saved as file BACKUP1.MAX
Sun Dec 01 03:04:57 Saved as file BACKUP1.MAX
Sun Dec 01 03:04:57 Saved as file BACKUP1.MAX
Sun Dec 01 03:04:57 Saved as file BACKUP1.MAX
Sun Dec 01 03:04:57 Saved as file BACKUP1.MAX
Sun Dec 01 03:04:57 Saved as file BACKUP1.MAX
Sun Dec 01 03:04:57 Saved as file BACKUP1.MAX
Sun Dec 01 03:04:57 Saved as file BACKUP1.MAX
Sun Dec 01 03:04:57 Saved as file BACKUP1.MAX
Sun Dec 01 03:04:57 Saved as file BACKUP1.MAX
Sun Dec 01 03:04:57 Saved as file BACKUP1.MAX
Sun Dec 01 03:04:57 Saved as file BACKUP1.MAX
Sun Dec 01 03:04:57 Saved as file BACKUP1.MAX
Sun Dec 01 03:04:57 Saved as file BACKUP1.MAX
Sun Dec 01 03:04:57 Saved as file BACKUP1.MAX
Sun Dec 01 03:04:57 Saved as file BACKUP1.MAX
Sun Dec 01 03:04:57 Saved as file BACKUP1.MAX
Sun Dec 01 03:04:57 Saved as file BACKUP1.MAX
Sun Dec 01 03:04:57 Saved as file BACKUP1.MAX
Sun Dec 01 03:04:57 Saved as file BACKUP1.MAX
Sun Dec 01 03:04:57 Saved as file BACKUP1.MAX
Sun Dec 01 03:04:57 Saved as file BACKUP1.MAX
Sun Dec 01 03:04:57 Saved as file BACKUP1.MAX
Sun Dec 01 03:04:57 Saved as file BACKUP1.MAX
Sun Dec 01 03:04:58 Saved as file BACKUP1.MAX
Sun Dec 01 03:04:58 Saved as file BACKUP1.MAX
Sun Dec 01 03:04:58 Saved as file BACKUP1.MAX
Sun Dec 01 03:04:58 Saved as file BACKUP1.MAX
Sun Dec 01 03:04:58 Saved as file BACKUP1.MAX
Sun Dec 01 03:04:58 Saved as file BACKUP1.MAX
Sun Dec 01 03:04:58 Saved as file BACKUP1.MAX
Sun Dec 01 03:04:58 Saved as file BACKUP1.MAX
Sun Dec 01 03:04:58 Saved as file BACKUP1.MAX
Sun Dec 01 03:04:58 Saved as file BACKUP1.MAX
Sun Dec 01 03:04:58 Saved as file BACKUP1.MAX
Sun Dec 01 03:04:58 Saved as file BACKUP1.MAX
Sun Dec 01 03:04:58 Saved as file BACKUP1.MAX
Sun Dec 01 03:04:58 Saved as file BACKUP1.MAX
Sun Dec 01 03:04:58 Saved as file BACKUP1.MAX
Sun Dec 01 03:04:58 Saved as file BACKUP1.MAX
Sun Dec 01 03:04:58 Saved as file BACKUP1.MAX
Sun Dec 01 03:04:58 Saved as file BACKUP1.MAX
Sun Dec 01 03:04:58 Saved as file BACKUP1.MAX
Sun Dec 01 03:04:58 Saved as file BACKUP1.MAX
Sun Dec 01 03:04:58 Saved as file BACKUP1.MAX
Sun Dec 01 03:04:58 Saved as file BACKUP1.MAX
Sun Dec 01 03:04:58 Saved as file BACKUP1.MAX
Sun Dec 01 03:04:58 Saved as file BACKUP1.MAX
Sun Dec 01 03:04:58 Saved as file BACKUP1.MAX
Sun Dec 01 03:04:58 Saved as file BACKUP1.MAX
Sun Dec 01 03:04:58 Saved as file BACKUP1.MAX
Sun Dec 01 03:04:58 Saved as file BACKUP1.MAX
Sun Dec 01 03:04:58 Saved as file BACKUP1.MAX
Sun Dec 01 03:04:58 Saved as file BACKUP1.MAX
Sun Dec 01 03:04:58 Saved as file BACKUP1.MAX
Sun Dec 01 03:04:58 Saved as file BACKUP1.MAX
Sun Dec 01 03:04:58 Saved as file BACKUP1.MAX
Sun Dec 01 03:04:58 Saved as file BACKUP1.MAX
Sun Dec 01 03:04:58 Saved as file BACKUP1.MAX
Sun Dec 01 03:04:58 Saved as file BACKUP1.MAX
Sun Dec 01 03:04:58 Saved as file BACKUP1.MAX
Sun Dec 01 03:04:58 Saved as file BACKUP1.MAX
Sun Dec 01 03:04:58 Saved as file BACKUP1.MAX
Sun Dec 01 03:04:58 Saved as file BACKUP1.MAX
Sun Dec 01 03:04:58 Saved as file BACKUP1.MAX
Sun Dec 01 03:04:58 Saved as file BACKUP1.MAX
Sun Dec 01 03:04:58 Saved as file BACKUP1.MAX
Sun Dec 01 03:04:58 Saved as file BACKUP1.MAX
Sun Dec 01 03:04:58 Saved as file BACKUP1.MAX
Sun Dec 01 03:04:58 Saved as file BACKUP1.MAX
Sun Dec 01 03:04:58 Saved as file BACKUP1.MAX
Sun Dec 01 03:04:58 Saved as file BACKUP1.MAX
Sun Dec 01 03:04:58 Saved as file BACKUP1.MAX
Sun Dec 01 03:04:58 Saved as file BACKUP1.MAX
Sun Dec 01 03:04:58 Saved as file BACKUP1.MAX
Sun Dec 01 03:04:58 Saved as file BACKUP1.MAX
Sun Dec 01 03:04:58 Saved as file BACKUP1.MAX
Sun Dec 01 03:04:58 Saved as file BACKUP1.MAX
Sun Dec 01 03:04:58 Saved as file BACKUP1.MAX
Sun Dec 01 03:04:58 Saved as file BACKUP1.MAX
Sun Dec 01 03:04:58 Saved as file BACKUP1.MAX
Sun Dec 01 03:04:58 Saved as file BACKUP1.MAX
Sun Dec 01 03:04:58 Saved as file BACKUP1.MAX
Sun Dec 01 03:04:58 Saved as file BACKUP1.MAX
Sun Dec 01 03:04:58 Saved as file BACKUP1.MAX
Sun Dec 01 03:04:58 Saved as file BACKUP1.MAX
Sun Dec 01 03:04:58 Saved as file BACKUP1.MAX
Sun Dec 01 03:04:58 Saved as file BACKUP1.MAX
Sun Dec 01 03:04:58 Saved as file BACKUP1.MAX
Sun Dec 01 03:04:58 Saved as file BACKUP1.MAX
Sun Dec 01 03:04:58 Saved as file BACKUP1.MAX
Sun Dec 01 03:04:58 Saved as file BACKUP1.MAX
Sun Dec 01 03:04:58 Saved as file BACKUP1.MAX
Sun Dec 01 03:04:58 Saved as file BACKUP1.MAX
Sun Dec 01 03:04:58 Saved as file BACKUP1.MAX
Sun Dec 01 03:04:58 Saved as file BACKUP1.MAX
Sun Dec 01 03:04:58 Saved as file BACKUP1.MAX
Sun Dec 01 03:04:58 Saved as file BACKUP1.MAX
Sun Dec 01 03:04:58 Saved as file BACKUP1.MAX
Sun Dec 01 03:04:58 Saved as file BACKUP1.MAX
Sun Dec 01 03:04:58 Saved as file BACKUP1.MAX
Sun Dec 01 03:04:58 Saved as file BACKUP1.MAX
Sun Dec 01 03:04:58 Saved as file BACKUP1.MAX
Sun Dec 01 03:04:59 Saved as file BACKUP1.MAX
Sun Dec 01 03:04:59 Saved as file BACKUP1.MAX
Sun Dec 01 03:04:59 Saved as file BACKUP1.MAX
Sun Dec 01 03:04:59 Saved as file BACKUP1.MAX
Sun Dec 01 03:04:59 Saved as file BACKUP1.MAX
Sun Dec 01 03:04:59 Saved as file BACKUP1.MAX
Sun Dec 01 03:04:59 Saved as file BACKUP1.MAX
Sun Dec 01 03:04:59 Saved as file BACKUP1.MAX
Sun Dec 01 03:04:59 Saved as file BACKUP1.MAX
Sun Dec 01 03:04:59 Saved as file BACKUP1.MAX
Sun Dec 01 03:04:59 Saved as file BACKUP1.MAX
Sun Dec 01 03:04:59 Saved as file BACKUP1.MAX
Sun Dec 01 03:04:59 Saved as file BACKUP1.MAX
Sun Dec 01 03:04:59 Saved as file BACKUP1.MAX
Sun Dec 01 03:04:59 Saved as file BACKUP1.MAX
Sun Dec 01 03:04:59 Saved as file BACKUP1.MAX
Sun Dec 01 03:04:59 Saved as file BACKUP1.MAX
Sun Dec 01 03:04:59 Saved as file BACKUP1.MAX
Sun Dec 01 03:04:59 Saved as file BACKUP1.MAX
Sun Dec 01 03:04:59 Saved as file BACKUP1.MAX
Sun Dec 01 03:04:59 Saved as file BACKUP1.MAX
Sun Dec 01 03:04:59 Saved as file BACKUP1.MAX
Sun Dec 01 03:04:59 Saved as file BACKUP1.MAX
Sun Dec 01 03:04:59 Saved as file BACKUP1.MAX
Sun Dec 01 03:04:59 Saved as file BACKUP1.MAX
Sun Dec 01 03:04:59 Saved as file BACKUP1.MAX
Sun Dec 01 03:04:59 Saved as file BACKUP1.MAX
Sun Dec 01 03:04:59 Saved as file BACKUP1.MAX
Sun Dec 01 03:04:59 Saved as file BACKUP1.MAX
Sun Dec 01 03:04:59 Saved as file BACKUP1.MAX
Sun Dec 01 03:04:59 Saved as file BACKUP1.MAX
Sun Dec 01 03:04:59 Saved as file BACKUP1.MAX
Sun Dec 01 03:04:59 Saved as file BACKUP1.MAX
Sun Dec 01 03:04:59 Saved as file BACKUP1.MAX
Sun Dec 01 03:04:59 Saved as file BACKUP1.MAX
Sun Dec 01 03:04:59 Saved as file BACKUP1.MAX
Sun Dec 01 03:04:59 Saved as file BACKUP1.MAX
Sun Dec 01 03:04:59 Saved as file BACKUP1.MAX
Sun Dec 01 03:04:59 Saved as file BACKUP1.MAX
Sun Dec 01 03:04:59 Saved as file BACKUP1.MAX
Sun Dec 01 03:04:59 Saved as file BACKUP1.MAX
Sun Dec 01 03:04:59 Saved as file BACKUP1.MAX
Sun Dec 01 03:04:59 Saved as file BACKUP1.MAX
Sun Dec 01 03:04:59 Saved as file BACKUP1.MAX
Sun Dec 01 03:04:59 Saved as file BACKUP1.MAX
Sun Dec 01 03:04:59 Saved as file BACKUP1.MAX
Sun Dec 01 03:04:59 Saved as file BACKUP1.MAX
Sun Dec 01 03:04:59 Saved as file BACKUP1.MAX
Sun Dec 01 03:04:59 Saved as file BACKUP1.MAX
Sun Dec 01 03:04:59 Saved as file BACKUP1.MAX
Sun Dec 01 03:04:59 Saved as file BACKUP1.MAX
Sun Dec 01 03:04:59 Saved as file BACKUP1.MAX
Sun Dec 01 03:04:59 Saved as file BACKUP1.MAX
Sun Dec 01 03:04:59 Saved as file BACKUP1.MAX
Sun Dec 01 03:04:59 Saved as file BACKUP1.MAX
Sun Dec 01 03:04:59 Saved as file BACKUP1.MAX
Sun Dec 01 03:04:59 Saved as file BACKUP1.MAX
Sun Dec 01 03:04:59 Saved as file BACKUP1.MAX
Sun Dec 01 03:04:59 Saved as file BACKUP1.MAX
Sun Dec 01 03:04:59 Saved as file BACKUP1.MAX
Sun Dec 01 03:04:59 Saved as file BACKUP1.MAX
Sun Dec 01 03:04:59 Saved as file BACKUP1.MAX
Sun Dec 01 03:05:00 Saved as file BACKUP1.MAX
Sun Dec 01 03:05:00 Saved as file BACKUP1.MAX
Sun Dec 01 03:05:00 Saved as file BACKUP1.MAX
Sun Dec 01 03:05:00 Saved as file BACKUP1.MAX
Sun Dec 01 03:05:00 Saved as file BACKUP1.MAX
Sun Dec 01 03:05:00 Saved as file BACKUP1.MAX
Sun Dec 01 03:05:00 Saved as file BACKUP1.MAX
Sun Dec 01 03:05:00 Saved as file BACKUP1.MAX
Sun Dec 01 03:05:00 Saved as file BACKUP1.MAX
Sun Dec 01 03:05:00 Saved as file BACKUP1.MAX
Sun Dec 01 03:05:00 Saved as file BACKUP1.MAX
Sun Dec 01 03:05:00 Saved as file BACKUP1.MAX
Sun Dec 01 03:05:00 Saved as file BACKUP1.MAX
Sun Dec 01 03:05:00 Saved as file BACKUP1.MAX
Sun Dec 01 03:05:00 Saved as file BACKUP1.MAX
Sun Dec 01 03:05:00 Saved as file BACKUP1.MAX
Sun Dec 01 03:05:00 Saved as file BACKUP1.MAX
Sun Dec 01 03:05:00 Saved as file BACKUP1.MAX
Sun Dec 01 03:05:00 Saved as file BACKUP1.MAX
Sun Dec 01 03:05:00 Saved as file BACKUP1.MAX
Sun Dec 01 03:05:00 Saved as file BACKUP1.MAX
Sun Dec 01 03:05:00 Saved as file BACKUP1.MAX
Sun Dec 01 03:05:00 Saved as file BACKUP1.MAX
Sun Dec 01 03:05:00 Saved as file BACKUP1.MAX
Sun Dec 01 03:05:00 Saved as file BACKUP1.MAX
Sun Dec 01 03:05:00 Saved as file BACKUP1.MAX
Sun Dec 01 03:05:00 Saved as file BACKUP1.MAX
Sun Dec 01 03:05:00 Saved as file BACKUP1.MAX
Sun Dec 01 03:05:00 Saved as file BACKUP1.MAX
Sun Dec 01 03:05:00 Saved as file BACKUP1.MAX
Sun Dec 01 03:05:00 Saved as file BACKUP1.MAX
Sun Dec 01 03:05:00 Saved as file BACKUP1.MAX
Sun Dec 01 03:05:00 Saved as file BACKUP1.MAX
Sun Dec 01 03:05:00 Saved as file BACKUP1.MAX
Sun Dec 01 03:05:00 Saved as file BACKUP1.MAX
Sun Dec 01 03:05:00 Saved as file BACKUP1.MAX
Sun Dec 01 03:05:00 Saved as file BACKUP1.MAX
Sun Dec 01 03:05:00 Saved as file BACKUP1.MAX
Sun Dec 01 03:05:00 Saved as file BACKUP1.MAX
Sun Dec 01 03:05:00 Saved as file BACKUP1.MAX
Sun Dec 01 03:05:00 Saved as file BACKUP1.MAX
Sun Dec 01 03:05:00 Saved as file BACKUP1.MAX
Sun Dec 01 03:05:00 Saved as file BACKUP1.MAX
Sun Dec 01 03:05:00 Saved as file BACKUP1.MAX
Sun Dec 01 03:05:00 Saved as file BACKUP1.MAX
Sun Dec 01 03:05:00 Saved as file BACKUP1.MAX
Sun Dec 01 03:05:00 Saved as file BACKUP1.MAX
Sun Dec 01 03:05:00 Saved as file BACKUP1.MAX
Sun Dec 01 03:05:00 Saved as file BACKUP1.MAX
Sun Dec 01 03:05:00 Saved as file BACKUP1.MAX
Sun Dec 01 03:05:00 Saved as file BACKUP1.MAX
Sun Dec 01 03:05:00 Saved as file BACKUP1.MAX
Sun Dec 01 03:05:00 Saved as file BACKUP1.MAX
Sun Dec 01 03:05:00 Routed 1 connections in 6 seconds.
Sun Dec 01 03:05:00 Total is now 64 out of 66 (96%).
Sun Dec 01 03:05:00 Saved as file SWEEP1.MAX
Sun Dec 01 03:05:00 Saved as file BACKUP1.MAX
Sun Dec 01 03:05:02 Saved as file BACKUP1.MAX
Sun Dec 01 03:05:03 Saved as file BACKUP1.MAX
Sun Dec 01 03:05:04 Saved as file BACKUP1.MAX
Sun Dec 01 03:05:04 Saved as file BACKUP1.MAX
Sun Dec 01 03:05:04 Saved as file BACKUP1.MAX
Sun Dec 01 03:05:04 Saved as file BACKUP1.MAX
Sun Dec 01 03:05:04 Saved as file BACKUP1.MAX
Sun Dec 01 03:05:04 Saved as file BACKUP1.MAX
Sun Dec 01 03:05:04 Saved as file BACKUP1.MAX
Sun Dec 01 03:05:04 Saved as file BACKUP1.MAX
Sun Dec 01 03:05:04 Saved as file BACKUP1.MAX
Sun Dec 01 03:05:04 Saved as file BACKUP1.MAX
Sun Dec 01 03:05:04 Saved as file BACKUP1.MAX
Sun Dec 01 03:05:04 Saved as file BACKUP1.MAX
Sun Dec 01 03:05:04 Saved as file BACKUP1.MAX
Sun Dec 01 03:05:04 Saved as file BACKUP1.MAX
Sun Dec 01 03:05:04 Saved as file BACKUP1.MAX
Sun Dec 01 03:05:04 Saved as file BACKUP1.MAX
Sun Dec 01 03:05:04 Saved as file BACKUP1.MAX
Sun Dec 01 03:05:04 Saved as file BACKUP1.MAX
Sun Dec 01 03:05:06 Saved as file BACKUP1.MAX
Sun Dec 01 03:05:06 Saved as file BACKUP1.MAX
Sun Dec 01 03:05:06 Saved as file BACKUP1.MAX
Sun Dec 01 03:05:06 Saved as file BACKUP1.MAX
Sun Dec 01 03:05:06 Saved as file BACKUP1.MAX
Sun Dec 01 03:05:06 Saved as file BACKUP1.MAX
Sun Dec 01 03:05:06 Saved as file BACKUP1.MAX
Sun Dec 01 03:05:06 Saved as file BACKUP1.MAX
Sun Dec 01 03:05:06 Saved as file BACKUP1.MAX
Sun Dec 01 03:05:06 Saved as file BACKUP1.MAX
Sun Dec 01 03:05:06 Saved as file BACKUP1.MAX
Sun Dec 01 03:05:06 Saved as file BACKUP1.MAX
Sun Dec 01 03:05:06 Saved as file BACKUP1.MAX
Sun Dec 01 03:05:06 Saved as file BACKUP1.MAX
Sun Dec 01 03:05:06 Saved as file BACKUP1.MAX
Sun Dec 01 03:05:06 Saved as file BACKUP1.MAX
Sun Dec 01 03:05:06 Saved as file BACKUP1.MAX
Sun Dec 01 03:05:06 Saved as file BACKUP1.MAX
Sun Dec 01 03:05:11 Routed 3 connections in 10 seconds.
Sun Dec 01 03:05:11 Total is now 64 out of 66 (96%).
Sat Dec 07 08:35:30 Loaded file D:\DANH\DANH\DANH\DANH_NEWEST\DANH\DANH'S LIBS\DANHLIB.LLB
Sat Dec 07 08:35:37 Loaded file C:\Program Files\OrCAD\Layout_Plus\data\template.imp
Sat Dec 07 08:37:06 Saved as file D:\DANH\DANH\DANH\DANH_NEWEST\DANH\ORCAD PROJECTS\COMERCIAL PROJECTS\COM_PRJ5\COM_PRJ5_DENNGU_VER1.MAX
Sat Dec 07 08:38:01 Loaded file C:\Program Files\OrCAD\Layout_Plus\data\template.imp
Sat Dec 07 08:38:01 Loaded file C:\Program Files\OrCAD\Layout_Plus\data\template.imp
Sat Dec 07 08:38:03 Loaded file D:\DANH\DANH\DANH\DANH_NEWEST\DANH\DANH'S LIBS\DANHLIB.LLB
Sat Dec 07 08:38:12 Loaded file C:\Program Files\OrCAD\Layout_Plus\data\template.imp
Sat Dec 07 08:43:20 Loaded file D:\DANH\DANH\DANH\DANH_NEWEST\DANH\DANH'S LIBS\DANHLIB.LLB
Sat Dec 07 08:43:20 Saved as file D:\DANH\DANH\DANH\DANH_NEWEST\DANH\DANH'S LIBS\DANHLIB.LLB
Sat Dec 07 08:43:20 Loaded file D:\DANH\DANH\DANH\DANH_NEWEST\DANH\DANH'S LIBS\DANHLIB.LLB
Sat Dec 07 08:43:20 Saved as file D:\DANH\DANH\DANH\DANH_NEWEST\DANH\DANH'S LIBS\DANHLIB.LLB
Sat Dec 07 08:43:43 Loaded file D:\DANH\DANH\DANH\DANH_NEWEST\DANH\DANH'S LIBS\DANHLIB.LLB
Sat Dec 07 08:43:43 Saved as file D:\DANH\DANH\DANH\DANH_NEWEST\DANH\DANH'S LIBS\DANHLIB.LLB
Sat Dec 07 08:43:48 Loaded file C:\Program Files\OrCAD\Layout_Plus\data\template.imp
Sat Dec 07 08:43:49 Loaded file C:\Program Files\OrCAD\Layout_Plus\data\template.imp
Sat Dec 07 08:44:01 Loaded file C:\Program Files\OrCAD\Layout_Plus\library\BCON100T.llb
Sat Dec 07 08:44:01 Loaded file D:\DANH\DANH\DANH\DANH_NEWEST\DANH\DANH'S LIBS\DANHLIB.LLB
Sat Dec 07 08:44:04 Loaded file C:\Program Files\OrCAD\Layout_Plus\data\template.imp
Sat Dec 07 08:44:05 Loaded file C:\Program Files\OrCAD\Layout_Plus\data\template.imp
Sat Dec 07 08:44:06 Loaded file C:\Program Files\OrCAD\Layout_Plus\data\template.imp
Sat Dec 07 08:44:07 Loaded file C:\Program Files\OrCAD\Layout_Plus\data\template.imp
Sat Dec 07 08:44:10 Loaded file C:\Program Files\OrCAD\Layout_Plus\data\template.imp
Sat Dec 07 08:44:11 Loaded file C:\Program Files\OrCAD\Layout_Plus\data\template.imp
Sat Dec 07 08:48:56 Loaded file D:\DANH\DANH\DANH\DANH_NEWEST\DANH\DANH'S LIBS\DANHLIB.LLB
Sat Dec 07 08:48:56 Saved as file D:\DANH\DANH\DANH\DANH_NEWEST\DANH\DANH'S LIBS\DANHLIB.LLB
Sat Dec 07 08:48:56 Loaded file C:\Program Files\OrCAD\Layout_Plus\data\template.imp
Sat Dec 07 08:49:37 Loaded file C:\Program Files\OrCAD\Layout_Plus\data\template.imp
Sat Dec 07 08:49:46 Loaded file D:\DANH\DANH\DANH\DANH_NEWEST\DANH\DANH'S LIBS\DANHLIB.LLB
Sat Dec 07 08:49:46 Saved as file D:\DANH\DANH\DANH\DANH_NEWEST\DANH\DANH'S LIBS\DANHLIB.LLB
Sat Dec 07 08:53:46 Loaded file D:\DANH\DANH\DANH\DANH_NEWEST\DANH\DANH'S LIBS\DANHLIB.LLB
Sat Dec 07 08:53:47 Saved as file D:\DANH\DANH\DANH\DANH_NEWEST\DANH\DANH'S LIBS\DANHLIB.LLB
Sat Dec 07 08:53:50 Loaded file C:\Program Files\OrCAD\Layout_Plus\library\BCON100T.llb
Sat Dec 07 08:53:50 Loaded file D:\DANH\DANH\DANH\DANH_NEWEST\DANH\DANH'S LIBS\DANHLIB.LLB
Sat Dec 07 08:53:55 Loaded file C:\Program Files\OrCAD\Layout_Plus\data\template.imp
Sat Dec 07 08:53:57 Loaded file C:\Program Files\OrCAD\Layout_Plus\data\template.imp
Sat Dec 07 08:54:16 Loaded file D:\DANH\DANH\DANH\DANH_NEWEST\DANH\DANH'S LIBS\DANHLIB.LLB
Sat Dec 07 08:54:16 Saved as file D:\DANH\DANH\DANH\DANH_NEWEST\DANH\DANH'S LIBS\DANHLIB.LLB
Sat Dec 07 08:54:27 Loaded file C:\Program Files\OrCAD\Layout_Plus\data\template.imp
Sat Dec 07 08:54:33 Loaded file C:\Program Files\OrCAD\Layout_Plus\data\template.imp
Sat Dec 07 08:54:33 Loaded file C:\Program Files\OrCAD\Layout_Plus\data\template.imp
Sat Dec 07 08:54:34 Loaded file C:\Program Files\OrCAD\Layout_Plus\data\template.imp
Sat Dec 07 08:54:35 Loaded file C:\Program Files\OrCAD\Layout_Plus\data\template.imp
Sat Dec 07 08:54:39 Loaded file C:\Program Files\OrCAD\Layout_Plus\data\template.imp
Sat Dec 07 08:54:40 Loaded file C:\Program Files\OrCAD\Layout_Plus\data\template.imp
Sat Dec 07 08:54:41 Loaded file C:\Program Files\OrCAD\Layout_Plus\data\template.imp
Sat Dec 07 08:54:43 Loaded file C:\Program Files\OrCAD\Layout_Plus\data\template.imp
Sat Dec 07 08:54:44 Loaded file C:\Program Files\OrCAD\Layout_Plus\data\template.imp
Sat Dec 07 08:54:45 Loaded file C:\Program Files\OrCAD\Layout_Plus\data\template.imp
Sat Dec 07 08:54:48 Loaded file C:\Program Files\OrCAD\Layout_Plus\data\template.imp
Sat Dec 07 08:54:49 Loaded file C:\Program Files\OrCAD\Layout_Plus\data\template.imp
Sat Dec 07 08:54:52 Loaded file C:\Program Files\OrCAD\Layout_Plus\data\template.imp
Sat Dec 07 08:54:55 Loaded file C:\Program Files\OrCAD\Layout_Plus\data\template.imp
Sat Dec 07 08:54:56 Loaded file C:\Program Files\OrCAD\Layout_Plus\data\template.imp
Sat Dec 07 08:54:58 Loaded file C:\Program Files\OrCAD\Layout_Plus\data\template.imp
Sat Dec 07 08:54:59 Loaded file C:\Program Files\OrCAD\Layout_Plus\data\template.imp
Sat Dec 07 08:55:00 Loaded file C:\Program Files\OrCAD\Layout_Plus\data\template.imp
Sat Dec 07 08:55:01 Loaded file C:\Program Files\OrCAD\Layout_Plus\data\template.imp
Sat Dec 07 08:55:01 Loaded file C:\Program Files\OrCAD\Layout_Plus\data\template.imp
Sat Dec 07 08:55:17 Loaded file D:\DANH\DANH\DANH\DANH_NEWEST\DANH\DANH'S LIBS\DANHLIB.LLB
Sat Dec 07 08:55:17 Saved as file D:\DANH\DANH\DANH\DANH_NEWEST\DANH\DANH'S LIBS\DANHLIB.LLB
Sat Dec 07 08:57:46 Loaded file D:\DANH\DANH\DANH\DANH_NEWEST\DANH\DANH'S LIBS\DANHLIB.LLB
Sat Dec 07 08:57:47 Saved as file D:\DANH\DANH\DANH\DANH_NEWEST\DANH\DANH'S LIBS\DANHLIB.LLB
Sat Dec 07 08:57:49 Loaded file C:\Program Files\OrCAD\Layout_Plus\library\BCON100T.llb
Sat Dec 07 08:57:49 Loaded file D:\DANH\DANH\DANH\DANH_NEWEST\DANH\DANH'S LIBS\DANHLIB.LLB
Sat Dec 07 08:58:36 Saved as file BACKUP1.MAX
Sat Dec 07 09:05:07 Saved as file D:\DANH\DANH\DANH\DANH_NEWEST\DANH\ORCAD PROJECTS\COMERCIAL PROJECTS\COM_PRJ5\COM_PRJ5_DENNGU_VER1.MAX
Sat Dec 07 09:05:07 Saved as file D:\DANH\DANH\DANH\DANH_NEWEST\DANH\ORCAD PROJECTS\COMERCIAL PROJECTS\COM_PRJ5\COM_PRJ5_DENNGU_VER1.MAX
Sat Dec 07 09:05:07 Saved as file D:\DANH\DANH\DANH\DANH_NEWEST\DANH\ORCAD PROJECTS\COMERCIAL PROJECTS\COM_PRJ5\COM_PRJ5_DENNGU_VER1.MAX
Sat Dec 07 09:05:07 Saved as file D:\DANH\DANH\DANH\DANH_NEWEST\DANH\ORCAD PROJECTS\COMERCIAL PROJECTS\COM_PRJ5\COM_PRJ5_DENNGU_VER1.MAX
Sat Dec 07 09:05:07 Saved as file D:\DANH\DANH\DANH\DANH_NEWEST\DANH\ORCAD PROJECTS\COMERCIAL PROJECTS\COM_PRJ5\COM_PRJ5_DENNGU_VER1.MAX
Sat Dec 07 09:09:06 Saved as file BACKUP1.MAX
Sat Dec 07 09:09:22 Loaded file C:\Program Files\OrCAD\Layout_Plus\data\template.imp
Sat Dec 07 09:09:22 Loaded file C:\Program Files\OrCAD\Layout_Plus\data\template.imp
Sat Dec 07 09:09:24 Loaded file D:\DANH\DANH\DANH\DANH_NEWEST\DANH\DANH'S LIBS\DANHLIB.LLB
Sat Dec 07 09:09:29 Loaded file C:\Program Files\OrCAD\Layout_Plus\data\template.imp
Sat Dec 07 09:10:15 Loaded file C:\Program Files\OrCAD\Layout_Plus\data\template.imp
Sat Dec 07 09:10:15 Loaded file C:\Program Files\OrCAD\Layout_Plus\data\template.imp
Sat Dec 07 09:10:15 Loaded file C:\Program Files\OrCAD\Layout_Plus\data\template.imp
Sat Dec 07 09:10:15 Loaded file C:\Program Files\OrCAD\Layout_Plus\data\template.imp
Sat Dec 07 09:10:17 Loaded file D:\DANH\DANH\DANH\DANH_NEWEST\DANH\DANH'S LIBS\DANHLIB.LLB
Sat Dec 07 09:10:26 Loaded file C:\Program Files\OrCAD\Layout_Plus\data\template.imp
Sat Dec 07 09:10:34 Loaded file C:\Program Files\OrCAD\Layout_Plus\data\template.imp
Sat Dec 07 09:10:34 Loaded file C:\Program Files\OrCAD\Layout_Plus\data\template.imp
Sat Dec 07 09:10:34 Loaded file C:\Program Files\OrCAD\Layout_Plus\data\template.imp
Sat Dec 07 09:10:34 Loaded file C:\Program Files\OrCAD\Layout_Plus\data\template.imp
Sat Dec 07 09:10:35 Loaded file D:\DANH\DANH\DANH\DANH_NEWEST\DANH\DANH'S LIBS\DANHLIB.LLB
Sat Dec 07 09:10:43 Loaded file C:\Program Files\OrCAD\Layout_Plus\data\template.imp
Sat Dec 07 09:10:50 Loaded file C:\Program Files\OrCAD\Layout_Plus\data\template.imp
Sat Dec 07 09:10:50 Loaded file C:\Program Files\OrCAD\Layout_Plus\data\template.imp
Sat Dec 07 09:10:50 Loaded file C:\Program Files\OrCAD\Layout_Plus\data\template.imp
Sat Dec 07 09:10:50 Loaded file C:\Program Files\OrCAD\Layout_Plus\data\template.imp
Sat Dec 07 09:10:56 Loaded file D:\DANH\DANH\DANH\DANH_NEWEST\DANH\DANH'S LIBS\DANHLIB.LLB
Sat Dec 07 09:11:02 Loaded file C:\Program Files\OrCAD\Layout_Plus\data\template.imp
Sat Dec 07 09:11:17 Loaded file C:\Program Files\OrCAD\Layout_Plus\data\template.imp
Sat Dec 07 09:11:17 Loaded file C:\Program Files\OrCAD\Layout_Plus\data\template.imp
Sat Dec 07 09:11:17 Loaded file C:\Program Files\OrCAD\Layout_Plus\data\template.imp
Sat Dec 07 09:11:17 Loaded file C:\Program Files\OrCAD\Layout_Plus\data\template.imp
Sat Dec 07 09:11:18 Loaded file D:\DANH\DANH\DANH\DANH_NEWEST\DANH\DANH'S LIBS\DANHLIB.LLB
Sat Dec 07 09:11:22 Loaded file C:\Program Files\OrCAD\Layout_Plus\data\template.imp
Sat Dec 07 09:11:42 Loaded file C:\Program Files\OrCAD\Layout_Plus\data\template.imp
Sat Dec 07 09:11:42 Loaded file C:\Program Files\OrCAD\Layout_Plus\data\template.imp
Sat Dec 07 09:11:42 Loaded file C:\Program Files\OrCAD\Layout_Plus\data\template.imp
Sat Dec 07 09:11:42 Loaded file C:\Program Files\OrCAD\Layout_Plus\data\template.imp
Sat Dec 07 09:11:43 Loaded file D:\DANH\DANH\DANH\DANH_NEWEST\DANH\DANH'S LIBS\DANHLIB.LLB
Sat Dec 07 09:11:47 Loaded file C:\Program Files\OrCAD\Layout_Plus\data\template.imp
Sat Dec 07 09:13:05 Saved as file D:\DANH\DANH\DANH\DANH_NEWEST\DANH\ORCAD PROJECTS\COMERCIAL PROJECTS\COM_PRJ5\COM_PRJ5_DENNGU_VER1.MAX
Sat Dec 07 09:13:05 Saved as file D:\DANH\DANH\DANH\DANH_NEWEST\DANH\ORCAD PROJECTS\COMERCIAL PROJECTS\COM_PRJ5\COM_PRJ5_DENNGU_VER1.MAX
Sat Dec 07 09:13:24 Loaded file C:\Program Files\OrCAD\Layout_Plus\data\template.imp
Sat Dec 07 09:13:24 Loaded file C:\Program Files\OrCAD\Layout_Plus\data\template.imp
Sat Dec 07 09:13:24 Loaded file C:\Program Files\OrCAD\Layout_Plus\data\template.imp
Sat Dec 07 09:13:24 Loaded file C:\Program Files\OrCAD\Layout_Plus\data\template.imp
Sat Dec 07 09:13:25 Loaded file D:\DANH\DANH\DANH\DANH_NEWEST\DANH\DANH'S LIBS\DANHLIB.LLB
Sat Dec 07 09:13:29 Loaded file C:\Program Files\OrCAD\Layout_Plus\data\template.imp
Sat Dec 07 09:13:53 Loaded file C:\Program Files\OrCAD\Layout_Plus\data\template.imp
Sat Dec 07 09:13:53 Loaded file C:\Program Files\OrCAD\Layout_Plus\data\template.imp
Sat Dec 07 09:13:54 Loaded file D:\DANH\DANH\DANH\DANH_NEWEST\DANH\DANH'S LIBS\DANHLIB.LLB
Sat Dec 07 09:13:59 Loaded file C:\Program Files\OrCAD\Layout_Plus\data\template.imp
Sat Dec 07 09:15:19 Loaded file D:\DANH\DANH\DANH\DANH_NEWEST\DANH\DANH'S LIBS\DANHLIB.LLB
Sat Dec 07 09:15:19 Saved as file D:\DANH\DANH\DANH\DANH_NEWEST\DANH\DANH'S LIBS\DANHLIB.LLB
Sat Dec 07 09:15:19 Loaded file D:\DANH\DANH\DANH\DANH_NEWEST\DANH\DANH'S LIBS\DANHLIB.LLB
Sat Dec 07 09:15:19 Saved as file D:\DANH\DANH\DANH\DANH_NEWEST\DANH\DANH'S LIBS\DANHLIB.LLB
Sat Dec 07 09:15:28 Loaded file C:\Program Files\OrCAD\Layout_Plus\data\template.imp
Sat Dec 07 09:15:28 Loaded file C:\Program Files\OrCAD\Layout_Plus\data\template.imp
Sat Dec 07 09:15:28 Loaded file C:\Program Files\OrCAD\Layout_Plus\data\template.imp
Sat Dec 07 09:15:28 Loaded file C:\Program Files\OrCAD\Layout_Plus\data\template.imp
Sat Dec 07 09:15:29 Loaded file D:\DANH\DANH\DANH\DANH_NEWEST\DANH\DANH'S LIBS\DANHLIB.LLB
Sat Dec 07 09:15:33 Loaded file C:\Program Files\OrCAD\Layout_Plus\data\template.imp
Sat Dec 07 09:16:15 Loaded file C:\Program Files\OrCAD\Layout_Plus\data\template.imp
Sat Dec 07 09:16:15 Loaded file C:\Program Files\OrCAD\Layout_Plus\data\template.imp
Sat Dec 07 09:16:16 Loaded file D:\DANH\DANH\DANH\DANH_NEWEST\DANH\DANH'S LIBS\DANHLIB.LLB
Sat Dec 07 09:16:21 Loaded file C:\Program Files\OrCAD\Layout_Plus\data\template.imp
Sat Dec 07 09:16:23 Loaded file C:\Program Files\OrCAD\Layout_Plus\data\template.imp
Sat Dec 07 09:16:38 Loaded file C:\Program Files\OrCAD\Layout_Plus\data\template.imp
Sat Dec 07 09:16:38 Loaded file C:\Program Files\OrCAD\Layout_Plus\data\template.imp
Sat Dec 07 09:16:40 Loaded file D:\DANH\DANH\DANH\DANH_NEWEST\DANH\DANH'S LIBS\DANHLIB.LLB
Sat Dec 07 09:16:44 Loaded file C:\Program Files\OrCAD\Layout_Plus\data\template.imp
Sat Dec 07 09:17:00 Loaded file C:\Program Files\OrCAD\Layout_Plus\data\template.imp
Sat Dec 07 09:17:10 Loaded file C:\Program Files\OrCAD\Layout_Plus\data\template.imp
Sat Dec 07 09:17:38 Loaded file C:\Program Files\OrCAD\Layout_Plus\data\template.imp
Sat Dec 07 09:17:42 Loaded file C:\Program Files\OrCAD\Layout_Plus\data\template.imp
Sat Dec 07 09:19:13 Loaded file D:\DANH\DANH\DANH\DANH_NEWEST\DANH\DANH'S LIBS\DANHLIB.LLB
Sat Dec 07 09:19:13 Saved as file D:\DANH\DANH\DANH\DANH_NEWEST\DANH\DANH'S LIBS\DANHLIB.LLB
Sat Dec 07 09:19:22 Loaded file C:\Program Files\OrCAD\Layout_Plus\data\template.imp
Sat Dec 07 09:19:22 Loaded file C:\Program Files\OrCAD\Layout_Plus\data\template.imp
Sat Dec 07 09:19:22 Loaded file C:\Program Files\OrCAD\Layout_Plus\data\template.imp
Sat Dec 07 09:19:22 Loaded file C:\Program Files\OrCAD\Layout_Plus\data\template.imp
Sat Dec 07 09:19:23 Loaded file D:\DANH\DANH\DANH\DANH_NEWEST\DANH\DANH'S LIBS\DANHLIB.LLB
Sat Dec 07 09:19:27 Loaded file C:\Program Files\OrCAD\Layout_Plus\data\template.imp
Sat Dec 07 09:20:29 Loaded file C:\Program Files\OrCAD\Layout_Plus\data\template.imp
Sat Dec 07 09:20:29 Loaded file C:\Program Files\OrCAD\Layout_Plus\data\template.imp
Sat Dec 07 09:20:31 Loaded file D:\DANH\DANH\DANH\DANH_NEWEST\DANH\DANH'S LIBS\DANHLIB.LLB
Sat Dec 07 09:20:33 Loaded file C:\Program Files\OrCAD\Layout_Plus\data\template.imp
Sat Dec 07 09:20:53 Loaded file C:\Program Files\OrCAD\Layout_Plus\data\template.imp
Sat Dec 07 09:21:14 Loaded file C:\Program Files\OrCAD\Layout_Plus\data\template.imp
Sat Dec 07 09:22:01 Loaded file D:\DANH\DANH\DANH\DANH_NEWEST\DANH\DANH'S LIBS\DANHLIB.LLB
Sat Dec 07 09:22:01 Saved as file D:\DANH\DANH\DANH\DANH_NEWEST\DANH\DANH'S LIBS\DANHLIB.LLB
Sat Dec 07 09:22:06 Saved as file BACKUP1.MAX
Sat Dec 07 09:22:10 Loaded file C:\Program Files\OrCAD\Layout_Plus\data\template.imp
Sat Dec 07 09:22:10 Loaded file C:\Program Files\OrCAD\Layout_Plus\data\template.imp
Sat Dec 07 09:22:10 Loaded file C:\Program Files\OrCAD\Layout_Plus\data\template.imp
Sat Dec 07 09:22:10 Loaded file C:\Program Files\OrCAD\Layout_Plus\data\template.imp
Sat Dec 07 09:22:11 Loaded file D:\DANH\DANH\DANH\DANH_NEWEST\DANH\DANH'S LIBS\DANHLIB.LLB
Sat Dec 07 09:22:16 Loaded file C:\Program Files\OrCAD\Layout_Plus\data\template.imp
Sat Dec 07 09:22:34 Loaded file C:\Program Files\OrCAD\Layout_Plus\data\template.imp
Sat Dec 07 09:22:34 Loaded file C:\Program Files\OrCAD\Layout_Plus\data\template.imp
Sat Dec 07 09:22:34 Loaded file C:\Program Files\OrCAD\Layout_Plus\data\template.imp
Sat Dec 07 09:22:34 Loaded file C:\Program Files\OrCAD\Layout_Plus\data\template.imp
Sat Dec 07 09:22:35 Loaded file D:\DANH\DANH\DANH\DANH_NEWEST\DANH\DANH'S LIBS\DANHLIB.LLB
Sat Dec 07 09:22:39 Loaded file C:\Program Files\OrCAD\Layout_Plus\data\template.imp
Sat Dec 07 09:22:47 Loaded file C:\Program Files\OrCAD\Layout_Plus\data\template.imp
Sat Dec 07 09:22:47 Loaded file C:\Program Files\OrCAD\Layout_Plus\data\template.imp
Sat Dec 07 09:22:47 Loaded file C:\Program Files\OrCAD\Layout_Plus\data\template.imp
Sat Dec 07 09:22:47 Loaded file C:\Program Files\OrCAD\Layout_Plus\data\template.imp
Sat Dec 07 09:22:49 Loaded file D:\DANH\DANH\DANH\DANH_NEWEST\DANH\DANH'S LIBS\DANHLIB.LLB
Sat Dec 07 09:22:53 Loaded file C:\Program Files\OrCAD\Layout_Plus\data\template.imp
Sat Dec 07 09:23:02 Loaded file C:\Program Files\OrCAD\Layout_Plus\data\template.imp
Sat Dec 07 09:23:02 Loaded file C:\Program Files\OrCAD\Layout_Plus\data\template.imp
Sat Dec 07 09:23:02 Loaded file C:\Program Files\OrCAD\Layout_Plus\data\template.imp
Sat Dec 07 09:23:02 Loaded file C:\Program Files\OrCAD\Layout_Plus\data\template.imp
Sat Dec 07 09:23:03 Loaded file D:\DANH\DANH\DANH\DANH_NEWEST\DANH\DANH'S LIBS\DANHLIB.LLB
Sat Dec 07 09:23:06 Loaded file C:\Program Files\OrCAD\Layout_Plus\data\template.imp
Sat Dec 07 09:25:31 Saved as file D:\DANH\DANH\DANH\DANH_NEWEST\DANH\ORCAD PROJECTS\COMERCIAL PROJECTS\COM_PRJ5\COM_PRJ5_DENNGU_VER1.MAX
Sat Dec 07 09:25:31 Saved as file D:\DANH\DANH\DANH\DANH_NEWEST\DANH\ORCAD PROJECTS\COMERCIAL PROJECTS\COM_PRJ5\COM_PRJ5_DENNGU_VER1.MAX
Sat Dec 07 09:25:31 Saved as file D:\DANH\DANH\DANH\DANH_NEWEST\DANH\ORCAD PROJECTS\COMERCIAL PROJECTS\COM_PRJ5\COM_PRJ5_DENNGU_VER1.MAX
Sat Dec 07 09:33:36 Saved as file BACKUP1.MAX
Sat Dec 07 09:42:24 Saved as file D:\DANH\DANH\DANH\DANH_NEWEST\DANH\ORCAD PROJECTS\COMERCIAL PROJECTS\COM_PRJ5\COM_PRJ5_DENNGU_VER1.MAX
Sat Dec 07 09:42:24 Saved as file D:\DANH\DANH\DANH\DANH_NEWEST\DANH\ORCAD PROJECTS\COMERCIAL PROJECTS\COM_PRJ5\COM_PRJ5_DENNGU_VER1.MAX
Sat Dec 07 09:44:06 Saved as file BACKUP1.MAX
Sat Dec 07 09:46:24 Loaded file C:\Program Files\OrCAD\Layout_Plus\data\template.imp
Sat Dec 07 09:46:24 Loaded file C:\Program Files\OrCAD\Layout_Plus\data\template.imp
Sat Dec 07 09:46:24 Loaded file C:\Program Files\OrCAD\Layout_Plus\data\template.imp
Sat Dec 07 09:46:24 Loaded file C:\Program Files\OrCAD\Layout_Plus\data\template.imp
Sat Dec 07 09:46:25 Loaded file D:\DANH\DANH\DANH\DANH_NEWEST\DANH\DANH'S LIBS\DANHLIB.LLB
Sat Dec 07 09:46:30 Loaded file C:\Program Files\OrCAD\Layout_Plus\data\template.imp
Sat Dec 07 09:46:50 Loaded file C:\Program Files\OrCAD\Layout_Plus\data\template.imp
Sat Dec 07 09:46:50 Loaded file C:\Program Files\OrCAD\Layout_Plus\data\template.imp
Sat Dec 07 09:46:51 Loaded file D:\DANH\DANH\DANH\DANH_NEWEST\DANH\DANH'S LIBS\DANHLIB.LLB
Sat Dec 07 09:46:56 Loaded file C:\Program Files\OrCAD\Layout_Plus\data\template.imp
Sat Dec 07 09:47:58 Saved as file D:\DANH\DANH\DANH\DANH_NEWEST\DANH\ORCAD PROJECTS\COMERCIAL PROJECTS\COM_PRJ5\COM_PRJ5_DENNGU_VER1.MAX
Sat Dec 07 09:48:09 Saved as file D:\DANH\DANH\DANH\DANH_NEWEST\DANH\ORCAD PROJECTS\COMERCIAL PROJECTS\COM_PRJ5\COM_PRJ5_DENNGU_VER1.MAX
Sat Dec 07 09:48:25 Saved as file D:\DANH\DANH\DANH\DANH_NEWEST\DANH\ORCAD PROJECTS\COMERCIAL PROJECTS\COM_PRJ5\COM_PRJ5_DENNGU_VER1.MAX
Sat Dec 07 09:54:16 Loaded file C:\Program Files\OrCAD\Layout_Plus\data\template.imp
Sat Dec 07 09:54:16 Loaded file C:\Program Files\OrCAD\Layout_Plus\data\template.imp
Sat Dec 07 09:54:18 Loaded file D:\DANH\DANH\DANH\DANH_NEWEST\DANH\DANH'S LIBS\DANHLIB.LLB
Sat Dec 07 09:54:38 Loaded file C:\Program Files\OrCAD\Layout_Plus\data\template.imp
Sat Dec 07 09:54:54 Loaded file C:\Program Files\OrCAD\Layout_Plus\library\padstack.llb
Sat Dec 07 09:55:06 Saved as file BACKUP1.MAX
Sat Dec 07 09:55:23 Loaded file C:\Program Files\OrCAD\Layout_Plus\data\template.imp
Sat Dec 07 09:55:23 Loaded file C:\Program Files\OrCAD\Layout_Plus\data\template.imp
Sat Dec 07 09:55:23 Loaded file C:\Program Files\OrCAD\Layout_Plus\data\template.imp
Sat Dec 07 09:55:23 Loaded file C:\Program Files\OrCAD\Layout_Plus\data\template.imp
Wed Dec 18 01:08:04 Loaded file C:\Program Files\OrCAD\Layout_Plus\data\template.imp
Wed Dec 18 01:08:06 Loaded file D:\DANH\DANH\DANH_NEWEST\DANH\DANH'S LIBS\DANHLIB.LLB
Wed Dec 18 01:08:09 Loaded file C:\Program Files\OrCAD\Layout_Plus\data\template.imp
Wed Dec 18 01:08:18 Loaded file C:\Program Files\OrCAD\Layout_Plus\data\template.imp
Wed Dec 18 01:08:18 Loaded file C:\Program Files\OrCAD\Layout_Plus\data\template.imp
Wed Dec 18 01:08:18 Loaded file C:\Program Files\OrCAD\Layout_Plus\data\template.imp
Wed Dec 18 01:08:18 Loaded file C:\Program Files\OrCAD\Layout_Plus\data\template.imp
Wed Dec 18 01:08:27 Loaded file D:\DANH\DANH\DANH_NEWEST\DANH\DANH'S LIBS\DANHLIB.LLB
Wed Dec 18 01:08:31 Loaded file C:\Program Files\OrCAD\Layout_Plus\data\template.imp
Wed Dec 18 01:08:34 Loaded file C:\Program Files\OrCAD\Layout_Plus\data\template.imp
Wed Dec 18 01:08:35 Loaded file C:\Program Files\OrCAD\Layout_Plus\data\template.imp
Wed Dec 18 01:08:45 Loaded file C:\Program Files\OrCAD\Layout_Plus\data\template.imp
Wed Dec 18 01:08:45 Loaded file C:\Program Files\OrCAD\Layout_Plus\data\template.imp
Wed Dec 18 01:08:45 Loaded file C:\Program Files\OrCAD\Layout_Plus\data\template.imp
Wed Dec 18 01:08:45 Loaded file C:\Program Files\OrCAD\Layout_Plus\data\template.imp
Wed Dec 18 01:08:46 Loaded file D:\DANH\DANH\DANH_NEWEST\DANH\DANH'S LIBS\DANHLIB.LLB
Wed Dec 18 01:08:47 Loaded file C:\Program Files\OrCAD\Layout_Plus\data\template.imp
Wed Dec 18 01:10:42 Saved as file D:\DANH\DANH\DANH_NEWEST\DANH\ORCAD PROJECTS\COMERCIAL PROJECTS\COM_PRJ20(CONTROL)\COM_PRJ20_VER7.MAX
Wed Dec 18 01:14:19 Saved as file D:\DANH\DANH\DANH_NEWEST\DANH\ORCAD PROJECTS\COMERCIAL PROJECTS\COM_PRJ20(CONTROL)\COM_PRJ20_VER7.MAX
Wed Dec 18 01:14:26 Saved as file BACKUP1.MAX
Wed Dec 18 01:15:01 Saved as file D:\DANH\DANH\DANH_NEWEST\DANH\ORCAD PROJECTS\COMERCIAL PROJECTS\COM_PRJ20(CONTROL)\COM_PRJ20_VER7.MAX
Wed Dec 18 01:20:18 Saved as file D:\DANH\DANH\DANH_NEWEST\DANH\ORCAD PROJECTS\COMERCIAL PROJECTS\COM_PRJ20(CONTROL)\COM_PRJ20_VER7.MAX
Wed Dec 18 01:21:45 Loaded file C:\Program Files\OrCAD\Layout_Plus\data\template.imp
Wed Dec 18 01:21:45 Loaded file C:\Program Files\OrCAD\Layout_Plus\data\template.imp
Wed Dec 18 01:21:45 Loaded file C:\Program Files\OrCAD\Layout_Plus\data\template.imp
Wed Dec 18 01:21:45 Loaded file C:\Program Files\OrCAD\Layout_Plus\data\template.imp
Wed Dec 18 01:21:48 Loaded file C:\Program Files\OrCAD\Layout_Plus\data\template.imp
Wed Dec 18 01:22:00 Loaded file C:\Program Files\OrCAD\Layout_Plus\data\template.imp
Wed Dec 18 01:22:00 Loaded file C:\Program Files\OrCAD\Layout_Plus\data\template.imp
Wed Dec 18 01:22:00 Loaded file C:\Program Files\OrCAD\Layout_Plus\data\template.imp
Wed Dec 18 01:22:00 Loaded file C:\Program Files\OrCAD\Layout_Plus\data\template.imp
Wed Dec 18 01:22:01 Loaded file D:\DANH\DANH\DANH_NEWEST\DANH\DANH'S LIBS\DANHLIB.LLB
Wed Dec 18 01:22:13 Loaded file C:\Program Files\OrCAD\Layout_Plus\data\template.imp
Wed Dec 18 01:22:14 Loaded file C:\Program Files\OrCAD\Layout_Plus\data\template.imp
Wed Dec 18 01:22:15 Loaded file C:\Program Files\OrCAD\Layout_Plus\data\template.imp
Wed Dec 18 01:22:16 Loaded file C:\Program Files\OrCAD\Layout_Plus\data\template.imp
Wed Dec 18 01:22:17 Loaded file C:\Program Files\OrCAD\Layout_Plus\data\template.imp
Wed Dec 18 01:22:18 Loaded file C:\Program Files\OrCAD\Layout_Plus\data\template.imp
Wed Dec 18 01:22:21 Loaded file C:\Program Files\OrCAD\Layout_Plus\data\template.imp
Wed Dec 18 01:22:22 Loaded file C:\Program Files\OrCAD\Layout_Plus\data\template.imp
Wed Dec 18 01:22:24 Loaded file C:\Program Files\OrCAD\Layout_Plus\data\template.imp
Wed Dec 18 01:22:24 Loaded file C:\Program Files\OrCAD\Layout_Plus\data\template.imp
Wed Dec 18 01:22:25 Loaded file C:\Program Files\OrCAD\Layout_Plus\data\template.imp
Wed Dec 18 01:22:33 Loaded file C:\Program Files\OrCAD\Layout_Plus\data\template.imp
Wed Dec 18 01:22:34 Loaded file C:\Program Files\OrCAD\Layout_Plus\data\template.imp
Wed Dec 18 01:22:35 Loaded file C:\Program Files\OrCAD\Layout_Plus\data\template.imp
Wed Dec 18 01:22:35 Loaded file C:\Program Files\OrCAD\Layout_Plus\data\template.imp
Wed Dec 18 01:22:36 Loaded file C:\Program Files\OrCAD\Layout_Plus\data\template.imp
Wed Dec 18 01:22:54 Loaded file C:\Program Files\OrCAD\Layout_Plus\data\template.imp
Wed Dec 18 01:22:54 Loaded file C:\Program Files\OrCAD\Layout_Plus\data\template.imp
Wed Dec 18 01:22:54 Loaded file C:\Program Files\OrCAD\Layout_Plus\data\template.imp
Wed Dec 18 01:22:54 Loaded file C:\Program Files\OrCAD\Layout_Plus\data\template.imp
Wed Dec 18 01:22:55 Loaded file D:\DANH\DANH\DANH_NEWEST\DANH\DANH'S LIBS\DANHLIB.LLB
Wed Dec 18 01:23:07 Loaded file C:\Program Files\OrCAD\Layout_Plus\data\template.imp
Wed Dec 18 01:25:56 Saved as file BACKUP1.MAX
Wed Dec 18 01:36:26 Saved as file BACKUP1.MAX
Wed Dec 18 01:46:56 Saved as file BACKUP1.MAX
Wed Dec 18 01:49:59 Loaded file C:\Program Files\OrCAD\Layout_Plus\data\template.imp
Wed Dec 18 01:49:59 Loaded file C:\Program Files\OrCAD\Layout_Plus\data\template.imp
Wed Dec 18 01:50:00 Loaded file D:\DANH\DANH\DANH_NEWEST\DANH\DANH'S LIBS\DANHLIB.LLB
Wed Dec 18 01:50:09 Loaded file C:\Program Files\OrCAD\Layout_Plus\data\template.imp
Wed Dec 18 01:53:09 Loaded file C:\Program Files\OrCAD\Layout_Plus\data\template.imp
Wed Dec 18 01:53:09 Loaded file C:\Program Files\OrCAD\Layout_Plus\data\template.imp
Wed Dec 18 01:53:10 Loaded file D:\DANH\DANH\DANH_NEWEST\DANH\DANH'S LIBS\DANHLIB.LLB
Wed Dec 18 01:53:14 Loaded file C:\Program Files\OrCAD\Layout_Plus\data\template.imp
Wed Dec 18 01:53:15 Loaded file C:\Program Files\OrCAD\Layout_Plus\data\template.imp
Wed Dec 18 01:53:21 Loaded file C:\Program Files\OrCAD\Layout_Plus\data\template.imp
Wed Dec 18 01:53:23 Loaded file C:\Program Files\OrCAD\Layout_Plus\data\template.imp
Wed Dec 18 01:53:24 Loaded file C:\Program Files\OrCAD\Layout_Plus\data\template.imp
Wed Dec 18 01:54:27 Saved as file D:\DANH\DANH\DANH_NEWEST\DANH\ORCAD PROJECTS\COMERCIAL PROJECTS\COM_PRJ20(CONTROL)\COM_PRJ20_VER7.MAX
Wed Dec 18 01:54:27 Saved as file D:\DANH\DANH\DANH_NEWEST\DANH\ORCAD PROJECTS\COMERCIAL PROJECTS\COM_PRJ20(CONTROL)\COM_PRJ20_VER7.MAX
Wed Dec 18 01:57:56 Saved as file BACKUP1.MAX
Wed Dec 18 01:59:09 Saved as file D:\DANH\DANH\DANH_NEWEST\DANH\ORCAD PROJECTS\COMERCIAL PROJECTS\COM_PRJ20(CONTROL)\COM_PRJ20_VER7.MAX
Sat Nov 22 18:31:43 Loaded file C:\WORKINGSPACE\DANH\DANHLL\DANH'S LIBS\DANHLIB.LLB
Sat Nov 22 18:31:49 Loaded file C:\Program Files\Orcad\Layout_Plus\data\template.imp
Sat Nov 22 18:31:52 Loaded file C:\Program Files\Orcad\Layout_Plus\data\template.imp
Sat Nov 22 18:31:54 Loaded file C:\Program Files\Orcad\Layout_Plus\data\template.imp
Sat Nov 22 18:31:58 Loaded file C:\Program Files\Orcad\Layout_Plus\data\template.imp
Sat Nov 22 18:32:24 Loaded file C:\Program Files\Orcad\Layout_Plus\data\template.imp
Sat Nov 22 18:32:24 Loaded file C:\Program Files\Orcad\Layout_Plus\data\template.imp
Sat Nov 22 18:32:25 Loaded file C:\WORKINGSPACE\DANH\DANHLL\DANH'S LIBS\DANHLIB.LLB
Sat Nov 22 18:32:29 Loaded file C:\Program Files\Orcad\Layout_Plus\data\template.imp
Sat Nov 22 18:32:49 Loaded file C:\WORKINGSPACE\DANH\DANHLL\DANH'S LIBS\DANHLIB.LLB
Sat Nov 22 18:32:49 Saved as file C:\WORKINGSPACE\DANH\DANHLL\DANH'S LIBS\DANHLIB.LLB
Sat Nov 22 18:33:01 Loaded file C:\WORKINGSPACE\DANH\DANHLL\DANH'S LIBS\DANHLIB.LLB
Sat Nov 22 18:33:01 Saved as file C:\WORKINGSPACE\DANH\DANHLL\DANH'S LIBS\DANHLIB.LLB
Sat Nov 22 18:34:05 Loaded file C:\WORKINGSPACE\DANH\DANHLL\DANH'S LIBS\DANHLIB.LLB
Sat Nov 22 18:34:05 Saved as file C:\WORKINGSPACE\DANH\DANHLL\DANH'S LIBS\DANHLIB.LLB
Sat Nov 22 18:34:22 Loaded file C:\Program Files\Orcad\Layout_Plus\data\template.imp
Sat Nov 22 18:34:22 Loaded file C:\Program Files\Orcad\Layout_Plus\data\template.imp
Sat Nov 22 18:34:22 Loaded file C:\Program Files\Orcad\Layout_Plus\data\template.imp
Sat Nov 22 18:34:22 Loaded file C:\Program Files\Orcad\Layout_Plus\data\template.imp
Sat Nov 22 18:34:24 Loaded file C:\WORKINGSPACE\DANH\DANHLL\DANH'S LIBS\DANHLIB.LLB
Sat Nov 22 18:34:26 Loaded file C:\Program Files\Orcad\Layout_Plus\data\template.imp
Sat Nov 22 18:37:02 Saved as file C:\WORKINGSPACE\DANH\DANHLL\ORCAD PROJECTS\COMERCIAL PROJECTS\COM_PRJ5\COM_PRJ5_DENNGU_VER4.MAX
Sat Nov 22 18:37:05 Saved as file C:\WORKINGSPACE\DANH\DANHLL\ORCAD PROJECTS\COMERCIAL PROJECTS\COM_PRJ5\COM_PRJ5_DENNGU_VER4.MAX
Sat Nov 22 18:37:05 Saved as file C:\WORKINGSPACE\DANH\DANHLL\ORCAD PROJECTS\COMERCIAL PROJECTS\COM_PRJ5\COM_PRJ5_DENNGU_VER4.MAX
Sat Nov 22 18:38:07 Saved as file C:\WORKINGSPACE\DANH\DANHLL\ORCAD PROJECTS\COMERCIAL PROJECTS\COM_PRJ5\COM_PRJ5_DENNGU_VER4.MAX
Sat Nov 22 18:38:12 Saved as file C:\WORKINGSPACE\DANH\DANHLL\ORCAD PROJECTS\COMERCIAL PROJECTS\COM_PRJ5\COM_PRJ5_DENNGU_VER4.MAX
Sat Nov 22 18:38:36 Saved as file C:\WORKINGSPACE\DANH\DANHLL\ORCAD PROJECTS\COMERCIAL PROJECTS\COM_PRJ5\COM_PRJ5_DENNGU_VER4.MAX
Sat Nov 22 18:38:41 Saved as file C:\WORKINGSPACE\DANH\DANHLL\ORCAD PROJECTS\COMERCIAL PROJECTS\COM_PRJ5\COM_PRJ5_DENNGU_VER4.MAX
Sat Nov 22 18:39:42 Saved as file C:\WORKINGSPACE\DANH\DANHLL\ORCAD PROJECTS\COMERCIAL PROJECTS\COM_PRJ5\COM_PRJ5_DENNGU_VER4.MAX
Sat Nov 22 18:40:12 Saved as file C:\WORKINGSPACE\DANH\DANHLL\ORCAD PROJECTS\COMERCIAL PROJECTS\COM_PRJ5\COM_PRJ5_DENNGU_VER4.MAX
Sat Nov 22 18:41:12 Saved as file C:\WORKINGSPACE\DANH\DANHLL\ORCAD PROJECTS\COMERCIAL PROJECTS\COM_PRJ5\COM_PRJ5_DENNGU_VER4.MAX
Sat Nov 22 18:43:23 Saved as file BACKUP1.MAX
Sat Nov 22 18:43:25 Saved as file C:\WORKINGSPACE\DANH\DANHLL\ORCAD PROJECTS\COMERCIAL PROJECTS\COM_PRJ5\COM_PRJ5_DENNGU_VER4.MAX
Sat Nov 22 18:43:55 Saved as file C:\WORKINGSPACE\DANH\DANHLL\ORCAD PROJECTS\COMERCIAL PROJECTS\COM_PRJ5\COM_PRJ5_DENNGU_VER4.MAX
Sat Nov 22 18:44:26 Saved as file C:\WORKINGSPACE\DANH\DANHLL\ORCAD PROJECTS\COMERCIAL PROJECTS\COM_PRJ5\COM_PRJ5_DENNGU_VER4.MAX
Sat Nov 22 18:44:41 Saved as file C:\WORKINGSPACE\DANH\DANHLL\ORCAD PROJECTS\COMERCIAL PROJECTS\COM_PRJ5\COM_PRJ5_DENNGU_VER4.MAX
Sat Nov 22 18:45:23 Saved as file C:\WORKINGSPACE\DANH\DANHLL\ORCAD PROJECTS\COMERCIAL PROJECTS\COM_PRJ5\COM_PRJ5_DENNGU_VER4.MAX
Sat Nov 22 18:45:31 Saved as file C:\WORKINGSPACE\DANH\DANHLL\ORCAD PROJECTS\COMERCIAL PROJECTS\COM_PRJ5\COM_PRJ5_DENNGU_VER4.MAX
Sat Nov 22 18:46:06 Saved as file C:\WORKINGSPACE\DANH\DANHLL\ORCAD PROJECTS\COMERCIAL PROJECTS\COM_PRJ5\COM_PRJ5_DENNGU_VER4.MAX
Sat Nov 22 18:46:26 Saved as file C:\WORKINGSPACE\DANH\DANHLL\ORCAD PROJECTS\COMERCIAL PROJECTS\COM_PRJ5\COM_PRJ5_DENNGU_VER4.MAX
Sat Nov 22 18:46:56 Saved as file C:\WORKINGSPACE\DANH\DANHLL\ORCAD PROJECTS\COMERCIAL PROJECTS\COM_PRJ5\COM_PRJ5_DENNGU_VER4.MAX
Sat Nov 22 18:47:19 Saved as file C:\WORKINGSPACE\DANH\DANHLL\ORCAD PROJECTS\COMERCIAL PROJECTS\COM_PRJ5\COM_PRJ5_DENNGU_VER4.MAX
Sat Nov 22 18:48:25 Saved as file C:\WORKINGSPACE\DANH\DANHLL\ORCAD PROJECTS\COMERCIAL PROJECTS\COM_PRJ5\COM_PRJ5_DENNGU_VER4.MAX
Sat Nov 22 18:49:36 Saved as file C:\WORKINGSPACE\DANH\DANHLL\ORCAD PROJECTS\COMERCIAL PROJECTS\COM_PRJ5\COM_PRJ5_DENNGU_VER4.MAX
Sat Nov 22 18:53:23 Saved as file BACKUP1.MAX
Wed Mar 16 22:13:40 Loaded file D:\WORKING\WORKING\DANHLL\DANH'S LIBS\DANHLIB.LLB
Wed Mar 16 22:13:52 Loaded file D:\WORKING\WORKING\DANHLL\DANH'S LIBS\THU VIEN ORCAD FULL\THU VIEN ORCAD FULL\LAYOUT FULL\CAPITOR.LLB
Wed Mar 16 22:13:55 Loaded file D:\WORKING\WORKING\DANHLL\DANH'S LIBS\DANHLIB.LLB
Wed Mar 16 22:13:57 Loaded file D:\WORKING\WORKING\DANHLL\DANH'S LIBS\DANHLIB.LLB
Wed Mar 16 22:13:57 Loaded file D:\WORKING\WORKING\DANHLL\DANH'S LIBS\THU VIEN ORCAD FULL\THU VIEN ORCAD FULL\LAYOUT FULL\CAPITOR.LLB
Wed Mar 16 22:13:57 Loaded file D:\WORKING\WORKING\DANHLL\DANH'S LIBS\THU VIEN ORCAD FULL\THU VIEN ORCAD FULL\LAYOUT FULL\CHIP DAN SMD.LLB
Wed Mar 16 22:13:57 Loaded file D:\WORKING\WORKING\DANHLL\DANH'S LIBS\THU VIEN ORCAD FULL\THU VIEN ORCAD FULL\LAYOUT FULL\THU VIEN LAYOUT BETA.LLB
Wed Mar 16 22:13:57 Loaded file D:\WORKING\WORKING\DANHLL\DANH'S LIBS\THU VIEN ORCAD FULL\THU VIEN ORCAD FULL\LAYOUT FULL\THU VIEN.LLB
Wed Mar 16 22:13:57 Loaded file D:\WORKING\WORKING\DANHLL\DANH'S LIBS\THU VIEN ORCAD FULL\THU VIEN ORCAD FULL\LAYOUT FULL\TRANSITROR.LLB
Wed Mar 16 22:13:57 Loaded file D:\WORKING\WORKING\DANHLL\DANH'S LIBS\ORCAD-FOOTPRINT-LIB\CHUAN.LLB
Wed Mar 16 22:13:57 Loaded file D:\WORKING\WORKING\DANHLL\DANH'S LIBS\ORCAD-FOOTPRINT-LIB\GIAIMA.LLB
Wed Mar 16 22:13:57 Loaded file C:\Program Files\Orcad\Layout_Plus\library\BCON100T.llb
Wed Mar 16 22:13:57 Loaded file C:\Program Files\Orcad\Layout_Plus\library\BCON156T.llb
Wed Mar 16 22:13:57 Loaded file C:\Program Files\Orcad\Layout_Plus\library\BGA.llb
Wed Mar 16 22:13:57 Loaded file C:\Program Files\Orcad\Layout_Plus\library\CLCC.llb
Wed Mar 16 22:13:57 Loaded file C:\Program Files\Orcad\Layout_Plus\library\DCON050T.llb
Wed Mar 16 22:13:57 Loaded file C:\Program Files\Orcad\Layout_Plus\library\DCON085T.llb
Wed Mar 16 22:13:57 Loaded file C:\Program Files\Orcad\Layout_Plus\library\DIMM050F.llb
Wed Mar 16 22:13:57 Loaded file C:\Program Files\Orcad\Layout_Plus\library\DIMM050T.llb
Wed Mar 16 22:13:57 Loaded file C:\Program Files\Orcad\Layout_Plus\library\DIN.llb
Wed Mar 16 22:13:57 Loaded file C:\Program Files\Orcad\Layout_Plus\library\DIP100B.llb
Wed Mar 16 22:13:57 Loaded file C:\Program Files\Orcad\Layout_Plus\library\DIP100T.llb
Wed Mar 16 22:13:57 Loaded file C:\Program Files\Orcad\Layout_Plus\library\DSUBT.llb
Wed Mar 16 22:13:57 Loaded file C:\Program Files\Orcad\Layout_Plus\library\DSUBT_HD.LLB
Wed Mar 16 22:13:57 Loaded file C:\Program Files\Orcad\Layout_Plus\library\ECON100T.llb
Wed Mar 16 22:13:58 Loaded file C:\Program Files\Orcad\Layout_Plus\library\FBUS.llb
Wed Mar 16 22:13:58 Loaded file C:\Program Files\Orcad\Layout_Plus\library\ISA.llb
Wed Mar 16 22:13:58 Loaded file C:\Program Files\Orcad\Layout_Plus\library\JUMPER.LLB
Wed Mar 16 22:13:58 Loaded file C:\Program Files\Orcad\Layout_Plus\library\LAYOUT.llb
Wed Mar 16 22:13:58 Loaded file C:\Program Files\Orcad\Layout_Plus\library\LCON100T.llb
Wed Mar 16 22:13:58 Loaded file C:\Program Files\Orcad\Layout_Plus\library\PC104.llb
Wed Mar 16 22:13:58 Loaded file C:\Program Files\Orcad\Layout_Plus\library\PCI.llb
Wed Mar 16 22:13:58 Loaded file C:\Program Files\Orcad\Layout_Plus\library\PCON100T.llb
Wed Mar 16 22:13:58 Loaded file C:\Program Files\Orcad\Layout_Plus\library\PCON156T.llb
Wed Mar 16 22:13:58 Loaded file C:\Program Files\Orcad\Layout_Plus\library\PGA.llb
Wed Mar 16 22:13:58 Loaded file C:\Program Files\Orcad\Layout_Plus\library\PLCC.llb
Wed Mar 16 22:13:58 Loaded file C:\Program Files\Orcad\Layout_Plus\library\QUAD.llb
Wed Mar 16 22:13:58 Loaded file C:\Program Files\Orcad\Layout_Plus\library\QUADB.llb
Wed Mar 16 22:13:58 Loaded file C:\Program Files\Orcad\Layout_Plus\library\RELAY.llb
Wed Mar 16 22:13:58 Loaded file C:\Program Files\Orcad\Layout_Plus\library\RF.llb
Wed Mar 16 22:13:58 Loaded file C:\Program Files\Orcad\Layout_Plus\library\SBUS.llb
Wed Mar 16 22:13:58 Loaded file C:\Program Files\Orcad\Layout_Plus\library\SIMM050F.llb
Wed Mar 16 22:13:58 Loaded file C:\Program Files\Orcad\Layout_Plus\library\SIMM050T.llb
Wed Mar 16 22:13:58 Loaded file C:\Program Files\Orcad\Layout_Plus\library\SIMM100F.llb
Wed Mar 16 22:13:58 Loaded file C:\Program Files\Orcad\Layout_Plus\library\SIMM100T.llb
Wed Mar 16 22:13:58 Loaded file C:\Program Files\Orcad\Layout_Plus\library\SIP.llb
Wed Mar 16 22:13:58 Loaded file C:\Program Files\Orcad\Layout_Plus\library\SM.llb
Wed Mar 16 22:13:58 Loaded file C:\Program Files\Orcad\Layout_Plus\library\SOG.llb
Wed Mar 16 22:13:58 Loaded file C:\Program Files\Orcad\Layout_Plus\library\SOJ.llb
Wed Mar 16 22:13:58 Loaded file C:\Program Files\Orcad\Layout_Plus\library\STIFF.llb
Wed Mar 16 22:13:58 Loaded file C:\Program Files\Orcad\Layout_Plus\library\TELE.llb
Wed Mar 16 22:13:58 Loaded file C:\Program Files\Orcad\Layout_Plus\library\TM_AXIAL.llb
Wed Mar 16 22:13:58 Loaded file C:\Program Files\Orcad\Layout_Plus\library\TM_CAP_P.llb
Wed Mar 16 22:13:58 Loaded file C:\Program Files\Orcad\Layout_Plus\library\TM_CYLND.llb
Wed Mar 16 22:13:58 Loaded file C:\Program Files\Orcad\Layout_Plus\library\TM_DIODE.llb
Wed Mar 16 22:13:58 Loaded file C:\Program Files\Orcad\Layout_Plus\library\TM_DISC.llb
Wed Mar 16 22:13:58 Loaded file C:\Program Files\Orcad\Layout_Plus\library\TM_RAD.llb
Wed Mar 16 22:13:58 Loaded file C:\Program Files\Orcad\Layout_Plus\library\TO.llb
Wed Mar 16 22:13:58 Loaded file C:\Program Files\Orcad\Layout_Plus\library\TRAINING.LLB
Wed Mar 16 22:13:58 Loaded file C:\Program Files\Orcad\Layout_Plus\library\VRES.llb
Wed Mar 16 22:13:58 Loaded file C:\Program Files\Orcad\Layout_Plus\library\WCON100T.llb
Wed Mar 16 22:13:58 Loaded file C:\Program Files\Orcad\Layout_Plus\library\XT.llb
Wed Mar 16 22:13:58 Loaded file C:\Program Files\Orcad\Layout_Plus\library\ZIGZAG.llb
Wed Mar 16 22:14:05 Loaded file C:\Program Files\Orcad\Layout_Plus\data\template.imp
Wed Mar 16 22:14:07 Loaded file C:\Program Files\Orcad\Layout_Plus\data\template.imp
Wed Mar 16 22:14:11 Error code 0021.110 (145)
Wed Mar 16 22:14:11 Saved as file Backup0.max
Wed Mar 16 22:14:11 Windows which were open at time of error:
Wed Mar 16 22:14:11 	ActiveWindow: Library Manager
Wed Mar 16 22:14:11 	Icon: &Components
Wed Mar 16 22:14:11 	Icon: &Nets
Wed Mar 16 22:14:11 	Icon: Post Proces&s
Wed Mar 16 22:14:11 	Icon: &Route
Wed Mar 16 22:14:11 End-of-list
Wed Mar 16 22:14:11 Loaded file BACKUP0.MAX
Sat Jun 11 16:36:49 Loaded file C:\Program Files\Orcad\Layout_Plus\data\template.imp
Sat Jun 11 16:36:52 Loaded file D:\WORKING\WORKING\DANHLL\DANH'S LIBS\DANHLIB.LLB
Sat Jun 11 16:45:46 Loaded file D:\WORKING\WORKING\DANHLL\DANH'S LIBS\DANHLIB.LLB
Sat Jun 11 16:45:46 Saved as file D:\WORKING\WORKING\DANHLL\DANH'S LIBS\DANHLIB.LLB
Sat Jun 11 16:45:52 Loaded file D:\WORKING\WORKING\DANHLL\DANH'S LIBS\THU VIEN ORCAD FULL\THU VIEN ORCAD FULL\LAYOUT FULL\THU VIEN LAYOUT BETA.LLB
Sat Jun 11 16:45:57 Loaded file D:\WORKING\WORKING\DANHLL\DANH'S LIBS\DANHLIB.LLB
Sat Jun 11 16:45:58 Loaded file D:\WORKING\WORKING\DANHLL\DANH'S LIBS\DANHLIB.LLB
Sat Jun 11 16:46:08 Loaded file C:\PROGRAM FILES\ORCAD\LAYOUT_PLUS\data\template.imp
Sat Jun 11 16:46:27 Loaded file D:\WORKING\WORKING\DANHLL\DANH'S LIBS\DANHLIB.LLB
Sat Jun 11 16:46:27 Saved as file D:\WORKING\WORKING\DANHLL\DANH'S LIBS\DANHLIB.LLB
Sat Jun 11 16:46:36 Loaded file C:\PROGRAM FILES\ORCAD\LAYOUT_PLUS\data\template.imp
Sat Jun 11 16:46:36 Loaded file C:\PROGRAM FILES\ORCAD\LAYOUT_PLUS\data\template.imp
Sat Jun 11 16:46:36 Loaded file C:\PROGRAM FILES\ORCAD\LAYOUT_PLUS\data\template.imp
Sat Jun 11 16:46:36 Loaded file C:\PROGRAM FILES\ORCAD\LAYOUT_PLUS\data\template.imp
Sat Jun 11 16:46:45 Loaded file D:\WORKING\WORKING\DANHLL\DANH'S LIBS\DANHLIB.LLB
Sat Jun 11 16:46:57 Loaded file C:\PROGRAM FILES\ORCAD\LAYOUT_PLUS\data\template.imp
Sat Jun 11 16:49:36 Loaded file C:\PROGRAM FILES\ORCAD\LAYOUT_PLUS\data\template.imp
Sat Jun 11 16:49:36 Loaded file C:\PROGRAM FILES\ORCAD\LAYOUT_PLUS\data\template.imp
Sat Jun 11 16:49:51 Loaded file D:\WORKING\WORKING\DANHLL\DANH'S LIBS\DANHLIB.LLB
Sat Jun 11 16:50:02 Loaded file C:\PROGRAM FILES\ORCAD\LAYOUT_PLUS\data\template.imp
Sat Jun 11 16:52:56 Saved as file D:\WORKING\WORKING\DANHLL\ORCAD PROJECTS\COMERCIAL PROJECTS\CRYSTAL_BASE\CRYSTAL_BASE_V2.MAX
Sat Jun 11 16:55:22 Saved as file BACKUP1.MAX
Sat Jun 11 16:56:20 Saved as file D:\WORKING\WORKING\DANHLL\ORCAD PROJECTS\COMERCIAL PROJECTS\CRYSTAL_BASE\CRYSTAL_BASE_V2.MAX
Sat Jun 11 16:59:07 Saved as file D:\WORKING\WORKING\DANHLL\ORCAD PROJECTS\COMERCIAL PROJECTS\CRYSTAL_BASE\CRYSTAL_BASE_V2.MAX
Sat Jun 11 16:59:49 Saved as file D:\WORKING\WORKING\DANHLL\ORCAD PROJECTS\COMERCIAL PROJECTS\CRYSTAL_BASE\CRYSTAL_BASE_V2.MAX
Sat Jun 11 17:05:23 Saved as file BACKUP1.MAX
Sat Jun 11 17:15:23 Saved as file BACKUP1.MAX
Sat Jun 11 17:25:23 Saved as file BACKUP1.MAX
Sat Jun 11 17:35:23 Saved as file BACKUP1.MAX
Sat Jun 11 17:45:24 Saved as file BACKUP1.MAX
Thu Apr 27 01:49:49 Loaded file D:\GITHUB\WORKING\DANHLL\DANH'S LIBS\DANHLIB.LLB
Thu Apr 27 01:49:57 Loaded file C:\Program Files\Orcad\Layout\data\template.imp
Thu Apr 27 01:51:49 Saved as file C:\USERS\ADMIN\DESKTOP\COM_PRJ29_MOTHERBOARD12V_VER1.MAX
Thu Apr 27 01:52:04 Saved as file C:\USERS\ADMIN\DESKTOP\COM_PRJ29_MOTHERBOARD12V_VER1.MAX
Thu Apr 27 01:52:05 Saved as file C:\USERS\ADMIN\DESKTOP\COM_PRJ29_MOTHERBOARD12V_VER1.MAX
Thu Apr 27 01:52:05 Saved as file C:\USERS\ADMIN\DESKTOP\COM_PRJ29_MOTHERBOARD12V_VER1.MAX
Thu Apr 27 01:52:16 Saved as file BACKUP1.MAX
Thu Apr 27 01:53:20 Saved as file C:\USERS\ADMIN\DESKTOP\COM_PRJ29_MOTHERBOARD12V_VER1.MAX
Thu Apr 27 01:53:57 Saved as file C:\USERS\ADMIN\DESKTOP\COM_PRJ29_MOTHERBOARD12V_VER1.MAX
Thu Apr 27 01:54:31 Saved as file C:\USERS\ADMIN\DESKTOP\COM_PRJ29_MOTHERBOARD12V_VER1.MAX
Thu Apr 27 01:54:36 Saved as file C:\USERS\ADMIN\DESKTOP\COM_PRJ29_MOTHERBOARD12V_VER1.MAX
Thu Apr 27 01:54:37 Saved as file C:\USERS\ADMIN\DESKTOP\COM_PRJ29_MOTHERBOARD12V_VER1.MAX
Thu Apr 27 01:55:14 Saved as file C:\USERS\ADMIN\DESKTOP\COM_PRJ29_MOTHERBOARD12V_VER1.MAX
Thu Apr 27 01:55:37 Saved as file C:\USERS\ADMIN\DESKTOP\COM_PRJ29_MOTHERBOARD12V_VER1.MAX
Thu Apr 27 01:56:05 Saved as file C:\USERS\ADMIN\DESKTOP\COM_PRJ29_MOTHERBOARD12V_VER1.MAX
Thu Apr 27 01:56:05 Saved as file C:\USERS\ADMIN\DESKTOP\COM_PRJ29_MOTHERBOARD12V_VER1.MAX
Thu Apr 27 01:56:05 Saved as file C:\USERS\ADMIN\DESKTOP\COM_PRJ29_MOTHERBOARD12V_VER1.MAX
Thu Apr 27 01:56:26 Saved as file C:\USERS\ADMIN\DESKTOP\COM_PRJ29_MOTHERBOARD12V_VER1.MAX
Thu Apr 27 01:56:30 Saved as file C:\USERS\ADMIN\DESKTOP\COM_PRJ29_MOTHERBOARD12V_VER1.MAX
Thu Apr 27 02:02:14 Saved as file C:\USERS\ADMIN\DESKTOP\COM_PRJ29_MOTHERBOARD12V_VER1.MAX
