Tue Apr 26 05:56:08 Saved as file D:\DANH\ROBOT\ORCAD PROJECTS\COMERCIAL PROJECTS\COM_PRJ40\COM_PRJ40.MAX
Tue Apr 26 05:56:08 Saved as file BACKUP1.MAX
Tue Apr 26 05:56:08 Saved as file D:\DANH\ROBOT\ORCAD PROJECTS\COMERCIAL PROJECTS\COM_PRJ40\COM_PRJ40.MAX
Tue Apr 26 05:56:09 UserDiv from Layout.INI for AutoECO: 60
Tue Apr 26 05:56:09 Loaded file D:\DANH\ROBOT\ORCAD PROJECTS\COMERCIAL PROJECTS\COM_PRJ40\COM_PRJ40.MAX
Tue Apr 26 05:56:09 Loaded file D:\DANH\ROBOT\ORCAD LIBS\THUVIENORCAD\THUVIENORCAD\THUVIEN1\TIEN.LLB
Tue Apr 26 05:56:09 Loaded file D:\DANH\ROBOT\ORCAD LIBS\THUVIENORCAD\THUVIENORCAD\THUVIEN\LAYOUTMT.LLB
Tue Apr 26 05:56:09 Loaded file D:\DANH\ROBOT\ORCAD LIBS\THUVIENORCAD\THUVIENORCAD\LIBRARY ORCAD\THU VIEN ORCAD FULL\THU VIEN LAYOUT BETA 3.LLB
Tue Apr 26 05:56:09 Loaded file D:\DANH\ROBOT\ORCAD LIBS\THUVIENORCAD\THUVIENORCAD\LIBRARY ORCAD\THU VIEN ORCAD FULL\THU VIEN.LLB
Tue Apr 26 05:56:09 Loaded file D:\DANH\ROBOT\ORCAD LIBS\THUVIENORCAD\THUVIENORCAD\LIBRARY\BCON100T.LLB
Tue Apr 26 05:56:09 Loaded file D:\DANH\ROBOT\ORCAD LIBS\THUVIENORCAD\THUVIENORCAD\LIBRARY\BCON156T.LLB
Tue Apr 26 05:56:09 Loaded file D:\DANH\ROBOT\ORCAD LIBS\THUVIENORCAD\THUVIENORCAD\LIBRARY\BGA.LLB
Tue Apr 26 05:56:09 Loaded file D:\DANH\ROBOT\ORCAD LIBS\THUVIENORCAD\THUVIENORCAD\LIBRARY\CLCC.LLB
Tue Apr 26 05:56:09 Loaded file D:\DANH\ROBOT\ORCAD LIBS\THUVIENORCAD\THUVIENORCAD\LIBRARY\DCON050T.LLB
Tue Apr 26 05:56:09 Loaded file D:\DANH\ROBOT\ORCAD LIBS\THUVIENORCAD\THUVIENORCAD\LIBRARY\DCON085T.LLB
Tue Apr 26 05:56:09 Loaded file D:\DANH\ROBOT\ORCAD LIBS\THUVIENORCAD\THUVIENORCAD\LIBRARY\DIMM050F.LLB
Tue Apr 26 05:56:09 Loaded file D:\DANH\ROBOT\ORCAD LIBS\THUVIENORCAD\THUVIENORCAD\LIBRARY\DIMM050T.LLB
Tue Apr 26 05:56:09 Loaded file D:\DANH\ROBOT\ORCAD LIBS\THUVIENORCAD\THUVIENORCAD\LIBRARY\DIN.LLB
Tue Apr 26 05:56:09 Loaded file D:\DANH\ROBOT\ORCAD LIBS\THUVIENORCAD\THUVIENORCAD\LIBRARY\DIP100B.LLB
Tue Apr 26 05:56:09 Loaded file D:\DANH\ROBOT\ORCAD LIBS\THUVIENORCAD\THUVIENORCAD\LIBRARY\DIP100T.LLB
Tue Apr 26 05:56:09 Loaded file D:\DANH\ROBOT\ORCAD LIBS\THUVIENORCAD\THUVIENORCAD\LIBRARY\DSUBT.LLB
Tue Apr 26 05:56:09 Loaded file D:\DANH\ROBOT\ORCAD LIBS\THUVIENORCAD\THUVIENORCAD\LIBRARY\DSUBT_HD.LLB
Tue Apr 26 05:56:09 Loaded file D:\DANH\ROBOT\ORCAD LIBS\THUVIENORCAD\THUVIENORCAD\LIBRARY\ECON100T.LLB
Tue Apr 26 05:56:09 Loaded file D:\DANH\ROBOT\ORCAD LIBS\THUVIENORCAD\THUVIENORCAD\LIBRARY\EMPTY.LLB
Tue Apr 26 05:56:09 Loaded file D:\DANH\ROBOT\ORCAD LIBS\THUVIENORCAD\THUVIENORCAD\LIBRARY\EX_GUI.LLB
Tue Apr 26 05:56:09 Loaded file D:\DANH\ROBOT\ORCAD LIBS\THUVIENORCAD\THUVIENORCAD\LIBRARY\FBUS.LLB
Tue Apr 26 05:56:09 Loaded file D:\DANH\ROBOT\ORCAD LIBS\THUVIENORCAD\THUVIENORCAD\LIBRARY\ISA.LLB
Tue Apr 26 05:56:09 Loaded file D:\DANH\ROBOT\ORCAD LIBS\THUVIENORCAD\THUVIENORCAD\LIBRARY\JUMPER.LLB
Tue Apr 26 05:56:09 Loaded file D:\DANH\ROBOT\ORCAD LIBS\THUVIENORCAD\THUVIENORCAD\LIBRARY\LAYOUT.LLB
Tue Apr 26 05:56:09 Loaded file D:\DANH\ROBOT\ORCAD LIBS\THUVIENORCAD\THUVIENORCAD\LIBRARY\LCON100T.LLB
Tue Apr 26 05:56:09 Loaded file D:\DANH\ROBOT\ORCAD LIBS\THUVIENORCAD\THUVIENORCAD\LIBRARY\LINH KIEN.LLB
Tue Apr 26 05:56:09 Loaded file D:\DANH\ROBOT\ORCAD LIBS\THUVIENORCAD\THUVIENORCAD\LIBRARY\METRIC.LLB
Tue Apr 26 05:56:09 Loaded file D:\DANH\ROBOT\ORCAD LIBS\THUVIENORCAD\THUVIENORCAD\LIBRARY\PADSTACK.LLB
Tue Apr 26 05:56:09 Loaded file D:\DANH\ROBOT\ORCAD LIBS\THUVIENORCAD\THUVIENORCAD\LIBRARY\PC104.LLB
Tue Apr 26 05:56:09 Loaded file D:\DANH\ROBOT\ORCAD LIBS\THUVIENORCAD\THUVIENORCAD\LIBRARY\PCI.LLB
Tue Apr 26 05:56:09 Loaded file D:\DANH\ROBOT\ORCAD LIBS\THUVIENORCAD\THUVIENORCAD\LIBRARY\PCON100T.LLB
Tue Apr 26 05:56:09 Loaded file D:\DANH\ROBOT\ORCAD LIBS\THUVIENORCAD\THUVIENORCAD\LIBRARY\PCON156T.LLB
Tue Apr 26 05:56:09 Loaded file D:\DANH\ROBOT\ORCAD LIBS\THUVIENORCAD\THUVIENORCAD\LIBRARY\PGA.LLB
Tue Apr 26 05:56:09 Loaded file D:\DANH\ROBOT\ORCAD LIBS\THUVIENORCAD\THUVIENORCAD\LIBRARY\PLCC.LLB
Tue Apr 26 05:56:09 Loaded file D:\DANH\ROBOT\ORCAD LIBS\THUVIENORCAD\THUVIENORCAD\LIBRARY\QUAD.LLB
Tue Apr 26 05:56:09 Loaded file D:\DANH\ROBOT\ORCAD LIBS\THUVIENORCAD\THUVIENORCAD\LIBRARY\QUADB.LLB
Tue Apr 26 05:56:09 Loaded file D:\DANH\ROBOT\ORCAD LIBS\THUVIENORCAD\THUVIENORCAD\LIBRARY\RELAY.LLB
Tue Apr 26 05:56:09 Loaded file D:\DANH\ROBOT\ORCAD LIBS\THUVIENORCAD\THUVIENORCAD\LIBRARY\RF.LLB
Tue Apr 26 05:56:09 Loaded file D:\DANH\ROBOT\ORCAD LIBS\THUVIENORCAD\THUVIENORCAD\LIBRARY\SBUS.LLB
Tue Apr 26 05:56:09 Loaded file D:\DANH\ROBOT\ORCAD LIBS\THUVIENORCAD\THUVIENORCAD\LIBRARY\SIMM050F.LLB
Tue Apr 26 05:56:09 Loaded file D:\DANH\ROBOT\ORCAD LIBS\THUVIENORCAD\THUVIENORCAD\LIBRARY\SIMM050T.LLB
Tue Apr 26 05:56:09 Loaded file D:\DANH\ROBOT\ORCAD LIBS\THUVIENORCAD\THUVIENORCAD\LIBRARY\SIMM100F.LLB
Tue Apr 26 05:56:09 Loaded file D:\DANH\ROBOT\ORCAD LIBS\THUVIENORCAD\THUVIENORCAD\LIBRARY\SIMM100T.LLB
Tue Apr 26 05:56:09 Loaded file D:\DANH\ROBOT\ORCAD LIBS\THUVIENORCAD\THUVIENORCAD\LIBRARY\SIP.LLB
Tue Apr 26 05:56:09 Loaded file D:\DANH\ROBOT\ORCAD LIBS\THUVIENORCAD\THUVIENORCAD\LIBRARY\SM.LLB
Tue Apr 26 05:56:09 Loaded file D:\DANH\ROBOT\ORCAD LIBS\THUVIENORCAD\THUVIENORCAD\LIBRARY\SOG.LLB
Tue Apr 26 05:56:09 Loaded file D:\DANH\ROBOT\ORCAD LIBS\THUVIENORCAD\THUVIENORCAD\LIBRARY\SOJ.LLB
Tue Apr 26 05:56:09 Loaded file D:\DANH\ROBOT\ORCAD LIBS\THUVIENORCAD\THUVIENORCAD\LIBRARY\STIFF.LLB
Tue Apr 26 05:56:09 Loaded file D:\DANH\ROBOT\ORCAD LIBS\THUVIENORCAD\THUVIENORCAD\LIBRARY\TELE.LLB
Tue Apr 26 05:56:09 Loaded file D:\DANH\ROBOT\ORCAD LIBS\THUVIENORCAD\THUVIENORCAD\LIBRARY\TM_AXIAL.LLB
Tue Apr 26 05:56:09 Loaded file D:\DANH\ROBOT\ORCAD LIBS\THUVIENORCAD\THUVIENORCAD\LIBRARY\TM_CAP_P.LLB
Tue Apr 26 05:56:09 Loaded file D:\DANH\ROBOT\ORCAD LIBS\THUVIENORCAD\THUVIENORCAD\LIBRARY\TM_CYLND.LLB
Tue Apr 26 05:56:09 Loaded file D:\DANH\ROBOT\ORCAD LIBS\THUVIENORCAD\THUVIENORCAD\LIBRARY\TM_DIODE.LLB
Tue Apr 26 05:56:09 Loaded file D:\DANH\ROBOT\ORCAD LIBS\THUVIENORCAD\THUVIENORCAD\LIBRARY\TM_DISC.LLB
Tue Apr 26 05:56:09 Loaded file D:\DANH\ROBOT\ORCAD LIBS\THUVIENORCAD\THUVIENORCAD\LIBRARY\TM_RAD.LLB
Tue Apr 26 05:56:09 Loaded file D:\DANH\ROBOT\ORCAD LIBS\THUVIENORCAD\THUVIENORCAD\LIBRARY\TO.LLB
Tue Apr 26 05:56:09 Loaded file D:\DANH\ROBOT\ORCAD LIBS\THUVIENORCAD\THUVIENORCAD\LIBRARY\TRAINING.LLB
Tue Apr 26 05:56:09 Loaded file D:\DANH\ROBOT\ORCAD LIBS\THUVIENORCAD\THUVIENORCAD\LIBRARY\VRES.LLB
Tue Apr 26 05:56:09 Loaded file D:\DANH\ROBOT\ORCAD LIBS\THUVIENORCAD\THUVIENORCAD\LIBRARY\WCON100T.LLB
Tue Apr 26 05:56:09 Loaded file D:\DANH\ROBOT\ORCAD LIBS\THUVIENORCAD\THUVIENORCAD\LIBRARY\XT.LLB
Tue Apr 26 05:56:09 Loaded file D:\DANH\ROBOT\ORCAD LIBS\THUVIENORCAD\THUVIENORCAD\LIBRARY\ZIGZAG.LLB
Tue Apr 26 05:56:09 Loaded file D:\DANH\ROBOT\ORCAD LIBS\THUVIENORCAD\THUVIENORCAD\HOA DOAN\HOADOAN.LLB
Tue Apr 26 05:56:09 Loaded file D:\DANH\ROBOT\ORCAD LIBS\THUVIENORCAD\THUVIENORCAD\THU VIEN\THU VIEN.LLB
Tue Apr 26 05:56:09 Loaded file D:\DANH\ROBOT\ORCAD LIBS\THU VIEN\THU VIEN.LLB
Tue Apr 26 05:56:10 Loaded file D:\DANH\ROBOT\ORCAD LIBS\ORCAD LAYOUT\T2L LAYOUT.LLB
Tue Apr 26 05:56:10 Loaded file D:\DANH\ROBOT\ORCAD LIBS\DANHLIB.LLB
Tue Apr 26 05:56:17 Loaded file C:\PROGRAM FILES\ORCAD\LAYOUT_PLUS\data\template.imp
Tue Apr 26 05:56:17 Loaded file C:\PROGRAM FILES\ORCAD\LAYOUT_PLUS\data\template.imp
Tue Apr 26 05:56:20 Loaded file D:\DANH\ROBOT\ORCAD LIBS\DANHLIB.LLB
Tue Apr 26 05:56:22 Loaded file C:\PROGRAM FILES\ORCAD\LAYOUT_PLUS\data\template.imp
Tue Apr 26 05:56:24 Loaded file D:\DANH\ROBOT\ORCAD LIBS\DANHLIB.LLB
Tue Apr 26 05:56:24 Loaded file D:\DANH\ROBOT\ORCAD LIBS\THU VIEN\THU VIEN.LLB
Tue Apr 26 05:56:24 Loaded file D:\DANH\ROBOT\ORCAD LIBS\THUVIENORCAD\THUVIENORCAD\HOA DOAN\HOADOAN.LLB
Tue Apr 26 05:56:24 Loaded file D:\DANH\ROBOT\ORCAD LIBS\THUVIENORCAD\THUVIENORCAD\THUVIEN1\TIEN.LLB
Tue Apr 26 05:56:24 Saved as file D:\DANH\ROBOT\ORCAD PROJECTS\COMERCIAL PROJECTS\COM_PRJ40\COM_PRJ40.MAX
Tue Apr 26 05:56:24 Loaded file D:\DANH\ROBOT\ORCAD PROJECTS\COMERCIAL PROJECTS\COM_PRJ40\COM_PRJ40.MAX
Tue Apr 26 05:57:26 Loaded file C:\Program Files\Orcad\Layout_Plus\data\template.imp
Tue Apr 26 05:57:26 Loaded file C:\Program Files\Orcad\Layout_Plus\data\template.imp
Tue Apr 26 05:57:26 Loaded file C:\Program Files\Orcad\Layout_Plus\data\template.imp
Tue Apr 26 05:57:26 Loaded file C:\Program Files\Orcad\Layout_Plus\data\template.imp
Tue Apr 26 05:57:29 Loaded file D:\DANH\ROBOT\ORCAD LIBS\DANHLIB.LLB
Tue Apr 26 05:57:32 Loaded file C:\Program Files\Orcad\Layout_Plus\data\template.imp
Tue Apr 26 05:58:12 Loaded file C:\Program Files\Orcad\Layout_Plus\data\template.imp
Tue Apr 26 05:58:12 Loaded file C:\Program Files\Orcad\Layout_Plus\data\template.imp
Tue Apr 26 05:58:13 Loaded file C:\Program Files\Orcad\Layout_Plus\data\template.imp
Tue Apr 26 05:58:13 Loaded file C:\Program Files\Orcad\Layout_Plus\data\template.imp
Tue Apr 26 05:58:15 Loaded file D:\DANH\ROBOT\ORCAD LIBS\DANHLIB.LLB
Tue Apr 26 05:58:16 Loaded file C:\Program Files\Orcad\Layout_Plus\data\template.imp
Tue Apr 26 05:58:40 Loaded file C:\Program Files\Orcad\Layout_Plus\data\template.imp
Tue Apr 26 05:58:40 Loaded file C:\Program Files\Orcad\Layout_Plus\data\template.imp
Tue Apr 26 05:58:40 Loaded file C:\Program Files\Orcad\Layout_Plus\data\template.imp
Tue Apr 26 05:58:40 Loaded file C:\Program Files\Orcad\Layout_Plus\data\template.imp
Tue Apr 26 05:58:43 Loaded file D:\DANH\ROBOT\ORCAD LIBS\DANHLIB.LLB
Tue Apr 26 05:58:45 Loaded file C:\Program Files\Orcad\Layout_Plus\data\template.imp
Tue Apr 26 05:58:45 Loaded file C:\Program Files\Orcad\Layout_Plus\data\template.imp
Tue Apr 26 06:01:48 Loaded file C:\Program Files\Orcad\Layout_Plus\data\template.imp
Tue Apr 26 06:01:48 Loaded file C:\Program Files\Orcad\Layout_Plus\data\template.imp
Tue Apr 26 06:01:51 Loaded file D:\DANH\ROBOT\ORCAD LIBS\DANHLIB.LLB
Tue Apr 26 06:01:52 Loaded file C:\Program Files\Orcad\Layout_Plus\data\template.imp
Tue Apr 26 06:01:58 Loaded file C:\Program Files\Orcad\Layout_Plus\library\padstack.llb
Tue Apr 26 06:03:52 Loaded file D:\DANH\ROBOT\ORCAD LIBS\DANHLIB.LLB
Tue Apr 26 06:03:52 Saved as file D:\DANH\ROBOT\ORCAD LIBS\DANHLIB.LLB
Tue Apr 26 06:04:02 Loaded file C:\Program Files\Orcad\Layout_Plus\data\template.imp
Tue Apr 26 06:04:02 Loaded file C:\Program Files\Orcad\Layout_Plus\data\template.imp
Tue Apr 26 06:04:02 Loaded file C:\Program Files\Orcad\Layout_Plus\data\template.imp
Tue Apr 26 06:04:02 Loaded file C:\Program Files\Orcad\Layout_Plus\data\template.imp
Tue Apr 26 06:04:05 Loaded file D:\DANH\ROBOT\ORCAD LIBS\DANHLIB.LLB
Tue Apr 26 06:04:09 Loaded file C:\Program Files\Orcad\Layout_Plus\data\template.imp
Tue Apr 26 06:06:40 Saved as file BACKUP1.MAX
Tue Apr 26 06:06:40 No new connections routed.
Tue Apr 26 06:06:40 Total is now 0 out of 11 (0%).
Tue Apr 26 06:06:40 Saved as file SWEEP1.MAX
Tue Apr 26 06:06:40 Saved as file BACKUP1.MAX
Tue Apr 26 06:06:40 Routed 11 connections in 0 seconds.
Tue Apr 26 06:06:40 Total is now 11 out of 11 (100%).
Tue Apr 26 06:06:40 Saved as file SWEEP2.MAX
Tue Apr 26 06:06:40 No new connections routed.
Tue Apr 26 06:06:40 Total is now 11 out of 11 (100%).
Tue Apr 26 06:06:40 Saved as file SWEEP3.MAX
Tue Apr 26 06:06:40 No new connections routed.
Tue Apr 26 06:06:40 Total is now 11 out of 11 (100%).
Tue Apr 26 06:06:40 Saved as file SWEEP4.MAX
Tue Apr 26 06:06:40 No new connections routed.
Tue Apr 26 06:06:40 Total is now 11 out of 11 (100%).
Tue Apr 26 06:06:40 Saved as file SWEEP5.MAX
Tue Apr 26 06:08:15 Saved as file BACKUP1.MAX
Tue Apr 26 06:09:43 Saved as file BACKUP1.MAX
Tue Apr 26 06:09:43 No new connections routed.
Tue Apr 26 06:09:43 Total is now 0 out of 11 (0%).
Tue Apr 26 06:09:43 Saved as file SWEEP1.MAX
Tue Apr 26 06:09:44 Saved as file BACKUP1.MAX
Tue Apr 26 06:09:44 Routed 11 connections in 0 seconds.
Tue Apr 26 06:09:44 Total is now 11 out of 11 (100%).
Tue Apr 26 06:09:44 Saved as file SWEEP2.MAX
Tue Apr 26 06:09:44 No new connections routed.
Tue Apr 26 06:09:44 Total is now 11 out of 11 (100%).
Tue Apr 26 06:09:44 Saved as file SWEEP3.MAX
Tue Apr 26 06:09:44 No new connections routed.
Tue Apr 26 06:09:44 Total is now 11 out of 11 (100%).
Tue Apr 26 06:09:44 Saved as file SWEEP4.MAX
Tue Apr 26 06:09:44 No new connections routed.
Tue Apr 26 06:09:44 Total is now 11 out of 11 (100%).
Tue Apr 26 06:09:44 Saved as file SWEEP5.MAX
Tue Apr 26 06:11:06 Removed unused footprint: DIODE
Tue Apr 26 06:11:06 Removed unused footprint: R
Tue Apr 26 06:11:06 Removed unused footprint: CON2
Tue Apr 26 06:11:06 Removed unused footprint: DEFAULT
Tue Apr 26 06:11:08 Removed unused padstack: 75R59
Tue Apr 26 06:11:08 Removed unused padstack: 75S55
Tue Apr 26 06:11:08 Removed unused padstack: TM_AXIAL.llb_pad2
Tue Apr 26 06:11:08 Removed unused padstack: T1_2_4_1_1_1_1_1
Tue Apr 26 06:11:08 Removed unused padstack: T6_2_3_1_1_1_1_1
Tue Apr 26 06:11:08 Removed unused padstack: T7
Tue Apr 26 06:11:08 Removed unused padstack: T2
Tue Apr 26 06:11:08 Removed unused padstack: T1
Tue Apr 26 06:11:54 Saved as file D:\DANH\ROBOT\ORCAD PROJECTS\COMERCIAL PROJECTS\COM_PRJ40\COM_PRJ40.MAX
Tue Apr 26 06:11:54 Saved as file D:\DANH\ROBOT\ORCAD PROJECTS\COMERCIAL PROJECTS\COM_PRJ40\COM_PRJ40.MAX
Tue Apr 26 06:13:28 Saved as file D:\DANH\ROBOT\ORCAD PROJECTS\COMERCIAL PROJECTS\COM_PRJ40\COM_PRJ40.MAX
Tue Apr 26 06:19:45 Saved as file BACKUP1.MAX
Tue Apr 26 06:25:11 Error code 0034.912 (266)
Tue Apr 26 06:25:11 Saved as file Backup0.max
Tue Apr 26 06:25:11 Windows which were open at time of error:
Tue Apr 26 06:25:11 	ActiveWindow: &Design
Tue Apr 26 06:25:11 	Icon: &Components
Tue Apr 26 06:25:11 	Icon: Post Proces&s
Tue Apr 26 06:25:11 	Icon: &Nets
Tue Apr 26 06:25:11 End-of-list
Tue Apr 26 06:25:13 Error code 0034.912 (266)
Tue Apr 26 06:29:51 Saved as file D:\DANH\ROBOT\ORCAD PROJECTS\COMERCIAL PROJECTS\COM_PRJ40\COM_PRJ40.MAX
Tue Apr 26 06:29:52 Saved as file D:\DANH\ROBOT\ORCAD PROJECTS\COMERCIAL PROJECTS\COM_PRJ40\COM_PRJ40.MAX
Tue Apr 26 06:39:03 Saved as file BACKUP1.MAX
Tue Apr 26 06:39:24 Saved as file D:\DANH\ROBOT\ORCAD PROJECTS\COMERCIAL PROJECTS\COM_PRJ40\COM_PRJ40.MAX
Wed Jul 27 01:10:57 Loaded file D:\DANH\ROBOT\ORCAD PROJECTS\COMERCIAL PROJECTS\COM_PRJ40\COM_PRJ40.MAX
Wed Nov 02 07:36:46 Loaded file D:\DANH\ORCAD PROJECTS\COMERCIAL PROJECTS\COM_PRJ40\COM_PRJ40.MAX
