AutoECO Report
FILE-A: D:\DANH\ROBOT\ORCAD PROJECTS\COMERCIAL PROJECTS\COM_PRJ46\COM_PRJ46.MAX
FILE-B: D:\DANH\ROBOT\ORCAD PROJECTS\COMERCIAL PROJECTS\COM_PRJ46\COM_PRJ46.MNL
If "*EOF*" immediately follows, no changes were made
Adding package CON2
Adding package R
Adding package CAPACITOR_NON-POL
Adding package CAPACITOR_POL
Adding package DIODE_ZENER1
Adding package BC547
Adding package DIODE
Adding package PIC12F629
Adding package CON4
Adding component J1
Found library footprint with same name as part CON2
Adding component RB
Found library footprint with same name as part R
Adding component C1
Found footprint CANDY from PRT file for part CAPACITOR_NON-POL, comp C1
Adding component C2
Adding component R1
Adding component R2
Adding component D5
Adding component QG
Found library footprint with same name as part BC547
Adding component D1
Found library footprint with same name as part DIODE
Adding component QB
Adding component R3
Adding component C3
Adding component D2
Adding component D3
Adding component C4
Adding component D4
Adding component IC
Found footprint IC 8 PIN from PRT file for part PIC12F629, comp IC
Adding component RR
Adding component J2
Found footprint J4 from PRT file for part CON4, comp J2
Adding component QR
Adding component RG
Adding net N01209
Adding net N03042
Adding net N01182
Adding net N02576
Adding net N01838
Adding net N02627
Adding net N01498
Adding net N00807
Adding net N03092
Adding net N00870
Adding net N03142
Adding net N02528
Adding net N01236
Adding net N004632
Adding net N020382
Adding net N020102
Deleting net DEFAULT
*EOF*
No errors found
