Post Processor Report
OrCAD FILE: D:\MICA AND BOARD\DANH\DANH\ORCAD PROJECTS\COMERCIAL PROJECTS\COM_PRJ46\COM_PRJ46_VER1.MAX
Sat Jul 21 17:17:23 2012

*********************************************************

Output file: D:\MICA AND BOARD\DANH\DANH\ORCAD PROJECTS\COMERCIAL PROJECTS\COM_PRJ46\COM_PRJ46_VER1.TOP

Aperture totals for D:\MICA AND BOARD\DANH\DANH\ORCAD PROJECTS\COMERCIAL PROJECTS\COM_PRJ46\COM_PRJ46_VER1.TOP:
---------------------------------------------------------
D10:  0.1039 ROUND  --       0 Draws,      20 Flashes
D11:  0.0900 ROUND  --       0 Draws,       1 Flashes
D12:  0.0790 ROUND  --       0 Draws,       1 Flashes
D13:  0.0799 ROUND  --       0 Draws,      26 Flashes
D14:  0.0799 SQUARE --       0 Draws,       1 Flashes
D15:  0.0620 ROUND  --       0 Draws,       4 Flashes
D16:  0.0100 ROUND  --       5 Draws,       0 Flashes
---------------------------------------------------------
  7 D-Codes      -----       5 Draws,      53 Flashes

*********************************************************

Output file: D:\MICA AND BOARD\DANH\DANH\ORCAD PROJECTS\COMERCIAL PROJECTS\COM_PRJ46\COM_PRJ46_VER1.BOT

Aperture totals for D:\MICA AND BOARD\DANH\DANH\ORCAD PROJECTS\COMERCIAL PROJECTS\COM_PRJ46\COM_PRJ46_VER1.BOT:
---------------------------------------------------------
D10:  0.1039 ROUND  --       0 Draws,      20 Flashes
D11:  0.0900 ROUND  --       0 Draws,       1 Flashes
D12:  0.0790 ROUND  --       0 Draws,       1 Flashes
D13:  0.0799 ROUND  --       0 Draws,      26 Flashes
D14:  0.0799 SQUARE --       0 Draws,       1 Flashes
D17:  0.0827 ROUND  --       0 Draws,       4 Flashes
D18:  0.0039 ROUND  --       7 Draws,       0 Flashes
D19:  0.0120 ROUND  --      71 Draws,       0 Flashes
---------------------------------------------------------
  8 D-Codes      -----      78 Draws,      53 Flashes

*********************************************************

Output file: D:\MICA AND BOARD\DANH\DANH\ORCAD PROJECTS\COMERCIAL PROJECTS\COM_PRJ46\COM_PRJ46_VER1.GND

Aperture totals for D:\MICA AND BOARD\DANH\DANH\ORCAD PROJECTS\COMERCIAL PROJECTS\COM_PRJ46\COM_PRJ46_VER1.GND:
---------------------------------------------------------
D11:  0.0900 ROUND  --       0 Draws,       1 Flashes
D12:  0.0790 ROUND  --       0 Draws,       1 Flashes
D20:  0.0787 ROUND  --       0 Draws,      18 Flashes
D21:  0.1181 ROUND  --       0 Draws,       8 Flashes
D22:  0.0984 ROUND  --       0 Draws,       1 Flashes
D23:  0.0984 SQUARE --       0 Draws,       1 Flashes
D24:  0.0709 ROUND  --       0 Draws,       2 Flashes
D25:  0.0700 ROUND  --       0 Draws,      13 Flashes
---------------------------------------------------------
  8 D-Codes      -----       0 Draws,      45 Flashes

*********************************************************

Output file: D:\MICA AND BOARD\DANH\DANH\ORCAD PROJECTS\COMERCIAL PROJECTS\COM_PRJ46\COM_PRJ46_VER1.PWR

Aperture totals for D:\MICA AND BOARD\DANH\DANH\ORCAD PROJECTS\COMERCIAL PROJECTS\COM_PRJ46\COM_PRJ46_VER1.PWR:
---------------------------------------------------------
D11:  0.0900 ROUND  --       0 Draws,       1 Flashes
D12:  0.0790 ROUND  --       0 Draws,       1 Flashes
D20:  0.0787 ROUND  --       0 Draws,      18 Flashes
D21:  0.1181 ROUND  --       0 Draws,       8 Flashes
D22:  0.0984 ROUND  --       0 Draws,       1 Flashes
D23:  0.0984 SQUARE --       0 Draws,       1 Flashes
D24:  0.0709 ROUND  --       0 Draws,       2 Flashes
D25:  0.0700 ROUND  --       0 Draws,      13 Flashes
---------------------------------------------------------
  8 D-Codes      -----       0 Draws,      45 Flashes

*********************************************************

Output file: D:\MICA AND BOARD\DANH\DANH\ORCAD PROJECTS\COMERCIAL PROJECTS\COM_PRJ46\COM_PRJ46_VER1.SMT

Aperture totals for D:\MICA AND BOARD\DANH\DANH\ORCAD PROJECTS\COMERCIAL PROJECTS\COM_PRJ46\COM_PRJ46_VER1.SMT:
---------------------------------------------------------
D11:  0.0900 ROUND  --       0 Draws,       1 Flashes
D12:  0.0790 ROUND  --       0 Draws,       1 Flashes
D20:  0.0787 ROUND  --       0 Draws,      18 Flashes
D21:  0.1181 ROUND  --       0 Draws,       8 Flashes
D22:  0.0984 ROUND  --       0 Draws,       1 Flashes
D23:  0.0984 SQUARE --       0 Draws,       1 Flashes
D24:  0.0709 ROUND  --       0 Draws,       2 Flashes
D25:  0.0700 ROUND  --       0 Draws,       9 Flashes
D26:  0.0670 ROUND  --       0 Draws,       4 Flashes
D27:  0.0750 ROUND  --       0 Draws,       8 Flashes
---------------------------------------------------------
 10 D-Codes      -----       0 Draws,      53 Flashes

*********************************************************

Output file: D:\MICA AND BOARD\DANH\DANH\ORCAD PROJECTS\COMERCIAL PROJECTS\COM_PRJ46\COM_PRJ46_VER1.SMB

Aperture totals for D:\MICA AND BOARD\DANH\DANH\ORCAD PROJECTS\COMERCIAL PROJECTS\COM_PRJ46\COM_PRJ46_VER1.SMB:
---------------------------------------------------------
D11:  0.0900 ROUND  --       0 Draws,       1 Flashes
D12:  0.0790 ROUND  --       0 Draws,       1 Flashes
D20:  0.0787 ROUND  --       0 Draws,      18 Flashes
D21:  0.1181 ROUND  --       0 Draws,       8 Flashes
D22:  0.0984 ROUND  --       0 Draws,       1 Flashes
D23:  0.0984 SQUARE --       0 Draws,       1 Flashes
D24:  0.0709 ROUND  --       0 Draws,       2 Flashes
D25:  0.0700 ROUND  --       0 Draws,       9 Flashes
D26:  0.0670 ROUND  --       0 Draws,       4 Flashes
D27:  0.0750 ROUND  --       0 Draws,       8 Flashes
---------------------------------------------------------
 10 D-Codes      -----       0 Draws,      53 Flashes

*********************************************************

Output file: D:\MICA AND BOARD\DANH\DANH\ORCAD PROJECTS\COMERCIAL PROJECTS\COM_PRJ46\COM_PRJ46_VER1.SST

Aperture totals for D:\MICA AND BOARD\DANH\DANH\ORCAD PROJECTS\COMERCIAL PROJECTS\COM_PRJ46\COM_PRJ46_VER1.SST:
---------------------------------------------------------
D16:  0.0100 ROUND  --       9 Draws,       0 Flashes
D18:  0.0039 ROUND  --      40 Draws,       0 Flashes
D20:  0.0787 ROUND  --       0 Draws,       4 Flashes
D28:  0.0118 ROUND  --     149 Draws,       0 Flashes
D29:  0.0020 ROUND  --     400 Draws,       0 Flashes
D30:  0.0079 ROUND  --     102 Draws,       0 Flashes
D31:  0.0083 ROUND  --       6 Draws,       0 Flashes
D32:  0.0090 ROUND  --      68 Draws,       0 Flashes
D33:  0.0010 ROUND  --       5 Draws,       0 Flashes
D34:  0.0080 ROUND  --      75 Draws,       0 Flashes
---------------------------------------------------------
 10 D-Codes      -----     854 Draws,       4 Flashes

*********************************************************

Output file: D:\MICA AND BOARD\DANH\DANH\ORCAD PROJECTS\COMERCIAL PROJECTS\COM_PRJ46\COM_PRJ46_VER1.AST

Aperture totals for D:\MICA AND BOARD\DANH\DANH\ORCAD PROJECTS\COMERCIAL PROJECTS\COM_PRJ46\COM_PRJ46_VER1.AST:
---------------------------------------------------------
D20:  0.0787 ROUND  --       0 Draws,      18 Flashes
D21:  0.1181 ROUND  --       0 Draws,       8 Flashes
D30:  0.0079 ROUND  --       2 Draws,       0 Flashes
D34:  0.0080 ROUND  --      12 Draws,       0 Flashes
D35:  0.0550 ROUND  --       0 Draws,       1 Flashes
D36:  0.0550 SQUARE --       0 Draws,       1 Flashes
---------------------------------------------------------
  6 D-Codes      -----      14 Draws,      28 Flashes

*********************************************************

Output file: D:\MICA AND BOARD\DANH\DANH\ORCAD PROJECTS\COMERCIAL PROJECTS\COM_PRJ46\COM_PRJ46_VER1.DRD

Aperture totals for D:\MICA AND BOARD\DANH\DANH\ORCAD PROJECTS\COMERCIAL PROJECTS\COM_PRJ46\COM_PRJ46_VER1.DRD:
---------------------------------------------------------
D16:  0.0100 ROUND  --     843 Draws,       0 Flashes
---------------------------------------------------------
  1 D-Codes      -----     843 Draws,       0 Flashes


*********************************************************

Aperture totals for entire project:
---------------------------------------------------------
D10:  0.1039 ROUND  --       0 Draws,      40 Flashes
D11:  0.0900 ROUND  --       0 Draws,       6 Flashes
D12:  0.0790 ROUND  --       0 Draws,       6 Flashes
D13:  0.0799 ROUND  --       0 Draws,      52 Flashes
D14:  0.0799 SQUARE --       0 Draws,       2 Flashes
D15:  0.0620 ROUND  --       0 Draws,       4 Flashes
D16:  0.0100 ROUND  --     857 Draws,       0 Flashes
D17:  0.0827 ROUND  --       0 Draws,       4 Flashes
D18:  0.0039 ROUND  --      47 Draws,       0 Flashes
D19:  0.0120 ROUND  --      71 Draws,       0 Flashes
D20:  0.0787 ROUND  --       0 Draws,      94 Flashes
D21:  0.1181 ROUND  --       0 Draws,      40 Flashes
D22:  0.0984 ROUND  --       0 Draws,       4 Flashes
D23:  0.0984 SQUARE --       0 Draws,       4 Flashes
D24:  0.0709 ROUND  --       0 Draws,       8 Flashes
D25:  0.0700 ROUND  --       0 Draws,      44 Flashes
D26:  0.0670 ROUND  --       0 Draws,       8 Flashes
D27:  0.0750 ROUND  --       0 Draws,      16 Flashes
D28:  0.0118 ROUND  --     149 Draws,       0 Flashes
D29:  0.0020 ROUND  --     400 Draws,       0 Flashes
D30:  0.0079 ROUND  --     104 Draws,       0 Flashes
D31:  0.0083 ROUND  --       6 Draws,       0 Flashes
D32:  0.0090 ROUND  --      68 Draws,       0 Flashes
D33:  0.0010 ROUND  --       5 Draws,       0 Flashes
D34:  0.0080 ROUND  --      87 Draws,       0 Flashes
D35:  0.0550 ROUND  --       0 Draws,       1 Flashes
D36:  0.0550 SQUARE --       0 Draws,       1 Flashes
---------------------------------------------------------
 27 D-Codes      -----    1794 Draws,     334 Flashes


No warnings or errors.
