Post Processor Report
OrCAD FILE: D:\DANH\ORCAD PROJECTS\COMERCIAL PROJECTS\COM_PRJ48\COM_PRJ48.MAX
Wed Sep 07 03:39:43 2011

*********************************************************

Output file: D:\DANH\ORCAD PROJECTS\COMERCIAL PROJECTS\COM_PRJ48\COM_PRJ48.TOP

Aperture totals for D:\DANH\ORCAD PROJECTS\COMERCIAL PROJECTS\COM_PRJ48\COM_PRJ48.TOP:
---------------------------------------------------------
D10:  0.1039 ROUND  --       0 Draws,      18 Flashes
D11:  0.0799 ROUND  --       0 Draws,      31 Flashes
D12:  0.0799 SQUARE --       0 Draws,       1 Flashes
D13:  0.0840 ROUND  --       0 Draws,       9 Flashes
D14:  0.0840 SQUARE --       0 Draws,       3 Flashes
D15:  0.2362 ROUND  --       0 Draws,       2 Flashes
---------------------------------------------------------
  6 D-Codes      -----       0 Draws,      64 Flashes

*********************************************************

Output file: D:\DANH\ORCAD PROJECTS\COMERCIAL PROJECTS\COM_PRJ48\COM_PRJ48.BOT

Aperture totals for D:\DANH\ORCAD PROJECTS\COMERCIAL PROJECTS\COM_PRJ48\COM_PRJ48.BOT:
---------------------------------------------------------
D10:  0.1039 ROUND  --       0 Draws,      18 Flashes
D11:  0.0799 ROUND  --       0 Draws,      32 Flashes
D13:  0.0840 ROUND  --       0 Draws,      12 Flashes
D15:  0.2362 ROUND  --       0 Draws,       2 Flashes
D16:  0.0120 ROUND  --      69 Draws,       0 Flashes
D17:  0.0118 ROUND  --      11 Draws,       0 Flashes
D18:  0.0080 ROUND  --       8 Draws,       0 Flashes
---------------------------------------------------------
  7 D-Codes      -----      88 Draws,      64 Flashes

*********************************************************

Output file: D:\DANH\ORCAD PROJECTS\COMERCIAL PROJECTS\COM_PRJ48\COM_PRJ48.GND

Aperture totals for D:\DANH\ORCAD PROJECTS\COMERCIAL PROJECTS\COM_PRJ48\COM_PRJ48.GND:
---------------------------------------------------------
D13:  0.0840 ROUND  --       0 Draws,       1 Flashes
D19:  0.0760 ROUND  --       0 Draws,       3 Flashes
D20:  0.0900 ROUND  --       0 Draws,      12 Flashes
D21:  0.0720 ROUND  --       0 Draws,      30 Flashes
D22:  0.0039 ROUND  --      10 Draws,       0 Flashes
---------------------------------------------------------
  5 D-Codes      -----      10 Draws,      46 Flashes

*********************************************************

Output file: D:\DANH\ORCAD PROJECTS\COMERCIAL PROJECTS\COM_PRJ48\COM_PRJ48.PWR

Aperture totals for D:\DANH\ORCAD PROJECTS\COMERCIAL PROJECTS\COM_PRJ48\COM_PRJ48.PWR:
---------------------------------------------------------
D13:  0.0840 ROUND  --       0 Draws,       1 Flashes
D19:  0.0760 ROUND  --       0 Draws,       3 Flashes
D20:  0.0900 ROUND  --       0 Draws,      12 Flashes
D21:  0.0720 ROUND  --       0 Draws,      30 Flashes
D22:  0.0039 ROUND  --      10 Draws,       0 Flashes
---------------------------------------------------------
  5 D-Codes      -----      10 Draws,      46 Flashes

*********************************************************

Output file: D:\DANH\ORCAD PROJECTS\COMERCIAL PROJECTS\COM_PRJ48\COM_PRJ48.SMT

Aperture totals for D:\DANH\ORCAD PROJECTS\COMERCIAL PROJECTS\COM_PRJ48\COM_PRJ48.SMT:
---------------------------------------------------------
D23:  0.0750 ROUND  --       0 Draws,      21 Flashes
D24:  0.0830 ROUND  --       0 Draws,       1 Flashes
D25:  0.0890 ROUND  --       0 Draws,      12 Flashes
D26:  0.0520 ROUND  --       0 Draws,      30 Flashes
---------------------------------------------------------
  4 D-Codes      -----       0 Draws,      64 Flashes

*********************************************************

Output file: D:\DANH\ORCAD PROJECTS\COMERCIAL PROJECTS\COM_PRJ48\COM_PRJ48.SMB

Aperture totals for D:\DANH\ORCAD PROJECTS\COMERCIAL PROJECTS\COM_PRJ48\COM_PRJ48.SMB:
---------------------------------------------------------
D23:  0.0750 ROUND  --       0 Draws,      21 Flashes
D24:  0.0830 ROUND  --       0 Draws,       1 Flashes
D25:  0.0890 ROUND  --       0 Draws,      12 Flashes
D26:  0.0520 ROUND  --       0 Draws,      30 Flashes
---------------------------------------------------------
  4 D-Codes      -----       0 Draws,      64 Flashes

*********************************************************

Output file: D:\DANH\ORCAD PROJECTS\COMERCIAL PROJECTS\COM_PRJ48\COM_PRJ48.SST

Aperture totals for D:\DANH\ORCAD PROJECTS\COMERCIAL PROJECTS\COM_PRJ48\COM_PRJ48.SST:
---------------------------------------------------------
D17:  0.0118 ROUND  --      31 Draws,       0 Flashes
D18:  0.0080 ROUND  --      24 Draws,       0 Flashes
D22:  0.0039 ROUND  --      49 Draws,       0 Flashes
D27:  0.0020 ROUND  --     105 Draws,       0 Flashes
D28:  0.0079 ROUND  --       9 Draws,       0 Flashes
D29:  0.0010 ROUND  --      10 Draws,       0 Flashes
---------------------------------------------------------
  6 D-Codes      -----     228 Draws,       0 Flashes

*********************************************************

Output file: D:\DANH\ORCAD PROJECTS\COMERCIAL PROJECTS\COM_PRJ48\COM_PRJ48.AST

Aperture totals for D:\DANH\ORCAD PROJECTS\COMERCIAL PROJECTS\COM_PRJ48\COM_PRJ48.AST:
---------------------------------------------------------
D22:  0.0039 ROUND  --      10 Draws,       0 Flashes
D26:  0.0520 ROUND  --       0 Draws,      30 Flashes
D29:  0.0010 ROUND  --      16 Draws,       0 Flashes
---------------------------------------------------------
  3 D-Codes      -----      26 Draws,      30 Flashes

*********************************************************

Output file: D:\DANH\ORCAD PROJECTS\COMERCIAL PROJECTS\COM_PRJ48\COM_PRJ48.DRD

Aperture totals for D:\DANH\ORCAD PROJECTS\COMERCIAL PROJECTS\COM_PRJ48\COM_PRJ48.DRD:
---------------------------------------------------------
D22:  0.0039 ROUND  --      10 Draws,       0 Flashes
D30:  0.0100 ROUND  --     638 Draws,       0 Flashes
---------------------------------------------------------
  2 D-Codes      -----     648 Draws,       0 Flashes


*********************************************************

Aperture totals for entire project:
---------------------------------------------------------
D10:  0.1039 ROUND  --       0 Draws,      36 Flashes
D11:  0.0799 ROUND  --       0 Draws,      63 Flashes
D12:  0.0799 SQUARE --       0 Draws,       1 Flashes
D13:  0.0840 ROUND  --       0 Draws,      23 Flashes
D14:  0.0840 SQUARE --       0 Draws,       3 Flashes
D15:  0.2362 ROUND  --       0 Draws,       4 Flashes
D16:  0.0120 ROUND  --      69 Draws,       0 Flashes
D17:  0.0118 ROUND  --      42 Draws,       0 Flashes
D18:  0.0080 ROUND  --      32 Draws,       0 Flashes
D19:  0.0760 ROUND  --       0 Draws,       6 Flashes
D20:  0.0900 ROUND  --       0 Draws,      24 Flashes
D21:  0.0720 ROUND  --       0 Draws,      60 Flashes
D22:  0.0039 ROUND  --      89 Draws,       0 Flashes
D23:  0.0750 ROUND  --       0 Draws,      42 Flashes
D24:  0.0830 ROUND  --       0 Draws,       2 Flashes
D25:  0.0890 ROUND  --       0 Draws,      24 Flashes
D26:  0.0520 ROUND  --       0 Draws,      90 Flashes
D27:  0.0020 ROUND  --     105 Draws,       0 Flashes
D28:  0.0079 ROUND  --       9 Draws,       0 Flashes
D29:  0.0010 ROUND  --      26 Draws,       0 Flashes
D30:  0.0100 ROUND  --     638 Draws,       0 Flashes
---------------------------------------------------------
 21 D-Codes      -----    1010 Draws,     378 Flashes


No warnings or errors.
