Thu Oct 17 00:22:07 Saved as file D:\DANH\ORCAD PROJECTS\COMERCIAL PROJECTS\COM_PRJ51(LAMP)\LAMP.MAX
Thu Oct 17 00:24:39 Saved as file D:\DANH\ORCAD PROJECTS\COMERCIAL PROJECTS\COM_PRJ51(LAMP)\LAMP.MAX
Thu Oct 17 00:25:38 Loaded file C:\Program Files\OrCAD\Layout_Plus\data\template.imp
Thu Oct 17 00:25:38 Loaded file C:\Program Files\OrCAD\Layout_Plus\data\template.imp
Thu Oct 17 00:25:47 Loaded file C:\Program Files\OrCAD\Layout_Plus\library\CLCC.llb
Thu Oct 17 00:25:47 Loaded file C:\Program Files\OrCAD\Layout_Plus\library\CLCC.llb
Thu Oct 17 00:34:53 Loaded file C:\Program Files\OrCAD\Layout_Plus\data\template.imp
Thu Oct 17 00:34:53 Loaded file C:\Program Files\OrCAD\Layout_Plus\data\template.imp
Thu Oct 17 00:34:54 Loaded file D:\DANH\DANH'S LIBS\DANHLIB.LLB
Thu Oct 17 00:35:00 Loaded file C:\Program Files\OrCAD\Layout_Plus\data\template.imp
Thu Oct 17 00:35:10 Loaded file C:\Program Files\OrCAD\Layout_Plus\data\template.imp
Thu Oct 17 00:35:10 Loaded file C:\Program Files\OrCAD\Layout_Plus\data\template.imp
Thu Oct 17 00:35:12 Loaded file D:\DANH\DANH'S LIBS\DANHLIB.LLB
Thu Oct 17 00:35:17 Loaded file C:\Program Files\OrCAD\Layout_Plus\data\template.imp
Thu Oct 17 00:38:01 Saved as file D:\DANH\ORCAD PROJECTS\COMERCIAL PROJECTS\COM_PRJ51(LAMP)\LAMP.MAX
Thu Oct 17 00:45:44 Saved as file BACKUP1.MAX
Thu Oct 17 00:45:57 Saved as file D:\DANH\ORCAD PROJECTS\COMERCIAL PROJECTS\COM_PRJ51(LAMP)\LAMP.MAX
Thu Oct 17 00:45:58 Saved as file D:\DANH\ORCAD PROJECTS\COMERCIAL PROJECTS\COM_PRJ51(LAMP)\LAMP.MAX
Thu Oct 17 00:52:02 Saved as file D:\DANH\ORCAD PROJECTS\COMERCIAL PROJECTS\COM_PRJ51(LAMP)\LAMP.MAX
Thu Oct 17 00:52:02 Saved as file D:\DANH\ORCAD PROJECTS\COMERCIAL PROJECTS\COM_PRJ51(LAMP)\LAMP.MAX
Thu Oct 17 00:56:44 Saved as file BACKUP1.MAX
Thu Oct 17 00:57:36 Saved as file D:\DANH\ORCAD PROJECTS\COMERCIAL PROJECTS\COM_PRJ51(LAMP)\LAMP.MAX
Thu Oct 17 00:57:37 Saved as file D:\DANH\ORCAD PROJECTS\COMERCIAL PROJECTS\COM_PRJ51(LAMP)\LAMP.MAX
Thu Oct 17 00:59:04 Saved as file D:\DANH\ORCAD PROJECTS\COMERCIAL PROJECTS\COM_PRJ51(LAMP)\LAMP.MAX
Thu Oct 17 00:59:04 Saved as file D:\DANH\ORCAD PROJECTS\COMERCIAL PROJECTS\COM_PRJ51(LAMP)\LAMP.MAX
Thu Oct 17 01:00:24 Saved as file D:\DANH\ORCAD PROJECTS\COMERCIAL PROJECTS\COM_PRJ51(LAMP)\LAMP.MAX
Thu Oct 17 01:07:14 Saved as file BACKUP1.MAX
Thu Oct 17 01:08:22 Saved as file D:\DANH\ORCAD PROJECTS\COMERCIAL PROJECTS\COM_PRJ51(LAMP)\LAMP.MAX
Thu Oct 17 01:08:23 Saved as file D:\DANH\ORCAD PROJECTS\COMERCIAL PROJECTS\COM_PRJ51(LAMP)\LAMP.MAX
Thu Oct 17 01:09:24 Saved as file D:\DANH\ORCAD PROJECTS\COMERCIAL PROJECTS\COM_PRJ51(LAMP)\LAMP.MAX
Thu Oct 17 01:14:41 Saved as file D:\DANH\ORCAD PROJECTS\COMERCIAL PROJECTS\COM_PRJ51(LAMP)\LAMP.MAX
Thu Oct 17 01:14:42 Saved as file D:\DANH\ORCAD PROJECTS\COMERCIAL PROJECTS\COM_PRJ51(LAMP)\LAMP.MAX
Thu Oct 17 01:15:35 Saved as file D:\DANH\ORCAD PROJECTS\COMERCIAL PROJECTS\COM_PRJ51(LAMP)\LAMP.MAX
Thu Oct 17 01:15:36 Saved as file D:\DANH\ORCAD PROJECTS\COMERCIAL PROJECTS\COM_PRJ51(LAMP)\LAMP.MAX
Thu Oct 17 01:15:44 Saved as file D:\DANH\ORCAD PROJECTS\COMERCIAL PROJECTS\COM_PRJ51(LAMP)\LAMP.MAX
Thu Oct 17 01:16:31 Saved as file D:\DANH\ORCAD PROJECTS\COMERCIAL PROJECTS\COM_PRJ51(LAMP)\LAMP.MAX
Thu Oct 17 01:16:32 Saved as file D:\DANH\ORCAD PROJECTS\COMERCIAL PROJECTS\COM_PRJ51(LAMP)\LAMP.MAX
Thu Oct 17 01:17:26 Saved as file D:\DANH\ORCAD PROJECTS\COMERCIAL PROJECTS\COM_PRJ51(LAMP)\LAMP.MAX
Thu Oct 17 01:18:14 Saved as file BACKUP1.MAX
Thu Oct 17 01:28:44 Saved as file BACKUP1.MAX
Thu Oct 17 01:32:02 Saved as file D:\DANH\ORCAD PROJECTS\COMERCIAL PROJECTS\COM_PRJ51(LAMP)\LAMP.MAX
Thu Oct 17 01:35:41 Saved as file D:\DANH\ORCAD PROJECTS\COMERCIAL PROJECTS\COM_PRJ51(LAMP)\LAMP.MAX
