Wed Jun 09 10:58:10 Saved as file D:\DANH\ROBOT\ORCAD PROJECTS\COMERCIAL PROJECTS\COM_PRJ25(8 LED)\COM_PRJ25.MAX
Wed Jun 09 10:58:10 Saved as file BACKUP1.MAX
Wed Jun 09 10:58:10 Saved as file D:\DANH\ROBOT\ORCAD PROJECTS\COMERCIAL PROJECTS\COM_PRJ25(8 LED)\COM_PRJ25.MAX
Wed Jun 09 10:58:10 UserDiv from Layout.INI for AutoECO: 60
Wed Jun 09 10:58:10 Loaded file D:\DANH\ROBOT\ORCAD PROJECTS\COMERCIAL PROJECTS\COM_PRJ25(8 LED)\COM_PRJ25.MAX
Wed Jun 09 10:58:10 Loaded file D:\DANH\ROBOT\ORCAD LIBS\DANHLIB.LLB
Wed Jun 09 10:58:10 Loaded file C:\Program Files\Orcad\Layout_Plus\library\BCON100T.llb
Wed Jun 09 10:58:10 Loaded file C:\Program Files\Orcad\Layout_Plus\library\BCON156T.llb
Wed Jun 09 10:58:10 Loaded file C:\Program Files\Orcad\Layout_Plus\library\BGA.llb
Wed Jun 09 10:58:10 Loaded file C:\Program Files\Orcad\Layout_Plus\library\CLCC.llb
Wed Jun 09 10:58:10 Loaded file C:\Program Files\Orcad\Layout_Plus\library\DCON050T.llb
Wed Jun 09 10:58:10 Loaded file C:\Program Files\Orcad\Layout_Plus\library\DCON085T.llb
Wed Jun 09 10:58:10 Loaded file C:\Program Files\Orcad\Layout_Plus\library\DIMM050F.llb
Wed Jun 09 10:58:10 Loaded file C:\Program Files\Orcad\Layout_Plus\library\DIMM050T.llb
Wed Jun 09 10:58:10 Loaded file C:\Program Files\Orcad\Layout_Plus\library\DIN.llb
Wed Jun 09 10:58:10 Loaded file C:\Program Files\Orcad\Layout_Plus\library\DIP100B.llb
Wed Jun 09 10:58:10 Loaded file C:\Program Files\Orcad\Layout_Plus\library\DIP100T.llb
Wed Jun 09 10:58:10 Loaded file C:\Program Files\Orcad\Layout_Plus\library\DSUBT.llb
Wed Jun 09 10:58:10 Loaded file C:\Program Files\Orcad\Layout_Plus\library\DSUBT_HD.LLB
Wed Jun 09 10:58:10 Loaded file C:\Program Files\Orcad\Layout_Plus\library\ECON100T.llb
Wed Jun 09 10:58:10 Loaded file C:\Program Files\Orcad\Layout_Plus\library\FBUS.llb
Wed Jun 09 10:58:10 Loaded file C:\Program Files\Orcad\Layout_Plus\library\ISA.llb
Wed Jun 09 10:58:10 Loaded file C:\Program Files\Orcad\Layout_Plus\library\JUMPER.LLB
Wed Jun 09 10:58:10 Loaded file C:\Program Files\Orcad\Layout_Plus\library\LAYOUT.llb
Wed Jun 09 10:58:10 Loaded file C:\Program Files\Orcad\Layout_Plus\library\LCON100T.llb
Wed Jun 09 10:58:10 Loaded file C:\Program Files\Orcad\Layout_Plus\library\PC104.llb
Wed Jun 09 10:58:10 Loaded file C:\Program Files\Orcad\Layout_Plus\library\PCI.llb
Wed Jun 09 10:58:10 Loaded file C:\Program Files\Orcad\Layout_Plus\library\PCON100T.llb
Wed Jun 09 10:58:10 Loaded file C:\Program Files\Orcad\Layout_Plus\library\PCON156T.llb
Wed Jun 09 10:58:10 Loaded file C:\Program Files\Orcad\Layout_Plus\library\PGA.llb
Wed Jun 09 10:58:10 Loaded file C:\Program Files\Orcad\Layout_Plus\library\PLCC.llb
Wed Jun 09 10:58:10 Loaded file C:\Program Files\Orcad\Layout_Plus\library\QUAD.llb
Wed Jun 09 10:58:10 Loaded file C:\Program Files\Orcad\Layout_Plus\library\QUADB.llb
Wed Jun 09 10:58:10 Loaded file C:\Program Files\Orcad\Layout_Plus\library\RELAY.llb
Wed Jun 09 10:58:10 Loaded file C:\Program Files\Orcad\Layout_Plus\library\RF.llb
Wed Jun 09 10:58:10 Loaded file C:\Program Files\Orcad\Layout_Plus\library\SBUS.llb
Wed Jun 09 10:58:10 Loaded file C:\Program Files\Orcad\Layout_Plus\library\SIMM050F.llb
Wed Jun 09 10:58:10 Loaded file C:\Program Files\Orcad\Layout_Plus\library\SIMM050T.llb
Wed Jun 09 10:58:10 Loaded file C:\Program Files\Orcad\Layout_Plus\library\SIMM100F.llb
Wed Jun 09 10:58:10 Loaded file C:\Program Files\Orcad\Layout_Plus\library\SIMM100T.llb
Wed Jun 09 10:58:10 Loaded file C:\Program Files\Orcad\Layout_Plus\library\SIP.llb
Wed Jun 09 10:58:10 Loaded file C:\Program Files\Orcad\Layout_Plus\library\SM.llb
Wed Jun 09 10:58:10 Loaded file C:\Program Files\Orcad\Layout_Plus\library\SOG.llb
Wed Jun 09 10:58:10 Loaded file C:\Program Files\Orcad\Layout_Plus\library\SOJ.llb
Wed Jun 09 10:58:10 Loaded file C:\Program Files\Orcad\Layout_Plus\library\STIFF.llb
Wed Jun 09 10:58:10 Loaded file C:\Program Files\Orcad\Layout_Plus\library\TELE.llb
Wed Jun 09 10:58:10 Loaded file C:\Program Files\Orcad\Layout_Plus\library\TM_AXIAL.llb
Wed Jun 09 10:58:10 Loaded file C:\Program Files\Orcad\Layout_Plus\library\TM_CAP_P.llb
Wed Jun 09 10:58:10 Loaded file C:\Program Files\Orcad\Layout_Plus\library\TM_CYLND.llb
Wed Jun 09 10:58:10 Loaded file C:\Program Files\Orcad\Layout_Plus\library\TM_DIODE.llb
Wed Jun 09 10:58:10 Loaded file C:\Program Files\Orcad\Layout_Plus\library\TM_DISC.llb
Wed Jun 09 10:58:10 Loaded file C:\Program Files\Orcad\Layout_Plus\library\TM_RAD.llb
Wed Jun 09 10:58:10 Loaded file C:\Program Files\Orcad\Layout_Plus\library\TO.llb
Wed Jun 09 10:58:10 Loaded file C:\Program Files\Orcad\Layout_Plus\library\TRAINING.LLB
Wed Jun 09 10:58:10 Loaded file C:\Program Files\Orcad\Layout_Plus\library\VRES.llb
Wed Jun 09 10:58:10 Loaded file C:\Program Files\Orcad\Layout_Plus\library\WCON100T.llb
Wed Jun 09 10:58:10 Loaded file C:\Program Files\Orcad\Layout_Plus\library\XT.llb
Wed Jun 09 10:58:10 Loaded file C:\Program Files\Orcad\Layout_Plus\library\ZIGZAG.llb
Wed Jun 09 10:58:11 Loaded file D:\DANH\ROBOT\ORCAD LIBS\DANHLIB.LLB
Wed Jun 09 10:58:11 Loaded file D:\DANH\ROBOT\ORCAD LIBS\DANHLIB.LLB
Wed Jun 09 10:58:11 Loaded file D:\DANH\ROBOT\ORCAD LIBS\DANHLIB.LLB
Wed Jun 09 10:58:11 Saved as file D:\DANH\ROBOT\ORCAD PROJECTS\COMERCIAL PROJECTS\COM_PRJ25(8 LED)\COM_PRJ25.MAX
Wed Jun 09 10:58:11 Loaded file D:\DANH\ROBOT\ORCAD PROJECTS\COMERCIAL PROJECTS\COM_PRJ25(8 LED)\COM_PRJ25.MAX
Wed Jun 09 10:59:37 Saved as file D:\DANH\ROBOT\ORCAD PROJECTS\COMERCIAL PROJECTS\COM_PRJ25(8 LED)\COM_PRJ25.MAX
Wed Jun 09 10:59:57 Saved as file D:\DANH\ROBOT\ORCAD PROJECTS\COMERCIAL PROJECTS\COM_PRJ25(8 LED)\COM_PRJ25.MAX
Wed Jun 09 11:00:44 Saved as file D:\DANH\ROBOT\ORCAD PROJECTS\COMERCIAL PROJECTS\COM_PRJ25(8 LED)\COM_PRJ25.MAX
Wed Jun 09 11:06:21 Saved as file D:\DANH\ROBOT\ORCAD PROJECTS\COMERCIAL PROJECTS\COM_PRJ25(8 LED)\COM_PRJ25.MAX
Wed Jun 09 11:06:32 Saved as file D:\DANH\ROBOT\ORCAD PROJECTS\COMERCIAL PROJECTS\COM_PRJ25(8 LED)\COM_PRJ25.MAX
Wed Jun 09 11:09:47 Saved as file BACKUP1.MAX
Wed Jun 09 11:18:09 Saved as file D:\DANH\ROBOT\ORCAD PROJECTS\COMERCIAL PROJECTS\COM_PRJ25(8 LED)\COM_PRJ25.MAX
Wed Jun 09 11:18:56 Saved as file D:\DANH\ROBOT\ORCAD PROJECTS\COMERCIAL PROJECTS\COM_PRJ25(8 LED)\COM_PRJ25.MAX
Wed Jun 09 11:19:00 No new connections routed.
Wed Jun 09 11:19:00 Total is now 0 out of 56 (0%).
Wed Jun 09 11:19:00 Saved as file SWEEP1.MAX
Wed Jun 09 11:19:00 Saved as file BACKUP1.MAX
Wed Jun 09 11:19:01 Saved as file BACKUP1.MAX
Wed Jun 09 11:19:01 Saved as file BACKUP1.MAX
Wed Jun 09 11:19:01 Saved as file BACKUP1.MAX
Wed Jun 09 11:19:01 Saved as file BACKUP1.MAX
Wed Jun 09 11:19:01 Saved as file BACKUP1.MAX
Wed Jun 09 11:19:01 Routed 83 connections in 1 seconds.
Wed Jun 09 11:19:01 Total is now 56 out of 56 (100%).
Wed Jun 09 11:19:01 Saved as file SWEEP2.MAX
Wed Jun 09 11:19:01 No new connections routed.
Wed Jun 09 11:19:01 Total is now 56 out of 56 (100%).
Wed Jun 09 11:19:01 Saved as file SWEEP3.MAX
Wed Jun 09 11:19:01 No new connections routed.
Wed Jun 09 11:19:01 Total is now 56 out of 56 (100%).
Wed Jun 09 11:19:01 Saved as file SWEEP4.MAX
Wed Jun 09 11:19:02 No new connections routed.
Wed Jun 09 11:19:02 Total is now 56 out of 56 (100%).
Wed Jun 09 11:19:02 Saved as file SWEEP5.MAX
Wed Jun 09 11:19:49 Saved as file D:\DANH\ROBOT\ORCAD PROJECTS\COMERCIAL PROJECTS\COM_PRJ25(8 LED)\COM_PRJ25.MAX
Thu Jun 16 03:06:46 Loaded file D:\DANH\ROBOT\ORCAD PROJECTS\COMERCIAL PROJECTS\COM_PRJ25(8 LED)\COM_PRJ25.MAX
Sat Dec 10 09:58:39 Saved as file D:\DANH\ORCADP~1\COMERC~1\COAD1C~1\COM_PR~1.MAX
Sat Dec 10 10:00:11 Loaded file C:\Program Files\OrCAD\Layout_Plus\data\template.imp
Sat Dec 10 10:00:11 Loaded file C:\Program Files\OrCAD\Layout_Plus\data\template.imp
Sat Dec 10 10:00:13 Loaded file D:\DANH\DANH'S LIBS\DANHLIB.LLB
Sat Dec 10 10:00:15 Loaded file C:\Program Files\OrCAD\Layout_Plus\data\template.imp
Sat Dec 10 10:00:23 Loaded file C:\Program Files\OrCAD\Layout_Plus\data\template.imp
Sat Dec 10 10:00:23 Loaded file C:\Program Files\OrCAD\Layout_Plus\data\template.imp
Sat Dec 10 10:00:24 Loaded file D:\DANH\DANH'S LIBS\DANHLIB.LLB
Sat Dec 10 10:00:32 Loaded file C:\Program Files\OrCAD\Layout_Plus\data\template.imp
Sat Dec 10 10:02:46 Saved as file D:\DANH\ORCADP~1\COMERC~1\COAD1C~1\COM_PR~1.MAX
Sat Dec 10 10:02:46 Saved as file D:\DANH\ORCADP~1\COMERC~1\COAD1C~1\COM_PR~1.MAX
Sat Dec 10 10:03:48 Saved as file BACKUP1.MAX
Sat Dec 10 10:05:37 Saved as file D:\DANH\ORCADP~1\COMERC~1\COAD1C~1\COM_PR~1.MAX
Sat Dec 10 10:05:47 Saved as file D:\DANH\ORCADP~1\COMERC~1\COAD1C~1\COM_PR~1.MAX
Sat Dec 10 10:06:34 Saved as file D:\DANH\ORCAD PROJECTS\COMERCIAL PROJECTS\COM_PRJ25(8 LED)\COM_PRJ25.MAX
Thu Feb 23 07:28:18 Saved as file D:\DANH\ORCAD PROJECTS\COMERCIAL PROJECTS\COM_PRJ25(8 LED)\COM_PRJ25_VUONG.MAX
Thu Feb 23 07:43:26 Saved as file BACKUP1.MAX
Thu Feb 23 07:49:07 Saved as file D:\DANH\ORCAD PROJECTS\COMERCIAL PROJECTS\COM_PRJ25(8 LED)\COM_PRJ25_VUONG.MAX
Fri Feb 24 02:26:31 Saved as file BACKUP1.MAX
Fri Feb 24 02:30:58 Saved as file D:\DANH\ORCAD PROJECTS\COMERCIAL PROJECTS\COM_PRJ25(8 LED)\COM_PRJ25_VUONG.MAX
Fri Feb 24 02:36:31 Saved as file BACKUP1.MAX
Fri Feb 24 02:37:52 Saved as file BACKUP1.MAX
Fri Feb 24 02:46:31 Saved as file BACKUP1.MAX
Fri Feb 24 02:47:52 Saved as file BACKUP1.MAX
Fri Feb 24 02:56:31 Saved as file BACKUP1.MAX
Fri Feb 24 02:57:52 Saved as file BACKUP1.MAX
Fri Feb 24 03:06:31 Saved as file BACKUP1.MAX
Fri Feb 24 03:07:52 Saved as file BACKUP1.MAX
Fri Feb 24 03:13:50 Saved as file D:\DANH\ORCAD PROJECTS\COMERCIAL PROJECTS\COM_PRJ25(8 LED)\COM_PRJ25_VUONG.MAX
Fri Feb 24 03:16:31 Saved as file BACKUP1.MAX
Fri Feb 24 03:17:52 Saved as file BACKUP1.MAX
Sat Feb 25 01:53:00 Saved as file D:\DANH\ORCAD PROJECTS\COMERCIAL PROJECTS\COM_PRJ25(8 LED)\COM_PRJ25_VUONG_VER1.MAX
Sat Feb 25 01:55:53 Saved as file D:\DANH\ORCAD PROJECTS\COMERCIAL PROJECTS\COM_PRJ25(8 LED)\COM_PRJ25_VUONG_VER1.MAX
Sat Feb 25 01:58:27 Saved as file BACKUP1.MAX
Sat Feb 25 01:59:18 Saved as file D:\DANH\ORCAD PROJECTS\COMERCIAL PROJECTS\COM_PRJ25(8 LED)\COM_PRJ25_VUONG_VER1.MAX
Sat Feb 25 02:06:27 Saved as file D:\DANH\ORCAD PROJECTS\COMERCIAL PROJECTS\COM_PRJ25(8 LED)\COM_PRJ25_VUONG_VER1.MAX
Sat Feb 25 02:09:03 Saved as file BACKUP1.MAX
Sat Feb 25 02:10:31 Saved as file D:\DANH\ORCAD PROJECTS\COMERCIAL PROJECTS\COM_PRJ25(8 LED)\COM_PRJ25_VUONG_VER1.MAX
Sat Feb 25 02:10:48 Saved as file D:\DANH\ORCAD PROJECTS\COMERCIAL PROJECTS\COM_PRJ25(8 LED)\COM_PRJ25_VUONG_VER2.MAX
Sat Feb 25 02:10:50 Saved as file D:\DANH\ORCAD PROJECTS\COMERCIAL PROJECTS\COM_PRJ25(8 LED)\COM_PRJ25_VUONG_VER2.MAX
Sat Feb 25 02:15:48 Saved as file D:\DANH\ORCAD PROJECTS\COMERCIAL PROJECTS\COM_PRJ25(8 LED)\COM_PRJ25_VUONG_VER2.MAX
Sat Feb 25 02:16:57 Saved as file D:\DANH\ORCAD PROJECTS\COMERCIAL PROJECTS\COM_PRJ25(8 LED)\COM_PRJ25_VUONG_VER2.MAX
Sat Feb 25 02:16:57 Saved as file D:\DANH\ORCAD PROJECTS\COMERCIAL PROJECTS\COM_PRJ25(8 LED)\COM_PRJ25_VUONG_VER2.MAX
Sat Feb 25 09:18:04 Saved as file D:\DANH\ORCAD PROJECTS\COMERCIAL PROJECTS\COM_PRJ25(8 LED)\COM_PRJ25_VUONG_VER2.MAX
Sat Feb 25 09:18:05 Saved as file D:\DANH\ORCAD PROJECTS\COMERCIAL PROJECTS\COM_PRJ25(8 LED)\COM_PRJ25_VUONG_VER2.MAX
Sat Feb 25 09:18:21 Saved as file D:\DANH\ORCAD PROJECTS\COMERCIAL PROJECTS\COM_PRJ25(8 LED)\COM_PRJ25_VUONG_VER2.MAX
Sat Feb 25 09:19:36 Saved as file D:\DANH\ORCAD PROJECTS\COMERCIAL PROJECTS\COM_PRJ25(8 LED)\COM_PRJ25_VUONG_VER2.MAX
Sat Feb 25 09:22:10 Saved as file D:\DANH\ORCAD PROJECTS\COMERCIAL PROJECTS\COM_PRJ25(8 LED)\COM_PRJ25_VUONG_VER2.MAX
Sat Feb 25 09:22:11 Saved as file D:\DANH\ORCAD PROJECTS\COMERCIAL PROJECTS\COM_PRJ25(8 LED)\COM_PRJ25_VUONG_VER2.MAX
Sat Feb 25 09:22:26 Loaded file D:\DANH\ORCAD PROJECTS\COMERCIAL PROJECTS\COM_PRJ25(8 LED)\COM_PRJ25.MAX
Sat Feb 25 09:25:11 Saved as file BACKUP1.MAX
Sat Feb 25 09:30:22 Saved as file D:\DANH\ORCADP~1\COMERC~1\COAD1C~1\COM_PR~4.MAX
Sat Feb 25 09:34:21 Saved as file D:\DANH\ORCADP~1\COMERC~1\COAD1C~1\COM_PR~4.MAX
Sat Feb 25 09:34:50 Saved as file BACKUP1.MAX
Sat Feb 25 09:35:11 Saved as file BACKUP1.MAX
Sat Feb 25 09:35:38 Saved as file D:\DANH\ORCADP~1\COMERC~1\COAD1C~1\COM_PR~4.MAX
Sat Feb 25 09:36:38 Saved as file D:\DANH\ORCADP~1\COMERC~1\COAD1C~1\COM_PR~4.MAX
Sat Feb 25 09:38:06 Saved as file D:\DANH\ORCADP~1\COMERC~1\COAD1C~1\COM_PR~4.MAX
Sat Feb 25 09:39:09 Saved as file D:\DANH\ORCADP~1\COMERC~1\COAD1C~1\COM_PR~4.MAX
Sat Feb 25 09:41:10 Saved as file D:\DANH\ORCADP~1\COMERC~1\COAD1C~1\COM_PR~4.MAX
Sat Feb 25 09:41:26 Saved as file D:\DANH\ORCADP~1\COMERC~1\COAD1C~1\COM_PR~4.MAX
Sat Feb 25 09:41:57 Saved as file D:\DANH\ORCADP~1\COMERC~1\COAD1C~1\COM_PR~4.MAX
Sat Feb 25 09:44:50 Saved as file BACKUP1.MAX
Sat Feb 25 09:45:11 Saved as file BACKUP1.MAX
Sat Feb 25 09:51:33 Saved as file D:\DANH\ORCADP~1\COMERC~1\COAD1C~1\COM_PR~4.MAX
Sat Feb 25 09:54:13 Saved as file D:\DANH\ORCADP~1\COMERC~1\COAD1C~1\COM_PR~4.MAX
Sat Feb 25 09:54:50 Saved as file BACKUP1.MAX
Sat Feb 25 09:55:06 Saved as file D:\DANH\ORCADP~1\COMERC~1\COAD1C~1\COM_PR~4.MAX
Sat Feb 25 09:55:11 Saved as file BACKUP1.MAX
Sat Feb 25 09:56:17 Saved as file D:\DANH\ORCADP~1\COMERC~1\COAD1C~1\COM_PR~4.MAX
Sat Feb 25 10:04:50 Saved as file BACKUP1.MAX
Sat Feb 25 10:05:11 Saved as file BACKUP1.MAX
Sat Feb 25 10:07:11 Error code 0034.912 (266)
Sat Feb 25 10:07:11 Saved as file Backup0.max
Sat Feb 25 10:07:11 Windows which were open at time of error:
Sat Feb 25 10:07:11 	ActiveWindow: &Design
Sat Feb 25 10:07:11 	Icon: &Components
Sat Feb 25 10:07:11 	Icon: &Nets
Sat Feb 25 10:07:11 	Icon: Post Proces&s
Sat Feb 25 10:07:11 End-of-list
Sat Feb 25 10:07:12 Error code 0034.912 (266)
Sat Feb 25 10:07:20 Error code 0034.912 (266)
Sat Feb 25 10:07:20 Saved as file Backup0.max
Sat Feb 25 10:07:20 Windows which were open at time of error:
Sat Feb 25 10:07:20 	ActiveWindow: &Design
Sat Feb 25 10:07:20 	Icon: &Components
Sat Feb 25 10:07:20 	Icon: &Nets
Sat Feb 25 10:07:20 	Icon: Post Proces&s
Sat Feb 25 10:07:20 End-of-list
Sat Feb 25 10:07:21 Error code 0034.912 (266)
Sat Feb 25 10:12:50 Saved as file D:\DANH\ORCAD PROJECTS\COMERCIAL PROJECTS\COM_PRJ25(8 LED)\COM_PRJ25_VUONG_VER2.MAX
Sat Feb 25 10:13:00 Saved as file D:\DANH\ORCAD PROJECTS\COMERCIAL PROJECTS\COM_PRJ25(8 LED)\COM_PRJ25_VUONG_VER2.MAX
Sat Feb 25 10:13:55 Saved as file D:\DANH\ORCAD PROJECTS\COMERCIAL PROJECTS\COM_PRJ25(8 LED)\COM_PRJ25_VUONG_VER2.MAX
Sat Feb 25 10:15:58 Saved as file D:\DANH\ORCAD PROJECTS\COMERCIAL PROJECTS\COM_PRJ25(8 LED)\COM_PRJ25_VUONG_VER2.MAX
Sat Feb 25 10:17:48 Saved as file D:\DANH\ORCAD PROJECTS\COMERCIAL PROJECTS\COM_PRJ25(8 LED)\COM_PRJ25_VUONG_VER2.MAX
Sat Feb 25 10:18:23 Saved as file D:\DANH\ORCAD PROJECTS\COMERCIAL PROJECTS\COM_PRJ25(8 LED)\COM_PRJ25_VUONG_VER2.MAX
Sat Feb 25 10:19:43 Saved as file D:\DANH\ORCAD PROJECTS\COMERCIAL PROJECTS\COM_PRJ25(8 LED)\COM_PRJ25_VUONG_VER2.MAX
Sat Feb 25 10:20:40 Saved as file D:\DANH\ORCAD PROJECTS\COMERCIAL PROJECTS\COM_PRJ25(8 LED)\COM_PRJ25_VUONG_VER2.MAX
Sat Feb 25 10:21:56 Saved as file D:\DANH\ORCAD PROJECTS\COMERCIAL PROJECTS\COM_PRJ25(8 LED)\COM_PRJ25_VUONG_VER2.MAX
Sat Feb 25 10:22:01 Saved as file BACKUP1.MAX
Sat Feb 25 10:22:04 Saved as file D:\DANH\ORCAD PROJECTS\COMERCIAL PROJECTS\COM_PRJ25(8 LED)\COM_PRJ25_VUONG_VER2.MAX
Sat Feb 25 10:24:25 Saved as file D:\DANH\ORCAD PROJECTS\COMERCIAL PROJECTS\COM_PRJ25(8 LED)\COM_PRJ25_VUONG_VER2.MAX
Sat Feb 25 10:24:42 Saved as file D:\DANH\ORCAD PROJECTS\COMERCIAL PROJECTS\COM_PRJ25(8 LED)\COM_PRJ25_VUONG_VER2.MAX
Sat Feb 25 10:32:01 Saved as file BACKUP1.MAX
Sat Feb 25 10:35:01 Error code 0034.912 (266)
Sat Feb 25 10:35:01 Saved as file Backup0.max
Sat Feb 25 10:35:01 Windows which were open at time of error:
Sat Feb 25 10:35:01 	ActiveWindow: &Design
Sat Feb 25 10:35:01 	Icon: &Components
Sat Feb 25 10:35:01 	Icon: &Nets
Sat Feb 25 10:35:01 	Icon: Post Proces&s
Sat Feb 25 10:35:01 End-of-list
Sat Feb 25 10:35:02 Error code 0034.912 (266)
Sat Feb 25 10:46:53 Saved as file D:\DANH\ORCADP~1\COMERC~1\COAD1C~1\COM_PR~4.MAX
Sat Feb 25 10:50:02 Saved as file BACKUP1.MAX
Sat Feb 25 10:50:03 Saved as file D:\DANH\ORCADP~1\COMERC~1\COAD1C~1\COM_PR~4.MAX
Sat Feb 25 10:50:14 Saved as file D:\DANH\ORCADP~1\COMERC~1\COAD1C~1\COM_PR~4.MAX
Sat Feb 25 10:52:26 Saved as file D:\DANH\ORCADP~1\COMERC~1\COAD1C~1\COM_PR~4.MAX
Sat Feb 25 10:52:58 Saved as file D:\DANH\ORCADP~1\COMERC~1\COAD1C~1\COM_PR~4.MAX
Sat Feb 25 10:52:58 Saved as file D:\DANH\ORCADP~1\COMERC~1\COAD1C~1\COM_PR~4.MAX
Sat Feb 25 10:55:29 Saved as file D:\DANH\ORCADP~1\COMERC~1\COAD1C~1\COM_PR~4.MAX
Sat Feb 25 11:00:02 Saved as file BACKUP1.MAX
Sat Feb 25 11:02:31 Saved as file D:\DANH\ORCADP~1\COMERC~1\COAD1C~1\COM_PR~4.MAX
Sat Feb 25 11:04:04 Saved as file D:\DANH\ORCADP~1\COMERC~1\COAD1C~1\COM_PR~4.MAX
Sat Feb 25 11:04:11 Saved as file D:\DANH\ORCADP~1\COMERC~1\COAD1C~1\COM_PR~4.MAX
Sat Feb 25 11:04:11 Saved as file D:\DANH\ORCADP~1\COMERC~1\COAD1C~1\COM_PR~4.MAX
Sat Feb 25 11:06:51 Saved as file D:\DANH\ORCADP~1\COMERC~1\COAD1C~1\COM_PR~4.MAX
Sat Feb 25 11:07:35 Saved as file D:\DANH\ORCADP~1\COMERC~1\COAD1C~1\COM_PR~4.MAX
Sat Feb 25 11:08:35 Saved as file D:\DANH\ORCADP~1\COMERC~1\COAD1C~1\COM_PR~4.MAX
Sat Feb 25 11:08:35 Saved as file D:\DANH\ORCADP~1\COMERC~1\COAD1C~1\COM_PR~4.MAX
Sat Feb 25 11:10:02 Saved as file BACKUP1.MAX
Sat Feb 25 11:17:25 Error code 5255.048 (1737)
Sat Feb 25 11:17:25 Saved as file Backup0.max
Sat Feb 25 11:17:25 Windows which were open at time of error:
Sat Feb 25 11:17:25 	ActiveWindow: &Design
Sat Feb 25 11:17:25 	Icon: &Components
Sat Feb 25 11:17:25 	Icon: &Nets
Sat Feb 25 11:17:25 	Icon: Post Proces&s
Sat Feb 25 11:17:25 End-of-list
Sat Feb 25 11:17:28 Loaded file BACKUP0.MAX
Sat Feb 25 11:18:30 Error code 5255.048 (1737)
Sat Feb 25 11:18:30 Saved as file Backup0.max
Sat Feb 25 11:18:30 Windows which were open at time of error:
Sat Feb 25 11:18:30 	ActiveWindow: &Design
Sat Feb 25 11:18:30 	Icon: &Components
Sat Feb 25 11:18:30 	Icon: &Nets
Sat Feb 25 11:18:30 	Icon: Post Proces&s
Sat Feb 25 11:18:30 End-of-list
Sat Feb 25 11:18:30 Loaded file BACKUP0.MAX
Sat Feb 25 11:20:13 Saved as file D:\DANH\ORCADP~1\COMERC~1\COAD1C~1\COM_PR~4.MAX
Sat Feb 25 11:20:14 Saved as file D:\DANH\ORCADP~1\COMERC~1\COAD1C~1\COM_PR~4.MAX
Sat Feb 25 11:23:35 Saved as file D:\DANH\ORCADP~1\COMERC~1\COAD1C~1\COM_PR~4.MAX
Sat Feb 25 11:28:31 Saved as file BACKUP1.MAX
Sat Feb 25 11:29:46 Saved as file D:\DANH\ORCADP~1\COMERC~1\COAD1C~1\COM_PR~4.MAX
Sat Feb 25 11:30:00 Saved as file D:\DANH\ORCADP~1\COMERC~1\COAD1C~1\COM_PR~4.MAX
Sat Feb 25 11:33:19 Saved as file D:\DANH\ORCADP~1\COMERC~1\COAD1C~1\COM_PR~4.MAX
Sat Feb 25 11:36:31 Saved as file D:\DANH\ORCADP~1\COMERC~1\COAD1C~1\COM_PR~4.MAX
Sat Feb 25 11:38:31 Saved as file BACKUP1.MAX
Sat Feb 25 11:41:26 Saved as file D:\DANH\ORCADP~1\COMERC~1\COAD1C~1\COM_PR~4.MAX
Sat Feb 25 11:41:45 Saved as file D:\DANH\ORCADP~1\COMERC~1\COAD1C~1\COM_PR~4.MAX
Sat Feb 25 11:43:14 Saved as file D:\DANH\ORCADP~1\COMERC~1\COAD1C~1\COM_PR~4.MAX
Sat Feb 25 11:43:15 Saved as file D:\DANH\ORCADP~1\COMERC~1\COAD1C~1\COM_PR~4.MAX
Sat Feb 25 11:43:26 Saved as file D:\DANH\ORCADP~1\COMERC~1\COAD1C~1\COM_PR~4.MAX
Sat Feb 25 11:44:33 Saved as file D:\DANH\ORCADP~1\COMERC~1\COAD1C~1\COM_PR~4.MAX
Sat Feb 25 11:45:51 Saved as file D:\DANH\ORCADP~1\COMERC~1\COAD1C~1\COM_PR~4.MAX
Sat Feb 25 11:48:31 Saved as file BACKUP1.MAX
Sat Feb 25 11:49:14 Saved as file D:\DANH\ORCADP~1\COMERC~1\COAD1C~1\COM_PR~4.MAX
Sat Feb 25 11:50:00 Saved as file D:\DANH\ORCADP~1\COMERC~1\COAD1C~1\COM_PR~4.MAX
Sat Feb 25 11:50:00 Saved as file D:\DANH\ORCADP~1\COMERC~1\COAD1C~1\COM_PR~4.MAX
Sat Feb 25 11:50:01 Saved as file D:\DANH\ORCADP~1\COMERC~1\COAD1C~1\COM_PR~4.MAX
Sat Feb 25 11:50:10 Saved as file D:\DANH\ORCADP~1\COMERC~1\COAD1C~1\COM_PR~4.MAX
Sat Feb 25 11:50:11 Saved as file D:\DANH\ORCADP~1\COMERC~1\COAD1C~1\COM_PR~4.MAX
Sat Feb 25 11:51:11 Saved as file D:\DANH\ORCADP~1\COMERC~1\COAD1C~1\COM_PR~4.MAX
Sat Feb 25 11:51:55 Saved as file D:\DANH\ORCADP~1\COMERC~1\COAD1C~1\COM_PR~4.MAX
Sat Feb 25 11:53:18 Saved as file D:\DANH\ORCADP~1\COMERC~1\COAD1C~1\COM_PR~4.MAX
Sat Feb 25 11:58:14 Saved as file D:\DANH\ORCADP~1\COMERC~1\COAD1C~1\COM_PR~4.MAX
Sat Feb 25 11:58:19 Saved as file D:\DANH\ORCADP~1\COMERC~1\COAD1C~1\COM_PR~4.MAX
Sat Feb 25 11:58:20 Saved as file D:\DANH\ORCADP~1\COMERC~1\COAD1C~1\COM_PR~4.MAX
Sat Feb 25 11:58:31 Saved as file BACKUP1.MAX
Sat Feb 25 11:58:43 Saved as file D:\DANH\ORCADP~1\COMERC~1\COAD1C~1\COM_PR~4.MAX
Sat Feb 25 11:58:44 Saved as file D:\DANH\ORCADP~1\COMERC~1\COAD1C~1\COM_PR~4.MAX
Sat Feb 25 11:59:15 Saved as file D:\DANH\ORCADP~1\COMERC~1\COAD1C~1\COM_PR~4.MAX
Sat Feb 25 11:59:56 Saved as file D:\DANH\ORCADP~1\COMERC~1\COAD1C~1\COM_PR~4.MAX
Sat Feb 25 12:08:31 Saved as file BACKUP1.MAX
Sat Feb 25 12:10:31 Error code 0034.912 (266)
Sat Feb 25 12:10:31 Saved as file Backup0.max
Sat Feb 25 12:10:31 Windows which were open at time of error:
Sat Feb 25 12:10:31 	ActiveWindow: &Design
Sat Feb 25 12:10:31 	Icon: &Components
Sat Feb 25 12:10:31 	Icon: &Nets
Sat Feb 25 12:10:31 	Icon: Post Proces&s
Sat Feb 25 12:10:31 End-of-list
Sat Feb 25 12:10:32 Error code 0034.912 (266)
Sat Feb 25 12:50:29 Saved as file D:\DANH\ORCAD PROJECTS\COMERCIAL PROJECTS\COM_PRJ25(8 LED)\COM_PRJ25_VUONG_VER2.MAX
Sat Feb 25 12:50:47 Saved as file D:\DANH\ORCAD PROJECTS\COMERCIAL PROJECTS\COM_PRJ25(8 LED)\COM_PRJ25_VUONG_VER2.MAX
Sat Feb 25 12:51:11 Saved as file D:\DANH\ORCAD PROJECTS\COMERCIAL PROJECTS\COM_PRJ25(8 LED)\COM_PRJ25_VUONG_VER2.MAX
Sat Feb 25 12:55:06 Saved as file D:\DANH\ORCAD PROJECTS\COMERCIAL PROJECTS\COM_PRJ25(8 LED)\COM_PRJ25_VUONG_VER2.MAX
Sat Feb 25 12:55:15 Saved as file D:\DANH\ORCAD PROJECTS\COMERCIAL PROJECTS\COM_PRJ25(8 LED)\COM_PRJ25_VUONG_VER2.MAX
Sat Feb 25 12:56:06 Saved as file D:\DANH\ORCAD PROJECTS\COMERCIAL PROJECTS\COM_PRJ25(8 LED)\COM_PRJ25_VUONG_VER2.MAX
Sat Feb 25 12:56:48 Saved as file BACKUP1.MAX
Sat Feb 25 12:57:38 Saved as file D:\DANH\ORCAD PROJECTS\COMERCIAL PROJECTS\COM_PRJ25(8 LED)\COM_PRJ25_VUONG_VER2.MAX
Sat Feb 25 13:00:20 Loaded file D:\DANH\ORCAD PROJECTS\COMERCIAL PROJECTS\COM_PRJ25(8 LED)\COM_PRJ25_VUONG_VER2.MAX
