Tue Mar 29 03:42:17 Saved as file D:\DANH\ROBOT\ORCAD PROJECTS\COMERCIAL PROJECTS\COM_PRJ32\COM_PRJ32.MAX
Tue Mar 29 03:42:17 Saved as file BACKUP1.MAX
Tue Mar 29 03:42:17 Saved as file D:\DANH\ROBOT\ORCAD PROJECTS\COMERCIAL PROJECTS\COM_PRJ32\COM_PRJ32.MAX
Tue Mar 29 03:42:17 UserDiv from Layout.INI for AutoECO: 60
Tue Mar 29 03:42:17 Loaded file D:\DANH\ROBOT\ORCAD PROJECTS\COMERCIAL PROJECTS\COM_PRJ32\COM_PRJ32.MAX
Tue Mar 29 03:42:17 Loaded file D:\DANH\ROBOT\ORCAD LIBS\THUVIENORCAD\THUVIENORCAD\THUVIEN1\TIEN.LLB
Tue Mar 29 03:42:17 Loaded file D:\DANH\ROBOT\ORCAD LIBS\THUVIENORCAD\THUVIENORCAD\THUVIEN\LAYOUTMT.LLB
Tue Mar 29 03:42:17 Loaded file D:\DANH\ROBOT\ORCAD LIBS\THUVIENORCAD\THUVIENORCAD\LIBRARY ORCAD\THU VIEN ORCAD FULL\THU VIEN LAYOUT BETA 3.LLB
Tue Mar 29 03:42:17 Loaded file D:\DANH\ROBOT\ORCAD LIBS\THUVIENORCAD\THUVIENORCAD\LIBRARY ORCAD\THU VIEN ORCAD FULL\THU VIEN.LLB
Tue Mar 29 03:42:17 Loaded file D:\DANH\ROBOT\ORCAD LIBS\THUVIENORCAD\THUVIENORCAD\LIBRARY\BCON100T.LLB
Tue Mar 29 03:42:17 Loaded file D:\DANH\ROBOT\ORCAD LIBS\THUVIENORCAD\THUVIENORCAD\LIBRARY\BCON156T.LLB
Tue Mar 29 03:42:17 Loaded file D:\DANH\ROBOT\ORCAD LIBS\THUVIENORCAD\THUVIENORCAD\LIBRARY\BGA.LLB
Tue Mar 29 03:42:17 Loaded file D:\DANH\ROBOT\ORCAD LIBS\THUVIENORCAD\THUVIENORCAD\LIBRARY\CLCC.LLB
Tue Mar 29 03:42:17 Loaded file D:\DANH\ROBOT\ORCAD LIBS\THUVIENORCAD\THUVIENORCAD\LIBRARY\DCON050T.LLB
Tue Mar 29 03:42:17 Loaded file D:\DANH\ROBOT\ORCAD LIBS\THUVIENORCAD\THUVIENORCAD\LIBRARY\DCON085T.LLB
Tue Mar 29 03:42:17 Loaded file D:\DANH\ROBOT\ORCAD LIBS\THUVIENORCAD\THUVIENORCAD\LIBRARY\DIMM050F.LLB
Tue Mar 29 03:42:17 Loaded file D:\DANH\ROBOT\ORCAD LIBS\THUVIENORCAD\THUVIENORCAD\LIBRARY\DIMM050T.LLB
Tue Mar 29 03:42:17 Loaded file D:\DANH\ROBOT\ORCAD LIBS\THUVIENORCAD\THUVIENORCAD\LIBRARY\DIN.LLB
Tue Mar 29 03:42:17 Loaded file D:\DANH\ROBOT\ORCAD LIBS\THUVIENORCAD\THUVIENORCAD\LIBRARY\DIP100B.LLB
Tue Mar 29 03:42:17 Loaded file D:\DANH\ROBOT\ORCAD LIBS\THUVIENORCAD\THUVIENORCAD\LIBRARY\DIP100T.LLB
Tue Mar 29 03:42:17 Loaded file D:\DANH\ROBOT\ORCAD LIBS\THUVIENORCAD\THUVIENORCAD\LIBRARY\DSUBT.LLB
Tue Mar 29 03:42:17 Loaded file D:\DANH\ROBOT\ORCAD LIBS\THUVIENORCAD\THUVIENORCAD\LIBRARY\DSUBT_HD.LLB
Tue Mar 29 03:42:17 Loaded file D:\DANH\ROBOT\ORCAD LIBS\THUVIENORCAD\THUVIENORCAD\LIBRARY\ECON100T.LLB
Tue Mar 29 03:42:17 Loaded file D:\DANH\ROBOT\ORCAD LIBS\THUVIENORCAD\THUVIENORCAD\LIBRARY\EMPTY.LLB
Tue Mar 29 03:42:17 Loaded file D:\DANH\ROBOT\ORCAD LIBS\THUVIENORCAD\THUVIENORCAD\LIBRARY\EX_GUI.LLB
Tue Mar 29 03:42:17 Loaded file D:\DANH\ROBOT\ORCAD LIBS\THUVIENORCAD\THUVIENORCAD\LIBRARY\FBUS.LLB
Tue Mar 29 03:42:17 Loaded file D:\DANH\ROBOT\ORCAD LIBS\THUVIENORCAD\THUVIENORCAD\LIBRARY\ISA.LLB
Tue Mar 29 03:42:17 Loaded file D:\DANH\ROBOT\ORCAD LIBS\THUVIENORCAD\THUVIENORCAD\LIBRARY\JUMPER.LLB
Tue Mar 29 03:42:17 Loaded file D:\DANH\ROBOT\ORCAD LIBS\THUVIENORCAD\THUVIENORCAD\LIBRARY\LAYOUT.LLB
Tue Mar 29 03:42:17 Loaded file D:\DANH\ROBOT\ORCAD LIBS\THUVIENORCAD\THUVIENORCAD\LIBRARY\LCON100T.LLB
Tue Mar 29 03:42:17 Loaded file D:\DANH\ROBOT\ORCAD LIBS\THUVIENORCAD\THUVIENORCAD\LIBRARY\LINH KIEN.LLB
Tue Mar 29 03:42:17 Loaded file D:\DANH\ROBOT\ORCAD LIBS\THUVIENORCAD\THUVIENORCAD\LIBRARY\METRIC.LLB
Tue Mar 29 03:42:17 Loaded file D:\DANH\ROBOT\ORCAD LIBS\THUVIENORCAD\THUVIENORCAD\LIBRARY\PADSTACK.LLB
Tue Mar 29 03:42:17 Loaded file D:\DANH\ROBOT\ORCAD LIBS\THUVIENORCAD\THUVIENORCAD\LIBRARY\PC104.LLB
Tue Mar 29 03:42:17 Loaded file D:\DANH\ROBOT\ORCAD LIBS\THUVIENORCAD\THUVIENORCAD\LIBRARY\PCI.LLB
Tue Mar 29 03:42:17 Loaded file D:\DANH\ROBOT\ORCAD LIBS\THUVIENORCAD\THUVIENORCAD\LIBRARY\PCON100T.LLB
Tue Mar 29 03:42:17 Loaded file D:\DANH\ROBOT\ORCAD LIBS\THUVIENORCAD\THUVIENORCAD\LIBRARY\PCON156T.LLB
Tue Mar 29 03:42:17 Loaded file D:\DANH\ROBOT\ORCAD LIBS\THUVIENORCAD\THUVIENORCAD\LIBRARY\PGA.LLB
Tue Mar 29 03:42:17 Loaded file D:\DANH\ROBOT\ORCAD LIBS\THUVIENORCAD\THUVIENORCAD\LIBRARY\PLCC.LLB
Tue Mar 29 03:42:17 Loaded file D:\DANH\ROBOT\ORCAD LIBS\THUVIENORCAD\THUVIENORCAD\LIBRARY\QUAD.LLB
Tue Mar 29 03:42:17 Loaded file D:\DANH\ROBOT\ORCAD LIBS\THUVIENORCAD\THUVIENORCAD\LIBRARY\QUADB.LLB
Tue Mar 29 03:42:17 Loaded file D:\DANH\ROBOT\ORCAD LIBS\THUVIENORCAD\THUVIENORCAD\LIBRARY\RELAY.LLB
Tue Mar 29 03:42:17 Loaded file D:\DANH\ROBOT\ORCAD LIBS\THUVIENORCAD\THUVIENORCAD\LIBRARY\RF.LLB
Tue Mar 29 03:42:17 Loaded file D:\DANH\ROBOT\ORCAD LIBS\THUVIENORCAD\THUVIENORCAD\LIBRARY\SBUS.LLB
Tue Mar 29 03:42:17 Loaded file D:\DANH\ROBOT\ORCAD LIBS\THUVIENORCAD\THUVIENORCAD\LIBRARY\SIMM050F.LLB
Tue Mar 29 03:42:17 Loaded file D:\DANH\ROBOT\ORCAD LIBS\THUVIENORCAD\THUVIENORCAD\LIBRARY\SIMM050T.LLB
Tue Mar 29 03:42:17 Loaded file D:\DANH\ROBOT\ORCAD LIBS\THUVIENORCAD\THUVIENORCAD\LIBRARY\SIMM100F.LLB
Tue Mar 29 03:42:17 Loaded file D:\DANH\ROBOT\ORCAD LIBS\THUVIENORCAD\THUVIENORCAD\LIBRARY\SIMM100T.LLB
Tue Mar 29 03:42:17 Loaded file D:\DANH\ROBOT\ORCAD LIBS\THUVIENORCAD\THUVIENORCAD\LIBRARY\SIP.LLB
Tue Mar 29 03:42:17 Loaded file D:\DANH\ROBOT\ORCAD LIBS\THUVIENORCAD\THUVIENORCAD\LIBRARY\SM.LLB
Tue Mar 29 03:42:17 Loaded file D:\DANH\ROBOT\ORCAD LIBS\THUVIENORCAD\THUVIENORCAD\LIBRARY\SOG.LLB
Tue Mar 29 03:42:17 Loaded file D:\DANH\ROBOT\ORCAD LIBS\THUVIENORCAD\THUVIENORCAD\LIBRARY\SOJ.LLB
Tue Mar 29 03:42:17 Loaded file D:\DANH\ROBOT\ORCAD LIBS\THUVIENORCAD\THUVIENORCAD\LIBRARY\STIFF.LLB
Tue Mar 29 03:42:17 Loaded file D:\DANH\ROBOT\ORCAD LIBS\THUVIENORCAD\THUVIENORCAD\LIBRARY\TELE.LLB
Tue Mar 29 03:42:17 Loaded file D:\DANH\ROBOT\ORCAD LIBS\THUVIENORCAD\THUVIENORCAD\LIBRARY\TM_AXIAL.LLB
Tue Mar 29 03:42:17 Loaded file D:\DANH\ROBOT\ORCAD LIBS\THUVIENORCAD\THUVIENORCAD\LIBRARY\TM_CAP_P.LLB
Tue Mar 29 03:42:17 Loaded file D:\DANH\ROBOT\ORCAD LIBS\THUVIENORCAD\THUVIENORCAD\LIBRARY\TM_CYLND.LLB
Tue Mar 29 03:42:17 Loaded file D:\DANH\ROBOT\ORCAD LIBS\THUVIENORCAD\THUVIENORCAD\LIBRARY\TM_DIODE.LLB
Tue Mar 29 03:42:18 Loaded file D:\DANH\ROBOT\ORCAD LIBS\THUVIENORCAD\THUVIENORCAD\LIBRARY\TM_DISC.LLB
Tue Mar 29 03:42:18 Loaded file D:\DANH\ROBOT\ORCAD LIBS\THUVIENORCAD\THUVIENORCAD\LIBRARY\TM_RAD.LLB
Tue Mar 29 03:42:18 Loaded file D:\DANH\ROBOT\ORCAD LIBS\THUVIENORCAD\THUVIENORCAD\LIBRARY\TO.LLB
Tue Mar 29 03:42:18 Loaded file D:\DANH\ROBOT\ORCAD LIBS\THUVIENORCAD\THUVIENORCAD\LIBRARY\TRAINING.LLB
Tue Mar 29 03:42:18 Loaded file D:\DANH\ROBOT\ORCAD LIBS\THUVIENORCAD\THUVIENORCAD\LIBRARY\VRES.LLB
Tue Mar 29 03:42:18 Loaded file D:\DANH\ROBOT\ORCAD LIBS\THUVIENORCAD\THUVIENORCAD\LIBRARY\WCON100T.LLB
Tue Mar 29 03:42:18 Loaded file D:\DANH\ROBOT\ORCAD LIBS\THUVIENORCAD\THUVIENORCAD\LIBRARY\XT.LLB
Tue Mar 29 03:42:18 Loaded file D:\DANH\ROBOT\ORCAD LIBS\THUVIENORCAD\THUVIENORCAD\LIBRARY\ZIGZAG.LLB
Tue Mar 29 03:42:18 Loaded file D:\DANH\ROBOT\ORCAD LIBS\THUVIENORCAD\THUVIENORCAD\HOA DOAN\HOADOAN.LLB
Tue Mar 29 03:42:18 Loaded file D:\DANH\ROBOT\ORCAD LIBS\THUVIENORCAD\THUVIENORCAD\THU VIEN\THU VIEN.LLB
Tue Mar 29 03:42:18 Loaded file D:\DANH\ROBOT\ORCAD LIBS\THU VIEN\THU VIEN.LLB
Tue Mar 29 03:42:18 Loaded file D:\DANH\ROBOT\ORCAD LIBS\ORCAD LAYOUT\T2L LAYOUT.LLB
Tue Mar 29 03:42:18 Loaded file D:\DANH\ROBOT\ORCAD LIBS\DANHLIB.LLB
Tue Mar 29 03:42:18 Loaded file D:\DANH\ROBOT\ORCAD LIBS\THU VIEN\THU VIEN.LLB
Tue Mar 29 03:42:18 Loaded file D:\DANH\ROBOT\ORCAD LIBS\DANHLIB.LLB
Tue Mar 29 03:42:18 Loaded file D:\DANH\ROBOT\ORCAD LIBS\THUVIENORCAD\THUVIENORCAD\HOA DOAN\HOADOAN.LLB
Tue Mar 29 03:42:18 Loaded file D:\DANH\ROBOT\ORCAD LIBS\THUVIENORCAD\THUVIENORCAD\THUVIEN1\TIEN.LLB
Tue Mar 29 03:42:18 Loaded file D:\DANH\ROBOT\ORCAD LIBS\DANHLIB.LLB
Tue Mar 29 03:42:18 Loaded file D:\DANH\ROBOT\ORCAD LIBS\THUVIENORCAD\THUVIENORCAD\LIBRARY ORCAD\THU VIEN ORCAD FULL\THU VIEN LAYOUT BETA 3.LLB
Tue Mar 29 03:42:18 Saved as file D:\DANH\ROBOT\ORCAD PROJECTS\COMERCIAL PROJECTS\COM_PRJ32\COM_PRJ32.MAX
Tue Mar 29 03:42:18 Loaded file D:\DANH\ROBOT\ORCAD PROJECTS\COMERCIAL PROJECTS\COM_PRJ32\COM_PRJ32.MAX
Tue Mar 29 03:43:12 Saved as file D:\DANH\ROBOT\ORCAD PROJECTS\COMERCIAL PROJECTS\COM_PRJ32\COM_PRJ32.MAX
Tue Mar 29 03:47:50 Saved as file D:\DANH\ROBOT\ORCAD PROJECTS\COMERCIAL PROJECTS\COM_PRJ32\COM_PRJ32.MAX
Tue Mar 29 03:50:20 Saved as file BACKUP1.MAX
Tue Mar 29 03:50:20 No new connections routed.
Tue Mar 29 03:50:20 Total is now 0 out of 26 (0%).
Tue Mar 29 03:50:20 Saved as file SWEEP1.MAX
Tue Mar 29 03:50:21 Saved as file BACKUP1.MAX
Tue Mar 29 03:50:21 Routed 26 connections in 0 seconds.
Tue Mar 29 03:50:21 Total is now 26 out of 26 (100%).
Tue Mar 29 03:50:21 Saved as file SWEEP2.MAX
Tue Mar 29 03:50:21 No new connections routed.
Tue Mar 29 03:50:21 Total is now 26 out of 26 (100%).
Tue Mar 29 03:50:21 Saved as file SWEEP3.MAX
Tue Mar 29 03:50:21 No new connections routed.
Tue Mar 29 03:50:21 Total is now 26 out of 26 (100%).
Tue Mar 29 03:50:21 Saved as file SWEEP4.MAX
Tue Mar 29 03:50:21 No new connections routed.
Tue Mar 29 03:50:21 Total is now 26 out of 26 (100%).
Tue Mar 29 03:50:21 Saved as file SWEEP5.MAX
Tue Mar 29 03:52:46 Saved as file BACKUP1.MAX
Tue Mar 29 03:54:42 Saved as file D:\DANH\ROBOT\ORCAD PROJECTS\COMERCIAL PROJECTS\COM_PRJ32\COM_PRJ32.MAX
Tue Mar 29 03:54:45 No new connections routed.
Tue Mar 29 03:54:45 Total is now 0 out of 26 (0%).
Tue Mar 29 03:54:45 Saved as file SWEEP1.MAX
Tue Mar 29 03:54:45 Saved as file BACKUP1.MAX
Tue Mar 29 03:54:45 Routed 26 connections in 0 seconds.
Tue Mar 29 03:54:45 Total is now 26 out of 26 (100%).
Tue Mar 29 03:54:45 Saved as file SWEEP2.MAX
Tue Mar 29 03:54:45 No new connections routed.
Tue Mar 29 03:54:45 Total is now 26 out of 26 (100%).
Tue Mar 29 03:54:45 Saved as file SWEEP3.MAX
Tue Mar 29 03:54:45 No new connections routed.
Tue Mar 29 03:54:45 Total is now 26 out of 26 (100%).
Tue Mar 29 03:54:45 Saved as file SWEEP4.MAX
Tue Mar 29 03:54:45 No new connections routed.
Tue Mar 29 03:54:45 Total is now 26 out of 26 (100%).
Tue Mar 29 03:54:45 Saved as file SWEEP5.MAX
Tue Mar 29 03:56:34 Saved as file D:\DANH\ROBOT\ORCAD PROJECTS\COMERCIAL PROJECTS\COM_PRJ32\COM_PRJ32.MAX
Tue Mar 29 04:03:16 Saved as file BACKUP1.MAX
Tue Mar 29 04:04:11 Saved as file D:\DANH\ROBOT\ORCAD PROJECTS\COMERCIAL PROJECTS\COM_PRJ32\COM_PRJ32.MAX
Tue Mar 29 04:06:49 Saved as file D:\DANH\ROBOT\ORCAD PROJECTS\COMERCIAL PROJECTS\COM_PRJ32\COM_PRJ32.MAX
Tue Mar 29 04:07:00 Saved as file D:\DANH\ROBOT\ORCAD PROJECTS\COMERCIAL PROJECTS\COM_PRJ32\COM_PRJ32.MAX
Tue Mar 29 04:08:11 Saved as file D:\DANH\ROBOT\ORCAD PROJECTS\COMERCIAL PROJECTS\COM_PRJ32\COM_PRJ32.MAX
Tue Mar 29 04:08:38 Saved as file D:\DANH\ROBOT\ORCAD PROJECTS\COMERCIAL PROJECTS\COM_PRJ32\COM_PRJ32.MAX
Tue Mar 29 04:09:49 Saved as file D:\DANH\ROBOT\ORCAD PROJECTS\COMERCIAL PROJECTS\COM_PRJ32\COM_PRJ32.MAX
Tue Mar 29 04:13:16 Saved as file BACKUP1.MAX
Tue Mar 29 04:15:21 Saved as file D:\DANH\ROBOT\ORCAD PROJECTS\COMERCIAL PROJECTS\COM_PRJ32\COM_PRJ32.MAX
Tue Mar 29 04:18:00 Saved as file D:\DANH\ROBOT\ORCAD PROJECTS\COMERCIAL PROJECTS\COM_PRJ32\COM_PRJ32.MAX
Tue Mar 29 04:19:03 Saved as file D:\DANH\ROBOT\ORCAD PROJECTS\COMERCIAL PROJECTS\COM_PRJ32\COM_PRJ32.MAX
Tue Mar 29 04:19:04 Saved as file D:\DANH\ROBOT\ORCAD PROJECTS\COMERCIAL PROJECTS\COM_PRJ32\COM_PRJ32.MAX
Tue Mar 29 04:19:04 Saved as file D:\DANH\ROBOT\ORCAD PROJECTS\COMERCIAL PROJECTS\COM_PRJ32\COM_PRJ32.MAX
Tue Mar 29 04:19:05 Saved as file D:\DANH\ROBOT\ORCAD PROJECTS\COMERCIAL PROJECTS\COM_PRJ32\COM_PRJ32.MAX
Tue Mar 29 04:24:00 Saved as file D:\DANH\ROBOT\ORCAD PROJECTS\COMERCIAL PROJECTS\COM_PRJ32\COM_PRJ32.MAX
Tue Mar 29 04:24:00 Saved as file D:\DANH\ROBOT\ORCAD PROJECTS\COMERCIAL PROJECTS\COM_PRJ32\COM_PRJ32.MAX
Tue Mar 29 04:24:01 Saved as file D:\DANH\ROBOT\ORCAD PROJECTS\COMERCIAL PROJECTS\COM_PRJ32\COM_PRJ32.MAX
Tue Mar 29 04:24:16 Saved as file BACKUP1.MAX
Tue Mar 29 04:25:20 Saved as file D:\DANH\ROBOT\ORCAD PROJECTS\COMERCIAL PROJECTS\COM_PRJ32\COM_PRJ32.MAX
Tue Mar 29 04:25:39 Saved as file D:\DANH\ROBOT\ORCAD PROJECTS\COMERCIAL PROJECTS\COM_PRJ32\COM_PRJ32.MAX
Tue Mar 29 04:25:39 Saved as file D:\DANH\ROBOT\ORCAD PROJECTS\COMERCIAL PROJECTS\COM_PRJ32\COM_PRJ32.MAX
Tue Mar 29 04:58:38 Saved as file D:\DANH\ROBOT\ORCAD PROJECTS\COMERCIAL PROJECTS\COM_PRJ32\COM_PRJ32.MAX
Wed Jul 27 01:09:34 Loaded file D:\DANH\ROBOT\ORCAD PROJECTS\COMERCIAL PROJECTS\COM_PRJ32\COM_PRJ32.MAX
