Post Processor Report
OrCAD FILE: D:\DANH\ORCADP~1\COMERC~1\COF0C4~1\COM_PR~3.MAX
Thu Sep 01 09:38:08 2011

*********************************************************

Output file: D:\DANH\ORCADP~1\COMERC~1\COF0C4~1\COM_PR~3.TOP

Aperture totals for D:\DANH\ORCADP~1\COMERC~1\COF0C4~1\COM_PR~3.TOP:
---------------------------------------------------------
D10:  0.0620 ROUND  --       0 Draws,       8 Flashes
D11:  0.0787 x 0.0709 OBLONG    -----      24 Flashes
D12:  0.0787 x 0.0709 RECTANGLE -----      24 Flashes
D13:  0.0709 x 0.0787 OBLONG    -----       8 Flashes
D14:  0.0709 x 0.0787 RECTANGLE -----       8 Flashes
D15:  0.0799 ROUND  --       0 Draws,     100 Flashes
D16:  0.0709 ROUND  --       0 Draws,      88 Flashes
D17:  0.3150 ROUND  --       0 Draws,       2 Flashes
D18:  0.1039 ROUND  --       0 Draws,      12 Flashes
D19:  0.0799 SQUARE --       0 Draws,       1 Flashes
D20:  0.0010 ROUND  --       1 Draws,       0 Flashes
D21:  0.0100 ROUND  --       5 Draws,       0 Flashes
---------------------------------------------------------
 12 D-Codes      -----       6 Draws,     275 Flashes

*********************************************************

Output file: D:\DANH\ORCADP~1\COMERC~1\COF0C4~1\COM_PR~3.BOT

Aperture totals for D:\DANH\ORCADP~1\COMERC~1\COF0C4~1\COM_PR~3.BOT:
---------------------------------------------------------
D11:  0.0787 x 0.0709 OBLONG    -----      24 Flashes
D12:  0.0787 x 0.0709 RECTANGLE -----      24 Flashes
D13:  0.0709 x 0.0787 OBLONG    -----       8 Flashes
D14:  0.0709 x 0.0787 RECTANGLE -----       8 Flashes
D15:  0.0799 ROUND  --       0 Draws,     100 Flashes
D18:  0.1039 ROUND  --       0 Draws,      12 Flashes
D19:  0.0799 SQUARE --       0 Draws,       1 Flashes
D22:  0.0827 ROUND  --       0 Draws,       8 Flashes
D23:  0.0709 SQUARE --       0 Draws,      88 Flashes
D24:  0.3150 SQUARE --       0 Draws,       2 Flashes
D25:  0.0080 ROUND  --      12 Draws,       0 Flashes
D26:  0.0118 ROUND  --      77 Draws,       0 Flashes
D27:  0.0120 ROUND  --     429 Draws,       0 Flashes
D28:  0.0039 ROUND  --     112 Draws,       0 Flashes
---------------------------------------------------------
 14 D-Codes      -----     630 Draws,     275 Flashes

*********************************************************

Output file: D:\DANH\ORCADP~1\COMERC~1\COF0C4~1\COM_PR~3.GND

Aperture totals for D:\DANH\ORCADP~1\COMERC~1\COF0C4~1\COM_PR~3.GND:
---------------------------------------------------------
D16:  0.0709 ROUND  --       0 Draws,       2 Flashes
D28:  0.0039 ROUND  --       4 Draws,       0 Flashes
D29:  0.0700 ROUND  --       0 Draws,      17 Flashes
D30:  0.0720 ROUND  --       0 Draws,     124 Flashes
D31:  0.0720 SQUARE --       0 Draws,      32 Flashes
D32:  0.0787 ROUND  --       0 Draws,      88 Flashes
D33:  0.0900 ROUND  --       0 Draws,       1 Flashes
D34:  0.0790 ROUND  --       0 Draws,       1 Flashes
D35:  0.1181 ROUND  --       0 Draws,       8 Flashes
D36:  0.0984 ROUND  --       0 Draws,       1 Flashes
D37:  0.0984 SQUARE --       0 Draws,       1 Flashes
---------------------------------------------------------
 11 D-Codes      -----       4 Draws,     275 Flashes

*********************************************************

Output file: D:\DANH\ORCADP~1\COMERC~1\COF0C4~1\COM_PR~3.PWR

Aperture totals for D:\DANH\ORCADP~1\COMERC~1\COF0C4~1\COM_PR~3.PWR:
---------------------------------------------------------
D16:  0.0709 ROUND  --       0 Draws,       2 Flashes
D28:  0.0039 ROUND  --       4 Draws,       0 Flashes
D29:  0.0700 ROUND  --       0 Draws,      17 Flashes
D30:  0.0720 ROUND  --       0 Draws,     124 Flashes
D31:  0.0720 SQUARE --       0 Draws,      32 Flashes
D32:  0.0787 ROUND  --       0 Draws,      88 Flashes
D33:  0.0900 ROUND  --       0 Draws,       1 Flashes
D34:  0.0790 ROUND  --       0 Draws,       1 Flashes
D35:  0.1181 ROUND  --       0 Draws,       8 Flashes
D36:  0.0984 ROUND  --       0 Draws,       1 Flashes
D37:  0.0984 SQUARE --       0 Draws,       1 Flashes
---------------------------------------------------------
 11 D-Codes      -----       4 Draws,     275 Flashes

*********************************************************

Output file: D:\DANH\ORCADP~1\COMERC~1\COF0C4~1\COM_PR~3.SMT

Aperture totals for D:\DANH\ORCADP~1\COMERC~1\COF0C4~1\COM_PR~3.SMT:
---------------------------------------------------------
D16:  0.0709 ROUND  --       0 Draws,       2 Flashes
D29:  0.0700 ROUND  --       0 Draws,       9 Flashes
D32:  0.0787 ROUND  --       0 Draws,      88 Flashes
D33:  0.0900 ROUND  --       0 Draws,       1 Flashes
D34:  0.0790 ROUND  --       0 Draws,       1 Flashes
D35:  0.1181 ROUND  --       0 Draws,       8 Flashes
D36:  0.0984 ROUND  --       0 Draws,       1 Flashes
D37:  0.0984 SQUARE --       0 Draws,       1 Flashes
D38:  0.0670 ROUND  --       0 Draws,       8 Flashes
D39:  0.0520 ROUND  --       0 Draws,     124 Flashes
D40:  0.0520 SQUARE --       0 Draws,      32 Flashes
---------------------------------------------------------
 11 D-Codes      -----       0 Draws,     275 Flashes

*********************************************************

Output file: D:\DANH\ORCADP~1\COMERC~1\COF0C4~1\COM_PR~3.SMB

Aperture totals for D:\DANH\ORCADP~1\COMERC~1\COF0C4~1\COM_PR~3.SMB:
---------------------------------------------------------
D16:  0.0709 ROUND  --       0 Draws,       2 Flashes
D29:  0.0700 ROUND  --       0 Draws,       9 Flashes
D32:  0.0787 ROUND  --       0 Draws,      88 Flashes
D33:  0.0900 ROUND  --       0 Draws,       1 Flashes
D34:  0.0790 ROUND  --       0 Draws,       1 Flashes
D35:  0.1181 ROUND  --       0 Draws,       8 Flashes
D36:  0.0984 ROUND  --       0 Draws,       1 Flashes
D37:  0.0984 SQUARE --       0 Draws,       1 Flashes
D38:  0.0670 ROUND  --       0 Draws,       8 Flashes
D39:  0.0520 ROUND  --       0 Draws,     124 Flashes
D40:  0.0520 SQUARE --       0 Draws,      32 Flashes
---------------------------------------------------------
 11 D-Codes      -----       0 Draws,     275 Flashes

*********************************************************

Output file: D:\DANH\ORCADP~1\COMERC~1\COF0C4~1\COM_PR~3.SST

Aperture totals for D:\DANH\ORCADP~1\COMERC~1\COF0C4~1\COM_PR~3.SST:
---------------------------------------------------------
D20:  0.0010 ROUND  --       5 Draws,       0 Flashes
D21:  0.0100 ROUND  --       9 Draws,       0 Flashes
D25:  0.0080 ROUND  --      15 Draws,       0 Flashes
D26:  0.0118 ROUND  --     933 Draws,       0 Flashes
D28:  0.0039 ROUND  --      77 Draws,       0 Flashes
D32:  0.0787 ROUND  --       0 Draws,      74 Flashes
D41:  0.0079 ROUND  --    1065 Draws,       0 Flashes
D42:  0.0020 ROUND  --     400 Draws,       0 Flashes
D43:  0.0090 ROUND  --      68 Draws,       0 Flashes
D44:  0.0083 ROUND  --       6 Draws,       0 Flashes
---------------------------------------------------------
 10 D-Codes      -----    2578 Draws,      74 Flashes

*********************************************************

Output file: D:\DANH\ORCADP~1\COMERC~1\COF0C4~1\COM_PR~3.AST

Aperture totals for D:\DANH\ORCADP~1\COMERC~1\COF0C4~1\COM_PR~3.AST:
---------------------------------------------------------
D25:  0.0080 ROUND  --      20 Draws,       0 Flashes
D28:  0.0039 ROUND  --       4 Draws,       0 Flashes
D32:  0.0787 ROUND  --       0 Draws,      88 Flashes
D35:  0.1181 ROUND  --       0 Draws,       8 Flashes
D39:  0.0520 ROUND  --       0 Draws,     124 Flashes
D40:  0.0520 SQUARE --       0 Draws,      32 Flashes
D41:  0.0079 ROUND  --      37 Draws,       0 Flashes
D45:  0.0550 ROUND  --       0 Draws,       1 Flashes
D46:  0.0550 SQUARE --       0 Draws,       1 Flashes
---------------------------------------------------------
  9 D-Codes      -----      61 Draws,     254 Flashes

*********************************************************

Output file: D:\DANH\ORCADP~1\COMERC~1\COF0C4~1\COM_PR~3.DRD

Aperture totals for D:\DANH\ORCADP~1\COMERC~1\COF0C4~1\COM_PR~3.DRD:
---------------------------------------------------------
D21:  0.0100 ROUND  --    1676 Draws,       0 Flashes
D28:  0.0039 ROUND  --       4 Draws,       0 Flashes
---------------------------------------------------------
  2 D-Codes      -----    1680 Draws,       0 Flashes


*********************************************************

Aperture totals for entire project:
---------------------------------------------------------
D10:  0.0620 ROUND  --       0 Draws,       8 Flashes
D11:  0.0787 x 0.0709 OBLONG    -----      48 Flashes
D12:  0.0787 x 0.0709 RECTANGLE -----      48 Flashes
D13:  0.0709 x 0.0787 OBLONG    -----      16 Flashes
D14:  0.0709 x 0.0787 RECTANGLE -----      16 Flashes
D15:  0.0799 ROUND  --       0 Draws,     200 Flashes
D16:  0.0709 ROUND  --       0 Draws,      96 Flashes
D17:  0.3150 ROUND  --       0 Draws,       2 Flashes
D18:  0.1039 ROUND  --       0 Draws,      24 Flashes
D19:  0.0799 SQUARE --       0 Draws,       2 Flashes
D20:  0.0010 ROUND  --       6 Draws,       0 Flashes
D21:  0.0100 ROUND  --    1690 Draws,       0 Flashes
D22:  0.0827 ROUND  --       0 Draws,       8 Flashes
D23:  0.0709 SQUARE --       0 Draws,      88 Flashes
D24:  0.3150 SQUARE --       0 Draws,       2 Flashes
D25:  0.0080 ROUND  --      47 Draws,       0 Flashes
D26:  0.0118 ROUND  --    1010 Draws,       0 Flashes
D27:  0.0120 ROUND  --     429 Draws,       0 Flashes
D28:  0.0039 ROUND  --     205 Draws,       0 Flashes
D29:  0.0700 ROUND  --       0 Draws,      52 Flashes
D30:  0.0720 ROUND  --       0 Draws,     248 Flashes
D31:  0.0720 SQUARE --       0 Draws,      64 Flashes
D32:  0.0787 ROUND  --       0 Draws,     514 Flashes
D33:  0.0900 ROUND  --       0 Draws,       4 Flashes
D34:  0.0790 ROUND  --       0 Draws,       4 Flashes
D35:  0.1181 ROUND  --       0 Draws,      40 Flashes
D36:  0.0984 ROUND  --       0 Draws,       4 Flashes
D37:  0.0984 SQUARE --       0 Draws,       4 Flashes
D38:  0.0670 ROUND  --       0 Draws,      16 Flashes
D39:  0.0520 ROUND  --       0 Draws,     372 Flashes
D40:  0.0520 SQUARE --       0 Draws,      96 Flashes
D41:  0.0079 ROUND  --    1102 Draws,       0 Flashes
D42:  0.0020 ROUND  --     400 Draws,       0 Flashes
D43:  0.0090 ROUND  --      68 Draws,       0 Flashes
D44:  0.0083 ROUND  --       6 Draws,       0 Flashes
D45:  0.0550 ROUND  --       0 Draws,       1 Flashes
D46:  0.0550 SQUARE --       0 Draws,       1 Flashes
---------------------------------------------------------
 37 D-Codes      -----    4963 Draws,    1978 Flashes


No warnings or errors.
