Tue May 24 07:09:41 Saved as file D:\DANH\ROBOT\ORCAD PROJECTS\COMERCIAL PROJECTS\COM_PRJ45\COM_PRJ45.MAX
Tue May 24 07:09:41 Saved as file BACKUP1.MAX
Tue May 24 07:09:41 Saved as file D:\DANH\ROBOT\ORCAD PROJECTS\COMERCIAL PROJECTS\COM_PRJ45\COM_PRJ45.MAX
Tue May 24 07:09:42 UserDiv from Layout.INI for AutoECO: 60
Tue May 24 07:09:42 Loaded file D:\DANH\ROBOT\ORCAD PROJECTS\COMERCIAL PROJECTS\COM_PRJ45\COM_PRJ45.MAX
Tue May 24 07:09:42 Loaded file D:\DANH\ROBOT\ORCAD LIBS\THUVIENORCAD\THUVIENORCAD\THUVIEN1\TIEN.LLB
Tue May 24 07:09:42 Loaded file D:\DANH\ROBOT\ORCAD LIBS\THUVIENORCAD\THUVIENORCAD\THUVIEN\LAYOUTMT.LLB
Tue May 24 07:09:42 Loaded file D:\DANH\ROBOT\ORCAD LIBS\THUVIENORCAD\THUVIENORCAD\LIBRARY ORCAD\THU VIEN ORCAD FULL\THU VIEN LAYOUT BETA 3.LLB
Tue May 24 07:09:42 Loaded file D:\DANH\ROBOT\ORCAD LIBS\THUVIENORCAD\THUVIENORCAD\LIBRARY ORCAD\THU VIEN ORCAD FULL\THU VIEN.LLB
Tue May 24 07:09:42 Loaded file D:\DANH\ROBOT\ORCAD LIBS\THUVIENORCAD\THUVIENORCAD\LIBRARY\BCON100T.LLB
Tue May 24 07:09:42 Loaded file D:\DANH\ROBOT\ORCAD LIBS\THUVIENORCAD\THUVIENORCAD\LIBRARY\BCON156T.LLB
Tue May 24 07:09:42 Loaded file D:\DANH\ROBOT\ORCAD LIBS\THUVIENORCAD\THUVIENORCAD\LIBRARY\BGA.LLB
Tue May 24 07:09:42 Loaded file D:\DANH\ROBOT\ORCAD LIBS\THUVIENORCAD\THUVIENORCAD\LIBRARY\CLCC.LLB
Tue May 24 07:09:42 Loaded file D:\DANH\ROBOT\ORCAD LIBS\THUVIENORCAD\THUVIENORCAD\LIBRARY\DCON050T.LLB
Tue May 24 07:09:42 Loaded file D:\DANH\ROBOT\ORCAD LIBS\THUVIENORCAD\THUVIENORCAD\LIBRARY\DCON085T.LLB
Tue May 24 07:09:42 Loaded file D:\DANH\ROBOT\ORCAD LIBS\THUVIENORCAD\THUVIENORCAD\LIBRARY\DIMM050F.LLB
Tue May 24 07:09:42 Loaded file D:\DANH\ROBOT\ORCAD LIBS\THUVIENORCAD\THUVIENORCAD\LIBRARY\DIMM050T.LLB
Tue May 24 07:09:42 Loaded file D:\DANH\ROBOT\ORCAD LIBS\THUVIENORCAD\THUVIENORCAD\LIBRARY\DIN.LLB
Tue May 24 07:09:42 Loaded file D:\DANH\ROBOT\ORCAD LIBS\THUVIENORCAD\THUVIENORCAD\LIBRARY\DIP100B.LLB
Tue May 24 07:09:42 Loaded file D:\DANH\ROBOT\ORCAD LIBS\THUVIENORCAD\THUVIENORCAD\LIBRARY\DIP100T.LLB
Tue May 24 07:09:42 Loaded file D:\DANH\ROBOT\ORCAD LIBS\THUVIENORCAD\THUVIENORCAD\LIBRARY\DSUBT.LLB
Tue May 24 07:09:42 Loaded file D:\DANH\ROBOT\ORCAD LIBS\THUVIENORCAD\THUVIENORCAD\LIBRARY\DSUBT_HD.LLB
Tue May 24 07:09:42 Loaded file D:\DANH\ROBOT\ORCAD LIBS\THUVIENORCAD\THUVIENORCAD\LIBRARY\ECON100T.LLB
Tue May 24 07:09:42 Loaded file D:\DANH\ROBOT\ORCAD LIBS\THUVIENORCAD\THUVIENORCAD\LIBRARY\EMPTY.LLB
Tue May 24 07:09:42 Loaded file D:\DANH\ROBOT\ORCAD LIBS\THUVIENORCAD\THUVIENORCAD\LIBRARY\EX_GUI.LLB
Tue May 24 07:09:42 Loaded file D:\DANH\ROBOT\ORCAD LIBS\THUVIENORCAD\THUVIENORCAD\LIBRARY\FBUS.LLB
Tue May 24 07:09:42 Loaded file D:\DANH\ROBOT\ORCAD LIBS\THUVIENORCAD\THUVIENORCAD\LIBRARY\ISA.LLB
Tue May 24 07:09:42 Loaded file D:\DANH\ROBOT\ORCAD LIBS\THUVIENORCAD\THUVIENORCAD\LIBRARY\JUMPER.LLB
Tue May 24 07:09:42 Loaded file D:\DANH\ROBOT\ORCAD LIBS\THUVIENORCAD\THUVIENORCAD\LIBRARY\LAYOUT.LLB
Tue May 24 07:09:42 Loaded file D:\DANH\ROBOT\ORCAD LIBS\THUVIENORCAD\THUVIENORCAD\LIBRARY\LCON100T.LLB
Tue May 24 07:09:42 Loaded file D:\DANH\ROBOT\ORCAD LIBS\THUVIENORCAD\THUVIENORCAD\LIBRARY\LINH KIEN.LLB
Tue May 24 07:09:42 Loaded file D:\DANH\ROBOT\ORCAD LIBS\THUVIENORCAD\THUVIENORCAD\LIBRARY\METRIC.LLB
Tue May 24 07:09:42 Loaded file D:\DANH\ROBOT\ORCAD LIBS\THUVIENORCAD\THUVIENORCAD\LIBRARY\PADSTACK.LLB
Tue May 24 07:09:42 Loaded file D:\DANH\ROBOT\ORCAD LIBS\THUVIENORCAD\THUVIENORCAD\LIBRARY\PC104.LLB
Tue May 24 07:09:42 Loaded file D:\DANH\ROBOT\ORCAD LIBS\THUVIENORCAD\THUVIENORCAD\LIBRARY\PCI.LLB
Tue May 24 07:09:42 Loaded file D:\DANH\ROBOT\ORCAD LIBS\THUVIENORCAD\THUVIENORCAD\LIBRARY\PCON100T.LLB
Tue May 24 07:09:42 Loaded file D:\DANH\ROBOT\ORCAD LIBS\THUVIENORCAD\THUVIENORCAD\LIBRARY\PCON156T.LLB
Tue May 24 07:09:42 Loaded file D:\DANH\ROBOT\ORCAD LIBS\THUVIENORCAD\THUVIENORCAD\LIBRARY\PGA.LLB
Tue May 24 07:09:42 Loaded file D:\DANH\ROBOT\ORCAD LIBS\THUVIENORCAD\THUVIENORCAD\LIBRARY\PLCC.LLB
Tue May 24 07:09:42 Loaded file D:\DANH\ROBOT\ORCAD LIBS\THUVIENORCAD\THUVIENORCAD\LIBRARY\QUAD.LLB
Tue May 24 07:09:42 Loaded file D:\DANH\ROBOT\ORCAD LIBS\THUVIENORCAD\THUVIENORCAD\LIBRARY\QUADB.LLB
Tue May 24 07:09:42 Loaded file D:\DANH\ROBOT\ORCAD LIBS\THUVIENORCAD\THUVIENORCAD\LIBRARY\RELAY.LLB
Tue May 24 07:09:42 Loaded file D:\DANH\ROBOT\ORCAD LIBS\THUVIENORCAD\THUVIENORCAD\LIBRARY\RF.LLB
Tue May 24 07:09:42 Loaded file D:\DANH\ROBOT\ORCAD LIBS\THUVIENORCAD\THUVIENORCAD\LIBRARY\SBUS.LLB
Tue May 24 07:09:42 Loaded file D:\DANH\ROBOT\ORCAD LIBS\THUVIENORCAD\THUVIENORCAD\LIBRARY\SIMM050F.LLB
Tue May 24 07:09:42 Loaded file D:\DANH\ROBOT\ORCAD LIBS\THUVIENORCAD\THUVIENORCAD\LIBRARY\SIMM050T.LLB
Tue May 24 07:09:42 Loaded file D:\DANH\ROBOT\ORCAD LIBS\THUVIENORCAD\THUVIENORCAD\LIBRARY\SIMM100F.LLB
Tue May 24 07:09:42 Loaded file D:\DANH\ROBOT\ORCAD LIBS\THUVIENORCAD\THUVIENORCAD\LIBRARY\SIMM100T.LLB
Tue May 24 07:09:42 Loaded file D:\DANH\ROBOT\ORCAD LIBS\THUVIENORCAD\THUVIENORCAD\LIBRARY\SIP.LLB
Tue May 24 07:09:42 Loaded file D:\DANH\ROBOT\ORCAD LIBS\THUVIENORCAD\THUVIENORCAD\LIBRARY\SM.LLB
Tue May 24 07:09:42 Loaded file D:\DANH\ROBOT\ORCAD LIBS\THUVIENORCAD\THUVIENORCAD\LIBRARY\SOG.LLB
Tue May 24 07:09:42 Loaded file D:\DANH\ROBOT\ORCAD LIBS\THUVIENORCAD\THUVIENORCAD\LIBRARY\SOJ.LLB
Tue May 24 07:09:42 Loaded file D:\DANH\ROBOT\ORCAD LIBS\THUVIENORCAD\THUVIENORCAD\LIBRARY\STIFF.LLB
Tue May 24 07:09:42 Loaded file D:\DANH\ROBOT\ORCAD LIBS\THUVIENORCAD\THUVIENORCAD\LIBRARY\TELE.LLB
Tue May 24 07:09:42 Loaded file D:\DANH\ROBOT\ORCAD LIBS\THUVIENORCAD\THUVIENORCAD\LIBRARY\TM_AXIAL.LLB
Tue May 24 07:09:42 Loaded file D:\DANH\ROBOT\ORCAD LIBS\THUVIENORCAD\THUVIENORCAD\LIBRARY\TM_CAP_P.LLB
Tue May 24 07:09:42 Loaded file D:\DANH\ROBOT\ORCAD LIBS\THUVIENORCAD\THUVIENORCAD\LIBRARY\TM_CYLND.LLB
Tue May 24 07:09:42 Loaded file D:\DANH\ROBOT\ORCAD LIBS\THUVIENORCAD\THUVIENORCAD\LIBRARY\TM_DIODE.LLB
Tue May 24 07:09:42 Loaded file D:\DANH\ROBOT\ORCAD LIBS\THUVIENORCAD\THUVIENORCAD\LIBRARY\TM_DISC.LLB
Tue May 24 07:09:42 Loaded file D:\DANH\ROBOT\ORCAD LIBS\THUVIENORCAD\THUVIENORCAD\LIBRARY\TM_RAD.LLB
Tue May 24 07:09:42 Loaded file D:\DANH\ROBOT\ORCAD LIBS\THUVIENORCAD\THUVIENORCAD\LIBRARY\TO.LLB
Tue May 24 07:09:42 Loaded file D:\DANH\ROBOT\ORCAD LIBS\THUVIENORCAD\THUVIENORCAD\LIBRARY\TRAINING.LLB
Tue May 24 07:09:42 Loaded file D:\DANH\ROBOT\ORCAD LIBS\THUVIENORCAD\THUVIENORCAD\LIBRARY\VRES.LLB
Tue May 24 07:09:42 Loaded file D:\DANH\ROBOT\ORCAD LIBS\THUVIENORCAD\THUVIENORCAD\LIBRARY\WCON100T.LLB
Tue May 24 07:09:42 Loaded file D:\DANH\ROBOT\ORCAD LIBS\THUVIENORCAD\THUVIENORCAD\LIBRARY\XT.LLB
Tue May 24 07:09:42 Loaded file D:\DANH\ROBOT\ORCAD LIBS\THUVIENORCAD\THUVIENORCAD\LIBRARY\ZIGZAG.LLB
Tue May 24 07:09:42 Loaded file D:\DANH\ROBOT\ORCAD LIBS\THUVIENORCAD\THUVIENORCAD\HOA DOAN\HOADOAN.LLB
Tue May 24 07:09:42 Loaded file D:\DANH\ROBOT\ORCAD LIBS\THUVIENORCAD\THUVIENORCAD\THU VIEN\THU VIEN.LLB
Tue May 24 07:09:42 Loaded file D:\DANH\ROBOT\ORCAD LIBS\THU VIEN\THU VIEN.LLB
Tue May 24 07:09:42 Loaded file D:\DANH\ROBOT\ORCAD LIBS\ORCAD LAYOUT\T2L LAYOUT.LLB
Tue May 24 07:09:42 Loaded file D:\DANH\ROBOT\ORCAD LIBS\DANHLIB.LLB
Tue May 24 07:09:42 Loaded file D:\DANH\ROBOT\ORCAD LIBS\THUVIENORCAD\THUVIENORCAD\LIBRARY ORCAD\THU VIEN ORCAD FULL\THU VIEN.LLB
Tue May 24 07:09:42 Loaded file D:\DANH\ROBOT\ORCAD LIBS\THUVIENORCAD\THUVIENORCAD\HOA DOAN\HOADOAN.LLB
Tue May 24 07:09:42 Loaded file D:\DANH\ROBOT\ORCAD LIBS\THUVIENORCAD\THUVIENORCAD\THUVIEN1\TIEN.LLB
Tue May 24 07:09:43 Saved as file D:\DANH\ROBOT\ORCAD PROJECTS\COMERCIAL PROJECTS\COM_PRJ45\COM_PRJ45.MAX
Tue May 24 07:09:43 Loaded file D:\DANH\ROBOT\ORCAD PROJECTS\COMERCIAL PROJECTS\COM_PRJ45\COM_PRJ45.MAX
Tue May 24 07:09:56 Loaded file C:\Program Files\Orcad\Layout_Plus\data\template.imp
Tue May 24 07:09:56 Loaded file C:\Program Files\Orcad\Layout_Plus\data\template.imp
Tue May 24 07:09:56 Loaded file C:\Program Files\Orcad\Layout_Plus\data\template.imp
Tue May 24 07:09:56 Loaded file C:\Program Files\Orcad\Layout_Plus\data\template.imp
Tue May 24 07:09:58 Loaded file D:\DANH\ROBOT\ORCAD LIBS\DANHLIB.LLB
Tue May 24 07:10:03 Loaded file C:\Program Files\Orcad\Layout_Plus\data\template.imp
Tue May 24 07:10:04 Loaded file C:\Program Files\Orcad\Layout_Plus\data\template.imp
Tue May 24 07:10:05 Loaded file C:\Program Files\Orcad\Layout_Plus\data\template.imp
Tue May 24 07:10:06 Loaded file C:\Program Files\Orcad\Layout_Plus\data\template.imp
Tue May 24 07:10:21 Loaded file C:\Program Files\Orcad\Layout_Plus\data\template.imp
Tue May 24 07:10:21 Loaded file C:\Program Files\Orcad\Layout_Plus\data\template.imp
Tue May 24 07:10:28 Loaded file D:\DANH\ROBOT\ORCAD LIBS\THU VIEN\THU VIEN.LLB
Tue May 24 07:10:41 Loaded file C:\Program Files\Orcad\Layout_Plus\data\template.imp
Tue May 24 07:10:41 Loaded file C:\Program Files\Orcad\Layout_Plus\data\template.imp
Tue May 24 07:10:42 Loaded file C:\Program Files\Orcad\Layout_Plus\data\template.imp
Tue May 24 07:10:52 Loaded file D:\DANH\ROBOT\ORCAD LIBS\THUVIENORCAD\THUVIENORCAD\HOA DOAN\HOADOAN.LLB
Tue May 24 07:11:10 Loaded file C:\Program Files\Orcad\Layout_Plus\data\template.imp
Tue May 24 07:11:11 Loaded file C:\Program Files\Orcad\Layout_Plus\data\template.imp
Tue May 24 07:11:39 Loaded file D:\DANH\ROBOT\ORCAD LIBS\DANHLIB.LLB
Tue May 24 07:11:39 Saved as file D:\DANH\ROBOT\ORCAD LIBS\DANHLIB.LLB
Tue May 24 07:11:49 Loaded file C:\Program Files\Orcad\Layout_Plus\data\template.imp
Tue May 24 07:11:49 Loaded file C:\Program Files\Orcad\Layout_Plus\data\template.imp
Tue May 24 07:11:49 Loaded file C:\Program Files\Orcad\Layout_Plus\data\template.imp
Tue May 24 07:11:49 Loaded file C:\Program Files\Orcad\Layout_Plus\data\template.imp
Tue May 24 07:11:52 Loaded file D:\DANH\ROBOT\ORCAD LIBS\DANHLIB.LLB
Tue May 24 07:11:57 Loaded file C:\Program Files\Orcad\Layout_Plus\data\template.imp
Tue May 24 07:12:17 Loaded file C:\Program Files\Orcad\Layout_Plus\data\template.imp
Tue May 24 07:12:17 Loaded file C:\Program Files\Orcad\Layout_Plus\data\template.imp
Tue May 24 07:12:17 Loaded file C:\Program Files\Orcad\Layout_Plus\data\template.imp
Tue May 24 07:12:17 Loaded file C:\Program Files\Orcad\Layout_Plus\data\template.imp
Tue May 24 07:12:21 Loaded file D:\DANH\ROBOT\ORCAD LIBS\DANHLIB.LLB
Tue May 24 07:12:25 Loaded file C:\Program Files\Orcad\Layout_Plus\data\template.imp
Tue May 24 07:12:27 Loaded file C:\Program Files\Orcad\Layout_Plus\data\template.imp
Tue May 24 07:12:28 Loaded file C:\Program Files\Orcad\Layout_Plus\data\template.imp
Tue May 24 07:12:29 Loaded file C:\Program Files\Orcad\Layout_Plus\data\template.imp
Tue May 24 07:12:31 Loaded file C:\Program Files\Orcad\Layout_Plus\data\template.imp
Tue May 24 07:12:31 Loaded file C:\Program Files\Orcad\Layout_Plus\data\template.imp
Tue May 24 07:12:34 Loaded file C:\Program Files\Orcad\Layout_Plus\data\template.imp
Tue May 24 07:12:35 Loaded file C:\Program Files\Orcad\Layout_Plus\data\template.imp
Tue May 24 07:12:37 Loaded file C:\Program Files\Orcad\Layout_Plus\data\template.imp
Tue May 24 07:13:02 Loaded file C:\Program Files\Orcad\Layout_Plus\data\template.imp
Tue May 24 07:13:02 Loaded file C:\Program Files\Orcad\Layout_Plus\data\template.imp
Tue May 24 07:13:03 Loaded file C:\Program Files\Orcad\Layout_Plus\data\template.imp
Tue May 24 07:13:03 Loaded file C:\Program Files\Orcad\Layout_Plus\data\template.imp
Tue May 24 07:13:06 Loaded file D:\DANH\ROBOT\ORCAD LIBS\DANHLIB.LLB
Tue May 24 07:13:09 Loaded file C:\Program Files\Orcad\Layout_Plus\data\template.imp
Tue May 24 07:13:38 Loaded file C:\Program Files\Orcad\Layout_Plus\data\template.imp
Tue May 24 07:13:38 Loaded file C:\Program Files\Orcad\Layout_Plus\data\template.imp
Tue May 24 07:13:38 Loaded file C:\Program Files\Orcad\Layout_Plus\data\template.imp
Tue May 24 07:13:38 Loaded file C:\Program Files\Orcad\Layout_Plus\data\template.imp
Tue May 24 07:13:40 Loaded file D:\DANH\ROBOT\ORCAD LIBS\DANHLIB.LLB
Tue May 24 07:13:44 Loaded file C:\Program Files\Orcad\Layout_Plus\data\template.imp
Tue May 24 07:13:52 Saved as file D:\DANH\ROBOT\ORCAD PROJECTS\COMERCIAL PROJECTS\COM_PRJ45\COM_PRJ45.MAX
Tue May 24 07:14:01 Loaded file C:\Program Files\Orcad\Layout_Plus\data\template.imp
Tue May 24 07:14:01 Loaded file C:\Program Files\Orcad\Layout_Plus\data\template.imp
Tue May 24 07:14:01 Loaded file C:\Program Files\Orcad\Layout_Plus\data\template.imp
Tue May 24 07:14:01 Loaded file C:\Program Files\Orcad\Layout_Plus\data\template.imp
Tue May 24 07:14:05 Loaded file D:\DANH\ROBOT\ORCAD LIBS\DANHLIB.LLB
Tue May 24 07:14:08 Loaded file C:\Program Files\Orcad\Layout_Plus\data\template.imp
Tue May 24 07:14:29 Loaded file C:\Program Files\Orcad\Layout_Plus\data\template.imp
Tue May 24 07:14:29 Loaded file C:\Program Files\Orcad\Layout_Plus\data\template.imp
Tue May 24 07:14:29 Loaded file C:\Program Files\Orcad\Layout_Plus\data\template.imp
Tue May 24 07:14:29 Loaded file C:\Program Files\Orcad\Layout_Plus\data\template.imp
Tue May 24 07:14:33 Loaded file D:\DANH\ROBOT\ORCAD LIBS\DANHLIB.LLB
Tue May 24 07:14:37 Loaded file C:\Program Files\Orcad\Layout_Plus\data\template.imp
Tue May 24 07:23:24 Saved as file BACKUP1.MAX
Tue May 24 07:31:48 Saved as file BACKUP1.MAX
Tue May 24 07:31:48 Saved as file D:\DANH\ROBOT\ORCAD PROJECTS\COMERCIAL PROJECTS\COM_PRJ45\COM_PRJ45.MAX
Tue May 24 07:31:48 UserDiv from Layout.INI for AutoECO: 60
Tue May 24 07:31:49 Loaded file D:\DANH\ROBOT\ORCAD PROJECTS\COMERCIAL PROJECTS\COM_PRJ45\COM_PRJ45.MAX
Tue May 24 07:31:49 Loaded file D:\DANH\ROBOT\ORCAD LIBS\THUVIENORCAD\THUVIENORCAD\THUVIEN1\TIEN.LLB
Tue May 24 07:31:49 Loaded file D:\DANH\ROBOT\ORCAD LIBS\THUVIENORCAD\THUVIENORCAD\THUVIEN\LAYOUTMT.LLB
Tue May 24 07:31:49 Loaded file D:\DANH\ROBOT\ORCAD LIBS\THUVIENORCAD\THUVIENORCAD\LIBRARY ORCAD\THU VIEN ORCAD FULL\THU VIEN LAYOUT BETA 3.LLB
Tue May 24 07:31:49 Loaded file D:\DANH\ROBOT\ORCAD LIBS\THUVIENORCAD\THUVIENORCAD\LIBRARY ORCAD\THU VIEN ORCAD FULL\THU VIEN.LLB
Tue May 24 07:31:49 Loaded file D:\DANH\ROBOT\ORCAD LIBS\THUVIENORCAD\THUVIENORCAD\LIBRARY\BCON100T.LLB
Tue May 24 07:31:49 Loaded file D:\DANH\ROBOT\ORCAD LIBS\THUVIENORCAD\THUVIENORCAD\LIBRARY\BCON156T.LLB
Tue May 24 07:31:49 Loaded file D:\DANH\ROBOT\ORCAD LIBS\THUVIENORCAD\THUVIENORCAD\LIBRARY\BGA.LLB
Tue May 24 07:31:49 Loaded file D:\DANH\ROBOT\ORCAD LIBS\THUVIENORCAD\THUVIENORCAD\LIBRARY\CLCC.LLB
Tue May 24 07:31:49 Loaded file D:\DANH\ROBOT\ORCAD LIBS\THUVIENORCAD\THUVIENORCAD\LIBRARY\DCON050T.LLB
Tue May 24 07:31:49 Loaded file D:\DANH\ROBOT\ORCAD LIBS\THUVIENORCAD\THUVIENORCAD\LIBRARY\DCON085T.LLB
Tue May 24 07:31:49 Loaded file D:\DANH\ROBOT\ORCAD LIBS\THUVIENORCAD\THUVIENORCAD\LIBRARY\DIMM050F.LLB
Tue May 24 07:31:49 Loaded file D:\DANH\ROBOT\ORCAD LIBS\THUVIENORCAD\THUVIENORCAD\LIBRARY\DIMM050T.LLB
Tue May 24 07:31:49 Loaded file D:\DANH\ROBOT\ORCAD LIBS\THUVIENORCAD\THUVIENORCAD\LIBRARY\DIN.LLB
Tue May 24 07:31:49 Loaded file D:\DANH\ROBOT\ORCAD LIBS\THUVIENORCAD\THUVIENORCAD\LIBRARY\DIP100B.LLB
Tue May 24 07:31:49 Loaded file D:\DANH\ROBOT\ORCAD LIBS\THUVIENORCAD\THUVIENORCAD\LIBRARY\DIP100T.LLB
Tue May 24 07:31:49 Loaded file D:\DANH\ROBOT\ORCAD LIBS\THUVIENORCAD\THUVIENORCAD\LIBRARY\DSUBT.LLB
Tue May 24 07:31:49 Loaded file D:\DANH\ROBOT\ORCAD LIBS\THUVIENORCAD\THUVIENORCAD\LIBRARY\DSUBT_HD.LLB
Tue May 24 07:31:49 Loaded file D:\DANH\ROBOT\ORCAD LIBS\THUVIENORCAD\THUVIENORCAD\LIBRARY\ECON100T.LLB
Tue May 24 07:31:49 Loaded file D:\DANH\ROBOT\ORCAD LIBS\THUVIENORCAD\THUVIENORCAD\LIBRARY\EMPTY.LLB
Tue May 24 07:31:49 Loaded file D:\DANH\ROBOT\ORCAD LIBS\THUVIENORCAD\THUVIENORCAD\LIBRARY\EX_GUI.LLB
Tue May 24 07:31:49 Loaded file D:\DANH\ROBOT\ORCAD LIBS\THUVIENORCAD\THUVIENORCAD\LIBRARY\FBUS.LLB
Tue May 24 07:31:49 Loaded file D:\DANH\ROBOT\ORCAD LIBS\THUVIENORCAD\THUVIENORCAD\LIBRARY\ISA.LLB
Tue May 24 07:31:49 Loaded file D:\DANH\ROBOT\ORCAD LIBS\THUVIENORCAD\THUVIENORCAD\LIBRARY\JUMPER.LLB
Tue May 24 07:31:49 Loaded file D:\DANH\ROBOT\ORCAD LIBS\THUVIENORCAD\THUVIENORCAD\LIBRARY\LAYOUT.LLB
Tue May 24 07:31:49 Loaded file D:\DANH\ROBOT\ORCAD LIBS\THUVIENORCAD\THUVIENORCAD\LIBRARY\LCON100T.LLB
Tue May 24 07:31:49 Loaded file D:\DANH\ROBOT\ORCAD LIBS\THUVIENORCAD\THUVIENORCAD\LIBRARY\LINH KIEN.LLB
Tue May 24 07:31:49 Loaded file D:\DANH\ROBOT\ORCAD LIBS\THUVIENORCAD\THUVIENORCAD\LIBRARY\METRIC.LLB
Tue May 24 07:31:49 Loaded file D:\DANH\ROBOT\ORCAD LIBS\THUVIENORCAD\THUVIENORCAD\LIBRARY\PADSTACK.LLB
Tue May 24 07:31:49 Loaded file D:\DANH\ROBOT\ORCAD LIBS\THUVIENORCAD\THUVIENORCAD\LIBRARY\PC104.LLB
Tue May 24 07:31:49 Loaded file D:\DANH\ROBOT\ORCAD LIBS\THUVIENORCAD\THUVIENORCAD\LIBRARY\PCI.LLB
Tue May 24 07:31:49 Loaded file D:\DANH\ROBOT\ORCAD LIBS\THUVIENORCAD\THUVIENORCAD\LIBRARY\PCON100T.LLB
Tue May 24 07:31:49 Loaded file D:\DANH\ROBOT\ORCAD LIBS\THUVIENORCAD\THUVIENORCAD\LIBRARY\PCON156T.LLB
Tue May 24 07:31:49 Loaded file D:\DANH\ROBOT\ORCAD LIBS\THUVIENORCAD\THUVIENORCAD\LIBRARY\PGA.LLB
Tue May 24 07:31:49 Loaded file D:\DANH\ROBOT\ORCAD LIBS\THUVIENORCAD\THUVIENORCAD\LIBRARY\PLCC.LLB
Tue May 24 07:31:49 Loaded file D:\DANH\ROBOT\ORCAD LIBS\THUVIENORCAD\THUVIENORCAD\LIBRARY\QUAD.LLB
Tue May 24 07:31:49 Loaded file D:\DANH\ROBOT\ORCAD LIBS\THUVIENORCAD\THUVIENORCAD\LIBRARY\QUADB.LLB
Tue May 24 07:31:49 Loaded file D:\DANH\ROBOT\ORCAD LIBS\THUVIENORCAD\THUVIENORCAD\LIBRARY\RELAY.LLB
Tue May 24 07:31:49 Loaded file D:\DANH\ROBOT\ORCAD LIBS\THUVIENORCAD\THUVIENORCAD\LIBRARY\RF.LLB
Tue May 24 07:31:49 Loaded file D:\DANH\ROBOT\ORCAD LIBS\THUVIENORCAD\THUVIENORCAD\LIBRARY\SBUS.LLB
Tue May 24 07:31:49 Loaded file D:\DANH\ROBOT\ORCAD LIBS\THUVIENORCAD\THUVIENORCAD\LIBRARY\SIMM050F.LLB
Tue May 24 07:31:49 Loaded file D:\DANH\ROBOT\ORCAD LIBS\THUVIENORCAD\THUVIENORCAD\LIBRARY\SIMM050T.LLB
Tue May 24 07:31:49 Loaded file D:\DANH\ROBOT\ORCAD LIBS\THUVIENORCAD\THUVIENORCAD\LIBRARY\SIMM100F.LLB
Tue May 24 07:31:49 Loaded file D:\DANH\ROBOT\ORCAD LIBS\THUVIENORCAD\THUVIENORCAD\LIBRARY\SIMM100T.LLB
Tue May 24 07:31:49 Loaded file D:\DANH\ROBOT\ORCAD LIBS\THUVIENORCAD\THUVIENORCAD\LIBRARY\SIP.LLB
Tue May 24 07:31:49 Loaded file D:\DANH\ROBOT\ORCAD LIBS\THUVIENORCAD\THUVIENORCAD\LIBRARY\SM.LLB
Tue May 24 07:31:49 Loaded file D:\DANH\ROBOT\ORCAD LIBS\THUVIENORCAD\THUVIENORCAD\LIBRARY\SOG.LLB
Tue May 24 07:31:49 Loaded file D:\DANH\ROBOT\ORCAD LIBS\THUVIENORCAD\THUVIENORCAD\LIBRARY\SOJ.LLB
Tue May 24 07:31:49 Loaded file D:\DANH\ROBOT\ORCAD LIBS\THUVIENORCAD\THUVIENORCAD\LIBRARY\STIFF.LLB
Tue May 24 07:31:49 Loaded file D:\DANH\ROBOT\ORCAD LIBS\THUVIENORCAD\THUVIENORCAD\LIBRARY\TELE.LLB
Tue May 24 07:31:49 Loaded file D:\DANH\ROBOT\ORCAD LIBS\THUVIENORCAD\THUVIENORCAD\LIBRARY\TM_AXIAL.LLB
Tue May 24 07:31:49 Loaded file D:\DANH\ROBOT\ORCAD LIBS\THUVIENORCAD\THUVIENORCAD\LIBRARY\TM_CAP_P.LLB
Tue May 24 07:31:49 Loaded file D:\DANH\ROBOT\ORCAD LIBS\THUVIENORCAD\THUVIENORCAD\LIBRARY\TM_CYLND.LLB
Tue May 24 07:31:49 Loaded file D:\DANH\ROBOT\ORCAD LIBS\THUVIENORCAD\THUVIENORCAD\LIBRARY\TM_DIODE.LLB
Tue May 24 07:31:49 Loaded file D:\DANH\ROBOT\ORCAD LIBS\THUVIENORCAD\THUVIENORCAD\LIBRARY\TM_DISC.LLB
Tue May 24 07:31:49 Loaded file D:\DANH\ROBOT\ORCAD LIBS\THUVIENORCAD\THUVIENORCAD\LIBRARY\TM_RAD.LLB
Tue May 24 07:31:49 Loaded file D:\DANH\ROBOT\ORCAD LIBS\THUVIENORCAD\THUVIENORCAD\LIBRARY\TO.LLB
Tue May 24 07:31:49 Loaded file D:\DANH\ROBOT\ORCAD LIBS\THUVIENORCAD\THUVIENORCAD\LIBRARY\TRAINING.LLB
Tue May 24 07:31:49 Loaded file D:\DANH\ROBOT\ORCAD LIBS\THUVIENORCAD\THUVIENORCAD\LIBRARY\VRES.LLB
Tue May 24 07:31:49 Loaded file D:\DANH\ROBOT\ORCAD LIBS\THUVIENORCAD\THUVIENORCAD\LIBRARY\WCON100T.LLB
Tue May 24 07:31:49 Loaded file D:\DANH\ROBOT\ORCAD LIBS\THUVIENORCAD\THUVIENORCAD\LIBRARY\XT.LLB
Tue May 24 07:31:49 Loaded file D:\DANH\ROBOT\ORCAD LIBS\THUVIENORCAD\THUVIENORCAD\LIBRARY\ZIGZAG.LLB
Tue May 24 07:31:49 Loaded file D:\DANH\ROBOT\ORCAD LIBS\THUVIENORCAD\THUVIENORCAD\HOA DOAN\HOADOAN.LLB
Tue May 24 07:31:49 Loaded file D:\DANH\ROBOT\ORCAD LIBS\THUVIENORCAD\THUVIENORCAD\THU VIEN\THU VIEN.LLB
Tue May 24 07:31:49 Loaded file D:\DANH\ROBOT\ORCAD LIBS\THU VIEN\THU VIEN.LLB
Tue May 24 07:31:49 Loaded file D:\DANH\ROBOT\ORCAD LIBS\ORCAD LAYOUT\T2L LAYOUT.LLB
Tue May 24 07:31:49 Loaded file D:\DANH\ROBOT\ORCAD LIBS\DANHLIB.LLB
Tue May 24 07:31:50 Saved as file D:\DANH\ROBOT\ORCAD PROJECTS\COMERCIAL PROJECTS\COM_PRJ45\COM_PRJ45.MAX
Tue May 24 07:31:50 Loaded file D:\DANH\ROBOT\ORCAD PROJECTS\COMERCIAL PROJECTS\COM_PRJ45\COM_PRJ45.MAX
Tue May 24 07:32:01 Loaded file C:\Program Files\Orcad\Layout_Plus\data\template.imp
Tue May 24 07:32:01 Loaded file C:\Program Files\Orcad\Layout_Plus\data\template.imp
Tue May 24 07:32:01 Loaded file C:\Program Files\Orcad\Layout_Plus\data\template.imp
Tue May 24 07:32:01 Loaded file C:\Program Files\Orcad\Layout_Plus\data\template.imp
Tue May 24 07:32:04 Loaded file C:\Program Files\Orcad\Layout_Plus\data\template.imp
Tue May 24 07:32:13 Loaded file C:\Program Files\Orcad\Layout_Plus\data\template.imp
Tue May 24 07:32:13 Loaded file C:\Program Files\Orcad\Layout_Plus\data\template.imp
Tue May 24 07:32:13 Loaded file C:\Program Files\Orcad\Layout_Plus\data\template.imp
Tue May 24 07:32:13 Loaded file C:\Program Files\Orcad\Layout_Plus\data\template.imp
Tue May 24 07:32:17 Loaded file C:\Program Files\Orcad\Layout_Plus\data\template.imp
Tue May 24 07:33:54 Saved as file BACKUP1.MAX
Tue May 24 07:42:44 Saved as file D:\DANH\ROBOT\ORCAD PROJECTS\COMERCIAL PROJECTS\COM_PRJ45\COM_PRJ45.MAX
Tue May 24 07:44:24 Saved as file BACKUP1.MAX
Tue May 24 07:54:34 Saved as file BACKUP1.MAX
Tue May 24 07:54:34 Saved as file D:\DANH\ROBOT\ORCAD PROJECTS\COMERCIAL PROJECTS\COM_PRJ45\COM_PRJ45.MAX
Tue May 24 07:54:35 UserDiv from Layout.INI for AutoECO: 60
Tue May 24 07:54:35 Loaded file D:\DANH\ROBOT\ORCAD PROJECTS\COMERCIAL PROJECTS\COM_PRJ45\COM_PRJ45.MAX
Tue May 24 07:54:35 Loaded file D:\DANH\ROBOT\ORCAD LIBS\THUVIENORCAD\THUVIENORCAD\THUVIEN1\TIEN.LLB
Tue May 24 07:54:35 Loaded file D:\DANH\ROBOT\ORCAD LIBS\THUVIENORCAD\THUVIENORCAD\THUVIEN\LAYOUTMT.LLB
Tue May 24 07:54:35 Loaded file D:\DANH\ROBOT\ORCAD LIBS\THUVIENORCAD\THUVIENORCAD\LIBRARY ORCAD\THU VIEN ORCAD FULL\THU VIEN LAYOUT BETA 3.LLB
Tue May 24 07:54:35 Loaded file D:\DANH\ROBOT\ORCAD LIBS\THUVIENORCAD\THUVIENORCAD\LIBRARY ORCAD\THU VIEN ORCAD FULL\THU VIEN.LLB
Tue May 24 07:54:35 Loaded file D:\DANH\ROBOT\ORCAD LIBS\THUVIENORCAD\THUVIENORCAD\LIBRARY\BCON100T.LLB
Tue May 24 07:54:35 Loaded file D:\DANH\ROBOT\ORCAD LIBS\THUVIENORCAD\THUVIENORCAD\LIBRARY\BCON156T.LLB
Tue May 24 07:54:35 Loaded file D:\DANH\ROBOT\ORCAD LIBS\THUVIENORCAD\THUVIENORCAD\LIBRARY\BGA.LLB
Tue May 24 07:54:35 Loaded file D:\DANH\ROBOT\ORCAD LIBS\THUVIENORCAD\THUVIENORCAD\LIBRARY\CLCC.LLB
Tue May 24 07:54:35 Loaded file D:\DANH\ROBOT\ORCAD LIBS\THUVIENORCAD\THUVIENORCAD\LIBRARY\DCON050T.LLB
Tue May 24 07:54:35 Loaded file D:\DANH\ROBOT\ORCAD LIBS\THUVIENORCAD\THUVIENORCAD\LIBRARY\DCON085T.LLB
Tue May 24 07:54:35 Loaded file D:\DANH\ROBOT\ORCAD LIBS\THUVIENORCAD\THUVIENORCAD\LIBRARY\DIMM050F.LLB
Tue May 24 07:54:35 Loaded file D:\DANH\ROBOT\ORCAD LIBS\THUVIENORCAD\THUVIENORCAD\LIBRARY\DIMM050T.LLB
Tue May 24 07:54:35 Loaded file D:\DANH\ROBOT\ORCAD LIBS\THUVIENORCAD\THUVIENORCAD\LIBRARY\DIN.LLB
Tue May 24 07:54:35 Loaded file D:\DANH\ROBOT\ORCAD LIBS\THUVIENORCAD\THUVIENORCAD\LIBRARY\DIP100B.LLB
Tue May 24 07:54:35 Loaded file D:\DANH\ROBOT\ORCAD LIBS\THUVIENORCAD\THUVIENORCAD\LIBRARY\DIP100T.LLB
Tue May 24 07:54:35 Loaded file D:\DANH\ROBOT\ORCAD LIBS\THUVIENORCAD\THUVIENORCAD\LIBRARY\DSUBT.LLB
Tue May 24 07:54:35 Loaded file D:\DANH\ROBOT\ORCAD LIBS\THUVIENORCAD\THUVIENORCAD\LIBRARY\DSUBT_HD.LLB
Tue May 24 07:54:35 Loaded file D:\DANH\ROBOT\ORCAD LIBS\THUVIENORCAD\THUVIENORCAD\LIBRARY\ECON100T.LLB
Tue May 24 07:54:35 Loaded file D:\DANH\ROBOT\ORCAD LIBS\THUVIENORCAD\THUVIENORCAD\LIBRARY\EMPTY.LLB
Tue May 24 07:54:35 Loaded file D:\DANH\ROBOT\ORCAD LIBS\THUVIENORCAD\THUVIENORCAD\LIBRARY\EX_GUI.LLB
Tue May 24 07:54:35 Loaded file D:\DANH\ROBOT\ORCAD LIBS\THUVIENORCAD\THUVIENORCAD\LIBRARY\FBUS.LLB
Tue May 24 07:54:35 Loaded file D:\DANH\ROBOT\ORCAD LIBS\THUVIENORCAD\THUVIENORCAD\LIBRARY\ISA.LLB
Tue May 24 07:54:35 Loaded file D:\DANH\ROBOT\ORCAD LIBS\THUVIENORCAD\THUVIENORCAD\LIBRARY\JUMPER.LLB
Tue May 24 07:54:35 Loaded file D:\DANH\ROBOT\ORCAD LIBS\THUVIENORCAD\THUVIENORCAD\LIBRARY\LAYOUT.LLB
Tue May 24 07:54:35 Loaded file D:\DANH\ROBOT\ORCAD LIBS\THUVIENORCAD\THUVIENORCAD\LIBRARY\LCON100T.LLB
Tue May 24 07:54:35 Loaded file D:\DANH\ROBOT\ORCAD LIBS\THUVIENORCAD\THUVIENORCAD\LIBRARY\LINH KIEN.LLB
Tue May 24 07:54:35 Loaded file D:\DANH\ROBOT\ORCAD LIBS\THUVIENORCAD\THUVIENORCAD\LIBRARY\METRIC.LLB
Tue May 24 07:54:35 Loaded file D:\DANH\ROBOT\ORCAD LIBS\THUVIENORCAD\THUVIENORCAD\LIBRARY\PADSTACK.LLB
Tue May 24 07:54:35 Loaded file D:\DANH\ROBOT\ORCAD LIBS\THUVIENORCAD\THUVIENORCAD\LIBRARY\PC104.LLB
Tue May 24 07:54:35 Loaded file D:\DANH\ROBOT\ORCAD LIBS\THUVIENORCAD\THUVIENORCAD\LIBRARY\PCI.LLB
Tue May 24 07:54:35 Loaded file D:\DANH\ROBOT\ORCAD LIBS\THUVIENORCAD\THUVIENORCAD\LIBRARY\PCON100T.LLB
Tue May 24 07:54:35 Loaded file D:\DANH\ROBOT\ORCAD LIBS\THUVIENORCAD\THUVIENORCAD\LIBRARY\PCON156T.LLB
Tue May 24 07:54:35 Loaded file D:\DANH\ROBOT\ORCAD LIBS\THUVIENORCAD\THUVIENORCAD\LIBRARY\PGA.LLB
Tue May 24 07:54:35 Loaded file D:\DANH\ROBOT\ORCAD LIBS\THUVIENORCAD\THUVIENORCAD\LIBRARY\PLCC.LLB
Tue May 24 07:54:35 Loaded file D:\DANH\ROBOT\ORCAD LIBS\THUVIENORCAD\THUVIENORCAD\LIBRARY\QUAD.LLB
Tue May 24 07:54:35 Loaded file D:\DANH\ROBOT\ORCAD LIBS\THUVIENORCAD\THUVIENORCAD\LIBRARY\QUADB.LLB
Tue May 24 07:54:35 Loaded file D:\DANH\ROBOT\ORCAD LIBS\THUVIENORCAD\THUVIENORCAD\LIBRARY\RELAY.LLB
Tue May 24 07:54:35 Loaded file D:\DANH\ROBOT\ORCAD LIBS\THUVIENORCAD\THUVIENORCAD\LIBRARY\RF.LLB
Tue May 24 07:54:35 Loaded file D:\DANH\ROBOT\ORCAD LIBS\THUVIENORCAD\THUVIENORCAD\LIBRARY\SBUS.LLB
Tue May 24 07:54:35 Loaded file D:\DANH\ROBOT\ORCAD LIBS\THUVIENORCAD\THUVIENORCAD\LIBRARY\SIMM050F.LLB
Tue May 24 07:54:35 Loaded file D:\DANH\ROBOT\ORCAD LIBS\THUVIENORCAD\THUVIENORCAD\LIBRARY\SIMM050T.LLB
Tue May 24 07:54:35 Loaded file D:\DANH\ROBOT\ORCAD LIBS\THUVIENORCAD\THUVIENORCAD\LIBRARY\SIMM100F.LLB
Tue May 24 07:54:35 Loaded file D:\DANH\ROBOT\ORCAD LIBS\THUVIENORCAD\THUVIENORCAD\LIBRARY\SIMM100T.LLB
Tue May 24 07:54:35 Loaded file D:\DANH\ROBOT\ORCAD LIBS\THUVIENORCAD\THUVIENORCAD\LIBRARY\SIP.LLB
Tue May 24 07:54:35 Loaded file D:\DANH\ROBOT\ORCAD LIBS\THUVIENORCAD\THUVIENORCAD\LIBRARY\SM.LLB
Tue May 24 07:54:35 Loaded file D:\DANH\ROBOT\ORCAD LIBS\THUVIENORCAD\THUVIENORCAD\LIBRARY\SOG.LLB
Tue May 24 07:54:35 Loaded file D:\DANH\ROBOT\ORCAD LIBS\THUVIENORCAD\THUVIENORCAD\LIBRARY\SOJ.LLB
Tue May 24 07:54:35 Loaded file D:\DANH\ROBOT\ORCAD LIBS\THUVIENORCAD\THUVIENORCAD\LIBRARY\STIFF.LLB
Tue May 24 07:54:35 Loaded file D:\DANH\ROBOT\ORCAD LIBS\THUVIENORCAD\THUVIENORCAD\LIBRARY\TELE.LLB
Tue May 24 07:54:35 Loaded file D:\DANH\ROBOT\ORCAD LIBS\THUVIENORCAD\THUVIENORCAD\LIBRARY\TM_AXIAL.LLB
Tue May 24 07:54:35 Loaded file D:\DANH\ROBOT\ORCAD LIBS\THUVIENORCAD\THUVIENORCAD\LIBRARY\TM_CAP_P.LLB
Tue May 24 07:54:35 Loaded file D:\DANH\ROBOT\ORCAD LIBS\THUVIENORCAD\THUVIENORCAD\LIBRARY\TM_CYLND.LLB
Tue May 24 07:54:35 Loaded file D:\DANH\ROBOT\ORCAD LIBS\THUVIENORCAD\THUVIENORCAD\LIBRARY\TM_DIODE.LLB
Tue May 24 07:54:35 Loaded file D:\DANH\ROBOT\ORCAD LIBS\THUVIENORCAD\THUVIENORCAD\LIBRARY\TM_DISC.LLB
Tue May 24 07:54:35 Loaded file D:\DANH\ROBOT\ORCAD LIBS\THUVIENORCAD\THUVIENORCAD\LIBRARY\TM_RAD.LLB
Tue May 24 07:54:35 Loaded file D:\DANH\ROBOT\ORCAD LIBS\THUVIENORCAD\THUVIENORCAD\LIBRARY\TO.LLB
Tue May 24 07:54:36 Loaded file D:\DANH\ROBOT\ORCAD LIBS\THUVIENORCAD\THUVIENORCAD\LIBRARY\TRAINING.LLB
Tue May 24 07:54:36 Loaded file D:\DANH\ROBOT\ORCAD LIBS\THUVIENORCAD\THUVIENORCAD\LIBRARY\VRES.LLB
Tue May 24 07:54:36 Loaded file D:\DANH\ROBOT\ORCAD LIBS\THUVIENORCAD\THUVIENORCAD\LIBRARY\WCON100T.LLB
Tue May 24 07:54:36 Loaded file D:\DANH\ROBOT\ORCAD LIBS\THUVIENORCAD\THUVIENORCAD\LIBRARY\XT.LLB
Tue May 24 07:54:36 Loaded file D:\DANH\ROBOT\ORCAD LIBS\THUVIENORCAD\THUVIENORCAD\LIBRARY\ZIGZAG.LLB
Tue May 24 07:54:36 Loaded file D:\DANH\ROBOT\ORCAD LIBS\THUVIENORCAD\THUVIENORCAD\HOA DOAN\HOADOAN.LLB
Tue May 24 07:54:36 Loaded file D:\DANH\ROBOT\ORCAD LIBS\THUVIENORCAD\THUVIENORCAD\THU VIEN\THU VIEN.LLB
Tue May 24 07:54:36 Loaded file D:\DANH\ROBOT\ORCAD LIBS\THU VIEN\THU VIEN.LLB
Tue May 24 07:54:36 Loaded file D:\DANH\ROBOT\ORCAD LIBS\ORCAD LAYOUT\T2L LAYOUT.LLB
Tue May 24 07:54:36 Loaded file D:\DANH\ROBOT\ORCAD LIBS\DANHLIB.LLB
Tue May 24 07:54:36 Saved as file D:\DANH\ROBOT\ORCAD PROJECTS\COMERCIAL PROJECTS\COM_PRJ45\COM_PRJ45.MAX
Tue May 24 07:54:36 Loaded file D:\DANH\ROBOT\ORCAD PROJECTS\COMERCIAL PROJECTS\COM_PRJ45\COM_PRJ45.MAX
Tue May 24 07:54:49 Loaded file C:\Program Files\Orcad\Layout_Plus\data\template.imp
Tue May 24 07:54:49 Loaded file C:\Program Files\Orcad\Layout_Plus\data\template.imp
Tue May 24 07:54:49 Loaded file C:\Program Files\Orcad\Layout_Plus\data\template.imp
Tue May 24 07:54:49 Loaded file C:\Program Files\Orcad\Layout_Plus\data\template.imp
Tue May 24 07:54:52 Loaded file C:\Program Files\Orcad\Layout_Plus\data\template.imp
Tue May 24 07:55:02 Loaded file C:\Program Files\Orcad\Layout_Plus\data\template.imp
Tue May 24 07:55:02 Loaded file C:\Program Files\Orcad\Layout_Plus\data\template.imp
Tue May 24 07:55:02 Loaded file C:\Program Files\Orcad\Layout_Plus\data\template.imp
Tue May 24 07:55:02 Loaded file C:\Program Files\Orcad\Layout_Plus\data\template.imp
Tue May 24 07:55:06 Loaded file C:\Program Files\Orcad\Layout_Plus\data\template.imp
Tue May 24 07:55:07 Loaded file C:\Program Files\Orcad\Layout_Plus\data\template.imp
Tue May 24 07:55:09 Loaded file C:\Program Files\Orcad\Layout_Plus\data\template.imp
Tue May 24 07:55:14 Saved as file D:\DANH\ROBOT\ORCAD PROJECTS\COMERCIAL PROJECTS\COM_PRJ45\COM_PRJ45.MAX
Tue May 24 07:55:24 Saved as file BACKUP1.MAX
Tue May 24 08:03:47 Saved as file D:\DANH\ROBOT\ORCAD PROJECTS\COMERCIAL PROJECTS\COM_PRJ45\COM_PRJ45.MAX
Tue May 24 08:05:54 Saved as file BACKUP1.MAX
Tue May 24 08:06:15 Saved as file D:\DANH\ROBOT\ORCAD PROJECTS\COMERCIAL PROJECTS\COM_PRJ45\COM_PRJ45.MAX
Wed May 25 06:49:27 Loaded file C:\Program Files\Orcad\Layout_Plus\data\template.imp
Wed May 25 06:49:27 Loaded file C:\Program Files\Orcad\Layout_Plus\data\template.imp
Wed May 25 06:49:32 Loaded file D:\DANH\ROBOT\ORCAD LIBS\DANHLIB.LLB
Wed May 25 06:49:37 Loaded file C:\Program Files\Orcad\Layout_Plus\data\template.imp
Wed May 25 06:49:41 Loaded file C:\Program Files\Orcad\Layout_Plus\data\template.imp
Wed May 25 06:49:50 Loaded file C:\Program Files\Orcad\Layout_Plus\data\template.imp
Wed May 25 06:54:20 Loaded file C:\Program Files\Orcad\Layout_Plus\data\template.imp
Wed May 25 06:54:20 Loaded file C:\Program Files\Orcad\Layout_Plus\data\template.imp
Wed May 25 06:54:20 Loaded file C:\Program Files\Orcad\Layout_Plus\data\template.imp
Wed May 25 06:54:20 Loaded file C:\Program Files\Orcad\Layout_Plus\data\template.imp
Wed May 25 06:54:25 Loaded file D:\DANH\ROBOT\ORCAD LIBS\DANHLIB.LLB
Wed May 25 06:54:29 Loaded file C:\Program Files\Orcad\Layout_Plus\data\template.imp
Wed May 25 06:54:54 Loaded file C:\Program Files\Orcad\Layout_Plus\data\template.imp
Wed May 25 06:54:54 Loaded file C:\Program Files\Orcad\Layout_Plus\data\template.imp
Wed May 25 06:54:54 Loaded file C:\Program Files\Orcad\Layout_Plus\data\template.imp
Wed May 25 06:54:54 Loaded file C:\Program Files\Orcad\Layout_Plus\data\template.imp
Wed May 25 06:54:58 Loaded file D:\DANH\ROBOT\ORCAD LIBS\DANHLIB.LLB
Wed May 25 06:55:01 Loaded file C:\Program Files\Orcad\Layout_Plus\data\template.imp
Wed May 25 06:55:33 Loaded file C:\Program Files\Orcad\Layout_Plus\data\template.imp
Wed May 25 06:55:33 Loaded file C:\Program Files\Orcad\Layout_Plus\data\template.imp
Wed May 25 06:55:33 Loaded file C:\Program Files\Orcad\Layout_Plus\data\template.imp
Wed May 25 06:55:33 Loaded file C:\Program Files\Orcad\Layout_Plus\data\template.imp
Wed May 25 06:55:39 Loaded file D:\DANH\ROBOT\ORCAD LIBS\DANHLIB.LLB
Wed May 25 06:55:43 Loaded file C:\Program Files\Orcad\Layout_Plus\data\template.imp
Wed May 25 06:55:58 Loaded file C:\Program Files\Orcad\Layout_Plus\data\template.imp
Wed May 25 06:55:58 Loaded file C:\Program Files\Orcad\Layout_Plus\data\template.imp
Wed May 25 06:55:58 Loaded file C:\Program Files\Orcad\Layout_Plus\data\template.imp
Wed May 25 06:55:58 Loaded file C:\Program Files\Orcad\Layout_Plus\data\template.imp
Wed May 25 06:56:03 Loaded file D:\DANH\ROBOT\ORCAD LIBS\DANHLIB.LLB
Wed May 25 06:56:09 Loaded file C:\Program Files\Orcad\Layout_Plus\data\template.imp
Wed May 25 06:56:23 Loaded file C:\Program Files\Orcad\Layout_Plus\data\template.imp
Wed May 25 06:56:23 Loaded file C:\Program Files\Orcad\Layout_Plus\data\template.imp
Wed May 25 06:56:23 Loaded file C:\Program Files\Orcad\Layout_Plus\data\template.imp
Wed May 25 06:56:23 Loaded file C:\Program Files\Orcad\Layout_Plus\data\template.imp
Wed May 25 06:56:25 Loaded file D:\DANH\ROBOT\ORCAD LIBS\DANHLIB.LLB
Wed May 25 06:56:30 Loaded file C:\Program Files\Orcad\Layout_Plus\data\template.imp
Wed May 25 06:56:40 Loaded file C:\Program Files\Orcad\Layout_Plus\data\template.imp
Wed May 25 06:56:40 Loaded file C:\Program Files\Orcad\Layout_Plus\data\template.imp
Wed May 25 06:56:40 Loaded file C:\Program Files\Orcad\Layout_Plus\data\template.imp
Wed May 25 06:56:40 Loaded file C:\Program Files\Orcad\Layout_Plus\data\template.imp
Wed May 25 06:56:46 Loaded file D:\DANH\ROBOT\ORCAD LIBS\DANHLIB.LLB
Wed May 25 06:56:50 Loaded file C:\Program Files\Orcad\Layout_Plus\data\template.imp
Wed May 25 06:56:58 Loaded file C:\Program Files\Orcad\Layout_Plus\data\template.imp
Wed May 25 06:56:58 Loaded file C:\Program Files\Orcad\Layout_Plus\data\template.imp
Wed May 25 06:56:58 Loaded file C:\Program Files\Orcad\Layout_Plus\data\template.imp
Wed May 25 06:56:58 Loaded file C:\Program Files\Orcad\Layout_Plus\data\template.imp
Wed May 25 06:57:00 Loaded file D:\DANH\ROBOT\ORCAD LIBS\DANHLIB.LLB
Wed May 25 06:57:03 Loaded file C:\Program Files\Orcad\Layout_Plus\data\template.imp
Wed May 25 06:57:15 Saved as file D:\DANH\ROBOT\ORCAD PROJECTS\COMERCIAL PROJECTS\COM_PRJ45\COM_PRJ45.MAX
Wed May 25 06:58:52 Saved as file BACKUP1.MAX
Wed May 25 07:08:52 Saved as file BACKUP1.MAX
Wed May 25 07:18:52 Saved as file BACKUP1.MAX
Wed May 25 07:29:22 Saved as file BACKUP1.MAX
Wed May 25 07:31:37 Saved as file D:\DANH\ROBOT\ORCAD PROJECTS\COMERCIAL PROJECTS\COM_PRJ45\COM_PRJ45_VER1.MAX
Wed May 25 07:32:04 Saved as file BACKUP1.MAX
Wed May 25 07:32:04 Saved as file BACKUP1.MAX
Wed May 25 07:32:04 Saved as file BACKUP1.MAX
Wed May 25 07:32:04 Saved as file BACKUP1.MAX
Wed May 25 07:32:04 Saved as file BACKUP1.MAX
Wed May 25 07:32:05 Saved as file BACKUP1.MAX
Wed May 25 07:32:05 No new connections routed.
Wed May 25 07:32:05 Total is now 0 out of 96 (0%).
Wed May 25 07:32:05 Saved as file SWEEP1.MAX
Wed May 25 07:32:05 Saved as file BACKUP1.MAX
Wed May 25 07:32:05 Saved as file BACKUP1.MAX
Wed May 25 07:32:05 Saved as file BACKUP1.MAX
Wed May 25 07:32:06 Saved as file BACKUP1.MAX
Wed May 25 07:32:06 Saved as file BACKUP1.MAX
Wed May 25 07:32:06 Saved as file BACKUP1.MAX
Wed May 25 07:32:06 Routed 107 connections in 1 seconds.
Wed May 25 07:32:06 Total is now 96 out of 96 (100%).
Wed May 25 07:32:06 Saved as file SWEEP2.MAX
Wed May 25 07:32:07 No new connections routed.
Wed May 25 07:32:07 Total is now 96 out of 96 (100%).
Wed May 25 07:32:07 Saved as file SWEEP3.MAX
Wed May 25 07:32:07 No new connections routed.
Wed May 25 07:32:07 Total is now 96 out of 96 (100%).
Wed May 25 07:32:07 Saved as file SWEEP4.MAX
Wed May 25 07:32:07 No new connections routed.
Wed May 25 07:32:07 Total is now 96 out of 96 (100%).
Wed May 25 07:32:07 Saved as file SWEEP5.MAX
Wed May 25 07:33:07 Loaded file D:\DANH\ROBOT\ORCAD PROJECTS\COMERCIAL PROJECTS\COM_PRJ45\COM_PRJ45_VER1.MAX
Wed May 25 07:34:11 Saved as file BACKUP1.MAX
Wed May 25 07:34:11 Saved as file BACKUP1.MAX
Wed May 25 07:34:11 Saved as file BACKUP1.MAX
Wed May 25 07:34:11 Saved as file BACKUP1.MAX
Wed May 25 07:34:11 Saved as file BACKUP1.MAX
Wed May 25 07:34:11 Saved as file BACKUP1.MAX
Wed May 25 07:34:11 Saved as file BACKUP1.MAX
Wed May 25 07:34:11 Saved as file BACKUP1.MAX
Wed May 25 07:34:11 Saved as file BACKUP1.MAX
Wed May 25 07:34:11 No new connections routed.
Wed May 25 07:34:11 Total is now 0 out of 96 (0%).
Wed May 25 07:34:11 Saved as file SWEEP1.MAX
Wed May 25 07:34:11 Saved as file BACKUP1.MAX
Wed May 25 07:34:11 Saved as file BACKUP1.MAX
Wed May 25 07:34:11 Saved as file BACKUP1.MAX
Wed May 25 07:34:11 Saved as file BACKUP1.MAX
Wed May 25 07:34:11 Saved as file BACKUP1.MAX
Wed May 25 07:34:12 Saved as file BACKUP1.MAX
Wed May 25 07:34:12 Saved as file BACKUP1.MAX
Wed May 25 07:34:12 Saved as file BACKUP1.MAX
Wed May 25 07:34:12 Saved as file BACKUP1.MAX
Wed May 25 07:34:12 Routed 1 connections in 0 seconds.
Wed May 25 07:34:12 Total is now 0 out of 96 (0%).
Wed May 25 07:34:12 Saved as file SWEEP2.MAX
Wed May 25 07:34:20 No new connections routed.
Wed May 25 07:34:20 Total is now 0 out of 96 (0%).
Wed May 25 07:34:20 Saved as file SWEEP3.MAX
Wed May 25 07:34:29 No new connections routed.
Wed May 25 07:34:29 Total is now 0 out of 96 (0%).
Wed May 25 07:34:29 Saved as file SWEEP4.MAX
Wed May 25 07:34:39 No new connections routed.
Wed May 25 07:34:39 Total is now 0 out of 96 (0%).
Wed May 25 07:34:39 Saved as file SWEEP5.MAX
Wed May 25 07:39:35 Removed unused footprint: LED_5MM_VER1_REV1
Wed May 25 07:39:35 Removed unused footprint: LED_5MM_REV1
Wed May 25 07:39:35 Removed unused footprint: LED_5MM
Wed May 25 07:39:35 Removed unused footprint: R_STANDING
Wed May 25 07:39:35 Removed unused footprint: LED
Wed May 25 07:39:35 Removed unused footprint: R
Wed May 25 07:39:35 Removed unused footprint: DEFAULT
Wed May 25 07:39:37 Removed unused padstack: TM_AXIAL.llb_pad3_1_3
Wed May 25 07:39:37 Removed unused padstack: 75R59
Wed May 25 07:39:37 Removed unused padstack: 73S53
Wed May 25 07:39:37 Removed unused padstack: TM_AXIAL.llb_pad2
Wed May 25 07:39:37 Removed unused padstack: T7
Wed May 25 07:39:37 Removed unused padstack: T2
Wed May 25 07:39:37 Removed unused padstack: T1
Wed May 25 07:40:22 Saved as file BACKUP1.MAX
Wed May 25 07:43:33 Saved as file D:\DANH\ROBOT\ORCAD PROJECTS\COMERCIAL PROJECTS\COM_PRJ45\COM_PRJ45_VER1.MAX
Wed May 25 07:50:52 Saved as file BACKUP1.MAX
Wed May 25 07:53:06 Removed unused net: N00571
Wed May 25 07:55:29 Saved as file D:\DANH\ROBOT\ORCAD PROJECTS\COMERCIAL PROJECTS\COM_PRJ45\COM_PRJ45_VER1.MAX
Wed May 25 07:56:38 Saved as file D:\DANH\ROBOT\ORCAD PROJECTS\COMERCIAL PROJECTS\COM_PRJ45\COM_PRJ45_VER1.MAX
Wed May 25 23:23:41 Loaded file C:\Program Files\Orcad\Layout_Plus\data\DEFAULT.MAX
Wed May 25 23:34:21 Saved as file BACKUP1.MAX
Wed May 25 23:44:51 Saved as file BACKUP1.MAX
Wed May 25 23:55:21 Saved as file BACKUP1.MAX
Wed May 25 23:57:57 Saved as file D:\DANH\ROBOT\ORCAD PROJECTS\COMERCIAL PROJECTS\COM_PRJ45\COM_PRJ45_VER1.MAX
Wed May 25 23:59:13 Saved as file D:\DANH\ROBOT\ORCAD PROJECTS\COMERCIAL PROJECTS\COM_PRJ45\COM_PRJ45_VER1.MAX
Thu May 26 00:00:22 Saved as file D:\DANH\ROBOT\ORCAD PROJECTS\COMERCIAL PROJECTS\COM_PRJ45\COM_PRJ45_VER1.MAX
Thu May 26 00:04:41 Loaded file C:\Program Files\Orcad\Layout_Plus\data\template.imp
Thu May 26 00:04:42 Loaded file C:\Program Files\Orcad\Layout_Plus\data\template.imp
Thu May 26 00:04:46 Loaded file D:\DANH\ROBOT\ORCAD LIBS\DANHLIB.LLB
Thu May 26 00:04:52 Loaded file C:\Program Files\Orcad\Layout_Plus\data\template.imp
Thu May 26 00:05:21 Loaded file C:\Program Files\Orcad\Layout_Plus\data\template.imp
Thu May 26 00:08:00 Loaded file D:\DANH\ROBOT\ORCAD LIBS\DANHLIB.LLB
Thu May 26 00:08:00 Saved as file D:\DANH\ROBOT\ORCAD LIBS\DANHLIB.LLB
Thu May 26 00:08:21 Saved as file BACKUP1.MAX
Thu May 26 00:08:39 Loaded file C:\Program Files\Orcad\Layout_Plus\data\template.imp
Thu May 26 00:08:39 Loaded file C:\Program Files\Orcad\Layout_Plus\data\template.imp
Thu May 26 00:08:46 Loaded file D:\DANH\ROBOT\ORCAD LIBS\DANHLIB.LLB
Thu May 26 00:08:50 Loaded file C:\Program Files\Orcad\Layout_Plus\data\template.imp
Thu May 26 00:14:15 Saved as file D:\DANH\ROBOT\ORCAD PROJECTS\COMERCIAL PROJECTS\COM_PRJ45\COM_PRJ45_VER1.MAX
Thu May 26 00:19:21 Saved as file BACKUP1.MAX
Thu May 26 00:24:04 Saved as file D:\DANH\ROBOT\ORCAD PROJECTS\COMERCIAL PROJECTS\COM_PRJ45\COM_PRJ45_VER1.MAX
Thu May 26 00:25:48 Saved as file D:\DANH\ROBOT\ORCAD PROJECTS\COMERCIAL PROJECTS\COM_PRJ45\COM_PRJ45_VER1.MAX
Thu May 26 00:27:52 Saved as file D:\DANH\ROBOT\ORCAD PROJECTS\COMERCIAL PROJECTS\COM_PRJ45\COM_PRJ45_VER1.MAX
Thu May 26 00:28:45 Saved as file D:\DANH\ROBOT\ORCAD PROJECTS\COMERCIAL PROJECTS\COM_PRJ45\COM_PRJ45_VER1.MAX
Thu May 26 00:28:45 Saved as file D:\DANH\ROBOT\ORCAD PROJECTS\COMERCIAL PROJECTS\COM_PRJ45\COM_PRJ45_VER1.MAX
Thu May 26 00:28:46 Saved as file D:\DANH\ROBOT\ORCAD PROJECTS\COMERCIAL PROJECTS\COM_PRJ45\COM_PRJ45_VER1.MAX
Thu May 26 00:29:51 Saved as file BACKUP1.MAX
Thu May 26 00:31:29 Saved as file D:\DANH\ROBOT\ORCAD PROJECTS\COMERCIAL PROJECTS\COM_PRJ45\COM_PRJ45_VER1.MAX
Thu May 26 00:31:56 Saved as file D:\DANH\ROBOT\ORCAD PROJECTS\COMERCIAL PROJECTS\COM_PRJ45\COM_PRJ45_VER1.MAX
Thu May 26 00:33:29 Saved as file D:\DANH\ROBOT\ORCAD PROJECTS\COMERCIAL PROJECTS\COM_PRJ45\COM_PRJ45_VER1.MAX
Thu May 26 00:34:47 Saved as file D:\DANH\ROBOT\ORCAD PROJECTS\COMERCIAL PROJECTS\COM_PRJ45\COM_PRJ45_VER1.MAX
Thu May 26 00:39:29 Saved as file D:\DANH\ROBOT\ORCAD PROJECTS\COMERCIAL PROJECTS\COM_PRJ45\COM_PRJ45_VER1.MAX
Thu May 26 00:39:51 Saved as file D:\DANH\ROBOT\ORCAD PROJECTS\COMERCIAL PROJECTS\COM_PRJ45\COM_PRJ45_VER1.MAX
Thu May 26 00:41:21 Saved as file D:\DANH\ROBOT\ORCAD PROJECTS\COMERCIAL PROJECTS\COM_PRJ45\COM_PRJ45_VER1.MAX
Thu May 26 00:41:21 Saved as file BACKUP1.MAX
Thu May 26 00:41:21 Saved as file D:\DANH\ROBOT\ORCAD PROJECTS\COMERCIAL PROJECTS\COM_PRJ45\COM_PRJ45_VER1.MAX
Thu May 26 00:41:21 Saved as file D:\DANH\ROBOT\ORCAD PROJECTS\COMERCIAL PROJECTS\COM_PRJ45\COM_PRJ45_VER1.MAX
Thu May 26 00:42:03 Saved as file D:\DANH\ROBOT\ORCAD PROJECTS\COMERCIAL PROJECTS\COM_PRJ45\COM_PRJ45_VER1.MAX
Thu May 26 00:52:21 Saved as file BACKUP1.MAX
Thu May 26 00:54:33 Error code 0034.912 (266)
Thu May 26 00:54:33 Saved as file Backup0.max
Thu May 26 00:54:33 Windows which were open at time of error:
Thu May 26 00:54:33 	ActiveWindow: &Design
Thu May 26 00:54:33 	Icon: &Components
Thu May 26 00:54:33 	Icon: &Nets
Thu May 26 00:54:33 	Icon: Post Proces&s
Thu May 26 00:54:33 End-of-list
Thu May 26 00:54:36 Error code 0034.912 (266)
Fri May 27 07:33:10 Saved as file D:\DANH\ROBOT\ORCAD PROJECTS\COMERCIAL PROJECTS\COM_PRJ45\COM_PRJ45.MAX
Sun May 29 22:55:10 Loaded file C:\Program Files\Orcad\Layout_Plus\data\template.imp
Sun May 29 22:55:11 Loaded file C:\Program Files\Orcad\Layout_Plus\data\template.imp
Sun May 29 22:56:10 Loaded file D:\DANH\ROBOT\ORCAD LIBS\DANHLIB.LLB
Sun May 29 22:56:14 Loaded file C:\Program Files\Orcad\Layout_Plus\data\template.imp
Sun May 29 22:58:05 Loaded file C:\Program Files\Orcad\Layout_Plus\data\template.imp
Sun May 29 23:00:13 Loaded file D:\DANH\ROBOT\ORCAD LIBS\DANHLIB.LLB
Sun May 29 23:00:13 Saved as file D:\DANH\ROBOT\ORCAD LIBS\DANHLIB.LLB
Sun May 29 23:00:21 Loaded file C:\Program Files\Orcad\Layout_Plus\data\template.imp
Sun May 29 23:00:21 Loaded file C:\Program Files\Orcad\Layout_Plus\data\template.imp
Sun May 29 23:00:27 Loaded file D:\DANH\ROBOT\ORCAD LIBS\DANHLIB.LLB
Sun May 29 23:00:32 Loaded file C:\Program Files\Orcad\Layout_Plus\data\template.imp
Sun May 29 23:01:19 Saved as file D:\DANH\ROBOT\ORCAD PROJECTS\COMERCIAL PROJECTS\COM_PRJ45\COM_PRJ45.MAX
Sun May 29 23:13:17 Saved as file BACKUP1.MAX
Sun May 29 23:16:32 Saved as file D:\DANH\ROBOT\ORCAD PROJECTS\COMERCIAL PROJECTS\COM_PRJ45\COM_PRJ45.MAX
Sun May 29 23:17:13 Saved as file D:\DANH\ROBOT\ORCAD PROJECTS\COMERCIAL PROJECTS\COM_PRJ45\COM_PRJ45.MAX
Sun May 29 23:17:30 Saved as file D:\DANH\ROBOT\ORCAD PROJECTS\COMERCIAL PROJECTS\COM_PRJ45\COM_PRJ45.MAX
Sun May 29 23:17:37 Removed unused net: NET_41
Sun May 29 23:17:37 Removed unused net: NET_40
Sun May 29 23:17:37 Removed unused net: N029791
Sun May 29 23:17:37 Removed unused net: N032251
Sun May 29 23:17:37 Removed unused net: N010731
Sun May 29 23:17:37 Removed unused net: N009331
Sun May 29 23:17:37 Removed unused net: N00543
Sun May 29 23:17:46 Saved as file D:\DANH\ROBOT\ORCAD PROJECTS\COMERCIAL PROJECTS\COM_PRJ45\COM_PRJ45.MAX
Sun May 29 23:17:46 Saved as file D:\DANH\ROBOT\ORCAD PROJECTS\COMERCIAL PROJECTS\COM_PRJ45\COM_PRJ45.MAX
Sun May 29 23:18:59 Saved as file D:\DANH\ROBOT\ORCAD PROJECTS\COMERCIAL PROJECTS\COM_PRJ45\COM_PRJ45.MAX
Thu Jul 21 06:20:25 Merge file: Starting (copy all comps)
Thu Jul 21 06:20:25 Merge file: Loading merge file D:\DANH\ROBOT\ORCAD PROJECTS\COMERCIAL PROJECTS\COM_PRJ45\COM_PRJ45.MAX
Thu Jul 21 06:20:25 Merge file: Component J1 copied and renamed to J1000
Thu Jul 21 06:20:25 Merge file: Component LB1 copied and added
Thu Jul 21 06:20:25 Merge file: Component LB2 copied and added
Thu Jul 21 06:20:25 Merge file: Component LB3 copied and added
Thu Jul 21 06:20:25 Merge file: Component LB4 copied and added
Thu Jul 21 06:20:25 Merge file: Component LB5 copied and added
Thu Jul 21 06:20:25 Merge file: Component LB6 copied and added
Thu Jul 21 06:20:25 Merge file: Component LB7 copied and added
Thu Jul 21 06:20:25 Merge file: Component LB8 copied and added
Thu Jul 21 06:20:25 Merge file: Component LG1 copied and added
Thu Jul 21 06:20:25 Merge file: Component LG2 copied and added
Thu Jul 21 06:20:25 Merge file: Component LG3 copied and added
Thu Jul 21 06:20:25 Merge file: Component LG4 copied and added
Thu Jul 21 06:20:25 Merge file: Component LG5 copied and added
Thu Jul 21 06:20:25 Merge file: Component LG6 copied and added
Thu Jul 21 06:20:25 Merge file: Component LG7 copied and added
Thu Jul 21 06:20:25 Merge file: Component LG8 copied and added
Thu Jul 21 06:20:25 Merge file: Component LR1 copied and added
Thu Jul 21 06:20:25 Merge file: Component LR2 copied and added
Thu Jul 21 06:20:25 Merge file: Component LR3 copied and added
Thu Jul 21 06:20:25 Merge file: Component LR4 copied and added
Thu Jul 21 06:20:25 Merge file: Component LR5 copied and added
Thu Jul 21 06:20:25 Merge file: Component LR6 copied and added
Thu Jul 21 06:20:25 Merge file: Component LR7 copied and added
Thu Jul 21 06:20:25 Merge file: Component LR8 copied and added
Thu Jul 21 06:20:25 Merge file: Component LR9 copied and added
Thu Jul 21 06:20:25 Merge file: Component LR10 copied and added
Thu Jul 21 06:20:25 Merge file: Component LR11 copied and added
Thu Jul 21 06:20:25 Merge file: Component LR12 copied and added
Thu Jul 21 06:20:25 Merge file: Component LR13 copied and added
Thu Jul 21 06:20:25 Merge file: Component LR14 copied and added
Thu Jul 21 06:20:25 Merge file: Component LR15 copied and added
Thu Jul 21 06:20:25 Merge file: Component LR16 copied and added
Thu Jul 21 06:20:25 Merge file: Component R1 copied and renamed to R1000
Thu Jul 21 06:20:25 Merge file: Component R2 copied and renamed to R2000
Thu Jul 21 06:20:25 Merge file: Component R3 copied and renamed to R3000
Thu Jul 21 06:20:25 Merge file: Component R4 copied and added
Thu Jul 21 06:20:25 Merge file: Component R5 copied and added
Thu Jul 21 06:20:25 Merge file: Component R6 copied and added
Thu Jul 21 06:20:25 Merge file: Component R7 copied and added
Thu Jul 21 06:20:25 Merge file: Component R8 copied and added
Thu Jul 21 06:20:25 Merge file: Component R9 copied and added
Thu Jul 21 06:20:25 Merge file: Component R10 copied and added
Thu Jul 21 06:20:25 Merge file: Component R11 copied and added
Thu Jul 21 06:20:25 Merge file: Component R12 copied and added
Thu Jul 21 06:20:25 Merge file: Component R13 copied and added
Thu Jul 21 06:20:25 Merge file: Component R14 copied and added
Thu Jul 21 06:20:25 Merge file: Component R15 copied and added
Thu Jul 21 06:20:25 Merge file: Component R16 copied and added
Thu Jul 21 06:20:25 Merge file: Component R17 copied and added
Thu Jul 21 06:20:25 Merge file: Component R18 copied and added
Thu Jul 21 06:20:25 Merge file: Component R19 copied and added
Thu Jul 21 06:20:25 Merge file: Component R20 copied and added
Thu Jul 21 06:20:25 Merge file: Component R21 copied and added
Thu Jul 21 06:20:25 Merge file: Component R22 copied and added
Thu Jul 21 06:20:25 Merge file: Component R23 copied and added
Thu Jul 21 06:20:25 Merge file: Component R24 copied and added
Thu Jul 21 06:20:25 Merge file: Component R25 copied and added
Thu Jul 21 06:20:25 Merge file: Component R26 copied and added
Thu Jul 21 06:20:25 Merge file: Component R27 copied and added
Thu Jul 21 06:20:25 Merge file: Component R28 copied and added
Thu Jul 21 06:20:25 Merge file: Component R29 copied and added
Thu Jul 21 06:20:25 Merge file: Component R30 copied and added
Thu Jul 21 06:20:25 Merge file: Component R31 copied and added
Thu Jul 21 06:20:25 Merge file: Component R32 copied and added
Thu Jul 21 06:20:25 Merge file: Component 66 copied and added
Thu Jul 21 06:20:25 Merge file: Component 67 copied and added
Thu Jul 21 06:20:25 Merge file: Component 68 copied and added
Thu Jul 21 06:20:25 Merge file: Component 69 copied and added
Thu Jul 21 06:20:25 Merge file: Component 70 copied and added
Thu Jul 21 06:20:25 Merge file: Component 71 copied and added
Thu Jul 21 06:20:25 Merge file: Component 72 copied and added
Thu Jul 21 06:20:25 Merge file: Component 73 copied and added
Thu Jul 21 06:20:25 Merge file: Component 74 copied and added
Thu Jul 21 06:20:25 Merge file: Component 75 copied and added
Thu Jul 21 06:20:25 Merge file: Component 76 copied and added
Thu Jul 21 06:20:25 Merge file: Component 77 copied and added
Thu Jul 21 06:20:25 Merge file: Component 78 copied and added
Thu Jul 21 06:20:25 Merge file: Component 79 copied and added
Thu Jul 21 06:20:25 Merge file: Component 80 copied and added
Thu Jul 21 06:20:25 Merge file: Component 81 copied and added
Thu Jul 21 06:20:25 Merge file: Component 82 copied and added
Thu Jul 21 06:20:25 Merge file: Component 83 copied and added
Thu Jul 21 06:20:25 Merge file: Component 84 copied and added
Thu Jul 21 06:20:25 Merge file: Component 85 copied and added
Thu Jul 21 06:20:25 Merge file: Component 86 copied and added
Thu Jul 21 06:20:25 Merge file: Component 87 copied and added
Thu Jul 21 06:20:25 Merge file: Component 88 copied and added
Thu Jul 21 06:20:25 Merge file: Component 89 copied and added
Thu Jul 21 06:20:25 Merge file: Component 90 copied and added
Thu Jul 21 06:20:25 Merge file: Component 91 copied and added
Thu Jul 21 06:20:25 Merge file: Component 92 copied and added
Thu Jul 21 06:20:25 Merge file: Component 93 copied and added
Thu Jul 21 06:20:25 Merge file: Component 94 copied and added
Thu Jul 21 06:20:25 Merge file: Component 95 copied and added
Thu Jul 21 06:20:25 Merge file: Component 96 copied and added
Thu Jul 21 06:20:25 Merge file: Component 97 copied and added
Thu Jul 21 06:20:25 Merge file: Component 98 copied and added
Thu Jul 21 06:20:25 Merge file: Component 99 copied and added
Thu Jul 21 06:20:25 Merge file: Component 100 copied and added
Thu Jul 21 06:20:25 Merge file: Component 101 copied and added
Thu Jul 21 06:20:25 Merge file: Component 102 copied and added
Thu Jul 21 06:20:25 Merge file: Component 103 copied and added
Thu Jul 21 06:20:25 Merge file: Component 104 copied and added
Thu Jul 21 06:20:25 Merge file: Component 105 copied and added
Thu Jul 21 06:20:25 Merge file: Component 106 copied and added
Thu Jul 21 06:20:25 Merge file: Component 107 copied and added
Thu Jul 21 06:20:25 Merge file: Component 108 copied and added
Thu Jul 21 06:20:25 Merge file: Component 109 copied and added
Thu Jul 21 06:20:25 Merge file: Component 110 copied and added
Thu Jul 21 06:20:25 Merge file: Component 111 copied and added
Thu Jul 21 06:20:25 Merge file: Component 112 copied and added
Thu Jul 21 06:20:25 Merge file: Component 113 copied and added
Thu Jul 21 06:20:25 Merge file: Component 114 copied and added
Thu Jul 21 06:20:25 Merge file: Component 115 copied and added
Thu Jul 21 06:20:25 Merge file: Component 116 copied and added
Thu Jul 21 06:20:25 Merge file: Component 117 copied and added
Thu Jul 21 06:20:25 Merge file: Component 118 copied and added
Thu Jul 21 06:20:25 Merge file: Component 119 copied and added
Thu Jul 21 06:20:25 Merge file: Component 120 copied and added
Thu Jul 21 06:20:25 Merge file: Component 121 copied and added
Thu Jul 21 06:20:25 Merge file: Component 122 copied and added
Thu Jul 21 06:20:25 Merge file: Component 123 copied and added
Thu Jul 21 06:20:25 Merge file: Component 124 copied and added
Thu Jul 21 06:20:25 Merge file: Component 125 copied and added
Thu Jul 21 06:20:25 Merge file: Component 126 copied and added
Thu Jul 21 06:20:25 Merge file: Component 127 copied and added
Thu Jul 21 06:20:25 Merge file: Component 128 copied and added
Thu Jul 21 06:20:25 Merge file: Component 129 copied and added
Thu Jul 21 06:20:25 Merge file: Component 130 copied and added
Thu Jul 21 06:20:25 Merge file: Component 131 copied and added
Thu Jul 21 06:20:25 Merge file: Component 132 copied and added
Thu Jul 21 06:20:25 Merge file: Component 133 copied and added
Thu Jul 21 06:20:25 Merge file: Component 134 copied and added
Thu Jul 21 06:20:25 Merge file: Component 135 copied and added
Thu Jul 21 06:20:25 Merge file: Component 136 copied and added
Thu Jul 21 06:20:25 Merge file: Component 137 copied and added
Thu Jul 21 06:20:25 Merge file: Component 138 copied and added
Thu Jul 21 06:20:25 Merge file: Component 139 copied and added
Thu Jul 21 06:20:25 Merge file: Component 140 copied and added
Thu Jul 21 06:20:25 Merge file: Component 141 copied and added
Thu Jul 21 06:20:25 Merge file: Component 142 copied and added
Thu Jul 21 06:20:25 Merge file: Component 143 copied and added
Thu Jul 21 06:20:25 Merge file: Component 144 copied and added
Thu Jul 21 06:20:25 Merge file: Component 145 copied and added
Thu Jul 21 06:20:25 Merge file: Component 146 copied and added
Thu Jul 21 06:20:25 Merge file: Component 147 copied and added
Thu Jul 21 06:20:25 Merge file: Component 148 copied and added
Thu Jul 21 06:20:25 Merge file: Component 149 copied and added
Thu Jul 21 06:20:25 Merge file: Component 150 copied and added
Thu Jul 21 06:20:25 Merge file: Component 151 copied and added
Thu Jul 21 06:20:25 Merge file: Net N000331 copied and added
Thu Jul 21 06:20:25 Merge file: Net N001651 copied and added
Thu Jul 21 06:20:25 Merge file: Net N002011 copied and added
Thu Jul 21 06:20:25 Merge file: Net N002371 copied and added
Thu Jul 21 06:20:25 Merge file: Net N00739 copied and added
Thu Jul 21 06:20:25 Merge file: Net N00594 copied and added
Thu Jul 21 06:20:25 Merge file: Net N009831 copied and added
Thu Jul 21 06:20:25 Merge file: Net N009591 copied and added
Thu Jul 21 06:20:25 Merge file: Net N016961 copied and added
Thu Jul 21 06:20:25 Merge file: Net N015481 copied and added
Thu Jul 21 06:20:25 Merge file: Net N016721 copied and added
Thu Jul 21 06:20:25 Merge file: Net N015221 copied and added
Thu Jul 21 06:20:25 Merge file: Net N017621 copied and added
Thu Jul 21 06:20:25 Merge file: Net N015981 copied and added
Thu Jul 21 06:20:25 Merge file: Net N015741 copied and added
Thu Jul 21 06:20:25 Merge file: Net N017861 copied and added
Thu Jul 21 06:20:25 Merge file: Net N029551 copied and added
Thu Jul 21 06:20:25 Merge file: Net N035051 copied and added
Thu Jul 21 06:20:25 Merge file: Net N030551 copied and added
Thu Jul 21 06:20:25 Merge file: Net N029271 copied and added
Thu Jul 21 06:20:25 Merge file: Net N030791 copied and added
Thu Jul 21 06:20:25 Merge file: Net N033331 copied and added
Thu Jul 21 06:20:25 Merge file: Net N034811 copied and added
Thu Jul 21 06:20:25 Merge file: Net N031271 copied and added
Thu Jul 21 06:20:25 Merge file: Net N028991 copied and added
Thu Jul 21 06:20:25 Merge file: Net N030051 copied and added
Thu Jul 21 06:20:25 Merge file: Net N031031 copied and added
Thu Jul 21 06:20:25 Merge file: Net N033591 copied and added
Thu Jul 21 06:20:25 Merge file: Net N030291 copied and added
Thu Jul 21 06:20:25 Merge file: Net N032551 copied and added
Thu Jul 21 06:20:25 Merge file: Net NET_37 copied and added
Thu Jul 21 06:20:25 Merge file: Net NET_38 copied and added
Thu Jul 21 06:20:25 Merge file: Net NET_39 copied and added
Thu Jul 21 06:20:25 Merge file: Net NET_42 copied and added
Thu Jul 21 06:20:25 Merge file: Net NET_43 copied and added
Thu Jul 21 06:20:25 Merge file: Net NET_44 copied and added
Thu Jul 21 06:20:25 Loaded file D:\DANH\ROBOT\ORCAD PROJECTS\COMERCIAL PROJECTS\COM_PRJ45\COM_PRJ45.MAX
Thu Jul 21 06:20:25 Merge file: Complete
Wed Jul 27 01:11:49 Loaded file D:\DANH\ROBOT\ORCAD PROJECTS\COMERCIAL PROJECTS\COM_PRJ45\COM_PRJ45.MAX
Wed Jul 27 01:11:55 Loaded file D:\DANH\ROBOT\ORCAD PROJECTS\COMERCIAL PROJECTS\COM_PRJ45\COM_PRJ45_VER1.MAX
Tue Aug 02 02:43:31 Loaded file C:\Program Files\Orcad\Layout_Plus\data\template.imp
Tue Aug 02 02:43:31 Loaded file C:\Program Files\Orcad\Layout_Plus\data\template.imp
Tue Aug 02 02:43:34 Loaded file D:\DANH\ROBOT\ORCAD LIBS\DANHLIB.LLB
Tue Aug 02 02:43:39 Loaded file C:\Program Files\Orcad\Layout_Plus\data\template.imp
Tue Aug 02 02:43:42 Loaded file C:\Program Files\Orcad\Layout_Plus\data\template.imp
Tue Aug 02 02:43:43 Loaded file C:\Program Files\Orcad\Layout_Plus\data\template.imp
Tue Aug 02 02:43:46 Loaded file C:\Program Files\Orcad\Layout_Plus\data\template.imp
Tue Aug 02 02:43:48 Loaded file C:\Program Files\Orcad\Layout_Plus\data\template.imp
Tue Aug 02 02:43:50 Loaded file C:\Program Files\Orcad\Layout_Plus\data\template.imp
Tue Aug 02 02:44:16 Loaded file C:\Program Files\Orcad\Layout_Plus\data\template.imp
Tue Aug 02 02:44:47 Loaded file D:\DANH\ROBOT\ORCAD LIBS\DANHLIB.LLB
Tue Aug 02 02:44:47 Saved as file D:\DANH\ROBOT\ORCAD LIBS\DANHLIB.LLB
Tue Aug 02 02:45:43 Loaded file D:\DANH\ROBOT\ORCAD LIBS\ORCAD LAYOUT\T2L LAYOUT.LLB
Tue Aug 02 02:45:44 Loaded file D:\DANH\ROBOT\ORCAD LIBS\DANHLIB.LLB
Tue Aug 02 02:45:49 Loaded file D:\DANH\ROBOT\ORCAD LIBS\DANHLIB.LLB
Tue Aug 02 02:45:49 Saved as file D:\DANH\ROBOT\ORCAD LIBS\DANHLIB.LLB
Tue Aug 02 02:45:49 Loaded file C:\Program Files\Orcad\Layout_Plus\data\template.imp
Tue Aug 02 02:48:58 Loaded file D:\DANH\ROBOT\ORCAD LIBS\DANHLIB.LLB
Tue Aug 02 02:48:58 Saved as file D:\DANH\ROBOT\ORCAD LIBS\DANHLIB.LLB
Tue Aug 02 02:49:00 Loaded file C:\Program Files\Orcad\Layout_Plus\data\template.imp
Tue Aug 02 02:49:01 Loaded file C:\Program Files\Orcad\Layout_Plus\data\template.imp
Tue Aug 02 02:58:12 Loaded file D:\DANH\ROBOT\ORCAD LIBS\DANHLIB.LLB
Tue Aug 02 02:58:12 Saved as file D:\DANH\ROBOT\ORCAD LIBS\DANHLIB.LLB
Tue Aug 02 02:58:13 Loaded file C:\Program Files\Orcad\Layout_Plus\data\template.imp
Tue Aug 02 02:58:47 Loaded file C:\Program Files\Orcad\Layout_Plus\data\template.imp
Tue Aug 02 02:59:49 Loaded file D:\DANH\ROBOT\ORCAD LIBS\DANHLIB.LLB
Tue Aug 02 02:59:49 Saved as file D:\DANH\ROBOT\ORCAD LIBS\DANHLIB.LLB
Tue Aug 02 03:19:57 Loaded file D:\DANH\ROBOT\ORCAD LIBS\DANHLIB.LLB
Tue Aug 02 03:19:57 Saved as file D:\DANH\ROBOT\ORCAD LIBS\DANHLIB.LLB
Tue Aug 02 03:21:53 Loaded file D:\DANH\ROBOT\ORCAD LIBS\DANHLIB.LLB
Tue Aug 02 03:21:53 Saved as file D:\DANH\ROBOT\ORCAD LIBS\DANHLIB.LLB
Tue Aug 02 03:23:18 Loaded file D:\DANH\ROBOT\ORCAD LIBS\DANHLIB.LLB
Tue Aug 02 03:23:18 Saved as file D:\DANH\ROBOT\ORCAD LIBS\DANHLIB.LLB
Tue Aug 02 03:25:20 Loaded file D:\DANH\ROBOT\ORCAD LIBS\DANHLIB.LLB
Tue Aug 02 03:25:20 Saved as file D:\DANH\ROBOT\ORCAD LIBS\DANHLIB.LLB
Tue Aug 02 03:25:38 Loaded file C:\Program Files\Orcad\Layout_Plus\data\template.imp
Tue Aug 02 03:25:38 Loaded file C:\Program Files\Orcad\Layout_Plus\data\template.imp
Tue Aug 02 03:25:41 Loaded file D:\DANH\ROBOT\ORCAD LIBS\DANHLIB.LLB
Tue Aug 02 03:25:44 Loaded file C:\Program Files\Orcad\Layout_Plus\data\template.imp
Tue Aug 02 03:25:50 Error code 5226.020 (0)
Tue Aug 02 03:25:50 Windows which were open at time of error:
Tue Aug 02 03:25:50 	ActiveWindow: &Route
Tue Aug 02 03:25:50 	Icon: &Components
Tue Aug 02 03:25:50 	Icon: &Nets
Tue Aug 02 03:25:50 	Icon: Post Proces&s
Tue Aug 02 03:25:50 End-of-list
Tue Aug 02 03:25:50 Loaded file D:\DANH\ROBOT\ORCAD PROJECTS\COMERCIAL PROJECTS\COM_PRJ45\COM_PRJ45_VER1.MAX
Tue Aug 02 03:26:10 Loaded file C:\PROGRAM FILES\ORCAD\LAYOUT_PLUS\data\template.imp
Tue Aug 02 03:26:10 Loaded file C:\PROGRAM FILES\ORCAD\LAYOUT_PLUS\data\template.imp
Tue Aug 02 03:26:21 Loaded file C:\PROGRAM FILES\ORCAD\LAYOUT_PLUS\data\template.imp
Tue Aug 02 03:26:21 Loaded file C:\PROGRAM FILES\ORCAD\LAYOUT_PLUS\data\template.imp
Tue Aug 02 03:26:23 Loaded file D:\DANH\ROBOT\ORCAD LIBS\DANHLIB.LLB
Tue Aug 02 03:26:26 Loaded file C:\PROGRAM FILES\ORCAD\LAYOUT_PLUS\data\template.imp
Tue Aug 02 03:36:50 Saved as file BACKUP1.MAX
Tue Aug 02 03:47:50 Saved as file BACKUP1.MAX
Tue Aug 02 03:48:49 Loaded file C:\PROGRAM FILES\ORCAD\LAYOUT_PLUS\data\template.imp
Tue Aug 02 03:48:49 Loaded file C:\PROGRAM FILES\ORCAD\LAYOUT_PLUS\data\template.imp
Tue Aug 02 03:48:52 Loaded file D:\DANH\ROBOT\ORCAD LIBS\DANHLIB.LLB
Tue Aug 02 03:48:55 Loaded file C:\PROGRAM FILES\ORCAD\LAYOUT_PLUS\data\template.imp
Tue Aug 02 07:47:05 Loaded file C:\Program Files\Orcad\Layout_Plus\data\template.imp
Tue Aug 02 07:47:05 Loaded file C:\Program Files\Orcad\Layout_Plus\data\template.imp
Tue Aug 02 07:47:09 Loaded file D:\DANH\ROBOT\ORCAD LIBS\DANHLIB.LLB
Tue Aug 02 07:47:19 Loaded file C:\Program Files\Orcad\Layout_Plus\data\template.imp
Tue Aug 02 07:47:21 Loaded file C:\Program Files\Orcad\Layout_Plus\data\template.imp
Tue Aug 02 07:47:29 Loaded file C:\Program Files\Orcad\Layout_Plus\data\template.imp
Tue Aug 02 07:47:46 Loaded file D:\DANH\ROBOT\ORCAD LIBS\DANHLIB.LLB
Tue Aug 02 07:47:47 Saved as file D:\DANH\ROBOT\ORCAD LIBS\DANHLIB.LLB
Tue Aug 02 07:48:20 Loaded file C:\Program Files\Orcad\Layout_Plus\data\template.imp
Tue Aug 02 07:49:13 Loaded file D:\DANH\ROBOT\ORCAD LIBS\ORCAD LAYOUT\T2L LAYOUT.LLB
Tue Aug 02 07:49:14 Loaded file D:\DANH\ROBOT\ORCAD LIBS\DANHLIB.LLB
Tue Aug 02 07:49:24 Loaded file C:\Program Files\Orcad\Layout_Plus\data\template.imp
Tue Aug 02 07:53:55 Loaded file D:\DANH\ROBOT\ORCAD LIBS\DANHLIB.LLB
Tue Aug 02 07:53:55 Saved as file D:\DANH\ROBOT\ORCAD LIBS\DANHLIB.LLB
Tue Aug 02 07:53:57 Loaded file C:\Program Files\Orcad\Layout_Plus\data\template.imp
Tue Aug 02 07:54:05 Loaded file C:\Program Files\Orcad\Layout_Plus\data\template.imp
Tue Aug 02 07:54:10 Loaded file C:\Program Files\Orcad\Layout_Plus\data\template.imp
Tue Aug 02 07:54:33 Loaded file C:\Program Files\Orcad\Layout_Plus\data\template.imp
Tue Aug 02 07:56:08 Loaded file D:\DANH\ROBOT\ORCAD LIBS\DANHLIB.LLB
Tue Aug 02 07:56:08 Saved as file D:\DANH\ROBOT\ORCAD LIBS\DANHLIB.LLB
Tue Aug 02 07:57:14 Saved as file BACKUP1.MAX
Tue Aug 02 07:58:05 Loaded file C:\Program Files\Orcad\Layout_Plus\data\template.imp
Tue Aug 02 07:58:05 Loaded file C:\Program Files\Orcad\Layout_Plus\data\template.imp
Tue Aug 02 07:58:07 Loaded file D:\DANH\ROBOT\ORCAD LIBS\DANHLIB.LLB
Tue Aug 02 07:58:10 Loaded file C:\Program Files\Orcad\Layout_Plus\data\template.imp
Tue Aug 02 08:03:44 Saved as file D:\DANH\ROBOT\ORCAD PROJECTS\COMERCIAL PROJECTS\COM_PRJ45\COM_PRJ45_VER1.MAX
Tue Aug 02 08:07:44 Saved as file BACKUP1.MAX
Thu Sep 01 08:51:14 Loaded file D:\DANH\ORCAD PROJECTS\COMERCIAL PROJECTS\COM_PRJ45\COM_PRJ45.MAX
Thu Sep 01 08:55:54 Saved as file BACKUP1.MAX
Thu Sep 01 08:57:08 Saved as file D:\DANH\ORCAD PROJECTS\COMERCIAL PROJECTS\COM_PRJ45\COM_PRJ45.MAX
Thu Sep 01 08:57:09 Saved as file D:\DANH\ORCAD PROJECTS\COMERCIAL PROJECTS\COM_PRJ45\COM_PRJ45.MAX
Thu Sep 01 08:59:38 Saved as file D:\DANH\ORCADP~1\COMERC~1\COF0C4~1\COM_PR~3.MAX
Thu Sep 01 09:00:24 Saved as file D:\DANH\ORCADP~1\COMERC~1\COF0C4~1\COM_PR~3.MAX
Thu Sep 01 09:07:02 Saved as file D:\DANH\ORCADP~1\COMERC~1\COF0C4~1\COM_PR~3.MAX
Thu Sep 01 09:13:14 Saved as file BACKUP1.MAX
Thu Sep 01 09:17:05 Error code 0034.912 (266)
Thu Sep 01 09:17:05 Saved as file Backup0.max
Thu Sep 01 09:17:05 Windows which were open at time of error:
Thu Sep 01 09:17:05 	ActiveWindow: &Route
Thu Sep 01 09:17:05 	Icon: &Components
Thu Sep 01 09:17:05 	Icon: &Nets
Thu Sep 01 09:17:05 	Icon: Post Proces&s
Thu Sep 01 09:17:05 End-of-list
Thu Sep 01 09:17:07 Error code 0034.912 (266)
Thu Sep 01 09:29:24 Saved as file D:\DANH\ORCADP~1\COMERC~1\COF0C4~1\COM_PR~3.MAX
Thu Sep 01 09:30:44 Saved as file D:\DANH\ORCADP~1\COMERC~1\COF0C4~1\COM_PR~3.MAX
Thu Sep 01 09:37:40 Saved as file BACKUP1.MAX
Thu Sep 01 09:39:43 Saved as file D:\DANH\ORCADP~1\COMERC~1\COF0C4~1\COM_PR~3.MAX
Thu Sep 01 09:40:01 Saved as file D:\DANH\ORCADP~1\COMERC~1\COF0C4~1\COM_PR~3.MAX
Thu Sep 01 09:40:54 Saved as file D:\DANH\ORCAD PROJECTS\COMERCIAL PROJECTS\COM_PRJ45\COM_PRJ45_COUPLE.MAX
Sun Oct 02 10:32:59 Loaded file D:\DANH\ORCAD PROJECTS\COMERCIAL PROJECTS\COM_PRJ45\COM_PRJ45_VER1.MAX
Sun Oct 02 10:33:11 Loaded file D:\DANH\ORCAD PROJECTS\COMERCIAL PROJECTS\COM_PRJ45\COM_PRJ45.MAX
Wed Nov 02 07:36:02 Loaded file D:\DANH\ORCAD PROJECTS\COMERCIAL PROJECTS\COM_PRJ45\COM_PRJ45.MAX
Wed Nov 02 08:19:18 Loaded file D:\DANH\ORCAD PROJECTS\COMERCIAL PROJECTS\COM_PRJ45\COM_PRJ45.MAX
