AutoECO Report
FILE-A: D:\DANH\ROBOT\ORCAD PROJECTS\COMERCIAL PROJECTS\COM_PRJ33\COM_PRJ33.MAX
FILE-B: D:\DANH\ROBOT\ORCAD PROJECTS\COMERCIAL PROJECTS\COM_PRJ33\COM_PRJ33.MNL
If "*EOF*" immediately follows, no changes were made
Adding package CON3
Adding package CON2
Adding package R
Adding package CON4
Adding package BC547
Adding package E:\DANH\ROBOT\ORCAD LIBS\CAPTURE\[MEGASHARE.VNN.VN]LIBRARY%20ORCAD\LIBRARY ORCAD\LIBRARYCAPTURE\CONNECTOR.OLB/CON2
Adding component J3
Found library footprint with same name as part CON3
Adding component J2
Found library footprint with same name as part CON2
Adding component RB
Found library footprint with same name as part R
Adding component J5
Found footprint J4 from PRT file for part CON4, comp J5
Adding component QG
Found library footprint with same name as part BC547
Adding component QB
Adding component RR
Adding component J1
Adding component QR
Adding component RG
Adding component J4
Adding net N10349
Adding net N020102
Adding net N004632
Adding net N020382
Adding net N10717
Adding net N11882
Adding net N02660
Adding net N11982
Adding net N12340
Adding net N12381
Adding net N12429
Deleting net DEFAULT
*EOF*
No errors found
