Mon Apr 04 03:04:13 Saved as file D:\DANH\ROBOT\ORCAD PROJECTS\COMERCIAL PROJECTS\COM_PRJ37\COM_PRJ37.MAX
Mon Apr 04 03:04:13 Saved as file BACKUP1.MAX
Mon Apr 04 03:04:13 Saved as file D:\DANH\ROBOT\ORCAD PROJECTS\COMERCIAL PROJECTS\COM_PRJ37\COM_PRJ37.MAX
Mon Apr 04 03:04:13 UserDiv from Layout.INI for AutoECO: 60
Mon Apr 04 03:04:13 Loaded file D:\DANH\ROBOT\ORCAD PROJECTS\COMERCIAL PROJECTS\COM_PRJ37\COM_PRJ37.MAX
Mon Apr 04 03:04:13 Loaded file D:\DANH\ROBOT\ORCAD LIBS\THUVIENORCAD\THUVIENORCAD\THUVIEN1\TIEN.LLB
Mon Apr 04 03:04:13 Loaded file D:\DANH\ROBOT\ORCAD LIBS\THUVIENORCAD\THUVIENORCAD\THUVIEN\LAYOUTMT.LLB
Mon Apr 04 03:04:13 Loaded file D:\DANH\ROBOT\ORCAD LIBS\THUVIENORCAD\THUVIENORCAD\LIBRARY ORCAD\THU VIEN ORCAD FULL\THU VIEN LAYOUT BETA 3.LLB
Mon Apr 04 03:04:13 Loaded file D:\DANH\ROBOT\ORCAD LIBS\THUVIENORCAD\THUVIENORCAD\LIBRARY ORCAD\THU VIEN ORCAD FULL\THU VIEN.LLB
Mon Apr 04 03:04:13 Loaded file D:\DANH\ROBOT\ORCAD LIBS\THUVIENORCAD\THUVIENORCAD\LIBRARY\BCON100T.LLB
Mon Apr 04 03:04:13 Loaded file D:\DANH\ROBOT\ORCAD LIBS\THUVIENORCAD\THUVIENORCAD\LIBRARY\BCON156T.LLB
Mon Apr 04 03:04:13 Loaded file D:\DANH\ROBOT\ORCAD LIBS\THUVIENORCAD\THUVIENORCAD\LIBRARY\BGA.LLB
Mon Apr 04 03:04:13 Loaded file D:\DANH\ROBOT\ORCAD LIBS\THUVIENORCAD\THUVIENORCAD\LIBRARY\CLCC.LLB
Mon Apr 04 03:04:13 Loaded file D:\DANH\ROBOT\ORCAD LIBS\THUVIENORCAD\THUVIENORCAD\LIBRARY\DCON050T.LLB
Mon Apr 04 03:04:13 Loaded file D:\DANH\ROBOT\ORCAD LIBS\THUVIENORCAD\THUVIENORCAD\LIBRARY\DCON085T.LLB
Mon Apr 04 03:04:13 Loaded file D:\DANH\ROBOT\ORCAD LIBS\THUVIENORCAD\THUVIENORCAD\LIBRARY\DIMM050F.LLB
Mon Apr 04 03:04:13 Loaded file D:\DANH\ROBOT\ORCAD LIBS\THUVIENORCAD\THUVIENORCAD\LIBRARY\DIMM050T.LLB
Mon Apr 04 03:04:13 Loaded file D:\DANH\ROBOT\ORCAD LIBS\THUVIENORCAD\THUVIENORCAD\LIBRARY\DIN.LLB
Mon Apr 04 03:04:13 Loaded file D:\DANH\ROBOT\ORCAD LIBS\THUVIENORCAD\THUVIENORCAD\LIBRARY\DIP100B.LLB
Mon Apr 04 03:04:13 Loaded file D:\DANH\ROBOT\ORCAD LIBS\THUVIENORCAD\THUVIENORCAD\LIBRARY\DIP100T.LLB
Mon Apr 04 03:04:13 Loaded file D:\DANH\ROBOT\ORCAD LIBS\THUVIENORCAD\THUVIENORCAD\LIBRARY\DSUBT.LLB
Mon Apr 04 03:04:13 Loaded file D:\DANH\ROBOT\ORCAD LIBS\THUVIENORCAD\THUVIENORCAD\LIBRARY\DSUBT_HD.LLB
Mon Apr 04 03:04:13 Loaded file D:\DANH\ROBOT\ORCAD LIBS\THUVIENORCAD\THUVIENORCAD\LIBRARY\ECON100T.LLB
Mon Apr 04 03:04:13 Loaded file D:\DANH\ROBOT\ORCAD LIBS\THUVIENORCAD\THUVIENORCAD\LIBRARY\EMPTY.LLB
Mon Apr 04 03:04:13 Loaded file D:\DANH\ROBOT\ORCAD LIBS\THUVIENORCAD\THUVIENORCAD\LIBRARY\EX_GUI.LLB
Mon Apr 04 03:04:13 Loaded file D:\DANH\ROBOT\ORCAD LIBS\THUVIENORCAD\THUVIENORCAD\LIBRARY\FBUS.LLB
Mon Apr 04 03:04:13 Loaded file D:\DANH\ROBOT\ORCAD LIBS\THUVIENORCAD\THUVIENORCAD\LIBRARY\ISA.LLB
Mon Apr 04 03:04:13 Loaded file D:\DANH\ROBOT\ORCAD LIBS\THUVIENORCAD\THUVIENORCAD\LIBRARY\JUMPER.LLB
Mon Apr 04 03:04:13 Loaded file D:\DANH\ROBOT\ORCAD LIBS\THUVIENORCAD\THUVIENORCAD\LIBRARY\LAYOUT.LLB
Mon Apr 04 03:04:13 Loaded file D:\DANH\ROBOT\ORCAD LIBS\THUVIENORCAD\THUVIENORCAD\LIBRARY\LCON100T.LLB
Mon Apr 04 03:04:13 Loaded file D:\DANH\ROBOT\ORCAD LIBS\THUVIENORCAD\THUVIENORCAD\LIBRARY\LINH KIEN.LLB
Mon Apr 04 03:04:13 Loaded file D:\DANH\ROBOT\ORCAD LIBS\THUVIENORCAD\THUVIENORCAD\LIBRARY\METRIC.LLB
Mon Apr 04 03:04:13 Loaded file D:\DANH\ROBOT\ORCAD LIBS\THUVIENORCAD\THUVIENORCAD\LIBRARY\PADSTACK.LLB
Mon Apr 04 03:04:13 Loaded file D:\DANH\ROBOT\ORCAD LIBS\THUVIENORCAD\THUVIENORCAD\LIBRARY\PC104.LLB
Mon Apr 04 03:04:13 Loaded file D:\DANH\ROBOT\ORCAD LIBS\THUVIENORCAD\THUVIENORCAD\LIBRARY\PCI.LLB
Mon Apr 04 03:04:13 Loaded file D:\DANH\ROBOT\ORCAD LIBS\THUVIENORCAD\THUVIENORCAD\LIBRARY\PCON100T.LLB
Mon Apr 04 03:04:13 Loaded file D:\DANH\ROBOT\ORCAD LIBS\THUVIENORCAD\THUVIENORCAD\LIBRARY\PCON156T.LLB
Mon Apr 04 03:04:13 Loaded file D:\DANH\ROBOT\ORCAD LIBS\THUVIENORCAD\THUVIENORCAD\LIBRARY\PGA.LLB
Mon Apr 04 03:04:13 Loaded file D:\DANH\ROBOT\ORCAD LIBS\THUVIENORCAD\THUVIENORCAD\LIBRARY\PLCC.LLB
Mon Apr 04 03:04:13 Loaded file D:\DANH\ROBOT\ORCAD LIBS\THUVIENORCAD\THUVIENORCAD\LIBRARY\QUAD.LLB
Mon Apr 04 03:04:14 Loaded file D:\DANH\ROBOT\ORCAD LIBS\THUVIENORCAD\THUVIENORCAD\LIBRARY\QUADB.LLB
Mon Apr 04 03:04:14 Loaded file D:\DANH\ROBOT\ORCAD LIBS\THUVIENORCAD\THUVIENORCAD\LIBRARY\RELAY.LLB
Mon Apr 04 03:04:14 Loaded file D:\DANH\ROBOT\ORCAD LIBS\THUVIENORCAD\THUVIENORCAD\LIBRARY\RF.LLB
Mon Apr 04 03:04:14 Loaded file D:\DANH\ROBOT\ORCAD LIBS\THUVIENORCAD\THUVIENORCAD\LIBRARY\SBUS.LLB
Mon Apr 04 03:04:14 Loaded file D:\DANH\ROBOT\ORCAD LIBS\THUVIENORCAD\THUVIENORCAD\LIBRARY\SIMM050F.LLB
Mon Apr 04 03:04:14 Loaded file D:\DANH\ROBOT\ORCAD LIBS\THUVIENORCAD\THUVIENORCAD\LIBRARY\SIMM050T.LLB
Mon Apr 04 03:04:14 Loaded file D:\DANH\ROBOT\ORCAD LIBS\THUVIENORCAD\THUVIENORCAD\LIBRARY\SIMM100F.LLB
Mon Apr 04 03:04:14 Loaded file D:\DANH\ROBOT\ORCAD LIBS\THUVIENORCAD\THUVIENORCAD\LIBRARY\SIMM100T.LLB
Mon Apr 04 03:04:14 Loaded file D:\DANH\ROBOT\ORCAD LIBS\THUVIENORCAD\THUVIENORCAD\LIBRARY\SIP.LLB
Mon Apr 04 03:04:14 Loaded file D:\DANH\ROBOT\ORCAD LIBS\THUVIENORCAD\THUVIENORCAD\LIBRARY\SM.LLB
Mon Apr 04 03:04:14 Loaded file D:\DANH\ROBOT\ORCAD LIBS\THUVIENORCAD\THUVIENORCAD\LIBRARY\SOG.LLB
Mon Apr 04 03:04:14 Loaded file D:\DANH\ROBOT\ORCAD LIBS\THUVIENORCAD\THUVIENORCAD\LIBRARY\SOJ.LLB
Mon Apr 04 03:04:14 Loaded file D:\DANH\ROBOT\ORCAD LIBS\THUVIENORCAD\THUVIENORCAD\LIBRARY\STIFF.LLB
Mon Apr 04 03:04:14 Loaded file D:\DANH\ROBOT\ORCAD LIBS\THUVIENORCAD\THUVIENORCAD\LIBRARY\TELE.LLB
Mon Apr 04 03:04:14 Loaded file D:\DANH\ROBOT\ORCAD LIBS\THUVIENORCAD\THUVIENORCAD\LIBRARY\TM_AXIAL.LLB
Mon Apr 04 03:04:14 Loaded file D:\DANH\ROBOT\ORCAD LIBS\THUVIENORCAD\THUVIENORCAD\LIBRARY\TM_CAP_P.LLB
Mon Apr 04 03:04:14 Loaded file D:\DANH\ROBOT\ORCAD LIBS\THUVIENORCAD\THUVIENORCAD\LIBRARY\TM_CYLND.LLB
Mon Apr 04 03:04:14 Loaded file D:\DANH\ROBOT\ORCAD LIBS\THUVIENORCAD\THUVIENORCAD\LIBRARY\TM_DIODE.LLB
Mon Apr 04 03:04:14 Loaded file D:\DANH\ROBOT\ORCAD LIBS\THUVIENORCAD\THUVIENORCAD\LIBRARY\TM_DISC.LLB
Mon Apr 04 03:04:14 Loaded file D:\DANH\ROBOT\ORCAD LIBS\THUVIENORCAD\THUVIENORCAD\LIBRARY\TM_RAD.LLB
Mon Apr 04 03:04:14 Loaded file D:\DANH\ROBOT\ORCAD LIBS\THUVIENORCAD\THUVIENORCAD\LIBRARY\TO.LLB
Mon Apr 04 03:04:14 Loaded file D:\DANH\ROBOT\ORCAD LIBS\THUVIENORCAD\THUVIENORCAD\LIBRARY\TRAINING.LLB
Mon Apr 04 03:04:14 Loaded file D:\DANH\ROBOT\ORCAD LIBS\THUVIENORCAD\THUVIENORCAD\LIBRARY\VRES.LLB
Mon Apr 04 03:04:14 Loaded file D:\DANH\ROBOT\ORCAD LIBS\THUVIENORCAD\THUVIENORCAD\LIBRARY\WCON100T.LLB
Mon Apr 04 03:04:14 Loaded file D:\DANH\ROBOT\ORCAD LIBS\THUVIENORCAD\THUVIENORCAD\LIBRARY\XT.LLB
Mon Apr 04 03:04:14 Loaded file D:\DANH\ROBOT\ORCAD LIBS\THUVIENORCAD\THUVIENORCAD\LIBRARY\ZIGZAG.LLB
Mon Apr 04 03:04:14 Loaded file D:\DANH\ROBOT\ORCAD LIBS\THUVIENORCAD\THUVIENORCAD\HOA DOAN\HOADOAN.LLB
Mon Apr 04 03:04:14 Loaded file D:\DANH\ROBOT\ORCAD LIBS\THUVIENORCAD\THUVIENORCAD\THU VIEN\THU VIEN.LLB
Mon Apr 04 03:04:14 Loaded file D:\DANH\ROBOT\ORCAD LIBS\THU VIEN\THU VIEN.LLB
Mon Apr 04 03:04:14 Loaded file D:\DANH\ROBOT\ORCAD LIBS\ORCAD LAYOUT\T2L LAYOUT.LLB
Mon Apr 04 03:04:14 Loaded file D:\DANH\ROBOT\ORCAD LIBS\DANHLIB.LLB
Mon Apr 04 03:04:14 Loaded file D:\DANH\ROBOT\ORCAD LIBS\THUVIENORCAD\THUVIENORCAD\HOA DOAN\HOADOAN.LLB
Mon Apr 04 03:04:14 Loaded file D:\DANH\ROBOT\ORCAD LIBS\THUVIENORCAD\THUVIENORCAD\LIBRARY ORCAD\THU VIEN ORCAD FULL\THU VIEN.LLB
Mon Apr 04 03:04:14 Loaded file D:\DANH\ROBOT\ORCAD LIBS\DANHLIB.LLB
Mon Apr 04 03:04:14 Loaded file D:\DANH\ROBOT\ORCAD LIBS\THU VIEN\THU VIEN.LLB
Mon Apr 04 03:04:14 Loaded file D:\DANH\ROBOT\ORCAD LIBS\THU VIEN\THU VIEN.LLB
Mon Apr 04 03:04:14 Saved as file D:\DANH\ROBOT\ORCAD PROJECTS\COMERCIAL PROJECTS\COM_PRJ37\COM_PRJ37.MAX
Mon Apr 04 03:04:14 Loaded file D:\DANH\ROBOT\ORCAD PROJECTS\COMERCIAL PROJECTS\COM_PRJ37\COM_PRJ37.MAX
Mon Apr 04 03:04:46 Loaded file C:\Program Files\Orcad\Layout_Plus\data\template.imp
Mon Apr 04 03:04:46 Loaded file C:\Program Files\Orcad\Layout_Plus\data\template.imp
Mon Apr 04 03:04:47 Loaded file C:\Program Files\Orcad\Layout_Plus\data\template.imp
Mon Apr 04 03:04:47 Loaded file C:\Program Files\Orcad\Layout_Plus\data\template.imp
Mon Apr 04 03:04:59 Loaded file D:\DANH\ROBOT\ORCAD LIBS\DANHLIB.LLB
Mon Apr 04 03:05:01 Loaded file C:\Program Files\Orcad\Layout_Plus\data\template.imp
Mon Apr 04 03:07:12 Saved as file D:\DANH\ROBOT\ORCAD PROJECTS\COMERCIAL PROJECTS\COM_PRJ37\COM_PRJ37.MAX
Mon Apr 04 03:38:20 Saved as file BACKUP1.MAX
Mon Apr 04 03:46:10 Saved as file BACKUP1.MAX
Mon Apr 04 03:46:10 No new connections routed.
Mon Apr 04 03:46:10 Total is now 0 out of 19 (0%).
Mon Apr 04 03:46:10 Saved as file SWEEP1.MAX
Mon Apr 04 03:46:11 Saved as file BACKUP1.MAX
Mon Apr 04 03:46:11 Routed 19 connections in 0 seconds.
Mon Apr 04 03:46:11 Total is now 19 out of 19 (100%).
Mon Apr 04 03:46:11 Saved as file SWEEP2.MAX
Mon Apr 04 03:46:11 No new connections routed.
Mon Apr 04 03:46:11 Total is now 19 out of 19 (100%).
Mon Apr 04 03:46:11 Saved as file SWEEP3.MAX
Mon Apr 04 03:46:11 No new connections routed.
Mon Apr 04 03:46:11 Total is now 19 out of 19 (100%).
Mon Apr 04 03:46:11 Saved as file SWEEP4.MAX
Mon Apr 04 03:46:11 No new connections routed.
Mon Apr 04 03:46:11 Total is now 19 out of 19 (100%).
Mon Apr 04 03:46:11 Saved as file SWEEP5.MAX
Mon Apr 04 03:48:50 Saved as file BACKUP1.MAX
Mon Apr 04 03:49:09 Saved as file BACKUP1.MAX
Mon Apr 04 03:49:09 No new connections routed.
Mon Apr 04 03:49:09 Total is now 0 out of 19 (0%).
Mon Apr 04 03:49:09 Saved as file SWEEP1.MAX
Mon Apr 04 03:49:10 Saved as file BACKUP1.MAX
Mon Apr 04 03:49:10 Routed 18 connections in 0 seconds.
Mon Apr 04 03:49:10 Total is now 18 out of 19 (94%).
Mon Apr 04 03:49:10 Saved as file SWEEP2.MAX
Mon Apr 04 03:49:10 Routed 1 connections in 0 seconds.
Mon Apr 04 03:49:10 Total is now 19 out of 19 (100%).
Mon Apr 04 03:49:10 Saved as file SWEEP3.MAX
Mon Apr 04 03:49:10 No new connections routed.
Mon Apr 04 03:49:10 Total is now 19 out of 19 (100%).
Mon Apr 04 03:49:10 Saved as file SWEEP4.MAX
Mon Apr 04 03:49:10 No new connections routed.
Mon Apr 04 03:49:10 Total is now 19 out of 19 (100%).
Mon Apr 04 03:49:10 Saved as file SWEEP5.MAX
Mon Apr 04 03:55:47 Saved as file D:\DANH\ROBOT\ORCAD PROJECTS\COMERCIAL PROJECTS\COM_PRJ37\COM_PRJ37.MAX
Mon Apr 04 03:57:20 Removed unused net: NET_12
Mon Apr 04 03:57:22 Removed unused footprint: CON5
Mon Apr 04 03:57:22 Removed unused footprint: DEFAULT
Mon Apr 04 03:57:24 Removed unused padstack: T1_3_5_1_2_1_1_1
Mon Apr 04 03:57:24 Removed unused padstack: T6_1_4_1_3_1_1_1_1
Mon Apr 04 03:57:24 Removed unused padstack: T7
Mon Apr 04 03:57:24 Removed unused padstack: T2
Mon Apr 04 03:57:24 Removed unused padstack: T1
Mon Apr 04 03:58:26 Saved as file BACKUP1.MAX
Mon Apr 04 03:58:26 No new connections routed.
Mon Apr 04 03:58:26 Total is now 0 out of 20 (0%).
Mon Apr 04 03:58:26 Saved as file SWEEP1.MAX
Mon Apr 04 03:58:27 Saved as file BACKUP1.MAX
Mon Apr 04 03:58:27 Routed 20 connections in 0 seconds.
Mon Apr 04 03:58:27 Total is now 20 out of 20 (100%).
Mon Apr 04 03:58:27 Saved as file SWEEP2.MAX
Mon Apr 04 03:58:27 No new connections routed.
Mon Apr 04 03:58:27 Total is now 20 out of 20 (100%).
Mon Apr 04 03:58:27 Saved as file SWEEP3.MAX
Mon Apr 04 03:58:27 No new connections routed.
Mon Apr 04 03:58:27 Total is now 20 out of 20 (100%).
Mon Apr 04 03:58:27 Saved as file SWEEP4.MAX
Mon Apr 04 03:58:27 No new connections routed.
Mon Apr 04 03:58:27 Total is now 20 out of 20 (100%).
Mon Apr 04 03:58:27 Saved as file SWEEP5.MAX
Mon Apr 04 03:59:20 Saved as file BACKUP1.MAX
Mon Apr 04 04:01:44 Saved as file D:\DANH\ROBOT\ORCAD PROJECTS\COMERCIAL PROJECTS\COM_PRJ37\COM_PRJ37.MAX
Mon Apr 04 04:08:27 Saved as file D:\DANH\ROBOT\ORCAD PROJECTS\COMERCIAL PROJECTS\COM_PRJ37\COM_PRJ37.MAX
Mon Apr 04 04:09:10 Saved as file D:\DANH\ROBOT\ORCAD PROJECTS\COMERCIAL PROJECTS\COM_PRJ37\COM_PRJ37.MAX
Mon Apr 04 04:10:35 Saved as file D:\DANH\ROBOT\ORCAD PROJECTS\COMERCIAL PROJECTS\COM_PRJ37\COM_PRJ37.MAX
Mon Apr 04 04:11:20 Saved as file BACKUP1.MAX
Mon Apr 04 04:11:25 Saved as file D:\DANH\ROBOT\ORCAD PROJECTS\COMERCIAL PROJECTS\COM_PRJ37\COM_PRJ37.MAX
Mon Apr 04 04:35:13 Saved as file D:\DANH\ROBOT\ORCAD PROJECTS\COMERCIAL PROJECTS\COM_PRJ37\COM_PRJ37.MAX
Mon Apr 04 04:35:13 Saved as file D:\DANH\ROBOT\ORCAD PROJECTS\COMERCIAL PROJECTS\COM_PRJ37\COM_PRJ37.MAX
Mon Apr 04 04:35:32 Saved as file D:\DANH\ROBOT\ORCAD PROJECTS\COMERCIAL PROJECTS\COM_PRJ37\COM_PRJ37.MAX
Wed Jul 27 01:10:29 Loaded file D:\DANH\ROBOT\ORCAD PROJECTS\COMERCIAL PROJECTS\COM_PRJ37\COM_PRJ37.MAX
Wed Nov 02 07:37:12 Loaded file D:\DANH\ORCAD PROJECTS\COMERCIAL PROJECTS\COM_PRJ37\COM_PRJ37.MAX
