

HI-TECH Software PIC LITE Macro Assembler V9.83 build 10920 
                                                                                               Wed Mar 27 00:36:28 2013

HI-TECH Software Omniscient Code Generator (Lite mode) build 10920
     1  0000                     opt subtitle "HI-TECH Software Omniscient Code Generator (Lite mode) build 10920"
     2                           
     3                           opt pagewidth 120
     4                           
     5                           	opt lm
     6                           
     7                           	processor	16F877A
     8                           clrc	macro
     9                           	bcf	3,0
    10  0000                     	endm
    11                           clrz	macro
    12                           	bcf	3,2
    13  0000                     	endm
    14                           setc	macro
    15                           	bsf	3,0
    16  0000                     	endm
    17                           setz	macro
    18                           	bsf	3,2
    19  0000                     	endm
    20                           skipc	macro
    21                           	btfss	3,0
    22  0000                     	endm
    23                           skipz	macro
    24                           	btfss	3,2
    25  0000                     	endm
    26                           skipnc	macro
    27                           	btfsc	3,0
    28  0000                     	endm
    29                           skipnz	macro
    30                           	btfsc	3,2
    31  0000                     	endm
    32  0000                     indf	equ	0
    33  0000                     indf0	equ	0
    34  0002                     pc	equ	2
    35  0002                     pcl	equ	2
    36  0003                     status	equ	3
    37  0004                     fsr	equ	4
    38  0004                     fsr0	equ	4
    39  0001                     c	equ	1
    40  0000                     z	equ	0
    41  000A                     pclath	equ	10
    42                           # 14 "Demo.c"
    43                           	psect config,class=CONFIG,delta=2 ;#
    44                           # 14 "Demo.c"
    45  2007  FF72               	dw 0xFFFF & 0xFFFB & 0xFFF7 & 0xFFFE & 0xFFFF & 0xFF7F & 0xFFFF ;#
    46                           	FNCALL	_main,_Init
    47                           	FNROOT	_main
    48                           	global	_PORTC
    49                           psect	text76,local,class=CODE,delta=2
    50                           global __ptext76
    51  0000                     __ptext76:
    52  0007                     _PORTC	set	7
    53                           	global	_PORTD
    54  0008                     _PORTD	set	8
    55                           	global	_CARRY
    56  0018                     _CARRY	set	24
    57                           	global	_GIE
    58  005F                     _GIE	set	95
    59                           	global	_TRISC
    60  0087                     _TRISC	set	135
    61                           	global	_TRISD
    62  0088                     _TRISD	set	136
    63                           	global	_PCFG0
    64  04F8                     _PCFG0	set	1272
    65                           	global	_PCFG1
    66  04F9                     _PCFG1	set	1273
    67                           	global	_PCFG2
    68  04FA                     _PCFG2	set	1274
    69                           	global	_PCFG3
    70  04FB                     _PCFG3	set	1275
    71                           	global	_EEADR
    72  010D                     _EEADR	set	269
    73                           	global	_EEDATA
    74  010C                     _EEDATA	set	268
    75                           	global	_EECON1
    76  018C                     _EECON1	set	396
    77                           	global	_EECON2
    78  018D                     _EECON2	set	397
    79                           	global	_RD
    80  0C60                     _RD	set	3168
    81                           	global	_WR
    82  0C61                     _WR	set	3169
    83                           	global	_WREN
    84  0C62                     _WREN	set	3170
    85                           	file	"C:\DOCUME~1\Admin\LOCALS~1\Temp\s3o8."
    86                           	line	#
    87                           psect cinit,class=CODE,delta=2
    88                           global start_initialization
    89  07DE                     start_initialization:
    90                           
    91                           psect cinit,class=CODE,delta=2
    92                           global end_of_initialization
    93                           
    94                           ;End of C runtime variable initialization code
    95                           
    96  07DE                     end_of_initialization:
    97  07DE  0183               clrf status
    98  07DF  120A  118A  2FE9   ljmp _main	;jump to C main() function
    99                           psect	cstackCOMMON,class=COMMON,space=1
   100                           global __pcstackCOMMON
   101  0000                     __pcstackCOMMON:
   102                           	global	?_Init
   103  0000                     ?_Init:	; 0 bytes @ 0x0
   104                           	global	??_Init
   105  0000                     ??_Init:	; 0 bytes @ 0x0
   106                           	global	?_main
   107  0000                     ?_main:	; 0 bytes @ 0x0
   108                           	global	??_main
   109  0000                     ??_main:	; 0 bytes @ 0x0
   110 ;;Data sizes: Strings 0, constant 0, data 0, bss 0, persistent 0 stack 0
   111 ;;Auto spaces:   Size  Autos    Used
   112 ;; COMMON          14      0       0
   113 ;; BANK0           80      0       0
   114 ;; BANK1           80      0       0
   115 ;; BANK3           96      0       0
   116 ;; BANK2           96      0       0
   117                           
   118 ;;
   119 ;; Pointer list with targets:
   120                           
   121                           
   122                           
   123 ;;
   124 ;; Critical Paths under _main in COMMON
   125 ;;
   126 ;;   None.
   127 ;;
   128 ;; Critical Paths under _main in BANK0
   129 ;;
   130 ;;   None.
   131 ;;
   132 ;; Critical Paths under _main in BANK1
   133 ;;
   134 ;;   None.
   135 ;;
   136 ;; Critical Paths under _main in BANK3
   137 ;;
   138 ;;   None.
   139 ;;
   140 ;; Critical Paths under _main in BANK2
   141 ;;
   142 ;;   None.
   143                           
   144 ;;
   145 ;;Main: autosize = 0, tempsize = 0, incstack = 0, save=0
   146 ;;
   147                           
   148 ;;
   149 ;;Call Graph Tables:
   150 ;;
   151 ;; ---------------------------------------------------------------------------------
   152 ;; (Depth) Function   	        Calls       Base Space   Used Autos Params    Refs
   153 ;; ---------------------------------------------------------------------------------
   154 ;; (0) _main                                                 0     0      0       0
   155 ;;                               _Init
   156 ;; ---------------------------------------------------------------------------------
   157 ;; (1) _Init                                                 0     0      0       0
   158 ;; ---------------------------------------------------------------------------------
   159 ;; Estimated maximum stack depth 1
   160 ;; ---------------------------------------------------------------------------------
   161                           
   162 ;; Call Graph Graphs:
   163                           
   164 ;; _main (ROOT)
   165 ;;   _Init
   166 ;;
   167                           
   168 ;; Address spaces:
   169                           
   170 ;;Name               Size   Autos  Total    Cost      Usage
   171 ;;BITCOMMON            E      0       0       0        0.0%
   172 ;;EEDATA             100      0       0       0        0.0%
   173 ;;NULL                 0      0       0       0        0.0%
   174 ;;CODE                 0      0       0       0        0.0%
   175 ;;COMMON               E      0       0       1        0.0%
   176 ;;BITSFR0              0      0       0       1        0.0%
   177 ;;SFR0                 0      0       0       1        0.0%
   178 ;;BITSFR1              0      0       0       2        0.0%
   179 ;;SFR1                 0      0       0       2        0.0%
   180 ;;STACK                0      0       1       2        0.0%
   181 ;;ABS                  0      0       0       3        0.0%
   182 ;;BITBANK0            50      0       0       4        0.0%
   183 ;;BITSFR3              0      0       0       4        0.0%
   184 ;;SFR3                 0      0       0       4        0.0%
   185 ;;BANK0               50      0       0       5        0.0%
   186 ;;BITSFR2              0      0       0       5        0.0%
   187 ;;SFR2                 0      0       0       5        0.0%
   188 ;;BITBANK1            50      0       0       6        0.0%
   189 ;;BANK1               50      0       0       7        0.0%
   190 ;;BITBANK3            60      0       0       8        0.0%
   191 ;;BANK3               60      0       0       9        0.0%
   192 ;;BITBANK2            60      0       0      10        0.0%
   193 ;;BANK2               60      0       0      11        0.0%
   194 ;;DATA                 0      0       0      12        0.0%
   195                           
   196                           	global	_main
   197                           psect	maintext,global,class=CODE,delta=2
   198                           global __pmaintext
   199  07E9                     __pmaintext:
   200                           
   201 ;; *************** function _main *****************
   202 ;; Defined at:
   203 ;;		line 28 in file "Demo.c"
   204 ;; Parameters:    Size  Location     Type
   205 ;;		None
   206 ;; Auto vars:     Size  Location     Type
   207 ;;		None
   208 ;; Return value:  Size  Location     Type
   209 ;;		None               void
   210 ;; Registers used:
   211 ;;		wreg, status,2, status,0, pclath, cstack
   212 ;; Tracked objects:
   213 ;;		On entry : 17F/0
   214 ;;		On exit  : 0/0
   215 ;;		Unchanged: 0/0
   216 ;; Data sizes:     COMMON   BANK0   BANK1   BANK3   BANK2
   217 ;;      Params:         0       0       0       0       0
   218 ;;      Locals:         0       0       0       0       0
   219 ;;      Temps:          0       0       0       0       0
   220 ;;      Totals:         0       0       0       0       0
   221 ;;Total ram usage:        0 bytes
   222 ;; Hardware stack levels required when called:    1
   223 ;; This function calls:
   224 ;;		_Init
   225 ;; This function is called by:
   226 ;;		Startup code after reset
   227 ;; This function uses a non-reentrant model
   228 ;;
   229                           psect	maintext
   230                           	file	"Demo.c"
   231                           	line	28
   232                           	global	__size_of_main
   233  0017                     	__size_of_main	equ	__end_of_main-_main
   234                           	
   235  07E9                     _main:	
   236                           	opt	stack 7
   237                           ; Regs used in _main: [wreg+status,2+status,0+pclath+cstack]
   238                           	line	29
   239                           	
   240  07E9                     l2528:	
   241                           ;Demo.c: 29: Init();
   242  07E9  120A  118A  27E2   	fcall	_Init
              120A  118A         
   243                           	line	31
   244                           	
   245  07EE                     l2530:	
   246                           ;Demo.c: 31: TRISC = 0b00000000;
   247  07EE  1683               	bsf	status, 5	;RP0=1, select bank1
   248  07EF  1303               	bcf	status, 6	;RP1=0, select bank1
   249  07F0  0187               	clrf	(135)^080h	;volatile
   250                           	line	32
   251                           	
   252  07F1                     l2532:	
   253                           ;Demo.c: 32: PORTC = 0b00000000;
   254  07F1  1283               	bcf	status, 5	;RP0=0, select bank0
   255  07F2  1303               	bcf	status, 6	;RP1=0, select bank0
   256  07F3  0187               	clrf	(7)	;volatile
   257                           	line	33
   258                           	
   259  07F4                     l2534:	
   260                           ;Demo.c: 33: TRISD = 0b00000000;
   261  07F4  1683               	bsf	status, 5	;RP0=1, select bank1
   262  07F5  1303               	bcf	status, 6	;RP1=0, select bank1
   263  07F6  0188               	clrf	(136)^080h	;volatile
   264                           	line	34
   265                           	
   266  07F7                     l2536:	
   267                           ;Demo.c: 34: PORTD = 0b11111111;
   268  07F7  30FF               	movlw	(0FFh)
   269  07F8  1283               	bcf	status, 5	;RP0=0, select bank0
   270  07F9  1303               	bcf	status, 6	;RP1=0, select bank0
   271  07FA  0088               	movwf	(8)	;volatile
   272  07FB  2FFC               	goto	l619
   273                           	line	36
   274                           ;Demo.c: 36: while(1)
   275                           	
   276  07FC                     l618:	
   277                           	line	39
   278                           ;Demo.c: 37: {
   279                           	
   280  07FC                     l619:	
   281                           	line	36
   282  07FC  2FFC               	goto	l619
   283                           	
   284  07FD                     l620:	
   285                           	line	40
   286                           	
   287  07FD                     l621:	
   288                           	global	start
   289  07FD  120A  118A  2800   	ljmp	start
   290                           	opt stack 0
   291                           GLOBAL	__end_of_main
   292  0800                     	__end_of_main:
   293 ;; =============== function _main ends ============
   294                           
   295                           	signat	_main,88
   296                           	global	_Init
   297                           psect	text77,local,class=CODE,delta=2
   298                           global __ptext77
   299  07E2                     __ptext77:
   300                           
   301 ;; *************** function _Init *****************
   302 ;; Defined at:
   303 ;;		line 20 in file "Demo.c"
   304 ;; Parameters:    Size  Location     Type
   305 ;;		None
   306 ;; Auto vars:     Size  Location     Type
   307 ;;		None
   308 ;; Return value:  Size  Location     Type
   309 ;;		None               void
   310 ;; Registers used:
   311 ;;		None
   312 ;; Tracked objects:
   313 ;;		On entry : 0/0
   314 ;;		On exit  : 0/0
   315 ;;		Unchanged: 0/0
   316 ;; Data sizes:     COMMON   BANK0   BANK1   BANK3   BANK2
   317 ;;      Params:         0       0       0       0       0
   318 ;;      Locals:         0       0       0       0       0
   319 ;;      Temps:          0       0       0       0       0
   320 ;;      Totals:         0       0       0       0       0
   321 ;;Total ram usage:        0 bytes
   322 ;; Hardware stack levels used:    1
   323 ;; This function calls:
   324 ;;		Nothing
   325 ;; This function is called by:
   326 ;;		_main
   327 ;; This function uses a non-reentrant model
   328 ;;
   329                           psect	text77
   330                           	file	"Demo.c"
   331                           	line	20
   332                           	global	__size_of_Init
   333  0007                     	__size_of_Init	equ	__end_of_Init-_Init
   334                           	
   335  07E2                     _Init:	
   336                           	opt	stack 7
   337                           ; Regs used in _Init: []
   338                           	line	22
   339                           	
   340  07E2                     l1668:	
   341                           ;Demo.c: 22: PCFG0 = 0;
   342  07E2  1683               	bsf	status, 5	;RP0=1, select bank1
   343  07E3  1303               	bcf	status, 6	;RP1=0, select bank1
   344  07E4  101F               	bcf	(1272/8)^080h,(1272)&7
   345                           	line	23
   346                           ;Demo.c: 23: PCFG1 = 1;
   347  07E5  149F               	bsf	(1273/8)^080h,(1273)&7
   348                           	line	24
   349                           ;Demo.c: 24: PCFG2 = 1;
   350  07E6  151F               	bsf	(1274/8)^080h,(1274)&7
   351                           	line	25
   352                           ;Demo.c: 25: PCFG3 = 0;
   353  07E7  119F               	bcf	(1275/8)^080h,(1275)&7
   354                           	line	26
   355                           	
   356  07E8                     l615:	
   357  07E8  0008               	return
   358                           	opt stack 0
   359                           GLOBAL	__end_of_Init
   360  07E9                     	__end_of_Init:
   361 ;; =============== function _Init ends ============
   362                           
   363                           	signat	_Init,88
   364                           psect	text78,local,class=CODE,delta=2
   365                           global __ptext78
   366  0000                     __ptext78:
   367                           	global	btemp
   368  007E                     	btemp set 07Eh
   369                           
   370                           	DABS	1,126,2	;btemp
   371                           	global	wtemp0
   372  007E                     	wtemp0 set btemp


HI-TECH Software PICC Macro Assembler V9.83 build 10920 
Symbol Table                                                                                   Wed Mar 27 00:36:28 2013

                  _RD 0C60                    _WR 0C61                   l620 07FD                   l621 07FD  
                 l615 07E8                   l618 07FC                   l619 07FC                   _GIE 005F  
                l2530 07EE                  l2532 07F1                  l2534 07F4                  l2536 07F7  
                l2528 07E9                  l1668 07E2                  _WREN 0C62                  _Init 07E2  
                _main 07E9                  btemp 007E                  start 0000                 ?_Init 0000  
               ?_main 0000                 _EEADR 010D                 _CARRY 0018                 _PCFG0 04F8  
               _PCFG1 04F9                 _PCFG2 04FA                 _PCFG3 04FB                 _PORTC 0007  
               _PORTD 0008                 _TRISC 0087                 _TRISD 0088                 status 0003  
               wtemp0 007E          __end_of_Init 07E9          __end_of_main 0800                ??_Init 0000  
              ??_main 0000                _EEDATA 010C                _EECON1 018C                _EECON2 018D  
      __pcstackCOMMON 0000            __pmaintext 07E9  end_of_initialization 07DE   start_initialization 07DE  
            __ptext76 0000              __ptext77 07E2              __ptext78 0000         __size_of_Init 0007  
       __size_of_main 0017  
