Mon Oct 15 03:41:50 Log file reset
Mon Oct 15 03:41:50 Loaded file D:\DANH\ORCAD PROJECTS\COMERCIAL PROJECTS\COM_PRJ20(CONTROL)\COM_PRJ20_VER4.MAX
Mon Oct 15 03:42:18 Saved as file D:\DANH\ORCAD PROJECTS\COMERCIAL PROJECTS\COM_PRJ20(CONTROL)\COM_PRJ20_VER4.MAX
Mon Oct 15 03:42:21 Loaded file C:\PROGRAM FILES\ORCAD\LAYOUT_PLUS\data\template.imp
Mon Oct 15 03:42:21 Loaded file C:\PROGRAM FILES\ORCAD\LAYOUT_PLUS\data\template.imp
Mon Oct 15 03:42:25 Loaded file D:\DANH\DANH'S LIBS\DANHLIB.LLB
Mon Oct 15 03:42:32 Loaded file C:\PROGRAM FILES\ORCAD\LAYOUT_PLUS\data\template.imp
Mon Oct 15 03:44:41 Saved as file D:\DANH\ORCAD PROJECTS\COMERCIAL PROJECTS\COM_PRJ20(CONTROL)\COM_PRJ20_VER4.MAX
Mon Oct 15 03:45:20 Saved as file D:\DANH\ORCAD PROJECTS\COMERCIAL PROJECTS\COM_PRJ20(CONTROL)\COM_PRJ20_VER4.MAX
Mon Oct 15 03:48:58 Saved as file D:\DANH\ORCAD PROJECTS\COMERCIAL PROJECTS\COM_PRJ20(CONTROL)\COM_PRJ20_VER4.MAX
Mon Oct 15 03:48:59 Saved as file D:\DANH\ORCAD PROJECTS\COMERCIAL PROJECTS\COM_PRJ20(CONTROL)\COM_PRJ20_VER4.MAX
Mon Oct 15 03:49:35 Saved as file D:\DANH\ORCAD PROJECTS\COMERCIAL PROJECTS\COM_PRJ20(CONTROL)\COM_PRJ20_VER4.MAX
Mon Oct 15 03:52:03 Saved as file D:\DANH\ORCAD PROJECTS\COMERCIAL PROJECTS\COM_PRJ20(CONTROL)\COM_PRJ20_VER4.MAX
Mon Oct 15 03:52:03 Saved as file D:\DANH\ORCAD PROJECTS\COMERCIAL PROJECTS\COM_PRJ20(CONTROL)\COM_PRJ20_VER4.MAX
Mon Oct 15 03:52:50 Saved as file BACKUP1.MAX
Tue Oct 23 23:36:09 Saved as file BACKUP1.MAX
Tue Oct 23 23:46:39 Saved as file BACKUP1.MAX
Tue Oct 23 23:57:09 Saved as file BACKUP1.MAX
Wed Oct 24 00:07:39 Saved as file BACKUP1.MAX
Wed Oct 24 00:18:09 Saved as file BACKUP1.MAX
Thu Oct 25 02:11:12 Error code 0034.912 (266)
Thu Oct 25 02:11:12 Saved as file Backup0.max
Thu Oct 25 02:11:12 Windows which were open at time of error:
Thu Oct 25 02:11:12 	ActiveWindow: &Route
Thu Oct 25 02:11:12 	Icon: &Components
Thu Oct 25 02:11:12 	Icon: &Nets
Thu Oct 25 02:11:12 	Icon: Post Proces&s
Thu Oct 25 02:11:12 End-of-list
Thu Oct 25 02:11:13 Error code 0034.912 (266)
Sun Apr 21 12:14:52 Saved as file BACKUP1.MAX
Sun Apr 21 12:14:54 Loaded file D:\DANH\DANH\ORCAD PROJECTS\COMERCIAL PROJECTS\COM_PRJ20(CONTROL)\COM_PRJ20_VER4.MAX
Thu Oct 17 00:19:59 Saved as file BACKUP1.MAX
Thu Nov 07 20:37:14 Saved as file D:\DANH\DANH_NEWEST\DANH\ORCAD PROJECTS\COMERCIAL PROJECTS\COM_PRJ20(CONTROL)\COM_PRJ20_VER5.MAX
Thu Nov 07 20:47:00 Saved as file BACKUP1.MAX
Thu Nov 07 20:57:30 Saved as file BACKUP1.MAX
Thu Nov 07 21:00:35 Saved as file D:\DANH\DANH_NEWEST\DANH\ORCAD PROJECTS\COMERCIAL PROJECTS\COM_PRJ20(CONTROL)\COM_PRJ20_VER5.MAX
Thu Nov 07 21:00:53 Saved as file D:\DANH\DANH_NEWEST\DANH\ORCAD PROJECTS\COMERCIAL PROJECTS\COM_PRJ20(CONTROL)\COM_PRJ20_VER6.MAX
Thu Nov 07 21:05:07 Loaded file C:\Program Files\OrCAD\Layout_Plus\data\template.imp
Thu Nov 07 21:05:07 Loaded file C:\Program Files\OrCAD\Layout_Plus\data\template.imp
Thu Nov 07 21:05:09 Loaded file C:\DOCUMENTS AND SETTINGS\ADMIN\DESKTOP\DANH\DANH\DANH'S LIBS\DANHLIB.LLB
Thu Nov 07 21:05:13 Loaded file C:\Program Files\OrCAD\Layout_Plus\data\template.imp
Thu Nov 07 21:05:15 Loaded file C:\Program Files\OrCAD\Layout_Plus\data\template.imp
Thu Nov 07 21:05:16 Loaded file C:\Program Files\OrCAD\Layout_Plus\data\template.imp
Thu Nov 07 21:11:38 Saved as file BACKUP1.MAX
Thu Nov 07 21:22:08 Saved as file BACKUP1.MAX
Thu Nov 07 21:32:38 Saved as file BACKUP1.MAX
Thu Nov 07 21:43:08 Saved as file BACKUP1.MAX
Thu Nov 07 21:53:38 Saved as file BACKUP1.MAX
Wed Dec 18 01:02:55 Saved as file D:\DANH\DANH\DANH_NEWEST\DANH\ORCAD PROJECTS\COMERCIAL PROJECTS\COM_PRJ20(CONTROL)\COM_PRJ20_VER7.MAX
Wed Dec 18 01:05:19 Loaded file C:\Program Files\OrCAD\Layout_Plus\data\template.imp
Wed Dec 18 01:05:19 Loaded file C:\Program Files\OrCAD\Layout_Plus\data\template.imp
Wed Dec 18 01:05:19 Loaded file C:\Program Files\OrCAD\Layout_Plus\data\template.imp
Wed Dec 18 01:05:19 Loaded file C:\Program Files\OrCAD\Layout_Plus\data\template.imp
Wed Dec 18 01:05:27 Loaded file C:\Program Files\OrCAD\Layout_Plus\data\template.imp
Wed Dec 18 01:07:58 Loaded file C:\Program Files\OrCAD\Layout_Plus\data\template.imp
Wed Dec 18 01:07:58 Loaded file C:\Program Files\OrCAD\Layout_Plus\data\template.imp
Wed Dec 18 01:07:58 Loaded file C:\Program Files\OrCAD\Layout_Plus\data\template.imp
Wed Dec 18 01:07:58 Loaded file C:\Program Files\OrCAD\Layout_Plus\data\template.imp
Thu Jan 30 13:00:20 Loaded file C:\Program Files\OrCAD\Layout_Plus\data\template.imp
Thu Jan 30 13:00:20 Loaded file C:\Program Files\OrCAD\Layout_Plus\data\template.imp
Thu Jan 30 13:00:23 Loaded file D:\MICA AND BOARD\DANH\DANH\DANH'S LIBS\DANHLIB.LLB
Thu Jan 30 13:00:25 Loaded file C:\Program Files\OrCAD\Layout_Plus\data\template.imp
Thu Jan 30 13:01:07 Loaded file D:\MICA AND BOARD\DANH\DANH\DANH'S LIBS\DANHLIB.LLB
Thu Jan 30 13:01:07 Saved as file D:\MICA AND BOARD\DANH\DANH\DANH'S LIBS\DANHLIB.LLB
Thu Jan 30 13:02:32 Saved as file D:\DANH\DANH\ORCAD PROJECTS\COMERCIAL PROJECTS\COM_PRJ20(CONTROL)\COM_PRJ20_VER8.MAX
Thu Jan 30 13:06:30 Loaded file C:\Program Files\OrCAD\Layout_Plus\data\template.imp
Thu Jan 30 13:06:30 Loaded file C:\Program Files\OrCAD\Layout_Plus\data\template.imp
Thu Jan 30 13:06:30 Loaded file C:\Program Files\OrCAD\Layout_Plus\data\template.imp
Thu Jan 30 13:06:30 Loaded file C:\Program Files\OrCAD\Layout_Plus\data\template.imp
Thu Jan 30 13:06:32 Loaded file D:\MICA AND BOARD\DANH\DANH\DANH'S LIBS\DANHLIB.LLB
Thu Jan 30 13:06:34 Loaded file C:\Program Files\OrCAD\Layout_Plus\data\template.imp
Thu Jan 30 13:06:54 Loaded file C:\Program Files\OrCAD\Layout_Plus\data\template.imp
Thu Jan 30 13:06:54 Loaded file C:\Program Files\OrCAD\Layout_Plus\data\template.imp
Thu Jan 30 13:06:55 Loaded file D:\MICA AND BOARD\DANH\DANH\DANH'S LIBS\DANHLIB.LLB
Thu Jan 30 13:06:57 Loaded file C:\Program Files\OrCAD\Layout_Plus\data\template.imp
Thu Jan 30 13:07:31 Loaded file D:\MICA AND BOARD\DANH\DANH\DANH'S LIBS\DANHLIB.LLB
Thu Jan 30 13:07:31 Saved as file D:\MICA AND BOARD\DANH\DANH\DANH'S LIBS\DANHLIB.LLB
Thu Jan 30 13:07:40 Loaded file C:\Program Files\OrCAD\Layout_Plus\data\template.imp
Thu Jan 30 13:07:40 Loaded file C:\Program Files\OrCAD\Layout_Plus\data\template.imp
Thu Jan 30 13:07:40 Loaded file C:\Program Files\OrCAD\Layout_Plus\data\template.imp
Thu Jan 30 13:07:40 Loaded file C:\Program Files\OrCAD\Layout_Plus\data\template.imp
Thu Jan 30 13:07:41 Loaded file D:\MICA AND BOARD\DANH\DANH\DANH'S LIBS\DANHLIB.LLB
Thu Jan 30 13:07:43 Loaded file C:\Program Files\OrCAD\Layout_Plus\data\template.imp
Thu Jan 30 13:07:52 Saved as file D:\DANH\DANH\ORCAD PROJECTS\COMERCIAL PROJECTS\COM_PRJ20(CONTROL)\COM_PRJ20_VER8.MAX
Thu Jan 30 13:08:09 Loaded file C:\Program Files\OrCAD\Layout_Plus\data\template.imp
Thu Jan 30 13:08:09 Loaded file C:\Program Files\OrCAD\Layout_Plus\data\template.imp
Thu Jan 30 13:08:09 Loaded file C:\Program Files\OrCAD\Layout_Plus\data\template.imp
Thu Jan 30 13:08:09 Loaded file C:\Program Files\OrCAD\Layout_Plus\data\template.imp
Thu Jan 30 13:08:10 Loaded file D:\MICA AND BOARD\DANH\DANH\DANH'S LIBS\DANHLIB.LLB
Thu Jan 30 13:08:11 Loaded file C:\Program Files\OrCAD\Layout_Plus\data\template.imp
Thu Jan 30 13:08:32 Loaded file C:\Program Files\OrCAD\Layout_Plus\data\template.imp
Thu Jan 30 13:08:32 Loaded file C:\Program Files\OrCAD\Layout_Plus\data\template.imp
Thu Jan 30 13:08:32 Loaded file C:\Program Files\OrCAD\Layout_Plus\data\template.imp
Thu Jan 30 13:08:33 Loaded file C:\Program Files\OrCAD\Layout_Plus\data\template.imp
Thu Jan 30 13:09:16 Loaded file C:\Program Files\OrCAD\Layout_Plus\data\template.imp
Thu Jan 30 13:09:16 Loaded file C:\Program Files\OrCAD\Layout_Plus\data\template.imp
Thu Jan 30 13:09:16 Loaded file C:\Program Files\OrCAD\Layout_Plus\data\template.imp
Thu Jan 30 13:09:16 Loaded file C:\Program Files\OrCAD\Layout_Plus\data\template.imp
Thu Jan 30 13:09:17 Loaded file D:\MICA AND BOARD\DANH\DANH\DANH'S LIBS\DANHLIB.LLB
Thu Jan 30 13:09:21 Loaded file C:\Program Files\OrCAD\Layout_Plus\data\template.imp
Thu Jan 30 13:09:32 Loaded file C:\Program Files\OrCAD\Layout_Plus\data\template.imp
Thu Jan 30 13:09:32 Loaded file C:\Program Files\OrCAD\Layout_Plus\data\template.imp
Thu Jan 30 13:09:32 Loaded file C:\Program Files\OrCAD\Layout_Plus\data\template.imp
Thu Jan 30 13:09:32 Loaded file C:\Program Files\OrCAD\Layout_Plus\data\template.imp
Thu Jan 30 13:09:39 Loaded file D:\MICA AND BOARD\DANH\DANH\DANH'S LIBS\DANHLIB.LLB
Thu Jan 30 13:09:39 Loaded file C:\Program Files\OrCAD\Layout_Plus\library\BCON100T.llb
Thu Jan 30 13:09:43 Loaded file D:\MICA AND BOARD\DANH\DANH\DANH'S LIBS\DANHLIB.LLB
Thu Jan 30 13:09:47 Loaded file C:\Program Files\OrCAD\Layout_Plus\data\template.imp
Thu Jan 30 13:10:05 Loaded file C:\Program Files\OrCAD\Layout_Plus\data\template.imp
Thu Jan 30 13:10:05 Loaded file C:\Program Files\OrCAD\Layout_Plus\data\template.imp
Thu Jan 30 13:10:05 Loaded file C:\Program Files\OrCAD\Layout_Plus\data\template.imp
Thu Jan 30 13:10:05 Loaded file C:\Program Files\OrCAD\Layout_Plus\data\template.imp
Thu Jan 30 13:10:07 Loaded file D:\MICA AND BOARD\DANH\DANH\DANH'S LIBS\DANHLIB.LLB
Thu Jan 30 13:10:07 Loaded file C:\Program Files\OrCAD\Layout_Plus\library\BCON100T.llb
Thu Jan 30 13:10:08 Loaded file D:\MICA AND BOARD\DANH\DANH\DANH'S LIBS\DANHLIB.LLB
Thu Jan 30 13:10:13 Loaded file C:\Program Files\OrCAD\Layout_Plus\data\template.imp
Thu Jan 30 13:10:22 Loaded file C:\Program Files\OrCAD\Layout_Plus\data\template.imp
Thu Jan 30 13:10:22 Loaded file C:\Program Files\OrCAD\Layout_Plus\data\template.imp
Thu Jan 30 13:10:22 Loaded file C:\Program Files\OrCAD\Layout_Plus\data\template.imp
Thu Jan 30 13:10:22 Loaded file C:\Program Files\OrCAD\Layout_Plus\data\template.imp
Thu Jan 30 13:10:23 Loaded file D:\MICA AND BOARD\DANH\DANH\DANH'S LIBS\DANHLIB.LLB
Thu Jan 30 13:10:26 Loaded file C:\Program Files\OrCAD\Layout_Plus\data\template.imp
Thu Jan 30 13:10:39 Saved as file D:\DANH\DANH\ORCAD PROJECTS\COMERCIAL PROJECTS\COM_PRJ20(CONTROL)\COM_PRJ20_VER8.MAX
Thu Jan 30 13:10:55 Loaded file C:\Program Files\OrCAD\Layout_Plus\data\template.imp
Thu Jan 30 13:10:55 Loaded file C:\Program Files\OrCAD\Layout_Plus\data\template.imp
Thu Jan 30 13:10:55 Loaded file C:\Program Files\OrCAD\Layout_Plus\data\template.imp
Thu Jan 30 13:10:55 Loaded file C:\Program Files\OrCAD\Layout_Plus\data\template.imp
Thu Jan 30 13:10:57 Loaded file D:\MICA AND BOARD\DANH\DANH\DANH'S LIBS\DANHLIB.LLB
Thu Jan 30 13:10:57 Loaded file C:\Program Files\OrCAD\Layout_Plus\library\BCON100T.llb
Thu Jan 30 13:11:00 Loaded file C:\Program Files\OrCAD\Layout_Plus\data\template.imp
Thu Jan 30 13:11:02 Loaded file C:\Program Files\OrCAD\Layout_Plus\data\template.imp
Thu Jan 30 13:11:15 Loaded file C:\Program Files\OrCAD\Layout_Plus\data\template.imp
Thu Jan 30 13:11:15 Loaded file C:\Program Files\OrCAD\Layout_Plus\data\template.imp
Thu Jan 30 13:11:15 Loaded file C:\Program Files\OrCAD\Layout_Plus\data\template.imp
Thu Jan 30 13:11:15 Loaded file C:\Program Files\OrCAD\Layout_Plus\data\template.imp
Thu Jan 30 13:11:18 Loaded file D:\MICA AND BOARD\DANH\DANH\DANH'S LIBS\DANHLIB.LLB
Thu Jan 30 13:11:19 Loaded file C:\Program Files\OrCAD\Layout_Plus\data\template.imp
Thu Jan 30 13:11:27 Loaded file C:\Program Files\OrCAD\Layout_Plus\data\template.imp
Thu Jan 30 13:11:27 Loaded file C:\Program Files\OrCAD\Layout_Plus\data\template.imp
Thu Jan 30 13:11:27 Loaded file C:\Program Files\OrCAD\Layout_Plus\data\template.imp
Thu Jan 30 13:11:27 Loaded file C:\Program Files\OrCAD\Layout_Plus\data\template.imp
Thu Jan 30 13:11:28 Loaded file D:\MICA AND BOARD\DANH\DANH\DANH'S LIBS\DANHLIB.LLB
Thu Jan 30 13:11:31 Loaded file C:\Program Files\OrCAD\Layout_Plus\data\template.imp
Thu Jan 30 13:11:38 Saved as file D:\DANH\DANH\ORCAD PROJECTS\COMERCIAL PROJECTS\COM_PRJ20(CONTROL)\COM_PRJ20_VER8.MAX
Thu Jan 30 13:13:00 Loaded file C:\Program Files\OrCAD\Layout_Plus\data\template.imp
Thu Jan 30 13:13:00 Loaded file C:\Program Files\OrCAD\Layout_Plus\data\template.imp
Thu Jan 30 13:13:00 Loaded file C:\Program Files\OrCAD\Layout_Plus\data\template.imp
Thu Jan 30 13:13:00 Loaded file C:\Program Files\OrCAD\Layout_Plus\data\template.imp
Thu Jan 30 13:13:02 Loaded file D:\MICA AND BOARD\DANH\DANH\DANH'S LIBS\DANHLIB.LLB
Thu Jan 30 13:13:05 Loaded file C:\Program Files\OrCAD\Layout_Plus\data\template.imp
Thu Jan 30 13:13:07 Loaded file C:\Program Files\OrCAD\Layout_Plus\data\template.imp
Thu Jan 30 13:13:15 Saved as file D:\DANH\DANH\ORCAD PROJECTS\COMERCIAL PROJECTS\COM_PRJ20(CONTROL)\COM_PRJ20_VER8.MAX
Thu Jan 30 13:13:23 Saved as file D:\DANH\DANH\ORCAD PROJECTS\COMERCIAL PROJECTS\COM_PRJ20(CONTROL)\COM_PRJ20_VER8.MAX
Thu Jan 30 13:13:32 Saved as file BACKUP1.MAX
Thu Jan 30 13:14:28 Saved as file D:\DANH\DANH\ORCAD PROJECTS\COMERCIAL PROJECTS\COM_PRJ20(CONTROL)\COM_PRJ20_VER8.MAX
Thu Jan 30 13:14:51 Loaded file C:\Program Files\OrCAD\Layout_Plus\data\template.imp
Thu Jan 30 13:14:51 Loaded file C:\Program Files\OrCAD\Layout_Plus\data\template.imp
Thu Jan 30 13:14:51 Loaded file C:\Program Files\OrCAD\Layout_Plus\data\template.imp
Thu Jan 30 13:14:51 Loaded file C:\Program Files\OrCAD\Layout_Plus\data\template.imp
Thu Jan 30 13:14:53 Loaded file D:\MICA AND BOARD\DANH\DANH\DANH'S LIBS\DANHLIB.LLB
Thu Jan 30 13:14:56 Loaded file C:\Program Files\OrCAD\Layout_Plus\data\template.imp
Thu Jan 30 13:15:16 Saved as file D:\DANH\DANH\ORCAD PROJECTS\COMERCIAL PROJECTS\COM_PRJ20(CONTROL)\COM_PRJ20_VER8.MAX
Thu Jan 30 13:15:17 Saved as file D:\DANH\DANH\ORCAD PROJECTS\COMERCIAL PROJECTS\COM_PRJ20(CONTROL)\COM_PRJ20_VER8.MAX
Thu Jan 30 13:17:34 Saved as file D:\DANH\DANH\ORCAD PROJECTS\COMERCIAL PROJECTS\COM_PRJ20(CONTROL)\COM_PRJ20_VER8.MAX
Thu Jan 30 13:24:02 Saved as file BACKUP1.MAX
Thu Jan 30 13:29:47 Saved as file D:\DANH\DANH\ORCAD PROJECTS\COMERCIAL PROJECTS\COM_PRJ20(CONTROL)\COM_PRJ20_VER8.MAX
Thu Jan 30 13:32:21 Saved as file D:\DANH\DANH\ORCAD PROJECTS\COMERCIAL PROJECTS\COM_PRJ20(CONTROL)\COM_PRJ20_VER8.MAX
Thu Jan 30 13:34:22 Loaded file C:\Program Files\OrCAD\Layout_Plus\data\template.imp
Thu Jan 30 13:34:22 Loaded file C:\Program Files\OrCAD\Layout_Plus\data\template.imp
Thu Jan 30 13:34:24 Loaded file D:\MICA AND BOARD\DANH\DANH\DANH'S LIBS\DANHLIB.LLB
Thu Jan 30 13:34:24 Loaded file C:\Program Files\OrCAD\Layout_Plus\library\BCON100T.llb
Thu Jan 30 13:34:27 Loaded file D:\MICA AND BOARD\DANH\DANH\DANH'S LIBS\DANHLIB.LLB
Thu Jan 30 13:34:27 Loaded file C:\Program Files\OrCAD\Layout_Plus\library\BCON100T.llb
Thu Jan 30 13:34:28 Loaded file D:\MICA AND BOARD\DANH\DANH\DANH'S LIBS\DANHLIB.LLB
Thu Jan 30 13:34:34 Loaded file C:\Program Files\OrCAD\Layout_Plus\data\template.imp
Thu Jan 30 13:34:34 Loaded file C:\Program Files\OrCAD\Layout_Plus\data\template.imp
Thu Jan 30 13:34:35 Loaded file C:\Program Files\OrCAD\Layout_Plus\data\template.imp
Thu Jan 30 13:34:37 Loaded file C:\Program Files\OrCAD\Layout_Plus\data\template.imp
Thu Jan 30 13:35:02 Saved as file BACKUP1.MAX
Thu Jan 30 13:35:57 Saved as file D:\DANH\DANH\ORCAD PROJECTS\COMERCIAL PROJECTS\COM_PRJ20(CONTROL)\COM_PRJ20_VER8.MAX
Thu Jan 30 13:35:57 Saved as file D:\DANH\DANH\ORCAD PROJECTS\COMERCIAL PROJECTS\COM_PRJ20(CONTROL)\COM_PRJ20_VER8.MAX
Thu Jan 30 13:36:11 Saved as file D:\DANH\DANH\ORCAD PROJECTS\COMERCIAL PROJECTS\COM_PRJ20(CONTROL)\COM_PRJ20_VER8.MAX
Thu Jan 30 13:36:11 Saved as file D:\DANH\DANH\ORCAD PROJECTS\COMERCIAL PROJECTS\COM_PRJ20(CONTROL)\COM_PRJ20_VER8.MAX
Thu Jan 30 13:36:31 Saved as file D:\DANH\DANH\ORCAD PROJECTS\COMERCIAL PROJECTS\COM_PRJ20(CONTROL)\COM_PRJ20_VER8.MAX
Thu Jan 30 13:36:51 Saved as file D:\DANH\DANH\ORCAD PROJECTS\COMERCIAL PROJECTS\COM_PRJ20(CONTROL)\COM_PRJ20_VER8.MAX
Thu Jan 30 13:37:16 Saved as file D:\DANH\DANH\ORCAD PROJECTS\COMERCIAL PROJECTS\COM_PRJ20(CONTROL)\COM_PRJ20_VER8.MAX
Thu Jan 30 13:37:44 Saved as file D:\DANH\DANH\ORCAD PROJECTS\COMERCIAL PROJECTS\COM_PRJ20(CONTROL)\COM_PRJ20_VER8.MAX
Thu Jan 30 13:38:20 Loaded file C:\Program Files\OrCAD\Layout_Plus\data\template.imp
Thu Jan 30 13:38:20 Loaded file C:\Program Files\OrCAD\Layout_Plus\data\template.imp
Thu Jan 30 13:38:20 Loaded file C:\Program Files\OrCAD\Layout_Plus\data\template.imp
Thu Jan 30 13:38:20 Loaded file C:\Program Files\OrCAD\Layout_Plus\data\template.imp
Thu Jan 30 13:38:21 Loaded file D:\MICA AND BOARD\DANH\DANH\DANH'S LIBS\DANHLIB.LLB
Thu Jan 30 13:38:23 Loaded file C:\Program Files\OrCAD\Layout_Plus\data\template.imp
Thu Jan 30 13:38:34 Saved as file D:\DANH\DANH\ORCAD PROJECTS\COMERCIAL PROJECTS\COM_PRJ20(CONTROL)\COM_PRJ20_VER8.MAX
Thu Jan 30 13:40:44 Saved as file D:\DANH\DANH\ORCAD PROJECTS\COMERCIAL PROJECTS\COM_PRJ20(CONTROL)\COM_PRJ20_VER8.MAX
Thu Jan 30 13:41:01 Saved as file D:\DANH\DANH\ORCAD PROJECTS\COMERCIAL PROJECTS\COM_PRJ20(CONTROL)\COM_PRJ20_VER8.MAX
Thu Jan 30 13:43:19 Saved as file D:\DANH\DANH\ORCAD PROJECTS\COMERCIAL PROJECTS\COM_PRJ20(CONTROL)\COM_PRJ20_VER8.MAX
Thu Jan 30 13:43:19 Saved as file D:\DANH\DANH\ORCAD PROJECTS\COMERCIAL PROJECTS\COM_PRJ20(CONTROL)\COM_PRJ20_VER8.MAX
Thu Jan 30 13:44:46 Saved as file D:\DANH\DANH\ORCAD PROJECTS\COMERCIAL PROJECTS\COM_PRJ20(CONTROL)\COM_PRJ20_VER8.MAX
Thu Jan 30 13:46:02 Saved as file BACKUP1.MAX
Thu Jan 30 13:46:36 Saved as file D:\DANH\DANH\ORCAD PROJECTS\COMERCIAL PROJECTS\COM_PRJ20(CONTROL)\COM_PRJ20_VER8.MAX
Thu Jan 30 13:47:19 Saved as file D:\DANH\DANH\ORCAD PROJECTS\COMERCIAL PROJECTS\COM_PRJ20(CONTROL)\COM_PRJ20_VER8.MAX
Thu Jan 30 13:50:53 Loaded file C:\Program Files\OrCAD\Layout_Plus\data\template.imp
Thu Jan 30 13:50:53 Loaded file C:\Program Files\OrCAD\Layout_Plus\data\template.imp
Thu Jan 30 13:50:53 Loaded file C:\Program Files\OrCAD\Layout_Plus\data\template.imp
Thu Jan 30 13:50:53 Loaded file C:\Program Files\OrCAD\Layout_Plus\data\template.imp
Thu Jan 30 13:50:54 Loaded file D:\MICA AND BOARD\DANH\DANH\DANH'S LIBS\DANHLIB.LLB
Thu Jan 30 13:50:54 Loaded file C:\Program Files\OrCAD\Layout_Plus\library\BCON100T.llb
Thu Jan 30 13:50:58 Loaded file D:\MICA AND BOARD\DANH\DANH\DANH'S LIBS\DANHLIB.LLB
Thu Jan 30 13:51:10 Loaded file C:\Program Files\OrCAD\Layout_Plus\data\template.imp
Thu Jan 30 13:51:17 Saved as file D:\DANH\DANH\ORCAD PROJECTS\COMERCIAL PROJECTS\COM_PRJ20(CONTROL)\COM_PRJ20_VER8.MAX
Thu Jan 30 13:53:53 Loaded file C:\Program Files\OrCAD\Layout_Plus\data\template.imp
Thu Jan 30 13:53:53 Loaded file C:\Program Files\OrCAD\Layout_Plus\data\template.imp
Thu Jan 30 13:53:55 Loaded file D:\MICA AND BOARD\DANH\DANH\DANH'S LIBS\DANHLIB.LLB
Thu Jan 30 13:53:59 Loaded file C:\Program Files\OrCAD\Layout_Plus\data\template.imp
Thu Jan 30 13:54:00 Loaded file C:\Program Files\OrCAD\Layout_Plus\data\template.imp
Thu Jan 30 13:57:02 Saved as file BACKUP1.MAX
Thu Jan 30 13:58:59 Saved as file D:\DANH\DANH\ORCAD PROJECTS\COMERCIAL PROJECTS\COM_PRJ20(CONTROL)\COM_PRJ20_VER8.MAX
Thu Jan 30 14:03:51 Saved as file D:\DANH\DANH\ORCAD PROJECTS\COMERCIAL PROJECTS\COM_PRJ20(CONTROL)\COM_PRJ20_VER8.MAX
Thu Jan 30 14:03:51 Saved as file D:\DANH\DANH\ORCAD PROJECTS\COMERCIAL PROJECTS\COM_PRJ20(CONTROL)\COM_PRJ20_VER8.MAX
Thu Jan 30 14:06:47 Saved as file D:\DANH\DANH\ORCAD PROJECTS\COMERCIAL PROJECTS\COM_PRJ20(CONTROL)\COM_PRJ20_VER8.MAX
Thu Jan 30 14:07:32 Saved as file BACKUP1.MAX
Thu Jan 30 14:07:52 Saved as file D:\DANH\DANH\ORCAD PROJECTS\COMERCIAL PROJECTS\COM_PRJ20(CONTROL)\COM_PRJ20_VER8.MAX
Thu Jan 30 14:07:52 Saved as file D:\DANH\DANH\ORCAD PROJECTS\COMERCIAL PROJECTS\COM_PRJ20(CONTROL)\COM_PRJ20_VER8.MAX
Thu Jan 30 14:10:38 Saved as file D:\DANH\DANH\ORCAD PROJECTS\COMERCIAL PROJECTS\COM_PRJ20(CONTROL)\COM_PRJ20_VER8.MAX
Thu Jan 30 14:10:38 Saved as file D:\DANH\DANH\ORCAD PROJECTS\COMERCIAL PROJECTS\COM_PRJ20(CONTROL)\COM_PRJ20_VER8.MAX
Thu Jan 30 14:13:04 Saved as file D:\DANH\DANH\ORCAD PROJECTS\COMERCIAL PROJECTS\COM_PRJ20(CONTROL)\COM_PRJ20_VER8.MAX
Thu Jan 30 14:14:24 Saved as file D:\DANH\DANH\ORCAD PROJECTS\COMERCIAL PROJECTS\COM_PRJ20(CONTROL)\COM_PRJ20_VER8.MAX
Thu Jan 30 14:14:25 Saved as file D:\DANH\DANH\ORCAD PROJECTS\COMERCIAL PROJECTS\COM_PRJ20(CONTROL)\COM_PRJ20_VER8.MAX
Thu Jan 30 14:15:05 Saved as file D:\DANH\DANH\ORCAD PROJECTS\COMERCIAL PROJECTS\COM_PRJ20(CONTROL)\COM_PRJ20_VER8.MAX
Thu Jan 30 14:15:05 Saved as file D:\DANH\DANH\ORCAD PROJECTS\COMERCIAL PROJECTS\COM_PRJ20(CONTROL)\COM_PRJ20_VER8.MAX
Thu Jan 30 14:15:35 Saved as file D:\DANH\DANH\ORCAD PROJECTS\COMERCIAL PROJECTS\COM_PRJ20(CONTROL)\COM_PRJ20_VER8.MAX
Thu Jan 30 14:16:12 Saved as file D:\DANH\DANH\ORCAD PROJECTS\COMERCIAL PROJECTS\COM_PRJ20(CONTROL)\COM_PRJ20_VER8.MAX
Thu Jan 30 14:16:44 Saved as file D:\DANH\DANH\ORCAD PROJECTS\COMERCIAL PROJECTS\COM_PRJ20(CONTROL)\COM_PRJ20_VER8.MAX
Thu Jan 30 14:17:13 Saved as file D:\DANH\DANH\ORCAD PROJECTS\COMERCIAL PROJECTS\COM_PRJ20(CONTROL)\COM_PRJ20_VER8.MAX
Thu Jan 30 14:17:40 Loaded file C:\Program Files\OrCAD\Layout_Plus\data\template.imp
Thu Jan 30 14:17:40 Loaded file C:\Program Files\OrCAD\Layout_Plus\data\template.imp
Thu Jan 30 14:17:41 Loaded file D:\MICA AND BOARD\DANH\DANH\DANH'S LIBS\DANHLIB.LLB
Thu Jan 30 14:17:44 Loaded file C:\Program Files\OrCAD\Layout_Plus\data\template.imp
Thu Jan 30 14:17:46 Loaded file C:\Program Files\OrCAD\Layout_Plus\data\template.imp
Thu Jan 30 14:18:08 Saved as file D:\DANH\DANH\ORCAD PROJECTS\COMERCIAL PROJECTS\COM_PRJ20(CONTROL)\COM_PRJ20_VER8.MAX
Thu Jan 30 14:18:08 Saved as file D:\DANH\DANH\ORCAD PROJECTS\COMERCIAL PROJECTS\COM_PRJ20(CONTROL)\COM_PRJ20_VER8.MAX
Thu Jan 30 14:18:32 Saved as file BACKUP1.MAX
Thu Jan 30 14:19:39 Saved as file D:\DANH\DANH\ORCAD PROJECTS\COMERCIAL PROJECTS\COM_PRJ20(CONTROL)\COM_PRJ20_VER8.MAX
Thu Jan 30 14:21:09 Saved as file D:\DANH\DANH\ORCAD PROJECTS\COMERCIAL PROJECTS\COM_PRJ20(CONTROL)\COM_PRJ20_VER8.MAX
Thu Jan 30 14:21:09 Saved as file D:\DANH\DANH\ORCAD PROJECTS\COMERCIAL PROJECTS\COM_PRJ20(CONTROL)\COM_PRJ20_VER8.MAX
Thu Jan 30 14:22:08 Saved as file D:\DANH\DANH\ORCAD PROJECTS\COMERCIAL PROJECTS\COM_PRJ20(CONTROL)\COM_PRJ20_VER8.MAX
Thu Jan 30 14:23:43 Saved as file D:\DANH\DANH\ORCAD PROJECTS\COMERCIAL PROJECTS\COM_PRJ20(CONTROL)\COM_PRJ20_VER8.MAX
Thu Jan 30 14:24:25 Saved as file D:\DANH\DANH\ORCAD PROJECTS\COMERCIAL PROJECTS\COM_PRJ20(CONTROL)\COM_PRJ20_VER8.MAX
Thu Jan 30 14:24:25 Saved as file D:\DANH\DANH\ORCAD PROJECTS\COMERCIAL PROJECTS\COM_PRJ20(CONTROL)\COM_PRJ20_VER8.MAX
Thu Jan 30 14:25:40 Saved as file D:\DANH\DANH\ORCAD PROJECTS\COMERCIAL PROJECTS\COM_PRJ20(CONTROL)\COM_PRJ20_VER8.MAX
Thu Jan 30 14:26:12 Saved as file D:\DANH\DANH\ORCAD PROJECTS\COMERCIAL PROJECTS\COM_PRJ20(CONTROL)\COM_PRJ20_VER8.MAX
Thu Jan 30 14:26:12 Saved as file D:\DANH\DANH\ORCAD PROJECTS\COMERCIAL PROJECTS\COM_PRJ20(CONTROL)\COM_PRJ20_VER8.MAX
Thu Jan 30 14:26:47 Saved as file D:\DANH\DANH\ORCAD PROJECTS\COMERCIAL PROJECTS\COM_PRJ20(CONTROL)\COM_PRJ20_VER8.MAX
Thu Jan 30 14:28:20 Saved as file D:\DANH\DANH\ORCAD PROJECTS\COMERCIAL PROJECTS\COM_PRJ20(CONTROL)\COM_PRJ20_VER8.MAX
Thu Jan 30 14:29:02 Saved as file BACKUP1.MAX
Thu Jan 30 14:30:54 Saved as file D:\DANH\DANH\ORCAD PROJECTS\COMERCIAL PROJECTS\COM_PRJ20(CONTROL)\COM_PRJ20_VER8.MAX
Thu Jan 30 14:31:08 Saved as file D:\DANH\DANH\ORCAD PROJECTS\COMERCIAL PROJECTS\COM_PRJ20(CONTROL)\COM_PRJ20_VER8.MAX
Thu Jan 30 14:31:14 Saved as file D:\DANH\DANH\ORCAD PROJECTS\COMERCIAL PROJECTS\COM_PRJ20(CONTROL)\COM_PRJ20_VER8.MAX
Thu Jan 30 14:32:00 Saved as file D:\DANH\DANH\ORCAD PROJECTS\COMERCIAL PROJECTS\COM_PRJ20(CONTROL)\COM_PRJ20_VER8.MAX
Thu Jan 30 14:33:26 Saved as file D:\DANH\DANH\ORCAD PROJECTS\COMERCIAL PROJECTS\COM_PRJ20(CONTROL)\COM_PRJ20_VER8.MAX
Thu Jan 30 14:35:27 Saved as file D:\DANH\DANH\ORCAD PROJECTS\COMERCIAL PROJECTS\COM_PRJ20(CONTROL)\COM_PRJ20_VER8.MAX
Thu Jan 30 14:36:13 Saved as file D:\DANH\DANH\ORCAD PROJECTS\COMERCIAL PROJECTS\COM_PRJ20(CONTROL)\COM_PRJ20_VER8.MAX
Thu Jan 30 14:36:52 Saved as file D:\DANH\DANH\ORCAD PROJECTS\COMERCIAL PROJECTS\COM_PRJ20(CONTROL)\COM_PRJ20_VER8.MAX
Thu Jan 30 14:39:32 Saved as file BACKUP1.MAX
Thu Jan 30 14:46:20 Saved as file D:\DANH\DANH\ORCAD PROJECTS\COMERCIAL PROJECTS\COM_PRJ20(CONTROL)\COM_PRJ20_VER8.MAX
Thu Jan 30 14:47:33 Saved as file D:\DANH\DANH\ORCAD PROJECTS\COMERCIAL PROJECTS\COM_PRJ20(CONTROL)\COM_PRJ20_VER8.MAX
Thu Jan 30 14:48:54 Saved as file D:\DANH\DANH\ORCAD PROJECTS\COMERCIAL PROJECTS\COM_PRJ20(CONTROL)\COM_PRJ20_VER8.MAX
Thu Jan 30 14:49:27 Saved as file D:\DANH\DANH\ORCAD PROJECTS\COMERCIAL PROJECTS\COM_PRJ20(CONTROL)\COM_PRJ20_VER8.MAX
Thu Jan 30 14:49:29 Saved as file D:\DANH\DANH\ORCAD PROJECTS\COMERCIAL PROJECTS\COM_PRJ20(CONTROL)\COM_PRJ20_VER8.MAX
Thu Jan 30 14:51:00 Saved as file D:\DANH\DANH\ORCAD PROJECTS\COMERCIAL PROJECTS\COM_PRJ20(CONTROL)\COM_PRJ20_VER8.MAX
Thu Jan 30 14:52:12 Saved as file D:\DANH\DANH\ORCAD PROJECTS\COMERCIAL PROJECTS\COM_PRJ20(CONTROL)\COM_PRJ20_VER8.MAX
Thu Jan 30 14:52:13 Saved as file D:\DANH\DANH\ORCAD PROJECTS\COMERCIAL PROJECTS\COM_PRJ20(CONTROL)\COM_PRJ20_VER8.MAX
Thu Jan 30 14:53:02 Saved as file BACKUP1.MAX
Thu Jan 30 14:53:59 Saved as file D:\DANH\DANH\ORCAD PROJECTS\COMERCIAL PROJECTS\COM_PRJ20(CONTROL)\COM_PRJ20_VER8.MAX
Thu Jan 30 14:53:59 Saved as file D:\DANH\DANH\ORCAD PROJECTS\COMERCIAL PROJECTS\COM_PRJ20(CONTROL)\COM_PRJ20_VER8.MAX
Thu Jan 30 14:56:05 Saved as file D:\DANH\DANH\ORCAD PROJECTS\COMERCIAL PROJECTS\COM_PRJ20(CONTROL)\COM_PRJ20_VER8.MAX
Thu Jan 30 14:56:34 Saved as file D:\DANH\DANH\ORCAD PROJECTS\COMERCIAL PROJECTS\COM_PRJ20(CONTROL)\COM_PRJ20_VER8.MAX
Thu Jan 30 14:56:34 Saved as file D:\DANH\DANH\ORCAD PROJECTS\COMERCIAL PROJECTS\COM_PRJ20(CONTROL)\COM_PRJ20_VER8.MAX
Thu Jan 30 14:56:34 Saved as file D:\DANH\DANH\ORCAD PROJECTS\COMERCIAL PROJECTS\COM_PRJ20(CONTROL)\COM_PRJ20_VER8.MAX
Thu Jan 30 14:57:24 Saved as file D:\DANH\DANH\ORCAD PROJECTS\COMERCIAL PROJECTS\COM_PRJ20(CONTROL)\COM_PRJ20_VER8.MAX
Thu Jan 30 14:57:24 Saved as file D:\DANH\DANH\ORCAD PROJECTS\COMERCIAL PROJECTS\COM_PRJ20(CONTROL)\COM_PRJ20_VER8.MAX
Thu Jan 30 14:57:25 Saved as file D:\DANH\DANH\ORCAD PROJECTS\COMERCIAL PROJECTS\COM_PRJ20(CONTROL)\COM_PRJ20_VER8.MAX
Thu Jan 30 14:58:16 Saved as file D:\DANH\DANH\ORCAD PROJECTS\COMERCIAL PROJECTS\COM_PRJ20(CONTROL)\COM_PRJ20_VER8.MAX
Thu Jan 30 14:58:16 Saved as file D:\DANH\DANH\ORCAD PROJECTS\COMERCIAL PROJECTS\COM_PRJ20(CONTROL)\COM_PRJ20_VER8.MAX
Thu Jan 30 14:58:20 Saved as file D:\DANH\DANH\ORCAD PROJECTS\COMERCIAL PROJECTS\COM_PRJ20(CONTROL)\COM_PRJ20_VER8.MAX
Thu Jan 30 14:59:43 Saved as file D:\DANH\DANH\ORCAD PROJECTS\COMERCIAL PROJECTS\COM_PRJ20(CONTROL)\COM_PRJ20_VER8.MAX
Thu Jan 30 14:59:54 Saved as file D:\DANH\DANH\ORCAD PROJECTS\COMERCIAL PROJECTS\COM_PRJ20(CONTROL)\COM_PRJ20_VER8.MAX
Thu Jan 30 14:59:58 Saved as file D:\DANH\DANH\ORCAD PROJECTS\COMERCIAL PROJECTS\COM_PRJ20(CONTROL)\COM_PRJ20_VER8.MAX
Thu Jan 30 15:00:11 Saved as file D:\DANH\DANH\ORCAD PROJECTS\COMERCIAL PROJECTS\COM_PRJ20(CONTROL)\COM_PRJ20_VER8.MAX
Thu Jan 30 15:00:12 Saved as file D:\DANH\DANH\ORCAD PROJECTS\COMERCIAL PROJECTS\COM_PRJ20(CONTROL)\COM_PRJ20_VER8.MAX
Thu Jan 30 15:01:39 Saved as file Backup0.max
Thu Jan 30 15:01:39 Windows which were open at time of error:
Thu Jan 30 15:01:39 	ActiveWindow: &Design
Thu Jan 30 15:01:39 	Icon: &Components
Thu Jan 30 15:01:39 	Icon: Post Proces&s
Thu Jan 30 15:01:39 	Icon: &Nets
Thu Jan 30 15:01:39 End-of-list
Thu Jan 30 15:01:39 Loaded file BACKUP0.MAX
Thu Jan 30 15:01:45 Saved as file D:\DANH\DANH\ORCAD PROJECTS\COMERCIAL PROJECTS\COM_PRJ20(CONTROL)\COM_PRJ20_VER8.MAX
Thu Jan 30 15:02:32 Saved as file D:\DANH\DANH\ORCAD PROJECTS\COMERCIAL PROJECTS\COM_PRJ20(CONTROL)\COM_PRJ20_VER8.MAX
Thu Jan 30 15:02:32 Saved as file D:\DANH\DANH\ORCAD PROJECTS\COMERCIAL PROJECTS\COM_PRJ20(CONTROL)\COM_PRJ20_VER8.MAX
Thu Jan 30 15:03:25 Saved as file D:\DANH\DANH\ORCAD PROJECTS\COMERCIAL PROJECTS\COM_PRJ20(CONTROL)\COM_PRJ20_VER8.MAX
Thu Jan 30 15:12:09 Saved as file BACKUP1.MAX
Thu Jan 30 15:16:28 Saved as file D:\DANH\DANH\ORCAD PROJECTS\COMERCIAL PROJECTS\COM_PRJ20(CONTROL)\COM_PRJ20_VER8.MAX
Thu Jan 30 15:19:52 Saved as file D:\DANH\DANH\ORCAD PROJECTS\COMERCIAL PROJECTS\COM_PRJ20(CONTROL)\COM_PRJ20_VER8.MAX
Thu Jan 30 15:19:52 Saved as file D:\DANH\DANH\ORCAD PROJECTS\COMERCIAL PROJECTS\COM_PRJ20(CONTROL)\COM_PRJ20_VER8.MAX
Thu Jan 30 15:20:44 Saved as file D:\DANH\DANH\ORCAD PROJECTS\COMERCIAL PROJECTS\COM_PRJ20(CONTROL)\COM_PRJ20_VER8.MAX
Thu Jan 30 15:22:09 Saved as file D:\DANH\DANH\ORCAD PROJECTS\COMERCIAL PROJECTS\COM_PRJ20(CONTROL)\COM_PRJ20_VER8.MAX
Thu Jan 30 15:22:17 Saved as file D:\DANH\DANH\ORCAD PROJECTS\COMERCIAL PROJECTS\COM_PRJ20(CONTROL)\COM_PRJ20_VER8.MAX
Thu Jan 30 15:22:39 Saved as file BACKUP1.MAX
Thu Jan 30 15:26:31 Saved as file D:\DANH\DANH\ORCAD PROJECTS\COMERCIAL PROJECTS\COM_PRJ20(CONTROL)\COM_PRJ20_VER8.MAX
Thu Jan 30 15:27:31 Saved as file D:\DANH\DANH\ORCAD PROJECTS\COMERCIAL PROJECTS\COM_PRJ20(CONTROL)\COM_PRJ20_VER8.MAX
Thu Jan 30 15:27:31 Saved as file D:\DANH\DANH\ORCAD PROJECTS\COMERCIAL PROJECTS\COM_PRJ20(CONTROL)\COM_PRJ20_VER8.MAX
Thu Jan 30 15:27:55 Saved as file D:\DANH\DANH\ORCAD PROJECTS\COMERCIAL PROJECTS\COM_PRJ20(CONTROL)\COM_PRJ20_VER8.MAX
Thu Jan 30 15:29:49 Saved as file D:\DANH\DANH\ORCAD PROJECTS\COMERCIAL PROJECTS\COM_PRJ20(CONTROL)\COM_PRJ20_VER8.MAX
Thu Jan 30 15:29:49 Saved as file D:\DANH\DANH\ORCAD PROJECTS\COMERCIAL PROJECTS\COM_PRJ20(CONTROL)\COM_PRJ20_VER8.MAX
Thu Jan 30 15:30:43 Saved as file D:\DANH\DANH\ORCAD PROJECTS\COMERCIAL PROJECTS\COM_PRJ20(CONTROL)\COM_PRJ20_VER8.MAX
Thu Jan 30 15:30:43 Saved as file D:\DANH\DANH\ORCAD PROJECTS\COMERCIAL PROJECTS\COM_PRJ20(CONTROL)\COM_PRJ20_VER8.MAX
Thu Jan 30 15:31:45 Saved as file D:\DANH\DANH\ORCAD PROJECTS\COMERCIAL PROJECTS\COM_PRJ20(CONTROL)\COM_PRJ20_VER8.MAX
Thu Jan 30 15:33:09 Saved as file BACKUP1.MAX
Thu Jan 30 15:37:35 Saved as file D:\DANH\DANH\ORCAD PROJECTS\COMERCIAL PROJECTS\COM_PRJ20(CONTROL)\COM_PRJ20_VER8.MAX
Thu Jan 30 15:40:17 Saved as file D:\DANH\DANH\ORCAD PROJECTS\COMERCIAL PROJECTS\COM_PRJ20(CONTROL)\COM_PRJ20_VER8.MAX
Thu Jan 30 15:40:29 Saved as file D:\DANH\DANH\ORCAD PROJECTS\COMERCIAL PROJECTS\COM_PRJ20(CONTROL)\COM_PRJ20_VER8.MAX
Thu Jan 30 15:42:57 Saved as file D:\DANH\DANH\ORCAD PROJECTS\COMERCIAL PROJECTS\COM_PRJ20(CONTROL)\COM_PRJ20_VER8.MAX
Thu Jan 30 15:43:35 Saved as file D:\DANH\DANH\ORCAD PROJECTS\COMERCIAL PROJECTS\COM_PRJ20(CONTROL)\COM_PRJ20_VER8.MAX
Thu Jan 30 15:43:39 Saved as file BACKUP1.MAX
Thu Jan 30 15:44:27 Saved as file D:\DANH\DANH\ORCAD PROJECTS\COMERCIAL PROJECTS\COM_PRJ20(CONTROL)\COM_PRJ20_VER8.MAX
Thu Jan 30 15:44:37 Saved as file D:\DANH\DANH\ORCAD PROJECTS\COMERCIAL PROJECTS\COM_PRJ20(CONTROL)\COM_PRJ20_VER8.MAX
Thu Jan 30 15:45:02 Saved as file D:\DANH\DANH\ORCAD PROJECTS\COMERCIAL PROJECTS\COM_PRJ20(CONTROL)\COM_PRJ20_VER8.MAX
Thu Jan 30 15:45:08 Saved as file D:\DANH\DANH\ORCAD PROJECTS\COMERCIAL PROJECTS\COM_PRJ20(CONTROL)\COM_PRJ20_VER8.MAX
Thu Jan 30 15:45:09 Saved as file D:\DANH\DANH\ORCAD PROJECTS\COMERCIAL PROJECTS\COM_PRJ20(CONTROL)\COM_PRJ20_VER8.MAX
Thu Jan 30 15:46:12 Saved as file D:\DANH\DANH\ORCAD PROJECTS\COMERCIAL PROJECTS\COM_PRJ20(CONTROL)\COM_PRJ20_VER8.MAX
Thu Jan 30 15:46:29 Saved as file D:\DANH\DANH\ORCAD PROJECTS\COMERCIAL PROJECTS\COM_PRJ20(CONTROL)\COM_PRJ20_VER8.MAX
Thu Jan 30 15:46:54 Saved as file D:\DANH\DANH\ORCAD PROJECTS\COMERCIAL PROJECTS\COM_PRJ20(CONTROL)\COM_PRJ20_VER8.MAX
Thu Jan 30 15:49:15 Saved as file D:\DANH\DANH\ORCAD PROJECTS\COMERCIAL PROJECTS\COM_PRJ20(CONTROL)\COM_PRJ20_VER8.MAX
Thu Jan 30 15:49:16 Saved as file D:\DANH\DANH\ORCAD PROJECTS\COMERCIAL PROJECTS\COM_PRJ20(CONTROL)\COM_PRJ20_VER8.MAX
Thu Jan 30 15:50:27 Saved as file D:\DANH\DANH\ORCAD PROJECTS\COMERCIAL PROJECTS\COM_PRJ20(CONTROL)\COM_PRJ20_VER8.MAX
Thu Jan 30 15:51:47 Saved as file D:\DANH\DANH\ORCAD PROJECTS\COMERCIAL PROJECTS\COM_PRJ20(CONTROL)\COM_PRJ20_VER8.MAX
Thu Jan 30 15:51:47 Saved as file D:\DANH\DANH\ORCAD PROJECTS\COMERCIAL PROJECTS\COM_PRJ20(CONTROL)\COM_PRJ20_VER8.MAX
Thu Jan 30 15:51:47 Saved as file D:\DANH\DANH\ORCAD PROJECTS\COMERCIAL PROJECTS\COM_PRJ20(CONTROL)\COM_PRJ20_VER8.MAX
Thu Jan 30 15:52:14 Saved as file D:\DANH\DANH\ORCAD PROJECTS\COMERCIAL PROJECTS\COM_PRJ20(CONTROL)\COM_PRJ20_VER8.MAX
Thu Jan 30 15:52:14 Saved as file D:\DANH\DANH\ORCAD PROJECTS\COMERCIAL PROJECTS\COM_PRJ20(CONTROL)\COM_PRJ20_VER8.MAX
Thu Jan 30 15:52:30 Saved as file D:\DANH\DANH\ORCAD PROJECTS\COMERCIAL PROJECTS\COM_PRJ20(CONTROL)\COM_PRJ20_VER8.MAX
Thu Jan 30 15:52:34 Saved as file D:\DANH\DANH\ORCAD PROJECTS\COMERCIAL PROJECTS\COM_PRJ20(CONTROL)\COM_PRJ20_VER8.MAX
Thu Jan 30 15:53:08 Saved as file D:\DANH\DANH\ORCAD PROJECTS\COMERCIAL PROJECTS\COM_PRJ20(CONTROL)\COM_PRJ20_VER8.MAX
Thu Jan 30 15:53:27 Saved as file D:\DANH\DANH\ORCAD PROJECTS\COMERCIAL PROJECTS\COM_PRJ20(CONTROL)\COM_PRJ20_VER8.MAX
Thu Jan 30 15:53:28 Saved as file D:\DANH\DANH\ORCAD PROJECTS\COMERCIAL PROJECTS\COM_PRJ20(CONTROL)\COM_PRJ20_VER8.MAX
Thu Jan 30 15:53:28 Saved as file D:\DANH\DANH\ORCAD PROJECTS\COMERCIAL PROJECTS\COM_PRJ20(CONTROL)\COM_PRJ20_VER8.MAX
Thu Jan 30 15:54:09 Saved as file BACKUP1.MAX
Thu Jan 30 15:54:14 Saved as file D:\DANH\DANH\ORCAD PROJECTS\COMERCIAL PROJECTS\COM_PRJ20(CONTROL)\COM_PRJ20_VER8.MAX
Thu Jan 30 15:54:27 Saved as file D:\DANH\DANH\ORCAD PROJECTS\COMERCIAL PROJECTS\COM_PRJ20(CONTROL)\COM_PRJ20_VER8.MAX
Thu Jan 30 15:55:43 Saved as file D:\DANH\DANH\ORCAD PROJECTS\COMERCIAL PROJECTS\COM_PRJ20(CONTROL)\COM_PRJ20_VER8.MAX
Thu Jan 30 15:56:23 Saved as file D:\DANH\DANH\ORCAD PROJECTS\COMERCIAL PROJECTS\COM_PRJ20(CONTROL)\COM_PRJ20_VER8.MAX
Thu Jan 30 15:57:11 Saved as file D:\DANH\DANH\ORCAD PROJECTS\COMERCIAL PROJECTS\COM_PRJ20(CONTROL)\COM_PRJ20_VER8.MAX
Thu Jan 30 15:58:52 Saved as file D:\DANH\DANH\ORCAD PROJECTS\COMERCIAL PROJECTS\COM_PRJ20(CONTROL)\COM_PRJ20_VER8.MAX
Thu Jan 30 15:58:58 Saved as file D:\DANH\DANH\ORCAD PROJECTS\COMERCIAL PROJECTS\COM_PRJ20(CONTROL)\COM_PRJ20_VER8.MAX
Thu Jan 30 15:58:58 Saved as file D:\DANH\DANH\ORCAD PROJECTS\COMERCIAL PROJECTS\COM_PRJ20(CONTROL)\COM_PRJ20_VER8.MAX
Thu Jan 30 15:59:20 Saved as file D:\DANH\DANH\ORCAD PROJECTS\COMERCIAL PROJECTS\COM_PRJ20(CONTROL)\COM_PRJ20_VER8.MAX
Thu Jan 30 16:00:00 Saved as file D:\DANH\DANH\ORCAD PROJECTS\COMERCIAL PROJECTS\COM_PRJ20(CONTROL)\COM_PRJ20_VER8.MAX
Thu Jan 30 16:00:48 Saved as file D:\DANH\DANH\ORCAD PROJECTS\COMERCIAL PROJECTS\COM_PRJ20(CONTROL)\COM_PRJ20_VER8.MAX
Thu Jan 30 16:02:41 Saved as file D:\DANH\DANH\ORCAD PROJECTS\COMERCIAL PROJECTS\COM_PRJ20(CONTROL)\COM_PRJ20_VER8.MAX
Thu Jan 30 16:04:39 Saved as file BACKUP1.MAX
Thu Jan 30 16:06:50 Saved as file D:\DANH\DANH\ORCAD PROJECTS\COMERCIAL PROJECTS\COM_PRJ20(CONTROL)\COM_PRJ20_VER8.MAX
Thu Jan 30 16:10:42 Saved as file D:\DANH\DANH\ORCAD PROJECTS\COMERCIAL PROJECTS\COM_PRJ20(CONTROL)\COM_PRJ20_VER8.MAX
Thu Jan 30 16:12:26 Saved as file D:\DANH\DANH\ORCAD PROJECTS\COMERCIAL PROJECTS\COM_PRJ20(CONTROL)\COM_PRJ20_VER8.MAX
Thu Jan 30 16:12:26 Saved as file D:\DANH\DANH\ORCAD PROJECTS\COMERCIAL PROJECTS\COM_PRJ20(CONTROL)\COM_PRJ20_VER8.MAX
Thu Jan 30 16:13:26 Saved as file D:\DANH\DANH\ORCAD PROJECTS\COMERCIAL PROJECTS\COM_PRJ20(CONTROL)\COM_PRJ20_VER8.MAX
Thu Jan 30 16:15:09 Saved as file BACKUP1.MAX
Thu Jan 30 16:15:23 Saved as file D:\DANH\DANH\ORCAD PROJECTS\COMERCIAL PROJECTS\COM_PRJ20(CONTROL)\COM_PRJ20_VER8.MAX
Thu Jan 30 16:15:35 Saved as file D:\DANH\DANH\ORCAD PROJECTS\COMERCIAL PROJECTS\COM_PRJ20(CONTROL)\COM_PRJ20_VER8.MAX
Thu Jan 30 16:15:44 Saved as file D:\DANH\DANH\ORCAD PROJECTS\COMERCIAL PROJECTS\COM_PRJ20(CONTROL)\COM_PRJ20_VER8.MAX
Thu Jan 30 16:15:50 Saved as file D:\DANH\DANH\ORCAD PROJECTS\COMERCIAL PROJECTS\COM_PRJ20(CONTROL)\COM_PRJ20_VER8.MAX
Thu Jan 30 16:16:30 Saved as file D:\DANH\DANH\ORCAD PROJECTS\COMERCIAL PROJECTS\COM_PRJ20(CONTROL)\COM_PRJ20_VER8.MAX
Thu Jan 30 16:18:36 Saved as file D:\DANH\DANH\ORCAD PROJECTS\COMERCIAL PROJECTS\COM_PRJ20(CONTROL)\COM_PRJ20_VER8.MAX
Thu Jan 30 16:19:02 Saved as file D:\DANH\DANH\ORCAD PROJECTS\COMERCIAL PROJECTS\COM_PRJ20(CONTROL)\COM_PRJ20_VER8.MAX
Thu Jan 30 16:20:24 Saved as file D:\DANH\DANH\ORCAD PROJECTS\COMERCIAL PROJECTS\COM_PRJ20(CONTROL)\COM_PRJ20_VER8.MAX
Thu Jan 30 16:20:31 Saved as file D:\DANH\DANH\ORCAD PROJECTS\COMERCIAL PROJECTS\COM_PRJ20(CONTROL)\COM_PRJ20_VER8.MAX
Thu Jan 30 16:20:31 Saved as file D:\DANH\DANH\ORCAD PROJECTS\COMERCIAL PROJECTS\COM_PRJ20(CONTROL)\COM_PRJ20_VER8.MAX
Thu Jan 30 16:23:53 Saved as file D:\DANH\DANH\ORCAD PROJECTS\COMERCIAL PROJECTS\COM_PRJ20(CONTROL)\COM_PRJ20_VER8.MAX
Thu Jan 30 16:25:55 Saved as file D:\DANH\DANH\ORCAD PROJECTS\COMERCIAL PROJECTS\COM_PRJ20(CONTROL)\COM_PRJ20_VER8.MAX
Thu Jan 30 16:25:56 Saved as file D:\DANH\DANH\ORCAD PROJECTS\COMERCIAL PROJECTS\COM_PRJ20(CONTROL)\COM_PRJ20_VER8.MAX
Thu Jan 30 16:27:18 Saved as file D:\DANH\DANH\ORCAD PROJECTS\COMERCIAL PROJECTS\COM_PRJ20(CONTROL)\COM_PRJ20_VER8.MAX
Thu Jan 30 16:27:18 Saved as file D:\DANH\DANH\ORCAD PROJECTS\COMERCIAL PROJECTS\COM_PRJ20(CONTROL)\COM_PRJ20_VER8.MAX
Thu Jan 30 16:27:18 Saved as file D:\DANH\DANH\ORCAD PROJECTS\COMERCIAL PROJECTS\COM_PRJ20(CONTROL)\COM_PRJ20_VER8.MAX
Thu Jan 30 16:27:24 Saved as file D:\DANH\DANH\ORCAD PROJECTS\COMERCIAL PROJECTS\COM_PRJ20(CONTROL)\COM_PRJ20_VER8.MAX
Thu Jan 30 16:27:25 Saved as file D:\DANH\DANH\ORCAD PROJECTS\COMERCIAL PROJECTS\COM_PRJ20(CONTROL)\COM_PRJ20_VER8.MAX
Thu Jan 30 16:27:43 Saved as file D:\DANH\DANH\ORCAD PROJECTS\COMERCIAL PROJECTS\COM_PRJ20(CONTROL)\COM_PRJ20_VER8.MAX
Thu Jan 30 16:28:29 Saved as file D:\DANH\DANH\ORCAD PROJECTS\COMERCIAL PROJECTS\COM_PRJ20(CONTROL)\COM_PRJ20_VER8.MAX
Thu Jan 30 16:28:29 Saved as file D:\DANH\DANH\ORCAD PROJECTS\COMERCIAL PROJECTS\COM_PRJ20(CONTROL)\COM_PRJ20_VER8.MAX
Thu Jan 30 16:28:29 Saved as file D:\DANH\DANH\ORCAD PROJECTS\COMERCIAL PROJECTS\COM_PRJ20(CONTROL)\COM_PRJ20_VER8.MAX
Thu Jan 30 16:28:30 Saved as file D:\DANH\DANH\ORCAD PROJECTS\COMERCIAL PROJECTS\COM_PRJ20(CONTROL)\COM_PRJ20_VER8.MAX
Thu Jan 30 16:30:00 Saved as file D:\DANH\DANH\ORCAD PROJECTS\COMERCIAL PROJECTS\COM_PRJ20(CONTROL)\COM_PRJ20_VER8.MAX
Thu Jan 30 16:30:14 Saved as file D:\DANH\DANH\ORCAD PROJECTS\COMERCIAL PROJECTS\COM_PRJ20(CONTROL)\COM_PRJ20_VER8.MAX
Thu Jan 30 16:30:14 Saved as file D:\DANH\DANH\ORCAD PROJECTS\COMERCIAL PROJECTS\COM_PRJ20(CONTROL)\COM_PRJ20_VER8.MAX
Thu Jan 30 16:30:14 Saved as file D:\DANH\DANH\ORCAD PROJECTS\COMERCIAL PROJECTS\COM_PRJ20(CONTROL)\COM_PRJ20_VER8.MAX
Thu Jan 30 16:30:49 Saved as file D:\DANH\DANH\ORCAD PROJECTS\COMERCIAL PROJECTS\COM_PRJ20(CONTROL)\COM_PRJ20_VER8.MAX
Thu Jan 30 16:30:49 Saved as file D:\DANH\DANH\ORCAD PROJECTS\COMERCIAL PROJECTS\COM_PRJ20(CONTROL)\COM_PRJ20_VER8.MAX
Thu Jan 30 16:30:57 Saved as file D:\DANH\DANH\ORCAD PROJECTS\COMERCIAL PROJECTS\COM_PRJ20(CONTROL)\COM_PRJ20_VER8.MAX
Thu Jan 30 16:30:57 Saved as file D:\DANH\DANH\ORCAD PROJECTS\COMERCIAL PROJECTS\COM_PRJ20(CONTROL)\COM_PRJ20_VER8.MAX
Thu Jan 30 16:30:57 Saved as file D:\DANH\DANH\ORCAD PROJECTS\COMERCIAL PROJECTS\COM_PRJ20(CONTROL)\COM_PRJ20_VER8.MAX
Thu Jan 30 16:31:10 Saved as file D:\DANH\DANH\ORCAD PROJECTS\COMERCIAL PROJECTS\COM_PRJ20(CONTROL)\COM_PRJ20_VER8.MAX
Thu Jan 30 16:31:11 Saved as file D:\DANH\DANH\ORCAD PROJECTS\COMERCIAL PROJECTS\COM_PRJ20(CONTROL)\COM_PRJ20_VER8.MAX
Thu Jan 30 16:31:11 Saved as file D:\DANH\DANH\ORCAD PROJECTS\COMERCIAL PROJECTS\COM_PRJ20(CONTROL)\COM_PRJ20_VER8.MAX
Thu Jan 30 16:31:22 Saved as file D:\DANH\DANH\ORCAD PROJECTS\COMERCIAL PROJECTS\COM_PRJ20(CONTROL)\COM_PRJ20_VER8.MAX
Thu Jan 30 16:31:46 Saved as file D:\DANH\DANH\ORCAD PROJECTS\COMERCIAL PROJECTS\COM_PRJ20(CONTROL)\COM_PRJ20_VER8.MAX
Thu Jan 30 16:31:46 Saved as file D:\DANH\DANH\ORCAD PROJECTS\COMERCIAL PROJECTS\COM_PRJ20(CONTROL)\COM_PRJ20_VER8.MAX
Thu Jan 30 16:31:46 Saved as file D:\DANH\DANH\ORCAD PROJECTS\COMERCIAL PROJECTS\COM_PRJ20(CONTROL)\COM_PRJ20_VER8.MAX
Thu Jan 30 16:31:46 Saved as file D:\DANH\DANH\ORCAD PROJECTS\COMERCIAL PROJECTS\COM_PRJ20(CONTROL)\COM_PRJ20_VER8.MAX
Thu Jan 30 16:31:58 Saved as file D:\DANH\DANH\ORCAD PROJECTS\COMERCIAL PROJECTS\COM_PRJ20(CONTROL)\COM_PRJ20_VER8.MAX
Thu Jan 30 16:31:58 Saved as file D:\DANH\DANH\ORCAD PROJECTS\COMERCIAL PROJECTS\COM_PRJ20(CONTROL)\COM_PRJ20_VER8.MAX
Thu Jan 30 16:31:58 Saved as file D:\DANH\DANH\ORCAD PROJECTS\COMERCIAL PROJECTS\COM_PRJ20(CONTROL)\COM_PRJ20_VER8.MAX
Thu Jan 30 16:32:27 Saved as file D:\DANH\DANH\ORCAD PROJECTS\COMERCIAL PROJECTS\COM_PRJ20(CONTROL)\COM_PRJ20_VER8.MAX
Thu Jan 30 16:32:27 Saved as file D:\DANH\DANH\ORCAD PROJECTS\COMERCIAL PROJECTS\COM_PRJ20(CONTROL)\COM_PRJ20_VER8.MAX
Thu Jan 30 16:32:27 Saved as file D:\DANH\DANH\ORCAD PROJECTS\COMERCIAL PROJECTS\COM_PRJ20(CONTROL)\COM_PRJ20_VER8.MAX
Thu Jan 30 16:32:27 Saved as file D:\DANH\DANH\ORCAD PROJECTS\COMERCIAL PROJECTS\COM_PRJ20(CONTROL)\COM_PRJ20_VER8.MAX
Thu Jan 30 16:32:27 Saved as file D:\DANH\DANH\ORCAD PROJECTS\COMERCIAL PROJECTS\COM_PRJ20(CONTROL)\COM_PRJ20_VER8.MAX
Thu Jan 30 16:32:38 Saved as file D:\DANH\DANH\ORCAD PROJECTS\COMERCIAL PROJECTS\COM_PRJ20(CONTROL)\COM_PRJ20_VER8.MAX
Thu Jan 30 16:32:39 Saved as file D:\DANH\DANH\ORCAD PROJECTS\COMERCIAL PROJECTS\COM_PRJ20(CONTROL)\COM_PRJ20_VER8.MAX
Thu Jan 30 16:32:39 Saved as file D:\DANH\DANH\ORCAD PROJECTS\COMERCIAL PROJECTS\COM_PRJ20(CONTROL)\COM_PRJ20_VER8.MAX
Thu Jan 30 16:32:39 Saved as file D:\DANH\DANH\ORCAD PROJECTS\COMERCIAL PROJECTS\COM_PRJ20(CONTROL)\COM_PRJ20_VER8.MAX
Thu Jan 30 16:32:39 Saved as file D:\DANH\DANH\ORCAD PROJECTS\COMERCIAL PROJECTS\COM_PRJ20(CONTROL)\COM_PRJ20_VER8.MAX
Thu Jan 30 16:32:39 Saved as file D:\DANH\DANH\ORCAD PROJECTS\COMERCIAL PROJECTS\COM_PRJ20(CONTROL)\COM_PRJ20_VER8.MAX
Thu Jan 30 16:32:39 Saved as file D:\DANH\DANH\ORCAD PROJECTS\COMERCIAL PROJECTS\COM_PRJ20(CONTROL)\COM_PRJ20_VER8.MAX
Thu Jan 30 16:32:45 Saved as file D:\DANH\DANH\ORCAD PROJECTS\COMERCIAL PROJECTS\COM_PRJ20(CONTROL)\COM_PRJ20_VER8.MAX
Thu Jan 30 16:32:45 Saved as file D:\DANH\DANH\ORCAD PROJECTS\COMERCIAL PROJECTS\COM_PRJ20(CONTROL)\COM_PRJ20_VER8.MAX
Thu Jan 30 16:32:54 Saved as file D:\DANH\DANH\ORCAD PROJECTS\COMERCIAL PROJECTS\COM_PRJ20(CONTROL)\COM_PRJ20_VER8.MAX
Thu Jan 30 16:32:54 Saved as file D:\DANH\DANH\ORCAD PROJECTS\COMERCIAL PROJECTS\COM_PRJ20(CONTROL)\COM_PRJ20_VER8.MAX
Thu Jan 30 16:32:54 Saved as file D:\DANH\DANH\ORCAD PROJECTS\COMERCIAL PROJECTS\COM_PRJ20(CONTROL)\COM_PRJ20_VER8.MAX
Thu Jan 30 16:33:17 Saved as file D:\DANH\DANH\ORCAD PROJECTS\COMERCIAL PROJECTS\COM_PRJ20(CONTROL)\COM_PRJ20_VER8.MAX
Thu Jan 30 16:33:18 Saved as file D:\DANH\DANH\ORCAD PROJECTS\COMERCIAL PROJECTS\COM_PRJ20(CONTROL)\COM_PRJ20_VER8.MAX
Thu Jan 30 16:33:31 Saved as file D:\DANH\DANH\ORCAD PROJECTS\COMERCIAL PROJECTS\COM_PRJ20(CONTROL)\COM_PRJ20_VER8.MAX
Thu Jan 30 16:33:31 Saved as file D:\DANH\DANH\ORCAD PROJECTS\COMERCIAL PROJECTS\COM_PRJ20(CONTROL)\COM_PRJ20_VER8.MAX
Thu Jan 30 16:33:32 Saved as file D:\DANH\DANH\ORCAD PROJECTS\COMERCIAL PROJECTS\COM_PRJ20(CONTROL)\COM_PRJ20_VER8.MAX
Thu Jan 30 16:33:32 Saved as file D:\DANH\DANH\ORCAD PROJECTS\COMERCIAL PROJECTS\COM_PRJ20(CONTROL)\COM_PRJ20_VER8.MAX
Thu Jan 30 16:33:46 Saved as file D:\DANH\DANH\ORCAD PROJECTS\COMERCIAL PROJECTS\COM_PRJ20(CONTROL)\COM_PRJ20_VER8.MAX
Thu Jan 30 16:33:46 Saved as file D:\DANH\DANH\ORCAD PROJECTS\COMERCIAL PROJECTS\COM_PRJ20(CONTROL)\COM_PRJ20_VER8.MAX
Thu Jan 30 16:33:47 Saved as file D:\DANH\DANH\ORCAD PROJECTS\COMERCIAL PROJECTS\COM_PRJ20(CONTROL)\COM_PRJ20_VER8.MAX
Thu Jan 30 16:33:47 Saved as file D:\DANH\DANH\ORCAD PROJECTS\COMERCIAL PROJECTS\COM_PRJ20(CONTROL)\COM_PRJ20_VER8.MAX
Thu Jan 30 16:33:47 Saved as file D:\DANH\DANH\ORCAD PROJECTS\COMERCIAL PROJECTS\COM_PRJ20(CONTROL)\COM_PRJ20_VER8.MAX
Thu Jan 30 16:33:57 Saved as file D:\DANH\DANH\ORCAD PROJECTS\COMERCIAL PROJECTS\COM_PRJ20(CONTROL)\COM_PRJ20_VER8.MAX
Thu Jan 30 16:34:24 Saved as file D:\DANH\DANH\ORCAD PROJECTS\COMERCIAL PROJECTS\COM_PRJ20(CONTROL)\COM_PRJ20_VER8.MAX
Thu Jan 30 16:34:24 Saved as file D:\DANH\DANH\ORCAD PROJECTS\COMERCIAL PROJECTS\COM_PRJ20(CONTROL)\COM_PRJ20_VER8.MAX
Thu Jan 30 16:34:24 Saved as file D:\DANH\DANH\ORCAD PROJECTS\COMERCIAL PROJECTS\COM_PRJ20(CONTROL)\COM_PRJ20_VER8.MAX
Thu Jan 30 16:35:01 Saved as file D:\DANH\DANH\ORCAD PROJECTS\COMERCIAL PROJECTS\COM_PRJ20(CONTROL)\COM_PRJ20_VER8.MAX
Thu Jan 30 16:35:01 Saved as file D:\DANH\DANH\ORCAD PROJECTS\COMERCIAL PROJECTS\COM_PRJ20(CONTROL)\COM_PRJ20_VER8.MAX
Thu Jan 30 16:35:01 Saved as file D:\DANH\DANH\ORCAD PROJECTS\COMERCIAL PROJECTS\COM_PRJ20(CONTROL)\COM_PRJ20_VER8.MAX
Thu Jan 30 16:35:25 Saved as file D:\DANH\DANH\ORCAD PROJECTS\COMERCIAL PROJECTS\COM_PRJ20(CONTROL)\COM_PRJ20_VER8.MAX
Thu Jan 30 16:35:46 Saved as file D:\DANH\DANH\ORCAD PROJECTS\COMERCIAL PROJECTS\COM_PRJ20(CONTROL)\COM_PRJ20_VER8.MAX
Thu Jan 30 16:35:46 Saved as file D:\DANH\DANH\ORCAD PROJECTS\COMERCIAL PROJECTS\COM_PRJ20(CONTROL)\COM_PRJ20_VER8.MAX
Thu Jan 30 16:35:47 Saved as file D:\DANH\DANH\ORCAD PROJECTS\COMERCIAL PROJECTS\COM_PRJ20(CONTROL)\COM_PRJ20_VER8.MAX
Thu Jan 30 16:35:47 Saved as file D:\DANH\DANH\ORCAD PROJECTS\COMERCIAL PROJECTS\COM_PRJ20(CONTROL)\COM_PRJ20_VER8.MAX
Thu Jan 30 16:35:47 Saved as file D:\DANH\DANH\ORCAD PROJECTS\COMERCIAL PROJECTS\COM_PRJ20(CONTROL)\COM_PRJ20_VER8.MAX
Thu Jan 30 16:35:47 Saved as file D:\DANH\DANH\ORCAD PROJECTS\COMERCIAL PROJECTS\COM_PRJ20(CONTROL)\COM_PRJ20_VER8.MAX
Thu Jan 30 16:35:47 Saved as file D:\DANH\DANH\ORCAD PROJECTS\COMERCIAL PROJECTS\COM_PRJ20(CONTROL)\COM_PRJ20_VER8.MAX
Thu Jan 30 16:35:53 Saved as file D:\DANH\DANH\ORCAD PROJECTS\COMERCIAL PROJECTS\COM_PRJ20(CONTROL)\COM_PRJ20_VER8.MAX
Thu Jan 30 16:35:53 Saved as file D:\DANH\DANH\ORCAD PROJECTS\COMERCIAL PROJECTS\COM_PRJ20(CONTROL)\COM_PRJ20_VER8.MAX
Thu Jan 30 16:35:53 Saved as file D:\DANH\DANH\ORCAD PROJECTS\COMERCIAL PROJECTS\COM_PRJ20(CONTROL)\COM_PRJ20_VER8.MAX
Thu Jan 30 16:35:53 Saved as file D:\DANH\DANH\ORCAD PROJECTS\COMERCIAL PROJECTS\COM_PRJ20(CONTROL)\COM_PRJ20_VER8.MAX
Thu Jan 30 16:35:53 Saved as file D:\DANH\DANH\ORCAD PROJECTS\COMERCIAL PROJECTS\COM_PRJ20(CONTROL)\COM_PRJ20_VER8.MAX
Thu Jan 30 16:35:53 Saved as file D:\DANH\DANH\ORCAD PROJECTS\COMERCIAL PROJECTS\COM_PRJ20(CONTROL)\COM_PRJ20_VER8.MAX
Thu Jan 30 16:35:54 Saved as file D:\DANH\DANH\ORCAD PROJECTS\COMERCIAL PROJECTS\COM_PRJ20(CONTROL)\COM_PRJ20_VER8.MAX
Thu Jan 30 16:35:54 Saved as file D:\DANH\DANH\ORCAD PROJECTS\COMERCIAL PROJECTS\COM_PRJ20(CONTROL)\COM_PRJ20_VER8.MAX
Thu Jan 30 16:36:02 Saved as file D:\DANH\DANH\ORCAD PROJECTS\COMERCIAL PROJECTS\COM_PRJ20(CONTROL)\COM_PRJ20_VER8.MAX
Thu Jan 30 16:36:02 Saved as file D:\DANH\DANH\ORCAD PROJECTS\COMERCIAL PROJECTS\COM_PRJ20(CONTROL)\COM_PRJ20_VER8.MAX
Thu Jan 30 16:36:02 Saved as file D:\DANH\DANH\ORCAD PROJECTS\COMERCIAL PROJECTS\COM_PRJ20(CONTROL)\COM_PRJ20_VER8.MAX
Thu Jan 30 16:36:02 Saved as file D:\DANH\DANH\ORCAD PROJECTS\COMERCIAL PROJECTS\COM_PRJ20(CONTROL)\COM_PRJ20_VER8.MAX
Thu Jan 30 16:36:02 Saved as file D:\DANH\DANH\ORCAD PROJECTS\COMERCIAL PROJECTS\COM_PRJ20(CONTROL)\COM_PRJ20_VER8.MAX
Thu Jan 30 16:36:10 Saved as file D:\DANH\DANH\ORCAD PROJECTS\COMERCIAL PROJECTS\COM_PRJ20(CONTROL)\COM_PRJ20_VER8.MAX
Thu Jan 30 16:37:23 Saved as file BACKUP1.MAX
Thu Jan 30 16:47:53 Saved as file BACKUP1.MAX
Thu Jan 30 16:58:23 Saved as file BACKUP1.MAX
Thu Jan 30 17:08:53 Saved as file BACKUP1.MAX
Thu Jan 30 17:09:08 Saved as file D:\DANH\DANH\ORCAD PROJECTS\COMERCIAL PROJECTS\COM_PRJ20(CONTROL)\COM_PRJ20_VER8.MAX
Thu Jan 30 17:09:09 Saved as file D:\DANH\DANH\ORCAD PROJECTS\COMERCIAL PROJECTS\COM_PRJ20(CONTROL)\COM_PRJ20_VER8.MAX
Thu Jan 30 17:09:09 Saved as file D:\DANH\DANH\ORCAD PROJECTS\COMERCIAL PROJECTS\COM_PRJ20(CONTROL)\COM_PRJ20_VER8.MAX
Thu Jan 30 17:09:19 Saved as file D:\DANH\DANH\ORCAD PROJECTS\COMERCIAL PROJECTS\COM_PRJ20(CONTROL)\COM_PRJ20_VER8.MAX
Thu Jan 30 17:09:19 Saved as file D:\DANH\DANH\ORCAD PROJECTS\COMERCIAL PROJECTS\COM_PRJ20(CONTROL)\COM_PRJ20_VER8.MAX
Thu Jan 30 17:09:19 Saved as file D:\DANH\DANH\ORCAD PROJECTS\COMERCIAL PROJECTS\COM_PRJ20(CONTROL)\COM_PRJ20_VER8.MAX
Thu Jan 30 17:10:46 Saved as file D:\DANH\DANH\ORCAD PROJECTS\COMERCIAL PROJECTS\COM_PRJ20(CONTROL)\COM_PRJ20_VER8.MAX
Thu Jan 30 17:10:46 Saved as file D:\DANH\DANH\ORCAD PROJECTS\COMERCIAL PROJECTS\COM_PRJ20(CONTROL)\COM_PRJ20_VER8.MAX
Thu Jan 30 17:10:46 Saved as file D:\DANH\DANH\ORCAD PROJECTS\COMERCIAL PROJECTS\COM_PRJ20(CONTROL)\COM_PRJ20_VER8.MAX
Thu Jan 30 17:10:46 Saved as file D:\DANH\DANH\ORCAD PROJECTS\COMERCIAL PROJECTS\COM_PRJ20(CONTROL)\COM_PRJ20_VER8.MAX
Thu Jan 30 17:10:53 Saved as file D:\DANH\DANH\ORCAD PROJECTS\COMERCIAL PROJECTS\COM_PRJ20(CONTROL)\COM_PRJ20_VER8.MAX
Thu Jan 30 17:10:53 Saved as file D:\DANH\DANH\ORCAD PROJECTS\COMERCIAL PROJECTS\COM_PRJ20(CONTROL)\COM_PRJ20_VER8.MAX
Thu Jan 30 17:11:00 Saved as file D:\DANH\DANH\ORCAD PROJECTS\COMERCIAL PROJECTS\COM_PRJ20(CONTROL)\COM_PRJ20_VER8.MAX
Thu Jan 30 17:11:00 Saved as file D:\DANH\DANH\ORCAD PROJECTS\COMERCIAL PROJECTS\COM_PRJ20(CONTROL)\COM_PRJ20_VER8.MAX
Thu Jan 30 17:11:00 Saved as file D:\DANH\DANH\ORCAD PROJECTS\COMERCIAL PROJECTS\COM_PRJ20(CONTROL)\COM_PRJ20_VER8.MAX
Thu Jan 30 17:11:16 Saved as file D:\DANH\DANH\ORCAD PROJECTS\COMERCIAL PROJECTS\COM_PRJ20(CONTROL)\COM_PRJ20_VER8.MAX
Thu Jan 30 17:11:26 Saved as file D:\DANH\DANH\ORCAD PROJECTS\COMERCIAL PROJECTS\COM_PRJ20(CONTROL)\COM_PRJ20_VER8.MAX
Thu Jan 30 17:11:26 Saved as file D:\DANH\DANH\ORCAD PROJECTS\COMERCIAL PROJECTS\COM_PRJ20(CONTROL)\COM_PRJ20_VER8.MAX
Thu Jan 30 17:11:26 Saved as file D:\DANH\DANH\ORCAD PROJECTS\COMERCIAL PROJECTS\COM_PRJ20(CONTROL)\COM_PRJ20_VER8.MAX
Thu Jan 30 17:11:33 Saved as file D:\DANH\DANH\ORCAD PROJECTS\COMERCIAL PROJECTS\COM_PRJ20(CONTROL)\COM_PRJ20_VER8.MAX
Thu Jan 30 17:11:34 Saved as file D:\DANH\DANH\ORCAD PROJECTS\COMERCIAL PROJECTS\COM_PRJ20(CONTROL)\COM_PRJ20_VER8.MAX
Thu Jan 30 17:11:34 Saved as file D:\DANH\DANH\ORCAD PROJECTS\COMERCIAL PROJECTS\COM_PRJ20(CONTROL)\COM_PRJ20_VER8.MAX
Thu Jan 30 17:11:43 Saved as file D:\DANH\DANH\ORCAD PROJECTS\COMERCIAL PROJECTS\COM_PRJ20(CONTROL)\COM_PRJ20_VER8.MAX
Thu Jan 30 17:13:00 Saved as file D:\DANH\DANH\ORCAD PROJECTS\COMERCIAL PROJECTS\COM_PRJ20(CONTROL)\COM_PRJ20_VER8.MAX
Thu Jan 30 17:13:13 Saved as file D:\DANH\DANH\ORCAD PROJECTS\COMERCIAL PROJECTS\COM_PRJ20(CONTROL)\COM_PRJ20_VER8.MAX
Thu Jan 30 17:13:13 Saved as file D:\DANH\DANH\ORCAD PROJECTS\COMERCIAL PROJECTS\COM_PRJ20(CONTROL)\COM_PRJ20_VER8.MAX
Thu Jan 30 17:14:03 Saved as file D:\DANH\DANH\ORCAD PROJECTS\COMERCIAL PROJECTS\COM_PRJ20(CONTROL)\COM_PRJ20_VER8.MAX
Thu Jan 30 17:14:04 Saved as file D:\DANH\DANH\ORCAD PROJECTS\COMERCIAL PROJECTS\COM_PRJ20(CONTROL)\COM_PRJ20_VER8.MAX
Thu Jan 30 17:14:04 Saved as file D:\DANH\DANH\ORCAD PROJECTS\COMERCIAL PROJECTS\COM_PRJ20(CONTROL)\COM_PRJ20_VER8.MAX
Thu Jan 30 17:14:04 Saved as file D:\DANH\DANH\ORCAD PROJECTS\COMERCIAL PROJECTS\COM_PRJ20(CONTROL)\COM_PRJ20_VER8.MAX
Thu Jan 30 17:14:53 Saved as file D:\DANH\DANH\ORCAD PROJECTS\COMERCIAL PROJECTS\COM_PRJ20(CONTROL)\COM_PRJ20_VER8.MAX
Thu Jan 30 17:14:53 Saved as file D:\DANH\DANH\ORCAD PROJECTS\COMERCIAL PROJECTS\COM_PRJ20(CONTROL)\COM_PRJ20_VER8.MAX
Thu Jan 30 17:14:53 Saved as file D:\DANH\DANH\ORCAD PROJECTS\COMERCIAL PROJECTS\COM_PRJ20(CONTROL)\COM_PRJ20_VER8.MAX
Thu Jan 30 17:15:00 Saved as file D:\DANH\DANH\ORCAD PROJECTS\COMERCIAL PROJECTS\COM_PRJ20(CONTROL)\COM_PRJ20_VER8.MAX
Thu Jan 30 17:15:11 Saved as file D:\DANH\DANH\ORCAD PROJECTS\COMERCIAL PROJECTS\COM_PRJ20(CONTROL)\COM_PRJ20_VER8.MAX
Thu Jan 30 17:15:12 Saved as file D:\DANH\DANH\ORCAD PROJECTS\COMERCIAL PROJECTS\COM_PRJ20(CONTROL)\COM_PRJ20_VER8.MAX
Thu Jan 30 17:15:12 Saved as file D:\DANH\DANH\ORCAD PROJECTS\COMERCIAL PROJECTS\COM_PRJ20(CONTROL)\COM_PRJ20_VER8.MAX
Thu Jan 30 17:15:22 Saved as file D:\DANH\DANH\ORCAD PROJECTS\COMERCIAL PROJECTS\COM_PRJ20(CONTROL)\COM_PRJ20_VER8.MAX
Thu Jan 30 17:15:23 Saved as file D:\DANH\DANH\ORCAD PROJECTS\COMERCIAL PROJECTS\COM_PRJ20(CONTROL)\COM_PRJ20_VER8.MAX
Thu Jan 30 17:15:23 Saved as file D:\DANH\DANH\ORCAD PROJECTS\COMERCIAL PROJECTS\COM_PRJ20(CONTROL)\COM_PRJ20_VER8.MAX
Thu Jan 30 17:15:55 Saved as file D:\DANH\DANH\ORCAD PROJECTS\COMERCIAL PROJECTS\COM_PRJ20(CONTROL)\COM_PRJ20_VER8.MAX
Thu Jan 30 17:16:16 Saved as file D:\DANH\DANH\ORCAD PROJECTS\COMERCIAL PROJECTS\COM_PRJ20(CONTROL)\COM_PRJ20_VER8.MAX
Thu Jan 30 17:16:16 Saved as file D:\DANH\DANH\ORCAD PROJECTS\COMERCIAL PROJECTS\COM_PRJ20(CONTROL)\COM_PRJ20_VER8.MAX
Thu Jan 30 17:16:16 Saved as file D:\DANH\DANH\ORCAD PROJECTS\COMERCIAL PROJECTS\COM_PRJ20(CONTROL)\COM_PRJ20_VER8.MAX
Thu Jan 30 17:16:41 Saved as file D:\DANH\DANH\ORCAD PROJECTS\COMERCIAL PROJECTS\COM_PRJ20(CONTROL)\COM_PRJ20_VER8.MAX
Thu Jan 30 17:16:45 Saved as file D:\DANH\DANH\ORCAD PROJECTS\COMERCIAL PROJECTS\COM_PRJ20(CONTROL)\COM_PRJ20_VER8.MAX
Thu Jan 30 17:16:53 Saved as file D:\DANH\DANH\ORCAD PROJECTS\COMERCIAL PROJECTS\COM_PRJ20(CONTROL)\COM_PRJ20_VER8.MAX
Thu Jan 30 17:17:10 Saved as file D:\DANH\DANH\ORCAD PROJECTS\COMERCIAL PROJECTS\COM_PRJ20(CONTROL)\COM_PRJ20_VER8.MAX
Thu Jan 30 17:17:10 Saved as file D:\DANH\DANH\ORCAD PROJECTS\COMERCIAL PROJECTS\COM_PRJ20(CONTROL)\COM_PRJ20_VER8.MAX
Thu Jan 30 17:17:10 Saved as file D:\DANH\DANH\ORCAD PROJECTS\COMERCIAL PROJECTS\COM_PRJ20(CONTROL)\COM_PRJ20_VER8.MAX
Thu Jan 30 17:17:10 Saved as file D:\DANH\DANH\ORCAD PROJECTS\COMERCIAL PROJECTS\COM_PRJ20(CONTROL)\COM_PRJ20_VER8.MAX
Thu Jan 30 17:17:11 Saved as file D:\DANH\DANH\ORCAD PROJECTS\COMERCIAL PROJECTS\COM_PRJ20(CONTROL)\COM_PRJ20_VER8.MAX
Thu Jan 30 17:17:11 Saved as file D:\DANH\DANH\ORCAD PROJECTS\COMERCIAL PROJECTS\COM_PRJ20(CONTROL)\COM_PRJ20_VER8.MAX
Thu Jan 30 17:17:31 Saved as file D:\DANH\DANH\ORCAD PROJECTS\COMERCIAL PROJECTS\COM_PRJ20(CONTROL)\COM_PRJ20_VER8.MAX
Thu Jan 30 17:17:34 Saved as file D:\DANH\DANH\ORCAD PROJECTS\COMERCIAL PROJECTS\COM_PRJ20(CONTROL)\COM_PRJ20_VER8.MAX
Thu Jan 30 17:17:35 Saved as file D:\DANH\DANH\ORCAD PROJECTS\COMERCIAL PROJECTS\COM_PRJ20(CONTROL)\COM_PRJ20_VER8.MAX
Thu Jan 30 17:18:00 Saved as file D:\DANH\DANH\ORCAD PROJECTS\COMERCIAL PROJECTS\COM_PRJ20(CONTROL)\COM_PRJ20_VER8.MAX
Thu Jan 30 17:18:20 Saved as file D:\DANH\DANH\ORCAD PROJECTS\COMERCIAL PROJECTS\COM_PRJ20(CONTROL)\COM_PRJ20_VER8.MAX
Thu Jan 30 17:19:17 Saved as file D:\DANH\DANH\ORCAD PROJECTS\COMERCIAL PROJECTS\COM_PRJ20(CONTROL)\COM_PRJ20_VER8.MAX
Thu Jan 30 17:19:18 Saved as file D:\DANH\DANH\ORCAD PROJECTS\COMERCIAL PROJECTS\COM_PRJ20(CONTROL)\COM_PRJ20_VER8.MAX
Thu Jan 30 17:19:18 Saved as file D:\DANH\DANH\ORCAD PROJECTS\COMERCIAL PROJECTS\COM_PRJ20(CONTROL)\COM_PRJ20_VER8.MAX
Thu Jan 30 17:19:18 Saved as file D:\DANH\DANH\ORCAD PROJECTS\COMERCIAL PROJECTS\COM_PRJ20(CONTROL)\COM_PRJ20_VER8.MAX
Thu Jan 30 17:20:23 Saved as file BACKUP1.MAX
Thu Jan 30 17:20:47 Saved as file D:\DANH\DANH\ORCAD PROJECTS\COMERCIAL PROJECTS\COM_PRJ20(CONTROL)\COM_PRJ20_VER8.MAX
Thu Jan 30 17:20:47 Saved as file D:\DANH\DANH\ORCAD PROJECTS\COMERCIAL PROJECTS\COM_PRJ20(CONTROL)\COM_PRJ20_VER8.MAX
Thu Jan 30 17:20:57 Saved as file D:\DANH\DANH\ORCAD PROJECTS\COMERCIAL PROJECTS\COM_PRJ20(CONTROL)\COM_PRJ20_VER8.MAX
Thu Jan 30 17:20:58 Saved as file D:\DANH\DANH\ORCAD PROJECTS\COMERCIAL PROJECTS\COM_PRJ20(CONTROL)\COM_PRJ20_VER8.MAX
Thu Jan 30 17:20:58 Saved as file D:\DANH\DANH\ORCAD PROJECTS\COMERCIAL PROJECTS\COM_PRJ20(CONTROL)\COM_PRJ20_VER8.MAX
Thu Jan 30 17:20:58 Saved as file D:\DANH\DANH\ORCAD PROJECTS\COMERCIAL PROJECTS\COM_PRJ20(CONTROL)\COM_PRJ20_VER8.MAX
Thu Jan 30 17:20:58 Saved as file D:\DANH\DANH\ORCAD PROJECTS\COMERCIAL PROJECTS\COM_PRJ20(CONTROL)\COM_PRJ20_VER8.MAX
Thu Jan 30 17:20:58 Saved as file D:\DANH\DANH\ORCAD PROJECTS\COMERCIAL PROJECTS\COM_PRJ20(CONTROL)\COM_PRJ20_VER8.MAX
Thu Jan 30 17:21:09 Saved as file D:\DANH\DANH\ORCAD PROJECTS\COMERCIAL PROJECTS\COM_PRJ20(CONTROL)\COM_PRJ20_VER8.MAX
Thu Jan 30 17:21:38 Saved as file D:\DANH\DANH\ORCAD PROJECTS\COMERCIAL PROJECTS\COM_PRJ20(CONTROL)\COM_PRJ20_VER8.MAX
Thu Jan 30 17:21:38 Saved as file D:\DANH\DANH\ORCAD PROJECTS\COMERCIAL PROJECTS\COM_PRJ20(CONTROL)\COM_PRJ20_VER8.MAX
Thu Jan 30 17:21:38 Saved as file D:\DANH\DANH\ORCAD PROJECTS\COMERCIAL PROJECTS\COM_PRJ20(CONTROL)\COM_PRJ20_VER8.MAX
Thu Jan 30 17:21:38 Saved as file D:\DANH\DANH\ORCAD PROJECTS\COMERCIAL PROJECTS\COM_PRJ20(CONTROL)\COM_PRJ20_VER8.MAX
Thu Jan 30 17:21:43 Saved as file D:\DANH\DANH\ORCAD PROJECTS\COMERCIAL PROJECTS\COM_PRJ20(CONTROL)\COM_PRJ20_VER8.MAX
Thu Jan 30 17:22:07 Saved as file D:\DANH\DANH\ORCAD PROJECTS\COMERCIAL PROJECTS\COM_PRJ20(CONTROL)\COM_PRJ20_VER8.MAX
Thu Jan 30 17:22:08 Saved as file D:\DANH\DANH\ORCAD PROJECTS\COMERCIAL PROJECTS\COM_PRJ20(CONTROL)\COM_PRJ20_VER8.MAX
Thu Jan 30 17:22:48 Saved as file D:\DANH\DANH\ORCAD PROJECTS\COMERCIAL PROJECTS\COM_PRJ20(CONTROL)\COM_PRJ20_VER8.MAX
Thu Jan 30 17:22:49 Saved as file D:\DANH\DANH\ORCAD PROJECTS\COMERCIAL PROJECTS\COM_PRJ20(CONTROL)\COM_PRJ20_VER8.MAX
Thu Jan 30 17:22:49 Saved as file D:\DANH\DANH\ORCAD PROJECTS\COMERCIAL PROJECTS\COM_PRJ20(CONTROL)\COM_PRJ20_VER8.MAX
Thu Jan 30 17:22:49 Saved as file D:\DANH\DANH\ORCAD PROJECTS\COMERCIAL PROJECTS\COM_PRJ20(CONTROL)\COM_PRJ20_VER8.MAX
Thu Jan 30 17:22:49 Saved as file D:\DANH\DANH\ORCAD PROJECTS\COMERCIAL PROJECTS\COM_PRJ20(CONTROL)\COM_PRJ20_VER8.MAX
Thu Jan 30 17:22:49 Saved as file D:\DANH\DANH\ORCAD PROJECTS\COMERCIAL PROJECTS\COM_PRJ20(CONTROL)\COM_PRJ20_VER8.MAX
Thu Jan 30 17:22:49 Saved as file D:\DANH\DANH\ORCAD PROJECTS\COMERCIAL PROJECTS\COM_PRJ20(CONTROL)\COM_PRJ20_VER8.MAX
Thu Jan 30 17:22:50 Saved as file D:\DANH\DANH\ORCAD PROJECTS\COMERCIAL PROJECTS\COM_PRJ20(CONTROL)\COM_PRJ20_VER8.MAX
Thu Jan 30 17:22:50 Saved as file D:\DANH\DANH\ORCAD PROJECTS\COMERCIAL PROJECTS\COM_PRJ20(CONTROL)\COM_PRJ20_VER8.MAX
Thu Jan 30 17:23:16 Saved as file D:\DANH\DANH\ORCAD PROJECTS\COMERCIAL PROJECTS\COM_PRJ20(CONTROL)\COM_PRJ20_VER8.MAX
Thu Jan 30 17:23:16 Saved as file D:\DANH\DANH\ORCAD PROJECTS\COMERCIAL PROJECTS\COM_PRJ20(CONTROL)\COM_PRJ20_VER8.MAX
Thu Jan 30 17:23:57 Saved as file D:\DANH\DANH\ORCAD PROJECTS\COMERCIAL PROJECTS\COM_PRJ20(CONTROL)\COM_PRJ20_VER8.MAX
Thu Jan 30 17:25:08 Saved as file D:\DANH\DANH\ORCAD PROJECTS\COMERCIAL PROJECTS\COM_PRJ20(CONTROL)\COM_PRJ20_VER8.MAX
Thu Jan 30 17:29:12 Saved as file D:\DANH\DANH\ORCAD PROJECTS\COMERCIAL PROJECTS\COM_PRJ20(CONTROL)\COM_PRJ20_VER8.MAX
Thu Jan 30 17:29:13 Saved as file D:\DANH\DANH\ORCAD PROJECTS\COMERCIAL PROJECTS\COM_PRJ20(CONTROL)\COM_PRJ20_VER8.MAX
Thu Jan 30 17:29:13 Saved as file D:\DANH\DANH\ORCAD PROJECTS\COMERCIAL PROJECTS\COM_PRJ20(CONTROL)\COM_PRJ20_VER8.MAX
Thu Jan 30 17:29:37 Saved as file D:\DANH\DANH\ORCAD PROJECTS\COMERCIAL PROJECTS\COM_PRJ20(CONTROL)\COM_PRJ20_VER8.MAX
Thu Jan 30 17:29:37 Saved as file D:\DANH\DANH\ORCAD PROJECTS\COMERCIAL PROJECTS\COM_PRJ20(CONTROL)\COM_PRJ20_VER8.MAX
Thu Jan 30 17:30:28 Saved as file D:\DANH\DANH\ORCAD PROJECTS\COMERCIAL PROJECTS\COM_PRJ20(CONTROL)\COM_PRJ20_VER8.MAX
Thu Jan 30 17:30:57 Saved as file D:\DANH\DANH\ORCAD PROJECTS\COMERCIAL PROJECTS\COM_PRJ20(CONTROL)\COM_PRJ20_VER8.MAX
Thu Jan 30 17:30:57 Saved as file D:\DANH\DANH\ORCAD PROJECTS\COMERCIAL PROJECTS\COM_PRJ20(CONTROL)\COM_PRJ20_VER8.MAX
Thu Jan 30 17:30:57 Saved as file D:\DANH\DANH\ORCAD PROJECTS\COMERCIAL PROJECTS\COM_PRJ20(CONTROL)\COM_PRJ20_VER8.MAX
Thu Jan 30 17:31:16 Saved as file D:\DANH\DANH\ORCAD PROJECTS\COMERCIAL PROJECTS\COM_PRJ20(CONTROL)\COM_PRJ20_VER8.MAX
Thu Jan 30 17:31:16 Saved as file D:\DANH\DANH\ORCAD PROJECTS\COMERCIAL PROJECTS\COM_PRJ20(CONTROL)\COM_PRJ20_VER8.MAX
Thu Jan 30 17:31:53 Saved as file BACKUP1.MAX
Thu Jan 30 17:33:43 Saved as file D:\DANH\DANH\ORCAD PROJECTS\COMERCIAL PROJECTS\COM_PRJ20(CONTROL)\COM_PRJ20_VER8.MAX
Thu Jan 30 17:33:56 Saved as file D:\DANH\DANH\ORCAD PROJECTS\COMERCIAL PROJECTS\COM_PRJ20(CONTROL)\COM_PRJ20_VER8.MAX
Thu Jan 30 17:33:56 Saved as file D:\DANH\DANH\ORCAD PROJECTS\COMERCIAL PROJECTS\COM_PRJ20(CONTROL)\COM_PRJ20_VER8.MAX
Thu Jan 30 17:33:57 Saved as file D:\DANH\DANH\ORCAD PROJECTS\COMERCIAL PROJECTS\COM_PRJ20(CONTROL)\COM_PRJ20_VER8.MAX
Thu Jan 30 17:33:57 Saved as file D:\DANH\DANH\ORCAD PROJECTS\COMERCIAL PROJECTS\COM_PRJ20(CONTROL)\COM_PRJ20_VER8.MAX
Thu Jan 30 17:34:22 Saved as file D:\DANH\DANH\ORCAD PROJECTS\COMERCIAL PROJECTS\COM_PRJ20(CONTROL)\COM_PRJ20_VER8.MAX
Thu Jan 30 17:34:23 Saved as file D:\DANH\DANH\ORCAD PROJECTS\COMERCIAL PROJECTS\COM_PRJ20(CONTROL)\COM_PRJ20_VER8.MAX
Thu Jan 30 17:35:02 Saved as file D:\DANH\DANH\ORCAD PROJECTS\COMERCIAL PROJECTS\COM_PRJ20(CONTROL)\COM_PRJ20_VER8.MAX
Thu Jan 30 17:35:33 Saved as file D:\DANH\DANH\ORCAD PROJECTS\COMERCIAL PROJECTS\COM_PRJ20(CONTROL)\COM_PRJ20_VER8.MAX
Thu Jan 30 17:35:51 Saved as file D:\DANH\DANH\ORCAD PROJECTS\COMERCIAL PROJECTS\COM_PRJ20(CONTROL)\COM_PRJ20_VER8.MAX
Thu Jan 30 17:36:05 Saved as file D:\DANH\DANH\ORCAD PROJECTS\COMERCIAL PROJECTS\COM_PRJ20(CONTROL)\COM_PRJ20_VER8.MAX
Thu Jan 30 17:36:29 Saved as file D:\DANH\DANH\ORCAD PROJECTS\COMERCIAL PROJECTS\COM_PRJ20(CONTROL)\COM_PRJ20_VER8.MAX
Thu Jan 30 17:37:07 Saved as file D:\DANH\DANH\ORCAD PROJECTS\COMERCIAL PROJECTS\COM_PRJ20(CONTROL)\COM_PRJ20_VER8.MAX
Thu Jan 30 17:37:08 Saved as file D:\DANH\DANH\ORCAD PROJECTS\COMERCIAL PROJECTS\COM_PRJ20(CONTROL)\COM_PRJ20_VER8.MAX
Thu Jan 30 17:38:00 Saved as file D:\DANH\DANH\ORCAD PROJECTS\COMERCIAL PROJECTS\COM_PRJ20(CONTROL)\COM_PRJ20_VER8.MAX
Thu Jan 30 17:38:23 Saved as file D:\DANH\DANH\ORCAD PROJECTS\COMERCIAL PROJECTS\COM_PRJ20(CONTROL)\COM_PRJ20_VER8.MAX
Thu Jan 30 17:41:02 Saved as file D:\DANH\DANH\ORCAD PROJECTS\COMERCIAL PROJECTS\COM_PRJ20(CONTROL)\COM_PRJ20_VER8.MAX
Thu Jan 30 17:41:02 Saved as file D:\DANH\DANH\ORCAD PROJECTS\COMERCIAL PROJECTS\COM_PRJ20(CONTROL)\COM_PRJ20_VER8.MAX
Thu Jan 30 17:41:02 Saved as file D:\DANH\DANH\ORCAD PROJECTS\COMERCIAL PROJECTS\COM_PRJ20(CONTROL)\COM_PRJ20_VER8.MAX
Thu Jan 30 17:41:27 Saved as file D:\DANH\DANH\ORCAD PROJECTS\COMERCIAL PROJECTS\COM_PRJ20(CONTROL)\COM_PRJ20_VER8.MAX
Thu Jan 30 17:43:53 Saved as file BACKUP1.MAX
Thu Jan 30 17:44:06 Saved as file D:\DANH\DANH\ORCAD PROJECTS\COMERCIAL PROJECTS\COM_PRJ20(CONTROL)\COM_PRJ20_VER8.MAX
Thu Jan 30 17:44:06 Saved as file D:\DANH\DANH\ORCAD PROJECTS\COMERCIAL PROJECTS\COM_PRJ20(CONTROL)\COM_PRJ20_VER8.MAX
Thu Jan 30 17:44:06 Saved as file D:\DANH\DANH\ORCAD PROJECTS\COMERCIAL PROJECTS\COM_PRJ20(CONTROL)\COM_PRJ20_VER8.MAX
Thu Jan 30 17:44:06 Saved as file D:\DANH\DANH\ORCAD PROJECTS\COMERCIAL PROJECTS\COM_PRJ20(CONTROL)\COM_PRJ20_VER8.MAX
Thu Jan 30 17:44:06 Saved as file D:\DANH\DANH\ORCAD PROJECTS\COMERCIAL PROJECTS\COM_PRJ20(CONTROL)\COM_PRJ20_VER8.MAX
Thu Jan 30 17:44:30 Saved as file D:\DANH\DANH\ORCAD PROJECTS\COMERCIAL PROJECTS\COM_PRJ20(CONTROL)\COM_PRJ20_VER8.MAX
Thu Jan 30 17:47:51 Saved as file D:\DANH\DANH\ORCAD PROJECTS\COMERCIAL PROJECTS\COM_PRJ20(CONTROL)\COM_PRJ20_VER8.MAX
Thu Jan 30 17:47:51 Saved as file D:\DANH\DANH\ORCAD PROJECTS\COMERCIAL PROJECTS\COM_PRJ20(CONTROL)\COM_PRJ20_VER8.MAX
Thu Jan 30 17:48:59 Saved as file D:\DANH\DANH\ORCAD PROJECTS\COMERCIAL PROJECTS\COM_PRJ20(CONTROL)\COM_PRJ20_VER8.MAX
Thu Jan 30 17:48:59 Saved as file D:\DANH\DANH\ORCAD PROJECTS\COMERCIAL PROJECTS\COM_PRJ20(CONTROL)\COM_PRJ20_VER8.MAX
Thu Jan 30 17:48:59 Saved as file D:\DANH\DANH\ORCAD PROJECTS\COMERCIAL PROJECTS\COM_PRJ20(CONTROL)\COM_PRJ20_VER8.MAX
Thu Jan 30 17:49:08 Saved as file D:\DANH\DANH\ORCAD PROJECTS\COMERCIAL PROJECTS\COM_PRJ20(CONTROL)\COM_PRJ20_VER8.MAX
Thu Jan 30 17:49:08 Saved as file D:\DANH\DANH\ORCAD PROJECTS\COMERCIAL PROJECTS\COM_PRJ20(CONTROL)\COM_PRJ20_VER8.MAX
Thu Jan 30 17:49:08 Saved as file D:\DANH\DANH\ORCAD PROJECTS\COMERCIAL PROJECTS\COM_PRJ20(CONTROL)\COM_PRJ20_VER8.MAX
Thu Jan 30 17:49:21 Saved as file D:\DANH\DANH\ORCAD PROJECTS\COMERCIAL PROJECTS\COM_PRJ20(CONTROL)\COM_PRJ20_VER8.MAX
Thu Jan 30 17:49:58 Saved as file D:\DANH\DANH\ORCAD PROJECTS\COMERCIAL PROJECTS\COM_PRJ20(CONTROL)\COM_PRJ20_VER8.MAX
Thu Jan 30 17:50:09 Saved as file D:\DANH\DANH\ORCAD PROJECTS\COMERCIAL PROJECTS\COM_PRJ20(CONTROL)\COM_PRJ20_VER8.MAX
Thu Jan 30 17:50:14 Saved as file D:\DANH\DANH\ORCAD PROJECTS\COMERCIAL PROJECTS\COM_PRJ20(CONTROL)\COM_PRJ20_VER8.MAX
Thu Jan 30 17:51:41 Saved as file D:\DANH\DANH\ORCAD PROJECTS\COMERCIAL PROJECTS\COM_PRJ20(CONTROL)\COM_PRJ20_VER8.MAX
Thu Jan 30 17:54:23 Saved as file BACKUP1.MAX
Thu Jan 30 18:02:21 Saved as file BACKUP1.MAX
Thu Jan 30 18:02:48 Saved as file D:\DANH\DANH\ORCAD PROJECTS\COMERCIAL PROJECTS\COM_PRJ20(CONTROL)\COM_PRJ20_VER8.MAX
Thu Jan 30 18:04:35 Saved as file D:\DANH\DANH\ORCAD PROJECTS\COMERCIAL PROJECTS\COM_PRJ20(CONTROL)\COM_PRJ20_VER8.MAX
Thu Jan 30 18:04:53 Saved as file BACKUP1.MAX
Thu Jan 30 18:05:18 Saved as file D:\DANH\DANH\ORCAD PROJECTS\COMERCIAL PROJECTS\COM_PRJ20(CONTROL)\COM_PRJ20_VER8.MAX
Thu Jan 30 18:05:58 Saved as file D:\DANH\DANH\ORCAD PROJECTS\COMERCIAL PROJECTS\COM_PRJ20(CONTROL)\COM_PRJ20_VER8.MAX
Thu Jan 30 18:06:32 Saved as file D:\DANH\DANH\ORCAD PROJECTS\COMERCIAL PROJECTS\COM_PRJ20(CONTROL)\COM_PRJ20_VER8.MAX
Thu Jan 30 18:06:33 Saved as file D:\DANH\DANH\ORCAD PROJECTS\COMERCIAL PROJECTS\COM_PRJ20(CONTROL)\COM_PRJ20_VER8.MAX
Thu Jan 30 18:06:33 Saved as file D:\DANH\DANH\ORCAD PROJECTS\COMERCIAL PROJECTS\COM_PRJ20(CONTROL)\COM_PRJ20_VER8.MAX
Thu Jan 30 18:06:33 Saved as file D:\DANH\DANH\ORCAD PROJECTS\COMERCIAL PROJECTS\COM_PRJ20(CONTROL)\COM_PRJ20_VER8.MAX
Thu Jan 30 18:06:51 Saved as file D:\DANH\DANH\ORCAD PROJECTS\COMERCIAL PROJECTS\COM_PRJ20(CONTROL)\COM_PRJ20_VER8.MAX
Thu Jan 30 18:07:08 Saved as file D:\DANH\DANH\ORCAD PROJECTS\COMERCIAL PROJECTS\COM_PRJ20(CONTROL)\COM_PRJ20_VER8.MAX
Thu Jan 30 18:07:42 Saved as file D:\DANH\DANH\ORCAD PROJECTS\COMERCIAL PROJECTS\COM_PRJ20(CONTROL)\COM_PRJ20_VER8.MAX
Thu Jan 30 18:08:06 Saved as file D:\DANH\DANH\ORCAD PROJECTS\COMERCIAL PROJECTS\COM_PRJ20(CONTROL)\COM_PRJ20_VER8.MAX
Thu Jan 30 18:08:07 Saved as file D:\DANH\DANH\ORCAD PROJECTS\COMERCIAL PROJECTS\COM_PRJ20(CONTROL)\COM_PRJ20_VER8.MAX
Thu Jan 30 18:08:12 Saved as file D:\DANH\DANH\ORCAD PROJECTS\COMERCIAL PROJECTS\COM_PRJ20(CONTROL)\COM_PRJ20_VER8.MAX
Thu Jan 30 18:08:12 Saved as file D:\DANH\DANH\ORCAD PROJECTS\COMERCIAL PROJECTS\COM_PRJ20(CONTROL)\COM_PRJ20_VER8.MAX
Thu Jan 30 18:08:12 Saved as file D:\DANH\DANH\ORCAD PROJECTS\COMERCIAL PROJECTS\COM_PRJ20(CONTROL)\COM_PRJ20_VER8.MAX
Thu Jan 30 18:08:12 Saved as file D:\DANH\DANH\ORCAD PROJECTS\COMERCIAL PROJECTS\COM_PRJ20(CONTROL)\COM_PRJ20_VER8.MAX
Thu Jan 30 18:08:13 Saved as file D:\DANH\DANH\ORCAD PROJECTS\COMERCIAL PROJECTS\COM_PRJ20(CONTROL)\COM_PRJ20_VER8.MAX
Thu Jan 30 18:08:22 Saved as file D:\DANH\DANH\ORCAD PROJECTS\COMERCIAL PROJECTS\COM_PRJ20(CONTROL)\COM_PRJ20_VER8.MAX
Thu Jan 30 18:08:35 Saved as file D:\DANH\DANH\ORCAD PROJECTS\COMERCIAL PROJECTS\COM_PRJ20(CONTROL)\COM_PRJ20_VER8.MAX
Thu Jan 30 18:08:36 Saved as file D:\DANH\DANH\ORCAD PROJECTS\COMERCIAL PROJECTS\COM_PRJ20(CONTROL)\COM_PRJ20_VER8.MAX
Thu Jan 30 18:08:36 Saved as file D:\DANH\DANH\ORCAD PROJECTS\COMERCIAL PROJECTS\COM_PRJ20(CONTROL)\COM_PRJ20_VER8.MAX
Thu Jan 30 18:08:49 Saved as file D:\DANH\DANH\ORCAD PROJECTS\COMERCIAL PROJECTS\COM_PRJ20(CONTROL)\COM_PRJ20_VER8.MAX
Thu Jan 30 18:08:49 Saved as file D:\DANH\DANH\ORCAD PROJECTS\COMERCIAL PROJECTS\COM_PRJ20(CONTROL)\COM_PRJ20_VER8.MAX
Thu Jan 30 18:08:49 Saved as file D:\DANH\DANH\ORCAD PROJECTS\COMERCIAL PROJECTS\COM_PRJ20(CONTROL)\COM_PRJ20_VER8.MAX
Thu Jan 30 18:08:56 Saved as file D:\DANH\DANH\ORCAD PROJECTS\COMERCIAL PROJECTS\COM_PRJ20(CONTROL)\COM_PRJ20_VER8.MAX
Thu Jan 30 18:09:09 Saved as file D:\DANH\DANH\ORCAD PROJECTS\COMERCIAL PROJECTS\COM_PRJ20(CONTROL)\COM_PRJ20_VER8.MAX
Thu Jan 30 18:09:09 Saved as file D:\DANH\DANH\ORCAD PROJECTS\COMERCIAL PROJECTS\COM_PRJ20(CONTROL)\COM_PRJ20_VER8.MAX
Thu Jan 30 18:09:09 Saved as file D:\DANH\DANH\ORCAD PROJECTS\COMERCIAL PROJECTS\COM_PRJ20(CONTROL)\COM_PRJ20_VER8.MAX
Thu Jan 30 18:09:09 Saved as file D:\DANH\DANH\ORCAD PROJECTS\COMERCIAL PROJECTS\COM_PRJ20(CONTROL)\COM_PRJ20_VER8.MAX
Thu Jan 30 18:09:09 Saved as file D:\DANH\DANH\ORCAD PROJECTS\COMERCIAL PROJECTS\COM_PRJ20(CONTROL)\COM_PRJ20_VER8.MAX
Thu Jan 30 18:09:10 Saved as file D:\DANH\DANH\ORCAD PROJECTS\COMERCIAL PROJECTS\COM_PRJ20(CONTROL)\COM_PRJ20_VER8.MAX
Thu Jan 30 18:09:10 Saved as file D:\DANH\DANH\ORCAD PROJECTS\COMERCIAL PROJECTS\COM_PRJ20(CONTROL)\COM_PRJ20_VER8.MAX
Thu Jan 30 18:09:17 Saved as file D:\DANH\DANH\ORCAD PROJECTS\COMERCIAL PROJECTS\COM_PRJ20(CONTROL)\COM_PRJ20_VER8.MAX
Thu Jan 30 18:09:17 Saved as file D:\DANH\DANH\ORCAD PROJECTS\COMERCIAL PROJECTS\COM_PRJ20(CONTROL)\COM_PRJ20_VER8.MAX
Thu Jan 30 18:09:17 Saved as file D:\DANH\DANH\ORCAD PROJECTS\COMERCIAL PROJECTS\COM_PRJ20(CONTROL)\COM_PRJ20_VER8.MAX
Thu Jan 30 18:09:18 Saved as file D:\DANH\DANH\ORCAD PROJECTS\COMERCIAL PROJECTS\COM_PRJ20(CONTROL)\COM_PRJ20_VER8.MAX
Thu Jan 30 18:09:18 Saved as file D:\DANH\DANH\ORCAD PROJECTS\COMERCIAL PROJECTS\COM_PRJ20(CONTROL)\COM_PRJ20_VER8.MAX
Thu Jan 30 18:09:28 Saved as file D:\DANH\DANH\ORCAD PROJECTS\COMERCIAL PROJECTS\COM_PRJ20(CONTROL)\COM_PRJ20_VER8.MAX
Thu Jan 30 18:09:28 Saved as file D:\DANH\DANH\ORCAD PROJECTS\COMERCIAL PROJECTS\COM_PRJ20(CONTROL)\COM_PRJ20_VER8.MAX
Thu Jan 30 18:09:28 Saved as file D:\DANH\DANH\ORCAD PROJECTS\COMERCIAL PROJECTS\COM_PRJ20(CONTROL)\COM_PRJ20_VER8.MAX
Thu Jan 30 18:09:28 Saved as file D:\DANH\DANH\ORCAD PROJECTS\COMERCIAL PROJECTS\COM_PRJ20(CONTROL)\COM_PRJ20_VER8.MAX
Thu Jan 30 18:09:35 Saved as file D:\DANH\DANH\ORCAD PROJECTS\COMERCIAL PROJECTS\COM_PRJ20(CONTROL)\COM_PRJ20_VER8.MAX
Thu Jan 30 18:09:36 Saved as file D:\DANH\DANH\ORCAD PROJECTS\COMERCIAL PROJECTS\COM_PRJ20(CONTROL)\COM_PRJ20_VER8.MAX
Thu Jan 30 18:09:36 Saved as file D:\DANH\DANH\ORCAD PROJECTS\COMERCIAL PROJECTS\COM_PRJ20(CONTROL)\COM_PRJ20_VER8.MAX
Thu Jan 30 18:09:36 Saved as file D:\DANH\DANH\ORCAD PROJECTS\COMERCIAL PROJECTS\COM_PRJ20(CONTROL)\COM_PRJ20_VER8.MAX
Thu Jan 30 18:09:36 Saved as file D:\DANH\DANH\ORCAD PROJECTS\COMERCIAL PROJECTS\COM_PRJ20(CONTROL)\COM_PRJ20_VER8.MAX
Thu Jan 30 18:09:53 Saved as file D:\DANH\DANH\ORCAD PROJECTS\COMERCIAL PROJECTS\COM_PRJ20(CONTROL)\COM_PRJ20_VER8.MAX
Thu Jan 30 18:09:53 Saved as file D:\DANH\DANH\ORCAD PROJECTS\COMERCIAL PROJECTS\COM_PRJ20(CONTROL)\COM_PRJ20_VER8.MAX
Thu Jan 30 18:09:53 Saved as file D:\DANH\DANH\ORCAD PROJECTS\COMERCIAL PROJECTS\COM_PRJ20(CONTROL)\COM_PRJ20_VER8.MAX
Thu Jan 30 18:09:54 Saved as file D:\DANH\DANH\ORCAD PROJECTS\COMERCIAL PROJECTS\COM_PRJ20(CONTROL)\COM_PRJ20_VER8.MAX
Thu Jan 30 18:09:54 Saved as file D:\DANH\DANH\ORCAD PROJECTS\COMERCIAL PROJECTS\COM_PRJ20(CONTROL)\COM_PRJ20_VER8.MAX
Thu Jan 30 18:10:15 Saved as file D:\DANH\DANH\ORCAD PROJECTS\COMERCIAL PROJECTS\COM_PRJ20(CONTROL)\COM_PRJ20_VER8.MAX
Thu Jan 30 18:10:16 Saved as file D:\DANH\DANH\ORCAD PROJECTS\COMERCIAL PROJECTS\COM_PRJ20(CONTROL)\COM_PRJ20_VER8.MAX
Thu Jan 30 18:10:49 Saved as file D:\DANH\DANH\ORCAD PROJECTS\COMERCIAL PROJECTS\COM_PRJ20(CONTROL)\COM_PRJ20_VER8.MAX
Thu Jan 30 18:10:50 Saved as file D:\DANH\DANH\ORCAD PROJECTS\COMERCIAL PROJECTS\COM_PRJ20(CONTROL)\COM_PRJ20_VER8.MAX
Thu Jan 30 18:10:50 Saved as file D:\DANH\DANH\ORCAD PROJECTS\COMERCIAL PROJECTS\COM_PRJ20(CONTROL)\COM_PRJ20_VER8.MAX
Thu Jan 30 18:11:54 Saved as file D:\DANH\DANH\ORCAD PROJECTS\COMERCIAL PROJECTS\COM_PRJ20(CONTROL)\COM_PRJ20_VER8.MAX
Thu Jan 30 18:11:54 Saved as file D:\DANH\DANH\ORCAD PROJECTS\COMERCIAL PROJECTS\COM_PRJ20(CONTROL)\COM_PRJ20_VER8.MAX
Thu Jan 30 18:11:54 Saved as file D:\DANH\DANH\ORCAD PROJECTS\COMERCIAL PROJECTS\COM_PRJ20(CONTROL)\COM_PRJ20_VER8.MAX
Thu Jan 30 18:12:51 Saved as file BACKUP1.MAX
Thu Jan 30 18:12:53 Saved as file D:\DANH\DANH\ORCAD PROJECTS\COMERCIAL PROJECTS\COM_PRJ20(CONTROL)\COM_PRJ20_VER8.MAX
Thu Jan 30 18:13:35 Saved as file D:\DANH\DANH\ORCAD PROJECTS\COMERCIAL PROJECTS\COM_PRJ20(CONTROL)\COM_PRJ20_VER8.MAX
Thu Jan 30 18:14:35 Saved as file D:\DANH\DANH\ORCAD PROJECTS\COMERCIAL PROJECTS\COM_PRJ20(CONTROL)\COM_PRJ20_VER8.MAX
Thu Jan 30 18:15:09 Saved as file D:\DANH\DANH\ORCAD PROJECTS\COMERCIAL PROJECTS\COM_PRJ20(CONTROL)\COM_PRJ20_VER8.MAX
Thu Jan 30 18:15:53 Saved as file D:\DANH\DANH\ORCAD PROJECTS\COMERCIAL PROJECTS\COM_PRJ20(CONTROL)\COM_PRJ20_VER8.MAX
Thu Jan 30 18:16:01 Saved as file D:\DANH\DANH\ORCAD PROJECTS\COMERCIAL PROJECTS\COM_PRJ20(CONTROL)\COM_PRJ20_VER8.MAX
Thu Jan 30 18:16:53 Saved as file BACKUP1.MAX
Thu Jan 30 18:17:14 Saved as file D:\DANH\DANH\ORCAD PROJECTS\COMERCIAL PROJECTS\COM_PRJ20(CONTROL)\COM_PRJ20_VER8.MAX
Thu Jan 30 18:17:32 Saved as file D:\DANH\DANH\ORCAD PROJECTS\COMERCIAL PROJECTS\COM_PRJ20(CONTROL)\COM_PRJ20_VER8.MAX
Thu Jan 30 18:18:21 Saved as file D:\DANH\DANH\ORCAD PROJECTS\COMERCIAL PROJECTS\COM_PRJ20(CONTROL)\COM_PRJ20_VER8.MAX
Thu Jan 30 18:18:22 Saved as file D:\DANH\DANH\ORCAD PROJECTS\COMERCIAL PROJECTS\COM_PRJ20(CONTROL)\COM_PRJ20_VER8.MAX
Thu Jan 30 18:19:01 Saved as file D:\DANH\DANH\ORCAD PROJECTS\COMERCIAL PROJECTS\COM_PRJ20(CONTROL)\COM_PRJ20_VER8.MAX
Thu Jan 30 18:19:21 Saved as file D:\DANH\DANH\ORCAD PROJECTS\COMERCIAL PROJECTS\COM_PRJ20(CONTROL)\COM_PRJ20_VER8.MAX
Thu Jan 30 18:19:31 Saved as file D:\DANH\DANH\ORCAD PROJECTS\COMERCIAL PROJECTS\COM_PRJ20(CONTROL)\COM_PRJ20_VER8.MAX
Thu Jan 30 18:19:31 Saved as file D:\DANH\DANH\ORCAD PROJECTS\COMERCIAL PROJECTS\COM_PRJ20(CONTROL)\COM_PRJ20_VER8.MAX
Thu Jan 30 18:19:37 Saved as file D:\DANH\DANH\ORCAD PROJECTS\COMERCIAL PROJECTS\COM_PRJ20(CONTROL)\COM_PRJ20_VER8.MAX
Thu Jan 30 18:20:16 Saved as file D:\DANH\DANH\ORCAD PROJECTS\COMERCIAL PROJECTS\COM_PRJ20(CONTROL)\COM_PRJ20_VER8.MAX
Thu Jan 30 18:20:17 Saved as file D:\DANH\DANH\ORCAD PROJECTS\COMERCIAL PROJECTS\COM_PRJ20(CONTROL)\COM_PRJ20_VER8.MAX
Thu Jan 30 18:20:17 Saved as file D:\DANH\DANH\ORCAD PROJECTS\COMERCIAL PROJECTS\COM_PRJ20(CONTROL)\COM_PRJ20_VER8.MAX
Thu Jan 30 18:20:24 Saved as file D:\DANH\DANH\ORCAD PROJECTS\COMERCIAL PROJECTS\COM_PRJ20(CONTROL)\COM_PRJ20_VER8.MAX
Thu Jan 30 18:21:05 Saved as file D:\DANH\DANH\ORCAD PROJECTS\COMERCIAL PROJECTS\COM_PRJ20(CONTROL)\COM_PRJ20_VER8.MAX
Thu Jan 30 18:21:33 Saved as file D:\DANH\DANH\ORCAD PROJECTS\COMERCIAL PROJECTS\COM_PRJ20(CONTROL)\COM_PRJ20_VER8.MAX
Thu Jan 30 18:23:00 Saved as file D:\DANH\DANH\ORCAD PROJECTS\COMERCIAL PROJECTS\COM_PRJ20(CONTROL)\COM_PRJ20_VER8.MAX
Thu Jan 30 18:23:00 Saved as file D:\DANH\DANH\ORCAD PROJECTS\COMERCIAL PROJECTS\COM_PRJ20(CONTROL)\COM_PRJ20_VER8.MAX
Thu Jan 30 18:23:21 Saved as file BACKUP1.MAX
Thu Jan 30 18:23:23 Saved as file D:\DANH\DANH\ORCAD PROJECTS\COMERCIAL PROJECTS\COM_PRJ20(CONTROL)\COM_PRJ20_VER8.MAX
Thu Jan 30 18:23:23 Saved as file D:\DANH\DANH\ORCAD PROJECTS\COMERCIAL PROJECTS\COM_PRJ20(CONTROL)\COM_PRJ20_VER8.MAX
Thu Jan 30 18:23:24 Saved as file D:\DANH\DANH\ORCAD PROJECTS\COMERCIAL PROJECTS\COM_PRJ20(CONTROL)\COM_PRJ20_VER8.MAX
Thu Jan 30 18:23:56 Saved as file D:\DANH\DANH\ORCAD PROJECTS\COMERCIAL PROJECTS\COM_PRJ20(CONTROL)\COM_PRJ20_VER8.MAX
Thu Jan 30 18:25:19 Saved as file D:\DANH\DANH\ORCAD PROJECTS\COMERCIAL PROJECTS\COM_PRJ20(CONTROL)\COM_PRJ20_VER8.MAX
Thu Jan 30 18:26:34 Saved as file D:\DANH\DANH\ORCAD PROJECTS\COMERCIAL PROJECTS\COM_PRJ20(CONTROL)\COM_PRJ20_VER8.MAX
Thu Jan 30 18:27:03 Saved as file D:\DANH\DANH\ORCAD PROJECTS\COMERCIAL PROJECTS\COM_PRJ20(CONTROL)\COM_PRJ20_VER8.MAX
Thu Jan 30 18:27:03 Saved as file D:\DANH\DANH\ORCAD PROJECTS\COMERCIAL PROJECTS\COM_PRJ20(CONTROL)\COM_PRJ20_VER8.MAX
Thu Jan 30 18:27:03 Saved as file D:\DANH\DANH\ORCAD PROJECTS\COMERCIAL PROJECTS\COM_PRJ20(CONTROL)\COM_PRJ20_VER8.MAX
Thu Jan 30 18:28:01 Saved as file D:\DANH\DANH\ORCAD PROJECTS\COMERCIAL PROJECTS\COM_PRJ20(CONTROL)\COM_PRJ20_VER8.MAX
Thu Jan 30 18:28:23 Saved as file BACKUP1.MAX
Thu Jan 30 18:33:51 Saved as file BACKUP1.MAX
Thu Jan 30 18:34:55 Saved as file D:\DANH\DANH\ORCAD PROJECTS\COMERCIAL PROJECTS\COM_PRJ20(CONTROL)\COM_PRJ20_VER8.MAX
Thu Jan 30 18:38:53 Saved as file BACKUP1.MAX
Thu Jan 30 18:39:00 Saved as file D:\DANH\DANH\ORCAD PROJECTS\COMERCIAL PROJECTS\COM_PRJ20(CONTROL)\COM_PRJ20_VER8.MAX
Thu Jan 30 18:39:00 Saved as file D:\DANH\DANH\ORCAD PROJECTS\COMERCIAL PROJECTS\COM_PRJ20(CONTROL)\COM_PRJ20_VER8.MAX
Thu Jan 30 18:39:00 Saved as file D:\DANH\DANH\ORCAD PROJECTS\COMERCIAL PROJECTS\COM_PRJ20(CONTROL)\COM_PRJ20_VER8.MAX
Thu Jan 30 18:39:17 Saved as file D:\DANH\DANH\ORCAD PROJECTS\COMERCIAL PROJECTS\COM_PRJ20(CONTROL)\COM_PRJ20_VER8.MAX
Thu Jan 30 18:39:17 Saved as file D:\DANH\DANH\ORCAD PROJECTS\COMERCIAL PROJECTS\COM_PRJ20(CONTROL)\COM_PRJ20_VER8.MAX
Thu Jan 30 18:39:29 Saved as file D:\DANH\DANH\ORCAD PROJECTS\COMERCIAL PROJECTS\COM_PRJ20(CONTROL)\COM_PRJ20_VER8.MAX
Thu Jan 30 18:39:30 Saved as file D:\DANH\DANH\ORCAD PROJECTS\COMERCIAL PROJECTS\COM_PRJ20(CONTROL)\COM_PRJ20_VER8.MAX
Thu Jan 30 18:39:49 Saved as file D:\DANH\DANH\ORCAD PROJECTS\COMERCIAL PROJECTS\COM_PRJ20(CONTROL)\COM_PRJ20_VER8.MAX
Thu Jan 30 18:39:50 Saved as file D:\DANH\DANH\ORCAD PROJECTS\COMERCIAL PROJECTS\COM_PRJ20(CONTROL)\COM_PRJ20_VER8.MAX
Thu Jan 30 18:39:50 Saved as file D:\DANH\DANH\ORCAD PROJECTS\COMERCIAL PROJECTS\COM_PRJ20(CONTROL)\COM_PRJ20_VER8.MAX
Thu Jan 30 18:39:50 Saved as file D:\DANH\DANH\ORCAD PROJECTS\COMERCIAL PROJECTS\COM_PRJ20(CONTROL)\COM_PRJ20_VER8.MAX
Thu Jan 30 18:40:15 Saved as file D:\DANH\DANH\ORCAD PROJECTS\COMERCIAL PROJECTS\COM_PRJ20(CONTROL)\COM_PRJ20_VER8.MAX
Sat Feb 01 16:47:44 Saved as file D:\DANH\DANH\ORCAD PROJECTS\COMERCIAL PROJECTS\COM_PRJ20(CONTROL)\COM_PRJ20_VER8.MAX
Sat Feb 01 16:51:43 Saved as file BACKUP1.MAX
Sat Feb 01 16:51:55 Saved as file D:\DANH\DANH\ORCAD PROJECTS\COMERCIAL PROJECTS\COM_PRJ20(CONTROL)\COM_PRJ20_VER8.MAX
Sat Feb 01 18:01:29 Saved as file D:\DANH\DANH\ORCAD PROJECTS\COMERCIAL PROJECTS\COM_PRJ20(CONTROL)\COM_PRJ20_VER8.MAX
Sat Feb 01 18:04:18 Saved as file BACKUP1.MAX
Sat Feb 01 18:05:00 Saved as file D:\DANH\DANH\ORCAD PROJECTS\COMERCIAL PROJECTS\COM_PRJ20(CONTROL)\COM_PRJ20_VER8.MAX
Sat Feb 01 18:05:00 Saved as file D:\DANH\DANH\ORCAD PROJECTS\COMERCIAL PROJECTS\COM_PRJ20(CONTROL)\COM_PRJ20_VER8.MAX
Sat Feb 01 18:05:00 Saved as file D:\DANH\DANH\ORCAD PROJECTS\COMERCIAL PROJECTS\COM_PRJ20(CONTROL)\COM_PRJ20_VER8.MAX
Sat Feb 01 18:05:00 Saved as file D:\DANH\DANH\ORCAD PROJECTS\COMERCIAL PROJECTS\COM_PRJ20(CONTROL)\COM_PRJ20_VER8.MAX
Sat Feb 01 18:05:00 Saved as file D:\DANH\DANH\ORCAD PROJECTS\COMERCIAL PROJECTS\COM_PRJ20(CONTROL)\COM_PRJ20_VER8.MAX
Sat Feb 01 18:05:00 Saved as file D:\DANH\DANH\ORCAD PROJECTS\COMERCIAL PROJECTS\COM_PRJ20(CONTROL)\COM_PRJ20_VER8.MAX
Sat Feb 01 18:05:01 Saved as file D:\DANH\DANH\ORCAD PROJECTS\COMERCIAL PROJECTS\COM_PRJ20(CONTROL)\COM_PRJ20_VER8.MAX
Sat Feb 01 18:05:27 Saved as file D:\DANH\DANH\ORCAD PROJECTS\COMERCIAL PROJECTS\COM_PRJ20(CONTROL)\COM_PRJ20_VER8.MAX
Sat Feb 01 18:07:40 Saved as file D:\DANH\DANH\ORCAD PROJECTS\COMERCIAL PROJECTS\COM_PRJ20(CONTROL)\COM_PRJ20_VER8.MAX
Sat Feb 01 18:08:23 Saved as file D:\DANH\DANH\ORCAD PROJECTS\COMERCIAL PROJECTS\COM_PRJ20(CONTROL)\COM_PRJ20_VER8.MAX
Sat Feb 01 18:08:24 Saved as file D:\DANH\DANH\ORCAD PROJECTS\COMERCIAL PROJECTS\COM_PRJ20(CONTROL)\COM_PRJ20_VER8.MAX
Sat Feb 01 18:08:24 Saved as file D:\DANH\DANH\ORCAD PROJECTS\COMERCIAL PROJECTS\COM_PRJ20(CONTROL)\COM_PRJ20_VER8.MAX
Sat Feb 01 18:08:24 Saved as file D:\DANH\DANH\ORCAD PROJECTS\COMERCIAL PROJECTS\COM_PRJ20(CONTROL)\COM_PRJ20_VER8.MAX
Sat Feb 01 18:08:24 Saved as file D:\DANH\DANH\ORCAD PROJECTS\COMERCIAL PROJECTS\COM_PRJ20(CONTROL)\COM_PRJ20_VER8.MAX
Sat Feb 01 18:08:24 Saved as file D:\DANH\DANH\ORCAD PROJECTS\COMERCIAL PROJECTS\COM_PRJ20(CONTROL)\COM_PRJ20_VER8.MAX
Sat Feb 01 18:10:06 Saved as file D:\DANH\DANH\ORCAD PROJECTS\COMERCIAL PROJECTS\COM_PRJ20(CONTROL)\COM_PRJ20_VER8.MAX
Sat Feb 01 18:11:18 Saved as file D:\DANH\DANH\ORCAD PROJECTS\COMERCIAL PROJECTS\COM_PRJ20(CONTROL)\COM_PRJ20_VER8.MAX
Sat Feb 01 18:11:19 Saved as file D:\DANH\DANH\ORCAD PROJECTS\COMERCIAL PROJECTS\COM_PRJ20(CONTROL)\COM_PRJ20_VER8.MAX
Sat Feb 01 18:12:30 Saved as file D:\DANH\DANH\ORCAD PROJECTS\COMERCIAL PROJECTS\COM_PRJ20(CONTROL)\COM_PRJ20_VER8.MAX
Sat Feb 01 18:12:30 Saved as file D:\DANH\DANH\ORCAD PROJECTS\COMERCIAL PROJECTS\COM_PRJ20(CONTROL)\COM_PRJ20_VER8.MAX
Sat Feb 01 18:13:32 Saved as file D:\DANH\DANH\ORCAD PROJECTS\COMERCIAL PROJECTS\COM_PRJ20(CONTROL)\COM_PRJ20_VER8.MAX
Sat Feb 01 18:15:18 Saved as file BACKUP1.MAX
Sat Feb 01 18:15:35 Saved as file D:\DANH\DANH\ORCAD PROJECTS\COMERCIAL PROJECTS\COM_PRJ20(CONTROL)\COM_PRJ20_VER8.MAX
Sat Feb 01 18:18:29 Saved as file D:\DANH\DANH\ORCAD PROJECTS\COMERCIAL PROJECTS\COM_PRJ20(CONTROL)\COM_PRJ20_VER8.MAX
Sat Feb 01 18:18:48 Saved as file D:\DANH\DANH\ORCAD PROJECTS\COMERCIAL PROJECTS\COM_PRJ20(CONTROL)\COM_PRJ20_VER8.MAX
Sat Feb 01 18:18:58 Saved as file D:\DANH\DANH\ORCAD PROJECTS\COMERCIAL PROJECTS\COM_PRJ20(CONTROL)\COM_PRJ20_VER8.MAX
Sat Feb 01 18:19:39 Saved as file D:\DANH\DANH\ORCAD PROJECTS\COMERCIAL PROJECTS\COM_PRJ20(CONTROL)\COM_PRJ20_VER8.MAX
Sat Feb 01 18:19:40 Saved as file D:\DANH\DANH\ORCAD PROJECTS\COMERCIAL PROJECTS\COM_PRJ20(CONTROL)\COM_PRJ20_VER8.MAX
Sat Feb 01 18:19:40 Saved as file D:\DANH\DANH\ORCAD PROJECTS\COMERCIAL PROJECTS\COM_PRJ20(CONTROL)\COM_PRJ20_VER8.MAX
Sat Feb 01 18:19:40 Saved as file D:\DANH\DANH\ORCAD PROJECTS\COMERCIAL PROJECTS\COM_PRJ20(CONTROL)\COM_PRJ20_VER8.MAX
Sat Feb 01 18:19:49 Saved as file D:\DANH\DANH\ORCAD PROJECTS\COMERCIAL PROJECTS\COM_PRJ20(CONTROL)\COM_PRJ20_VER8.MAX
Sat Feb 01 18:19:54 Saved as file D:\DANH\DANH\ORCAD PROJECTS\COMERCIAL PROJECTS\COM_PRJ20(CONTROL)\COM_PRJ20_VER8.MAX
Sat Feb 01 18:19:54 Saved as file D:\DANH\DANH\ORCAD PROJECTS\COMERCIAL PROJECTS\COM_PRJ20(CONTROL)\COM_PRJ20_VER8.MAX
Sat Feb 01 18:20:05 Saved as file D:\DANH\DANH\ORCAD PROJECTS\COMERCIAL PROJECTS\COM_PRJ20(CONTROL)\COM_PRJ20_VER8.MAX
Sat Feb 01 18:24:16 Saved as file D:\DANH\DANH\ORCAD PROJECTS\COMERCIAL PROJECTS\COM_PRJ20(CONTROL)\COM_PRJ20_VER8.MAX
Sat Feb 01 18:24:16 Saved as file D:\DANH\DANH\ORCAD PROJECTS\COMERCIAL PROJECTS\COM_PRJ20(CONTROL)\COM_PRJ20_VER8.MAX
Sat Feb 01 18:24:16 Saved as file D:\DANH\DANH\ORCAD PROJECTS\COMERCIAL PROJECTS\COM_PRJ20(CONTROL)\COM_PRJ20_VER8.MAX
Sat Feb 01 18:24:16 Saved as file D:\DANH\DANH\ORCAD PROJECTS\COMERCIAL PROJECTS\COM_PRJ20(CONTROL)\COM_PRJ20_VER8.MAX
Sat Feb 01 18:24:16 Saved as file D:\DANH\DANH\ORCAD PROJECTS\COMERCIAL PROJECTS\COM_PRJ20(CONTROL)\COM_PRJ20_VER8.MAX
Sat Feb 01 18:43:25 Loaded file C:\Program Files\OrCAD\Layout_Plus\data\template.imp
Sat Feb 01 18:43:25 Loaded file C:\Program Files\OrCAD\Layout_Plus\data\template.imp
Sat Feb 01 18:43:25 Loaded file C:\Program Files\OrCAD\Layout_Plus\data\template.imp
Sat Feb 01 18:43:25 Loaded file C:\Program Files\OrCAD\Layout_Plus\data\template.imp
Sun Feb 02 23:50:12 Saved as file BACKUP1.MAX
Sun Feb 02 23:50:22 Saved as file D:\DANH\DANH\ORCAD PROJECTS\COMERCIAL PROJECTS\COM_PRJ20(CONTROL)\COM_PRJ20_VER9.MAX
Sun Feb 02 23:54:39 Saved as file D:\DANH\DANH\ORCAD PROJECTS\COMERCIAL PROJECTS\COM_PRJ20(CONTROL)\COM_PRJ20_VER9.MAX
Sun Feb 02 23:55:26 Saved as file D:\DANH\DANH\ORCAD PROJECTS\COMERCIAL PROJECTS\COM_PRJ20(CONTROL)\COM_PRJ20_VER9.MAX
Sun Feb 02 23:55:42 Saved as file D:\DANH\DANH\ORCAD PROJECTS\COMERCIAL PROJECTS\COM_PRJ20(CONTROL)\COM_PRJ20_VER9.MAX
Sun Feb 02 23:56:20 Saved as file D:\DANH\DANH\ORCAD PROJECTS\COMERCIAL PROJECTS\COM_PRJ20(CONTROL)\COM_PRJ20_VER9.MAX
Sun Feb 02 23:56:35 Saved as file D:\DANH\DANH\ORCAD PROJECTS\COMERCIAL PROJECTS\COM_PRJ20(CONTROL)\COM_PRJ20_VER9.MAX
Sun Feb 02 23:56:35 Saved as file D:\DANH\DANH\ORCAD PROJECTS\COMERCIAL PROJECTS\COM_PRJ20(CONTROL)\COM_PRJ20_VER9.MAX
Sun Feb 02 23:56:52 Saved as file D:\DANH\DANH\ORCAD PROJECTS\COMERCIAL PROJECTS\COM_PRJ20(CONTROL)\COM_PRJ20_VER9.MAX
Sun Feb 02 23:56:53 Saved as file D:\DANH\DANH\ORCAD PROJECTS\COMERCIAL PROJECTS\COM_PRJ20(CONTROL)\COM_PRJ20_VER9.MAX
Sun Feb 02 23:56:53 Saved as file D:\DANH\DANH\ORCAD PROJECTS\COMERCIAL PROJECTS\COM_PRJ20(CONTROL)\COM_PRJ20_VER9.MAX
Sun Feb 02 23:56:53 Saved as file D:\DANH\DANH\ORCAD PROJECTS\COMERCIAL PROJECTS\COM_PRJ20(CONTROL)\COM_PRJ20_VER9.MAX
Sun Feb 02 23:56:53 Saved as file D:\DANH\DANH\ORCAD PROJECTS\COMERCIAL PROJECTS\COM_PRJ20(CONTROL)\COM_PRJ20_VER9.MAX
Sun Feb 02 23:57:17 Saved as file D:\DANH\DANH\ORCAD PROJECTS\COMERCIAL PROJECTS\COM_PRJ20(CONTROL)\COM_PRJ20_VER9.MAX
Sun Feb 02 23:57:17 Saved as file D:\DANH\DANH\ORCAD PROJECTS\COMERCIAL PROJECTS\COM_PRJ20(CONTROL)\COM_PRJ20_VER9.MAX
Sun Feb 02 23:57:36 Saved as file D:\DANH\DANH\ORCAD PROJECTS\COMERCIAL PROJECTS\COM_PRJ20(CONTROL)\COM_PRJ20_VER9.MAX
Sun Feb 02 23:57:37 Saved as file D:\DANH\DANH\ORCAD PROJECTS\COMERCIAL PROJECTS\COM_PRJ20(CONTROL)\COM_PRJ20_VER9.MAX
Sun Feb 02 23:57:52 Saved as file D:\DANH\DANH\ORCAD PROJECTS\COMERCIAL PROJECTS\COM_PRJ20(CONTROL)\COM_PRJ20_VER9.MAX
Sun Feb 02 23:57:52 Saved as file D:\DANH\DANH\ORCAD PROJECTS\COMERCIAL PROJECTS\COM_PRJ20(CONTROL)\COM_PRJ20_VER9.MAX
Sun Feb 02 23:57:52 Saved as file D:\DANH\DANH\ORCAD PROJECTS\COMERCIAL PROJECTS\COM_PRJ20(CONTROL)\COM_PRJ20_VER9.MAX
Sun Feb 02 23:58:00 Saved as file D:\DANH\DANH\ORCAD PROJECTS\COMERCIAL PROJECTS\COM_PRJ20(CONTROL)\COM_PRJ20_VER9.MAX
Sun Feb 02 23:58:00 Saved as file D:\DANH\DANH\ORCAD PROJECTS\COMERCIAL PROJECTS\COM_PRJ20(CONTROL)\COM_PRJ20_VER9.MAX
Sun Feb 02 23:58:00 Saved as file D:\DANH\DANH\ORCAD PROJECTS\COMERCIAL PROJECTS\COM_PRJ20(CONTROL)\COM_PRJ20_VER9.MAX
Sun Feb 02 23:58:00 Saved as file D:\DANH\DANH\ORCAD PROJECTS\COMERCIAL PROJECTS\COM_PRJ20(CONTROL)\COM_PRJ20_VER9.MAX
Sun Feb 02 23:58:59 Saved as file D:\DANH\DANH\ORCAD PROJECTS\COMERCIAL PROJECTS\COM_PRJ20(CONTROL)\COM_PRJ20_VER9.MAX
Mon Feb 03 12:55:56 Error code 5255.048 (1737)
Mon Feb 03 12:55:56 Saved as file Backup0.max
Mon Feb 03 12:55:56 Windows which were open at time of error:
Mon Feb 03 12:55:56 	ActiveWindow: &Design
Mon Feb 03 12:55:56 	Icon: &Components
Mon Feb 03 12:55:56 	Icon: &Nets
Mon Feb 03 12:55:56 	Icon: Post Proces&s
Mon Feb 03 12:55:56 End-of-list
Mon Feb 03 12:55:57 Loaded file BACKUP0.MAX
Mon Feb 03 12:56:09 Saved as file D:\DANH\DANH\ORCAD PROJECTS\COMERCIAL PROJECTS\COM_PRJ20(CONTROL)\COM_PRJ20_VER9.MAX
Mon Feb 03 12:56:19 Saved as file D:\DANH\DANH\ORCAD PROJECTS\COMERCIAL PROJECTS\COM_PRJ20(CONTROL)\COM_PRJ20_VER9.MAX
Mon Feb 03 12:56:19 Saved as file D:\DANH\DANH\ORCAD PROJECTS\COMERCIAL PROJECTS\COM_PRJ20(CONTROL)\COM_PRJ20_VER9.MAX
Mon Feb 03 12:56:19 Saved as file D:\DANH\DANH\ORCAD PROJECTS\COMERCIAL PROJECTS\COM_PRJ20(CONTROL)\COM_PRJ20_VER9.MAX
Mon Feb 03 12:56:19 Saved as file D:\DANH\DANH\ORCAD PROJECTS\COMERCIAL PROJECTS\COM_PRJ20(CONTROL)\COM_PRJ20_VER9.MAX
Wed Apr 30 10:58:55 Merge file: Starting (copy all comps)
Wed Apr 30 10:58:55 Merge file: Loading merge file D:\DANH\DANHLL\DANHLL\ORCAD PROJECTS\COMERCIAL PROJECTS\COM_PRJ20(CONTROL)\COM_PRJ20_VER6.MAX
Wed Apr 30 10:58:55 Merge file: Component C1 copied and added
Wed Apr 30 10:58:55 Merge file: Component C2 copied and added
Wed Apr 30 10:58:55 Merge file: Component C3 copied and added
Wed Apr 30 10:58:55 Merge file: Component D1 copied and added
Wed Apr 30 10:58:55 Merge file: Component D2 copied and added
Wed Apr 30 10:58:55 Merge file: Component D3 copied and added
Wed Apr 30 10:58:55 Merge file: Component D4 copied and added
Wed Apr 30 10:58:55 Merge file: Component D5 copied and added
Wed Apr 30 10:58:55 Merge file: Component IC copied and added
Wed Apr 30 10:58:55 Merge file: Component J1 copied and added
Wed Apr 30 10:58:55 Merge file: Component QB copied and added
Wed Apr 30 10:58:55 Merge file: Component QG copied and added
Wed Apr 30 10:58:55 Merge file: Component QR copied and added
Wed Apr 30 10:58:55 Merge file: Component R1 copied and added
Wed Apr 30 10:58:55 Merge file: Component R2 copied and added
Wed Apr 30 10:58:55 Merge file: Component R3 copied and added
Wed Apr 30 10:58:55 Merge file: Component RB copied and added
Wed Apr 30 10:58:55 Merge file: Component RG copied and added
Wed Apr 30 10:58:55 Merge file: Component RR copied and added
Wed Apr 30 10:58:55 Merge file: Component R4 copied and added
Wed Apr 30 10:58:55 Merge file: Component R5 copied and added
Wed Apr 30 10:58:55 Merge file: Component R6 copied and added
Wed Apr 30 10:58:55 Merge file: Component J4 copied and added
Wed Apr 30 10:58:55 Merge file: Component 24 copied and added
Wed Apr 30 10:58:55 Merge file: Net N00807 merged into existing net
Wed Apr 30 10:58:55 Merge file: Net N00870 merged into existing net
Wed Apr 30 10:58:55 Merge file: Net N01182 merged into existing net
Wed Apr 30 10:58:55 Merge file: Net N01209 merged into existing net
Wed Apr 30 10:58:55 Merge file: Net N01236 merged into existing net
Wed Apr 30 10:58:55 Merge file: Net N01498 merged into existing net
Wed Apr 30 10:58:55 Merge file: Net N01838 merged into existing net
Wed Apr 30 10:58:55 Merge file: Net N02528 merged into existing net
Wed Apr 30 10:58:55 Merge file: Net N02576 merged into existing net
Wed Apr 30 10:58:55 Merge file: Net N02627 merged into existing net
Wed Apr 30 10:58:55 Merge file: Net N03042 merged into existing net
Wed Apr 30 10:58:55 Merge file: Net N03092 merged into existing net
Wed Apr 30 10:58:55 Merge file: Net N03142 merged into existing net
Wed Apr 30 10:58:55 Merge file: Net N004632 merged into existing net
Wed Apr 30 10:58:55 Merge file: Net N020102 merged into existing net
Wed Apr 30 10:58:55 Merge file: Net N020382 merged into existing net
Wed Apr 30 10:58:55 Merge file: Net NET_17 merged into existing net
Wed Apr 30 10:58:55 Merge file: Net NET_18 merged into existing net
Wed Apr 30 10:58:55 Merge file: Net NET_19 merged into existing net
Wed Apr 30 10:58:55 Merge file: Net NET_20 merged into existing net
Wed Apr 30 10:58:55 Merge file: Net NET_21 merged into existing net
Wed Apr 30 10:58:55 Merge file: Net NET_22 merged into existing net
Wed Apr 30 10:58:55 Merge file: Net NET_23 merged into existing net
Wed Apr 30 10:58:55 Merge file: Net NET_24 merged into existing net
Wed Apr 30 10:58:55 Merge file: Net NET_25 merged into existing net
Wed Apr 30 10:58:55 Merge file: Net NET_26 merged into existing net
Wed Apr 30 10:58:55 Merge file: Net NET_27 merged into existing net
Wed Apr 30 10:58:55 Merge file: Net NET_28 merged into existing net
Wed Apr 30 10:58:55 Loaded file D:\DANH\DANHLL\DANHLL\ORCAD PROJECTS\COMERCIAL PROJECTS\COM_PRJ20(CONTROL)\COM_PRJ20_VER6.MAX
Wed Apr 30 10:58:55 Merge file: Complete
