Thu Mar 03 05:34:20 Saved as file E:\DANH\ROBOT\ORCAD PROJECTS\COMERCIAL PROJECTS\COM_PRJ22\COM_PRJ22.MAX
Thu Mar 03 05:34:20 Saved as file BACKUP1.MAX
Thu Mar 03 05:34:20 Saved as file E:\DANH\ROBOT\ORCAD PROJECTS\COMERCIAL PROJECTS\COM_PRJ22\COM_PRJ22.MAX
Thu Mar 03 05:34:21 UserDiv from Layout.INI for AutoECO: 60
Thu Mar 03 05:34:21 Loaded file E:\DANH\ROBOT\ORCAD PROJECTS\COMERCIAL PROJECTS\COM_PRJ22\COM_PRJ22.MAX
Thu Mar 03 05:34:21 Loaded file E:\DANH\ROBOT\ORCAD LIBS\DANHLIB.LLB
Thu Mar 03 05:34:21 Loaded file E:\DANH\ROBOT\ORCAD LIBS\THUVIENORCAD\THUVIENORCAD\LIBRARY ORCAD\THU VIEN ORCAD FULL\THU VIEN LAYOUT BETA 3.LLB
Thu Mar 03 05:34:21 Loaded file E:\DANH\ROBOT\ORCAD LIBS\THUVIENORCAD\THUVIENORCAD\LIBRARY ORCAD\THU VIEN ORCAD FULL\THU VIEN.LLB
Thu Mar 03 05:34:21 Loaded file E:\DANH\ROBOT\ORCAD LIBS\THUVIENORCAD\THUVIENORCAD\LIBRARY ORCAD\ORCAD_LIBRARY\ORCAD_LIBRARY\THU VIEN CHAN_ORCAD\HUUTAN.LLB
Thu Mar 03 05:34:21 Loaded file E:\DANH\ROBOT\ORCAD LIBS\THUVIENORCAD\THUVIENORCAD\LIBRARY ORCAD\ORCAD_LIBRARY\ORCAD_LIBRARY\THU VIEN CHAN_ORCAD\IC PIN.LLB
Thu Mar 03 05:34:21 Loaded file E:\DANH\ROBOT\ORCAD LIBS\THUVIENORCAD\THUVIENORCAD\LIBRARY ORCAD\ORCAD_LIBRARY\ORCAD_LIBRARY\THU VIEN CHAN_ORCAD\LINHKIEN.LLB
Thu Mar 03 05:34:21 Loaded file E:\DANH\ROBOT\ORCAD LIBS\THUVIENORCAD\THUVIENORCAD\LIBRARY ORCAD\ORCAD_LIBRARY\ORCAD_LIBRARY\THU VIEN CHAN_ORCAD\TUHOA.LLB
Thu Mar 03 05:34:21 Loaded file E:\DANH\ROBOT\ORCAD LIBS\THUVIENORCAD\THUVIENORCAD\LIBRARY ORCAD\LAYOUT PLUS\VANHOA.LLB
Thu Mar 03 05:34:21 Loaded file E:\DANH\ROBOT\ORCAD LIBS\THUVIENORCAD\THUVIENORCAD\HOA DOAN\HOADOAN.LLB
Thu Mar 03 05:34:21 Loaded file E:\DANH\ROBOT\ORCAD LIBS\CAPTURE\[MEGASHARE.VNN.VN]LIBRARY%20ORCAD\LIBRARY ORCAD\LIBRARYLAYOUT\555.LLB
Thu Mar 03 05:34:21 Loaded file E:\DANH\ROBOT\ORCAD LIBS\CAPTURE\[MEGASHARE.VNN.VN]LIBRARY%20ORCAD\LIBRARY ORCAD\LIBRARYLAYOUT\BCON100T.LLB
Thu Mar 03 05:34:21 Loaded file E:\DANH\ROBOT\ORCAD LIBS\CAPTURE\[MEGASHARE.VNN.VN]LIBRARY%20ORCAD\LIBRARY ORCAD\LIBRARYLAYOUT\BCON156T.LLB
Thu Mar 03 05:34:21 Loaded file E:\DANH\ROBOT\ORCAD LIBS\CAPTURE\[MEGASHARE.VNN.VN]LIBRARY%20ORCAD\LIBRARY ORCAD\LIBRARYLAYOUT\BGA.LLB
Thu Mar 03 05:34:21 Loaded file E:\DANH\ROBOT\ORCAD LIBS\CAPTURE\[MEGASHARE.VNN.VN]LIBRARY%20ORCAD\LIBRARY ORCAD\LIBRARYLAYOUT\CLCC.LLB
Thu Mar 03 05:34:21 Loaded file E:\DANH\ROBOT\ORCAD LIBS\CAPTURE\[MEGASHARE.VNN.VN]LIBRARY%20ORCAD\LIBRARY ORCAD\LIBRARYLAYOUT\DCON050T.LLB
Thu Mar 03 05:34:21 Loaded file E:\DANH\ROBOT\ORCAD LIBS\CAPTURE\[MEGASHARE.VNN.VN]LIBRARY%20ORCAD\LIBRARY ORCAD\LIBRARYLAYOUT\DCON085T.LLB
Thu Mar 03 05:34:21 Loaded file E:\DANH\ROBOT\ORCAD LIBS\CAPTURE\[MEGASHARE.VNN.VN]LIBRARY%20ORCAD\LIBRARY ORCAD\LIBRARYLAYOUT\DIMM050F.LLB
Thu Mar 03 05:34:21 Loaded file E:\DANH\ROBOT\ORCAD LIBS\CAPTURE\[MEGASHARE.VNN.VN]LIBRARY%20ORCAD\LIBRARY ORCAD\LIBRARYLAYOUT\DIMM050T.LLB
Thu Mar 03 05:34:21 Loaded file E:\DANH\ROBOT\ORCAD LIBS\CAPTURE\[MEGASHARE.VNN.VN]LIBRARY%20ORCAD\LIBRARY ORCAD\LIBRARYLAYOUT\DIN.LLB
Thu Mar 03 05:34:21 Loaded file E:\DANH\ROBOT\ORCAD LIBS\CAPTURE\[MEGASHARE.VNN.VN]LIBRARY%20ORCAD\LIBRARY ORCAD\LIBRARYLAYOUT\DIP100B.LLB
Thu Mar 03 05:34:21 Loaded file E:\DANH\ROBOT\ORCAD LIBS\CAPTURE\[MEGASHARE.VNN.VN]LIBRARY%20ORCAD\LIBRARY ORCAD\LIBRARYLAYOUT\DIP100T.LLB
Thu Mar 03 05:34:21 Loaded file E:\DANH\ROBOT\ORCAD LIBS\CAPTURE\[MEGASHARE.VNN.VN]LIBRARY%20ORCAD\LIBRARY ORCAD\LIBRARYLAYOUT\DSUBT.LLB
Thu Mar 03 05:34:21 Loaded file E:\DANH\ROBOT\ORCAD LIBS\CAPTURE\[MEGASHARE.VNN.VN]LIBRARY%20ORCAD\LIBRARY ORCAD\LIBRARYLAYOUT\DSUBT_HD.LLB
Thu Mar 03 05:34:21 Loaded file E:\DANH\ROBOT\ORCAD LIBS\CAPTURE\[MEGASHARE.VNN.VN]LIBRARY%20ORCAD\LIBRARY ORCAD\LIBRARYLAYOUT\ECON100T.LLB
Thu Mar 03 05:34:21 Loaded file E:\DANH\ROBOT\ORCAD LIBS\CAPTURE\[MEGASHARE.VNN.VN]LIBRARY%20ORCAD\LIBRARY ORCAD\LIBRARYLAYOUT\EMPTY.LLB
Thu Mar 03 05:34:21 Loaded file E:\DANH\ROBOT\ORCAD LIBS\CAPTURE\[MEGASHARE.VNN.VN]LIBRARY%20ORCAD\LIBRARY ORCAD\LIBRARYLAYOUT\EX_GUI.LLB
Thu Mar 03 05:34:21 Loaded file E:\DANH\ROBOT\ORCAD LIBS\CAPTURE\[MEGASHARE.VNN.VN]LIBRARY%20ORCAD\LIBRARY ORCAD\LIBRARYLAYOUT\FBUS.LLB
Thu Mar 03 05:34:21 Loaded file E:\DANH\ROBOT\ORCAD LIBS\CAPTURE\[MEGASHARE.VNN.VN]LIBRARY%20ORCAD\LIBRARY ORCAD\LIBRARYLAYOUT\ISA.LLB
Thu Mar 03 05:34:21 Loaded file E:\DANH\ROBOT\ORCAD LIBS\CAPTURE\[MEGASHARE.VNN.VN]LIBRARY%20ORCAD\LIBRARY ORCAD\LIBRARYLAYOUT\JUMPER.LLB
Thu Mar 03 05:34:21 Loaded file E:\DANH\ROBOT\ORCAD LIBS\CAPTURE\[MEGASHARE.VNN.VN]LIBRARY%20ORCAD\LIBRARY ORCAD\LIBRARYLAYOUT\LAYOUT.LLB
Thu Mar 03 05:34:21 Loaded file E:\DANH\ROBOT\ORCAD LIBS\CAPTURE\[MEGASHARE.VNN.VN]LIBRARY%20ORCAD\LIBRARY ORCAD\LIBRARYLAYOUT\LCON100T.LLB
Thu Mar 03 05:34:21 Loaded file E:\DANH\ROBOT\ORCAD LIBS\CAPTURE\[MEGASHARE.VNN.VN]LIBRARY%20ORCAD\LIBRARY ORCAD\LIBRARYLAYOUT\METRIC.LLB
Thu Mar 03 05:34:21 Loaded file E:\DANH\ROBOT\ORCAD LIBS\CAPTURE\[MEGASHARE.VNN.VN]LIBRARY%20ORCAD\LIBRARY ORCAD\LIBRARYLAYOUT\PADSTACK.LLB
Thu Mar 03 05:34:21 Loaded file E:\DANH\ROBOT\ORCAD LIBS\CAPTURE\[MEGASHARE.VNN.VN]LIBRARY%20ORCAD\LIBRARY ORCAD\LIBRARYLAYOUT\PC104.LLB
Thu Mar 03 05:34:21 Loaded file E:\DANH\ROBOT\ORCAD LIBS\CAPTURE\[MEGASHARE.VNN.VN]LIBRARY%20ORCAD\LIBRARY ORCAD\LIBRARYLAYOUT\PCI.LLB
Thu Mar 03 05:34:21 Loaded file E:\DANH\ROBOT\ORCAD LIBS\CAPTURE\[MEGASHARE.VNN.VN]LIBRARY%20ORCAD\LIBRARY ORCAD\LIBRARYLAYOUT\PCON100T.LLB
Thu Mar 03 05:34:21 Loaded file E:\DANH\ROBOT\ORCAD LIBS\CAPTURE\[MEGASHARE.VNN.VN]LIBRARY%20ORCAD\LIBRARY ORCAD\LIBRARYLAYOUT\PCON156T.LLB
Thu Mar 03 05:34:21 Loaded file E:\DANH\ROBOT\ORCAD LIBS\CAPTURE\[MEGASHARE.VNN.VN]LIBRARY%20ORCAD\LIBRARY ORCAD\LIBRARYLAYOUT\PGA.LLB
Thu Mar 03 05:34:21 Loaded file E:\DANH\ROBOT\ORCAD LIBS\CAPTURE\[MEGASHARE.VNN.VN]LIBRARY%20ORCAD\LIBRARY ORCAD\LIBRARYLAYOUT\PLCC.LLB
Thu Mar 03 05:34:21 Loaded file E:\DANH\ROBOT\ORCAD LIBS\CAPTURE\[MEGASHARE.VNN.VN]LIBRARY%20ORCAD\LIBRARY ORCAD\LIBRARYLAYOUT\QUACH KIA.LLB
Thu Mar 03 05:34:21 Loaded file E:\DANH\ROBOT\ORCAD LIBS\CAPTURE\[MEGASHARE.VNN.VN]LIBRARY%20ORCAD\LIBRARY ORCAD\LIBRARYLAYOUT\QUAD.LLB
Thu Mar 03 05:34:21 Loaded file E:\DANH\ROBOT\ORCAD LIBS\CAPTURE\[MEGASHARE.VNN.VN]LIBRARY%20ORCAD\LIBRARY ORCAD\LIBRARYLAYOUT\QUADB.LLB
Thu Mar 03 05:34:21 Loaded file E:\DANH\ROBOT\ORCAD LIBS\CAPTURE\[MEGASHARE.VNN.VN]LIBRARY%20ORCAD\LIBRARY ORCAD\LIBRARYLAYOUT\RELAY.LLB
Thu Mar 03 05:34:21 Loaded file E:\DANH\ROBOT\ORCAD LIBS\CAPTURE\[MEGASHARE.VNN.VN]LIBRARY%20ORCAD\LIBRARY ORCAD\LIBRARYLAYOUT\RF.LLB
Thu Mar 03 05:34:21 Loaded file E:\DANH\ROBOT\ORCAD LIBS\CAPTURE\[MEGASHARE.VNN.VN]LIBRARY%20ORCAD\LIBRARY ORCAD\LIBRARYLAYOUT\SBUS.LLB
Thu Mar 03 05:34:22 Loaded file E:\DANH\ROBOT\ORCAD LIBS\CAPTURE\[MEGASHARE.VNN.VN]LIBRARY%20ORCAD\LIBRARY ORCAD\LIBRARYLAYOUT\SIMM050F.LLB
Thu Mar 03 05:34:22 Loaded file E:\DANH\ROBOT\ORCAD LIBS\CAPTURE\[MEGASHARE.VNN.VN]LIBRARY%20ORCAD\LIBRARY ORCAD\LIBRARYLAYOUT\SIMM050T.LLB
Thu Mar 03 05:34:22 Loaded file E:\DANH\ROBOT\ORCAD LIBS\CAPTURE\[MEGASHARE.VNN.VN]LIBRARY%20ORCAD\LIBRARY ORCAD\LIBRARYLAYOUT\SIMM100F.LLB
Thu Mar 03 05:34:22 Loaded file E:\DANH\ROBOT\ORCAD LIBS\CAPTURE\[MEGASHARE.VNN.VN]LIBRARY%20ORCAD\LIBRARY ORCAD\LIBRARYLAYOUT\SIMM100T.LLB
Thu Mar 03 05:34:22 Loaded file E:\DANH\ROBOT\ORCAD LIBS\CAPTURE\[MEGASHARE.VNN.VN]LIBRARY%20ORCAD\LIBRARY ORCAD\LIBRARYLAYOUT\SIP.LLB
Thu Mar 03 05:34:22 Loaded file E:\DANH\ROBOT\ORCAD LIBS\CAPTURE\[MEGASHARE.VNN.VN]LIBRARY%20ORCAD\LIBRARY ORCAD\LIBRARYLAYOUT\SM.LLB
Thu Mar 03 05:34:22 Loaded file E:\DANH\ROBOT\ORCAD LIBS\CAPTURE\[MEGASHARE.VNN.VN]LIBRARY%20ORCAD\LIBRARY ORCAD\LIBRARYLAYOUT\SOG.LLB
Thu Mar 03 05:34:22 Loaded file E:\DANH\ROBOT\ORCAD LIBS\CAPTURE\[MEGASHARE.VNN.VN]LIBRARY%20ORCAD\LIBRARY ORCAD\LIBRARYLAYOUT\SOJ.LLB
Thu Mar 03 05:34:22 Loaded file E:\DANH\ROBOT\ORCAD LIBS\CAPTURE\[MEGASHARE.VNN.VN]LIBRARY%20ORCAD\LIBRARY ORCAD\LIBRARYLAYOUT\STIFF.LLB
Thu Mar 03 05:34:22 Loaded file E:\DANH\ROBOT\ORCAD LIBS\CAPTURE\[MEGASHARE.VNN.VN]LIBRARY%20ORCAD\LIBRARY ORCAD\LIBRARYLAYOUT\TELE.LLB
Thu Mar 03 05:34:22 Loaded file E:\DANH\ROBOT\ORCAD LIBS\CAPTURE\[MEGASHARE.VNN.VN]LIBRARY%20ORCAD\LIBRARY ORCAD\LIBRARYLAYOUT\TM_AXIAL.LLB
Thu Mar 03 05:34:22 Loaded file E:\DANH\ROBOT\ORCAD LIBS\CAPTURE\[MEGASHARE.VNN.VN]LIBRARY%20ORCAD\LIBRARY ORCAD\LIBRARYLAYOUT\TM_CAP_P.LLB
Thu Mar 03 05:34:22 Loaded file E:\DANH\ROBOT\ORCAD LIBS\CAPTURE\[MEGASHARE.VNN.VN]LIBRARY%20ORCAD\LIBRARY ORCAD\LIBRARYLAYOUT\TM_CYLND.LLB
Thu Mar 03 05:34:22 Loaded file E:\DANH\ROBOT\ORCAD LIBS\CAPTURE\[MEGASHARE.VNN.VN]LIBRARY%20ORCAD\LIBRARY ORCAD\LIBRARYLAYOUT\TM_DIODE.LLB
Thu Mar 03 05:34:22 Loaded file E:\DANH\ROBOT\ORCAD LIBS\CAPTURE\[MEGASHARE.VNN.VN]LIBRARY%20ORCAD\LIBRARY ORCAD\LIBRARYLAYOUT\TM_DISC.LLB
Thu Mar 03 05:34:22 Loaded file E:\DANH\ROBOT\ORCAD LIBS\CAPTURE\[MEGASHARE.VNN.VN]LIBRARY%20ORCAD\LIBRARY ORCAD\LIBRARYLAYOUT\TM_RAD.LLB
Thu Mar 03 05:34:22 Loaded file E:\DANH\ROBOT\ORCAD LIBS\CAPTURE\[MEGASHARE.VNN.VN]LIBRARY%20ORCAD\LIBRARY ORCAD\LIBRARYLAYOUT\TO.LLB
Thu Mar 03 05:34:22 Loaded file E:\DANH\ROBOT\ORCAD LIBS\CAPTURE\[MEGASHARE.VNN.VN]LIBRARY%20ORCAD\LIBRARY ORCAD\LIBRARYLAYOUT\TR.LLB
Thu Mar 03 05:34:22 Loaded file E:\DANH\ROBOT\ORCAD LIBS\CAPTURE\[MEGASHARE.VNN.VN]LIBRARY%20ORCAD\LIBRARY ORCAD\LIBRARYLAYOUT\TRAINING.LLB
Thu Mar 03 05:34:22 Loaded file E:\DANH\ROBOT\ORCAD LIBS\CAPTURE\[MEGASHARE.VNN.VN]LIBRARY%20ORCAD\LIBRARY ORCAD\LIBRARYLAYOUT\VRES.LLB
Thu Mar 03 05:34:22 Loaded file E:\DANH\ROBOT\ORCAD LIBS\CAPTURE\[MEGASHARE.VNN.VN]LIBRARY%20ORCAD\LIBRARY ORCAD\LIBRARYLAYOUT\WCON100T.LLB
Thu Mar 03 05:34:22 Loaded file E:\DANH\ROBOT\ORCAD LIBS\CAPTURE\[MEGASHARE.VNN.VN]LIBRARY%20ORCAD\LIBRARY ORCAD\LIBRARYLAYOUT\XT.LLB
Thu Mar 03 05:34:22 Loaded file E:\DANH\ROBOT\ORCAD LIBS\CAPTURE\[MEGASHARE.VNN.VN]LIBRARY%20ORCAD\LIBRARY ORCAD\LIBRARYLAYOUT\ZIGZAG.LLB
Thu Mar 03 05:34:22 Loaded file E:\DANH\ROBOT\ORCAD LIBS\THU VIEN\THU VIEN.LLB
Thu Mar 03 05:34:22 Loaded file E:\DANH\ROBOT\ORCAD LIBS\ORCAD LAYOUT\T2L LAYOUT.LLB
Thu Mar 03 05:34:22 Loaded file E:\DANH\ROBOT\ORCAD LIBS\CAPTURE\LIBRARY\LIBRARY\LIBARY\ZZZ_UI_LIB.LLB
Thu Mar 03 05:34:22 Loaded file E:\DANH\ROBOT\ORCAD LIBS\CAPTURE\LIBRARY\LIBRARY\LIBARY\ZZZ_BS.LLB
Thu Mar 03 05:34:22 Loaded file E:\DANH\ROBOT\ORCAD LIBS\CAPTURE\LIBRARY\LIBRARY\LIBARY\ZZZ_DAT_LIB.LLB
Thu Mar 03 05:34:22 Loaded file E:\DANH\ROBOT\ORCAD LIBS\CAPTURE\LIBRARY\LIBRARY\LIBARY\ZZZ_LK_DAN.LLB
Thu Mar 03 05:34:22 Loaded file E:\DANH\ROBOT\ORCAD LIBS\CAPTURE\LIBRARY\LIBRARY\LIBARY\ZZZ_MY_LIB.LLB
Thu Mar 03 05:34:22 Loaded file E:\DANH\ROBOT\ORCAD LIBS\CAPTURE\LIBRARY\LIBRARY\LIBARY\ZZZ_MYLIB.LLB
Thu Mar 03 05:34:22 Loaded file E:\DANH\ROBOT\ORCAD LIBS\CAPTURE\LIBRARY\LIBRARY\BKIT4U_LIB.LLB
Thu Mar 03 05:34:22 Loaded file E:\DANH\ROBOT\ORCAD LIBS\CAPTURE\LIBRARY\LIBRARY\BS.LLB
Thu Mar 03 05:34:22 Loaded file E:\DANH\ROBOT\ORCAD LIBS\CAPTURE\LIBRARY\LIBRARY\LAYOUT LIB LAYOUT\ZZZ_TUHOA.LLB
Thu Mar 03 05:34:22 Loaded file E:\DANH\ROBOT\ORCAD LIBS\CAPTURE\LIBRARY\LIBRARY\LAYOUT LIB LAYOUT\ZZZ_PHUONG.LLB
Thu Mar 03 05:34:22 Loaded file E:\DANH\ROBOT\ORCAD LIBS\CAPTURE\LIBRARY\LIBRARY\LAYOUT LIB LAYOUT\ZZZ_T2L LAYOUT.LLB
Thu Mar 03 05:34:22 Loaded file E:\DANH\ROBOT\ORCAD LIBS\CAPTURE\LIBRARY\LIBRARY\LAYOUT LIB LAYOUT\ZZZ_THU VIEN - TRIEU..LLB
Thu Mar 03 05:34:22 Loaded file E:\DANH\ROBOT\ORCAD LIBS\CAPTURE\LIBRARY\LIBRARY\LAYOUT LIB LAYOUT\ZZZ_THU VIEN.LLB
Thu Mar 03 05:34:22 Loaded file E:\DANH\ROBOT\ORCAD LIBS\CAPTURE\LIBRARY\LIBRARY\LAYOUT LIB LAYOUT\ZZZ_TRANSITROR.LLB
Thu Mar 03 05:34:22 Loaded file C:\PROGRAM FILES\ORCAD\LAYOUT_PLUS\library\BCON100T.llb
Thu Mar 03 05:34:22 Loaded file C:\PROGRAM FILES\ORCAD\LAYOUT_PLUS\library\BCON156T.llb
Thu Mar 03 05:34:22 Loaded file C:\PROGRAM FILES\ORCAD\LAYOUT_PLUS\library\BGA.llb
Thu Mar 03 05:34:22 Loaded file C:\PROGRAM FILES\ORCAD\LAYOUT_PLUS\library\CLCC.llb
Thu Mar 03 05:34:22 Loaded file C:\PROGRAM FILES\ORCAD\LAYOUT_PLUS\library\DCON050T.llb
Thu Mar 03 05:34:22 Loaded file C:\PROGRAM FILES\ORCAD\LAYOUT_PLUS\library\DCON085T.llb
Thu Mar 03 05:34:22 Loaded file C:\PROGRAM FILES\ORCAD\LAYOUT_PLUS\library\DIMM050F.llb
Thu Mar 03 05:34:22 Loaded file C:\PROGRAM FILES\ORCAD\LAYOUT_PLUS\library\DIMM050T.llb
Thu Mar 03 05:34:22 Loaded file C:\PROGRAM FILES\ORCAD\LAYOUT_PLUS\library\DIN.llb
Thu Mar 03 05:34:22 Loaded file C:\PROGRAM FILES\ORCAD\LAYOUT_PLUS\library\DIP100B.llb
Thu Mar 03 05:34:22 Loaded file C:\PROGRAM FILES\ORCAD\LAYOUT_PLUS\library\DIP100T.llb
Thu Mar 03 05:34:22 Loaded file C:\PROGRAM FILES\ORCAD\LAYOUT_PLUS\library\DSUBT.llb
Thu Mar 03 05:34:22 Loaded file C:\PROGRAM FILES\ORCAD\LAYOUT_PLUS\library\DSUBT_HD.LLB
Thu Mar 03 05:34:22 Loaded file C:\PROGRAM FILES\ORCAD\LAYOUT_PLUS\library\ECON100T.llb
Thu Mar 03 05:34:22 Loaded file C:\PROGRAM FILES\ORCAD\LAYOUT_PLUS\library\FBUS.llb
Thu Mar 03 05:34:22 Loaded file C:\PROGRAM FILES\ORCAD\LAYOUT_PLUS\library\ISA.llb
Thu Mar 03 05:34:22 Loaded file C:\PROGRAM FILES\ORCAD\LAYOUT_PLUS\library\JUMPER.LLB
Thu Mar 03 05:34:22 Loaded file C:\PROGRAM FILES\ORCAD\LAYOUT_PLUS\library\LAYOUT.llb
Thu Mar 03 05:34:22 Loaded file C:\PROGRAM FILES\ORCAD\LAYOUT_PLUS\library\LCON100T.llb
Thu Mar 03 05:34:22 Loaded file C:\PROGRAM FILES\ORCAD\LAYOUT_PLUS\library\PC104.llb
Thu Mar 03 05:34:22 Loaded file C:\PROGRAM FILES\ORCAD\LAYOUT_PLUS\library\PCI.llb
Thu Mar 03 05:34:22 Loaded file C:\PROGRAM FILES\ORCAD\LAYOUT_PLUS\library\PCON100T.llb
Thu Mar 03 05:34:22 Loaded file C:\PROGRAM FILES\ORCAD\LAYOUT_PLUS\library\PCON156T.llb
Thu Mar 03 05:34:22 Loaded file C:\PROGRAM FILES\ORCAD\LAYOUT_PLUS\library\PGA.llb
Thu Mar 03 05:34:22 Loaded file C:\PROGRAM FILES\ORCAD\LAYOUT_PLUS\library\PLCC.llb
Thu Mar 03 05:34:22 Loaded file C:\PROGRAM FILES\ORCAD\LAYOUT_PLUS\library\QUAD.llb
Thu Mar 03 05:34:22 Loaded file C:\PROGRAM FILES\ORCAD\LAYOUT_PLUS\library\QUADB.llb
Thu Mar 03 05:34:22 Loaded file C:\PROGRAM FILES\ORCAD\LAYOUT_PLUS\library\RELAY.llb
Thu Mar 03 05:34:22 Loaded file C:\PROGRAM FILES\ORCAD\LAYOUT_PLUS\library\RF.llb
Thu Mar 03 05:34:22 Loaded file C:\PROGRAM FILES\ORCAD\LAYOUT_PLUS\library\SBUS.llb
Thu Mar 03 05:34:22 Loaded file C:\PROGRAM FILES\ORCAD\LAYOUT_PLUS\library\SIMM050F.llb
Thu Mar 03 05:34:23 Loaded file C:\PROGRAM FILES\ORCAD\LAYOUT_PLUS\library\SIMM050T.llb
Thu Mar 03 05:34:23 Loaded file C:\PROGRAM FILES\ORCAD\LAYOUT_PLUS\library\SIMM100F.llb
Thu Mar 03 05:34:23 Loaded file C:\PROGRAM FILES\ORCAD\LAYOUT_PLUS\library\SIMM100T.llb
Thu Mar 03 05:34:23 Loaded file C:\PROGRAM FILES\ORCAD\LAYOUT_PLUS\library\SIP.llb
Thu Mar 03 05:34:23 Loaded file C:\PROGRAM FILES\ORCAD\LAYOUT_PLUS\library\SM.llb
Thu Mar 03 05:34:23 Loaded file C:\PROGRAM FILES\ORCAD\LAYOUT_PLUS\library\SOG.llb
Thu Mar 03 05:34:23 Loaded file C:\PROGRAM FILES\ORCAD\LAYOUT_PLUS\library\SOJ.llb
Thu Mar 03 05:34:23 Loaded file C:\PROGRAM FILES\ORCAD\LAYOUT_PLUS\library\STIFF.llb
Thu Mar 03 05:34:23 Loaded file C:\PROGRAM FILES\ORCAD\LAYOUT_PLUS\library\TELE.llb
Thu Mar 03 05:34:23 Loaded file C:\PROGRAM FILES\ORCAD\LAYOUT_PLUS\library\TM_AXIAL.llb
Thu Mar 03 05:34:23 Loaded file C:\PROGRAM FILES\ORCAD\LAYOUT_PLUS\library\TM_CAP_P.llb
Thu Mar 03 05:34:23 Loaded file C:\PROGRAM FILES\ORCAD\LAYOUT_PLUS\library\TM_CYLND.llb
Thu Mar 03 05:34:23 Loaded file C:\PROGRAM FILES\ORCAD\LAYOUT_PLUS\library\TM_DIODE.llb
Thu Mar 03 05:34:23 Loaded file C:\PROGRAM FILES\ORCAD\LAYOUT_PLUS\library\TM_DISC.llb
Thu Mar 03 05:34:23 Loaded file C:\PROGRAM FILES\ORCAD\LAYOUT_PLUS\library\TM_RAD.llb
Thu Mar 03 05:34:23 Loaded file C:\PROGRAM FILES\ORCAD\LAYOUT_PLUS\library\TO.llb
Thu Mar 03 05:34:23 Loaded file C:\PROGRAM FILES\ORCAD\LAYOUT_PLUS\library\TRAINING.LLB
Thu Mar 03 05:34:23 Loaded file C:\PROGRAM FILES\ORCAD\LAYOUT_PLUS\library\VRES.llb
Thu Mar 03 05:34:23 Loaded file C:\PROGRAM FILES\ORCAD\LAYOUT_PLUS\library\WCON100T.llb
Thu Mar 03 05:34:23 Loaded file C:\PROGRAM FILES\ORCAD\LAYOUT_PLUS\library\XT.llb
Thu Mar 03 05:34:23 Loaded file C:\PROGRAM FILES\ORCAD\LAYOUT_PLUS\library\ZIGZAG.llb
Thu Mar 03 05:34:23 Loaded file E:\DANH\ROBOT\ORCAD LIBS\THUVIENORCAD\THUVIENORCAD\LIBRARY ORCAD\LAYOUT PLUS\VANHOA.LLB
Thu Mar 03 05:34:23 Loaded file E:\DANH\ROBOT\ORCAD LIBS\THUVIENORCAD\THUVIENORCAD\HOA DOAN\HOADOAN.LLB
Thu Mar 03 05:34:23 Loaded file E:\DANH\ROBOT\ORCAD LIBS\CAPTURE\LIBRARY\LIBRARY\LAYOUT LIB LAYOUT\ZZZ_THU VIEN.LLB
Thu Mar 03 05:34:23 Loaded file E:\DANH\ROBOT\ORCAD LIBS\CAPTURE\LIBRARY\LIBRARY\BKIT4U_LIB.LLB
Thu Mar 03 05:34:23 Loaded file E:\DANH\ROBOT\ORCAD LIBS\DANHLIB.LLB
Thu Mar 03 05:34:23 Loaded file E:\DANH\ROBOT\ORCAD LIBS\CAPTURE\LIBRARY\LIBRARY\LIBARY\ZZZ_BS.LLB
Thu Mar 03 05:34:23 Loaded file E:\DANH\ROBOT\ORCAD LIBS\DANHLIB.LLB
Thu Mar 03 05:34:23 Loaded file E:\DANH\ROBOT\ORCAD LIBS\THUVIENORCAD\THUVIENORCAD\LIBRARY ORCAD\LAYOUT PLUS\VANHOA.LLB
Thu Mar 03 05:34:23 Loaded file E:\DANH\ROBOT\ORCAD LIBS\CAPTURE\LIBRARY\LIBRARY\LAYOUT LIB LAYOUT\ZZZ_PHUONG.LLB
Thu Mar 03 05:34:23 Saved as file E:\DANH\ROBOT\ORCAD PROJECTS\COMERCIAL PROJECTS\COM_PRJ22\COM_PRJ22.MAX
Thu Mar 03 05:34:23 Loaded file E:\DANH\ROBOT\ORCAD PROJECTS\COMERCIAL PROJECTS\COM_PRJ22\COM_PRJ22.MAX
Thu Mar 03 05:34:48 Loaded file C:\Program Files\Orcad\Layout_Plus\data\template.imp
Thu Mar 03 05:34:48 Loaded file C:\Program Files\Orcad\Layout_Plus\data\template.imp
Thu Mar 03 05:34:49 Loaded file C:\Program Files\Orcad\Layout_Plus\data\template.imp
Thu Mar 03 05:34:49 Loaded file C:\Program Files\Orcad\Layout_Plus\data\template.imp
Thu Mar 03 05:34:50 Loaded file E:\DANH\ROBOT\ORCAD LIBS\DANHLIB.LLB
Thu Mar 03 05:34:51 Loaded file C:\Program Files\Orcad\Layout_Plus\data\template.imp
Thu Mar 03 05:34:59 Loaded file C:\Program Files\Orcad\Layout_Plus\data\template.imp
Thu Mar 03 05:34:59 Loaded file C:\Program Files\Orcad\Layout_Plus\data\template.imp
Thu Mar 03 05:34:59 Loaded file C:\Program Files\Orcad\Layout_Plus\data\template.imp
Thu Mar 03 05:34:59 Loaded file C:\Program Files\Orcad\Layout_Plus\data\template.imp
Thu Mar 03 05:35:04 Loaded file C:\Program Files\Orcad\Layout_Plus\data\template.imp
Thu Mar 03 05:35:11 Loaded file C:\Program Files\Orcad\Layout_Plus\data\template.imp
Thu Mar 03 05:35:11 Loaded file C:\Program Files\Orcad\Layout_Plus\data\template.imp
Thu Mar 03 05:35:11 Loaded file C:\Program Files\Orcad\Layout_Plus\data\template.imp
Thu Mar 03 05:35:11 Loaded file C:\Program Files\Orcad\Layout_Plus\data\template.imp
Thu Mar 03 05:35:26 Loaded file C:\Program Files\Orcad\Layout_Plus\data\template.imp
Thu Mar 03 05:35:26 Loaded file C:\Program Files\Orcad\Layout_Plus\data\template.imp
Thu Mar 03 05:35:26 Loaded file C:\Program Files\Orcad\Layout_Plus\data\template.imp
Thu Mar 03 05:35:26 Loaded file C:\Program Files\Orcad\Layout_Plus\data\template.imp
Thu Mar 03 05:35:27 Loaded file E:\DANH\ROBOT\ORCAD LIBS\DANHLIB.LLB
Thu Mar 03 05:35:31 Loaded file C:\Program Files\Orcad\Layout_Plus\data\template.imp
Thu Mar 03 05:35:37 Loaded file C:\Program Files\Orcad\Layout_Plus\data\template.imp
Thu Mar 03 05:35:37 Loaded file C:\Program Files\Orcad\Layout_Plus\data\template.imp
Thu Mar 03 05:35:37 Loaded file C:\Program Files\Orcad\Layout_Plus\data\template.imp
Thu Mar 03 05:35:37 Loaded file C:\Program Files\Orcad\Layout_Plus\data\template.imp
Thu Mar 03 05:35:39 Loaded file E:\DANH\ROBOT\ORCAD LIBS\DANHLIB.LLB
Thu Mar 03 05:35:41 Loaded file C:\Program Files\Orcad\Layout_Plus\data\template.imp
Thu Mar 03 05:35:51 Loaded file C:\Program Files\Orcad\Layout_Plus\data\template.imp
Thu Mar 03 05:35:51 Loaded file C:\Program Files\Orcad\Layout_Plus\data\template.imp
Thu Mar 03 05:35:51 Loaded file C:\Program Files\Orcad\Layout_Plus\data\template.imp
Thu Mar 03 05:35:51 Loaded file C:\Program Files\Orcad\Layout_Plus\data\template.imp
Thu Mar 03 05:35:53 Loaded file E:\DANH\ROBOT\ORCAD LIBS\DANHLIB.LLB
Thu Mar 03 05:35:55 Loaded file C:\Program Files\Orcad\Layout_Plus\data\template.imp
Thu Mar 03 05:36:03 Loaded file C:\Program Files\Orcad\Layout_Plus\data\template.imp
Thu Mar 03 05:36:03 Loaded file C:\Program Files\Orcad\Layout_Plus\data\template.imp
Thu Mar 03 05:36:03 Loaded file C:\Program Files\Orcad\Layout_Plus\data\template.imp
Thu Mar 03 05:36:03 Loaded file C:\Program Files\Orcad\Layout_Plus\data\template.imp
Thu Mar 03 05:36:04 Loaded file E:\DANH\ROBOT\ORCAD LIBS\DANHLIB.LLB
Thu Mar 03 05:36:05 Loaded file C:\Program Files\Orcad\Layout_Plus\data\template.imp
Thu Mar 03 05:36:12 Loaded file C:\Program Files\Orcad\Layout_Plus\data\template.imp
Thu Mar 03 05:36:12 Loaded file C:\Program Files\Orcad\Layout_Plus\data\template.imp
Thu Mar 03 05:36:12 Loaded file C:\Program Files\Orcad\Layout_Plus\data\template.imp
Thu Mar 03 05:36:12 Loaded file C:\Program Files\Orcad\Layout_Plus\data\template.imp
Thu Mar 03 05:36:13 Loaded file E:\DANH\ROBOT\ORCAD LIBS\DANHLIB.LLB
Thu Mar 03 05:36:14 Loaded file C:\Program Files\Orcad\Layout_Plus\data\template.imp
Thu Mar 03 05:36:20 Loaded file C:\Program Files\Orcad\Layout_Plus\data\template.imp
Thu Mar 03 05:36:20 Loaded file C:\Program Files\Orcad\Layout_Plus\data\template.imp
Thu Mar 03 05:36:20 Loaded file C:\Program Files\Orcad\Layout_Plus\data\template.imp
Thu Mar 03 05:36:20 Loaded file C:\Program Files\Orcad\Layout_Plus\data\template.imp
Thu Mar 03 05:36:21 Loaded file E:\DANH\ROBOT\ORCAD LIBS\DANHLIB.LLB
Thu Mar 03 05:36:22 Loaded file C:\Program Files\Orcad\Layout_Plus\data\template.imp
Thu Mar 03 05:36:30 Loaded file C:\Program Files\Orcad\Layout_Plus\data\template.imp
Thu Mar 03 05:36:30 Loaded file C:\Program Files\Orcad\Layout_Plus\data\template.imp
Thu Mar 03 05:36:30 Loaded file C:\Program Files\Orcad\Layout_Plus\data\template.imp
Thu Mar 03 05:36:30 Loaded file C:\Program Files\Orcad\Layout_Plus\data\template.imp
Thu Mar 03 05:36:32 Loaded file E:\DANH\ROBOT\ORCAD LIBS\DANHLIB.LLB
Thu Mar 03 05:36:33 Loaded file C:\Program Files\Orcad\Layout_Plus\data\template.imp
Thu Mar 03 05:36:33 Loaded file C:\Program Files\Orcad\Layout_Plus\data\template.imp
Thu Mar 03 05:37:01 Loaded file C:\Program Files\Orcad\Layout_Plus\data\template.imp
Thu Mar 03 05:37:01 Loaded file C:\Program Files\Orcad\Layout_Plus\data\template.imp
Thu Mar 03 05:37:01 Loaded file C:\Program Files\Orcad\Layout_Plus\data\template.imp
Thu Mar 03 05:37:01 Loaded file C:\Program Files\Orcad\Layout_Plus\data\template.imp
Thu Mar 03 05:37:03 Loaded file E:\DANH\ROBOT\ORCAD LIBS\DANHLIB.LLB
Thu Mar 03 05:37:05 Loaded file C:\Program Files\Orcad\Layout_Plus\data\template.imp
Thu Mar 03 05:37:30 Loaded file C:\Program Files\Orcad\Layout_Plus\data\template.imp
Thu Mar 03 05:37:30 Loaded file C:\Program Files\Orcad\Layout_Plus\data\template.imp
Thu Mar 03 05:37:30 Loaded file C:\Program Files\Orcad\Layout_Plus\data\template.imp
Thu Mar 03 05:37:30 Loaded file C:\Program Files\Orcad\Layout_Plus\data\template.imp
Thu Mar 03 05:37:31 Loaded file E:\DANH\ROBOT\ORCAD LIBS\DANHLIB.LLB
Thu Mar 03 05:37:33 Loaded file C:\Program Files\Orcad\Layout_Plus\data\template.imp
Thu Mar 03 05:38:11 Loaded file C:\Program Files\Orcad\Layout_Plus\data\template.imp
Thu Mar 03 05:38:11 Loaded file C:\Program Files\Orcad\Layout_Plus\data\template.imp
Thu Mar 03 05:38:11 Loaded file C:\Program Files\Orcad\Layout_Plus\data\template.imp
Thu Mar 03 05:38:11 Loaded file C:\Program Files\Orcad\Layout_Plus\data\template.imp
Thu Mar 03 05:38:14 Loaded file E:\DANH\ROBOT\ORCAD LIBS\DANHLIB.LLB
Thu Mar 03 05:38:17 Loaded file C:\Program Files\Orcad\Layout_Plus\data\template.imp
Thu Mar 03 05:38:22 Saved as file E:\DANH\ROBOT\ORCAD PROJECTS\COMERCIAL PROJECTS\COM_PRJ22\COM_PRJ22.MAX
Thu Mar 03 05:38:23 Saved as file E:\DANH\ROBOT\ORCAD PROJECTS\COMERCIAL PROJECTS\COM_PRJ22\COM_PRJ22.MAX
Thu Mar 03 05:38:23 Saved as file E:\DANH\ROBOT\ORCAD PROJECTS\COMERCIAL PROJECTS\COM_PRJ22\COM_PRJ22.MAX
Thu Mar 03 05:40:13 Saved as file E:\DANH\ROBOT\ORCAD PROJECTS\COMERCIAL PROJECTS\COM_PRJ22\COM_PRJ22.MAX
Thu Mar 03 05:42:13 Saved as file E:\DANH\ROBOT\ORCAD PROJECTS\COMERCIAL PROJECTS\COM_PRJ22\COM_PRJ22.MAX
Thu Mar 03 05:43:11 Saved as file E:\DANH\ROBOT\ORCAD PROJECTS\COMERCIAL PROJECTS\COM_PRJ22\COM_PRJ22.MAX
Thu Mar 03 05:43:43 Loaded file C:\Program Files\Orcad\Layout_Plus\data\template.imp
Thu Mar 03 05:43:43 Loaded file C:\Program Files\Orcad\Layout_Plus\data\template.imp
Thu Mar 03 05:43:43 Loaded file C:\Program Files\Orcad\Layout_Plus\data\template.imp
Thu Mar 03 05:43:43 Loaded file C:\Program Files\Orcad\Layout_Plus\data\template.imp
Thu Mar 03 05:43:44 Loaded file E:\DANH\ROBOT\ORCAD LIBS\DANHLIB.LLB
Thu Mar 03 05:43:46 Loaded file C:\Program Files\Orcad\Layout_Plus\data\template.imp
Thu Mar 03 05:48:01 Saved as file BACKUP1.MAX
Thu Mar 03 05:53:04 Saved as file E:\DANH\ROBOT\ORCAD PROJECTS\COMERCIAL PROJECTS\COM_PRJ22\COM_PRJ22.MAX
Thu Mar 03 05:54:12 Saved as file E:\DANH\ROBOT\ORCAD PROJECTS\COMERCIAL PROJECTS\COM_PRJ22\COM_PRJ22.MAX
Thu Mar 03 05:54:57 No new connections routed.
Thu Mar 03 05:54:57 Total is now 0 out of 66 (0%).
Thu Mar 03 05:54:57 Saved as file SWEEP1.MAX
Thu Mar 03 05:54:59 Saved as file BACKUP1.MAX
Thu Mar 03 05:55:03 Saved as file BACKUP1.MAX
Thu Mar 03 05:55:04 Saved as file BACKUP1.MAX
Thu Mar 03 05:55:04 Saved as file BACKUP1.MAX
Thu Mar 03 05:55:04 Saved as file BACKUP1.MAX
Thu Mar 03 05:55:04 Saved as file BACKUP1.MAX
Thu Mar 03 05:55:04 Routed 68 connections in 6 seconds.
Thu Mar 03 05:55:04 Total is now 58 out of 66 (87%).
Thu Mar 03 05:55:04 Saved as file SWEEP2.MAX
Thu Mar 03 05:55:05 Routed 1 connections in 1 seconds.
Thu Mar 03 05:55:05 Total is now 59 out of 66 (89%).
Thu Mar 03 05:55:05 Saved as file SWEEP3.MAX
Thu Mar 03 05:57:56 No new connections routed.
Thu Mar 03 05:57:56 Total is now 59 out of 66 (89%).
Thu Mar 03 05:57:56 Saved as file SWEEP4.MAX
Thu Mar 03 05:58:31 Saved as file BACKUP1.MAX
Thu Mar 03 06:03:47 Saved as file E:\DANH\ROBOT\ORCAD PROJECTS\COMERCIAL PROJECTS\COM_PRJ22\COM_PRJ22.MAX
Thu Mar 03 06:03:50 No new connections routed.
Thu Mar 03 06:03:50 Total is now 9 out of 66 (13%).
Thu Mar 03 06:03:50 Saved as file SWEEP1.MAX
Thu Mar 03 06:04:17 Saved as file BACKUP1.MAX
Thu Mar 03 06:04:17 Saved as file BACKUP1.MAX
Thu Mar 03 06:04:20 Saved as file BACKUP1.MAX
Thu Mar 03 06:04:20 Routed 52 connections in 29 seconds.
Thu Mar 03 06:04:20 Total is now 55 out of 66 (83%).
Thu Mar 03 06:04:20 Saved as file SWEEP2.MAX
Thu Mar 03 06:05:12 Routed 1 connections in 51 seconds.
Thu Mar 03 06:05:12 Total is now 56 out of 66 (84%).
Thu Mar 03 06:05:12 Saved as file SWEEP3.MAX
Thu Mar 03 06:09:01 Saved as file BACKUP1.MAX
Thu Mar 03 06:17:36 Saved as file E:\DANH\ROBOT\ORCAD PROJECTS\COMERCIAL PROJECTS\COM_PRJ22\COM_PRJ22.MAX
Thu Mar 03 06:17:36 Saved as file E:\DANH\ROBOT\ORCAD PROJECTS\COMERCIAL PROJECTS\COM_PRJ22\COM_PRJ22.MAX
Thu Mar 03 06:17:37 Saved as file E:\DANH\ROBOT\ORCAD PROJECTS\COMERCIAL PROJECTS\COM_PRJ22\COM_PRJ22.MAX
Thu Mar 03 06:17:42 No new connections routed.
Thu Mar 03 06:17:42 Total is now 0 out of 66 (0%).
Thu Mar 03 06:17:42 Saved as file SWEEP1.MAX
Thu Mar 03 06:17:43 Saved as file BACKUP1.MAX
Thu Mar 03 06:17:59 Saved as file BACKUP1.MAX
Thu Mar 03 06:17:59 Saved as file BACKUP1.MAX
Thu Mar 03 06:17:59 Saved as file BACKUP1.MAX
Thu Mar 03 06:18:06 Saved as file BACKUP1.MAX
Thu Mar 03 06:18:06 Saved as file BACKUP1.MAX
Thu Mar 03 06:18:06 Saved as file BACKUP1.MAX
Thu Mar 03 06:18:06 Saved as file BACKUP1.MAX
Thu Mar 03 06:18:06 Saved as file BACKUP1.MAX
Thu Mar 03 06:18:06 Routed 82 connections in 23 seconds.
Thu Mar 03 06:18:06 Total is now 58 out of 66 (87%).
Thu Mar 03 06:18:06 Saved as file SWEEP2.MAX
Thu Mar 03 06:18:32 Routed 2 connections in 26 seconds.
Thu Mar 03 06:18:32 Total is now 60 out of 66 (90%).
Thu Mar 03 06:18:32 Saved as file SWEEP3.MAX
Thu Mar 03 06:19:32 Saved as file BACKUP1.MAX
Thu Mar 03 06:23:20 No new connections routed.
Thu Mar 03 06:23:20 Total is now 60 out of 66 (90%).
Thu Mar 03 06:23:20 Saved as file SWEEP4.MAX
Thu Mar 03 06:28:27 Saved as file BACKUP1.MAX
Thu Mar 03 06:28:27 Saved as file E:\DANH\ROBOT\ORCAD PROJECTS\COMERCIAL PROJECTS\COM_PRJ22\COM_PRJ22.MAX
Thu Mar 03 06:28:27 UserDiv from Layout.INI for AutoECO: 60
Thu Mar 03 06:28:27 Loaded file E:\DANH\ROBOT\ORCAD PROJECTS\COMERCIAL PROJECTS\COM_PRJ22\COM_PRJ22.MAX
Thu Mar 03 06:28:27 Loaded file E:\DANH\ROBOT\ORCAD LIBS\DANHLIB.LLB
Thu Mar 03 06:28:27 Loaded file E:\DANH\ROBOT\ORCAD LIBS\THUVIENORCAD\THUVIENORCAD\LIBRARY ORCAD\THU VIEN ORCAD FULL\THU VIEN LAYOUT BETA 3.LLB
Thu Mar 03 06:28:27 Loaded file E:\DANH\ROBOT\ORCAD LIBS\THUVIENORCAD\THUVIENORCAD\LIBRARY ORCAD\THU VIEN ORCAD FULL\THU VIEN.LLB
Thu Mar 03 06:28:27 Loaded file E:\DANH\ROBOT\ORCAD LIBS\THUVIENORCAD\THUVIENORCAD\LIBRARY ORCAD\ORCAD_LIBRARY\ORCAD_LIBRARY\THU VIEN CHAN_ORCAD\HUUTAN.LLB
Thu Mar 03 06:28:27 Loaded file E:\DANH\ROBOT\ORCAD LIBS\THUVIENORCAD\THUVIENORCAD\LIBRARY ORCAD\ORCAD_LIBRARY\ORCAD_LIBRARY\THU VIEN CHAN_ORCAD\IC PIN.LLB
Thu Mar 03 06:28:27 Loaded file E:\DANH\ROBOT\ORCAD LIBS\THUVIENORCAD\THUVIENORCAD\LIBRARY ORCAD\ORCAD_LIBRARY\ORCAD_LIBRARY\THU VIEN CHAN_ORCAD\LINHKIEN.LLB
Thu Mar 03 06:28:28 Loaded file E:\DANH\ROBOT\ORCAD LIBS\THUVIENORCAD\THUVIENORCAD\LIBRARY ORCAD\ORCAD_LIBRARY\ORCAD_LIBRARY\THU VIEN CHAN_ORCAD\TUHOA.LLB
Thu Mar 03 06:28:28 Loaded file E:\DANH\ROBOT\ORCAD LIBS\THUVIENORCAD\THUVIENORCAD\LIBRARY ORCAD\LAYOUT PLUS\VANHOA.LLB
Thu Mar 03 06:28:28 Loaded file E:\DANH\ROBOT\ORCAD LIBS\THUVIENORCAD\THUVIENORCAD\HOA DOAN\HOADOAN.LLB
Thu Mar 03 06:28:28 Loaded file E:\DANH\ROBOT\ORCAD LIBS\CAPTURE\[MEGASHARE.VNN.VN]LIBRARY%20ORCAD\LIBRARY ORCAD\LIBRARYLAYOUT\555.LLB
Thu Mar 03 06:28:28 Loaded file E:\DANH\ROBOT\ORCAD LIBS\CAPTURE\[MEGASHARE.VNN.VN]LIBRARY%20ORCAD\LIBRARY ORCAD\LIBRARYLAYOUT\BCON100T.LLB
Thu Mar 03 06:28:28 Loaded file E:\DANH\ROBOT\ORCAD LIBS\CAPTURE\[MEGASHARE.VNN.VN]LIBRARY%20ORCAD\LIBRARY ORCAD\LIBRARYLAYOUT\BCON156T.LLB
Thu Mar 03 06:28:28 Loaded file E:\DANH\ROBOT\ORCAD LIBS\CAPTURE\[MEGASHARE.VNN.VN]LIBRARY%20ORCAD\LIBRARY ORCAD\LIBRARYLAYOUT\BGA.LLB
Thu Mar 03 06:28:28 Loaded file E:\DANH\ROBOT\ORCAD LIBS\CAPTURE\[MEGASHARE.VNN.VN]LIBRARY%20ORCAD\LIBRARY ORCAD\LIBRARYLAYOUT\CLCC.LLB
Thu Mar 03 06:28:28 Loaded file E:\DANH\ROBOT\ORCAD LIBS\CAPTURE\[MEGASHARE.VNN.VN]LIBRARY%20ORCAD\LIBRARY ORCAD\LIBRARYLAYOUT\DCON050T.LLB
Thu Mar 03 06:28:28 Loaded file E:\DANH\ROBOT\ORCAD LIBS\CAPTURE\[MEGASHARE.VNN.VN]LIBRARY%20ORCAD\LIBRARY ORCAD\LIBRARYLAYOUT\DCON085T.LLB
Thu Mar 03 06:28:28 Loaded file E:\DANH\ROBOT\ORCAD LIBS\CAPTURE\[MEGASHARE.VNN.VN]LIBRARY%20ORCAD\LIBRARY ORCAD\LIBRARYLAYOUT\DIMM050F.LLB
Thu Mar 03 06:28:28 Loaded file E:\DANH\ROBOT\ORCAD LIBS\CAPTURE\[MEGASHARE.VNN.VN]LIBRARY%20ORCAD\LIBRARY ORCAD\LIBRARYLAYOUT\DIMM050T.LLB
Thu Mar 03 06:28:28 Loaded file E:\DANH\ROBOT\ORCAD LIBS\CAPTURE\[MEGASHARE.VNN.VN]LIBRARY%20ORCAD\LIBRARY ORCAD\LIBRARYLAYOUT\DIN.LLB
Thu Mar 03 06:28:28 Loaded file E:\DANH\ROBOT\ORCAD LIBS\CAPTURE\[MEGASHARE.VNN.VN]LIBRARY%20ORCAD\LIBRARY ORCAD\LIBRARYLAYOUT\DIP100B.LLB
Thu Mar 03 06:28:28 Loaded file E:\DANH\ROBOT\ORCAD LIBS\CAPTURE\[MEGASHARE.VNN.VN]LIBRARY%20ORCAD\LIBRARY ORCAD\LIBRARYLAYOUT\DIP100T.LLB
Thu Mar 03 06:28:28 Loaded file E:\DANH\ROBOT\ORCAD LIBS\CAPTURE\[MEGASHARE.VNN.VN]LIBRARY%20ORCAD\LIBRARY ORCAD\LIBRARYLAYOUT\DSUBT.LLB
Thu Mar 03 06:28:28 Loaded file E:\DANH\ROBOT\ORCAD LIBS\CAPTURE\[MEGASHARE.VNN.VN]LIBRARY%20ORCAD\LIBRARY ORCAD\LIBRARYLAYOUT\DSUBT_HD.LLB
Thu Mar 03 06:28:28 Loaded file E:\DANH\ROBOT\ORCAD LIBS\CAPTURE\[MEGASHARE.VNN.VN]LIBRARY%20ORCAD\LIBRARY ORCAD\LIBRARYLAYOUT\ECON100T.LLB
Thu Mar 03 06:28:28 Loaded file E:\DANH\ROBOT\ORCAD LIBS\CAPTURE\[MEGASHARE.VNN.VN]LIBRARY%20ORCAD\LIBRARY ORCAD\LIBRARYLAYOUT\EMPTY.LLB
Thu Mar 03 06:28:28 Loaded file E:\DANH\ROBOT\ORCAD LIBS\CAPTURE\[MEGASHARE.VNN.VN]LIBRARY%20ORCAD\LIBRARY ORCAD\LIBRARYLAYOUT\EX_GUI.LLB
Thu Mar 03 06:28:28 Loaded file E:\DANH\ROBOT\ORCAD LIBS\CAPTURE\[MEGASHARE.VNN.VN]LIBRARY%20ORCAD\LIBRARY ORCAD\LIBRARYLAYOUT\FBUS.LLB
Thu Mar 03 06:28:28 Loaded file E:\DANH\ROBOT\ORCAD LIBS\CAPTURE\[MEGASHARE.VNN.VN]LIBRARY%20ORCAD\LIBRARY ORCAD\LIBRARYLAYOUT\ISA.LLB
Thu Mar 03 06:28:28 Loaded file E:\DANH\ROBOT\ORCAD LIBS\CAPTURE\[MEGASHARE.VNN.VN]LIBRARY%20ORCAD\LIBRARY ORCAD\LIBRARYLAYOUT\JUMPER.LLB
Thu Mar 03 06:28:28 Loaded file E:\DANH\ROBOT\ORCAD LIBS\CAPTURE\[MEGASHARE.VNN.VN]LIBRARY%20ORCAD\LIBRARY ORCAD\LIBRARYLAYOUT\LAYOUT.LLB
Thu Mar 03 06:28:28 Loaded file E:\DANH\ROBOT\ORCAD LIBS\CAPTURE\[MEGASHARE.VNN.VN]LIBRARY%20ORCAD\LIBRARY ORCAD\LIBRARYLAYOUT\LCON100T.LLB
Thu Mar 03 06:28:28 Loaded file E:\DANH\ROBOT\ORCAD LIBS\CAPTURE\[MEGASHARE.VNN.VN]LIBRARY%20ORCAD\LIBRARY ORCAD\LIBRARYLAYOUT\METRIC.LLB
Thu Mar 03 06:28:28 Loaded file E:\DANH\ROBOT\ORCAD LIBS\CAPTURE\[MEGASHARE.VNN.VN]LIBRARY%20ORCAD\LIBRARY ORCAD\LIBRARYLAYOUT\PADSTACK.LLB
Thu Mar 03 06:28:28 Loaded file E:\DANH\ROBOT\ORCAD LIBS\CAPTURE\[MEGASHARE.VNN.VN]LIBRARY%20ORCAD\LIBRARY ORCAD\LIBRARYLAYOUT\PC104.LLB
Thu Mar 03 06:28:28 Loaded file E:\DANH\ROBOT\ORCAD LIBS\CAPTURE\[MEGASHARE.VNN.VN]LIBRARY%20ORCAD\LIBRARY ORCAD\LIBRARYLAYOUT\PCI.LLB
Thu Mar 03 06:28:28 Loaded file E:\DANH\ROBOT\ORCAD LIBS\CAPTURE\[MEGASHARE.VNN.VN]LIBRARY%20ORCAD\LIBRARY ORCAD\LIBRARYLAYOUT\PCON100T.LLB
Thu Mar 03 06:28:28 Loaded file E:\DANH\ROBOT\ORCAD LIBS\CAPTURE\[MEGASHARE.VNN.VN]LIBRARY%20ORCAD\LIBRARY ORCAD\LIBRARYLAYOUT\PCON156T.LLB
Thu Mar 03 06:28:28 Loaded file E:\DANH\ROBOT\ORCAD LIBS\CAPTURE\[MEGASHARE.VNN.VN]LIBRARY%20ORCAD\LIBRARY ORCAD\LIBRARYLAYOUT\PGA.LLB
Thu Mar 03 06:28:28 Loaded file E:\DANH\ROBOT\ORCAD LIBS\CAPTURE\[MEGASHARE.VNN.VN]LIBRARY%20ORCAD\LIBRARY ORCAD\LIBRARYLAYOUT\PLCC.LLB
Thu Mar 03 06:28:28 Loaded file E:\DANH\ROBOT\ORCAD LIBS\CAPTURE\[MEGASHARE.VNN.VN]LIBRARY%20ORCAD\LIBRARY ORCAD\LIBRARYLAYOUT\QUACH KIA.LLB
Thu Mar 03 06:28:28 Loaded file E:\DANH\ROBOT\ORCAD LIBS\CAPTURE\[MEGASHARE.VNN.VN]LIBRARY%20ORCAD\LIBRARY ORCAD\LIBRARYLAYOUT\QUAD.LLB
Thu Mar 03 06:28:28 Loaded file E:\DANH\ROBOT\ORCAD LIBS\CAPTURE\[MEGASHARE.VNN.VN]LIBRARY%20ORCAD\LIBRARY ORCAD\LIBRARYLAYOUT\QUADB.LLB
Thu Mar 03 06:28:28 Loaded file E:\DANH\ROBOT\ORCAD LIBS\CAPTURE\[MEGASHARE.VNN.VN]LIBRARY%20ORCAD\LIBRARY ORCAD\LIBRARYLAYOUT\RELAY.LLB
Thu Mar 03 06:28:28 Loaded file E:\DANH\ROBOT\ORCAD LIBS\CAPTURE\[MEGASHARE.VNN.VN]LIBRARY%20ORCAD\LIBRARY ORCAD\LIBRARYLAYOUT\RF.LLB
Thu Mar 03 06:28:28 Loaded file E:\DANH\ROBOT\ORCAD LIBS\CAPTURE\[MEGASHARE.VNN.VN]LIBRARY%20ORCAD\LIBRARY ORCAD\LIBRARYLAYOUT\SBUS.LLB
Thu Mar 03 06:28:28 Loaded file E:\DANH\ROBOT\ORCAD LIBS\CAPTURE\[MEGASHARE.VNN.VN]LIBRARY%20ORCAD\LIBRARY ORCAD\LIBRARYLAYOUT\SIMM050F.LLB
Thu Mar 03 06:28:28 Loaded file E:\DANH\ROBOT\ORCAD LIBS\CAPTURE\[MEGASHARE.VNN.VN]LIBRARY%20ORCAD\LIBRARY ORCAD\LIBRARYLAYOUT\SIMM050T.LLB
Thu Mar 03 06:28:28 Loaded file E:\DANH\ROBOT\ORCAD LIBS\CAPTURE\[MEGASHARE.VNN.VN]LIBRARY%20ORCAD\LIBRARY ORCAD\LIBRARYLAYOUT\SIMM100F.LLB
Thu Mar 03 06:28:28 Loaded file E:\DANH\ROBOT\ORCAD LIBS\CAPTURE\[MEGASHARE.VNN.VN]LIBRARY%20ORCAD\LIBRARY ORCAD\LIBRARYLAYOUT\SIMM100T.LLB
Thu Mar 03 06:28:28 Loaded file E:\DANH\ROBOT\ORCAD LIBS\CAPTURE\[MEGASHARE.VNN.VN]LIBRARY%20ORCAD\LIBRARY ORCAD\LIBRARYLAYOUT\SIP.LLB
Thu Mar 03 06:28:28 Loaded file E:\DANH\ROBOT\ORCAD LIBS\CAPTURE\[MEGASHARE.VNN.VN]LIBRARY%20ORCAD\LIBRARY ORCAD\LIBRARYLAYOUT\SM.LLB
Thu Mar 03 06:28:28 Loaded file E:\DANH\ROBOT\ORCAD LIBS\CAPTURE\[MEGASHARE.VNN.VN]LIBRARY%20ORCAD\LIBRARY ORCAD\LIBRARYLAYOUT\SOG.LLB
Thu Mar 03 06:28:28 Loaded file E:\DANH\ROBOT\ORCAD LIBS\CAPTURE\[MEGASHARE.VNN.VN]LIBRARY%20ORCAD\LIBRARY ORCAD\LIBRARYLAYOUT\SOJ.LLB
Thu Mar 03 06:28:28 Loaded file E:\DANH\ROBOT\ORCAD LIBS\CAPTURE\[MEGASHARE.VNN.VN]LIBRARY%20ORCAD\LIBRARY ORCAD\LIBRARYLAYOUT\STIFF.LLB
Thu Mar 03 06:28:28 Loaded file E:\DANH\ROBOT\ORCAD LIBS\CAPTURE\[MEGASHARE.VNN.VN]LIBRARY%20ORCAD\LIBRARY ORCAD\LIBRARYLAYOUT\TELE.LLB
Thu Mar 03 06:28:28 Loaded file E:\DANH\ROBOT\ORCAD LIBS\CAPTURE\[MEGASHARE.VNN.VN]LIBRARY%20ORCAD\LIBRARY ORCAD\LIBRARYLAYOUT\TM_AXIAL.LLB
Thu Mar 03 06:28:28 Loaded file E:\DANH\ROBOT\ORCAD LIBS\CAPTURE\[MEGASHARE.VNN.VN]LIBRARY%20ORCAD\LIBRARY ORCAD\LIBRARYLAYOUT\TM_CAP_P.LLB
Thu Mar 03 06:28:28 Loaded file E:\DANH\ROBOT\ORCAD LIBS\CAPTURE\[MEGASHARE.VNN.VN]LIBRARY%20ORCAD\LIBRARY ORCAD\LIBRARYLAYOUT\TM_CYLND.LLB
Thu Mar 03 06:28:28 Loaded file E:\DANH\ROBOT\ORCAD LIBS\CAPTURE\[MEGASHARE.VNN.VN]LIBRARY%20ORCAD\LIBRARY ORCAD\LIBRARYLAYOUT\TM_DIODE.LLB
Thu Mar 03 06:28:28 Loaded file E:\DANH\ROBOT\ORCAD LIBS\CAPTURE\[MEGASHARE.VNN.VN]LIBRARY%20ORCAD\LIBRARY ORCAD\LIBRARYLAYOUT\TM_DISC.LLB
Thu Mar 03 06:28:28 Loaded file E:\DANH\ROBOT\ORCAD LIBS\CAPTURE\[MEGASHARE.VNN.VN]LIBRARY%20ORCAD\LIBRARY ORCAD\LIBRARYLAYOUT\TM_RAD.LLB
Thu Mar 03 06:28:28 Loaded file E:\DANH\ROBOT\ORCAD LIBS\CAPTURE\[MEGASHARE.VNN.VN]LIBRARY%20ORCAD\LIBRARY ORCAD\LIBRARYLAYOUT\TO.LLB
Thu Mar 03 06:28:28 Loaded file E:\DANH\ROBOT\ORCAD LIBS\CAPTURE\[MEGASHARE.VNN.VN]LIBRARY%20ORCAD\LIBRARY ORCAD\LIBRARYLAYOUT\TR.LLB
Thu Mar 03 06:28:28 Loaded file E:\DANH\ROBOT\ORCAD LIBS\CAPTURE\[MEGASHARE.VNN.VN]LIBRARY%20ORCAD\LIBRARY ORCAD\LIBRARYLAYOUT\TRAINING.LLB
Thu Mar 03 06:28:28 Loaded file E:\DANH\ROBOT\ORCAD LIBS\CAPTURE\[MEGASHARE.VNN.VN]LIBRARY%20ORCAD\LIBRARY ORCAD\LIBRARYLAYOUT\VRES.LLB
Thu Mar 03 06:28:28 Loaded file E:\DANH\ROBOT\ORCAD LIBS\CAPTURE\[MEGASHARE.VNN.VN]LIBRARY%20ORCAD\LIBRARY ORCAD\LIBRARYLAYOUT\WCON100T.LLB
Thu Mar 03 06:28:28 Loaded file E:\DANH\ROBOT\ORCAD LIBS\CAPTURE\[MEGASHARE.VNN.VN]LIBRARY%20ORCAD\LIBRARY ORCAD\LIBRARYLAYOUT\XT.LLB
Thu Mar 03 06:28:28 Loaded file E:\DANH\ROBOT\ORCAD LIBS\CAPTURE\[MEGASHARE.VNN.VN]LIBRARY%20ORCAD\LIBRARY ORCAD\LIBRARYLAYOUT\ZIGZAG.LLB
Thu Mar 03 06:28:28 Loaded file E:\DANH\ROBOT\ORCAD LIBS\THU VIEN\THU VIEN.LLB
Thu Mar 03 06:28:28 Loaded file E:\DANH\ROBOT\ORCAD LIBS\ORCAD LAYOUT\T2L LAYOUT.LLB
Thu Mar 03 06:28:28 Loaded file E:\DANH\ROBOT\ORCAD LIBS\CAPTURE\LIBRARY\LIBRARY\LIBARY\ZZZ_UI_LIB.LLB
Thu Mar 03 06:28:28 Loaded file E:\DANH\ROBOT\ORCAD LIBS\CAPTURE\LIBRARY\LIBRARY\LIBARY\ZZZ_BS.LLB
Thu Mar 03 06:28:28 Loaded file E:\DANH\ROBOT\ORCAD LIBS\CAPTURE\LIBRARY\LIBRARY\LIBARY\ZZZ_DAT_LIB.LLB
Thu Mar 03 06:28:28 Loaded file E:\DANH\ROBOT\ORCAD LIBS\CAPTURE\LIBRARY\LIBRARY\LIBARY\ZZZ_LK_DAN.LLB
Thu Mar 03 06:28:28 Loaded file E:\DANH\ROBOT\ORCAD LIBS\CAPTURE\LIBRARY\LIBRARY\LIBARY\ZZZ_MY_LIB.LLB
Thu Mar 03 06:28:28 Loaded file E:\DANH\ROBOT\ORCAD LIBS\CAPTURE\LIBRARY\LIBRARY\LIBARY\ZZZ_MYLIB.LLB
Thu Mar 03 06:28:28 Loaded file E:\DANH\ROBOT\ORCAD LIBS\CAPTURE\LIBRARY\LIBRARY\BKIT4U_LIB.LLB
Thu Mar 03 06:28:28 Loaded file E:\DANH\ROBOT\ORCAD LIBS\CAPTURE\LIBRARY\LIBRARY\BS.LLB
Thu Mar 03 06:28:28 Loaded file E:\DANH\ROBOT\ORCAD LIBS\CAPTURE\LIBRARY\LIBRARY\LAYOUT LIB LAYOUT\ZZZ_TUHOA.LLB
Thu Mar 03 06:28:28 Loaded file E:\DANH\ROBOT\ORCAD LIBS\CAPTURE\LIBRARY\LIBRARY\LAYOUT LIB LAYOUT\ZZZ_PHUONG.LLB
Thu Mar 03 06:28:28 Loaded file E:\DANH\ROBOT\ORCAD LIBS\CAPTURE\LIBRARY\LIBRARY\LAYOUT LIB LAYOUT\ZZZ_T2L LAYOUT.LLB
Thu Mar 03 06:28:28 Loaded file E:\DANH\ROBOT\ORCAD LIBS\CAPTURE\LIBRARY\LIBRARY\LAYOUT LIB LAYOUT\ZZZ_THU VIEN - TRIEU..LLB
Thu Mar 03 06:28:28 Loaded file E:\DANH\ROBOT\ORCAD LIBS\CAPTURE\LIBRARY\LIBRARY\LAYOUT LIB LAYOUT\ZZZ_THU VIEN.LLB
Thu Mar 03 06:28:28 Loaded file E:\DANH\ROBOT\ORCAD LIBS\CAPTURE\LIBRARY\LIBRARY\LAYOUT LIB LAYOUT\ZZZ_TRANSITROR.LLB
Thu Mar 03 06:28:28 Loaded file C:\PROGRAM FILES\ORCAD\LAYOUT_PLUS\library\BCON100T.llb
Thu Mar 03 06:28:28 Loaded file C:\PROGRAM FILES\ORCAD\LAYOUT_PLUS\library\BCON156T.llb
Thu Mar 03 06:28:28 Loaded file C:\PROGRAM FILES\ORCAD\LAYOUT_PLUS\library\BGA.llb
Thu Mar 03 06:28:28 Loaded file C:\PROGRAM FILES\ORCAD\LAYOUT_PLUS\library\CLCC.llb
Thu Mar 03 06:28:28 Loaded file C:\PROGRAM FILES\ORCAD\LAYOUT_PLUS\library\DCON050T.llb
Thu Mar 03 06:28:28 Loaded file C:\PROGRAM FILES\ORCAD\LAYOUT_PLUS\library\DCON085T.llb
Thu Mar 03 06:28:28 Loaded file C:\PROGRAM FILES\ORCAD\LAYOUT_PLUS\library\DIMM050F.llb
Thu Mar 03 06:28:28 Loaded file C:\PROGRAM FILES\ORCAD\LAYOUT_PLUS\library\DIMM050T.llb
Thu Mar 03 06:28:28 Loaded file C:\PROGRAM FILES\ORCAD\LAYOUT_PLUS\library\DIN.llb
Thu Mar 03 06:28:28 Loaded file C:\PROGRAM FILES\ORCAD\LAYOUT_PLUS\library\DIP100B.llb
Thu Mar 03 06:28:28 Loaded file C:\PROGRAM FILES\ORCAD\LAYOUT_PLUS\library\DIP100T.llb
Thu Mar 03 06:28:28 Loaded file C:\PROGRAM FILES\ORCAD\LAYOUT_PLUS\library\DSUBT.llb
Thu Mar 03 06:28:28 Loaded file C:\PROGRAM FILES\ORCAD\LAYOUT_PLUS\library\DSUBT_HD.LLB
Thu Mar 03 06:28:28 Loaded file C:\PROGRAM FILES\ORCAD\LAYOUT_PLUS\library\ECON100T.llb
Thu Mar 03 06:28:28 Loaded file C:\PROGRAM FILES\ORCAD\LAYOUT_PLUS\library\FBUS.llb
Thu Mar 03 06:28:28 Loaded file C:\PROGRAM FILES\ORCAD\LAYOUT_PLUS\library\ISA.llb
Thu Mar 03 06:28:28 Loaded file C:\PROGRAM FILES\ORCAD\LAYOUT_PLUS\library\JUMPER.LLB
Thu Mar 03 06:28:28 Loaded file C:\PROGRAM FILES\ORCAD\LAYOUT_PLUS\library\LAYOUT.llb
Thu Mar 03 06:28:28 Loaded file C:\PROGRAM FILES\ORCAD\LAYOUT_PLUS\library\LCON100T.llb
Thu Mar 03 06:28:28 Loaded file C:\PROGRAM FILES\ORCAD\LAYOUT_PLUS\library\PC104.llb
Thu Mar 03 06:28:28 Loaded file C:\PROGRAM FILES\ORCAD\LAYOUT_PLUS\library\PCI.llb
Thu Mar 03 06:28:28 Loaded file C:\PROGRAM FILES\ORCAD\LAYOUT_PLUS\library\PCON100T.llb
Thu Mar 03 06:28:29 Loaded file C:\PROGRAM FILES\ORCAD\LAYOUT_PLUS\library\PCON156T.llb
Thu Mar 03 06:28:29 Loaded file C:\PROGRAM FILES\ORCAD\LAYOUT_PLUS\library\PGA.llb
Thu Mar 03 06:28:29 Loaded file C:\PROGRAM FILES\ORCAD\LAYOUT_PLUS\library\PLCC.llb
Thu Mar 03 06:28:29 Loaded file C:\PROGRAM FILES\ORCAD\LAYOUT_PLUS\library\QUAD.llb
Thu Mar 03 06:28:29 Loaded file C:\PROGRAM FILES\ORCAD\LAYOUT_PLUS\library\QUADB.llb
Thu Mar 03 06:28:29 Loaded file C:\PROGRAM FILES\ORCAD\LAYOUT_PLUS\library\RELAY.llb
Thu Mar 03 06:28:29 Loaded file C:\PROGRAM FILES\ORCAD\LAYOUT_PLUS\library\RF.llb
Thu Mar 03 06:28:29 Loaded file C:\PROGRAM FILES\ORCAD\LAYOUT_PLUS\library\SBUS.llb
Thu Mar 03 06:28:29 Loaded file C:\PROGRAM FILES\ORCAD\LAYOUT_PLUS\library\SIMM050F.llb
Thu Mar 03 06:28:29 Loaded file C:\PROGRAM FILES\ORCAD\LAYOUT_PLUS\library\SIMM050T.llb
Thu Mar 03 06:28:29 Loaded file C:\PROGRAM FILES\ORCAD\LAYOUT_PLUS\library\SIMM100F.llb
Thu Mar 03 06:28:29 Loaded file C:\PROGRAM FILES\ORCAD\LAYOUT_PLUS\library\SIMM100T.llb
Thu Mar 03 06:28:29 Loaded file C:\PROGRAM FILES\ORCAD\LAYOUT_PLUS\library\SIP.llb
Thu Mar 03 06:28:29 Loaded file C:\PROGRAM FILES\ORCAD\LAYOUT_PLUS\library\SM.llb
Thu Mar 03 06:28:29 Loaded file C:\PROGRAM FILES\ORCAD\LAYOUT_PLUS\library\SOG.llb
Thu Mar 03 06:28:29 Loaded file C:\PROGRAM FILES\ORCAD\LAYOUT_PLUS\library\SOJ.llb
Thu Mar 03 06:28:29 Loaded file C:\PROGRAM FILES\ORCAD\LAYOUT_PLUS\library\STIFF.llb
Thu Mar 03 06:28:29 Loaded file C:\PROGRAM FILES\ORCAD\LAYOUT_PLUS\library\TELE.llb
Thu Mar 03 06:28:29 Loaded file C:\PROGRAM FILES\ORCAD\LAYOUT_PLUS\library\TM_AXIAL.llb
Thu Mar 03 06:28:29 Loaded file C:\PROGRAM FILES\ORCAD\LAYOUT_PLUS\library\TM_CAP_P.llb
Thu Mar 03 06:28:29 Loaded file C:\PROGRAM FILES\ORCAD\LAYOUT_PLUS\library\TM_CYLND.llb
Thu Mar 03 06:28:29 Loaded file C:\PROGRAM FILES\ORCAD\LAYOUT_PLUS\library\TM_DIODE.llb
Thu Mar 03 06:28:29 Loaded file C:\PROGRAM FILES\ORCAD\LAYOUT_PLUS\library\TM_DISC.llb
Thu Mar 03 06:28:29 Loaded file C:\PROGRAM FILES\ORCAD\LAYOUT_PLUS\library\TM_RAD.llb
Thu Mar 03 06:28:29 Loaded file C:\PROGRAM FILES\ORCAD\LAYOUT_PLUS\library\TO.llb
Thu Mar 03 06:28:29 Loaded file C:\PROGRAM FILES\ORCAD\LAYOUT_PLUS\library\TRAINING.LLB
Thu Mar 03 06:28:29 Loaded file C:\PROGRAM FILES\ORCAD\LAYOUT_PLUS\library\VRES.llb
Thu Mar 03 06:28:29 Loaded file C:\PROGRAM FILES\ORCAD\LAYOUT_PLUS\library\WCON100T.llb
Thu Mar 03 06:28:29 Loaded file C:\PROGRAM FILES\ORCAD\LAYOUT_PLUS\library\XT.llb
Thu Mar 03 06:28:29 Loaded file C:\PROGRAM FILES\ORCAD\LAYOUT_PLUS\library\ZIGZAG.llb
Thu Mar 03 06:28:29 Loaded file E:\DANH\ROBOT\ORCAD PROJECTS\COMERCIAL PROJECTS\COM_PRJ22\COM_PRJ22.MAX
Thu Mar 03 06:28:29 Saved as file E:\DANH\ROBOT\ORCAD PROJECTS\COMERCIAL PROJECTS\COM_PRJ22\COM_PRJ22.MAX
Thu Mar 03 06:28:29 Loaded file E:\DANH\ROBOT\ORCAD PROJECTS\COMERCIAL PROJECTS\COM_PRJ22\COM_PRJ22.MAX
Thu Mar 03 06:29:39 Saved as file BACKUP1.MAX
Thu Mar 03 06:29:39 Saved as file E:\DANH\ROBOT\ORCAD PROJECTS\COMERCIAL PROJECTS\COM_PRJ22\COM_PRJ22.MAX
Thu Mar 03 06:29:39 UserDiv from Layout.INI for AutoECO: 60
Thu Mar 03 06:29:39 Loaded file E:\DANH\ROBOT\ORCAD PROJECTS\COMERCIAL PROJECTS\COM_PRJ22\COM_PRJ22.MAX
Thu Mar 03 06:29:39 Loaded file E:\DANH\ROBOT\ORCAD LIBS\DANHLIB.LLB
Thu Mar 03 06:29:39 Loaded file E:\DANH\ROBOT\ORCAD LIBS\THUVIENORCAD\THUVIENORCAD\LIBRARY ORCAD\THU VIEN ORCAD FULL\THU VIEN LAYOUT BETA 3.LLB
Thu Mar 03 06:29:39 Loaded file E:\DANH\ROBOT\ORCAD LIBS\THUVIENORCAD\THUVIENORCAD\LIBRARY ORCAD\THU VIEN ORCAD FULL\THU VIEN.LLB
Thu Mar 03 06:29:39 Loaded file E:\DANH\ROBOT\ORCAD LIBS\THUVIENORCAD\THUVIENORCAD\LIBRARY ORCAD\ORCAD_LIBRARY\ORCAD_LIBRARY\THU VIEN CHAN_ORCAD\HUUTAN.LLB
Thu Mar 03 06:29:39 Loaded file E:\DANH\ROBOT\ORCAD LIBS\THUVIENORCAD\THUVIENORCAD\LIBRARY ORCAD\ORCAD_LIBRARY\ORCAD_LIBRARY\THU VIEN CHAN_ORCAD\IC PIN.LLB
Thu Mar 03 06:29:39 Loaded file E:\DANH\ROBOT\ORCAD LIBS\THUVIENORCAD\THUVIENORCAD\LIBRARY ORCAD\ORCAD_LIBRARY\ORCAD_LIBRARY\THU VIEN CHAN_ORCAD\LINHKIEN.LLB
Thu Mar 03 06:29:39 Loaded file E:\DANH\ROBOT\ORCAD LIBS\THUVIENORCAD\THUVIENORCAD\LIBRARY ORCAD\ORCAD_LIBRARY\ORCAD_LIBRARY\THU VIEN CHAN_ORCAD\TUHOA.LLB
Thu Mar 03 06:29:39 Loaded file E:\DANH\ROBOT\ORCAD LIBS\THUVIENORCAD\THUVIENORCAD\LIBRARY ORCAD\LAYOUT PLUS\VANHOA.LLB
Thu Mar 03 06:29:39 Loaded file E:\DANH\ROBOT\ORCAD LIBS\THUVIENORCAD\THUVIENORCAD\HOA DOAN\HOADOAN.LLB
Thu Mar 03 06:29:39 Loaded file E:\DANH\ROBOT\ORCAD LIBS\CAPTURE\[MEGASHARE.VNN.VN]LIBRARY%20ORCAD\LIBRARY ORCAD\LIBRARYLAYOUT\555.LLB
Thu Mar 03 06:29:39 Loaded file E:\DANH\ROBOT\ORCAD LIBS\CAPTURE\[MEGASHARE.VNN.VN]LIBRARY%20ORCAD\LIBRARY ORCAD\LIBRARYLAYOUT\BCON100T.LLB
Thu Mar 03 06:29:39 Loaded file E:\DANH\ROBOT\ORCAD LIBS\CAPTURE\[MEGASHARE.VNN.VN]LIBRARY%20ORCAD\LIBRARY ORCAD\LIBRARYLAYOUT\BCON156T.LLB
Thu Mar 03 06:29:39 Loaded file E:\DANH\ROBOT\ORCAD LIBS\CAPTURE\[MEGASHARE.VNN.VN]LIBRARY%20ORCAD\LIBRARY ORCAD\LIBRARYLAYOUT\BGA.LLB
Thu Mar 03 06:29:39 Loaded file E:\DANH\ROBOT\ORCAD LIBS\CAPTURE\[MEGASHARE.VNN.VN]LIBRARY%20ORCAD\LIBRARY ORCAD\LIBRARYLAYOUT\CLCC.LLB
Thu Mar 03 06:29:39 Loaded file E:\DANH\ROBOT\ORCAD LIBS\CAPTURE\[MEGASHARE.VNN.VN]LIBRARY%20ORCAD\LIBRARY ORCAD\LIBRARYLAYOUT\DCON050T.LLB
Thu Mar 03 06:29:39 Loaded file E:\DANH\ROBOT\ORCAD LIBS\CAPTURE\[MEGASHARE.VNN.VN]LIBRARY%20ORCAD\LIBRARY ORCAD\LIBRARYLAYOUT\DCON085T.LLB
Thu Mar 03 06:29:39 Loaded file E:\DANH\ROBOT\ORCAD LIBS\CAPTURE\[MEGASHARE.VNN.VN]LIBRARY%20ORCAD\LIBRARY ORCAD\LIBRARYLAYOUT\DIMM050F.LLB
Thu Mar 03 06:29:39 Loaded file E:\DANH\ROBOT\ORCAD LIBS\CAPTURE\[MEGASHARE.VNN.VN]LIBRARY%20ORCAD\LIBRARY ORCAD\LIBRARYLAYOUT\DIMM050T.LLB
Thu Mar 03 06:29:39 Loaded file E:\DANH\ROBOT\ORCAD LIBS\CAPTURE\[MEGASHARE.VNN.VN]LIBRARY%20ORCAD\LIBRARY ORCAD\LIBRARYLAYOUT\DIN.LLB
Thu Mar 03 06:29:39 Loaded file E:\DANH\ROBOT\ORCAD LIBS\CAPTURE\[MEGASHARE.VNN.VN]LIBRARY%20ORCAD\LIBRARY ORCAD\LIBRARYLAYOUT\DIP100B.LLB
Thu Mar 03 06:29:39 Loaded file E:\DANH\ROBOT\ORCAD LIBS\CAPTURE\[MEGASHARE.VNN.VN]LIBRARY%20ORCAD\LIBRARY ORCAD\LIBRARYLAYOUT\DIP100T.LLB
Thu Mar 03 06:29:39 Loaded file E:\DANH\ROBOT\ORCAD LIBS\CAPTURE\[MEGASHARE.VNN.VN]LIBRARY%20ORCAD\LIBRARY ORCAD\LIBRARYLAYOUT\DSUBT.LLB
Thu Mar 03 06:29:39 Loaded file E:\DANH\ROBOT\ORCAD LIBS\CAPTURE\[MEGASHARE.VNN.VN]LIBRARY%20ORCAD\LIBRARY ORCAD\LIBRARYLAYOUT\DSUBT_HD.LLB
Thu Mar 03 06:29:39 Loaded file E:\DANH\ROBOT\ORCAD LIBS\CAPTURE\[MEGASHARE.VNN.VN]LIBRARY%20ORCAD\LIBRARY ORCAD\LIBRARYLAYOUT\ECON100T.LLB
Thu Mar 03 06:29:39 Loaded file E:\DANH\ROBOT\ORCAD LIBS\CAPTURE\[MEGASHARE.VNN.VN]LIBRARY%20ORCAD\LIBRARY ORCAD\LIBRARYLAYOUT\EMPTY.LLB
Thu Mar 03 06:29:39 Loaded file E:\DANH\ROBOT\ORCAD LIBS\CAPTURE\[MEGASHARE.VNN.VN]LIBRARY%20ORCAD\LIBRARY ORCAD\LIBRARYLAYOUT\EX_GUI.LLB
Thu Mar 03 06:29:39 Loaded file E:\DANH\ROBOT\ORCAD LIBS\CAPTURE\[MEGASHARE.VNN.VN]LIBRARY%20ORCAD\LIBRARY ORCAD\LIBRARYLAYOUT\FBUS.LLB
Thu Mar 03 06:29:39 Loaded file E:\DANH\ROBOT\ORCAD LIBS\CAPTURE\[MEGASHARE.VNN.VN]LIBRARY%20ORCAD\LIBRARY ORCAD\LIBRARYLAYOUT\ISA.LLB
Thu Mar 03 06:29:39 Loaded file E:\DANH\ROBOT\ORCAD LIBS\CAPTURE\[MEGASHARE.VNN.VN]LIBRARY%20ORCAD\LIBRARY ORCAD\LIBRARYLAYOUT\JUMPER.LLB
Thu Mar 03 06:29:39 Loaded file E:\DANH\ROBOT\ORCAD LIBS\CAPTURE\[MEGASHARE.VNN.VN]LIBRARY%20ORCAD\LIBRARY ORCAD\LIBRARYLAYOUT\LAYOUT.LLB
Thu Mar 03 06:29:39 Loaded file E:\DANH\ROBOT\ORCAD LIBS\CAPTURE\[MEGASHARE.VNN.VN]LIBRARY%20ORCAD\LIBRARY ORCAD\LIBRARYLAYOUT\LCON100T.LLB
Thu Mar 03 06:29:39 Loaded file E:\DANH\ROBOT\ORCAD LIBS\CAPTURE\[MEGASHARE.VNN.VN]LIBRARY%20ORCAD\LIBRARY ORCAD\LIBRARYLAYOUT\METRIC.LLB
Thu Mar 03 06:29:39 Loaded file E:\DANH\ROBOT\ORCAD LIBS\CAPTURE\[MEGASHARE.VNN.VN]LIBRARY%20ORCAD\LIBRARY ORCAD\LIBRARYLAYOUT\PADSTACK.LLB
Thu Mar 03 06:29:39 Loaded file E:\DANH\ROBOT\ORCAD LIBS\CAPTURE\[MEGASHARE.VNN.VN]LIBRARY%20ORCAD\LIBRARY ORCAD\LIBRARYLAYOUT\PC104.LLB
Thu Mar 03 06:29:39 Loaded file E:\DANH\ROBOT\ORCAD LIBS\CAPTURE\[MEGASHARE.VNN.VN]LIBRARY%20ORCAD\LIBRARY ORCAD\LIBRARYLAYOUT\PCI.LLB
Thu Mar 03 06:29:39 Loaded file E:\DANH\ROBOT\ORCAD LIBS\CAPTURE\[MEGASHARE.VNN.VN]LIBRARY%20ORCAD\LIBRARY ORCAD\LIBRARYLAYOUT\PCON100T.LLB
Thu Mar 03 06:29:39 Loaded file E:\DANH\ROBOT\ORCAD LIBS\CAPTURE\[MEGASHARE.VNN.VN]LIBRARY%20ORCAD\LIBRARY ORCAD\LIBRARYLAYOUT\PCON156T.LLB
Thu Mar 03 06:29:39 Loaded file E:\DANH\ROBOT\ORCAD LIBS\CAPTURE\[MEGASHARE.VNN.VN]LIBRARY%20ORCAD\LIBRARY ORCAD\LIBRARYLAYOUT\PGA.LLB
Thu Mar 03 06:29:39 Loaded file E:\DANH\ROBOT\ORCAD LIBS\CAPTURE\[MEGASHARE.VNN.VN]LIBRARY%20ORCAD\LIBRARY ORCAD\LIBRARYLAYOUT\PLCC.LLB
Thu Mar 03 06:29:39 Loaded file E:\DANH\ROBOT\ORCAD LIBS\CAPTURE\[MEGASHARE.VNN.VN]LIBRARY%20ORCAD\LIBRARY ORCAD\LIBRARYLAYOUT\QUACH KIA.LLB
Thu Mar 03 06:29:39 Loaded file E:\DANH\ROBOT\ORCAD LIBS\CAPTURE\[MEGASHARE.VNN.VN]LIBRARY%20ORCAD\LIBRARY ORCAD\LIBRARYLAYOUT\QUAD.LLB
Thu Mar 03 06:29:39 Loaded file E:\DANH\ROBOT\ORCAD LIBS\CAPTURE\[MEGASHARE.VNN.VN]LIBRARY%20ORCAD\LIBRARY ORCAD\LIBRARYLAYOUT\QUADB.LLB
Thu Mar 03 06:29:39 Loaded file E:\DANH\ROBOT\ORCAD LIBS\CAPTURE\[MEGASHARE.VNN.VN]LIBRARY%20ORCAD\LIBRARY ORCAD\LIBRARYLAYOUT\RELAY.LLB
Thu Mar 03 06:29:39 Loaded file E:\DANH\ROBOT\ORCAD LIBS\CAPTURE\[MEGASHARE.VNN.VN]LIBRARY%20ORCAD\LIBRARY ORCAD\LIBRARYLAYOUT\RF.LLB
Thu Mar 03 06:29:39 Loaded file E:\DANH\ROBOT\ORCAD LIBS\CAPTURE\[MEGASHARE.VNN.VN]LIBRARY%20ORCAD\LIBRARY ORCAD\LIBRARYLAYOUT\SBUS.LLB
Thu Mar 03 06:29:39 Loaded file E:\DANH\ROBOT\ORCAD LIBS\CAPTURE\[MEGASHARE.VNN.VN]LIBRARY%20ORCAD\LIBRARY ORCAD\LIBRARYLAYOUT\SIMM050F.LLB
Thu Mar 03 06:29:39 Loaded file E:\DANH\ROBOT\ORCAD LIBS\CAPTURE\[MEGASHARE.VNN.VN]LIBRARY%20ORCAD\LIBRARY ORCAD\LIBRARYLAYOUT\SIMM050T.LLB
Thu Mar 03 06:29:39 Loaded file E:\DANH\ROBOT\ORCAD LIBS\CAPTURE\[MEGASHARE.VNN.VN]LIBRARY%20ORCAD\LIBRARY ORCAD\LIBRARYLAYOUT\SIMM100F.LLB
Thu Mar 03 06:29:39 Loaded file E:\DANH\ROBOT\ORCAD LIBS\CAPTURE\[MEGASHARE.VNN.VN]LIBRARY%20ORCAD\LIBRARY ORCAD\LIBRARYLAYOUT\SIMM100T.LLB
Thu Mar 03 06:29:39 Loaded file E:\DANH\ROBOT\ORCAD LIBS\CAPTURE\[MEGASHARE.VNN.VN]LIBRARY%20ORCAD\LIBRARY ORCAD\LIBRARYLAYOUT\SIP.LLB
Thu Mar 03 06:29:39 Loaded file E:\DANH\ROBOT\ORCAD LIBS\CAPTURE\[MEGASHARE.VNN.VN]LIBRARY%20ORCAD\LIBRARY ORCAD\LIBRARYLAYOUT\SM.LLB
Thu Mar 03 06:29:39 Loaded file E:\DANH\ROBOT\ORCAD LIBS\CAPTURE\[MEGASHARE.VNN.VN]LIBRARY%20ORCAD\LIBRARY ORCAD\LIBRARYLAYOUT\SOG.LLB
Thu Mar 03 06:29:39 Loaded file E:\DANH\ROBOT\ORCAD LIBS\CAPTURE\[MEGASHARE.VNN.VN]LIBRARY%20ORCAD\LIBRARY ORCAD\LIBRARYLAYOUT\SOJ.LLB
Thu Mar 03 06:29:39 Loaded file E:\DANH\ROBOT\ORCAD LIBS\CAPTURE\[MEGASHARE.VNN.VN]LIBRARY%20ORCAD\LIBRARY ORCAD\LIBRARYLAYOUT\STIFF.LLB
Thu Mar 03 06:29:39 Loaded file E:\DANH\ROBOT\ORCAD LIBS\CAPTURE\[MEGASHARE.VNN.VN]LIBRARY%20ORCAD\LIBRARY ORCAD\LIBRARYLAYOUT\TELE.LLB
Thu Mar 03 06:29:39 Loaded file E:\DANH\ROBOT\ORCAD LIBS\CAPTURE\[MEGASHARE.VNN.VN]LIBRARY%20ORCAD\LIBRARY ORCAD\LIBRARYLAYOUT\TM_AXIAL.LLB
Thu Mar 03 06:29:39 Loaded file E:\DANH\ROBOT\ORCAD LIBS\CAPTURE\[MEGASHARE.VNN.VN]LIBRARY%20ORCAD\LIBRARY ORCAD\LIBRARYLAYOUT\TM_CAP_P.LLB
Thu Mar 03 06:29:39 Loaded file E:\DANH\ROBOT\ORCAD LIBS\CAPTURE\[MEGASHARE.VNN.VN]LIBRARY%20ORCAD\LIBRARY ORCAD\LIBRARYLAYOUT\TM_CYLND.LLB
Thu Mar 03 06:29:39 Loaded file E:\DANH\ROBOT\ORCAD LIBS\CAPTURE\[MEGASHARE.VNN.VN]LIBRARY%20ORCAD\LIBRARY ORCAD\LIBRARYLAYOUT\TM_DIODE.LLB
Thu Mar 03 06:29:39 Loaded file E:\DANH\ROBOT\ORCAD LIBS\CAPTURE\[MEGASHARE.VNN.VN]LIBRARY%20ORCAD\LIBRARY ORCAD\LIBRARYLAYOUT\TM_DISC.LLB
Thu Mar 03 06:29:39 Loaded file E:\DANH\ROBOT\ORCAD LIBS\CAPTURE\[MEGASHARE.VNN.VN]LIBRARY%20ORCAD\LIBRARY ORCAD\LIBRARYLAYOUT\TM_RAD.LLB
Thu Mar 03 06:29:39 Loaded file E:\DANH\ROBOT\ORCAD LIBS\CAPTURE\[MEGASHARE.VNN.VN]LIBRARY%20ORCAD\LIBRARY ORCAD\LIBRARYLAYOUT\TO.LLB
Thu Mar 03 06:29:39 Loaded file E:\DANH\ROBOT\ORCAD LIBS\CAPTURE\[MEGASHARE.VNN.VN]LIBRARY%20ORCAD\LIBRARY ORCAD\LIBRARYLAYOUT\TR.LLB
Thu Mar 03 06:29:39 Loaded file E:\DANH\ROBOT\ORCAD LIBS\CAPTURE\[MEGASHARE.VNN.VN]LIBRARY%20ORCAD\LIBRARY ORCAD\LIBRARYLAYOUT\TRAINING.LLB
Thu Mar 03 06:29:39 Loaded file E:\DANH\ROBOT\ORCAD LIBS\CAPTURE\[MEGASHARE.VNN.VN]LIBRARY%20ORCAD\LIBRARY ORCAD\LIBRARYLAYOUT\VRES.LLB
Thu Mar 03 06:29:39 Loaded file E:\DANH\ROBOT\ORCAD LIBS\CAPTURE\[MEGASHARE.VNN.VN]LIBRARY%20ORCAD\LIBRARY ORCAD\LIBRARYLAYOUT\WCON100T.LLB
Thu Mar 03 06:29:39 Loaded file E:\DANH\ROBOT\ORCAD LIBS\CAPTURE\[MEGASHARE.VNN.VN]LIBRARY%20ORCAD\LIBRARY ORCAD\LIBRARYLAYOUT\XT.LLB
Thu Mar 03 06:29:39 Loaded file E:\DANH\ROBOT\ORCAD LIBS\CAPTURE\[MEGASHARE.VNN.VN]LIBRARY%20ORCAD\LIBRARY ORCAD\LIBRARYLAYOUT\ZIGZAG.LLB
Thu Mar 03 06:29:39 Loaded file E:\DANH\ROBOT\ORCAD LIBS\THU VIEN\THU VIEN.LLB
Thu Mar 03 06:29:39 Loaded file E:\DANH\ROBOT\ORCAD LIBS\ORCAD LAYOUT\T2L LAYOUT.LLB
Thu Mar 03 06:29:39 Loaded file E:\DANH\ROBOT\ORCAD LIBS\CAPTURE\LIBRARY\LIBRARY\LIBARY\ZZZ_UI_LIB.LLB
Thu Mar 03 06:29:39 Loaded file E:\DANH\ROBOT\ORCAD LIBS\CAPTURE\LIBRARY\LIBRARY\LIBARY\ZZZ_BS.LLB
Thu Mar 03 06:29:39 Loaded file E:\DANH\ROBOT\ORCAD LIBS\CAPTURE\LIBRARY\LIBRARY\LIBARY\ZZZ_DAT_LIB.LLB
Thu Mar 03 06:29:39 Loaded file E:\DANH\ROBOT\ORCAD LIBS\CAPTURE\LIBRARY\LIBRARY\LIBARY\ZZZ_LK_DAN.LLB
Thu Mar 03 06:29:39 Loaded file E:\DANH\ROBOT\ORCAD LIBS\CAPTURE\LIBRARY\LIBRARY\LIBARY\ZZZ_MY_LIB.LLB
Thu Mar 03 06:29:39 Loaded file E:\DANH\ROBOT\ORCAD LIBS\CAPTURE\LIBRARY\LIBRARY\LIBARY\ZZZ_MYLIB.LLB
Thu Mar 03 06:29:39 Loaded file E:\DANH\ROBOT\ORCAD LIBS\CAPTURE\LIBRARY\LIBRARY\BKIT4U_LIB.LLB
Thu Mar 03 06:29:39 Loaded file E:\DANH\ROBOT\ORCAD LIBS\CAPTURE\LIBRARY\LIBRARY\BS.LLB
Thu Mar 03 06:29:39 Loaded file E:\DANH\ROBOT\ORCAD LIBS\CAPTURE\LIBRARY\LIBRARY\LAYOUT LIB LAYOUT\ZZZ_TUHOA.LLB
Thu Mar 03 06:29:39 Loaded file E:\DANH\ROBOT\ORCAD LIBS\CAPTURE\LIBRARY\LIBRARY\LAYOUT LIB LAYOUT\ZZZ_PHUONG.LLB
Thu Mar 03 06:29:39 Loaded file E:\DANH\ROBOT\ORCAD LIBS\CAPTURE\LIBRARY\LIBRARY\LAYOUT LIB LAYOUT\ZZZ_T2L LAYOUT.LLB
Thu Mar 03 06:29:39 Loaded file E:\DANH\ROBOT\ORCAD LIBS\CAPTURE\LIBRARY\LIBRARY\LAYOUT LIB LAYOUT\ZZZ_THU VIEN - TRIEU..LLB
Thu Mar 03 06:29:39 Loaded file E:\DANH\ROBOT\ORCAD LIBS\CAPTURE\LIBRARY\LIBRARY\LAYOUT LIB LAYOUT\ZZZ_THU VIEN.LLB
Thu Mar 03 06:29:39 Loaded file E:\DANH\ROBOT\ORCAD LIBS\CAPTURE\LIBRARY\LIBRARY\LAYOUT LIB LAYOUT\ZZZ_TRANSITROR.LLB
Thu Mar 03 06:29:39 Loaded file C:\PROGRAM FILES\ORCAD\LAYOUT_PLUS\library\BCON100T.llb
Thu Mar 03 06:29:39 Loaded file C:\PROGRAM FILES\ORCAD\LAYOUT_PLUS\library\BCON156T.llb
Thu Mar 03 06:29:40 Loaded file C:\PROGRAM FILES\ORCAD\LAYOUT_PLUS\library\BGA.llb
Thu Mar 03 06:29:40 Loaded file C:\PROGRAM FILES\ORCAD\LAYOUT_PLUS\library\CLCC.llb
Thu Mar 03 06:29:40 Loaded file C:\PROGRAM FILES\ORCAD\LAYOUT_PLUS\library\DCON050T.llb
Thu Mar 03 06:29:40 Loaded file C:\PROGRAM FILES\ORCAD\LAYOUT_PLUS\library\DCON085T.llb
Thu Mar 03 06:29:40 Loaded file C:\PROGRAM FILES\ORCAD\LAYOUT_PLUS\library\DIMM050F.llb
Thu Mar 03 06:29:40 Loaded file C:\PROGRAM FILES\ORCAD\LAYOUT_PLUS\library\DIMM050T.llb
Thu Mar 03 06:29:40 Loaded file C:\PROGRAM FILES\ORCAD\LAYOUT_PLUS\library\DIN.llb
Thu Mar 03 06:29:40 Loaded file C:\PROGRAM FILES\ORCAD\LAYOUT_PLUS\library\DIP100B.llb
Thu Mar 03 06:29:40 Loaded file C:\PROGRAM FILES\ORCAD\LAYOUT_PLUS\library\DIP100T.llb
Thu Mar 03 06:29:40 Loaded file C:\PROGRAM FILES\ORCAD\LAYOUT_PLUS\library\DSUBT.llb
Thu Mar 03 06:29:40 Loaded file C:\PROGRAM FILES\ORCAD\LAYOUT_PLUS\library\DSUBT_HD.LLB
Thu Mar 03 06:29:40 Loaded file C:\PROGRAM FILES\ORCAD\LAYOUT_PLUS\library\ECON100T.llb
Thu Mar 03 06:29:40 Loaded file C:\PROGRAM FILES\ORCAD\LAYOUT_PLUS\library\FBUS.llb
Thu Mar 03 06:29:40 Loaded file C:\PROGRAM FILES\ORCAD\LAYOUT_PLUS\library\ISA.llb
Thu Mar 03 06:29:40 Loaded file C:\PROGRAM FILES\ORCAD\LAYOUT_PLUS\library\JUMPER.LLB
Thu Mar 03 06:29:40 Loaded file C:\PROGRAM FILES\ORCAD\LAYOUT_PLUS\library\LAYOUT.llb
Thu Mar 03 06:29:40 Loaded file C:\PROGRAM FILES\ORCAD\LAYOUT_PLUS\library\LCON100T.llb
Thu Mar 03 06:29:40 Loaded file C:\PROGRAM FILES\ORCAD\LAYOUT_PLUS\library\PC104.llb
Thu Mar 03 06:29:40 Loaded file C:\PROGRAM FILES\ORCAD\LAYOUT_PLUS\library\PCI.llb
Thu Mar 03 06:29:40 Loaded file C:\PROGRAM FILES\ORCAD\LAYOUT_PLUS\library\PCON100T.llb
Thu Mar 03 06:29:40 Loaded file C:\PROGRAM FILES\ORCAD\LAYOUT_PLUS\library\PCON156T.llb
Thu Mar 03 06:29:40 Loaded file C:\PROGRAM FILES\ORCAD\LAYOUT_PLUS\library\PGA.llb
Thu Mar 03 06:29:40 Loaded file C:\PROGRAM FILES\ORCAD\LAYOUT_PLUS\library\PLCC.llb
Thu Mar 03 06:29:40 Loaded file C:\PROGRAM FILES\ORCAD\LAYOUT_PLUS\library\QUAD.llb
Thu Mar 03 06:29:40 Loaded file C:\PROGRAM FILES\ORCAD\LAYOUT_PLUS\library\QUADB.llb
Thu Mar 03 06:29:40 Loaded file C:\PROGRAM FILES\ORCAD\LAYOUT_PLUS\library\RELAY.llb
Thu Mar 03 06:29:40 Loaded file C:\PROGRAM FILES\ORCAD\LAYOUT_PLUS\library\RF.llb
Thu Mar 03 06:29:40 Loaded file C:\PROGRAM FILES\ORCAD\LAYOUT_PLUS\library\SBUS.llb
Thu Mar 03 06:29:40 Loaded file C:\PROGRAM FILES\ORCAD\LAYOUT_PLUS\library\SIMM050F.llb
Thu Mar 03 06:29:40 Loaded file C:\PROGRAM FILES\ORCAD\LAYOUT_PLUS\library\SIMM050T.llb
Thu Mar 03 06:29:40 Loaded file C:\PROGRAM FILES\ORCAD\LAYOUT_PLUS\library\SIMM100F.llb
Thu Mar 03 06:29:40 Loaded file C:\PROGRAM FILES\ORCAD\LAYOUT_PLUS\library\SIMM100T.llb
Thu Mar 03 06:29:40 Loaded file C:\PROGRAM FILES\ORCAD\LAYOUT_PLUS\library\SIP.llb
Thu Mar 03 06:29:40 Loaded file C:\PROGRAM FILES\ORCAD\LAYOUT_PLUS\library\SM.llb
Thu Mar 03 06:29:40 Loaded file C:\PROGRAM FILES\ORCAD\LAYOUT_PLUS\library\SOG.llb
Thu Mar 03 06:29:40 Loaded file C:\PROGRAM FILES\ORCAD\LAYOUT_PLUS\library\SOJ.llb
Thu Mar 03 06:29:40 Loaded file C:\PROGRAM FILES\ORCAD\LAYOUT_PLUS\library\STIFF.llb
Thu Mar 03 06:29:40 Loaded file C:\PROGRAM FILES\ORCAD\LAYOUT_PLUS\library\TELE.llb
Thu Mar 03 06:29:40 Loaded file C:\PROGRAM FILES\ORCAD\LAYOUT_PLUS\library\TM_AXIAL.llb
Thu Mar 03 06:29:40 Loaded file C:\PROGRAM FILES\ORCAD\LAYOUT_PLUS\library\TM_CAP_P.llb
Thu Mar 03 06:29:40 Loaded file C:\PROGRAM FILES\ORCAD\LAYOUT_PLUS\library\TM_CYLND.llb
Thu Mar 03 06:29:40 Loaded file C:\PROGRAM FILES\ORCAD\LAYOUT_PLUS\library\TM_DIODE.llb
Thu Mar 03 06:29:40 Loaded file C:\PROGRAM FILES\ORCAD\LAYOUT_PLUS\library\TM_DISC.llb
Thu Mar 03 06:29:40 Loaded file C:\PROGRAM FILES\ORCAD\LAYOUT_PLUS\library\TM_RAD.llb
Thu Mar 03 06:29:40 Loaded file C:\PROGRAM FILES\ORCAD\LAYOUT_PLUS\library\TO.llb
Thu Mar 03 06:29:40 Loaded file C:\PROGRAM FILES\ORCAD\LAYOUT_PLUS\library\TRAINING.LLB
Thu Mar 03 06:29:40 Loaded file C:\PROGRAM FILES\ORCAD\LAYOUT_PLUS\library\VRES.llb
Thu Mar 03 06:29:40 Loaded file C:\PROGRAM FILES\ORCAD\LAYOUT_PLUS\library\WCON100T.llb
Thu Mar 03 06:29:40 Loaded file C:\PROGRAM FILES\ORCAD\LAYOUT_PLUS\library\XT.llb
Thu Mar 03 06:29:40 Loaded file C:\PROGRAM FILES\ORCAD\LAYOUT_PLUS\library\ZIGZAG.llb
Thu Mar 03 06:29:40 Loaded file E:\DANH\ROBOT\ORCAD LIBS\CAPTURE\[MEGASHARE.VNN.VN]LIBRARY%20ORCAD\LIBRARY ORCAD\LIBRARYLAYOUT\QUACH KIA.LLB
Thu Mar 03 06:29:40 Saved as file E:\DANH\ROBOT\ORCAD PROJECTS\COMERCIAL PROJECTS\COM_PRJ22\COM_PRJ22.MAX
Thu Mar 03 06:29:40 Loaded file E:\DANH\ROBOT\ORCAD PROJECTS\COMERCIAL PROJECTS\COM_PRJ22\COM_PRJ22.MAX
Thu Mar 03 06:30:11 Saved as file E:\DANH\ROBOT\ORCAD PROJECTS\COMERCIAL PROJECTS\COM_PRJ22\COM_PRJ22.MAX
Thu Mar 03 06:30:12 Saved as file E:\DANH\ROBOT\ORCAD PROJECTS\COMERCIAL PROJECTS\COM_PRJ22\COM_PRJ22.MAX
Thu Mar 03 06:40:49 Saved as file BACKUP1.MAX
Thu Mar 03 06:40:54 Saved as file E:\DANH\ROBOT\ORCAD PROJECTS\COMERCIAL PROJECTS\COM_PRJ22\COM_PRJ22.MAX
Thu Mar 03 06:40:58 Saved as file E:\DANH\ROBOT\ORCAD PROJECTS\COMERCIAL PROJECTS\COM_PRJ22\COM_PRJ22.MAX
Thu Mar 03 06:41:29 No new connections routed.
Thu Mar 03 06:41:29 Total is now 0 out of 35 (0%).
Thu Mar 03 06:41:29 Saved as file SWEEP1.MAX
Thu Mar 03 06:41:31 Saved as file BACKUP1.MAX
Thu Mar 03 06:41:31 Saved as file BACKUP1.MAX
Thu Mar 03 06:41:31 Saved as file BACKUP1.MAX
Thu Mar 03 06:41:32 Saved as file BACKUP1.MAX
Thu Mar 03 06:41:32 Routed 38 connections in 2 seconds.
Thu Mar 03 06:41:32 Total is now 31 out of 35 (88%).
Thu Mar 03 06:41:32 Saved as file SWEEP2.MAX
Thu Mar 03 06:41:33 No new connections routed.
Thu Mar 03 06:41:33 Total is now 31 out of 35 (88%).
Thu Mar 03 06:41:33 Saved as file SWEEP3.MAX
Thu Mar 03 06:42:27 Routed 3 connections in 54 seconds.
Thu Mar 03 06:42:27 Total is now 34 out of 35 (97%).
Thu Mar 03 06:42:27 Saved as file SWEEP4.MAX
Thu Mar 03 06:42:30 Routed 1 connections in 2 seconds.
Thu Mar 03 06:42:30 Total is now 35 out of 35 (100%).
Thu Mar 03 06:42:30 Saved as file SWEEP5.MAX
Thu Mar 03 06:42:48 Saved as file E:\DANH\ROBOT\ORCAD PROJECTS\COMERCIAL PROJECTS\COM_PRJ22\COM_PRJ22.MAX
Thu Mar 03 06:42:48 Saved as file E:\DANH\ROBOT\ORCAD PROJECTS\COMERCIAL PROJECTS\COM_PRJ22\COM_PRJ22.MAX
Thu Mar 03 06:47:42 Saved as file E:\DANH\ROBOT\ORCAD PROJECTS\COMERCIAL PROJECTS\COM_PRJ22\COM_PRJ22.MAX
Thu Mar 03 06:48:42 Saved as file E:\DANH\ROBOT\ORCAD PROJECTS\COMERCIAL PROJECTS\COM_PRJ22\COM_PRJ22.MAX
Thu Mar 03 06:48:54 Saved as file BACKUP1.MAX
Thu Mar 03 06:48:54 No new connections routed.
Thu Mar 03 06:48:54 Total is now 0 out of 43 (0%).
Thu Mar 03 06:48:54 Saved as file SWEEP1.MAX
Thu Mar 03 06:48:56 Saved as file BACKUP1.MAX
Thu Mar 03 06:48:56 Routed 40 connections in 2 seconds.
Thu Mar 03 06:48:56 Total is now 40 out of 43 (93%).
Thu Mar 03 06:48:56 Saved as file SWEEP2.MAX
Thu Mar 03 06:48:57 No new connections routed.
Thu Mar 03 06:48:57 Total is now 40 out of 43 (93%).
Thu Mar 03 06:48:57 Saved as file SWEEP3.MAX
Thu Mar 03 06:50:18 Routed 1 connections in 80 seconds.
Thu Mar 03 06:50:18 Total is now 41 out of 43 (95%).
Thu Mar 03 06:50:18 Saved as file SWEEP4.MAX
Thu Mar 03 06:50:49 Saved as file BACKUP1.MAX
Thu Mar 03 06:51:10 No new connections routed.
Thu Mar 03 06:51:10 Total is now 41 out of 43 (95%).
Thu Mar 03 06:51:10 Saved as file SWEEP5.MAX
Thu Mar 03 06:52:51 Saved as file E:\DANH\ROBOT\ORCAD PROJECTS\COMERCIAL PROJECTS\COM_PRJ22\COM_PRJ22.MAX
Thu Mar 03 06:54:02 Loaded file C:\Program Files\Orcad\Layout_Plus\data\template.imp
Thu Mar 03 06:54:02 Loaded file C:\Program Files\Orcad\Layout_Plus\data\template.imp
Thu Mar 03 06:54:02 Loaded file C:\Program Files\Orcad\Layout_Plus\data\template.imp
Thu Mar 03 06:54:02 Loaded file C:\Program Files\Orcad\Layout_Plus\data\template.imp
Thu Mar 03 06:54:04 Loaded file E:\DANH\ROBOT\ORCAD LIBS\DANHLIB.LLB
Thu Mar 03 06:54:06 Loaded file C:\Program Files\Orcad\Layout_Plus\data\template.imp
Thu Mar 03 06:54:16 Saved as file E:\DANH\ROBOT\ORCAD PROJECTS\COMERCIAL PROJECTS\COM_PRJ22\COM_PRJ22.MAX
Thu Mar 03 06:55:54 Saved as file E:\DANH\ROBOT\ORCAD PROJECTS\COMERCIAL PROJECTS\COM_PRJ22\COM_PRJ22.MAX
Thu Mar 03 06:56:04 No new connections routed.
Thu Mar 03 06:56:04 Total is now 0 out of 44 (0%).
Thu Mar 03 06:56:04 Saved as file SWEEP1.MAX
Thu Mar 03 06:56:06 Saved as file BACKUP1.MAX
Thu Mar 03 06:56:06 Routed 40 connections in 1 seconds.
Thu Mar 03 06:56:06 Total is now 40 out of 44 (90%).
Thu Mar 03 06:56:06 Saved as file SWEEP2.MAX
Thu Mar 03 06:56:07 No new connections routed.
Thu Mar 03 06:56:07 Total is now 40 out of 44 (90%).
Thu Mar 03 06:56:07 Saved as file SWEEP3.MAX
Thu Mar 03 06:57:06 Routed 2 connections in 58 seconds.
Thu Mar 03 06:57:06 Total is now 42 out of 44 (95%).
Thu Mar 03 06:57:06 Saved as file SWEEP4.MAX
Thu Mar 03 06:57:35 Routed 1 connections in 28 seconds.
Thu Mar 03 06:57:35 Total is now 43 out of 44 (97%).
Thu Mar 03 06:57:35 Saved as file SWEEP5.MAX
Thu Mar 03 07:00:25 Saved as file E:\DANH\ROBOT\ORCAD PROJECTS\COMERCIAL PROJECTS\COM_PRJ22\COM_PRJ22.MAX
Thu Mar 03 07:00:25 Saved as file E:\DANH\ROBOT\ORCAD PROJECTS\COMERCIAL PROJECTS\COM_PRJ22\COM_PRJ22.MAX
Thu Mar 03 07:00:31 Removed unused footprint: BC547_REV1_QR
Thu Mar 03 07:00:31 Removed unused footprint: R_1/4W_R112
Thu Mar 03 07:00:31 Removed unused footprint: R_1/4W_R82
Thu Mar 03 07:00:31 Removed unused footprint: LED RGB VUONG R_U5
Thu Mar 03 07:00:31 Removed unused footprint: R_1/4W_R4
Thu Mar 03 07:00:31 Removed unused footprint: R_1/4W_R81
Thu Mar 03 07:00:31 Removed unused footprint: IC 8 PIN_IC
Thu Mar 03 07:00:31 Removed unused footprint: R_1/4W_R91
Thu Mar 03 07:00:31 Removed unused footprint: DIODE 4007_D4
Thu Mar 03 07:00:31 Removed unused footprint: R_1/4W_R111
Thu Mar 03 07:00:31 Removed unused footprint: R_1/4W_R83
Thu Mar 03 07:00:31 Removed unused footprint: CAPACITOR (PICOPARA)_C4
Thu Mar 03 07:00:31 Removed unused footprint: DIODE 4007_D3
Thu Mar 03 07:00:31 Removed unused footprint: R_1/4W_R71
Thu Mar 03 07:00:31 Removed unused footprint: LED RGB VUONG R_U3
Thu Mar 03 07:00:31 Removed unused footprint: LED RGB VUONG R_U2
Thu Mar 03 07:00:31 Removed unused footprint: R_1/4W_R101
Thu Mar 03 07:00:31 Removed unused footprint: DIODE 4007_D2
Thu Mar 03 07:00:31 Removed unused footprint: CAPACITOR 1UF TO UNDER 47UF_C3
Thu Mar 03 07:00:31 Removed unused footprint: R_1/4W_R73
Thu Mar 03 07:00:31 Removed unused footprint: R_1/4W_R3
Thu Mar 03 07:00:31 Removed unused footprint: BC547_REV1_QB
Thu Mar 03 07:00:31 Removed unused footprint: LED RGB VUONG R_U1
Thu Mar 03 07:00:31 Removed unused footprint: DIODE 4007_D1
Thu Mar 03 07:00:31 Removed unused footprint: R_1/4W_R103
Thu Mar 03 07:00:31 Removed unused footprint: R_1/4W_R72
Thu Mar 03 07:00:31 Removed unused footprint: BC547_REV1_QG
Thu Mar 03 07:00:31 Removed unused footprint: DIODE ZENER_D5
Thu Mar 03 07:00:31 Removed unused footprint: R_1/2W_R2
Thu Mar 03 07:00:31 Removed unused footprint: R_1/4W_R102
Thu Mar 03 07:00:31 Removed unused footprint: R_1/4W_R92
Thu Mar 03 07:00:31 Removed unused footprint: R_1/4W_R5
Thu Mar 03 07:00:31 Removed unused footprint: R_1/4W_R1
Thu Mar 03 07:00:31 Removed unused footprint: LED RGB VUONG R_U4
Thu Mar 03 07:00:31 Removed unused footprint: R_1/4W_R93
Thu Mar 03 07:00:31 Removed unused footprint: CAPACITOR 47UF TO UNDER 100UF_C2
Thu Mar 03 07:00:31 Removed unused footprint: CANDY_C1
Thu Mar 03 07:00:31 Removed unused footprint: R_1/4W_R6
Thu Mar 03 07:00:31 Removed unused footprint: R_1/4W_R113
Thu Mar 03 07:00:31 Removed unused footprint: AC 220_J1
Thu Mar 03 07:00:31 Removed unused footprint: CON4
Thu Mar 03 07:00:31 Removed unused footprint: CAPACITOR (PICOPARA)
Thu Mar 03 07:00:31 Removed unused footprint: LED RGB VUONG R
Thu Mar 03 07:00:31 Removed unused footprint: R_1/4W
Thu Mar 03 07:00:31 Removed unused footprint: R_1/2W
Thu Mar 03 07:00:31 Removed unused footprint: BC547_REV1
Thu Mar 03 07:00:31 Removed unused footprint: AC 220
Thu Mar 03 07:00:31 Removed unused footprint: IC 8 PIN
Thu Mar 03 07:00:31 Removed unused footprint: DIODE ZENER
Thu Mar 03 07:00:31 Removed unused footprint: DIODE 4007
Thu Mar 03 07:00:31 Removed unused footprint: CAPACITOR 1UF TO UNDER 47UF
Thu Mar 03 07:00:31 Removed unused footprint: CAPACITOR 47UF TO UNDER 100UF
Thu Mar 03 07:00:31 Removed unused footprint: CANDY
Thu Mar 03 07:00:31 Removed unused footprint: DIP 8
Thu Mar 03 07:00:31 Removed unused footprint: DIODE
Thu Mar 03 07:00:31 Removed unused footprint: BC547
Thu Mar 03 07:00:31 Removed unused footprint: DIODE ZENER SMALL
Thu Mar 03 07:00:31 Removed unused footprint: C_47-100UF
Thu Mar 03 07:00:31 Removed unused footprint: C_225_250V
Thu Mar 03 07:00:31 Removed unused footprint: CON2
Thu Mar 03 07:00:31 Removed unused footprint: DEFAULT
Thu Mar 03 07:00:33 Removed unused padstack: T1_1_2_2_2
Thu Mar 03 07:00:33 Removed unused padstack: T1_9_2
Thu Mar 03 07:00:33 Removed unused padstack: TM_CYLND.LLB_PAD4_3_1
Thu Mar 03 07:00:33 Removed unused padstack: TM_CYLND.LLB_PAD3_3_1_1
Thu Mar 03 07:00:33 Removed unused padstack: TM_AXIAL.LLB_PAD3_1_1_1_1_1_1
Thu Mar 03 07:00:33 Removed unused padstack: TM_AXIAL.llb_pad3_1_2_1_1
Thu Mar 03 07:00:33 Removed unused padstack: T1_2_9_2_1
Thu Mar 03 07:00:33 Removed unused padstack: DIP100T.llb_pad5_1_1_1_1_1_1_1
Thu Mar 03 07:00:33 Removed unused padstack: DIP100T.llb_pad3_1_1_2_1_1_1_1
Thu Mar 03 07:00:33 Removed unused padstack: DIP100T.llb_pad4_1_1_1_1_1_1_1_1
Thu Mar 03 07:00:33 Removed unused padstack: T1_3_7_5_2_1_1_1
Thu Mar 03 07:00:33 Removed unused padstack: T6_1_5_3_2_1_1_1
Thu Mar 03 07:00:33 Removed unused padstack: T1_6_1_1_2_1_1_1
Thu Mar 03 07:00:33 Removed unused padstack: TM_CYLND.llb_pad2_3_1_1_1
Thu Mar 03 07:00:33 Removed unused padstack: TM_CYLND.llb_pad1_3_1_1_1_1
Thu Mar 03 07:00:33 Removed unused padstack: TM_CYLND.llb_pad2_3_1_1
Thu Mar 03 07:00:33 Removed unused padstack: TM_CYLND.llb_pad1_3_1_1
Thu Mar 03 07:00:33 Removed unused padstack: TM_CYLND.LLB_PAD4_3_2_1_1
Thu Mar 03 07:00:33 Removed unused padstack: TM_CYLND.LLB_PAD3_3_1_2_1
Thu Mar 03 07:00:33 Removed unused padstack: DIP100T.llb_pad2_1_2
Thu Mar 03 07:00:33 Removed unused padstack: DIP100T.llb_pad1_1_2_1
Thu Mar 03 07:00:33 Removed unused padstack: 75R59
Thu Mar 03 07:00:33 Removed unused padstack: 75S55
Thu Mar 03 07:00:33 Removed unused padstack: TO.llb_pad6_1
Thu Mar 03 07:00:33 Removed unused padstack: DIODE_ZENER_SMALL_PAD_2
Thu Mar 03 07:00:33 Removed unused padstack: DIODE_ZENER_SMALL_PAD_1
Thu Mar 03 07:00:33 Removed unused padstack: TM_CYLND.llb_pad2_3_1
Thu Mar 03 07:00:33 Removed unused padstack: TM_CYLND.llb_pad1_3_1
Thu Mar 03 07:00:33 Removed unused padstack: TM_CYLND.LLB_PAD4_3_2_1
Thu Mar 03 07:00:33 Removed unused padstack: TM_CYLND.LLB_PAD3_3_1_2
Thu Mar 03 07:00:33 Removed unused padstack: T1_1
Thu Mar 03 07:00:33 Removed unused padstack: 120R100
Thu Mar 03 07:00:33 Removed unused padstack: T7
Thu Mar 03 07:00:33 Removed unused padstack: T2
Thu Mar 03 07:00:33 Removed unused padstack: T1
Thu Mar 03 07:01:19 Saved as file BACKUP1.MAX
Thu Mar 03 07:01:53 Saved as file E:\DANH\ROBOT\ORCAD PROJECTS\COMERCIAL PROJECTS\COM_PRJ22\COM_PRJ22.MAX
Thu Mar 03 07:02:26 Saved as file E:\DANH\ROBOT\ORCAD PROJECTS\COMERCIAL PROJECTS\COM_PRJ22\COM_PRJ22.MAX
Thu Mar 03 07:02:26 Saved as file E:\DANH\ROBOT\ORCAD PROJECTS\COMERCIAL PROJECTS\COM_PRJ22\COM_PRJ22.MAX
Thu Mar 03 07:02:34 Loaded file C:\Program Files\Orcad\Layout_Plus\data\DEFAULT.MAX
Thu Mar 03 07:02:37 Loaded file C:\Program Files\Orcad\Layout_Plus\data\DEFAULT.MAX
Wed Jun 09 08:47:30 Saved as file BACKUP1.MAX
Wed Jun 09 08:47:30 Saved as file D:\DANH\ROBOT\ORCAD PROJECTS\COMERCIAL PROJECTS\COM_PRJ22\COM_PRJ22.MAX
Wed Jun 09 08:47:31 UserDiv from Layout.INI for AutoECO: 60
Wed Jun 09 08:47:31 Loaded file D:\DANH\ROBOT\ORCAD PROJECTS\COMERCIAL PROJECTS\COM_PRJ22\COM_PRJ22.MAX
Wed Jun 09 08:47:31 Loaded file C:\PROGRAM FILES\ORCAD\LAYOUT_PLUS\library\BCON100T.llb
Wed Jun 09 08:47:31 Loaded file C:\PROGRAM FILES\ORCAD\LAYOUT_PLUS\library\BCON156T.llb
Wed Jun 09 08:47:31 Loaded file C:\PROGRAM FILES\ORCAD\LAYOUT_PLUS\library\BGA.llb
Wed Jun 09 08:47:31 Loaded file C:\PROGRAM FILES\ORCAD\LAYOUT_PLUS\library\CLCC.llb
Wed Jun 09 08:47:31 Loaded file C:\PROGRAM FILES\ORCAD\LAYOUT_PLUS\library\DCON050T.llb
Wed Jun 09 08:47:31 Loaded file C:\PROGRAM FILES\ORCAD\LAYOUT_PLUS\library\DCON085T.llb
Wed Jun 09 08:47:31 Loaded file C:\PROGRAM FILES\ORCAD\LAYOUT_PLUS\library\DIMM050F.llb
Wed Jun 09 08:47:32 Loaded file C:\PROGRAM FILES\ORCAD\LAYOUT_PLUS\library\DIMM050T.llb
Wed Jun 09 08:47:32 Loaded file C:\PROGRAM FILES\ORCAD\LAYOUT_PLUS\library\DIN.llb
Wed Jun 09 08:47:32 Loaded file C:\PROGRAM FILES\ORCAD\LAYOUT_PLUS\library\DIP100B.llb
Wed Jun 09 08:47:32 Loaded file C:\PROGRAM FILES\ORCAD\LAYOUT_PLUS\library\DIP100T.llb
Wed Jun 09 08:47:32 Loaded file C:\PROGRAM FILES\ORCAD\LAYOUT_PLUS\library\DSUBT.llb
Wed Jun 09 08:47:32 Loaded file C:\PROGRAM FILES\ORCAD\LAYOUT_PLUS\library\DSUBT_HD.LLB
Wed Jun 09 08:47:32 Loaded file C:\PROGRAM FILES\ORCAD\LAYOUT_PLUS\library\ECON100T.llb
Wed Jun 09 08:47:32 Loaded file C:\PROGRAM FILES\ORCAD\LAYOUT_PLUS\library\FBUS.llb
Wed Jun 09 08:47:32 Loaded file C:\PROGRAM FILES\ORCAD\LAYOUT_PLUS\library\ISA.llb
Wed Jun 09 08:47:32 Loaded file C:\PROGRAM FILES\ORCAD\LAYOUT_PLUS\library\JUMPER.LLB
Wed Jun 09 08:47:32 Loaded file C:\PROGRAM FILES\ORCAD\LAYOUT_PLUS\library\LAYOUT.llb
Wed Jun 09 08:47:32 Loaded file C:\PROGRAM FILES\ORCAD\LAYOUT_PLUS\library\LCON100T.llb
Wed Jun 09 08:47:32 Loaded file C:\PROGRAM FILES\ORCAD\LAYOUT_PLUS\library\PC104.llb
Wed Jun 09 08:47:32 Loaded file C:\PROGRAM FILES\ORCAD\LAYOUT_PLUS\library\PCI.llb
Wed Jun 09 08:47:32 Loaded file C:\PROGRAM FILES\ORCAD\LAYOUT_PLUS\library\PCON100T.llb
Wed Jun 09 08:47:32 Loaded file C:\PROGRAM FILES\ORCAD\LAYOUT_PLUS\library\PCON156T.llb
Wed Jun 09 08:47:32 Loaded file C:\PROGRAM FILES\ORCAD\LAYOUT_PLUS\library\PGA.llb
Wed Jun 09 08:47:32 Loaded file C:\PROGRAM FILES\ORCAD\LAYOUT_PLUS\library\PLCC.llb
Wed Jun 09 08:47:32 Loaded file C:\PROGRAM FILES\ORCAD\LAYOUT_PLUS\library\QUAD.llb
Wed Jun 09 08:47:32 Loaded file C:\PROGRAM FILES\ORCAD\LAYOUT_PLUS\library\QUADB.llb
Wed Jun 09 08:47:32 Loaded file C:\PROGRAM FILES\ORCAD\LAYOUT_PLUS\library\RELAY.llb
Wed Jun 09 08:47:32 Loaded file C:\PROGRAM FILES\ORCAD\LAYOUT_PLUS\library\RF.llb
Wed Jun 09 08:47:32 Loaded file C:\PROGRAM FILES\ORCAD\LAYOUT_PLUS\library\SBUS.llb
Wed Jun 09 08:47:32 Loaded file C:\PROGRAM FILES\ORCAD\LAYOUT_PLUS\library\SIMM050F.llb
Wed Jun 09 08:47:32 Loaded file C:\PROGRAM FILES\ORCAD\LAYOUT_PLUS\library\SIMM050T.llb
Wed Jun 09 08:47:32 Loaded file C:\PROGRAM FILES\ORCAD\LAYOUT_PLUS\library\SIMM100F.llb
Wed Jun 09 08:47:32 Loaded file C:\PROGRAM FILES\ORCAD\LAYOUT_PLUS\library\SIMM100T.llb
Wed Jun 09 08:47:32 Loaded file C:\PROGRAM FILES\ORCAD\LAYOUT_PLUS\library\SIP.llb
Wed Jun 09 08:47:32 Loaded file C:\PROGRAM FILES\ORCAD\LAYOUT_PLUS\library\SM.llb
Wed Jun 09 08:47:32 Loaded file C:\PROGRAM FILES\ORCAD\LAYOUT_PLUS\library\SOG.llb
Wed Jun 09 08:47:32 Loaded file C:\PROGRAM FILES\ORCAD\LAYOUT_PLUS\library\SOJ.llb
Wed Jun 09 08:47:32 Loaded file C:\PROGRAM FILES\ORCAD\LAYOUT_PLUS\library\STIFF.llb
Wed Jun 09 08:47:32 Loaded file C:\PROGRAM FILES\ORCAD\LAYOUT_PLUS\library\TELE.llb
Wed Jun 09 08:47:32 Loaded file C:\PROGRAM FILES\ORCAD\LAYOUT_PLUS\library\TM_AXIAL.llb
Wed Jun 09 08:47:32 Loaded file C:\PROGRAM FILES\ORCAD\LAYOUT_PLUS\library\TM_CAP_P.llb
Wed Jun 09 08:47:32 Loaded file C:\PROGRAM FILES\ORCAD\LAYOUT_PLUS\library\TM_CYLND.llb
Wed Jun 09 08:47:32 Loaded file C:\PROGRAM FILES\ORCAD\LAYOUT_PLUS\library\TM_DIODE.llb
Wed Jun 09 08:47:32 Loaded file C:\PROGRAM FILES\ORCAD\LAYOUT_PLUS\library\TM_DISC.llb
Wed Jun 09 08:47:32 Loaded file C:\PROGRAM FILES\ORCAD\LAYOUT_PLUS\library\TM_RAD.llb
Wed Jun 09 08:47:32 Loaded file C:\PROGRAM FILES\ORCAD\LAYOUT_PLUS\library\TO.llb
Wed Jun 09 08:47:32 Loaded file C:\PROGRAM FILES\ORCAD\LAYOUT_PLUS\library\TRAINING.LLB
Wed Jun 09 08:47:32 Loaded file C:\PROGRAM FILES\ORCAD\LAYOUT_PLUS\library\VRES.llb
Wed Jun 09 08:47:32 Loaded file C:\PROGRAM FILES\ORCAD\LAYOUT_PLUS\library\WCON100T.llb
Wed Jun 09 08:47:32 Loaded file C:\PROGRAM FILES\ORCAD\LAYOUT_PLUS\library\XT.llb
Wed Jun 09 08:47:32 Loaded file C:\PROGRAM FILES\ORCAD\LAYOUT_PLUS\library\ZIGZAG.llb
Wed Jun 09 08:47:32 Saved as file D:\DANH\ROBOT\ORCAD PROJECTS\COMERCIAL PROJECTS\COM_PRJ22\COM_PRJ22.MAX
Wed Jun 09 08:47:32 Loaded file D:\DANH\ROBOT\ORCAD PROJECTS\COMERCIAL PROJECTS\COM_PRJ22\COM_PRJ22.MAX
Wed Jun 09 08:48:44 Loaded file C:\Program Files\Orcad\Layout_Plus\data\template.imp
Wed Jun 09 08:48:44 Loaded file C:\Program Files\Orcad\Layout_Plus\data\template.imp
Wed Jun 09 08:48:44 Loaded file C:\Program Files\Orcad\Layout_Plus\data\template.imp
Wed Jun 09 08:48:44 Loaded file C:\Program Files\Orcad\Layout_Plus\data\template.imp
Wed Jun 09 08:57:29 Loaded file D:\DANH\ROBOT\ORCAD PROJECTS\COMERCIAL PROJECTS\COM_PRJ22\COM_PRJ22.MAX
Wed Jun 09 08:57:36 Error code 5200.123
Wed Jun 09 08:57:36 Saved as file Backup0.max
Wed Jun 09 08:57:36 Windows which were open at time of error:
Wed Jun 09 08:57:36 	ActiveWindow: &Design
Wed Jun 09 08:57:36 	Icon: &Components
Wed Jun 09 08:57:36 	Icon: &Nets
Wed Jun 09 08:57:36 	Icon: Post Proces&s
Wed Jun 09 08:57:36 End-of-list
Wed Jun 09 08:57:36 Loaded file BACKUP0.MAX
Wed Jun 09 08:59:08 Loaded file C:\PROGRAM FILES\ORCAD\LAYOUT_PLUS\data\template.imp
Wed Jun 09 08:59:08 Loaded file C:\PROGRAM FILES\ORCAD\LAYOUT_PLUS\data\template.imp
Wed Jun 09 08:59:08 Loaded file C:\PROGRAM FILES\ORCAD\LAYOUT_PLUS\data\template.imp
Wed Jun 09 08:59:08 Loaded file C:\PROGRAM FILES\ORCAD\LAYOUT_PLUS\data\template.imp
Wed Jun 09 08:59:09 Loaded file D:\DANH\ROBOT\ORCAD LIBS\DANHLIB.LLB
Wed Jun 09 08:59:13 Loaded file C:\PROGRAM FILES\ORCAD\LAYOUT_PLUS\data\template.imp
Wed Jun 09 09:04:07 Removed unused footprint: R
Wed Jun 09 09:04:09 Removed unused padstack: TM_AXIAL.llb_pad2
Wed Jun 09 09:07:41 Saved as file D:\DANH\ROBOT\ORCAD PROJECTS\COMERCIAL PROJECTS\COM_PRJ22\COM_PRJ22.MAX
Wed Jun 09 09:07:42 Saved as file D:\DANH\ROBOT\ORCAD PROJECTS\COMERCIAL PROJECTS\COM_PRJ22\COM_PRJ22.MAX
Wed Jun 09 09:08:06 Saved as file BACKUP1.MAX
Wed Jun 09 09:08:37 Saved as file D:\DANH\ROBOT\ORCAD PROJECTS\COMERCIAL PROJECTS\COM_PRJ22\COM_PRJ22.MAX
Wed Jun 09 09:08:37 Saved as file D:\DANH\ROBOT\ORCAD PROJECTS\COMERCIAL PROJECTS\COM_PRJ22\COM_PRJ22.MAX
Wed Jun 09 09:09:54 Saved as file D:\DANH\ROBOT\ORCAD PROJECTS\COMERCIAL PROJECTS\COM_PRJ22\COM_PRJ22.MAX
Wed Jun 09 09:10:31 Saved as file D:\DANH\ROBOT\ORCAD PROJECTS\COMERCIAL PROJECTS\COM_PRJ22\COM_PRJ22.MAX
Wed Jun 09 09:10:32 Saved as file D:\DANH\ROBOT\ORCAD PROJECTS\COMERCIAL PROJECTS\COM_PRJ22\COM_PRJ22.MAX
Wed Jun 09 09:11:06 Saved as file D:\DANH\ROBOT\ORCAD PROJECTS\COMERCIAL PROJECTS\COM_PRJ22\COM_PRJ22.MAX
Wed Jun 09 09:11:06 Saved as file D:\DANH\ROBOT\ORCAD PROJECTS\COMERCIAL PROJECTS\COM_PRJ22\COM_PRJ22.MAX
Wed Jun 09 09:12:50 Saved as file D:\DANH\ROBOT\ORCAD PROJECTS\COMERCIAL PROJECTS\COM_PRJ22\COM_PRJ22.MAX
Wed Jun 09 09:13:10 Saved as file D:\DANH\ROBOT\ORCAD PROJECTS\COMERCIAL PROJECTS\COM_PRJ22\COM_PRJ22.MAX
Wed Jun 09 09:13:25 Saved as file D:\DANH\ROBOT\ORCAD PROJECTS\COMERCIAL PROJECTS\COM_PRJ22\COM_PRJ22.MAX
Wed Jun 09 09:14:28 Saved as file D:\DANH\ROBOT\ORCAD PROJECTS\COMERCIAL PROJECTS\COM_PRJ22\COM_PRJ22.MAX
Wed Jun 09 09:15:02 Saved as file D:\DANH\ROBOT\ORCAD PROJECTS\COMERCIAL PROJECTS\COM_PRJ22\COM_PRJ22.MAX
Wed Jun 09 09:15:44 Saved as file D:\DANH\ROBOT\ORCAD PROJECTS\COMERCIAL PROJECTS\COM_PRJ22\COM_PRJ22.MAX
Wed Jun 09 09:16:12 Loaded file C:\PROGRAM FILES\ORCAD\LAYOUT_PLUS\data\DEFAULT.MAX
Wed Jun 09 09:16:15 Loaded file C:\PROGRAM FILES\ORCAD\LAYOUT_PLUS\data\DEFAULT.MAX
Wed Jun 09 14:25:01 Saved as file BACKUP1.MAX
Wed Jun 09 14:25:01 Saved as file D:\DANH\ROBOT\ORCAD PROJECTS\COMERCIAL PROJECTS\COM_PRJ22(5 LED)\COM_PRJ22.MAX
Wed Jun 09 14:25:02 UserDiv from Layout.INI for AutoECO: 60
Wed Jun 09 14:25:02 Loaded file D:\DANH\ROBOT\ORCAD PROJECTS\COMERCIAL PROJECTS\COM_PRJ22(5 LED)\COM_PRJ22.MAX
Wed Jun 09 14:25:02 Loaded file D:\DANH\ROBOT\ORCAD LIBS\DANHLIB.LLB
Wed Jun 09 14:25:02 Loaded file C:\Program Files\Orcad\Layout_Plus\library\BCON100T.llb
Wed Jun 09 14:25:02 Loaded file C:\Program Files\Orcad\Layout_Plus\library\BCON156T.llb
Wed Jun 09 14:25:02 Loaded file C:\Program Files\Orcad\Layout_Plus\library\BGA.llb
Wed Jun 09 14:25:02 Loaded file C:\Program Files\Orcad\Layout_Plus\library\CLCC.llb
Wed Jun 09 14:25:02 Loaded file C:\Program Files\Orcad\Layout_Plus\library\DCON050T.llb
Wed Jun 09 14:25:02 Loaded file C:\Program Files\Orcad\Layout_Plus\library\DCON085T.llb
Wed Jun 09 14:25:02 Loaded file C:\Program Files\Orcad\Layout_Plus\library\DIMM050F.llb
Wed Jun 09 14:25:02 Loaded file C:\Program Files\Orcad\Layout_Plus\library\DIMM050T.llb
Wed Jun 09 14:25:02 Loaded file C:\Program Files\Orcad\Layout_Plus\library\DIN.llb
Wed Jun 09 14:25:02 Loaded file C:\Program Files\Orcad\Layout_Plus\library\DIP100B.llb
Wed Jun 09 14:25:02 Loaded file C:\Program Files\Orcad\Layout_Plus\library\DIP100T.llb
Wed Jun 09 14:25:02 Loaded file C:\Program Files\Orcad\Layout_Plus\library\DSUBT.llb
Wed Jun 09 14:25:02 Loaded file C:\Program Files\Orcad\Layout_Plus\library\DSUBT_HD.LLB
Wed Jun 09 14:25:02 Loaded file C:\Program Files\Orcad\Layout_Plus\library\ECON100T.llb
Wed Jun 09 14:25:02 Loaded file C:\Program Files\Orcad\Layout_Plus\library\FBUS.llb
Wed Jun 09 14:25:02 Loaded file C:\Program Files\Orcad\Layout_Plus\library\ISA.llb
Wed Jun 09 14:25:02 Loaded file C:\Program Files\Orcad\Layout_Plus\library\JUMPER.LLB
Wed Jun 09 14:25:02 Loaded file C:\Program Files\Orcad\Layout_Plus\library\LAYOUT.llb
Wed Jun 09 14:25:02 Loaded file C:\Program Files\Orcad\Layout_Plus\library\LCON100T.llb
Wed Jun 09 14:25:02 Loaded file C:\Program Files\Orcad\Layout_Plus\library\PC104.llb
Wed Jun 09 14:25:02 Loaded file C:\Program Files\Orcad\Layout_Plus\library\PCI.llb
Wed Jun 09 14:25:02 Loaded file C:\Program Files\Orcad\Layout_Plus\library\PCON100T.llb
Wed Jun 09 14:25:02 Loaded file C:\Program Files\Orcad\Layout_Plus\library\PCON156T.llb
Wed Jun 09 14:25:02 Loaded file C:\Program Files\Orcad\Layout_Plus\library\PGA.llb
Wed Jun 09 14:25:02 Loaded file C:\Program Files\Orcad\Layout_Plus\library\PLCC.llb
Wed Jun 09 14:25:02 Loaded file C:\Program Files\Orcad\Layout_Plus\library\QUAD.llb
Wed Jun 09 14:25:02 Loaded file C:\Program Files\Orcad\Layout_Plus\library\QUADB.llb
Wed Jun 09 14:25:02 Loaded file C:\Program Files\Orcad\Layout_Plus\library\RELAY.llb
Wed Jun 09 14:25:02 Loaded file C:\Program Files\Orcad\Layout_Plus\library\RF.llb
Wed Jun 09 14:25:02 Loaded file C:\Program Files\Orcad\Layout_Plus\library\SBUS.llb
Wed Jun 09 14:25:02 Loaded file C:\Program Files\Orcad\Layout_Plus\library\SIMM050F.llb
Wed Jun 09 14:25:02 Loaded file C:\Program Files\Orcad\Layout_Plus\library\SIMM050T.llb
Wed Jun 09 14:25:02 Loaded file C:\Program Files\Orcad\Layout_Plus\library\SIMM100F.llb
Wed Jun 09 14:25:02 Loaded file C:\Program Files\Orcad\Layout_Plus\library\SIMM100T.llb
Wed Jun 09 14:25:02 Loaded file C:\Program Files\Orcad\Layout_Plus\library\SIP.llb
Wed Jun 09 14:25:02 Loaded file C:\Program Files\Orcad\Layout_Plus\library\SM.llb
Wed Jun 09 14:25:02 Loaded file C:\Program Files\Orcad\Layout_Plus\library\SOG.llb
Wed Jun 09 14:25:02 Loaded file C:\Program Files\Orcad\Layout_Plus\library\SOJ.llb
Wed Jun 09 14:25:02 Loaded file C:\Program Files\Orcad\Layout_Plus\library\STIFF.llb
Wed Jun 09 14:25:02 Loaded file C:\Program Files\Orcad\Layout_Plus\library\TELE.llb
Wed Jun 09 14:25:02 Loaded file C:\Program Files\Orcad\Layout_Plus\library\TM_AXIAL.llb
Wed Jun 09 14:25:02 Loaded file C:\Program Files\Orcad\Layout_Plus\library\TM_CAP_P.llb
Wed Jun 09 14:25:02 Loaded file C:\Program Files\Orcad\Layout_Plus\library\TM_CYLND.llb
Wed Jun 09 14:25:02 Loaded file C:\Program Files\Orcad\Layout_Plus\library\TM_DIODE.llb
Wed Jun 09 14:25:02 Loaded file C:\Program Files\Orcad\Layout_Plus\library\TM_DISC.llb
Wed Jun 09 14:25:02 Loaded file C:\Program Files\Orcad\Layout_Plus\library\TM_RAD.llb
Wed Jun 09 14:25:02 Loaded file C:\Program Files\Orcad\Layout_Plus\library\TO.llb
Wed Jun 09 14:25:02 Loaded file C:\Program Files\Orcad\Layout_Plus\library\TRAINING.LLB
Wed Jun 09 14:25:02 Loaded file C:\Program Files\Orcad\Layout_Plus\library\VRES.llb
Wed Jun 09 14:25:02 Loaded file C:\Program Files\Orcad\Layout_Plus\library\WCON100T.llb
Wed Jun 09 14:25:02 Loaded file C:\Program Files\Orcad\Layout_Plus\library\XT.llb
Wed Jun 09 14:25:02 Loaded file C:\Program Files\Orcad\Layout_Plus\library\ZIGZAG.llb
Wed Jun 09 14:25:02 Saved as file D:\DANH\ROBOT\ORCAD PROJECTS\COMERCIAL PROJECTS\COM_PRJ22(5 LED)\COM_PRJ22.MAX
Wed Jun 09 14:25:03 Loaded file D:\DANH\ROBOT\ORCAD PROJECTS\COMERCIAL PROJECTS\COM_PRJ22(5 LED)\COM_PRJ22.MAX
Tue Mar 29 03:07:57 Loaded file C:\Program Files\Orcad\Layout_Plus\data\DEFAULT.MAX
Mon Jun 13 07:43:30 Loaded file D:\DANH\ROBOT\ORCAD PROJECTS\COMERCIAL PROJECTS\COM_PRJ22(5 LED)\COM_PRJ22.MAX
Thu Jun 16 03:05:51 Loaded file D:\DANH\ROBOT\ORCAD PROJECTS\COMERCIAL PROJECTS\COM_PRJ22(5 LED)\COM_PRJ22.MAX
Mon Jul 25 01:37:12 Loaded file D:\DANH\ROBOT\ORCAD PROJECTS\COMERCIAL PROJECTS\COM_PRJ22(5 LED)\COM_PRJ22.MAX
Mon Jul 25 01:37:37 Loaded file C:\Program Files\Orcad\Layout_Plus\data\template.imp
Mon Jul 25 01:37:37 Loaded file C:\Program Files\Orcad\Layout_Plus\data\template.imp
Mon Jul 25 01:37:40 Loaded file D:\DANH\ROBOT\ORCAD LIBS\DANHLIB.LLB
Mon Jul 25 01:37:43 Loaded file C:\Program Files\Orcad\Layout_Plus\data\template.imp
Mon Jul 25 01:37:45 Loaded file C:\Program Files\Orcad\Layout_Plus\data\template.imp
Mon Jul 25 01:37:47 Loaded file C:\Program Files\Orcad\Layout_Plus\data\template.imp
Mon Jul 25 01:37:47 Loaded file C:\Program Files\Orcad\Layout_Plus\data\template.imp
Mon Jul 25 01:38:04 Loaded file C:\Program Files\Orcad\Layout_Plus\data\template.imp
Mon Jul 25 01:38:04 Loaded file C:\Program Files\Orcad\Layout_Plus\data\template.imp
Mon Jul 25 01:38:06 Loaded file D:\DANH\ROBOT\ORCAD LIBS\DANHLIB.LLB
Mon Jul 25 01:38:10 Loaded file C:\Program Files\Orcad\Layout_Plus\data\template.imp
Mon Jul 25 01:38:11 Loaded file C:\Program Files\Orcad\Layout_Plus\data\template.imp
Mon Jul 25 01:38:12 Loaded file C:\Program Files\Orcad\Layout_Plus\data\template.imp
Mon Jul 25 01:42:20 Loaded file C:\Program Files\Orcad\Layout_Plus\data\template.imp
Mon Jul 25 01:42:20 Loaded file C:\Program Files\Orcad\Layout_Plus\data\template.imp
Mon Jul 25 01:42:23 Loaded file D:\DANH\ROBOT\ORCAD LIBS\DANHLIB.LLB
Mon Jul 25 01:42:27 Loaded file C:\Program Files\Orcad\Layout_Plus\data\template.imp
Mon Jul 25 01:43:30 Loaded file C:\Program Files\Orcad\Layout_Plus\data\DEFAULT.MAX
Sat Oct 29 12:25:08 Loaded file D:\DANH\ORCAD PROJECTS\COMERCIAL PROJECTS\COM_PRJ22(5 LED)\BACKUP5.MAX
Sat Oct 29 12:25:34 Loaded file D:\DANH\ORCAD PROJECTS\COMERCIAL PROJECTS\COM_PRJ22(5 LED)\COM_PRJ22.MAX
Sat Oct 29 12:26:40 Loaded file D:\DANH\ORCAD PROJECTS\COMERCIAL PROJECTS\COM_PRJ22(5 LED)\COM_PRJ22.MAX
Sat Oct 29 12:35:29 Saved as file BACKUP1.MAX
Sat Oct 29 12:37:04 Error code 0034.912 (266)
Sat Oct 29 12:37:04 Saved as file Backup0.max
Sat Oct 29 12:37:04 Windows which were open at time of error:
Sat Oct 29 12:37:04 	ActiveWindow: &Route
Sat Oct 29 12:37:04 	Icon: &Components
Sat Oct 29 12:37:04 	Icon: &Nets
Sat Oct 29 12:37:04 	Icon: Post Proces&s
Sat Oct 29 12:37:04 End-of-list
Sat Oct 29 12:37:04 Error code 0034.912 (266)
Sat Oct 29 13:23:11 Loaded file D:\DANH\ORCAD PROJECTS\COMERCIAL PROJECTS\COM_PRJ22(5 LED)\COM_PRJ22.MAX
Sat Oct 29 13:23:55 Loaded file C:\PROGRAM FILES\ORCAD\LAYOUT_PLUS\data\DEFAULT.MAX
Sun Apr 21 17:53:49 Loaded file D:\DANH\DANH\ORCAD PROJECTS\COMERCIAL PROJECTS\COM_PRJ22(5 LED)\COM_PRJ22.MAX
