Thu Apr 27 09:16:05 Saved as file D:\GITHUB\WORKING\RAU_MAM\RAU_MAM\PUMP.MAX
Fri Apr 28 00:25:29 Saved as file BACKUP1.MAX
Fri Apr 28 00:31:34 Saved as file D:\GITHUB\WORKING\RAU_MAM\RAU_MAM\PUMP.MAX
Fri Apr 28 00:33:04 Saved as file D:\GITHUB\WORKING\RAU_MAM\RAU_MAM\PUMP.MAX
Fri Apr 28 00:33:12 Saved as file D:\GITHUB\WORKING\RAU_MAM\RAU_MAM\PUMP.MAX
Fri Apr 28 00:33:43 Saved as file D:\GITHUB\WORKING\RAU_MAM\RAU_MAM\PUMP.MAX
Fri Apr 28 00:35:29 Saved as file BACKUP1.MAX
Fri Apr 28 00:45:30 Saved as file BACKUP1.MAX
Fri Apr 28 00:55:30 Saved as file BACKUP1.MAX
Thu May 04 01:21:48 Saved as file D:\GITHUB\WORKING\RAU_MAM\RAU_MAM\PUMP_V1.MAX
Thu May 04 01:22:22 Saved as file D:\GITHUB\WORKING\RAU_MAM\RAU_MAM\PUMP_V1.MAX
Thu May 04 01:31:37 Saved as file BACKUP1.MAX
Thu May 04 01:35:12 Saved as file D:\GITHUB\WORKING\RAU_MAM\RAU_MAM\PUMP_V1.MAX
Thu May 04 01:35:49 Loaded file C:\Program Files\Orcad\Layout\data\template.imp
Thu May 04 01:35:49 Loaded file C:\Program Files\Orcad\Layout\data\template.imp
Thu May 04 01:35:51 Loaded file D:\GITHUB\WORKING\DANHLL\DANH'S LIBS\DANHLIB.LLB
Thu May 04 01:36:25 Loaded file C:\Program Files\Orcad\Layout\data\template.imp
Thu May 04 01:36:41 Loaded file C:\Program Files\Orcad\Layout\library\RELAY.llb
Thu May 04 01:36:52 Loaded file C:\Program Files\Orcad\Layout\data\template.imp
Thu May 04 01:36:56 Loaded file C:\Program Files\Orcad\Layout\data\template.imp
Thu May 04 01:36:57 Loaded file C:\Program Files\Orcad\Layout\data\template.imp
Thu May 04 01:37:00 Loaded file C:\Program Files\Orcad\Layout\data\template.imp
Thu May 04 01:37:01 Loaded file C:\Program Files\Orcad\Layout\data\template.imp
Thu May 04 01:37:03 Loaded file C:\Program Files\Orcad\Layout\data\template.imp
Thu May 04 01:37:04 Loaded file C:\Program Files\Orcad\Layout\data\template.imp
Thu May 04 01:37:05 Loaded file C:\Program Files\Orcad\Layout\data\template.imp
Thu May 04 01:37:08 Loaded file C:\Program Files\Orcad\Layout\data\template.imp
Thu May 04 01:37:09 Loaded file C:\Program Files\Orcad\Layout\data\template.imp
Thu May 04 01:37:10 Loaded file C:\Program Files\Orcad\Layout\data\template.imp
Thu May 04 01:37:11 Loaded file C:\Program Files\Orcad\Layout\data\template.imp
Thu May 04 01:37:12 Loaded file C:\Program Files\Orcad\Layout\data\template.imp
Thu May 04 01:37:13 Loaded file C:\Program Files\Orcad\Layout\data\template.imp
Thu May 04 01:37:17 Loaded file C:\Program Files\Orcad\Layout\data\template.imp
Thu May 04 01:37:18 Loaded file C:\Program Files\Orcad\Layout\data\template.imp
Thu May 04 01:37:19 Loaded file C:\Program Files\Orcad\Layout\data\template.imp
Thu May 04 01:37:21 Loaded file C:\Program Files\Orcad\Layout\data\template.imp
Thu May 04 01:37:22 Loaded file C:\Program Files\Orcad\Layout\data\template.imp
Thu May 04 01:37:22 Loaded file C:\Program Files\Orcad\Layout\data\template.imp
Thu May 04 01:37:23 Loaded file C:\Program Files\Orcad\Layout\data\template.imp
Thu May 04 01:37:24 Loaded file C:\Program Files\Orcad\Layout\data\template.imp
Thu May 04 01:37:25 Loaded file C:\Program Files\Orcad\Layout\data\template.imp
Thu May 04 01:37:28 Loaded file C:\Program Files\Orcad\Layout\data\template.imp
Thu May 04 01:37:32 Loaded file C:\Program Files\Orcad\Layout\data\template.imp
Thu May 04 01:37:33 Loaded file C:\Program Files\Orcad\Layout\data\template.imp
Thu May 04 01:37:35 Loaded file C:\Program Files\Orcad\Layout\data\template.imp
Thu May 04 01:37:36 Loaded file C:\Program Files\Orcad\Layout\data\template.imp
Thu May 04 01:37:36 Loaded file C:\Program Files\Orcad\Layout\data\template.imp
Thu May 04 01:37:37 Loaded file C:\Program Files\Orcad\Layout\data\template.imp
Thu May 04 01:37:38 Loaded file C:\Program Files\Orcad\Layout\data\template.imp
Thu May 04 01:37:41 Loaded file C:\Program Files\Orcad\Layout\data\template.imp
Thu May 04 01:37:42 Loaded file C:\Program Files\Orcad\Layout\data\template.imp
Thu May 04 01:37:46 Loaded file C:\Program Files\Orcad\Layout\data\template.imp
Thu May 04 01:37:47 Loaded file C:\Program Files\Orcad\Layout\data\template.imp
Thu May 04 01:37:48 Loaded file C:\Program Files\Orcad\Layout\data\template.imp
Thu May 04 01:37:48 Loaded file C:\Program Files\Orcad\Layout\data\template.imp
Thu May 04 01:37:49 Loaded file C:\Program Files\Orcad\Layout\data\template.imp
Thu May 04 01:37:50 Loaded file C:\Program Files\Orcad\Layout\data\template.imp
Thu May 04 01:37:51 Loaded file C:\Program Files\Orcad\Layout\data\template.imp
Thu May 04 01:37:51 Loaded file C:\Program Files\Orcad\Layout\data\template.imp
Thu May 04 01:37:52 Loaded file C:\Program Files\Orcad\Layout\data\template.imp
Thu May 04 01:37:53 Loaded file C:\Program Files\Orcad\Layout\data\template.imp
Thu May 04 01:37:56 Loaded file C:\Program Files\Orcad\Layout\data\template.imp
Thu May 04 01:37:57 Loaded file C:\Program Files\Orcad\Layout\data\template.imp
Thu May 04 01:37:58 Loaded file C:\Program Files\Orcad\Layout\data\template.imp
Thu May 04 01:38:00 Loaded file C:\Program Files\Orcad\Layout\data\template.imp
Thu May 04 01:38:01 Loaded file C:\Program Files\Orcad\Layout\data\template.imp
Thu May 04 01:38:02 Loaded file C:\Program Files\Orcad\Layout\data\template.imp
Thu May 04 01:38:04 Loaded file C:\Program Files\Orcad\Layout\data\template.imp
Thu May 04 01:38:07 Loaded file C:\Program Files\Orcad\Layout\data\template.imp
Thu May 04 01:38:18 Loaded file D:\GITHUB\WORKING\DANHLL\DANH'S LIBS\DANHLIB.LLB
Thu May 04 01:38:19 Loaded file C:\Program Files\Orcad\Layout\data\template.imp
Thu May 04 01:38:20 Loaded file C:\Program Files\Orcad\Layout\data\template.imp
Thu May 04 01:38:22 Loaded file C:\Program Files\Orcad\Layout\data\template.imp
Thu May 04 01:38:23 Loaded file C:\Program Files\Orcad\Layout\data\template.imp
Thu May 04 01:38:24 Loaded file C:\Program Files\Orcad\Layout\data\template.imp
Thu May 04 01:38:25 Loaded file C:\Program Files\Orcad\Layout\data\template.imp
Thu May 04 01:38:25 Loaded file C:\Program Files\Orcad\Layout\data\template.imp
Thu May 04 01:38:26 Loaded file C:\Program Files\Orcad\Layout\data\template.imp
Thu May 04 01:38:26 Loaded file C:\Program Files\Orcad\Layout\data\template.imp
Thu May 04 01:38:27 Loaded file C:\Program Files\Orcad\Layout\data\template.imp
Thu May 04 01:38:28 Loaded file C:\Program Files\Orcad\Layout\data\template.imp
Thu May 04 01:38:29 Loaded file C:\Program Files\Orcad\Layout\data\template.imp
Thu May 04 01:38:29 Loaded file C:\Program Files\Orcad\Layout\data\template.imp
Thu May 04 01:38:30 Loaded file C:\Program Files\Orcad\Layout\data\template.imp
Thu May 04 01:38:31 Loaded file C:\Program Files\Orcad\Layout\data\template.imp
Thu May 04 01:38:31 Loaded file C:\Program Files\Orcad\Layout\data\template.imp
Thu May 04 01:38:32 Loaded file C:\Program Files\Orcad\Layout\data\template.imp
Thu May 04 01:38:33 Loaded file C:\Program Files\Orcad\Layout\data\template.imp
Thu May 04 01:38:34 Loaded file C:\Program Files\Orcad\Layout\data\template.imp
Thu May 04 01:38:35 Loaded file C:\Program Files\Orcad\Layout\data\template.imp
Thu May 04 01:38:36 Loaded file C:\Program Files\Orcad\Layout\data\template.imp
Thu May 04 01:38:36 Loaded file C:\Program Files\Orcad\Layout\data\template.imp
Thu May 04 01:38:37 Loaded file C:\Program Files\Orcad\Layout\data\template.imp
Thu May 04 01:38:38 Loaded file C:\Program Files\Orcad\Layout\data\template.imp
Thu May 04 01:38:38 Loaded file C:\Program Files\Orcad\Layout\data\template.imp
Thu May 04 01:38:39 Loaded file C:\Program Files\Orcad\Layout\data\template.imp
Thu May 04 01:38:41 Loaded file C:\Program Files\Orcad\Layout\data\template.imp
Thu May 04 01:38:42 Loaded file C:\Program Files\Orcad\Layout\data\template.imp
Thu May 04 01:38:42 Loaded file C:\Program Files\Orcad\Layout\data\template.imp
Thu May 04 01:38:43 Loaded file C:\Program Files\Orcad\Layout\data\template.imp
Thu May 04 01:38:43 Loaded file C:\Program Files\Orcad\Layout\data\template.imp
Thu May 04 01:38:44 Loaded file C:\Program Files\Orcad\Layout\data\template.imp
Thu May 04 01:38:44 Loaded file C:\Program Files\Orcad\Layout\data\template.imp
Thu May 04 01:38:45 Loaded file C:\Program Files\Orcad\Layout\data\template.imp
Thu May 04 01:38:45 Loaded file C:\Program Files\Orcad\Layout\data\template.imp
Thu May 04 01:38:46 Loaded file C:\Program Files\Orcad\Layout\data\template.imp
Thu May 04 01:38:46 Loaded file C:\Program Files\Orcad\Layout\data\template.imp
Thu May 04 01:38:47 Loaded file C:\Program Files\Orcad\Layout\data\template.imp
Thu May 04 01:38:47 Loaded file C:\Program Files\Orcad\Layout\data\template.imp
Thu May 04 01:38:49 Loaded file C:\Program Files\Orcad\Layout\data\template.imp
Thu May 04 01:38:49 Loaded file C:\Program Files\Orcad\Layout\data\template.imp
Thu May 04 01:38:50 Loaded file C:\Program Files\Orcad\Layout\data\template.imp
Thu May 04 01:38:50 Loaded file C:\Program Files\Orcad\Layout\data\template.imp
Thu May 04 01:38:51 Loaded file C:\Program Files\Orcad\Layout\data\template.imp
Thu May 04 01:38:51 Loaded file C:\Program Files\Orcad\Layout\data\template.imp
Thu May 04 01:38:52 Loaded file C:\Program Files\Orcad\Layout\data\template.imp
Thu May 04 01:38:53 Loaded file C:\Program Files\Orcad\Layout\data\template.imp
Thu May 04 01:38:53 Loaded file C:\Program Files\Orcad\Layout\data\template.imp
Thu May 04 01:38:54 Loaded file C:\Program Files\Orcad\Layout\data\template.imp
Thu May 04 01:38:54 Loaded file C:\Program Files\Orcad\Layout\data\template.imp
Thu May 04 01:38:54 Loaded file C:\Program Files\Orcad\Layout\data\template.imp
Thu May 04 01:38:55 Loaded file C:\Program Files\Orcad\Layout\data\template.imp
Thu May 04 01:38:56 Loaded file C:\Program Files\Orcad\Layout\data\template.imp
Thu May 04 01:38:56 Loaded file C:\Program Files\Orcad\Layout\data\template.imp
Thu May 04 01:38:56 Loaded file C:\Program Files\Orcad\Layout\data\template.imp
Thu May 04 01:38:56 Loaded file C:\Program Files\Orcad\Layout\data\template.imp
Thu May 04 01:38:57 Loaded file C:\Program Files\Orcad\Layout\data\template.imp
Thu May 04 01:38:57 Loaded file C:\Program Files\Orcad\Layout\data\template.imp
Thu May 04 01:38:57 Loaded file C:\Program Files\Orcad\Layout\data\template.imp
Thu May 04 01:38:57 Loaded file C:\Program Files\Orcad\Layout\data\template.imp
Thu May 04 01:38:58 Loaded file C:\Program Files\Orcad\Layout\data\template.imp
Thu May 04 01:38:58 Loaded file C:\Program Files\Orcad\Layout\data\template.imp
Thu May 04 01:38:58 Loaded file C:\Program Files\Orcad\Layout\data\template.imp
Thu May 04 01:38:58 Loaded file C:\Program Files\Orcad\Layout\data\template.imp
Thu May 04 01:38:59 Loaded file C:\Program Files\Orcad\Layout\data\template.imp
Thu May 04 01:38:59 Loaded file C:\Program Files\Orcad\Layout\data\template.imp
Thu May 04 01:38:59 Loaded file C:\Program Files\Orcad\Layout\data\template.imp
Thu May 04 01:39:00 Loaded file C:\Program Files\Orcad\Layout\data\template.imp
Thu May 04 01:39:00 Loaded file C:\Program Files\Orcad\Layout\data\template.imp
Thu May 04 01:39:00 Loaded file C:\Program Files\Orcad\Layout\data\template.imp
Thu May 04 01:39:01 Loaded file C:\Program Files\Orcad\Layout\data\template.imp
Thu May 04 01:39:01 Loaded file C:\Program Files\Orcad\Layout\data\template.imp
Thu May 04 01:39:02 Loaded file C:\Program Files\Orcad\Layout\data\template.imp
Thu May 04 01:39:02 Loaded file C:\Program Files\Orcad\Layout\data\template.imp
Thu May 04 01:39:02 Loaded file C:\Program Files\Orcad\Layout\data\template.imp
Thu May 04 01:39:03 Loaded file C:\Program Files\Orcad\Layout\data\template.imp
Thu May 04 01:39:03 Loaded file C:\Program Files\Orcad\Layout\data\template.imp
Thu May 04 01:39:05 Loaded file C:\Program Files\Orcad\Layout\data\template.imp
Thu May 04 01:39:06 Loaded file C:\Program Files\Orcad\Layout\data\template.imp
Thu May 04 01:39:06 Loaded file C:\Program Files\Orcad\Layout\data\template.imp
Thu May 04 01:39:07 Loaded file C:\Program Files\Orcad\Layout\data\template.imp
Thu May 04 01:39:07 Loaded file C:\Program Files\Orcad\Layout\data\template.imp
Thu May 04 01:39:07 Loaded file C:\Program Files\Orcad\Layout\data\template.imp
Thu May 04 01:39:08 Loaded file C:\Program Files\Orcad\Layout\data\template.imp
Thu May 04 01:39:08 Loaded file C:\Program Files\Orcad\Layout\data\template.imp
Thu May 04 01:39:08 Loaded file C:\Program Files\Orcad\Layout\data\template.imp
Thu May 04 01:39:09 Loaded file C:\Program Files\Orcad\Layout\data\template.imp
Thu May 04 01:39:09 Loaded file C:\Program Files\Orcad\Layout\data\template.imp
Thu May 04 01:39:09 Loaded file C:\Program Files\Orcad\Layout\data\template.imp
Thu May 04 01:39:10 Loaded file C:\Program Files\Orcad\Layout\data\template.imp
Thu May 04 01:39:16 Loaded file C:\Program Files\Orcad\Layout\library\TRAINING.LLB
Thu May 04 01:39:17 Loaded file C:\Program Files\Orcad\Layout\data\template.imp
Thu May 04 01:39:18 Loaded file C:\Program Files\Orcad\Layout\data\template.imp
Thu May 04 01:39:21 Loaded file C:\Program Files\Orcad\Layout\library\XT.llb
Thu May 04 01:39:26 Loaded file C:\Program Files\Orcad\Layout\library\TO.llb
Thu May 04 01:39:40 Loaded file C:\Program Files\Orcad\Layout\library\LAYOUT.llb
Thu May 04 01:39:49 Loaded file C:\Program Files\Orcad\Layout\library\ZIGZAG.llb
Thu May 04 01:39:56 Loaded file C:\Program Files\Orcad\Layout\library\VRES.llb
Thu May 04 01:40:01 Loaded file D:\GITHUB\WORKING\DANHLL\DANH'S LIBS\DANHLIB.LLB
Thu May 04 01:40:01 Loaded file C:\Program Files\Orcad\Layout\library\BCON100T.llb
Thu May 04 01:40:01 Loaded file C:\Program Files\Orcad\Layout\library\BCON156T.llb
Thu May 04 01:40:01 Loaded file C:\Program Files\Orcad\Layout\library\BGA.llb
Thu May 04 01:40:01 Loaded file C:\Program Files\Orcad\Layout\library\CLCC.llb
Thu May 04 01:40:01 Loaded file C:\Program Files\Orcad\Layout\library\DCON050T.llb
Thu May 04 01:40:01 Loaded file C:\Program Files\Orcad\Layout\library\DCON085T.llb
Thu May 04 01:40:01 Loaded file C:\Program Files\Orcad\Layout\library\DIMM050F.llb
Thu May 04 01:40:01 Loaded file C:\Program Files\Orcad\Layout\library\DIMM050T.llb
Thu May 04 01:40:01 Loaded file C:\Program Files\Orcad\Layout\library\DIN.llb
Thu May 04 01:40:01 Loaded file C:\Program Files\Orcad\Layout\library\DIP100B.llb
Thu May 04 01:40:01 Loaded file C:\Program Files\Orcad\Layout\library\DIP100T.llb
Thu May 04 01:40:01 Loaded file C:\Program Files\Orcad\Layout\library\DSUBT.llb
Thu May 04 01:40:01 Loaded file C:\Program Files\Orcad\Layout\library\DSUBT_HD.LLB
Thu May 04 01:40:01 Loaded file C:\Program Files\Orcad\Layout\library\ECON100T.llb
Thu May 04 01:40:01 Loaded file C:\Program Files\Orcad\Layout\library\FBUS.llb
Thu May 04 01:40:01 Loaded file C:\Program Files\Orcad\Layout\library\ISA.llb
Thu May 04 01:40:01 Loaded file C:\Program Files\Orcad\Layout\library\JUMPER.LLB
Thu May 04 01:40:01 Loaded file C:\Program Files\Orcad\Layout\library\LAYOUT.llb
Thu May 04 01:40:01 Loaded file C:\Program Files\Orcad\Layout\library\LCON100T.llb
Thu May 04 01:40:01 Loaded file C:\Program Files\Orcad\Layout\library\PC104.llb
Thu May 04 01:40:01 Loaded file C:\Program Files\Orcad\Layout\library\PCI.llb
Thu May 04 01:40:01 Loaded file C:\Program Files\Orcad\Layout\library\PCON100T.llb
Thu May 04 01:40:01 Loaded file C:\Program Files\Orcad\Layout\library\PCON156T.llb
Thu May 04 01:40:01 Loaded file C:\Program Files\Orcad\Layout\library\PGA.llb
Thu May 04 01:40:01 Loaded file C:\Program Files\Orcad\Layout\library\PLCC.llb
Thu May 04 01:40:01 Loaded file C:\Program Files\Orcad\Layout\library\QUAD.llb
Thu May 04 01:40:01 Loaded file C:\Program Files\Orcad\Layout\library\QUADB.llb
Thu May 04 01:40:01 Loaded file C:\Program Files\Orcad\Layout\library\RELAY.llb
Thu May 04 01:40:01 Loaded file C:\Program Files\Orcad\Layout\library\RF.llb
Thu May 04 01:40:01 Loaded file C:\Program Files\Orcad\Layout\library\SBUS.llb
Thu May 04 01:40:01 Loaded file C:\Program Files\Orcad\Layout\library\SIMM050F.llb
Thu May 04 01:40:01 Loaded file C:\Program Files\Orcad\Layout\library\SIMM050T.llb
Thu May 04 01:40:01 Loaded file C:\Program Files\Orcad\Layout\library\SIMM100F.llb
Thu May 04 01:40:01 Loaded file C:\Program Files\Orcad\Layout\library\SIMM100T.llb
Thu May 04 01:40:01 Loaded file C:\Program Files\Orcad\Layout\library\SIP.llb
Thu May 04 01:40:01 Loaded file C:\Program Files\Orcad\Layout\library\SM.llb
Thu May 04 01:40:01 Loaded file C:\Program Files\Orcad\Layout\library\SOG.llb
Thu May 04 01:40:01 Loaded file C:\Program Files\Orcad\Layout\library\SOJ.llb
Thu May 04 01:40:01 Loaded file C:\Program Files\Orcad\Layout\library\STIFF.llb
Thu May 04 01:40:01 Loaded file C:\Program Files\Orcad\Layout\library\TELE.llb
Thu May 04 01:40:01 Loaded file C:\Program Files\Orcad\Layout\library\TM_AXIAL.llb
Thu May 04 01:40:01 Loaded file C:\Program Files\Orcad\Layout\library\TM_CAP_P.llb
Thu May 04 01:40:01 Loaded file C:\Program Files\Orcad\Layout\library\TM_CYLND.llb
Thu May 04 01:40:01 Loaded file C:\Program Files\Orcad\Layout\library\TM_DIODE.llb
Thu May 04 01:40:01 Loaded file C:\Program Files\Orcad\Layout\library\TM_DISC.llb
Thu May 04 01:40:01 Loaded file C:\Program Files\Orcad\Layout\library\TM_RAD.llb
Thu May 04 01:40:01 Loaded file C:\Program Files\Orcad\Layout\library\TO.llb
Thu May 04 01:40:01 Loaded file C:\Program Files\Orcad\Layout\library\TRAINING.LLB
Thu May 04 01:40:01 Loaded file C:\Program Files\Orcad\Layout\library\VRES.llb
Thu May 04 01:40:01 Loaded file C:\Program Files\Orcad\Layout\library\WCON100T.llb
Thu May 04 01:40:01 Loaded file C:\Program Files\Orcad\Layout\library\XT.llb
Thu May 04 01:40:01 Loaded file C:\Program Files\Orcad\Layout\library\ZIGZAG.llb
Thu May 04 01:40:15 Loaded file C:\Program Files\Orcad\Layout\data\template.imp
Thu May 04 01:40:16 Loaded file C:\Program Files\Orcad\Layout\data\template.imp
Thu May 04 01:40:19 Loaded file C:\Program Files\Orcad\Layout\data\template.imp
Thu May 04 01:40:35 Loaded file C:\Program Files\Orcad\Layout\data\template.imp
Thu May 04 01:40:37 Loaded file C:\Program Files\Orcad\Layout\data\template.imp
Thu May 04 01:40:46 Loaded file C:\Program Files\Orcad\Layout\library\SOJ.llb
Thu May 04 01:41:30 Saved as file D:\GITHUB\WORKING\RAU_MAM\RAU_MAM\PUMP_V1.MAX
Thu May 04 01:44:15 Saved as file D:\GITHUB\WORKING\RAU_MAM\RAU_MAM\PUMP_V1.MAX
Thu May 04 01:44:22 Loaded file C:\Program Files\Orcad\Layout\data\template.imp
Thu May 04 01:44:22 Loaded file C:\Program Files\Orcad\Layout\data\template.imp
Thu May 04 01:46:25 Loaded file C:\PROGRAM FILES\ORCAD\LAYOUT\data\template.imp
Thu May 04 01:46:25 Loaded file C:\PROGRAM FILES\ORCAD\LAYOUT\data\template.imp
Thu May 04 01:46:26 Loaded file D:\GITHUB\WORKING\DANHLL\DANH'S LIBS\ORCAD-FOOTPRINT-LIB\CHUAN.LLB
Thu May 04 01:46:44 Loaded file C:\PROGRAM FILES\ORCAD\LAYOUT\data\template.imp
Thu May 04 01:46:44 Loaded file C:\PROGRAM FILES\ORCAD\LAYOUT\data\template.imp
Thu May 04 01:46:46 Loaded file D:\GITHUB\WORKING\DANHLL\DANH'S LIBS\ORCAD-FOOTPRINT-LIB\GIAIMA.LLB
Thu May 04 01:47:03 Loaded file C:\PROGRAM FILES\ORCAD\LAYOUT\data\template.imp
Thu May 04 01:47:10 Loaded file C:\PROGRAM FILES\ORCAD\LAYOUT\data\template.imp
Thu May 04 01:47:12 Loaded file C:\PROGRAM FILES\ORCAD\LAYOUT\data\template.imp
Thu May 04 01:47:15 Loaded file C:\PROGRAM FILES\ORCAD\LAYOUT\data\template.imp
Thu May 04 01:47:16 Loaded file C:\PROGRAM FILES\ORCAD\LAYOUT\data\template.imp
Thu May 04 01:47:17 Loaded file C:\PROGRAM FILES\ORCAD\LAYOUT\data\template.imp
Thu May 04 01:47:21 Loaded file C:\PROGRAM FILES\ORCAD\LAYOUT\data\template.imp
Thu May 04 01:47:33 Loaded file C:\PROGRAM FILES\ORCAD\LAYOUT\data\template.imp
Thu May 04 01:47:35 Loaded file C:\PROGRAM FILES\ORCAD\LAYOUT\data\template.imp
Thu May 04 01:47:35 Loaded file C:\PROGRAM FILES\ORCAD\LAYOUT\data\template.imp
Thu May 04 01:47:36 Loaded file C:\PROGRAM FILES\ORCAD\LAYOUT\data\template.imp
Thu May 04 01:47:37 Loaded file C:\PROGRAM FILES\ORCAD\LAYOUT\data\template.imp
Thu May 04 01:48:00 Loaded file D:\GITHUB\WORKING\DANHLL\DANH'S LIBS\DANHLIB.LLB
Thu May 04 01:48:00 Saved as file D:\GITHUB\WORKING\DANHLL\DANH'S LIBS\DANHLIB.LLB
Thu May 04 01:48:07 Loaded file C:\PROGRAM FILES\ORCAD\LAYOUT\data\template.imp
Thu May 04 01:48:07 Loaded file C:\PROGRAM FILES\ORCAD\LAYOUT\data\template.imp
Thu May 04 01:48:14 Loaded file D:\GITHUB\WORKING\DANHLL\DANH'S LIBS\DANHLIB.LLB
Thu May 04 01:48:19 Loaded file C:\PROGRAM FILES\ORCAD\LAYOUT\data\template.imp
Thu May 04 01:49:39 Saved as file D:\GITHUB\WORKING\RAU_MAM\RAU_MAM\PUMP_V1.MAX
Thu May 04 01:51:40 Saved as file D:\GITHUB\WORKING\RAU_MAM\RAU_MAM\PUMP_V1.MAX
Thu May 04 01:53:47 Saved as file D:\GITHUB\WORKING\RAU_MAM\RAU_MAM\PUMP_V1.MAX
Thu May 04 01:53:59 Saved as file D:\GITHUB\WORKING\RAU_MAM\RAU_MAM\PUMP_V1.MAX
Thu May 04 01:54:51 Saved as file D:\GITHUB\WORKING\RAU_MAM\RAU_MAM\PUMP_V1.MAX
Thu May 04 01:55:02 Saved as file D:\GITHUB\WORKING\RAU_MAM\RAU_MAM\PUMP_V1.MAX
Thu May 04 01:55:43 Saved as file D:\GITHUB\WORKING\RAU_MAM\RAU_MAM\PUMP_V1.MAX
Thu May 04 01:57:05 Saved as file D:\GITHUB\WORKING\RAU_MAM\RAU_MAM\PUMP_V1.MAX
Thu May 04 01:58:09 Saved as file BACKUP1.MAX
Thu May 04 01:58:57 Saved as file D:\GITHUB\WORKING\RAU_MAM\RAU_MAM\PUMP_V1.MAX
Thu May 04 02:01:36 Saved as file D:\GITHUB\WORKING\RAU_MAM\RAU_MAM\PUMP_V1.MAX
Thu May 04 02:02:03 No new connections routed.
Thu May 04 02:02:03 Total is now 0 out of 12 (0%).
Thu May 04 02:02:03 Saved as file SWEEP1.MAX
Thu May 04 02:02:03 Saved as file BACKUP1.MAX
Thu May 04 02:02:03 Saved as file BACKUP1.MAX
Thu May 04 02:02:03 Saved as file BACKUP1.MAX
Thu May 04 02:02:03 Routed 2 connections in 0 seconds.
Thu May 04 02:02:03 Total is now 1 out of 12 (8%).
Thu May 04 02:02:03 Saved as file SWEEP2.MAX
Thu May 04 02:02:04 No new connections routed.
Thu May 04 02:02:04 Total is now 1 out of 12 (8%).
Thu May 04 02:02:04 Saved as file SWEEP3.MAX
Thu May 04 02:02:04 No new connections routed.
Thu May 04 02:02:04 Total is now 1 out of 12 (8%).
Thu May 04 02:02:04 Saved as file SWEEP4.MAX
Thu May 04 02:02:04 No new connections routed.
Thu May 04 02:02:04 Total is now 1 out of 12 (8%).
Thu May 04 02:02:04 Saved as file SWEEP5.MAX
Thu May 04 02:06:17 Saved as file D:\GITHUB\WORKING\RAU_MAM\RAU_MAM\PUMP_V1.MAX
Thu May 04 02:08:31 Saved as file D:\GITHUB\WORKING\RAU_MAM\RAU_MAM\PUMP_V1.MAX
Thu May 04 02:09:32 Saved as file D:\GITHUB\WORKING\RAU_MAM\RAU_MAM\PUMP_V1.MAX
Thu May 04 02:09:58 Saved as file D:\GITHUB\WORKING\RAU_MAM\RAU_MAM\PUMP_V1.MAX
Thu May 04 02:10:08 Saved as file D:\GITHUB\WORKING\RAU_MAM\RAU_MAM\PUMP_V1.MAX
Thu May 04 02:10:13 Saved as file D:\GITHUB\WORKING\RAU_MAM\RAU_MAM\PUMP_V1.MAX
Thu May 04 02:10:39 Saved as file BACKUP1.MAX
Thu May 04 02:11:15 Saved as file D:\GITHUB\WORKING\RAU_MAM\RAU_MAM\PUMP_V1.MAX
Thu May 04 02:11:41 Saved as file D:\GITHUB\WORKING\RAU_MAM\RAU_MAM\PUMP_V1.MAX
Thu May 04 02:12:16 Saved as file D:\GITHUB\WORKING\RAU_MAM\RAU_MAM\PUMP_V1.MAX
Thu May 04 02:12:21 Saved as file D:\GITHUB\WORKING\RAU_MAM\RAU_MAM\PUMP_V1.MAX
Thu May 04 02:13:06 Saved as file D:\GITHUB\WORKING\RAU_MAM\RAU_MAM\PUMP_V1.MAX
Thu May 04 02:13:40 Saved as file D:\GITHUB\WORKING\RAU_MAM\RAU_MAM\PUMP_V1.MAX
Thu May 04 02:13:40 Saved as file D:\GITHUB\WORKING\RAU_MAM\RAU_MAM\PUMP_V1.MAX
Thu May 04 02:13:57 Saved as file D:\GITHUB\WORKING\RAU_MAM\RAU_MAM\PUMP_V1.MAX
Thu May 04 02:15:30 Saved as file D:\GITHUB\WORKING\RAU_MAM\RAU_MAM\PUMP_V1.MAX
Thu May 04 02:16:37 Saved as file D:\GITHUB\WORKING\RAU_MAM\RAU_MAM\PUMP_V1.MAX
Thu May 04 02:20:40 Saved as file BACKUP1.MAX
Thu May 04 02:21:43 Saved as file D:\GITHUB\WORKING\RAU_MAM\RAU_MAM\PUMP_V1.MAX
Thu May 04 02:22:54 Saved as file D:\GITHUB\WORKING\RAU_MAM\RAU_MAM\PUMP_V1.MAX
Thu May 04 02:23:10 Saved as file D:\GITHUB\WORKING\RAU_MAM\RAU_MAM\PUMP_V1.MAX
Thu May 04 02:24:35 Saved as file D:\GITHUB\WORKING\RAU_MAM\RAU_MAM\PUMP_V1.MAX
Thu May 04 02:25:28 Saved as file D:\GITHUB\WORKING\RAU_MAM\RAU_MAM\PUMP_V1.MAX
Thu May 04 02:25:57 Saved as file D:\GITHUB\WORKING\RAU_MAM\RAU_MAM\PUMP_V1.MAX
Thu May 04 02:26:07 Saved as file D:\GITHUB\WORKING\RAU_MAM\RAU_MAM\PUMP_V1.MAX
Thu May 04 02:26:07 Saved as file D:\GITHUB\WORKING\RAU_MAM\RAU_MAM\PUMP_V1.MAX
Thu May 04 02:26:55 Saved as file D:\GITHUB\WORKING\RAU_MAM\RAU_MAM\PUMP_V1.MAX
Thu May 04 02:27:08 Saved as file D:\GITHUB\WORKING\RAU_MAM\RAU_MAM\PUMP_V1.MAX
Thu May 04 02:27:15 No new connections routed.
Thu May 04 02:27:15 Total is now 12 out of 12 (100%).
Thu May 04 02:27:15 Saved as file SWEEP1.MAX
Thu May 04 02:27:15 No new connections routed.
Thu May 04 02:27:15 Total is now 12 out of 12 (100%).
Thu May 04 02:27:15 Saved as file SWEEP2.MAX
Thu May 04 02:27:15 No new connections routed.
Thu May 04 02:27:15 Total is now 12 out of 12 (100%).
Thu May 04 02:27:15 Saved as file SWEEP3.MAX
Thu May 04 02:27:15 No new connections routed.
Thu May 04 02:27:15 Total is now 12 out of 12 (100%).
Thu May 04 02:27:15 Saved as file SWEEP4.MAX
Thu May 04 02:27:15 No new connections routed.
Thu May 04 02:27:15 Total is now 12 out of 12 (100%).
Thu May 04 02:27:15 Saved as file SWEEP5.MAX
Thu May 04 02:27:30 Saved as file D:\GITHUB\WORKING\RAU_MAM\RAU_MAM\PUMP_V1.MAX
Thu May 04 02:28:31 Saved as file D:\GITHUB\WORKING\RAU_MAM\RAU_MAM\PUMP_V1.MAX
Thu May 04 02:29:32 Saved as file D:\GITHUB\WORKING\RAU_MAM\RAU_MAM\PUMP_V1.MAX
Thu May 04 02:29:37 Saved as file D:\GITHUB\WORKING\RAU_MAM\RAU_MAM\PUMP_V1.MAX
Thu May 04 02:29:37 Saved as file D:\GITHUB\WORKING\RAU_MAM\RAU_MAM\PUMP_V1.MAX
Thu May 04 02:30:00 Saved as file D:\GITHUB\WORKING\RAU_MAM\RAU_MAM\PUMP_V1.MAX
Thu May 04 02:30:40 Saved as file BACKUP1.MAX
Thu May 04 02:37:46 Saved as file D:\GITHUB\WORKING\RAU_MAM\RAU_MAM\PUMP_V1.MAX
Thu May 04 02:38:46 Saved as file D:\GITHUB\WORKING\RAU_MAM\RAU_MAM\PUMP_V1.MAX
Thu May 04 02:39:28 Saved as file D:\GITHUB\WORKING\RAU_MAM\RAU_MAM\PUMP_V1.MAX
Thu May 04 02:39:28 Saved as file D:\GITHUB\WORKING\RAU_MAM\RAU_MAM\PUMP_V1.MAX
Thu May 04 02:40:40 Saved as file BACKUP1.MAX
Thu May 04 02:40:45 Saved as file D:\GITHUB\WORKING\RAU_MAM\RAU_MAM\PUMP_V1.MAX
Thu May 04 02:42:05 Saved as file D:\GITHUB\WORKING\RAU_MAM\RAU_MAM\PUMP_V1.MAX
Thu May 04 02:42:06 Saved as file D:\GITHUB\WORKING\RAU_MAM\RAU_MAM\PUMP_V1.MAX
Thu May 04 02:42:38 Saved as file D:\GITHUB\WORKING\RAU_MAM\RAU_MAM\PUMP_V1.MAX
Thu May 04 02:43:05 Saved as file D:\GITHUB\WORKING\RAU_MAM\RAU_MAM\PUMP_V1.MAX
Thu May 04 02:44:38 Saved as file D:\GITHUB\WORKING\RAU_MAM\RAU_MAM\PUMP_V1.MAX
Thu May 04 02:44:55 Saved as file D:\GITHUB\WORKING\RAU_MAM\RAU_MAM\PUMP_V1.MAX
Thu May 04 02:45:46 Saved as file D:\GITHUB\WORKING\RAU_MAM\RAU_MAM\PUMP_V1.MAX
Thu May 04 02:45:47 Saved as file D:\GITHUB\WORKING\RAU_MAM\RAU_MAM\PUMP_V1.MAX
Thu May 04 02:45:47 Saved as file D:\GITHUB\WORKING\RAU_MAM\RAU_MAM\PUMP_V1.MAX
Thu May 04 02:46:06 Saved as file D:\GITHUB\WORKING\RAU_MAM\RAU_MAM\PUMP_V1.MAX
Thu May 04 02:46:06 Saved as file D:\GITHUB\WORKING\RAU_MAM\RAU_MAM\PUMP_V1.MAX
Thu May 04 02:46:06 Saved as file D:\GITHUB\WORKING\RAU_MAM\RAU_MAM\PUMP_V1.MAX
Thu May 04 02:46:07 Saved as file D:\GITHUB\WORKING\RAU_MAM\RAU_MAM\PUMP_V1.MAX
Thu May 04 02:46:38 Saved as file D:\GITHUB\WORKING\RAU_MAM\RAU_MAM\PUMP_V1.MAX
Thu May 04 02:46:39 Saved as file D:\GITHUB\WORKING\RAU_MAM\RAU_MAM\PUMP_V1.MAX
Thu May 04 02:46:47 Saved as file D:\GITHUB\WORKING\RAU_MAM\RAU_MAM\PUMP_V1.MAX
Thu May 04 02:46:47 Saved as file D:\GITHUB\WORKING\RAU_MAM\RAU_MAM\PUMP_V1.MAX
Thu May 04 02:47:13 Saved as file D:\GITHUB\WORKING\RAU_MAM\RAU_MAM\PUMP_V1.MAX
Thu May 04 02:47:13 Saved as file D:\GITHUB\WORKING\RAU_MAM\RAU_MAM\PUMP_V1.MAX
Thu May 04 02:47:20 Saved as file D:\GITHUB\WORKING\RAU_MAM\RAU_MAM\PUMP_V1.MAX
Thu May 04 02:48:24 Saved as file D:\GITHUB\WORKING\RAU_MAM\RAU_MAM\PUMP_V1.MAX
