Wed Oct 05 07:54:34 Saved as file D:\DANH\ORCAD PROJECTS\COMERCIAL PROJECTS\COM_PRJ49\COM_PRJ49.MAX
Wed Oct 05 07:54:45 Loaded file C:\Program Files\OrCAD\Layout_Plus\data\template.imp
Wed Oct 05 07:54:45 Loaded file C:\Program Files\OrCAD\Layout_Plus\data\template.imp
Wed Oct 05 07:54:47 Loaded file D:\DANH\DANH'S LIBS\DANHLIB.LLB
Wed Oct 05 07:54:50 Loaded file C:\Program Files\OrCAD\Layout_Plus\data\template.imp
Wed Oct 05 07:56:26 Loaded file C:\Program Files\OrCAD\Layout_Plus\data\template.imp
Wed Oct 05 07:56:26 Loaded file C:\Program Files\OrCAD\Layout_Plus\data\template.imp
Wed Oct 05 07:56:27 Loaded file D:\DANH\DANH'S LIBS\DANHLIB.LLB
Wed Oct 05 07:56:31 Loaded file C:\Program Files\OrCAD\Layout_Plus\data\template.imp
Wed Oct 05 07:56:35 Loaded file C:\Program Files\OrCAD\Layout_Plus\data\template.imp
Wed Oct 05 07:56:36 Loaded file C:\Program Files\OrCAD\Layout_Plus\data\template.imp
Wed Oct 05 07:56:41 Loaded file C:\Program Files\OrCAD\Layout_Plus\data\template.imp
Wed Oct 05 07:56:44 Loaded file C:\Program Files\OrCAD\Layout_Plus\data\template.imp
Wed Oct 05 07:56:45 Loaded file C:\Program Files\OrCAD\Layout_Plus\data\template.imp
Wed Oct 05 07:56:46 Loaded file C:\Program Files\OrCAD\Layout_Plus\data\template.imp
Wed Oct 05 07:56:47 Loaded file C:\Program Files\OrCAD\Layout_Plus\data\template.imp
Wed Oct 05 07:56:51 Loaded file C:\Program Files\OrCAD\Layout_Plus\data\template.imp
Wed Oct 05 07:56:54 Loaded file C:\Program Files\OrCAD\Layout_Plus\data\template.imp
Wed Oct 05 07:59:00 Loaded file C:\Program Files\OrCAD\Layout_Plus\data\template.imp
Wed Oct 05 07:59:00 Loaded file C:\Program Files\OrCAD\Layout_Plus\data\template.imp
Wed Oct 05 07:59:01 Loaded file D:\DANH\DANH'S LIBS\DANHLIB.LLB
Wed Oct 05 07:59:04 Loaded file C:\Program Files\OrCAD\Layout_Plus\data\template.imp
Wed Oct 05 07:59:06 Loaded file C:\Program Files\OrCAD\Layout_Plus\data\template.imp
Wed Oct 05 07:59:08 Loaded file C:\Program Files\OrCAD\Layout_Plus\data\template.imp
Wed Oct 05 07:59:09 Loaded file C:\Program Files\OrCAD\Layout_Plus\data\template.imp
Wed Oct 05 08:01:00 Saved as file D:\DANH\ORCAD PROJECTS\COMERCIAL PROJECTS\COM_PRJ49\COM_PRJ49.MAX
Wed Oct 05 08:01:04 Loaded file C:\Program Files\OrCAD\Layout_Plus\data\template.imp
Wed Oct 05 08:01:04 Loaded file C:\Program Files\OrCAD\Layout_Plus\data\template.imp
Wed Oct 05 08:01:05 Loaded file D:\DANH\DANH'S LIBS\DANHLIB.LLB
Wed Oct 05 08:01:08 Loaded file C:\Program Files\OrCAD\Layout_Plus\data\template.imp
Wed Oct 05 08:01:12 Loaded file C:\Program Files\OrCAD\Layout_Plus\data\template.imp
Wed Oct 05 08:01:13 Loaded file C:\Program Files\OrCAD\Layout_Plus\data\template.imp
Wed Oct 05 08:01:16 Loaded file C:\Program Files\OrCAD\Layout_Plus\data\template.imp
Wed Oct 05 08:01:24 Loaded file D:\DANH\DANH'S LIBS\DANHLIB.LLB
Wed Oct 05 08:01:24 Saved as file D:\DANH\DANH'S LIBS\DANHLIB.LLB
Wed Oct 05 08:02:01 Saved as file D:\DANH\ORCAD PROJECTS\COMERCIAL PROJECTS\COM_PRJ49\COM_PRJ49.MAX
Wed Oct 05 08:02:01 Error code 5225.055 (24)
Wed Oct 05 08:02:01 Saved as file Backup0.max
Wed Oct 05 08:02:01 Windows which were open at time of error:
Wed Oct 05 08:02:01 	ActiveWindow: &Route
Wed Oct 05 08:02:01 	Ui: Pads&tacks
Wed Oct 05 08:02:01 	Icon: &Components
Wed Oct 05 08:02:01 	Icon: &Nets
Wed Oct 05 08:02:01 	Icon: Post Proces&s
Wed Oct 05 08:02:01 	Icon: Library Manager
Wed Oct 05 08:02:01 End-of-list
Wed Oct 05 08:02:02 Loaded file BACKUP0.MAX
Wed Oct 05 08:02:05 Loaded file C:\PROGRAM FILES\ORCAD\LAYOUT_PLUS\data\template.imp
Wed Oct 05 08:02:05 Loaded file C:\PROGRAM FILES\ORCAD\LAYOUT_PLUS\data\template.imp
Wed Oct 05 08:02:07 Loaded file D:\DANH\DANH'S LIBS\DANHLIB.LLB
Wed Oct 05 08:02:09 Loaded file C:\PROGRAM FILES\ORCAD\LAYOUT_PLUS\data\template.imp
Wed Oct 05 08:02:38 Loaded file D:\DANH\DANH'S LIBS\DANHLIB.LLB
Wed Oct 05 08:02:38 Saved as file D:\DANH\DANH'S LIBS\DANHLIB.LLB
Wed Oct 05 08:02:38 Loaded file D:\DANH\DANH'S LIBS\DANHLIB.LLB
Wed Oct 05 08:02:38 Saved as file D:\DANH\DANH'S LIBS\DANHLIB.LLB
Wed Oct 05 08:02:38 Loaded file D:\DANH\DANH'S LIBS\DANHLIB.LLB
Wed Oct 05 08:02:38 Saved as file D:\DANH\DANH'S LIBS\DANHLIB.LLB
Wed Oct 05 08:02:38 Loaded file D:\DANH\DANH'S LIBS\DANHLIB.LLB
Wed Oct 05 08:02:38 Saved as file D:\DANH\DANH'S LIBS\DANHLIB.LLB
Wed Oct 05 08:02:48 Loaded file C:\PROGRAM FILES\ORCAD\LAYOUT_PLUS\data\template.imp
Wed Oct 05 08:02:48 Loaded file C:\PROGRAM FILES\ORCAD\LAYOUT_PLUS\data\template.imp
Wed Oct 05 08:02:51 Loaded file D:\DANH\DANH'S LIBS\DANHLIB.LLB
Wed Oct 05 08:02:55 Loaded file C:\PROGRAM FILES\ORCAD\LAYOUT_PLUS\data\template.imp
Wed Oct 05 08:07:55 Saved as file D:\DANH\ORCAD PROJECTS\COMERCIAL PROJECTS\COM_PRJ49\COM_PRJ49.MAX
Wed Oct 05 08:09:52 Saved as file D:\DANH\ORCAD PROJECTS\COMERCIAL PROJECTS\COM_PRJ49\COM_PRJ49.MAX
Wed Oct 05 08:10:12 Saved as file D:\DANH\ORCAD PROJECTS\COMERCIAL PROJECTS\COM_PRJ49\COM_PRJ49.MAX
Wed Oct 05 08:12:32 Saved as file BACKUP1.MAX
Wed Oct 05 08:12:45 Saved as file D:\DANH\ORCAD PROJECTS\COMERCIAL PROJECTS\COM_PRJ49\COM_PRJ49.MAX
Wed Oct 05 08:12:46 Saved as file D:\DANH\ORCAD PROJECTS\COMERCIAL PROJECTS\COM_PRJ49\COM_PRJ49.MAX
Wed Oct 05 08:12:46 Saved as file D:\DANH\ORCAD PROJECTS\COMERCIAL PROJECTS\COM_PRJ49\COM_PRJ49.MAX
Wed Oct 05 08:17:24 Saved as file D:\DANH\ORCAD PROJECTS\COMERCIAL PROJECTS\COM_PRJ49\COM_PRJ49.MAX
Wed Oct 05 08:17:24 Saved as file D:\DANH\ORCAD PROJECTS\COMERCIAL PROJECTS\COM_PRJ49\COM_PRJ49.MAX
Wed Oct 05 08:17:25 Saved as file D:\DANH\ORCAD PROJECTS\COMERCIAL PROJECTS\COM_PRJ49\COM_PRJ49.MAX
Wed Oct 05 08:17:36 Saved as file D:\DANH\ORCAD PROJECTS\COMERCIAL PROJECTS\COM_PRJ49\COM_PRJ49.MAX
Wed Oct 05 08:17:36 Saved as file D:\DANH\ORCAD PROJECTS\COMERCIAL PROJECTS\COM_PRJ49\COM_PRJ49.MAX
Sat Oct 29 12:34:00 Saved as file BACKUP1.MAX
Sat Oct 29 12:37:30 Error code 0034.912 (266)
Sat Oct 29 12:37:30 Saved as file Backup0.max
Sat Oct 29 12:37:30 Windows which were open at time of error:
Sat Oct 29 12:37:30 	ActiveWindow: &Route
Sat Oct 29 12:37:30 	Icon: &Components
Sat Oct 29 12:37:30 	Icon: &Nets
Sat Oct 29 12:37:30 	Icon: Post Proces&s
Sat Oct 29 12:37:30 End-of-list
Sat Oct 29 12:37:30 Error code 0034.912 (266)
