Sat Oct 29 13:03:42 Saved as file D:\DANH\ORCAD PROJECTS\COMERCIAL PROJECTS\COM_PRJ50\COM_PRJ50.MAX
Sat Oct 29 13:03:42 Saved as file BACKUP1.MAX
Sat Oct 29 13:03:42 Saved as file D:\DANH\ORCAD PROJECTS\COMERCIAL PROJECTS\COM_PRJ50\COM_PRJ50.MAX
Sat Oct 29 13:03:43 UserDiv from Layout.INI for AutoECO: 60
Sat Oct 29 13:03:43 Loaded file D:\DANH\ORCAD PROJECTS\COMERCIAL PROJECTS\COM_PRJ50\COM_PRJ50.MAX
Sat Oct 29 13:03:43 Loaded file D:\DANH\DANH'S LIBS\DANHLIB.LLB
Sat Oct 29 13:03:43 Loaded file C:\PROGRAM FILES\ORCAD\LAYOUT_PLUS\library\BCON100T.llb
Sat Oct 29 13:03:43 Loaded file C:\PROGRAM FILES\ORCAD\LAYOUT_PLUS\library\BCON156T.llb
Sat Oct 29 13:03:43 Loaded file C:\PROGRAM FILES\ORCAD\LAYOUT_PLUS\library\BGA.llb
Sat Oct 29 13:03:43 Loaded file C:\PROGRAM FILES\ORCAD\LAYOUT_PLUS\library\CLCC.llb
Sat Oct 29 13:03:43 Loaded file C:\PROGRAM FILES\ORCAD\LAYOUT_PLUS\library\DCON050T.llb
Sat Oct 29 13:03:43 Loaded file C:\PROGRAM FILES\ORCAD\LAYOUT_PLUS\library\DCON085T.llb
Sat Oct 29 13:03:43 Loaded file C:\PROGRAM FILES\ORCAD\LAYOUT_PLUS\library\DIMM050F.llb
Sat Oct 29 13:03:43 Loaded file C:\PROGRAM FILES\ORCAD\LAYOUT_PLUS\library\DIMM050T.llb
Sat Oct 29 13:03:43 Loaded file C:\PROGRAM FILES\ORCAD\LAYOUT_PLUS\library\DIN.llb
Sat Oct 29 13:03:43 Loaded file C:\PROGRAM FILES\ORCAD\LAYOUT_PLUS\library\DIP100B.llb
Sat Oct 29 13:03:43 Loaded file C:\PROGRAM FILES\ORCAD\LAYOUT_PLUS\library\DIP100T.llb
Sat Oct 29 13:03:43 Loaded file C:\PROGRAM FILES\ORCAD\LAYOUT_PLUS\library\DSUBT.llb
Sat Oct 29 13:03:43 Loaded file C:\PROGRAM FILES\ORCAD\LAYOUT_PLUS\library\DSUBT_HD.LLB
Sat Oct 29 13:03:43 Loaded file C:\PROGRAM FILES\ORCAD\LAYOUT_PLUS\library\ECON100T.llb
Sat Oct 29 13:03:43 Loaded file C:\PROGRAM FILES\ORCAD\LAYOUT_PLUS\library\FBUS.llb
Sat Oct 29 13:03:43 Loaded file C:\PROGRAM FILES\ORCAD\LAYOUT_PLUS\library\ISA.llb
Sat Oct 29 13:03:43 Loaded file C:\PROGRAM FILES\ORCAD\LAYOUT_PLUS\library\JUMPER.LLB
Sat Oct 29 13:03:43 Loaded file C:\PROGRAM FILES\ORCAD\LAYOUT_PLUS\library\LAYOUT.llb
Sat Oct 29 13:03:43 Loaded file C:\PROGRAM FILES\ORCAD\LAYOUT_PLUS\library\LCON100T.llb
Sat Oct 29 13:03:43 Loaded file C:\PROGRAM FILES\ORCAD\LAYOUT_PLUS\library\PC104.llb
Sat Oct 29 13:03:43 Loaded file C:\PROGRAM FILES\ORCAD\LAYOUT_PLUS\library\PCI.llb
Sat Oct 29 13:03:43 Loaded file C:\PROGRAM FILES\ORCAD\LAYOUT_PLUS\library\PCON100T.llb
Sat Oct 29 13:03:43 Loaded file C:\PROGRAM FILES\ORCAD\LAYOUT_PLUS\library\PCON156T.llb
Sat Oct 29 13:03:43 Loaded file C:\PROGRAM FILES\ORCAD\LAYOUT_PLUS\library\PGA.llb
Sat Oct 29 13:03:43 Loaded file C:\PROGRAM FILES\ORCAD\LAYOUT_PLUS\library\PLCC.llb
Sat Oct 29 13:03:43 Loaded file C:\PROGRAM FILES\ORCAD\LAYOUT_PLUS\library\QUAD.llb
Sat Oct 29 13:03:43 Loaded file C:\PROGRAM FILES\ORCAD\LAYOUT_PLUS\library\QUADB.llb
Sat Oct 29 13:03:43 Loaded file C:\PROGRAM FILES\ORCAD\LAYOUT_PLUS\library\RELAY.llb
Sat Oct 29 13:03:43 Loaded file C:\PROGRAM FILES\ORCAD\LAYOUT_PLUS\library\RF.llb
Sat Oct 29 13:03:43 Loaded file C:\PROGRAM FILES\ORCAD\LAYOUT_PLUS\library\SBUS.llb
Sat Oct 29 13:03:43 Loaded file C:\PROGRAM FILES\ORCAD\LAYOUT_PLUS\library\SIMM050F.llb
Sat Oct 29 13:03:43 Loaded file C:\PROGRAM FILES\ORCAD\LAYOUT_PLUS\library\SIMM050T.llb
Sat Oct 29 13:03:43 Loaded file C:\PROGRAM FILES\ORCAD\LAYOUT_PLUS\library\SIMM100F.llb
Sat Oct 29 13:03:43 Loaded file C:\PROGRAM FILES\ORCAD\LAYOUT_PLUS\library\SIMM100T.llb
Sat Oct 29 13:03:43 Loaded file C:\PROGRAM FILES\ORCAD\LAYOUT_PLUS\library\SIP.llb
Sat Oct 29 13:03:43 Loaded file C:\PROGRAM FILES\ORCAD\LAYOUT_PLUS\library\SM.llb
Sat Oct 29 13:03:43 Loaded file C:\PROGRAM FILES\ORCAD\LAYOUT_PLUS\library\SOG.llb
Sat Oct 29 13:03:43 Loaded file C:\PROGRAM FILES\ORCAD\LAYOUT_PLUS\library\SOJ.llb
Sat Oct 29 13:03:43 Loaded file C:\PROGRAM FILES\ORCAD\LAYOUT_PLUS\library\STIFF.llb
Sat Oct 29 13:03:43 Loaded file C:\PROGRAM FILES\ORCAD\LAYOUT_PLUS\library\TELE.llb
Sat Oct 29 13:03:43 Loaded file C:\PROGRAM FILES\ORCAD\LAYOUT_PLUS\library\TM_AXIAL.llb
Sat Oct 29 13:03:43 Loaded file C:\PROGRAM FILES\ORCAD\LAYOUT_PLUS\library\TM_CAP_P.llb
Sat Oct 29 13:03:43 Loaded file C:\PROGRAM FILES\ORCAD\LAYOUT_PLUS\library\TM_CYLND.llb
Sat Oct 29 13:03:43 Loaded file C:\PROGRAM FILES\ORCAD\LAYOUT_PLUS\library\TM_DIODE.llb
Sat Oct 29 13:03:43 Loaded file C:\PROGRAM FILES\ORCAD\LAYOUT_PLUS\library\TM_DISC.llb
Sat Oct 29 13:03:43 Loaded file C:\PROGRAM FILES\ORCAD\LAYOUT_PLUS\library\TM_RAD.llb
Sat Oct 29 13:03:43 Loaded file C:\PROGRAM FILES\ORCAD\LAYOUT_PLUS\library\TO.llb
Sat Oct 29 13:03:43 Loaded file C:\PROGRAM FILES\ORCAD\LAYOUT_PLUS\library\TRAINING.LLB
Sat Oct 29 13:03:43 Loaded file C:\PROGRAM FILES\ORCAD\LAYOUT_PLUS\library\VRES.llb
Sat Oct 29 13:03:43 Loaded file C:\PROGRAM FILES\ORCAD\LAYOUT_PLUS\library\WCON100T.llb
Sat Oct 29 13:03:43 Loaded file C:\PROGRAM FILES\ORCAD\LAYOUT_PLUS\library\XT.llb
Sat Oct 29 13:03:43 Loaded file C:\PROGRAM FILES\ORCAD\LAYOUT_PLUS\library\ZIGZAG.llb
Sat Oct 29 13:03:53 Loaded file C:\PROGRAM FILES\ORCAD\LAYOUT_PLUS\data\template.imp
Sat Oct 29 13:03:53 Loaded file C:\PROGRAM FILES\ORCAD\LAYOUT_PLUS\data\template.imp
Sat Oct 29 13:03:55 Loaded file D:\DANH\DANH'S LIBS\DANHLIB.LLB
Sat Oct 29 13:04:07 Loaded file C:\PROGRAM FILES\ORCAD\LAYOUT_PLUS\data\template.imp
Sat Oct 29 13:04:08 Loaded file D:\DANH\DANH'S LIBS\DANHLIB.LLB
Sat Oct 29 13:04:08 Loaded file D:\DANH\DANH'S LIBS\DANHLIB.LLB
Sat Oct 29 13:04:34 Loaded file C:\PROGRAM FILES\ORCAD\LAYOUT_PLUS\data\template.imp
Sat Oct 29 13:04:34 Loaded file C:\PROGRAM FILES\ORCAD\LAYOUT_PLUS\data\template.imp
Sat Oct 29 13:04:36 Loaded file D:\DANH\DANH'S LIBS\DANHLIB.LLB
Sat Oct 29 13:04:39 Loaded file C:\PROGRAM FILES\ORCAD\LAYOUT_PLUS\data\template.imp
Sat Oct 29 13:04:40 Loaded file D:\DANH\DANH'S LIBS\DANHLIB.LLB
Sat Oct 29 13:04:53 Loaded file C:\PROGRAM FILES\ORCAD\LAYOUT_PLUS\data\template.imp
Sat Oct 29 13:04:53 Loaded file C:\PROGRAM FILES\ORCAD\LAYOUT_PLUS\data\template.imp
Sat Oct 29 13:04:55 Loaded file D:\DANH\DANH'S LIBS\DANHLIB.LLB
Sat Oct 29 13:05:08 Loaded file C:\PROGRAM FILES\ORCAD\LAYOUT_PLUS\data\template.imp
Sat Oct 29 13:05:09 Loaded file D:\DANH\DANH'S LIBS\DANHLIB.LLB
Sat Oct 29 13:05:13 Loaded file C:\PROGRAM FILES\ORCAD\LAYOUT_PLUS\data\template.imp
Sat Oct 29 13:05:13 Loaded file C:\PROGRAM FILES\ORCAD\LAYOUT_PLUS\data\template.imp
Sat Oct 29 13:05:14 Loaded file D:\DANH\DANH'S LIBS\DANHLIB.LLB
Sat Oct 29 13:05:20 Loaded file C:\PROGRAM FILES\ORCAD\LAYOUT_PLUS\data\template.imp
Sat Oct 29 13:05:21 Loaded file D:\DANH\DANH'S LIBS\DANHLIB.LLB
Sat Oct 29 13:05:21 Loaded file D:\DANH\DANH'S LIBS\DANHLIB.LLB
Sat Oct 29 13:05:32 Loaded file C:\PROGRAM FILES\ORCAD\LAYOUT_PLUS\data\template.imp
Sat Oct 29 13:05:32 Loaded file C:\PROGRAM FILES\ORCAD\LAYOUT_PLUS\data\template.imp
Sat Oct 29 13:05:33 Loaded file D:\DANH\DANH'S LIBS\DANHLIB.LLB
Sat Oct 29 13:05:49 Loaded file C:\PROGRAM FILES\ORCAD\LAYOUT_PLUS\data\template.imp
Sat Oct 29 13:05:49 Loaded file D:\DANH\DANH'S LIBS\DANHLIB.LLB
Sat Oct 29 13:05:53 Loaded file C:\PROGRAM FILES\ORCAD\LAYOUT_PLUS\data\template.imp
Sat Oct 29 13:05:53 Loaded file C:\PROGRAM FILES\ORCAD\LAYOUT_PLUS\data\template.imp
Sat Oct 29 13:05:55 Loaded file D:\DANH\DANH'S LIBS\DANHLIB.LLB
Sat Oct 29 13:05:59 Loaded file C:\PROGRAM FILES\ORCAD\LAYOUT_PLUS\data\template.imp
Sat Oct 29 13:06:00 Loaded file D:\DANH\DANH'S LIBS\DANHLIB.LLB
Sat Oct 29 13:06:00 Saved as file D:\DANH\ORCAD PROJECTS\COMERCIAL PROJECTS\COM_PRJ50\COM_PRJ50.MAX
Sat Oct 29 13:06:00 Loaded file D:\DANH\ORCAD PROJECTS\COMERCIAL PROJECTS\COM_PRJ50\COM_PRJ50.MAX
Sat Oct 29 13:06:03 Saved as file D:\DANH\ORCAD PROJECTS\COMERCIAL PROJECTS\COM_PRJ50\COM_PRJ50.MAX
Sat Oct 29 13:06:04 Saved as file D:\DANH\ORCAD PROJECTS\COMERCIAL PROJECTS\COM_PRJ50\COM_PRJ50.MAX
Sat Oct 29 13:06:04 Saved as file D:\DANH\ORCAD PROJECTS\COMERCIAL PROJECTS\COM_PRJ50\COM_PRJ50.MAX
Sat Oct 29 13:07:33 Loaded file C:\Program Files\OrCAD\Layout_Plus\data\template.imp
Sat Oct 29 13:07:33 Loaded file C:\Program Files\OrCAD\Layout_Plus\data\template.imp
Sat Oct 29 13:07:33 Loaded file C:\Program Files\OrCAD\Layout_Plus\data\template.imp
Sat Oct 29 13:07:33 Loaded file C:\Program Files\OrCAD\Layout_Plus\data\template.imp
Sat Oct 29 13:07:34 Loaded file D:\DANH\DANH'S LIBS\DANHLIB.LLB
Sat Oct 29 13:07:35 Loaded file C:\Program Files\OrCAD\Layout_Plus\data\template.imp
Sat Oct 29 13:07:44 Loaded file C:\Program Files\OrCAD\Layout_Plus\data\template.imp
Sat Oct 29 13:07:44 Error code 0021.420 (11)
Sat Oct 29 13:07:44 Saved as file Backup0.max
Sat Oct 29 13:07:44 Windows which were open at time of error:
Sat Oct 29 13:07:44 	ActiveWindow: &Place
Sat Oct 29 13:07:44 	Icon: &Components
Sat Oct 29 13:07:44 	Icon: &Nets
Sat Oct 29 13:07:44 	Icon: Post Proces&s
Sat Oct 29 13:07:44 End-of-list
Sat Oct 29 13:07:45 Loaded file BACKUP0.MAX
Sat Oct 29 13:09:00 Saved as file D:\DANH\ORCAD PROJECTS\COMERCIAL PROJECTS\COM_PRJ50\COM_PRJ50_VER1.MAX
Sat Oct 29 13:09:00 Loaded file C:\PROGRAM FILES\ORCAD\LAYOUT_PLUS\data\DEFAULT.MAX
Sat Oct 29 13:09:04 Loaded file C:\PROGRAM FILES\ORCAD\LAYOUT_PLUS\data\DEFAULT.MAX
Sat Oct 29 13:09:35 Loaded file C:\Program Files\OrCAD\Layout_Plus\data\template.imp
Sat Oct 29 13:09:35 Loaded file C:\Program Files\OrCAD\Layout_Plus\data\template.imp
Sat Oct 29 13:09:35 Loaded file C:\Program Files\OrCAD\Layout_Plus\data\template.imp
Sat Oct 29 13:09:35 Loaded file C:\Program Files\OrCAD\Layout_Plus\data\template.imp
Sat Oct 29 13:09:36 Loaded file D:\DANH\DANH'S LIBS\DANHLIB.LLB
Sat Oct 29 13:09:37 Loaded file C:\Program Files\OrCAD\Layout_Plus\data\template.imp
Sat Oct 29 13:09:41 Error code 5226.574 (3)
Sat Oct 29 13:09:41 Saved as file Backup0.max
Sat Oct 29 13:09:41 Windows which were open at time of error:
Sat Oct 29 13:09:41 	ActiveWindow: &Route
Sat Oct 29 13:09:41 	Icon: &Components
Sat Oct 29 13:09:41 	Icon: &Nets
Sat Oct 29 13:09:41 	Icon: Post Proces&s
Sat Oct 29 13:09:41 End-of-list
Sat Oct 29 13:09:41 Loaded file BACKUP0.MAX
Sat Oct 29 13:09:47 Loaded file C:\PROGRAM FILES\ORCAD\LAYOUT_PLUS\data\template.imp
Sat Oct 29 13:09:47 Loaded file C:\PROGRAM FILES\ORCAD\LAYOUT_PLUS\data\template.imp
Sat Oct 29 13:09:47 Loaded file C:\PROGRAM FILES\ORCAD\LAYOUT_PLUS\data\template.imp
Sat Oct 29 13:09:47 Loaded file C:\PROGRAM FILES\ORCAD\LAYOUT_PLUS\data\template.imp
Sat Oct 29 13:09:48 Loaded file D:\DANH\DANH'S LIBS\DANHLIB.LLB
Sat Oct 29 13:09:49 Loaded file C:\PROGRAM FILES\ORCAD\LAYOUT_PLUS\data\template.imp
Sat Oct 29 13:10:06 Loaded file C:\PROGRAM FILES\ORCAD\LAYOUT_PLUS\data\template.imp
Sat Oct 29 13:10:06 Loaded file C:\PROGRAM FILES\ORCAD\LAYOUT_PLUS\data\template.imp
Sat Oct 29 13:10:06 Loaded file C:\PROGRAM FILES\ORCAD\LAYOUT_PLUS\data\template.imp
Sat Oct 29 13:10:06 Loaded file C:\PROGRAM FILES\ORCAD\LAYOUT_PLUS\data\template.imp
Sat Oct 29 13:10:07 Loaded file D:\DANH\DANH'S LIBS\DANHLIB.LLB
Sat Oct 29 13:10:09 Loaded file C:\PROGRAM FILES\ORCAD\LAYOUT_PLUS\data\template.imp
Sat Oct 29 13:10:13 Saved as file D:\DANH\ORCAD PROJECTS\COMERCIAL PROJECTS\COM_PRJ50\COM_PRJ50.MAX
Sat Oct 29 13:10:39 Saved as file D:\DANH\ORCAD PROJECTS\COMERCIAL PROJECTS\COM_PRJ50\COM_PRJ50.MAX
Sat Oct 29 13:10:51 Loaded file C:\PROGRAM FILES\ORCAD\LAYOUT_PLUS\data\template.imp
Sat Oct 29 13:10:51 Loaded file C:\PROGRAM FILES\ORCAD\LAYOUT_PLUS\data\template.imp
Sat Oct 29 13:10:51 Loaded file C:\PROGRAM FILES\ORCAD\LAYOUT_PLUS\data\template.imp
Sat Oct 29 13:10:51 Loaded file C:\PROGRAM FILES\ORCAD\LAYOUT_PLUS\data\template.imp
Sat Oct 29 13:10:52 Loaded file D:\DANH\DANH'S LIBS\DANHLIB.LLB
Sat Oct 29 13:10:53 Loaded file C:\PROGRAM FILES\ORCAD\LAYOUT_PLUS\data\template.imp
Sat Oct 29 13:11:35 Loaded file C:\PROGRAM FILES\ORCAD\LAYOUT_PLUS\data\template.imp
Sat Oct 29 13:11:35 Loaded file C:\PROGRAM FILES\ORCAD\LAYOUT_PLUS\data\template.imp
Sat Oct 29 13:11:37 Loaded file D:\DANH\DANH'S LIBS\DANHLIB.LLB
Sat Oct 29 13:11:40 Loaded file C:\PROGRAM FILES\ORCAD\LAYOUT_PLUS\data\template.imp
Sat Oct 29 13:11:41 Loaded file C:\PROGRAM FILES\ORCAD\LAYOUT_PLUS\data\template.imp
Sat Oct 29 13:11:48 Loaded file C:\PROGRAM FILES\ORCAD\LAYOUT_PLUS\data\template.imp
Sat Oct 29 13:11:50 Loaded file C:\PROGRAM FILES\ORCAD\LAYOUT_PLUS\data\template.imp
Sat Oct 29 13:12:05 Loaded file D:\DANH\DANH'S LIBS\DANHLIB.LLB
Sat Oct 29 13:12:05 Saved as file D:\DANH\DANH'S LIBS\DANHLIB.LLB
Sat Oct 29 13:14:16 Loaded file D:\DANH\DANH'S LIBS\DANHLIB.LLB
Sat Oct 29 13:14:16 Saved as file D:\DANH\DANH'S LIBS\DANHLIB.LLB
Sat Oct 29 13:15:22 Loaded file D:\DANH\DANH'S LIBS\DANHLIB.LLB
Sat Oct 29 13:15:22 Saved as file D:\DANH\DANH'S LIBS\DANHLIB.LLB
Sat Oct 29 13:15:30 Loaded file C:\PROGRAM FILES\ORCAD\LAYOUT_PLUS\data\template.imp
Sat Oct 29 13:15:33 Loaded file C:\PROGRAM FILES\ORCAD\LAYOUT_PLUS\library\BCON100T.llb
Sat Oct 29 13:15:33 Loaded file D:\DANH\DANH'S LIBS\DANHLIB.LLB
Sat Oct 29 13:15:36 Loaded file C:\PROGRAM FILES\ORCAD\LAYOUT_PLUS\data\template.imp
Sat Oct 29 13:15:37 Loaded file C:\PROGRAM FILES\ORCAD\LAYOUT_PLUS\data\template.imp
Sat Oct 29 13:17:49 Saved as file D:\DANH\ORCAD PROJECTS\COMERCIAL PROJECTS\COM_PRJ50\COM_PRJ50.MAX
Sat Oct 29 13:19:58 Loaded file C:\PROGRAM FILES\ORCAD\LAYOUT_PLUS\library\padstack.llb
Sat Oct 29 13:20:14 Loaded file D:\DANH\DANH'S LIBS\DANHLIB.LLB
Sat Oct 29 13:20:14 Saved as file D:\DANH\DANH'S LIBS\DANHLIB.LLB
Sat Oct 29 13:20:14 Loaded file D:\DANH\DANH'S LIBS\DANHLIB.LLB
Sat Oct 29 13:20:14 Saved as file D:\DANH\DANH'S LIBS\DANHLIB.LLB
Sat Oct 29 13:20:15 Loaded file D:\DANH\DANH'S LIBS\DANHLIB.LLB
Sat Oct 29 13:20:15 Saved as file D:\DANH\DANH'S LIBS\DANHLIB.LLB
Sat Oct 29 13:20:15 Loaded file D:\DANH\DANH'S LIBS\DANHLIB.LLB
Sat Oct 29 13:20:15 Saved as file D:\DANH\DANH'S LIBS\DANHLIB.LLB
Sat Oct 29 13:20:15 Loaded file D:\DANH\DANH'S LIBS\DANHLIB.LLB
Sat Oct 29 13:20:15 Saved as file D:\DANH\DANH'S LIBS\DANHLIB.LLB
Sat Oct 29 13:20:15 Loaded file D:\DANH\DANH'S LIBS\DANHLIB.LLB
Sat Oct 29 13:20:15 Saved as file D:\DANH\DANH'S LIBS\DANHLIB.LLB
Sat Oct 29 13:20:16 Loaded file D:\DANH\DANH'S LIBS\DANHLIB.LLB
Sat Oct 29 13:20:16 Saved as file D:\DANH\DANH'S LIBS\DANHLIB.LLB
Sat Oct 29 13:20:17 Loaded file C:\PROGRAM FILES\ORCAD\LAYOUT_PLUS\data\template.imp
Sat Oct 29 13:20:22 Loaded file D:\DANH\DANH'S LIBS\DANHLIB.LLB
Sat Oct 29 13:20:22 Saved as file D:\DANH\DANH'S LIBS\DANHLIB.LLB
Sat Oct 29 13:20:22 Loaded file C:\PROGRAM FILES\ORCAD\LAYOUT_PLUS\data\template.imp
Sat Oct 29 13:20:23 Loaded file C:\PROGRAM FILES\ORCAD\LAYOUT_PLUS\data\template.imp
Sat Oct 29 13:20:25 Loaded file C:\PROGRAM FILES\ORCAD\LAYOUT_PLUS\data\template.imp
Sat Oct 29 13:20:26 Loaded file C:\PROGRAM FILES\ORCAD\LAYOUT_PLUS\data\template.imp
Sat Oct 29 13:20:26 Loaded file C:\PROGRAM FILES\ORCAD\LAYOUT_PLUS\data\template.imp
Sat Oct 29 13:20:30 Loaded file C:\PROGRAM FILES\ORCAD\LAYOUT_PLUS\data\template.imp
Sat Oct 29 13:20:32 Loaded file C:\PROGRAM FILES\ORCAD\LAYOUT_PLUS\data\template.imp
Sat Oct 29 13:21:11 Saved as file BACKUP1.MAX
Sat Oct 29 13:21:15 Loaded file C:\PROGRAM FILES\ORCAD\LAYOUT_PLUS\data\template.imp
Sat Oct 29 13:21:15 Loaded file C:\PROGRAM FILES\ORCAD\LAYOUT_PLUS\data\template.imp
Sat Oct 29 13:21:16 Loaded file D:\DANH\DANH'S LIBS\DANHLIB.LLB
Sat Oct 29 13:21:19 Loaded file C:\PROGRAM FILES\ORCAD\LAYOUT_PLUS\data\template.imp
Sat Oct 29 13:21:19 Loaded file C:\PROGRAM FILES\ORCAD\LAYOUT_PLUS\data\template.imp
Sat Oct 29 13:23:00 Saved as file D:\DANH\ORCAD PROJECTS\COMERCIAL PROJECTS\COM_PRJ50\COM_PRJ50.MAX
Sat Oct 29 13:23:00 Loaded file C:\PROGRAM FILES\ORCAD\LAYOUT_PLUS\data\DEFAULT.MAX
Sat Oct 29 13:24:07 Loaded file D:\DANH\ORCAD PROJECTS\COMERCIAL PROJECTS\COM_PRJ50\COM_PRJ50.MAX
Sat Oct 29 13:32:41 Saved as file BACKUP1.MAX
Sat Oct 29 13:42:41 Saved as file BACKUP1.MAX
Sat Oct 29 13:45:11 Error code 0034.912 (266)
Sat Oct 29 13:45:11 Saved as file Backup0.max
Sat Oct 29 13:45:11 Windows which were open at time of error:
Sat Oct 29 13:45:11 	ActiveWindow: &Place
Sat Oct 29 13:45:11 	Icon: &Components
Sat Oct 29 13:45:11 	Icon: &Nets
Sat Oct 29 13:45:11 	Icon: Post Proces&s
Sat Oct 29 13:45:11 End-of-list
Sat Oct 29 13:45:12 Error code 0034.912 (266)
Fri Feb 03 03:03:55 Saved as file BACKUP1.MAX
Fri Feb 03 03:04:55 Error code 0034.912 (266)
Fri Feb 03 03:04:55 Saved as file Backup0.max
Fri Feb 03 03:04:55 Windows which were open at time of error:
Fri Feb 03 03:04:55 	ActiveWindow: &Route
Fri Feb 03 03:04:55 	Icon: &Components
Fri Feb 03 03:04:55 	Icon: &Nets
Fri Feb 03 03:04:55 	Icon: Post Proces&s
Fri Feb 03 03:04:55 End-of-list
Fri Feb 03 03:04:55 Error code 0034.912 (266)
