AutoECO Report
FILE-A: D:\DANH\ROBOT\ORCAD PROJECTS\COMERCIAL PROJECTS\COM_PRJ31\COM_PRJ31.MAX
FILE-B: D:\DANH\ROBOT\ORCAD PROJECTS\COMERCIAL PROJECTS\COM_PRJ31\COM_PRJ31.MNL
If "*EOF*" immediately follows, no changes were made
Adding package CON3
Adding package CON2
Adding package R
Adding package CON4
Adding package BC547
Adding package E:\DANH\ROBOT\ORCAD LIBS\CAPTURE\[MEGASHARE.VNN.VN]LIBRARY%20ORCAD\LIBRARY ORCAD\LIBRARYCAPTURE\CONNECTOR.OLB/CON2
Adding component J3
Found library footprint with same name as part CON3
Adding component J2
Found library footprint with same name as part CON2
Adding component RB
Found library footprint with same name as part R
Adding component J4
Adding component J5
Found footprint J4 from PRT file for part CON4, comp J5
Adding component QG
Found library footprint with same name as part BC547
Adding component QB
Adding component RR
Adding component J1
Adding component QR
Adding component RG
Adding net N03142
Adding net N07749
Adding net N03042
Adding net N02609
Adding net N07780
Adding net N07720
Adding net N03092
Adding net N020382
Adding net N004632
Adding net N020102
Adding net N10349
Deleting net DEFAULT
*EOF*
No errors found
