Thu Mar 24 06:21:51 Saved as file D:\DANH\ROBOT\ORCAD PROJECTS\COMERCIAL PROJECTS\COM_PRJ31\COM_PRJ31.MAX
Thu Mar 24 06:21:51 Saved as file BACKUP1.MAX
Thu Mar 24 06:21:51 Saved as file D:\DANH\ROBOT\ORCAD PROJECTS\COMERCIAL PROJECTS\COM_PRJ31\COM_PRJ31.MAX
Thu Mar 24 06:21:52 UserDiv from Layout.INI for AutoECO: 60
Thu Mar 24 06:21:52 Loaded file D:\DANH\ROBOT\ORCAD PROJECTS\COMERCIAL PROJECTS\COM_PRJ31\COM_PRJ31.MAX
Thu Mar 24 06:21:52 Loaded file D:\DANH\ROBOT\ORCAD LIBS\THUVIENORCAD\THUVIENORCAD\THUVIEN1\TIEN.LLB
Thu Mar 24 06:21:52 Loaded file D:\DANH\ROBOT\ORCAD LIBS\THUVIENORCAD\THUVIENORCAD\THUVIEN\LAYOUTMT.LLB
Thu Mar 24 06:21:52 Loaded file D:\DANH\ROBOT\ORCAD LIBS\THUVIENORCAD\THUVIENORCAD\LIBRARY ORCAD\THU VIEN ORCAD FULL\THU VIEN LAYOUT BETA 3.LLB
Thu Mar 24 06:21:52 Loaded file D:\DANH\ROBOT\ORCAD LIBS\THUVIENORCAD\THUVIENORCAD\LIBRARY ORCAD\THU VIEN ORCAD FULL\THU VIEN.LLB
Thu Mar 24 06:21:52 Loaded file D:\DANH\ROBOT\ORCAD LIBS\THUVIENORCAD\THUVIENORCAD\LIBRARY\BCON100T.LLB
Thu Mar 24 06:21:52 Loaded file D:\DANH\ROBOT\ORCAD LIBS\THUVIENORCAD\THUVIENORCAD\LIBRARY\BCON156T.LLB
Thu Mar 24 06:21:52 Loaded file D:\DANH\ROBOT\ORCAD LIBS\THUVIENORCAD\THUVIENORCAD\LIBRARY\BGA.LLB
Thu Mar 24 06:21:52 Loaded file D:\DANH\ROBOT\ORCAD LIBS\THUVIENORCAD\THUVIENORCAD\LIBRARY\CLCC.LLB
Thu Mar 24 06:21:52 Loaded file D:\DANH\ROBOT\ORCAD LIBS\THUVIENORCAD\THUVIENORCAD\LIBRARY\DCON050T.LLB
Thu Mar 24 06:21:52 Loaded file D:\DANH\ROBOT\ORCAD LIBS\THUVIENORCAD\THUVIENORCAD\LIBRARY\DCON085T.LLB
Thu Mar 24 06:21:52 Loaded file D:\DANH\ROBOT\ORCAD LIBS\THUVIENORCAD\THUVIENORCAD\LIBRARY\DIMM050F.LLB
Thu Mar 24 06:21:52 Loaded file D:\DANH\ROBOT\ORCAD LIBS\THUVIENORCAD\THUVIENORCAD\LIBRARY\DIMM050T.LLB
Thu Mar 24 06:21:52 Loaded file D:\DANH\ROBOT\ORCAD LIBS\THUVIENORCAD\THUVIENORCAD\LIBRARY\DIN.LLB
Thu Mar 24 06:21:52 Loaded file D:\DANH\ROBOT\ORCAD LIBS\THUVIENORCAD\THUVIENORCAD\LIBRARY\DIP100B.LLB
Thu Mar 24 06:21:52 Loaded file D:\DANH\ROBOT\ORCAD LIBS\THUVIENORCAD\THUVIENORCAD\LIBRARY\DIP100T.LLB
Thu Mar 24 06:21:52 Loaded file D:\DANH\ROBOT\ORCAD LIBS\THUVIENORCAD\THUVIENORCAD\LIBRARY\DSUBT.LLB
Thu Mar 24 06:21:52 Loaded file D:\DANH\ROBOT\ORCAD LIBS\THUVIENORCAD\THUVIENORCAD\LIBRARY\DSUBT_HD.LLB
Thu Mar 24 06:21:52 Loaded file D:\DANH\ROBOT\ORCAD LIBS\THUVIENORCAD\THUVIENORCAD\LIBRARY\ECON100T.LLB
Thu Mar 24 06:21:52 Loaded file D:\DANH\ROBOT\ORCAD LIBS\THUVIENORCAD\THUVIENORCAD\LIBRARY\EMPTY.LLB
Thu Mar 24 06:21:52 Loaded file D:\DANH\ROBOT\ORCAD LIBS\THUVIENORCAD\THUVIENORCAD\LIBRARY\EX_GUI.LLB
Thu Mar 24 06:21:52 Loaded file D:\DANH\ROBOT\ORCAD LIBS\THUVIENORCAD\THUVIENORCAD\LIBRARY\FBUS.LLB
Thu Mar 24 06:21:52 Loaded file D:\DANH\ROBOT\ORCAD LIBS\THUVIENORCAD\THUVIENORCAD\LIBRARY\ISA.LLB
Thu Mar 24 06:21:52 Loaded file D:\DANH\ROBOT\ORCAD LIBS\THUVIENORCAD\THUVIENORCAD\LIBRARY\JUMPER.LLB
Thu Mar 24 06:21:52 Loaded file D:\DANH\ROBOT\ORCAD LIBS\THUVIENORCAD\THUVIENORCAD\LIBRARY\LAYOUT.LLB
Thu Mar 24 06:21:52 Loaded file D:\DANH\ROBOT\ORCAD LIBS\THUVIENORCAD\THUVIENORCAD\LIBRARY\LCON100T.LLB
Thu Mar 24 06:21:52 Loaded file D:\DANH\ROBOT\ORCAD LIBS\THUVIENORCAD\THUVIENORCAD\LIBRARY\LINH KIEN.LLB
Thu Mar 24 06:21:52 Loaded file D:\DANH\ROBOT\ORCAD LIBS\THUVIENORCAD\THUVIENORCAD\LIBRARY\METRIC.LLB
Thu Mar 24 06:21:52 Loaded file D:\DANH\ROBOT\ORCAD LIBS\THUVIENORCAD\THUVIENORCAD\LIBRARY\PADSTACK.LLB
Thu Mar 24 06:21:52 Loaded file D:\DANH\ROBOT\ORCAD LIBS\THUVIENORCAD\THUVIENORCAD\LIBRARY\PC104.LLB
Thu Mar 24 06:21:52 Loaded file D:\DANH\ROBOT\ORCAD LIBS\THUVIENORCAD\THUVIENORCAD\LIBRARY\PCI.LLB
Thu Mar 24 06:21:52 Loaded file D:\DANH\ROBOT\ORCAD LIBS\THUVIENORCAD\THUVIENORCAD\LIBRARY\PCON100T.LLB
Thu Mar 24 06:21:52 Loaded file D:\DANH\ROBOT\ORCAD LIBS\THUVIENORCAD\THUVIENORCAD\LIBRARY\PCON156T.LLB
Thu Mar 24 06:21:52 Loaded file D:\DANH\ROBOT\ORCAD LIBS\THUVIENORCAD\THUVIENORCAD\LIBRARY\PGA.LLB
Thu Mar 24 06:21:52 Loaded file D:\DANH\ROBOT\ORCAD LIBS\THUVIENORCAD\THUVIENORCAD\LIBRARY\PLCC.LLB
Thu Mar 24 06:21:52 Loaded file D:\DANH\ROBOT\ORCAD LIBS\THUVIENORCAD\THUVIENORCAD\LIBRARY\QUAD.LLB
Thu Mar 24 06:21:52 Loaded file D:\DANH\ROBOT\ORCAD LIBS\THUVIENORCAD\THUVIENORCAD\LIBRARY\QUADB.LLB
Thu Mar 24 06:21:52 Loaded file D:\DANH\ROBOT\ORCAD LIBS\THUVIENORCAD\THUVIENORCAD\LIBRARY\RELAY.LLB
Thu Mar 24 06:21:52 Loaded file D:\DANH\ROBOT\ORCAD LIBS\THUVIENORCAD\THUVIENORCAD\LIBRARY\RF.LLB
Thu Mar 24 06:21:52 Loaded file D:\DANH\ROBOT\ORCAD LIBS\THUVIENORCAD\THUVIENORCAD\LIBRARY\SBUS.LLB
Thu Mar 24 06:21:52 Loaded file D:\DANH\ROBOT\ORCAD LIBS\THUVIENORCAD\THUVIENORCAD\LIBRARY\SIMM050F.LLB
Thu Mar 24 06:21:52 Loaded file D:\DANH\ROBOT\ORCAD LIBS\THUVIENORCAD\THUVIENORCAD\LIBRARY\SIMM050T.LLB
Thu Mar 24 06:21:52 Loaded file D:\DANH\ROBOT\ORCAD LIBS\THUVIENORCAD\THUVIENORCAD\LIBRARY\SIMM100F.LLB
Thu Mar 24 06:21:52 Loaded file D:\DANH\ROBOT\ORCAD LIBS\THUVIENORCAD\THUVIENORCAD\LIBRARY\SIMM100T.LLB
Thu Mar 24 06:21:52 Loaded file D:\DANH\ROBOT\ORCAD LIBS\THUVIENORCAD\THUVIENORCAD\LIBRARY\SIP.LLB
Thu Mar 24 06:21:52 Loaded file D:\DANH\ROBOT\ORCAD LIBS\THUVIENORCAD\THUVIENORCAD\LIBRARY\SM.LLB
Thu Mar 24 06:21:52 Loaded file D:\DANH\ROBOT\ORCAD LIBS\THUVIENORCAD\THUVIENORCAD\LIBRARY\SOG.LLB
Thu Mar 24 06:21:52 Loaded file D:\DANH\ROBOT\ORCAD LIBS\THUVIENORCAD\THUVIENORCAD\LIBRARY\SOJ.LLB
Thu Mar 24 06:21:52 Loaded file D:\DANH\ROBOT\ORCAD LIBS\THUVIENORCAD\THUVIENORCAD\LIBRARY\STIFF.LLB
Thu Mar 24 06:21:52 Loaded file D:\DANH\ROBOT\ORCAD LIBS\THUVIENORCAD\THUVIENORCAD\LIBRARY\TELE.LLB
Thu Mar 24 06:21:52 Loaded file D:\DANH\ROBOT\ORCAD LIBS\THUVIENORCAD\THUVIENORCAD\LIBRARY\TM_AXIAL.LLB
Thu Mar 24 06:21:52 Loaded file D:\DANH\ROBOT\ORCAD LIBS\THUVIENORCAD\THUVIENORCAD\LIBRARY\TM_CAP_P.LLB
Thu Mar 24 06:21:52 Loaded file D:\DANH\ROBOT\ORCAD LIBS\THUVIENORCAD\THUVIENORCAD\LIBRARY\TM_CYLND.LLB
Thu Mar 24 06:21:52 Loaded file D:\DANH\ROBOT\ORCAD LIBS\THUVIENORCAD\THUVIENORCAD\LIBRARY\TM_DIODE.LLB
Thu Mar 24 06:21:52 Loaded file D:\DANH\ROBOT\ORCAD LIBS\THUVIENORCAD\THUVIENORCAD\LIBRARY\TM_DISC.LLB
Thu Mar 24 06:21:52 Loaded file D:\DANH\ROBOT\ORCAD LIBS\THUVIENORCAD\THUVIENORCAD\LIBRARY\TM_RAD.LLB
Thu Mar 24 06:21:52 Loaded file D:\DANH\ROBOT\ORCAD LIBS\THUVIENORCAD\THUVIENORCAD\LIBRARY\TO.LLB
Thu Mar 24 06:21:52 Loaded file D:\DANH\ROBOT\ORCAD LIBS\THUVIENORCAD\THUVIENORCAD\LIBRARY\TRAINING.LLB
Thu Mar 24 06:21:52 Loaded file D:\DANH\ROBOT\ORCAD LIBS\THUVIENORCAD\THUVIENORCAD\LIBRARY\VRES.LLB
Thu Mar 24 06:21:52 Loaded file D:\DANH\ROBOT\ORCAD LIBS\THUVIENORCAD\THUVIENORCAD\LIBRARY\WCON100T.LLB
Thu Mar 24 06:21:52 Loaded file D:\DANH\ROBOT\ORCAD LIBS\THUVIENORCAD\THUVIENORCAD\LIBRARY\XT.LLB
Thu Mar 24 06:21:52 Loaded file D:\DANH\ROBOT\ORCAD LIBS\THUVIENORCAD\THUVIENORCAD\LIBRARY\ZIGZAG.LLB
Thu Mar 24 06:21:52 Loaded file D:\DANH\ROBOT\ORCAD LIBS\THUVIENORCAD\THUVIENORCAD\HOA DOAN\HOADOAN.LLB
Thu Mar 24 06:21:52 Loaded file D:\DANH\ROBOT\ORCAD LIBS\THUVIENORCAD\THUVIENORCAD\THU VIEN\THU VIEN.LLB
Thu Mar 24 06:21:52 Loaded file D:\DANH\ROBOT\ORCAD LIBS\THU VIEN\THU VIEN.LLB
Thu Mar 24 06:21:53 Loaded file D:\DANH\ROBOT\ORCAD LIBS\ORCAD LAYOUT\T2L LAYOUT.LLB
Thu Mar 24 06:21:53 Loaded file D:\DANH\ROBOT\ORCAD LIBS\DANHLIB.LLB
Thu Mar 24 06:21:53 Loaded file D:\DANH\ROBOT\ORCAD LIBS\THUVIENORCAD\THUVIENORCAD\THUVIEN1\TIEN.LLB
Thu Mar 24 06:21:53 Loaded file D:\DANH\ROBOT\ORCAD LIBS\THU VIEN\THU VIEN.LLB
Thu Mar 24 06:21:53 Loaded file D:\DANH\ROBOT\ORCAD LIBS\THUVIENORCAD\THUVIENORCAD\HOA DOAN\HOADOAN.LLB
Thu Mar 24 06:21:53 Loaded file D:\DANH\ROBOT\ORCAD LIBS\THUVIENORCAD\THUVIENORCAD\LIBRARY ORCAD\THU VIEN ORCAD FULL\THU VIEN.LLB
Thu Mar 24 06:21:53 Loaded file D:\DANH\ROBOT\ORCAD LIBS\DANHLIB.LLB
Thu Mar 24 06:21:53 Saved as file D:\DANH\ROBOT\ORCAD PROJECTS\COMERCIAL PROJECTS\COM_PRJ31\COM_PRJ31.MAX
Thu Mar 24 06:21:53 Loaded file D:\DANH\ROBOT\ORCAD PROJECTS\COMERCIAL PROJECTS\COM_PRJ31\COM_PRJ31.MAX
Thu Mar 24 06:22:32 Saved as file D:\DANH\ROBOT\ORCAD PROJECTS\COMERCIAL PROJECTS\COM_PRJ31\COM_PRJ31.MAX
Thu Mar 24 06:32:57 Saved as file BACKUP1.MAX
Thu Mar 24 06:33:57 Error code 0034.912 (266)
Thu Mar 24 06:33:57 Saved as file Backup0.max
Thu Mar 24 06:33:57 Windows which were open at time of error:
Thu Mar 24 06:33:57 	ActiveWindow: &Route
Thu Mar 24 06:33:57 	Icon: &Components
Thu Mar 24 06:33:57 	Icon: &Nets
Thu Mar 24 06:33:57 	Icon: Post Proces&s
Thu Mar 24 06:33:57 End-of-list
Thu Mar 24 06:33:58 Error code 0034.912 (266)
Thu Mar 24 12:30:56 Saved as file BACKUP1.MAX
Thu Mar 24 12:30:56 No new connections routed.
Thu Mar 24 12:30:56 Total is now 0 out of 18 (0%).
Thu Mar 24 12:30:56 Saved as file SWEEP1.MAX
Thu Mar 24 12:30:56 Saved as file BACKUP1.MAX
Thu Mar 24 12:30:56 Routed 18 connections in 0 seconds.
Thu Mar 24 12:30:56 Total is now 18 out of 18 (100%).
Thu Mar 24 12:30:56 Saved as file SWEEP2.MAX
Thu Mar 24 12:30:56 No new connections routed.
Thu Mar 24 12:30:56 Total is now 18 out of 18 (100%).
Thu Mar 24 12:30:56 Saved as file SWEEP3.MAX
Thu Mar 24 12:30:56 No new connections routed.
Thu Mar 24 12:30:56 Total is now 18 out of 18 (100%).
Thu Mar 24 12:30:56 Saved as file SWEEP4.MAX
Thu Mar 24 12:30:56 No new connections routed.
Thu Mar 24 12:30:56 Total is now 18 out of 18 (100%).
Thu Mar 24 12:30:56 Saved as file SWEEP5.MAX
Thu Mar 24 12:32:12 Saved as file BACKUP1.MAX
Thu Mar 24 12:32:12 No new connections routed.
Thu Mar 24 12:32:12 Total is now 0 out of 18 (0%).
Thu Mar 24 12:32:12 Saved as file SWEEP1.MAX
Thu Mar 24 12:32:12 Saved as file BACKUP1.MAX
Thu Mar 24 12:32:12 Routed 17 connections in 0 seconds.
Thu Mar 24 12:32:12 Total is now 17 out of 18 (94%).
Thu Mar 24 12:32:12 Saved as file SWEEP2.MAX
Thu Mar 24 12:32:13 Routed 1 connections in 0 seconds.
Thu Mar 24 12:32:13 Total is now 18 out of 18 (100%).
Thu Mar 24 12:32:13 Saved as file SWEEP3.MAX
Thu Mar 24 12:32:13 No new connections routed.
Thu Mar 24 12:32:13 Total is now 18 out of 18 (100%).
Thu Mar 24 12:32:13 Saved as file SWEEP4.MAX
Thu Mar 24 12:32:13 No new connections routed.
Thu Mar 24 12:32:13 Total is now 18 out of 18 (100%).
Thu Mar 24 12:32:13 Saved as file SWEEP5.MAX
Thu Mar 24 12:34:51 Saved as file BACKUP1.MAX
Thu Mar 24 12:34:51 No new connections routed.
Thu Mar 24 12:34:51 Total is now 0 out of 18 (0%).
Thu Mar 24 12:34:51 Saved as file SWEEP1.MAX
Thu Mar 24 12:34:51 Saved as file BACKUP1.MAX
Thu Mar 24 12:34:51 Routed 18 connections in 0 seconds.
Thu Mar 24 12:34:51 Total is now 18 out of 18 (100%).
Thu Mar 24 12:34:51 Saved as file SWEEP2.MAX
Thu Mar 24 12:34:51 No new connections routed.
Thu Mar 24 12:34:51 Total is now 18 out of 18 (100%).
Thu Mar 24 12:34:51 Saved as file SWEEP3.MAX
Thu Mar 24 12:34:51 No new connections routed.
Thu Mar 24 12:34:51 Total is now 18 out of 18 (100%).
Thu Mar 24 12:34:51 Saved as file SWEEP4.MAX
Thu Mar 24 12:34:51 No new connections routed.
Thu Mar 24 12:34:51 Total is now 18 out of 18 (100%).
Thu Mar 24 12:34:51 Saved as file SWEEP5.MAX
Thu Mar 24 12:37:05 Saved as file BACKUP1.MAX
Thu Mar 24 12:39:35 Saved as file D:\DANH\ROBOT\ORCAD PROJECTS\COMERCIAL PROJECTS\COM_PRJ31\COM_PRJ31.MAX
Thu Mar 24 12:39:35 Saved as file D:\DANH\ROBOT\ORCAD PROJECTS\COMERCIAL PROJECTS\COM_PRJ31\COM_PRJ31.MAX
Thu Mar 24 12:40:03 Saved as file D:\DANH\ROBOT\ORCAD PROJECTS\COMERCIAL PROJECTS\COM_PRJ31\COM_PRJ31.MAX
Thu Mar 24 12:40:31 Removed unused footprint: DEFAULT
Thu Mar 24 12:40:33 Removed unused padstack: T7
Thu Mar 24 12:40:33 Removed unused padstack: T2
Thu Mar 24 12:40:33 Removed unused padstack: T1
Thu Mar 24 12:40:44 Saved as file D:\DANH\ROBOT\ORCAD PROJECTS\COMERCIAL PROJECTS\COM_PRJ31\COM_PRJ31.MAX
Thu Mar 24 12:42:28 Saved as file D:\DANH\ROBOT\ORCAD PROJECTS\COMERCIAL PROJECTS\COM_PRJ31\COM_PRJ31.MAX
Thu Mar 24 12:42:29 Saved as file D:\DANH\ROBOT\ORCAD PROJECTS\COMERCIAL PROJECTS\COM_PRJ31\COM_PRJ31.MAX
Thu Mar 24 12:42:29 Saved as file D:\DANH\ROBOT\ORCAD PROJECTS\COMERCIAL PROJECTS\COM_PRJ31\COM_PRJ31.MAX
Thu Mar 24 12:42:30 Saved as file D:\DANH\ROBOT\ORCAD PROJECTS\COMERCIAL PROJECTS\COM_PRJ31\COM_PRJ31.MAX
Thu Mar 24 12:42:31 Saved as file D:\DANH\ROBOT\ORCAD PROJECTS\COMERCIAL PROJECTS\COM_PRJ31\COM_PRJ31.MAX
Thu Mar 24 12:42:31 Saved as file D:\DANH\ROBOT\ORCAD PROJECTS\COMERCIAL PROJECTS\COM_PRJ31\COM_PRJ31.MAX
Thu Mar 24 12:42:34 Saved as file D:\DANH\ROBOT\ORCAD PROJECTS\COMERCIAL PROJECTS\COM_PRJ31\COM_PRJ31.MAX
Thu Mar 24 12:42:34 Saved as file D:\DANH\ROBOT\ORCAD PROJECTS\COMERCIAL PROJECTS\COM_PRJ31\COM_PRJ31.MAX
Wed Jul 27 01:09:26 Loaded file D:\DANH\ROBOT\ORCAD PROJECTS\COMERCIAL PROJECTS\COM_PRJ31\COM_PRJ31.MAX
