

Microchip Technology PIC LITE Macro Assembler V1.41 build -162212810 
                                                                                               Mon Aug 07 22:13:18 2017

Microchip Technology Omniscient Code Generator v1.41 (Free mode) build 201701250102
     1                           	processor	12F629
     2                           	opt	pw 120
     3                           	opt	lm
     4                           	psect	cinit,global,class=CODE,merge=1,delta=2
     5                           	psect	cstackBANK0,global,class=BANK0,space=1,delta=1
     6                           	psect	maintext,global,class=CODE,split=1,delta=2
     7                           	dabs	1,0x5E,2
     8  0000                     
     9                           ; Version 1.41
    10                           ; Generated 25/01/2017 GMT
    11                           ; 
    12                           ; Copyright © 2017, Microchip Technology Inc. and its subsidiaries ("Microchip")
    13                           ; All rights reserved.
    14                           ; 
    15                           ; This software is developed by Microchip Technology Inc. and its subsidiaries ("Microch
      +                          ip").
    16                           ; 
    17                           ; Redistribution and use in source and binary forms, with or without modification, are
    18                           ; permitted provided that the following conditions are met:
    19                           ; 
    20                           ;     1. Redistributions of source code must retain the above copyright notice, this lis
      +                          t of
    21                           ;        conditions and the following disclaimer.
    22                           ; 
    23                           ;     2. Redistributions in binary form must reproduce the above copyright notice, this 
      +                          list
    24                           ;        of conditions and the following disclaimer in the documentation and/or other
    25                           ;        materials provided with the distribution.
    26                           ; 
    27                           ;     3. Microchip's name may not be used to endorse or promote products derived from th
      +                          is
    28                           ;        software without specific prior written permission.
    29                           ; 
    30                           ; THIS SOFTWARE IS PROVIDED BY MICROCHIP "AS IS" AND ANY EXPRESS OR IMPLIED WARRANTIES,
    31                           ; INCLUDING, BUT NOT LIMITED TO, THE IMPLIED WARRANTIES OF MERCHANTABILITY AND FITNESS F
      +                          OR
    32                           ; PURPOSE ARE DISCLAIMED.  IN NO EVENT SHALL MICROCHIP BE LIABLE FOR ANY DIRECT, INDIREC
      +                          T,
    33                           ; INCIDENTAL, SPECIAL, EXEMPLARY, OR CONSEQUENTIAL DAMAGES (INCLUDING BUT NOT LIMITED TO
    34                           ; PROCUREMENT OF SUBSTITUTE GOODS OR SERVICES; LOSS OF USE, DATA OR PROFITS; OR BUSINESS
    35                           ; INTERRUPTION) HOWSOEVER CAUSED AND ON ANY THEORY OF LIABILITY, WHETHER IN CONTRACT, ST
      +                          RICT
    36                           ; LIABILITY, OR TORT (INCLUDING NEGLIGENCE OR OTHERWISE) ARISING IN ANY WAY OUT OF THE U
      +                          SE OF
    37                           ; THIS SOFTWARE, EVEN IF ADVISED OF THE POSSIBILITY OF SUCH DAMAGE.
    38                           ; 
    39                           ; 
    40                           ; Code-generator required, PIC12F629 Definitions
    41                           ; 
    42                           ; SFR Addresses
    43  0000                     	;# 
    44  0001                     	;# 
    45  0002                     	;# 
    46  0003                     	;# 
    47  0004                     	;# 
    48  0005                     	;# 
    49  000A                     	;# 
    50  000B                     	;# 
    51  000C                     	;# 
    52  000E                     	;# 
    53  000E                     	;# 
    54  000F                     	;# 
    55  0010                     	;# 
    56  0019                     	;# 
    57  0081                     	;# 
    58  0085                     	;# 
    59  008C                     	;# 
    60  008E                     	;# 
    61  0090                     	;# 
    62  0095                     	;# 
    63  0096                     	;# 
    64  0096                     	;# 
    65  0099                     	;# 
    66  009A                     	;# 
    67  009A                     	;# 
    68  009B                     	;# 
    69  009C                     	;# 
    70  009D                     	;# 
    71  0005                     _GPIObits	set	5
    72  0090                     _OSCCALbits	set	144
    73  0085                     _TRISIObits	set	133
    74                           
    75                           ; #config settings
    76  0000                     
    77                           	psect	cinit
    78  03FD                     start_initialization:	
    79  03FD                     __initialization:	
    80  03FD                     end_of_initialization:	
    81                           ;End of C runtime variable initialization code
    82                           
    83  03FD                     __end_of__initialization:	
    84  03FD  0183               	clrf	3
    85  03FE  2843               	ljmp	_main	;jump to C main() function
    86                           
    87                           	psect	cstackBANK0
    88  0020                     __pcstackBANK0:	
    89  0020                     ?_main:	
    90  0020                     ??_main:	
    91                           ; 1 bytes @ 0x0
    92                           
    93                           
    94                           ; 1 bytes @ 0x0
    95  0020                     	ds	3
    96  0023                     main@i:	
    97                           
    98                           ; 2 bytes @ 0x3
    99  0023                     	ds	2
   100                           
   101                           	psect	maintext
   102  0043                     __pmaintext:	
   103 ;;
   104 ;;Main: autosize = 0, tempsize = 3, incstack = 0, save=0
   105 ;;
   106 ;; *************** function _main *****************
   107 ;; Defined at:
   108 ;;		line 63 in file "main.c"
   109 ;; Parameters:    Size  Location     Type
   110 ;;		None
   111 ;; Auto vars:     Size  Location     Type
   112 ;;  i               2    3[BANK0 ] int 
   113 ;; Return value:  Size  Location     Type
   114 ;;                  1    wreg      void 
   115 ;; Registers used:
   116 ;;		wreg, status,2, status,0, btemp+1
   117 ;; Tracked objects:
   118 ;;		On entry : B00/0
   119 ;;		On exit  : 0/0
   120 ;;		Unchanged: 0/0
   121 ;; Data sizes:     COMMON   BANK0
   122 ;;      Params:         0       0
   123 ;;      Locals:         0       2
   124 ;;      Temps:          0       3
   125 ;;      Totals:         0       5
   126 ;;Total ram usage:        5 bytes
   127 ;; This function calls:
   128 ;;		Nothing
   129 ;; This function is called by:
   130 ;;		Startup code after reset
   131 ;; This function uses a non-reentrant model
   132 ;;
   133                           
   134                           
   135                           ;psect for function _main
   136  0043                     _main:	
   137                           
   138                           ;main.c: 64: TRISIObits.TRISIO1 = 0;
   139                           
   140                           ;incstack = 0
   141                           ; Regs used in _main: [wreg+status,2+status,0+btemp+1]
   142  0043  1683               	bsf	3,5	;RP0=1, select bank1
   143  0044  1085               	bcf	5,1	;volatile
   144  0045                     L1:	
   145                           
   146                           ;main.c: 65: GPIObits.GP1 = 1;
   147  0045  1283               	bcf	3,5	;RP0=0, select bank0
   148  0046  1485               	bsf	5,1	;volatile
   149                           
   150                           ;main.c: 67: {
   151                           ;main.c: 68: OSCCALbits.CAL = 0b000000;
   152                           
   153                           ;main.c: 66: while(1)
   154  0047  3003               	movlw	-253
   155  0048  1683               	bsf	3,5	;RP0=1, select bank1
   156  0049  0590               	andwf	16,f	;volatile
   157                           
   158                           ;main.c: 72: { _delay((unsigned long)((50000)*(4000000/4000.0))); _delay((unsigned long)
      +                          ((50000)*(4000000/4000.0))); _delay((unsigned long)((50000)*(4000000/4000.0))); _delay((
      +                          unsigned long)((50000)*(4000000/4000.0))); _delay((unsigned long)((50000)*(4000000/4000
   159  004A  30FE               	movlw	254
   160  004B  1283               	bcf	3,5	;RP0=0, select bank0
   161  004C  00A2               	movwf	??_main+2
   162  004D  30A7               	movlw	167
   163  004E  00A1               	movwf	??_main+1
   164  004F  3065               	movlw	101
   165  0050  00A0               	movwf	??_main
   166  0051                     u57:	
   167  0051  0BA0               	decfsz	??_main,f
   168  0052  2851               	goto	u57
   169  0053  0BA1               	decfsz	??_main+1,f
   170  0054  2851               	goto	u57
   171  0055  0BA2               	decfsz	??_main+2,f
   172  0056  2851               	goto	u57
   173  0057  2858               	nop2
   174  0058  30FE               	movlw	254
   175  0059  1283               	bcf	3,5	;RP0=0, select bank0
   176  005A  00A2               	movwf	??_main+2
   177  005B  30A7               	movlw	167
   178  005C  00A1               	movwf	??_main+1
   179  005D  3065               	movlw	101
   180  005E  00A0               	movwf	??_main
   181  005F                     u67:	
   182  005F  0BA0               	decfsz	??_main,f
   183  0060  285F               	goto	u67
   184  0061  0BA1               	decfsz	??_main+1,f
   185  0062  285F               	goto	u67
   186  0063  0BA2               	decfsz	??_main+2,f
   187  0064  285F               	goto	u67
   188  0065  2866               	nop2
   189  0066  30FE               	movlw	254
   190  0067  1283               	bcf	3,5	;RP0=0, select bank0
   191  0068  00A2               	movwf	??_main+2
   192  0069  30A7               	movlw	167
   193  006A  00A1               	movwf	??_main+1
   194  006B  3065               	movlw	101
   195  006C  00A0               	movwf	??_main
   196  006D                     u77:	
   197  006D  0BA0               	decfsz	??_main,f
   198  006E  286D               	goto	u77
   199  006F  0BA1               	decfsz	??_main+1,f
   200  0070  286D               	goto	u77
   201  0071  0BA2               	decfsz	??_main+2,f
   202  0072  286D               	goto	u77
   203  0073  2874               	nop2
   204  0074  30FE               	movlw	254
   205  0075  1283               	bcf	3,5	;RP0=0, select bank0
   206  0076  00A2               	movwf	??_main+2
   207  0077  30A7               	movlw	167
   208  0078  00A1               	movwf	??_main+1
   209  0079  3065               	movlw	101
   210  007A  00A0               	movwf	??_main
   211  007B                     u87:	
   212  007B  0BA0               	decfsz	??_main,f
   213  007C  287B               	goto	u87
   214  007D  0BA1               	decfsz	??_main+1,f
   215  007E  287B               	goto	u87
   216  007F  0BA2               	decfsz	??_main+2,f
   217  0080  287B               	goto	u87
   218  0081  2882               	nop2
   219  0082  30FE               	movlw	254
   220  0083  1283               	bcf	3,5	;RP0=0, select bank0
   221  0084  00A2               	movwf	??_main+2
   222  0085  30A7               	movlw	167
   223  0086  00A1               	movwf	??_main+1
   224  0087  3065               	movlw	101
   225  0088  00A0               	movwf	??_main
   226  0089                     u97:	
   227  0089  0BA0               	decfsz	??_main,f
   228  008A  2889               	goto	u97
   229  008B  0BA1               	decfsz	??_main+1,f
   230  008C  2889               	goto	u97
   231  008D  0BA2               	decfsz	??_main+2,f
   232  008E  2889               	goto	u97
   233  008F  2890               	nop2
   234  0090  30FE               	movlw	254
   235  0091  1283               	bcf	3,5	;RP0=0, select bank0
   236  0092  00A2               	movwf	??_main+2
   237  0093  30A7               	movlw	167
   238  0094  00A1               	movwf	??_main+1
   239  0095  3065               	movlw	101
   240  0096  00A0               	movwf	??_main
   241  0097                     u107:	
   242  0097  0BA0               	decfsz	??_main,f
   243  0098  2897               	goto	u107
   244  0099  0BA1               	decfsz	??_main+1,f
   245  009A  2897               	goto	u107
   246  009B  0BA2               	decfsz	??_main+2,f
   247  009C  2897               	goto	u107
   248  009D  289E               	nop2
   249                           
   250                           ;main.c: 74: GPIObits.GP1 = 0;
   251  009E  1283               	bcf	3,5	;RP0=0, select bank0
   252  009F  1085               	bcf	5,1	;volatile
   253                           
   254                           ;main.c: 75: for(int i = 0; i < 3; i++)
   255  00A0  01A3               	clrf	main@i
   256  00A1  01A4               	clrf	main@i+1
   257  00A2                     L2:	
   258  00A2  0824               	movf	main@i+1,w
   259  00A3  3A80               	xorlw	128
   260  00A4  00DF               	movwf	95
   261  00A5  3080               	movlw	128
   262  00A6  025F               	subwf	95,w
   263  00A7  1D03               	skipz
   264  00A8  28AB               	goto	u35
   265  00A9  3003               	movlw	3
   266  00AA  0223               	subwf	main@i,w
   267  00AB                     u35:	
   268  00AB  1803               	btfsc	3,0
   269  00AC  2845               	goto	L1
   270                           
   271                           ;main.c: 76: {
   272                           ;main.c: 80: { { _delay((unsigned long)((50000)*(4000000/4000.0))); _delay((unsigned lon
      +                          g)((50000)*(4000000/4000.0))); _delay((unsigned long)((50000)*(4000000/4000.0))); _delay
      +                          ((unsigned long)((50000)*(4000000/4000.0))); _delay((unsigned long)((50000)*(4000000/40
   273  00AD  30FE               	movlw	254
   274  00AE  1283               	bcf	3,5	;RP0=0, select bank0
   275  00AF  00A2               	movwf	??_main+2
   276  00B0  30A7               	movlw	167
   277  00B1  00A1               	movwf	??_main+1
   278  00B2  3065               	movlw	101
   279  00B3  00A0               	movwf	??_main
   280  00B4                     u117:	
   281  00B4  0BA0               	decfsz	??_main,f
   282  00B5  28B4               	goto	u117
   283  00B6  0BA1               	decfsz	??_main+1,f
   284  00B7  28B4               	goto	u117
   285  00B8  0BA2               	decfsz	??_main+2,f
   286  00B9  28B4               	goto	u117
   287  00BA  28BB               	nop2
   288  00BB  30FE               	movlw	254
   289  00BC  1283               	bcf	3,5	;RP0=0, select bank0
   290  00BD  00A2               	movwf	??_main+2
   291  00BE  30A7               	movlw	167
   292  00BF  00A1               	movwf	??_main+1
   293  00C0  3065               	movlw	101
   294  00C1  00A0               	movwf	??_main
   295  00C2                     u127:	
   296  00C2  0BA0               	decfsz	??_main,f
   297  00C3  28C2               	goto	u127
   298  00C4  0BA1               	decfsz	??_main+1,f
   299  00C5  28C2               	goto	u127
   300  00C6  0BA2               	decfsz	??_main+2,f
   301  00C7  28C2               	goto	u127
   302  00C8  28C9               	nop2
   303  00C9  30FE               	movlw	254
   304  00CA  1283               	bcf	3,5	;RP0=0, select bank0
   305  00CB  00A2               	movwf	??_main+2
   306  00CC  30A7               	movlw	167
   307  00CD  00A1               	movwf	??_main+1
   308  00CE  3065               	movlw	101
   309  00CF  00A0               	movwf	??_main
   310  00D0                     u137:	
   311  00D0  0BA0               	decfsz	??_main,f
   312  00D1  28D0               	goto	u137
   313  00D2  0BA1               	decfsz	??_main+1,f
   314  00D3  28D0               	goto	u137
   315  00D4  0BA2               	decfsz	??_main+2,f
   316  00D5  28D0               	goto	u137
   317  00D6  28D7               	nop2
   318  00D7  30FE               	movlw	254
   319  00D8  1283               	bcf	3,5	;RP0=0, select bank0
   320  00D9  00A2               	movwf	??_main+2
   321  00DA  30A7               	movlw	167
   322  00DB  00A1               	movwf	??_main+1
   323  00DC  3065               	movlw	101
   324  00DD  00A0               	movwf	??_main
   325  00DE                     u147:	
   326  00DE  0BA0               	decfsz	??_main,f
   327  00DF  28DE               	goto	u147
   328  00E0  0BA1               	decfsz	??_main+1,f
   329  00E1  28DE               	goto	u147
   330  00E2  0BA2               	decfsz	??_main+2,f
   331  00E3  28DE               	goto	u147
   332  00E4  28E5               	nop2
   333  00E5  30FE               	movlw	254
   334  00E6  1283               	bcf	3,5	;RP0=0, select bank0
   335  00E7  00A2               	movwf	??_main+2
   336  00E8  30A7               	movlw	167
   337  00E9  00A1               	movwf	??_main+1
   338  00EA  3065               	movlw	101
   339  00EB  00A0               	movwf	??_main
   340  00EC                     u157:	
   341  00EC  0BA0               	decfsz	??_main,f
   342  00ED  28EC               	goto	u157
   343  00EE  0BA1               	decfsz	??_main+1,f
   344  00EF  28EC               	goto	u157
   345  00F0  0BA2               	decfsz	??_main+2,f
   346  00F1  28EC               	goto	u157
   347  00F2  28F3               	nop2
   348  00F3  30FE               	movlw	254
   349  00F4  1283               	bcf	3,5	;RP0=0, select bank0
   350  00F5  00A2               	movwf	??_main+2
   351  00F6  30A7               	movlw	167
   352  00F7  00A1               	movwf	??_main+1
   353  00F8  3065               	movlw	101
   354  00F9  00A0               	movwf	??_main
   355  00FA                     u167:	
   356  00FA  0BA0               	decfsz	??_main,f
   357  00FB  28FA               	goto	u167
   358  00FC  0BA1               	decfsz	??_main+1,f
   359  00FD  28FA               	goto	u167
   360  00FE  0BA2               	decfsz	??_main+2,f
   361  00FF  28FA               	goto	u167
   362  0100  2901               	nop2
   363  0101  30FE               	movlw	254
   364  0102  1283               	bcf	3,5	;RP0=0, select bank0
   365  0103  00A2               	movwf	??_main+2
   366  0104  30A7               	movlw	167
   367  0105  00A1               	movwf	??_main+1
   368  0106  3065               	movlw	101
   369  0107  00A0               	movwf	??_main
   370  0108                     u177:	
   371  0108  0BA0               	decfsz	??_main,f
   372  0109  2908               	goto	u177
   373  010A  0BA1               	decfsz	??_main+1,f
   374  010B  2908               	goto	u177
   375  010C  0BA2               	decfsz	??_main+2,f
   376  010D  2908               	goto	u177
   377  010E  290F               	nop2
   378  010F  30FE               	movlw	254
   379  0110  1283               	bcf	3,5	;RP0=0, select bank0
   380  0111  00A2               	movwf	??_main+2
   381  0112  30A7               	movlw	167
   382  0113  00A1               	movwf	??_main+1
   383  0114  3065               	movlw	101
   384  0115  00A0               	movwf	??_main
   385  0116                     u187:	
   386  0116  0BA0               	decfsz	??_main,f
   387  0117  2916               	goto	u187
   388  0118  0BA1               	decfsz	??_main+1,f
   389  0119  2916               	goto	u187
   390  011A  0BA2               	decfsz	??_main+2,f
   391  011B  2916               	goto	u187
   392  011C  291D               	nop2
   393  011D  30FE               	movlw	254
   394  011E  1283               	bcf	3,5	;RP0=0, select bank0
   395  011F  00A2               	movwf	??_main+2
   396  0120  30A7               	movlw	167
   397  0121  00A1               	movwf	??_main+1
   398  0122  3065               	movlw	101
   399  0123  00A0               	movwf	??_main
   400  0124                     u197:	
   401  0124  0BA0               	decfsz	??_main,f
   402  0125  2924               	goto	u197
   403  0126  0BA1               	decfsz	??_main+1,f
   404  0127  2924               	goto	u197
   405  0128  0BA2               	decfsz	??_main+2,f
   406  0129  2924               	goto	u197
   407  012A  292B               	nop2
   408  012B  30FE               	movlw	254
   409  012C  1283               	bcf	3,5	;RP0=0, select bank0
   410  012D  00A2               	movwf	??_main+2
   411  012E  30A7               	movlw	167
   412  012F  00A1               	movwf	??_main+1
   413  0130  3065               	movlw	101
   414  0131  00A0               	movwf	??_main
   415  0132                     u207:	
   416  0132  0BA0               	decfsz	??_main,f
   417  0133  2932               	goto	u207
   418  0134  0BA1               	decfsz	??_main+1,f
   419  0135  2932               	goto	u207
   420  0136  0BA2               	decfsz	??_main+2,f
   421  0137  2932               	goto	u207
   422  0138  2939               	nop2
   423  0139  30FE               	movlw	254
   424  013A  1283               	bcf	3,5	;RP0=0, select bank0
   425  013B  00A2               	movwf	??_main+2
   426  013C  30A7               	movlw	167
   427  013D  00A1               	movwf	??_main+1
   428  013E  3065               	movlw	101
   429  013F  00A0               	movwf	??_main
   430  0140                     u217:	
   431  0140  0BA0               	decfsz	??_main,f
   432  0141  2940               	goto	u217
   433  0142  0BA1               	decfsz	??_main+1,f
   434  0143  2940               	goto	u217
   435  0144  0BA2               	decfsz	??_main+2,f
   436  0145  2940               	goto	u217
   437  0146  2947               	nop2
   438  0147  30FE               	movlw	254
   439  0148  1283               	bcf	3,5	;RP0=0, select bank0
   440  0149  00A2               	movwf	??_main+2
   441  014A  30A7               	movlw	167
   442  014B  00A1               	movwf	??_main+1
   443  014C  3065               	movlw	101
   444  014D  00A0               	movwf	??_main
   445  014E                     u227:	
   446  014E  0BA0               	decfsz	??_main,f
   447  014F  294E               	goto	u227
   448  0150  0BA1               	decfsz	??_main+1,f
   449  0151  294E               	goto	u227
   450  0152  0BA2               	decfsz	??_main+2,f
   451  0153  294E               	goto	u227
   452  0154  2955               	nop2
   453  0155  30FE               	movlw	254
   454  0156  1283               	bcf	3,5	;RP0=0, select bank0
   455  0157  00A2               	movwf	??_main+2
   456  0158  30A7               	movlw	167
   457  0159  00A1               	movwf	??_main+1
   458  015A  3065               	movlw	101
   459  015B  00A0               	movwf	??_main
   460  015C                     u237:	
   461  015C  0BA0               	decfsz	??_main,f
   462  015D  295C               	goto	u237
   463  015E  0BA1               	decfsz	??_main+1,f
   464  015F  295C               	goto	u237
   465  0160  0BA2               	decfsz	??_main+2,f
   466  0161  295C               	goto	u237
   467  0162  2963               	nop2
   468  0163  30FE               	movlw	254
   469  0164  1283               	bcf	3,5	;RP0=0, select bank0
   470  0165  00A2               	movwf	??_main+2
   471  0166  30A7               	movlw	167
   472  0167  00A1               	movwf	??_main+1
   473  0168  3065               	movlw	101
   474  0169  00A0               	movwf	??_main
   475  016A                     u247:	
   476  016A  0BA0               	decfsz	??_main,f
   477  016B  296A               	goto	u247
   478  016C  0BA1               	decfsz	??_main+1,f
   479  016D  296A               	goto	u247
   480  016E  0BA2               	decfsz	??_main+2,f
   481  016F  296A               	goto	u247
   482  0170  2971               	nop2
   483  0171  30FE               	movlw	254
   484  0172  1283               	bcf	3,5	;RP0=0, select bank0
   485  0173  00A2               	movwf	??_main+2
   486  0174  30A7               	movlw	167
   487  0175  00A1               	movwf	??_main+1
   488  0176  3065               	movlw	101
   489  0177  00A0               	movwf	??_main
   490  0178                     u257:	
   491  0178  0BA0               	decfsz	??_main,f
   492  0179  2978               	goto	u257
   493  017A  0BA1               	decfsz	??_main+1,f
   494  017B  2978               	goto	u257
   495  017C  0BA2               	decfsz	??_main+2,f
   496  017D  2978               	goto	u257
   497  017E  297F               	nop2
   498  017F  30FE               	movlw	254
   499  0180  1283               	bcf	3,5	;RP0=0, select bank0
   500  0181  00A2               	movwf	??_main+2
   501  0182  30A7               	movlw	167
   502  0183  00A1               	movwf	??_main+1
   503  0184  3065               	movlw	101
   504  0185  00A0               	movwf	??_main
   505  0186                     u267:	
   506  0186  0BA0               	decfsz	??_main,f
   507  0187  2986               	goto	u267
   508  0188  0BA1               	decfsz	??_main+1,f
   509  0189  2986               	goto	u267
   510  018A  0BA2               	decfsz	??_main+2,f
   511  018B  2986               	goto	u267
   512  018C  298D               	nop2
   513  018D  30FE               	movlw	254
   514  018E  1283               	bcf	3,5	;RP0=0, select bank0
   515  018F  00A2               	movwf	??_main+2
   516  0190  30A7               	movlw	167
   517  0191  00A1               	movwf	??_main+1
   518  0192  3065               	movlw	101
   519  0193  00A0               	movwf	??_main
   520  0194                     u277:	
   521  0194  0BA0               	decfsz	??_main,f
   522  0195  2994               	goto	u277
   523  0196  0BA1               	decfsz	??_main+1,f
   524  0197  2994               	goto	u277
   525  0198  0BA2               	decfsz	??_main+2,f
   526  0199  2994               	goto	u277
   527  019A  299B               	nop2
   528  019B  30FE               	movlw	254
   529  019C  1283               	bcf	3,5	;RP0=0, select bank0
   530  019D  00A2               	movwf	??_main+2
   531  019E  30A7               	movlw	167
   532  019F  00A1               	movwf	??_main+1
   533  01A0  3065               	movlw	101
   534  01A1  00A0               	movwf	??_main
   535  01A2                     u287:	
   536  01A2  0BA0               	decfsz	??_main,f
   537  01A3  29A2               	goto	u287
   538  01A4  0BA1               	decfsz	??_main+1,f
   539  01A5  29A2               	goto	u287
   540  01A6  0BA2               	decfsz	??_main+2,f
   541  01A7  29A2               	goto	u287
   542  01A8  29A9               	nop2
   543  01A9  30FE               	movlw	254
   544  01AA  1283               	bcf	3,5	;RP0=0, select bank0
   545  01AB  00A2               	movwf	??_main+2
   546  01AC  30A7               	movlw	167
   547  01AD  00A1               	movwf	??_main+1
   548  01AE  3065               	movlw	101
   549  01AF  00A0               	movwf	??_main
   550  01B0                     u297:	
   551  01B0  0BA0               	decfsz	??_main,f
   552  01B1  29B0               	goto	u297
   553  01B2  0BA1               	decfsz	??_main+1,f
   554  01B3  29B0               	goto	u297
   555  01B4  0BA2               	decfsz	??_main+2,f
   556  01B5  29B0               	goto	u297
   557  01B6  29B7               	nop2
   558  01B7  30FE               	movlw	254
   559  01B8  1283               	bcf	3,5	;RP0=0, select bank0
   560  01B9  00A2               	movwf	??_main+2
   561  01BA  30A7               	movlw	167
   562  01BB  00A1               	movwf	??_main+1
   563  01BC  3065               	movlw	101
   564  01BD  00A0               	movwf	??_main
   565  01BE                     u307:	
   566  01BE  0BA0               	decfsz	??_main,f
   567  01BF  29BE               	goto	u307
   568  01C0  0BA1               	decfsz	??_main+1,f
   569  01C1  29BE               	goto	u307
   570  01C2  0BA2               	decfsz	??_main+2,f
   571  01C3  29BE               	goto	u307
   572  01C4  29C5               	nop2
   573  01C5  30FE               	movlw	254
   574  01C6  1283               	bcf	3,5	;RP0=0, select bank0
   575  01C7  00A2               	movwf	??_main+2
   576  01C8  30A7               	movlw	167
   577  01C9  00A1               	movwf	??_main+1
   578  01CA  3065               	movlw	101
   579  01CB  00A0               	movwf	??_main
   580  01CC                     u317:	
   581  01CC  0BA0               	decfsz	??_main,f
   582  01CD  29CC               	goto	u317
   583  01CE  0BA1               	decfsz	??_main+1,f
   584  01CF  29CC               	goto	u317
   585  01D0  0BA2               	decfsz	??_main+2,f
   586  01D1  29CC               	goto	u317
   587  01D2  29D3               	nop2
   588  01D3  30FE               	movlw	254
   589  01D4  1283               	bcf	3,5	;RP0=0, select bank0
   590  01D5  00A2               	movwf	??_main+2
   591  01D6  30A7               	movlw	167
   592  01D7  00A1               	movwf	??_main+1
   593  01D8  3065               	movlw	101
   594  01D9  00A0               	movwf	??_main
   595  01DA                     u327:	
   596  01DA  0BA0               	decfsz	??_main,f
   597  01DB  29DA               	goto	u327
   598  01DC  0BA1               	decfsz	??_main+1,f
   599  01DD  29DA               	goto	u327
   600  01DE  0BA2               	decfsz	??_main+2,f
   601  01DF  29DA               	goto	u327
   602  01E0  29E1               	nop2
   603  01E1  30FE               	movlw	254
   604  01E2  1283               	bcf	3,5	;RP0=0, select bank0
   605  01E3  00A2               	movwf	??_main+2
   606  01E4  30A7               	movlw	167
   607  01E5  00A1               	movwf	??_main+1
   608  01E6  3065               	movlw	101
   609  01E7  00A0               	movwf	??_main
   610  01E8                     u337:	
   611  01E8  0BA0               	decfsz	??_main,f
   612  01E9  29E8               	goto	u337
   613  01EA  0BA1               	decfsz	??_main+1,f
   614  01EB  29E8               	goto	u337
   615  01EC  0BA2               	decfsz	??_main+2,f
   616  01ED  29E8               	goto	u337
   617  01EE  29EF               	nop2
   618  01EF  30FE               	movlw	254
   619  01F0  1283               	bcf	3,5	;RP0=0, select bank0
   620  01F1  00A2               	movwf	??_main+2
   621  01F2  30A7               	movlw	167
   622  01F3  00A1               	movwf	??_main+1
   623  01F4  3065               	movlw	101
   624  01F5  00A0               	movwf	??_main
   625  01F6                     u347:	
   626  01F6  0BA0               	decfsz	??_main,f
   627  01F7  29F6               	goto	u347
   628  01F8  0BA1               	decfsz	??_main+1,f
   629  01F9  29F6               	goto	u347
   630  01FA  0BA2               	decfsz	??_main+2,f
   631  01FB  29F6               	goto	u347
   632  01FC  29FD               	nop2
   633  01FD  30FE               	movlw	254
   634  01FE  1283               	bcf	3,5	;RP0=0, select bank0
   635  01FF  00A2               	movwf	??_main+2
   636  0200  30A7               	movlw	167
   637  0201  00A1               	movwf	??_main+1
   638  0202  3065               	movlw	101
   639  0203  00A0               	movwf	??_main
   640  0204                     u357:	
   641  0204  0BA0               	decfsz	??_main,f
   642  0205  2A04               	goto	u357
   643  0206  0BA1               	decfsz	??_main+1,f
   644  0207  2A04               	goto	u357
   645  0208  0BA2               	decfsz	??_main+2,f
   646  0209  2A04               	goto	u357
   647  020A  2A0B               	nop2
   648  020B  30FE               	movlw	254
   649  020C  1283               	bcf	3,5	;RP0=0, select bank0
   650  020D  00A2               	movwf	??_main+2
   651  020E  30A7               	movlw	167
   652  020F  00A1               	movwf	??_main+1
   653  0210  3065               	movlw	101
   654  0211  00A0               	movwf	??_main
   655  0212                     u367:	
   656  0212  0BA0               	decfsz	??_main,f
   657  0213  2A12               	goto	u367
   658  0214  0BA1               	decfsz	??_main+1,f
   659  0215  2A12               	goto	u367
   660  0216  0BA2               	decfsz	??_main+2,f
   661  0217  2A12               	goto	u367
   662  0218  2A19               	nop2
   663  0219  30FE               	movlw	254
   664  021A  1283               	bcf	3,5	;RP0=0, select bank0
   665  021B  00A2               	movwf	??_main+2
   666  021C  30A7               	movlw	167
   667  021D  00A1               	movwf	??_main+1
   668  021E  3065               	movlw	101
   669  021F  00A0               	movwf	??_main
   670  0220                     u377:	
   671  0220  0BA0               	decfsz	??_main,f
   672  0221  2A20               	goto	u377
   673  0222  0BA1               	decfsz	??_main+1,f
   674  0223  2A20               	goto	u377
   675  0224  0BA2               	decfsz	??_main+2,f
   676  0225  2A20               	goto	u377
   677  0226  2A27               	nop2
   678  0227  30FE               	movlw	254
   679  0228  1283               	bcf	3,5	;RP0=0, select bank0
   680  0229  00A2               	movwf	??_main+2
   681  022A  30A7               	movlw	167
   682  022B  00A1               	movwf	??_main+1
   683  022C  3065               	movlw	101
   684  022D  00A0               	movwf	??_main
   685  022E                     u387:	
   686  022E  0BA0               	decfsz	??_main,f
   687  022F  2A2E               	goto	u387
   688  0230  0BA1               	decfsz	??_main+1,f
   689  0231  2A2E               	goto	u387
   690  0232  0BA2               	decfsz	??_main+2,f
   691  0233  2A2E               	goto	u387
   692  0234  2A35               	nop2
   693  0235  30FE               	movlw	254
   694  0236  1283               	bcf	3,5	;RP0=0, select bank0
   695  0237  00A2               	movwf	??_main+2
   696  0238  30A7               	movlw	167
   697  0239  00A1               	movwf	??_main+1
   698  023A  3065               	movlw	101
   699  023B  00A0               	movwf	??_main
   700  023C                     u397:	
   701  023C  0BA0               	decfsz	??_main,f
   702  023D  2A3C               	goto	u397
   703  023E  0BA1               	decfsz	??_main+1,f
   704  023F  2A3C               	goto	u397
   705  0240  0BA2               	decfsz	??_main+2,f
   706  0241  2A3C               	goto	u397
   707  0242  2A43               	nop2
   708  0243  30FE               	movlw	254
   709  0244  1283               	bcf	3,5	;RP0=0, select bank0
   710  0245  00A2               	movwf	??_main+2
   711  0246  30A7               	movlw	167
   712  0247  00A1               	movwf	??_main+1
   713  0248  3065               	movlw	101
   714  0249  00A0               	movwf	??_main
   715  024A                     u407:	
   716  024A  0BA0               	decfsz	??_main,f
   717  024B  2A4A               	goto	u407
   718  024C  0BA1               	decfsz	??_main+1,f
   719  024D  2A4A               	goto	u407
   720  024E  0BA2               	decfsz	??_main+2,f
   721  024F  2A4A               	goto	u407
   722  0250  2A51               	nop2
   723  0251  30FE               	movlw	254
   724  0252  1283               	bcf	3,5	;RP0=0, select bank0
   725  0253  00A2               	movwf	??_main+2
   726  0254  30A7               	movlw	167
   727  0255  00A1               	movwf	??_main+1
   728  0256  3065               	movlw	101
   729  0257  00A0               	movwf	??_main
   730  0258                     u417:	
   731  0258  0BA0               	decfsz	??_main,f
   732  0259  2A58               	goto	u417
   733  025A  0BA1               	decfsz	??_main+1,f
   734  025B  2A58               	goto	u417
   735  025C  0BA2               	decfsz	??_main+2,f
   736  025D  2A58               	goto	u417
   737  025E  2A5F               	nop2
   738  025F  30FE               	movlw	254
   739  0260  1283               	bcf	3,5	;RP0=0, select bank0
   740  0261  00A2               	movwf	??_main+2
   741  0262  30A7               	movlw	167
   742  0263  00A1               	movwf	??_main+1
   743  0264  3065               	movlw	101
   744  0265  00A0               	movwf	??_main
   745  0266                     u427:	
   746  0266  0BA0               	decfsz	??_main,f
   747  0267  2A66               	goto	u427
   748  0268  0BA1               	decfsz	??_main+1,f
   749  0269  2A66               	goto	u427
   750  026A  0BA2               	decfsz	??_main+2,f
   751  026B  2A66               	goto	u427
   752  026C  2A6D               	nop2
   753  026D  30FE               	movlw	254
   754  026E  1283               	bcf	3,5	;RP0=0, select bank0
   755  026F  00A2               	movwf	??_main+2
   756  0270  30A7               	movlw	167
   757  0271  00A1               	movwf	??_main+1
   758  0272  3065               	movlw	101
   759  0273  00A0               	movwf	??_main
   760  0274                     u437:	
   761  0274  0BA0               	decfsz	??_main,f
   762  0275  2A74               	goto	u437
   763  0276  0BA1               	decfsz	??_main+1,f
   764  0277  2A74               	goto	u437
   765  0278  0BA2               	decfsz	??_main+2,f
   766  0279  2A74               	goto	u437
   767  027A  2A7B               	nop2
   768  027B  30FE               	movlw	254
   769  027C  1283               	bcf	3,5	;RP0=0, select bank0
   770  027D  00A2               	movwf	??_main+2
   771  027E  30A7               	movlw	167
   772  027F  00A1               	movwf	??_main+1
   773  0280  3065               	movlw	101
   774  0281  00A0               	movwf	??_main
   775  0282                     u447:	
   776  0282  0BA0               	decfsz	??_main,f
   777  0283  2A82               	goto	u447
   778  0284  0BA1               	decfsz	??_main+1,f
   779  0285  2A82               	goto	u447
   780  0286  0BA2               	decfsz	??_main+2,f
   781  0287  2A82               	goto	u447
   782  0288  2A89               	nop2
   783  0289  30FE               	movlw	254
   784  028A  1283               	bcf	3,5	;RP0=0, select bank0
   785  028B  00A2               	movwf	??_main+2
   786  028C  30A7               	movlw	167
   787  028D  00A1               	movwf	??_main+1
   788  028E  3065               	movlw	101
   789  028F  00A0               	movwf	??_main
   790  0290                     u457:	
   791  0290  0BA0               	decfsz	??_main,f
   792  0291  2A90               	goto	u457
   793  0292  0BA1               	decfsz	??_main+1,f
   794  0293  2A90               	goto	u457
   795  0294  0BA2               	decfsz	??_main+2,f
   796  0295  2A90               	goto	u457
   797  0296  2A97               	nop2
   798  0297  30FE               	movlw	254
   799  0298  1283               	bcf	3,5	;RP0=0, select bank0
   800  0299  00A2               	movwf	??_main+2
   801  029A  30A7               	movlw	167
   802  029B  00A1               	movwf	??_main+1
   803  029C  3065               	movlw	101
   804  029D  00A0               	movwf	??_main
   805  029E                     u467:	
   806  029E  0BA0               	decfsz	??_main,f
   807  029F  2A9E               	goto	u467
   808  02A0  0BA1               	decfsz	??_main+1,f
   809  02A1  2A9E               	goto	u467
   810  02A2  0BA2               	decfsz	??_main+2,f
   811  02A3  2A9E               	goto	u467
   812  02A4  2AA5               	nop2
   813  02A5  30FE               	movlw	254
   814  02A6  1283               	bcf	3,5	;RP0=0, select bank0
   815  02A7  00A2               	movwf	??_main+2
   816  02A8  30A7               	movlw	167
   817  02A9  00A1               	movwf	??_main+1
   818  02AA  3065               	movlw	101
   819  02AB  00A0               	movwf	??_main
   820  02AC                     u477:	
   821  02AC  0BA0               	decfsz	??_main,f
   822  02AD  2AAC               	goto	u477
   823  02AE  0BA1               	decfsz	??_main+1,f
   824  02AF  2AAC               	goto	u477
   825  02B0  0BA2               	decfsz	??_main+2,f
   826  02B1  2AAC               	goto	u477
   827  02B2  2AB3               	nop2
   828  02B3  30FE               	movlw	254
   829  02B4  1283               	bcf	3,5	;RP0=0, select bank0
   830  02B5  00A2               	movwf	??_main+2
   831  02B6  30A7               	movlw	167
   832  02B7  00A1               	movwf	??_main+1
   833  02B8  3065               	movlw	101
   834  02B9  00A0               	movwf	??_main
   835  02BA                     u487:	
   836  02BA  0BA0               	decfsz	??_main,f
   837  02BB  2ABA               	goto	u487
   838  02BC  0BA1               	decfsz	??_main+1,f
   839  02BD  2ABA               	goto	u487
   840  02BE  0BA2               	decfsz	??_main+2,f
   841  02BF  2ABA               	goto	u487
   842  02C0  2AC1               	nop2
   843  02C1  30FE               	movlw	254
   844  02C2  1283               	bcf	3,5	;RP0=0, select bank0
   845  02C3  00A2               	movwf	??_main+2
   846  02C4  30A7               	movlw	167
   847  02C5  00A1               	movwf	??_main+1
   848  02C6  3065               	movlw	101
   849  02C7  00A0               	movwf	??_main
   850  02C8                     u497:	
   851  02C8  0BA0               	decfsz	??_main,f
   852  02C9  2AC8               	goto	u497
   853  02CA  0BA1               	decfsz	??_main+1,f
   854  02CB  2AC8               	goto	u497
   855  02CC  0BA2               	decfsz	??_main+2,f
   856  02CD  2AC8               	goto	u497
   857  02CE  2ACF               	nop2
   858  02CF  30FE               	movlw	254
   859  02D0  1283               	bcf	3,5	;RP0=0, select bank0
   860  02D1  00A2               	movwf	??_main+2
   861  02D2  30A7               	movlw	167
   862  02D3  00A1               	movwf	??_main+1
   863  02D4  3065               	movlw	101
   864  02D5  00A0               	movwf	??_main
   865  02D6                     u507:	
   866  02D6  0BA0               	decfsz	??_main,f
   867  02D7  2AD6               	goto	u507
   868  02D8  0BA1               	decfsz	??_main+1,f
   869  02D9  2AD6               	goto	u507
   870  02DA  0BA2               	decfsz	??_main+2,f
   871  02DB  2AD6               	goto	u507
   872  02DC  2ADD               	nop2
   873  02DD  30FE               	movlw	254
   874  02DE  1283               	bcf	3,5	;RP0=0, select bank0
   875  02DF  00A2               	movwf	??_main+2
   876  02E0  30A7               	movlw	167
   877  02E1  00A1               	movwf	??_main+1
   878  02E2  3065               	movlw	101
   879  02E3  00A0               	movwf	??_main
   880  02E4                     u517:	
   881  02E4  0BA0               	decfsz	??_main,f
   882  02E5  2AE4               	goto	u517
   883  02E6  0BA1               	decfsz	??_main+1,f
   884  02E7  2AE4               	goto	u517
   885  02E8  0BA2               	decfsz	??_main+2,f
   886  02E9  2AE4               	goto	u517
   887  02EA  2AEB               	nop2
   888  02EB  30FE               	movlw	254
   889  02EC  1283               	bcf	3,5	;RP0=0, select bank0
   890  02ED  00A2               	movwf	??_main+2
   891  02EE  30A7               	movlw	167
   892  02EF  00A1               	movwf	??_main+1
   893  02F0  3065               	movlw	101
   894  02F1  00A0               	movwf	??_main
   895  02F2                     u527:	
   896  02F2  0BA0               	decfsz	??_main,f
   897  02F3  2AF2               	goto	u527
   898  02F4  0BA1               	decfsz	??_main+1,f
   899  02F5  2AF2               	goto	u527
   900  02F6  0BA2               	decfsz	??_main+2,f
   901  02F7  2AF2               	goto	u527
   902  02F8  2AF9               	nop2
   903  02F9  30FE               	movlw	254
   904  02FA  1283               	bcf	3,5	;RP0=0, select bank0
   905  02FB  00A2               	movwf	??_main+2
   906  02FC  30A7               	movlw	167
   907  02FD  00A1               	movwf	??_main+1
   908  02FE  3065               	movlw	101
   909  02FF  00A0               	movwf	??_main
   910  0300                     u537:	
   911  0300  0BA0               	decfsz	??_main,f
   912  0301  2B00               	goto	u537
   913  0302  0BA1               	decfsz	??_main+1,f
   914  0303  2B00               	goto	u537
   915  0304  0BA2               	decfsz	??_main+2,f
   916  0305  2B00               	goto	u537
   917  0306  2B07               	nop2
   918  0307  30FE               	movlw	254
   919  0308  1283               	bcf	3,5	;RP0=0, select bank0
   920  0309  00A2               	movwf	??_main+2
   921  030A  30A7               	movlw	167
   922  030B  00A1               	movwf	??_main+1
   923  030C  3065               	movlw	101
   924  030D  00A0               	movwf	??_main
   925  030E                     u547:	
   926  030E  0BA0               	decfsz	??_main,f
   927  030F  2B0E               	goto	u547
   928  0310  0BA1               	decfsz	??_main+1,f
   929  0311  2B0E               	goto	u547
   930  0312  0BA2               	decfsz	??_main+2,f
   931  0313  2B0E               	goto	u547
   932  0314  2B15               	nop2
   933  0315  30FE               	movlw	254
   934  0316  1283               	bcf	3,5	;RP0=0, select bank0
   935  0317  00A2               	movwf	??_main+2
   936  0318  30A7               	movlw	167
   937  0319  00A1               	movwf	??_main+1
   938  031A  3065               	movlw	101
   939  031B  00A0               	movwf	??_main
   940  031C                     u557:	
   941  031C  0BA0               	decfsz	??_main,f
   942  031D  2B1C               	goto	u557
   943  031E  0BA1               	decfsz	??_main+1,f
   944  031F  2B1C               	goto	u557
   945  0320  0BA2               	decfsz	??_main+2,f
   946  0321  2B1C               	goto	u557
   947  0322  2B23               	nop2
   948  0323  30FE               	movlw	254
   949  0324  1283               	bcf	3,5	;RP0=0, select bank0
   950  0325  00A2               	movwf	??_main+2
   951  0326  30A7               	movlw	167
   952  0327  00A1               	movwf	??_main+1
   953  0328  3065               	movlw	101
   954  0329  00A0               	movwf	??_main
   955  032A                     u567:	
   956  032A  0BA0               	decfsz	??_main,f
   957  032B  2B2A               	goto	u567
   958  032C  0BA1               	decfsz	??_main+1,f
   959  032D  2B2A               	goto	u567
   960  032E  0BA2               	decfsz	??_main+2,f
   961  032F  2B2A               	goto	u567
   962  0330  2B31               	nop2
   963  0331  30FE               	movlw	254
   964  0332  1283               	bcf	3,5	;RP0=0, select bank0
   965  0333  00A2               	movwf	??_main+2
   966  0334  30A7               	movlw	167
   967  0335  00A1               	movwf	??_main+1
   968  0336  3065               	movlw	101
   969  0337  00A0               	movwf	??_main
   970  0338                     u577:	
   971  0338  0BA0               	decfsz	??_main,f
   972  0339  2B38               	goto	u577
   973  033A  0BA1               	decfsz	??_main+1,f
   974  033B  2B38               	goto	u577
   975  033C  0BA2               	decfsz	??_main+2,f
   976  033D  2B38               	goto	u577
   977  033E  2B3F               	nop2
   978  033F  30FE               	movlw	254
   979  0340  1283               	bcf	3,5	;RP0=0, select bank0
   980  0341  00A2               	movwf	??_main+2
   981  0342  30A7               	movlw	167
   982  0343  00A1               	movwf	??_main+1
   983  0344  3065               	movlw	101
   984  0345  00A0               	movwf	??_main
   985  0346                     u587:	
   986  0346  0BA0               	decfsz	??_main,f
   987  0347  2B46               	goto	u587
   988  0348  0BA1               	decfsz	??_main+1,f
   989  0349  2B46               	goto	u587
   990  034A  0BA2               	decfsz	??_main+2,f
   991  034B  2B46               	goto	u587
   992  034C  2B4D               	nop2
   993  034D  30FE               	movlw	254
   994  034E  1283               	bcf	3,5	;RP0=0, select bank0
   995  034F  00A2               	movwf	??_main+2
   996  0350  30A7               	movlw	167
   997  0351  00A1               	movwf	??_main+1
   998  0352  3065               	movlw	101
   999  0353  00A0               	movwf	??_main
  1000  0354                     u597:	
  1001  0354  0BA0               	decfsz	??_main,f
  1002  0355  2B54               	goto	u597
  1003  0356  0BA1               	decfsz	??_main+1,f
  1004  0357  2B54               	goto	u597
  1005  0358  0BA2               	decfsz	??_main+2,f
  1006  0359  2B54               	goto	u597
  1007  035A  2B5B               	nop2
  1008  035B  30FE               	movlw	254
  1009  035C  1283               	bcf	3,5	;RP0=0, select bank0
  1010  035D  00A2               	movwf	??_main+2
  1011  035E  30A7               	movlw	167
  1012  035F  00A1               	movwf	??_main+1
  1013  0360  3065               	movlw	101
  1014  0361  00A0               	movwf	??_main
  1015  0362                     u607:	
  1016  0362  0BA0               	decfsz	??_main,f
  1017  0363  2B62               	goto	u607
  1018  0364  0BA1               	decfsz	??_main+1,f
  1019  0365  2B62               	goto	u607
  1020  0366  0BA2               	decfsz	??_main+2,f
  1021  0367  2B62               	goto	u607
  1022  0368  2B69               	nop2
  1023  0369  30FE               	movlw	254
  1024  036A  1283               	bcf	3,5	;RP0=0, select bank0
  1025  036B  00A2               	movwf	??_main+2
  1026  036C  30A7               	movlw	167
  1027  036D  00A1               	movwf	??_main+1
  1028  036E  3065               	movlw	101
  1029  036F  00A0               	movwf	??_main
  1030  0370                     u617:	
  1031  0370  0BA0               	decfsz	??_main,f
  1032  0371  2B70               	goto	u617
  1033  0372  0BA1               	decfsz	??_main+1,f
  1034  0373  2B70               	goto	u617
  1035  0374  0BA2               	decfsz	??_main+2,f
  1036  0375  2B70               	goto	u617
  1037  0376  2B77               	nop2
  1038  0377  30FE               	movlw	254
  1039  0378  1283               	bcf	3,5	;RP0=0, select bank0
  1040  0379  00A2               	movwf	??_main+2
  1041  037A  30A7               	movlw	167
  1042  037B  00A1               	movwf	??_main+1
  1043  037C  3065               	movlw	101
  1044  037D  00A0               	movwf	??_main
  1045  037E                     u627:	
  1046  037E  0BA0               	decfsz	??_main,f
  1047  037F  2B7E               	goto	u627
  1048  0380  0BA1               	decfsz	??_main+1,f
  1049  0381  2B7E               	goto	u627
  1050  0382  0BA2               	decfsz	??_main+2,f
  1051  0383  2B7E               	goto	u627
  1052  0384  2B85               	nop2
  1053  0385  30FE               	movlw	254
  1054  0386  1283               	bcf	3,5	;RP0=0, select bank0
  1055  0387  00A2               	movwf	??_main+2
  1056  0388  30A7               	movlw	167
  1057  0389  00A1               	movwf	??_main+1
  1058  038A  3065               	movlw	101
  1059  038B  00A0               	movwf	??_main
  1060  038C                     u637:	
  1061  038C  0BA0               	decfsz	??_main,f
  1062  038D  2B8C               	goto	u637
  1063  038E  0BA1               	decfsz	??_main+1,f
  1064  038F  2B8C               	goto	u637
  1065  0390  0BA2               	decfsz	??_main+2,f
  1066  0391  2B8C               	goto	u637
  1067  0392  2B93               	nop2
  1068  0393  30FE               	movlw	254
  1069  0394  1283               	bcf	3,5	;RP0=0, select bank0
  1070  0395  00A2               	movwf	??_main+2
  1071  0396  30A7               	movlw	167
  1072  0397  00A1               	movwf	??_main+1
  1073  0398  3065               	movlw	101
  1074  0399  00A0               	movwf	??_main
  1075  039A                     u647:	
  1076  039A  0BA0               	decfsz	??_main,f
  1077  039B  2B9A               	goto	u647
  1078  039C  0BA1               	decfsz	??_main+1,f
  1079  039D  2B9A               	goto	u647
  1080  039E  0BA2               	decfsz	??_main+2,f
  1081  039F  2B9A               	goto	u647
  1082  03A0  2BA1               	nop2
  1083  03A1  30FE               	movlw	254
  1084  03A2  1283               	bcf	3,5	;RP0=0, select bank0
  1085  03A3  00A2               	movwf	??_main+2
  1086  03A4  30A7               	movlw	167
  1087  03A5  00A1               	movwf	??_main+1
  1088  03A6  3065               	movlw	101
  1089  03A7  00A0               	movwf	??_main
  1090  03A8                     u657:	
  1091  03A8  0BA0               	decfsz	??_main,f
  1092  03A9  2BA8               	goto	u657
  1093  03AA  0BA1               	decfsz	??_main+1,f
  1094  03AB  2BA8               	goto	u657
  1095  03AC  0BA2               	decfsz	??_main+2,f
  1096  03AD  2BA8               	goto	u657
  1097  03AE  2BAF               	nop2
  1098  03AF  30FE               	movlw	254
  1099  03B0  1283               	bcf	3,5	;RP0=0, select bank0
  1100  03B1  00A2               	movwf	??_main+2
  1101  03B2  30A7               	movlw	167
  1102  03B3  00A1               	movwf	??_main+1
  1103  03B4  3065               	movlw	101
  1104  03B5  00A0               	movwf	??_main
  1105  03B6                     u667:	
  1106  03B6  0BA0               	decfsz	??_main,f
  1107  03B7  2BB6               	goto	u667
  1108  03B8  0BA1               	decfsz	??_main+1,f
  1109  03B9  2BB6               	goto	u667
  1110  03BA  0BA2               	decfsz	??_main+2,f
  1111  03BB  2BB6               	goto	u667
  1112  03BC  2BBD               	nop2
  1113  03BD  30FE               	movlw	254
  1114  03BE  1283               	bcf	3,5	;RP0=0, select bank0
  1115  03BF  00A2               	movwf	??_main+2
  1116  03C0  30A7               	movlw	167
  1117  03C1  00A1               	movwf	??_main+1
  1118  03C2  3065               	movlw	101
  1119  03C3  00A0               	movwf	??_main
  1120  03C4                     u677:	
  1121  03C4  0BA0               	decfsz	??_main,f
  1122  03C5  2BC4               	goto	u677
  1123  03C6  0BA1               	decfsz	??_main+1,f
  1124  03C7  2BC4               	goto	u677
  1125  03C8  0BA2               	decfsz	??_main+2,f
  1126  03C9  2BC4               	goto	u677
  1127  03CA  2BCB               	nop2
  1128  03CB  30FE               	movlw	254
  1129  03CC  1283               	bcf	3,5	;RP0=0, select bank0
  1130  03CD  00A2               	movwf	??_main+2
  1131  03CE  30A7               	movlw	167
  1132  03CF  00A1               	movwf	??_main+1
  1133  03D0  3065               	movlw	101
  1134  03D1  00A0               	movwf	??_main
  1135  03D2                     u687:	
  1136  03D2  0BA0               	decfsz	??_main,f
  1137  03D3  2BD2               	goto	u687
  1138  03D4  0BA1               	decfsz	??_main+1,f
  1139  03D5  2BD2               	goto	u687
  1140  03D6  0BA2               	decfsz	??_main+2,f
  1141  03D7  2BD2               	goto	u687
  1142  03D8  2BD9               	nop2
  1143  03D9  30FE               	movlw	254
  1144  03DA  1283               	bcf	3,5	;RP0=0, select bank0
  1145  03DB  00A2               	movwf	??_main+2
  1146  03DC  30A7               	movlw	167
  1147  03DD  00A1               	movwf	??_main+1
  1148  03DE  3065               	movlw	101
  1149  03DF  00A0               	movwf	??_main
  1150  03E0                     u697:	
  1151  03E0  0BA0               	decfsz	??_main,f
  1152  03E1  2BE0               	goto	u697
  1153  03E2  0BA1               	decfsz	??_main+1,f
  1154  03E3  2BE0               	goto	u697
  1155  03E4  0BA2               	decfsz	??_main+2,f
  1156  03E5  2BE0               	goto	u697
  1157  03E6  2BE7               	nop2
  1158  03E7  30FE               	movlw	254
  1159  03E8  1283               	bcf	3,5	;RP0=0, select bank0
  1160  03E9  00A2               	movwf	??_main+2
  1161  03EA  30A7               	movlw	167
  1162  03EB  00A1               	movwf	??_main+1
  1163  03EC  3065               	movlw	101
  1164  03ED  00A0               	movwf	??_main
  1165  03EE                     u707:	
  1166  03EE  0BA0               	decfsz	??_main,f
  1167  03EF  2BEE               	goto	u707
  1168  03F0  0BA1               	decfsz	??_main+1,f
  1169  03F1  2BEE               	goto	u707
  1170  03F2  0BA2               	decfsz	??_main+2,f
  1171  03F3  2BEE               	goto	u707
  1172  03F4  2BF5               	nop2
  1173  03F5  3001               	movlw	1
  1174  03F6  1283               	bcf	3,5	;RP0=0, select bank0
  1175  03F7  07A3               	addwf	main@i,f
  1176  03F8  1803               	skipnc
  1177  03F9  0AA4               	incf	main@i+1,f
  1178  03FA  3000               	movlw	0
  1179  03FB  07A4               	addwf	main@i+1,f
  1180  03FC  28A2               	goto	L2
  1181  03FD                     __end_of_main:	
  1182                           ;main.c: 82: }
  1183                           ;main.c: 83: GPIObits.GP1 = 1;
  1184                           
  1185  005E                     btemp	set	94	;btemp
  1186  005E                     wtemp0	set	94


Data Sizes:
    Strings     0
    Constant    0
    Data        0
    BSS         0
    Persistent  0
    Stack       0

Auto Spaces:
    Space          Size  Autos    Used
    COMMON            0      0       0
    BANK0            62      5       5

Pointer List with Targets:

    None.

Critical Paths under _main in COMMON

    None.

Critical Paths under _main in BANK0

    None.

Call Graph Tables:

 ---------------------------------------------------------------------------------
 (Depth) Function   	        Calls       Base Space   Used Autos Params    Refs
 ---------------------------------------------------------------------------------
 (0) _main                                                 5     5      0      46
                                              0 BANK0      5     5      0
 ---------------------------------------------------------------------------------
 Estimated maximum stack depth 0
 ---------------------------------------------------------------------------------

 Call Graph Graphs:

 _main (ROOT)

 Address spaces:
Name               Size   Autos  Total    Cost      Usage
BITCOMMON            0      0       0       0        0.0%
EEDATA              80      0       0       0        0.0%
NULL                 0      0       0       0        0.0%
CODE                 0      0       0       0        0.0%
BITSFR0              0      0       0       1        0.0%
SFR0                 0      0       0       1        0.0%
COMMON               0      0       0       1        0.0%
BITSFR1              0      0       0       2        0.0%
SFR1                 0      0       0       2        0.0%
STACK                0      0       0       2        0.0%
BITBANK0            3E      0       0       3        0.0%
BANK0               3E      5       5       4        8.1%
ABS                  0      0       0       5        0.0%
DATA                 0      0       0       6        0.0%


Microchip Technology PIC Macro Assembler V1.41 build -162212810 
Symbol Table                                                                                   Mon Aug 07 22:13:18 2017

             __CFG_CP$ON 0000              __CFG_CPD$ON 0000                       u35 00AB  
                     u57 0051                       u67 005F                       u77 006D  
                     u87 007B                       u97 0089                      u107 0097  
                    u117 00B4                      u207 0132                      u127 00C2  
                    u217 0140                      u137 00D0                      u307 01BE  
                    u227 014E                      u147 00DE                      u317 01CC  
                    u237 015C                      u157 00EC                      u407 024A  
                    u327 01DA                      u247 016A                      u167 00FA  
                    u417 0258                      u337 01E8                      u257 0178  
                    u177 0108                      u507 02D6                      u427 0266  
                    u347 01F6                      u267 0186                      u187 0116  
                    u517 02E4                      u437 0274                      u357 0204  
                    u277 0194                      u197 0124                      u607 0362  
                    u527 02F2                      u447 0282                      u367 0212  
                    u287 01A2                      u617 0370                      u537 0300  
                    u457 0290                      u377 0220                      u297 01B0  
                    u707 03EE                      u627 037E                      u547 030E  
                    u467 029E                      u387 022E                      u637 038C  
                    u557 031C                      u477 02AC                      u397 023C  
                    u647 039A                      u567 032A                      u487 02BA  
                    u657 03A8                      u577 0338                      u497 02C8  
                    u667 03B6                      u587 0346                      u677 03C4  
                    u597 0354                      u687 03D2                      u697 03E0  
                   _main 0043                     btemp 005E                     start 0000  
                  ?_main 0020            __CFG_WDTE$OFF 0000                    main@i 0023  
         __CFG_BOREN$OFF 0000                    status 0003                    wtemp0 005E  
         __CFG_MCLRE$OFF 0000          __initialization 03FD             __end_of_main 03FD  
                 ??_main 0020           __CFG_PWRTE$OFF 0000  __end_of__initialization 03FD  
             __pmaintext 0043     end_of_initialization 03FD      start_initialization 03FD  
              ___latbits 0000            __pcstackBANK0 0020                 _GPIObits 0005  
          __size_of_main 03BA               _OSCCALbits 0090        __CFG_FOSC$INTRCIO 0000  
             _TRISIObits 0085  
