

Microchip Technology PIC LITE Macro Assembler V1.37 build -260352376 
                                                                                               Thu Aug 18 09:47:22 2016

Microchip Technology Omniscient Code Generator v1.37 (Free mode) build 201603110536
     1                           	processor	16F886
     2                           	opt	pw 120
     3                           	opt	lm
     4                           	psect	stringtext,global,reloc=256,class=STRCODE,delta=2
     5                           	psect	cinit,global,class=CODE,merge=1,delta=2
     6                           	psect	bssBANK0,global,class=BANK0,space=1,delta=1
     7                           	psect	clrtext,global,class=CODE,delta=2
     8                           	psect	cstackCOMMON,global,class=COMMON,space=1,delta=1
     9                           	psect	cstackBANK0,global,class=BANK0,space=1,delta=1
    10                           	psect	maintext,global,class=CODE,split=1,delta=2
    11                           	psect	text1,local,class=CODE,merge=1,delta=2
    12                           	psect	text2,local,class=CODE,merge=1,delta=2
    13                           	psect	text3,local,class=CODE,merge=1,delta=2
    14                           	psect	text4,local,class=CODE,merge=1,delta=2
    15                           	psect	text5,local,class=CODE,merge=1,delta=2
    16                           	psect	text6,local,class=CODE,merge=1,delta=2
    17                           	dabs	1,0x7E,2
    18  0000                     	;# 
    19  0001                     	;# 
    20  0002                     	;# 
    21  0003                     	;# 
    22  0004                     	;# 
    23  0005                     	;# 
    24  0006                     	;# 
    25  0007                     	;# 
    26  0009                     	;# 
    27  000A                     	;# 
    28  000B                     	;# 
    29  000C                     	;# 
    30  000D                     	;# 
    31  000E                     	;# 
    32  000E                     	;# 
    33  000F                     	;# 
    34  0010                     	;# 
    35  0011                     	;# 
    36  0012                     	;# 
    37  0013                     	;# 
    38  0014                     	;# 
    39  0015                     	;# 
    40  0015                     	;# 
    41  0016                     	;# 
    42  0017                     	;# 
    43  0018                     	;# 
    44  0019                     	;# 
    45  001A                     	;# 
    46  001B                     	;# 
    47  001B                     	;# 
    48  001C                     	;# 
    49  001D                     	;# 
    50  001E                     	;# 
    51  001F                     	;# 
    52  0081                     	;# 
    53  0085                     	;# 
    54  0086                     	;# 
    55  0087                     	;# 
    56  0089                     	;# 
    57  008C                     	;# 
    58  008D                     	;# 
    59  008E                     	;# 
    60  008F                     	;# 
    61  0090                     	;# 
    62  0091                     	;# 
    63  0092                     	;# 
    64  0093                     	;# 
    65  0093                     	;# 
    66  0093                     	;# 
    67  0094                     	;# 
    68  0095                     	;# 
    69  0096                     	;# 
    70  0097                     	;# 
    71  0098                     	;# 
    72  0099                     	;# 
    73  009A                     	;# 
    74  009B                     	;# 
    75  009C                     	;# 
    76  009D                     	;# 
    77  009E                     	;# 
    78  009F                     	;# 
    79  0105                     	;# 
    80  0107                     	;# 
    81  0108                     	;# 
    82  0109                     	;# 
    83  010C                     	;# 
    84  010C                     	;# 
    85  010D                     	;# 
    86  010E                     	;# 
    87  010F                     	;# 
    88  0185                     	;# 
    89  0187                     	;# 
    90  0188                     	;# 
    91  0189                     	;# 
    92  018C                     	;# 
    93  018D                     	;# 
    94  0000                     	;# 
    95  0001                     	;# 
    96  0002                     	;# 
    97  0003                     	;# 
    98  0004                     	;# 
    99  0005                     	;# 
   100  0006                     	;# 
   101  0007                     	;# 
   102  0009                     	;# 
   103  000A                     	;# 
   104  000B                     	;# 
   105  000C                     	;# 
   106  000D                     	;# 
   107  000E                     	;# 
   108  000E                     	;# 
   109  000F                     	;# 
   110  0010                     	;# 
   111  0011                     	;# 
   112  0012                     	;# 
   113  0013                     	;# 
   114  0014                     	;# 
   115  0015                     	;# 
   116  0015                     	;# 
   117  0016                     	;# 
   118  0017                     	;# 
   119  0018                     	;# 
   120  0019                     	;# 
   121  001A                     	;# 
   122  001B                     	;# 
   123  001B                     	;# 
   124  001C                     	;# 
   125  001D                     	;# 
   126  001E                     	;# 
   127  001F                     	;# 
   128  0081                     	;# 
   129  0085                     	;# 
   130  0086                     	;# 
   131  0087                     	;# 
   132  0089                     	;# 
   133  008C                     	;# 
   134  008D                     	;# 
   135  008E                     	;# 
   136  008F                     	;# 
   137  0090                     	;# 
   138  0091                     	;# 
   139  0092                     	;# 
   140  0093                     	;# 
   141  0093                     	;# 
   142  0093                     	;# 
   143  0094                     	;# 
   144  0095                     	;# 
   145  0096                     	;# 
   146  0097                     	;# 
   147  0098                     	;# 
   148  0099                     	;# 
   149  009A                     	;# 
   150  009B                     	;# 
   151  009C                     	;# 
   152  009D                     	;# 
   153  009E                     	;# 
   154  009F                     	;# 
   155  0105                     	;# 
   156  0107                     	;# 
   157  0108                     	;# 
   158  0109                     	;# 
   159  010C                     	;# 
   160  010C                     	;# 
   161  010D                     	;# 
   162  010E                     	;# 
   163  010F                     	;# 
   164  0185                     	;# 
   165  0187                     	;# 
   166  0188                     	;# 
   167  0189                     	;# 
   168  018C                     	;# 
   169  018D                     	;# 
   170                           
   171                           	psect	stringtext
   172  0800                     __pstringtext:	
   173  0800                     stringtab:	
   174  0800                     __stringtab:	
   175                           
   176                           ;	String table - string pointers are 2 bytes each
   177  0800  1BFF               	btfsc	btemp+1,7
   178  0801  280A               	ljmp	stringcode
   179  0802  1383               	bcf	3,7
   180  0803  187F               	btfsc	btemp+1,0
   181  0804  1783               	bsf	3,7
   182  0805  0800               	movf	0,w
   183  0806  0A84               	incf	4,f
   184  0807  1903               	skipnz
   185  0808  0AFF               	incf	btemp+1,f
   186  0809  0008               	return
   187  080A                     stringcode:	
   188  080A  087F               	movf	btemp+1,w
   189  080B  397F               	andlw	127
   190  080C  008A               	movwf	10
   191  080D  0804               	movf	4,w
   192  080E  0A84               	incf	4,f
   193  080F  1903               	skipnz
   194  0810  0AFF               	incf	btemp+1,f
   195  0811  0082               	movwf	2
   196  0812                     __stringbase:	
   197  0812                     __end_of__stringtab:	
   198  0812                     _Alphabet:	
   199  0812  347F               	retlw	127
   200  0813  3400               	retlw	0
   201  0814  3488               	retlw	136
   202  0815  3400               	retlw	0
   203  0816  3488               	retlw	136
   204  0817  3400               	retlw	0
   205  0818  3488               	retlw	136
   206  0819  3400               	retlw	0
   207  081A  3488               	retlw	136
   208  081B  3400               	retlw	0
   209  081C  347F               	retlw	127
   210  081D  3400               	retlw	0
   211  081E  34C0               	retlw	192
   212  081F  3400               	retlw	0
   213  0820  3460               	retlw	96
   214  0821  3400               	retlw	0
   215  0822  3400               	retlw	0
   216  0823  3400               	retlw	0
   217  0824  3400               	retlw	0
   218  0825  3400               	retlw	0
   219  0826  3400               	retlw	0
   220  0827  3400               	retlw	0
   221  0828  3400               	retlw	0
   222  0829  3400               	retlw	0
   223  082A  34E0               	retlw	224
   224  082B  3400               	retlw	0
   225  082C  3480               	retlw	128
   226  082D  3400               	retlw	0
   227  082E  3400               	retlw	0
   228  082F  3400               	retlw	0
   229  0830  3400               	retlw	0
   230  0831  3400               	retlw	0
   231  0832  3400               	retlw	0
   232  0833  3400               	retlw	0
   233  0834  3400               	retlw	0
   234  0835  3400               	retlw	0
   235  0836  34FF               	retlw	255
   236  0837  3400               	retlw	0
   237  0838  3481               	retlw	129
   238  0839  3400               	retlw	0
   239  083A  3481               	retlw	129
   240  083B  3400               	retlw	0
   241  083C  3481               	retlw	129
   242  083D  3400               	retlw	0
   243  083E  3481               	retlw	129
   244  083F  3400               	retlw	0
   245  0840  347E               	retlw	126
   246  0841  3400               	retlw	0
   247  0842  3481               	retlw	129
   248  0843  3400               	retlw	0
   249  0844  34FF               	retlw	255
   250  0845  3400               	retlw	0
   251  0846  3491               	retlw	145
   252  0847  3400               	retlw	0
   253  0848  3491               	retlw	145
   254  0849  3400               	retlw	0
   255  084A  3491               	retlw	145
   256  084B  3400               	retlw	0
   257  084C  3491               	retlw	145
   258  084D  3400               	retlw	0
   259  084E  3481               	retlw	129
   260  084F  3400               	retlw	0
   261  0850  34FF               	retlw	255
   262  0851  3400               	retlw	0
   263  0852  3491               	retlw	145
   264  0853  3400               	retlw	0
   265  0854  3490               	retlw	144
   266  0855  3400               	retlw	0
   267  0856  3490               	retlw	144
   268  0857  3400               	retlw	0
   269  0858  3480               	retlw	128
   270  0859  3400               	retlw	0
   271  085A  347E               	retlw	126
   272  085B  3400               	retlw	0
   273  085C  3481               	retlw	129
   274  085D  3400               	retlw	0
   275  085E  3481               	retlw	129
   276  085F  3400               	retlw	0
   277  0860  3489               	retlw	137
   278  0861  3400               	retlw	0
   279  0862  3489               	retlw	137
   280  0863  3400               	retlw	0
   281  0864  344E               	retlw	78
   282  0865  3400               	retlw	0
   283  0866  34FF               	retlw	255
   284  0867  3400               	retlw	0
   285  0868  3410               	retlw	16
   286  0869  3400               	retlw	0
   287  086A  3410               	retlw	16
   288  086B  3400               	retlw	0
   289  086C  3410               	retlw	16
   290  086D  3400               	retlw	0
   291  086E  3410               	retlw	16
   292  086F  3400               	retlw	0
   293  0870  34FF               	retlw	255
   294  0871  3400               	retlw	0
   295  0872  3400               	retlw	0
   296  0873  3400               	retlw	0
   297  0874  3481               	retlw	129
   298  0875  3400               	retlw	0
   299  0876  34FF               	retlw	255
   300  0877  3400               	retlw	0
   301  0878  34FF               	retlw	255
   302  0879  3400               	retlw	0
   303  087A  3481               	retlw	129
   304  087B  3400               	retlw	0
   305  087C  3400               	retlw	0
   306  087D  3400               	retlw	0
   307  087E  3406               	retlw	6
   308  087F  3400               	retlw	0
   309  0880  3401               	retlw	1
   310  0881  3400               	retlw	0
   311  0882  3481               	retlw	129
   312  0883  3400               	retlw	0
   313  0884  34FE               	retlw	254
   314  0885  3400               	retlw	0
   315  0886  3480               	retlw	128
   316  0887  3400               	retlw	0
   317  0888  3400               	retlw	0
   318  0889  3400               	retlw	0
   319  088A  3481               	retlw	129
   320  088B  3400               	retlw	0
   321  088C  34FF               	retlw	255
   322  088D  3400               	retlw	0
   323  088E  3499               	retlw	153
   324  088F  3400               	retlw	0
   325  0890  3424               	retlw	36
   326  0891  3400               	retlw	0
   327  0892  34C3               	retlw	195
   328  0893  3400               	retlw	0
   329  0894  3481               	retlw	129
   330  0895  3400               	retlw	0
   331  0896  3481               	retlw	129
   332  0897  3400               	retlw	0
   333  0898  34FF               	retlw	255
   334  0899  3400               	retlw	0
   335  089A  3481               	retlw	129
   336  089B  3400               	retlw	0
   337  089C  3401               	retlw	1
   338  089D  3400               	retlw	0
   339  089E  3401               	retlw	1
   340  089F  3400               	retlw	0
   341  08A0  3403               	retlw	3
   342  08A1  3400               	retlw	0
   343  08A2  34FF               	retlw	255
   344  08A3  3400               	retlw	0
   345  08A4  3460               	retlw	96
   346  08A5  3400               	retlw	0
   347  08A6  3418               	retlw	24
   348  08A7  3400               	retlw	0
   349  08A8  3418               	retlw	24
   350  08A9  3400               	retlw	0
   351  08AA  3460               	retlw	96
   352  08AB  3400               	retlw	0
   353  08AC  34FF               	retlw	255
   354  08AD  3400               	retlw	0
   355  08AE  34FF               	retlw	255
   356  08AF  3400               	retlw	0
   357  08B0  3460               	retlw	96
   358  08B1  3400               	retlw	0
   359  08B2  3410               	retlw	16
   360  08B3  3400               	retlw	0
   361  08B4  3408               	retlw	8
   362  08B5  3400               	retlw	0
   363  08B6  3406               	retlw	6
   364  08B7  3400               	retlw	0
   365  08B8  34FF               	retlw	255
   366  08B9  3400               	retlw	0
   367  08BA  347E               	retlw	126
   368  08BB  3400               	retlw	0
   369  08BC  3481               	retlw	129
   370  08BD  3400               	retlw	0
   371  08BE  3481               	retlw	129
   372  08BF  3400               	retlw	0
   373  08C0  3481               	retlw	129
   374  08C1  3400               	retlw	0
   375  08C2  3481               	retlw	129
   376  08C3  3400               	retlw	0
   377  08C4  347E               	retlw	126
   378  08C5  3400               	retlw	0
   379  08C6  3481               	retlw	129
   380  08C7  3400               	retlw	0
   381  08C8  34FF               	retlw	255
   382  08C9  3400               	retlw	0
   383  08CA  3489               	retlw	137
   384  08CB  3400               	retlw	0
   385  08CC  3488               	retlw	136
   386  08CD  3400               	retlw	0
   387  08CE  3488               	retlw	136
   388  08CF  3400               	retlw	0
   389  08D0  3470               	retlw	112
   390  08D1  3400               	retlw	0
   391  08D2  347E               	retlw	126
   392  08D3  3400               	retlw	0
   393  08D4  3481               	retlw	129
   394  08D5  3400               	retlw	0
   395  08D6  3485               	retlw	133
   396  08D7  3400               	retlw	0
   397  08D8  3489               	retlw	137
   398  08D9  3400               	retlw	0
   399  08DA  3487               	retlw	135
   400  08DB  3400               	retlw	0
   401  08DC  347E               	retlw	126
   402  08DD  3400               	retlw	0
   403  08DE  34FF               	retlw	255
   404  08DF  3400               	retlw	0
   405  08E0  3498               	retlw	152
   406  08E1  3400               	retlw	0
   407  08E2  3498               	retlw	152
   408  08E3  3400               	retlw	0
   409  08E4  3494               	retlw	148
   410  08E5  3400               	retlw	0
   411  08E6  3493               	retlw	147
   412  08E7  3400               	retlw	0
   413  08E8  3461               	retlw	97
   414  08E9  3400               	retlw	0
   415  08EA  3462               	retlw	98
   416  08EB  3400               	retlw	0
   417  08EC  3491               	retlw	145
   418  08ED  3400               	retlw	0
   419  08EE  3491               	retlw	145
   420  08EF  3400               	retlw	0
   421  08F0  3491               	retlw	145
   422  08F1  3400               	retlw	0
   423  08F2  3491               	retlw	145
   424  08F3  3400               	retlw	0
   425  08F4  344E               	retlw	78
   426  08F5  3400               	retlw	0
   427  08F6  34C0               	retlw	192
   428  08F7  3400               	retlw	0
   429  08F8  3481               	retlw	129
   430  08F9  3400               	retlw	0
   431  08FA  34FF               	retlw	255
   432  08FB  3400               	retlw	0
   433  08FC  34FF               	retlw	255
   434  08FD  3400               	retlw	0
   435  08FE  3481               	retlw	129
   436  08FF  3400               	retlw	0
   437  0900  34C0               	retlw	192
   438  0901  3400               	retlw	0
   439  0902  34FE               	retlw	254
   440  0903  3400               	retlw	0
   441  0904  3401               	retlw	1
   442  0905  3400               	retlw	0
   443  0906  3401               	retlw	1
   444  0907  3400               	retlw	0
   445  0908  3401               	retlw	1
   446  0909  3400               	retlw	0
   447  090A  3401               	retlw	1
   448  090B  3400               	retlw	0
   449  090C  34FE               	retlw	254
   450  090D  3400               	retlw	0
   451  090E  34FC               	retlw	252
   452  090F  3400               	retlw	0
   453  0910  3402               	retlw	2
   454  0911  3400               	retlw	0
   455  0912  3401               	retlw	1
   456  0913  3400               	retlw	0
   457  0914  3401               	retlw	1
   458  0915  3400               	retlw	0
   459  0916  3402               	retlw	2
   460  0917  3400               	retlw	0
   461  0918  34FC               	retlw	252
   462  0919  3400               	retlw	0
   463  091A  34FF               	retlw	255
   464  091B  3400               	retlw	0
   465  091C  3402               	retlw	2
   466  091D  3400               	retlw	0
   467  091E  3404               	retlw	4
   468  091F  3400               	retlw	0
   469  0920  3404               	retlw	4
   470  0921  3400               	retlw	0
   471  0922  3402               	retlw	2
   472  0923  3400               	retlw	0
   473  0924  34FF               	retlw	255
   474  0925  3400               	retlw	0
   475  0926  34C3               	retlw	195
   476  0927  3400               	retlw	0
   477  0928  3424               	retlw	36
   478  0929  3400               	retlw	0
   479  092A  3418               	retlw	24
   480  092B  3400               	retlw	0
   481  092C  3418               	retlw	24
   482  092D  3400               	retlw	0
   483  092E  3424               	retlw	36
   484  092F  3400               	retlw	0
   485  0930  34C3               	retlw	195
   486  0931  3400               	retlw	0
   487  0932  34C0               	retlw	192
   488  0933  3400               	retlw	0
   489  0934  3420               	retlw	32
   490  0935  3400               	retlw	0
   491  0936  341F               	retlw	31
   492  0937  3400               	retlw	0
   493  0938  341F               	retlw	31
   494  0939  3400               	retlw	0
   495  093A  3420               	retlw	32
   496  093B  3400               	retlw	0
   497  093C  34C0               	retlw	192
   498  093D  3400               	retlw	0
   499  093E  34C3               	retlw	195
   500  093F  3400               	retlw	0
   501  0940  3485               	retlw	133
   502  0941  3400               	retlw	0
   503  0942  3489               	retlw	137
   504  0943  3400               	retlw	0
   505  0944  3491               	retlw	145
   506  0945  3400               	retlw	0
   507  0946  34A1               	retlw	161
   508  0947  3400               	retlw	0
   509  0948  34C3               	retlw	195
   510  0949  3400               	retlw	0
   511  094A                     __end_of_Alphabet:	
   512  094A                     _Symbols:	
   513  094A  3400               	retlw	0
   514  094B  3400               	retlw	0
   515  094C  343C               	retlw	60
   516  094D  3400               	retlw	0
   517  094E  3442               	retlw	66
   518  094F  3400               	retlw	0
   519  0950  3481               	retlw	129
   520  0951  3400               	retlw	0
   521  0952  3400               	retlw	0
   522  0953  3400               	retlw	0
   523  0954  3400               	retlw	0
   524  0955  3400               	retlw	0
   525  0956  3400               	retlw	0
   526  0957  3400               	retlw	0
   527  0958  3400               	retlw	0
   528  0959  3400               	retlw	0
   529  095A  3481               	retlw	129
   530  095B  3400               	retlw	0
   531  095C  3442               	retlw	66
   532  095D  3400               	retlw	0
   533  095E  343C               	retlw	60
   534  095F  3400               	retlw	0
   535  0960  3400               	retlw	0
   536  0961  3400               	retlw	0
   537  0962  3400               	retlw	0
   538  0963  3400               	retlw	0
   539  0964  3400               	retlw	0
   540  0965  3400               	retlw	0
   541  0966  34FF               	retlw	255
   542  0967  3400               	retlw	0
   543  0968  3481               	retlw	129
   544  0969  3400               	retlw	0
   545  096A  3400               	retlw	0
   546  096B  3400               	retlw	0
   547  096C  3400               	retlw	0
   548  096D  3400               	retlw	0
   549  096E  3400               	retlw	0
   550  096F  3400               	retlw	0
   551  0970  3400               	retlw	0
   552  0971  3400               	retlw	0
   553  0972  3481               	retlw	129
   554  0973  3400               	retlw	0
   555  0974  34FF               	retlw	255
   556  0975  3400               	retlw	0
   557  0976  3400               	retlw	0
   558  0977  3400               	retlw	0
   559  0978  3400               	retlw	0
   560  0979  3400               	retlw	0
   561  097A  3400               	retlw	0
   562  097B  3400               	retlw	0
   563  097C  3418               	retlw	24
   564  097D  3400               	retlw	0
   565  097E  34E7               	retlw	231
   566  097F  3400               	retlw	0
   567  0980  3481               	retlw	129
   568  0981  3400               	retlw	0
   569  0982  3400               	retlw	0
   570  0983  3400               	retlw	0
   571  0984  3400               	retlw	0
   572  0985  3400               	retlw	0
   573  0986  3400               	retlw	0
   574  0987  3400               	retlw	0
   575  0988  3400               	retlw	0
   576  0989  3400               	retlw	0
   577  098A  3481               	retlw	129
   578  098B  3400               	retlw	0
   579  098C  34E7               	retlw	231
   580  098D  3400               	retlw	0
   581  098E  3418               	retlw	24
   582  098F  3400               	retlw	0
   583  0990  3400               	retlw	0
   584  0991  3400               	retlw	0
   585  0992  3400               	retlw	0
   586  0993  3400               	retlw	0
   587  0994  3418               	retlw	24
   588  0995  3400               	retlw	0
   589  0996  3424               	retlw	36
   590  0997  3400               	retlw	0
   591  0998  3442               	retlw	66
   592  0999  3400               	retlw	0
   593  099A  3481               	retlw	129
   594  099B  3400               	retlw	0
   595  099C  3400               	retlw	0
   596  099D  3400               	retlw	0
   597  099E  3400               	retlw	0
   598  099F  3400               	retlw	0
   599  09A0  3481               	retlw	129
   600  09A1  3400               	retlw	0
   601  09A2  3442               	retlw	66
   602  09A3  3400               	retlw	0
   603  09A4  3424               	retlw	36
   604  09A5  3400               	retlw	0
   605  09A6  3418               	retlw	24
   606  09A7  3400               	retlw	0
   607  09A8  3400               	retlw	0
   608  09A9  3400               	retlw	0
   609  09AA  3400               	retlw	0
   610  09AB  3400               	retlw	0
   611  09AC  3403               	retlw	3
   612  09AD  3400               	retlw	0
   613  09AE  340C               	retlw	12
   614  09AF  3400               	retlw	0
   615  09B0  3430               	retlw	48
   616  09B1  3400               	retlw	0
   617  09B2  34C0               	retlw	192
   618  09B3  3400               	retlw	0
   619  09B4  3400               	retlw	0
   620  09B5  3400               	retlw	0
   621  09B6  3400               	retlw	0
   622  09B7  3400               	retlw	0
   623  09B8  34C0               	retlw	192
   624  09B9  3400               	retlw	0
   625  09BA  3430               	retlw	48
   626  09BB  3400               	retlw	0
   627  09BC  340C               	retlw	12
   628  09BD  3400               	retlw	0
   629  09BE  3403               	retlw	3
   630  09BF  3400               	retlw	0
   631  09C0  3400               	retlw	0
   632  09C1  3400               	retlw	0
   633  09C2  3400               	retlw	0
   634  09C3  3400               	retlw	0
   635  09C4  3400               	retlw	0
   636  09C5  3400               	retlw	0
   637  09C6  34FD               	retlw	253
   638  09C7  3400               	retlw	0
   639  09C8  34FD               	retlw	253
   640  09C9  3400               	retlw	0
   641  09CA  3400               	retlw	0
   642  09CB  3400               	retlw	0
   643  09CC  3400               	retlw	0
   644  09CD  3400               	retlw	0
   645  09CE  3460               	retlw	96
   646  09CF  3400               	retlw	0
   647  09D0  3480               	retlw	128
   648  09D1  3400               	retlw	0
   649  09D2  348D               	retlw	141
   650  09D3  3400               	retlw	0
   651  09D4  348D               	retlw	141
   652  09D5  3400               	retlw	0
   653  09D6  3490               	retlw	144
   654  09D7  3400               	retlw	0
   655  09D8  3460               	retlw	96
   656  09D9  3400               	retlw	0
   657  09DA  3442               	retlw	66
   658  09DB  3400               	retlw	0
   659  09DC  3424               	retlw	36
   660  09DD  3400               	retlw	0
   661  09DE  34FF               	retlw	255
   662  09DF  3400               	retlw	0
   663  09E0  34FF               	retlw	255
   664  09E1  3400               	retlw	0
   665  09E2  3424               	retlw	36
   666  09E3  3400               	retlw	0
   667  09E4  3442               	retlw	66
   668  09E5  3400               	retlw	0
   669  09E6  3424               	retlw	36
   670  09E7  3400               	retlw	0
   671  09E8  34FF               	retlw	255
   672  09E9  3400               	retlw	0
   673  09EA  3424               	retlw	36
   674  09EB  3400               	retlw	0
   675  09EC  3424               	retlw	36
   676  09ED  3400               	retlw	0
   677  09EE  34FF               	retlw	255
   678  09EF  3400               	retlw	0
   679  09F0  3424               	retlw	36
   680  09F1  3400               	retlw	0
   681  09F2  3462               	retlw	98
   682  09F3  3400               	retlw	0
   683  09F4  3491               	retlw	145
   684  09F5  3400               	retlw	0
   685  09F6  34FF               	retlw	255
   686  09F7  3400               	retlw	0
   687  09F8  34FF               	retlw	255
   688  09F9  3400               	retlw	0
   689  09FA  3491               	retlw	145
   690  09FB  3400               	retlw	0
   691  09FC  344E               	retlw	78
   692  09FD  3400               	retlw	0
   693  09FE  3466               	retlw	102
   694  09FF  3400               	retlw	0
   695  0A00  3499               	retlw	153
   696  0A01  3400               	retlw	0
   697  0A02  3499               	retlw	153
   698  0A03  3400               	retlw	0
   699  0A04  3466               	retlw	102
   700  0A05  3400               	retlw	0
   701  0A06  3409               	retlw	9
   702  0A07  3400               	retlw	0
   703  0A08  3400               	retlw	0
   704  0A09  3400               	retlw	0
   705  0A0A  3442               	retlw	66
   706  0A0B  3400               	retlw	0
   707  0A0C  34A4               	retlw	164
   708  0A0D  3400               	retlw	0
   709  0A0E  3448               	retlw	72
   710  0A0F  3400               	retlw	0
   711  0A10  3412               	retlw	18
   712  0A11  3400               	retlw	0
   713  0A12  3425               	retlw	37
   714  0A13  3400               	retlw	0
   715  0A14  3442               	retlw	66
   716  0A15  3400               	retlw	0
   717  0A16  3420               	retlw	32
   718  0A17  3400               	retlw	0
   719  0A18  343F               	retlw	63
   720  0A19  3400               	retlw	0
   721  0A1A  3420               	retlw	32
   722  0A1B  3400               	retlw	0
   723  0A1C  3420               	retlw	32
   724  0A1D  3400               	retlw	0
   725  0A1E  343E               	retlw	62
   726  0A1F  3400               	retlw	0
   727  0A20  3421               	retlw	33
   728  0A21  3400               	retlw	0
   729  0A22  3400               	retlw	0
   730  0A23  3400               	retlw	0
   731  0A24  3400               	retlw	0
   732  0A25  3400               	retlw	0
   733  0A26  3400               	retlw	0
   734  0A27  3400               	retlw	0
   735  0A28  3400               	retlw	0
   736  0A29  3400               	retlw	0
   737  0A2A  3400               	retlw	0
   738  0A2B  3400               	retlw	0
   739  0A2C  3400               	retlw	0
   740  0A2D  3400               	retlw	0
   741  0A2E                     __end_of_Symbols:	
   742  000C                     _PIR1bits	set	12
   743  001A                     _RCREG	set	26
   744  0018                     _RCSTAbits	set	24
   745  0019                     _TXREG	set	25
   746  005F                     _GIE	set	95
   747  005E                     _PEIE	set	94
   748  0029                     _RA1	set	41
   749  002A                     _RA2	set	42
   750  002B                     _RA3	set	43
   751  0031                     _RB1	set	49
   752  0099                     _SPBRG	set	153
   753  0085                     _TRISAbits	set	133
   754  0098                     _TXSTAbits	set	152
   755  0465                     _RCIE	set	1125
   756  0188                     _ANSELbits	set	392
   757                           
   758                           ; #config settings
   759  0000                     
   760                           	psect	cinit
   761  07F5                     start_initialization:	
   762  07F5                     __initialization:	
   763                           
   764                           ; Clear objects allocated to BANK0
   765  07F5  1383               	bcf	3,7	;select IRP bank0
   766  07F6  3020               	movlw	low __pbssBANK0
   767  07F7  0084               	movwf	4
   768  07F8  3067               	movlw	low (__pbssBANK0+71)
   769  07F9  120A  118A  26AD   	fcall	clear_ram0
   770  07FC                     end_of_initialization:	
   771                           ;End of C runtime variable initialization code
   772                           
   773  07FC                     __end_of__initialization:	
   774  07FC  0183               	clrf	3
   775  07FD  120A  118A  2F57   	ljmp	_main	;jump to C main() function
   776                           
   777                           	psect	bssBANK0
   778  0020                     __pbssBANK0:	
   779  0020                     _URBuff:	
   780  0020                     	ds	64
   781  0060                     USARTWriteInt@F1617:	
   782  0060                     	ds	5
   783  0065                     _UQEnd:	
   784  0065                     	ds	1
   785  0066                     _UQFront:	
   786  0066                     	ds	1
   787                           
   788                           	psect	clrtext
   789  06AD                     clear_ram0:	
   790                           ;	Called with FSR containing the base address, and
   791                           ;	W with the last address+1
   792                           
   793  06AD  0064               	clrwdt	;clear the watchdog before getting into this loop
   794  06AE                     clrloop0:	
   795  06AE  0180               	clrf	0	;clear RAM location pointed to by FSR
   796  06AF  0A84               	incf	4,f	;increment pointer
   797  06B0  0604               	xorwf	4,w	;XOR with final address
   798  06B1  1903               	btfsc	3,2	;have we reached the end yet?
   799  06B2  3400               	retlw	0	;all done for this memory range, return
   800  06B3  0604               	xorwf	4,w	;XOR again to restore value
   801  06B4  2EAE               	goto	clrloop0	;do the next byte
   802                           
   803                           	psect	cstackCOMMON
   804  0070                     __pcstackCOMMON:	
   805  0070                     ?_SPI1_write:	
   806  0070                     ??_SPI1_write:	
   807                           ; 1 bytes @ 0x0
   808                           
   809  0070                     ?_max7219_init1:	
   810                           ; 1 bytes @ 0x0
   811                           
   812  0070                     ?_Clear_Matrix:	
   813                           ; 1 bytes @ 0x0
   814                           
   815  0070                     ?_Write_Char:	
   816                           ; 1 bytes @ 0x0
   817                           
   818  0070                     ?_main:	
   819                           ; 1 bytes @ 0x0
   820                           
   821  0070                     ?___bmul:	
   822                           ; 1 bytes @ 0x0
   823                           
   824  0070                     ___bmul@multiplicand:	
   825                           ; 1 bytes @ 0x0
   826                           
   827                           
   828                           ; 1 bytes @ 0x0
   829  0070                     	ds	1
   830  0071                     ??___bmul:	
   831  0071                     SPI1_write@data:	
   832                           ; 1 bytes @ 0x1
   833                           
   834                           
   835                           ; 1 bytes @ 0x1
   836  0071                     	ds	1
   837  0072                     SPI1_write@mask:	
   838  0072                     ___bmul@product:	
   839                           ; 1 bytes @ 0x2
   840                           
   841                           
   842                           ; 1 bytes @ 0x2
   843  0072                     	ds	1
   844  0073                     SPI1_write@i:	
   845  0073                     ___bmul@multiplier:	
   846                           ; 1 bytes @ 0x3
   847                           
   848                           
   849                           ; 1 bytes @ 0x3
   850  0073                     	ds	1
   851  0074                     ??_max7219_init1:	
   852  0074                     ?_Write_Byte:	
   853                           ; 1 bytes @ 0x4
   854                           
   855  0074                     Write_Byte@myValue:	
   856                           ; 1 bytes @ 0x4
   857                           
   858                           
   859                           ; 1 bytes @ 0x4
   860  0074                     	ds	1
   861  0075                     ??_Write_Byte:	
   862  0075                     Write_Byte@myColumn:	
   863                           ; 1 bytes @ 0x5
   864                           
   865                           
   866                           ; 1 bytes @ 0x5
   867  0075                     	ds	1
   868  0076                     ??_Clear_Matrix:	
   869                           
   870                           ; 1 bytes @ 0x6
   871  0076                     	ds	1
   872  0077                     Clear_Matrix@x:	
   873                           
   874                           ; 1 bytes @ 0x7
   875  0077                     	ds	1
   876  0078                     ??_Write_Char:	
   877                           
   878                           ; 1 bytes @ 0x8
   879  0078                     	ds	3
   880  007B                     Write_Char@myChar:	
   881                           
   882                           ; 1 bytes @ 0xB
   883  007B                     	ds	1
   884  007C                     Write_Char@Start_Byte:	
   885                           
   886                           ; 1 bytes @ 0xC
   887  007C                     	ds	1
   888  007D                     Write_Char@Column:	
   889                           
   890                           ; 1 bytes @ 0xD
   891  007D                     	ds	1
   892                           
   893                           	psect	cstackBANK0
   894  0067                     __pcstackBANK0:	
   895  0067                     ??_main:	
   896                           
   897                           ; 1 bytes @ 0x0
   898  0067                     	ds	3
   899  006A                     main@x:	
   900                           
   901                           ; 2 bytes @ 0x3
   902  006A                     	ds	2
   903                           
   904                           	psect	maintext
   905  0757                     __pmaintext:	
   906 ;;
   907 ;;Main: autosize = 0, tempsize = 3, incstack = 0, save=0
   908 ;;
   909 ;; *************** function _main *****************
   910 ;; Defined at:
   911 ;;		line 268 in file "teris_16f886.c"
   912 ;; Parameters:    Size  Location     Type
   913 ;;		None
   914 ;; Auto vars:     Size  Location     Type
   915 ;;  x               2    3[BANK0 ] unsigned int 
   916 ;;  y               2    0        unsigned int 
   917 ;; Return value:  Size  Location     Type
   918 ;;                  1    wreg      void 
   919 ;; Registers used:
   920 ;;		wreg, fsr0l, fsr0h, status,2, status,0, btemp+1, pclath, cstack
   921 ;; Tracked objects:
   922 ;;		On entry : B00/0
   923 ;;		On exit  : 0/0
   924 ;;		Unchanged: 0/0
   925 ;; Data sizes:     COMMON   BANK0   BANK1   BANK3   BANK2
   926 ;;      Params:         0       0       0       0       0
   927 ;;      Locals:         0       2       0       0       0
   928 ;;      Temps:          0       3       0       0       0
   929 ;;      Totals:         0       5       0       0       0
   930 ;;Total ram usage:        5 bytes
   931 ;; Hardware stack levels required when called:    4
   932 ;; This function calls:
   933 ;;		_Write_Char
   934 ;;		_max7219_init1
   935 ;; This function is called by:
   936 ;;		Startup code after reset
   937 ;; This function uses a non-reentrant model
   938 ;;
   939                           
   940                           
   941                           ;psect for function _main
   942  0757                     _main:	
   943                           
   944                           ;teris_16f886.c: 269: unsigned int x, y;
   945                           ;teris_16f886.c: 271: (TRISAbits.TRISA3 = 0);
   946                           
   947                           ;incstack = 0
   948                           ; Regs used in _main: [wreg-fsr0h+status,2+status,0+btemp+1+pclath+cstack]
   949  0757  1683               	bsf	3,5	;RP0=1, select bank1
   950  0758  1303               	bcf	3,6	;RP1=0, select bank1
   951  0759  1185               	bcf	5,3	;volatile
   952                           
   953                           ;teris_16f886.c: 273: (TRISAbits.TRISA2 = 0);
   954  075A  1105               	bcf	5,2	;volatile
   955                           
   956                           ;teris_16f886.c: 275: (TRISAbits.TRISA1 = 0);
   957  075B  1085               	bcf	5,1	;volatile
   958                           
   959                           ;teris_16f886.c: 277: ANSELbits.ANS1 = 0;
   960  075C  1683               	bsf	3,5	;RP0=1, select bank3
   961  075D  1703               	bsf	3,6	;RP1=1, select bank3
   962  075E  1088               	bcf	8,1	;volatile
   963                           
   964                           ;teris_16f886.c: 278: ANSELbits.ANS2 = 0;
   965  075F  1108               	bcf	8,2	;volatile
   966                           
   967                           ;teris_16f886.c: 279: ANSELbits.ANS3 = 0;
   968  0760  1188               	bcf	8,3	;volatile
   969                           
   970                           ;teris_16f886.c: 280: RA2 = 1;
   971  0761  1283               	bcf	3,5	;RP0=0, select bank0
   972  0762  1303               	bcf	3,6	;RP1=0, select bank0
   973  0763  1505               	bsf	5,2	;volatile
   974                           
   975                           ;teris_16f886.c: 281: RA1 = 0;
   976  0764  1085               	bcf	5,1	;volatile
   977                           
   978                           ;teris_16f886.c: 286: max7219_init1();
   979  0765  120A  118A  27A4  120A  118A  	fcall	_max7219_init1
   980  076A                     l1242:	
   981                           ;teris_16f886.c: 292: while (1)
   982                           
   983                           
   984                           ;teris_16f886.c: 293: {
   985                           ;teris_16f886.c: 295: _delay((unsigned long)((1000)*(20000000/4000.0)));
   986  076A  301A               	movlw	26
   987  076B  1283               	bcf	3,5	;RP0=0, select bank0
   988  076C  1303               	bcf	3,6	;RP1=0, select bank0
   989  076D  00E9               	movwf	??_main+2
   990  076E  305E               	movlw	94
   991  076F  00E8               	movwf	??_main+1
   992  0770  3086               	movlw	134
   993  0771  00E7               	movwf	??_main
   994  0772                     u987:	
   995  0772  0BE7               	decfsz	??_main,f
   996  0773  2F72               	goto	u987
   997  0774  0BE8               	decfsz	??_main+1,f
   998  0775  2F72               	goto	u987
   999  0776  0BE9               	decfsz	??_main+2,f
  1000  0777  2F72               	goto	u987
  1001  0778  0000               	nop
  1002                           
  1003                           ;teris_16f886.c: 311: for (x = 65; x <= 90; x++)
  1004  0779  3041               	movlw	65
  1005  077A  1283               	bcf	3,5	;RP0=0, select bank0
  1006  077B  1303               	bcf	3,6	;RP1=0, select bank0
  1007  077C  00EA               	movwf	main@x
  1008  077D  3000               	movlw	0
  1009  077E  00EB               	movwf	main@x+1
  1010  077F                     L1:	
  1011  077F  3000               	movlw	0
  1012  0780  026B               	subwf	main@x+1,w
  1013  0781  305B               	movlw	91
  1014  0782  1903               	skipnz
  1015  0783  026A               	subwf	main@x,w
  1016  0784  1803               	btfsc	3,0
  1017  0785  2F6A               	goto	l1242
  1018                           
  1019                           ;teris_16f886.c: 312: {
  1020                           ;teris_16f886.c: 313: Write_Char(x);
  1021  0786  086A               	movf	main@x,w
  1022  0787  120A  118A  2714  120A  118A  	fcall	_Write_Char
  1023                           
  1024                           ;teris_16f886.c: 314: _delay((unsigned long)((1000)*(20000000/4000.0)));
  1025  078C  301A               	movlw	26
  1026  078D  1283               	bcf	3,5	;RP0=0, select bank0
  1027  078E  1303               	bcf	3,6	;RP1=0, select bank0
  1028  078F  00E9               	movwf	??_main+2
  1029  0790  305E               	movlw	94
  1030  0791  00E8               	movwf	??_main+1
  1031  0792  3086               	movlw	134
  1032  0793  00E7               	movwf	??_main
  1033  0794                     u997:	
  1034  0794  0BE7               	decfsz	??_main,f
  1035  0795  2F94               	goto	u997
  1036  0796  0BE8               	decfsz	??_main+1,f
  1037  0797  2F94               	goto	u997
  1038  0798  0BE9               	decfsz	??_main+2,f
  1039  0799  2F94               	goto	u997
  1040  079A  0000               	nop
  1041  079B  3001               	movlw	1
  1042  079C  1283               	bcf	3,5	;RP0=0, select bank0
  1043  079D  1303               	bcf	3,6	;RP1=0, select bank0
  1044  079E  07EA               	addwf	main@x,f
  1045  079F  1803               	skipnc
  1046  07A0  0AEB               	incf	main@x+1,f
  1047  07A1  3000               	movlw	0
  1048  07A2  07EB               	addwf	main@x+1,f
  1049  07A3  2F7F               	goto	L1
  1050  07A4                     __end_of_main:	
  1051                           
  1052                           	psect	text1
  1053  07A4                     __ptext1:	
  1054 ;; *************** function _max7219_init1 *****************
  1055 ;; Defined at:
  1056 ;;		line 182 in file "teris_16f886.c"
  1057 ;; Parameters:    Size  Location     Type
  1058 ;;		None
  1059 ;; Auto vars:     Size  Location     Type
  1060 ;;		None
  1061 ;; Return value:  Size  Location     Type
  1062 ;;                  1    wreg      void 
  1063 ;; Registers used:
  1064 ;;		wreg, status,2, status,0, pclath, cstack
  1065 ;; Tracked objects:
  1066 ;;		On entry : 0/0
  1067 ;;		On exit  : 0/0
  1068 ;;		Unchanged: 0/0
  1069 ;; Data sizes:     COMMON   BANK0   BANK1   BANK3   BANK2
  1070 ;;      Params:         0       0       0       0       0
  1071 ;;      Locals:         0       0       0       0       0
  1072 ;;      Temps:          0       0       0       0       0
  1073 ;;      Totals:         0       0       0       0       0
  1074 ;;Total ram usage:        0 bytes
  1075 ;; Hardware stack levels used:    1
  1076 ;; Hardware stack levels required when called:    1
  1077 ;; This function calls:
  1078 ;;		_SPI1_write
  1079 ;; This function is called by:
  1080 ;;		_main
  1081 ;; This function uses a non-reentrant model
  1082 ;;
  1083                           
  1084                           
  1085                           ;psect for function _max7219_init1
  1086  07A4                     _max7219_init1:	
  1087                           
  1088                           ;teris_16f886.c: 183: RA2 = 0;
  1089                           
  1090                           ;incstack = 0
  1091                           ; Regs used in _max7219_init1: [wreg+status,2+status,0+pclath+cstack]
  1092  07A4  1283               	bcf	3,5	;RP0=0, select bank0
  1093  07A5  1303               	bcf	3,6	;RP1=0, select bank0
  1094  07A6  1105               	bcf	5,2	;volatile
  1095                           
  1096                           ;teris_16f886.c: 184: SPI1_write(0x09);
  1097  07A7  3009               	movlw	9
  1098  07A8  120A  118A  26EA  120A  118A  	fcall	_SPI1_write
  1099                           
  1100                           ;teris_16f886.c: 185: SPI1_write(0x00);
  1101  07AD  3000               	movlw	0
  1102  07AE  120A  118A  26EA  120A  118A  	fcall	_SPI1_write
  1103                           
  1104                           ;teris_16f886.c: 186: RA2 = 1;
  1105  07B3  1283               	bcf	3,5	;RP0=0, select bank0
  1106  07B4  1303               	bcf	3,6	;RP1=0, select bank0
  1107  07B5  1505               	bsf	5,2	;volatile
  1108                           
  1109                           ;teris_16f886.c: 188: RA2 = 0;
  1110  07B6  1105               	bcf	5,2	;volatile
  1111                           
  1112                           ;teris_16f886.c: 189: SPI1_write(0x0A);
  1113  07B7  300A               	movlw	10
  1114  07B8  120A  118A  26EA  120A  118A  	fcall	_SPI1_write
  1115                           
  1116                           ;teris_16f886.c: 190: SPI1_write(0x0F);
  1117  07BD  300F               	movlw	15
  1118  07BE  120A  118A  26EA  120A  118A  	fcall	_SPI1_write
  1119                           
  1120                           ;teris_16f886.c: 191: RA2 = 1;
  1121  07C3  1283               	bcf	3,5	;RP0=0, select bank0
  1122  07C4  1303               	bcf	3,6	;RP1=0, select bank0
  1123  07C5  1505               	bsf	5,2	;volatile
  1124                           
  1125                           ;teris_16f886.c: 193: RA2 = 0;
  1126  07C6  1105               	bcf	5,2	;volatile
  1127                           
  1128                           ;teris_16f886.c: 194: SPI1_write(0x0B);
  1129  07C7  300B               	movlw	11
  1130  07C8  120A  118A  26EA  120A  118A  	fcall	_SPI1_write
  1131                           
  1132                           ;teris_16f886.c: 195: SPI1_write(0x07);
  1133  07CD  3007               	movlw	7
  1134  07CE  120A  118A  26EA  120A  118A  	fcall	_SPI1_write
  1135                           
  1136                           ;teris_16f886.c: 196: RA2 = 1;
  1137  07D3  1283               	bcf	3,5	;RP0=0, select bank0
  1138  07D4  1303               	bcf	3,6	;RP1=0, select bank0
  1139  07D5  1505               	bsf	5,2	;volatile
  1140                           
  1141                           ;teris_16f886.c: 198: RA2 = 0;
  1142  07D6  1105               	bcf	5,2	;volatile
  1143                           
  1144                           ;teris_16f886.c: 199: SPI1_write(0x0C);
  1145  07D7  300C               	movlw	12
  1146  07D8  120A  118A  26EA  120A  118A  	fcall	_SPI1_write
  1147                           
  1148                           ;teris_16f886.c: 200: SPI1_write(0x01);
  1149  07DD  3001               	movlw	1
  1150  07DE  120A  118A  26EA  120A  118A  	fcall	_SPI1_write
  1151                           
  1152                           ;teris_16f886.c: 201: RA2 = 1;
  1153  07E3  1283               	bcf	3,5	;RP0=0, select bank0
  1154  07E4  1303               	bcf	3,6	;RP1=0, select bank0
  1155  07E5  1505               	bsf	5,2	;volatile
  1156                           
  1157                           ;teris_16f886.c: 203: RA2 = 0;
  1158  07E6  1105               	bcf	5,2	;volatile
  1159                           
  1160                           ;teris_16f886.c: 204: SPI1_write(0x00);
  1161  07E7  3000               	movlw	0
  1162  07E8  120A  118A  26EA  120A  118A  	fcall	_SPI1_write
  1163                           
  1164                           ;teris_16f886.c: 205: SPI1_write(0xFF);
  1165  07ED  30FF               	movlw	255
  1166  07EE  120A  118A  26EA   	fcall	_SPI1_write
  1167                           
  1168                           ;teris_16f886.c: 206: RA2 = 1;
  1169  07F1  1283               	bcf	3,5	;RP0=0, select bank0
  1170  07F2  1303               	bcf	3,6	;RP1=0, select bank0
  1171  07F3  1505               	bsf	5,2	;volatile
  1172  07F4  0008               	return
  1173  07F5                     __end_of_max7219_init1:	
  1174                           
  1175                           	psect	text2
  1176  0714                     __ptext2:	
  1177 ;; *************** function _Write_Char *****************
  1178 ;; Defined at:
  1179 ;;		line 228 in file "teris_16f886.c"
  1180 ;; Parameters:    Size  Location     Type
  1181 ;;  myChar          1    wreg     unsigned char 
  1182 ;; Auto vars:     Size  Location     Type
  1183 ;;  myChar          1   11[COMMON] unsigned char 
  1184 ;;  Column          1   13[COMMON] unsigned char 
  1185 ;;  Start_Byte      1   12[COMMON] unsigned char 
  1186 ;; Return value:  Size  Location     Type
  1187 ;;                  1    wreg      void 
  1188 ;; Registers used:
  1189 ;;		wreg, fsr0l, fsr0h, status,2, status,0, btemp+1, pclath, cstack
  1190 ;; Tracked objects:
  1191 ;;		On entry : 0/0
  1192 ;;		On exit  : 0/0
  1193 ;;		Unchanged: 0/0
  1194 ;; Data sizes:     COMMON   BANK0   BANK1   BANK3   BANK2
  1195 ;;      Params:         0       0       0       0       0
  1196 ;;      Locals:         3       0       0       0       0
  1197 ;;      Temps:          3       0       0       0       0
  1198 ;;      Totals:         6       0       0       0       0
  1199 ;;Total ram usage:        6 bytes
  1200 ;; Hardware stack levels used:    1
  1201 ;; Hardware stack levels required when called:    3
  1202 ;; This function calls:
  1203 ;;		_Clear_Matrix
  1204 ;;		_Write_Byte
  1205 ;;		___bmul
  1206 ;; This function is called by:
  1207 ;;		_main
  1208 ;; This function uses a non-reentrant model
  1209 ;;
  1210                           
  1211                           
  1212                           ;psect for function _Write_Char
  1213  0714                     _Write_Char:	
  1214                           
  1215                           ;incstack = 0
  1216                           ; Regs used in _Write_Char: [wreg-fsr0h+status,2+status,0+btemp+1+pclath+cstack]
  1217                           ;Write_Char@myChar stored from wreg
  1218  0714  00FB               	movwf	Write_Char@myChar
  1219                           
  1220                           ;teris_16f886.c: 229: uint8_t Column, Start_Byte;
  1221                           ;teris_16f886.c: 235: Clear_Matrix();
  1222  0715  120A  118A  26D8  120A  118A  	fcall	_Clear_Matrix
  1223                           
  1224                           ;teris_16f886.c: 238: Start_Byte = (myChar - 65) * 6;
  1225  071A  3006               	movlw	6
  1226  071B  00F8               	movwf	??_Write_Char
  1227  071C  0878               	movf	??_Write_Char,w
  1228  071D  00F0               	movwf	___bmul@multiplicand
  1229  071E  087B               	movf	Write_Char@myChar,w
  1230  071F  3EBF               	addlw	191
  1231  0720  120A  118A  26B5  120A  118A  	fcall	___bmul
  1232  0725  00F9               	movwf	??_Write_Char+1
  1233  0726  0879               	movf	??_Write_Char+1,w
  1234  0727  00FC               	movwf	Write_Char@Start_Byte
  1235                           
  1236                           ;teris_16f886.c: 241: for (Column = 2; Column < 8; Column++) {
  1237  0728  3002               	movlw	2
  1238  0729  00F8               	movwf	??_Write_Char
  1239  072A  0878               	movf	??_Write_Char,w
  1240  072B  00FD               	movwf	Write_Char@Column
  1241  072C                     L2:	
  1242  072C  3008               	movlw	8
  1243  072D  027D               	subwf	Write_Char@Column,w
  1244  072E  1803               	btfsc	3,0
  1245  072F  0008               	return
  1246                           
  1247                           ;teris_16f886.c: 242: Write_Byte(Column, Alphabet[Start_Byte++]);
  1248  0730  087C               	movf	Write_Char@Start_Byte,w
  1249  0731  00F8               	movwf	??_Write_Char
  1250  0732  01F9               	clrf	??_Write_Char+1
  1251  0733  1003               	clrc
  1252  0734  0DF8               	rlf	??_Write_Char,f
  1253  0735  0DF9               	rlf	??_Write_Char+1,f
  1254  0736  3088               	movlw	high (_Alphabet| (0+32768))
  1255  0737  0779               	addwf	??_Write_Char+1,w
  1256  0738  1283               	bcf	3,5	;RP0=0, select bank0
  1257  0739  1303               	bcf	3,6	;RP1=0, select bank0
  1258  073A  00FF               	movwf	127
  1259  073B  3012               	movlw	low (_Alphabet| (0+32768))
  1260  073C  0778               	addwf	??_Write_Char,w
  1261  073D  0084               	movwf	4
  1262  073E  1803               	skipnc
  1263  073F  0AFF               	incf	127,f
  1264  0740  120A  158A  2000  120A  118A  	fcall	stringtab
  1265  0745  00FA               	movwf	??_Write_Char+2
  1266  0746  087A               	movf	??_Write_Char+2,w
  1267  0747  00F4               	movwf	Write_Byte@myValue
  1268  0748  087D               	movf	Write_Char@Column,w
  1269  0749  120A  118A  26C6  120A  118A  	fcall	_Write_Byte
  1270  074E  3001               	movlw	1
  1271  074F  00F8               	movwf	??_Write_Char
  1272  0750  0878               	movf	??_Write_Char,w
  1273  0751  07FC               	addwf	Write_Char@Start_Byte,f
  1274  0752  3001               	movlw	1
  1275  0753  00F8               	movwf	??_Write_Char
  1276  0754  0878               	movf	??_Write_Char,w
  1277  0755  07FD               	addwf	Write_Char@Column,f
  1278  0756  2F2C               	goto	L2
  1279  0757                     __end_of_Write_Char:	
  1280                           
  1281                           	psect	text3
  1282  06B5                     __ptext3:	
  1283 ;; *************** function ___bmul *****************
  1284 ;; Defined at:
  1285 ;;		line 4 in file "C:\Program Files (x86)\Microchip\xc8\v1.37\sources\common\Umul8.c"
  1286 ;; Parameters:    Size  Location     Type
  1287 ;;  multiplier      1    wreg     unsigned char 
  1288 ;;  multiplicand    1    0[COMMON] unsigned char 
  1289 ;; Auto vars:     Size  Location     Type
  1290 ;;  multiplier      1    3[COMMON] unsigned char 
  1291 ;;  product         1    2[COMMON] unsigned char 
  1292 ;; Return value:  Size  Location     Type
  1293 ;;                  1    wreg      unsigned char 
  1294 ;; Registers used:
  1295 ;;		wreg, status,2, status,0
  1296 ;; Tracked objects:
  1297 ;;		On entry : 0/0
  1298 ;;		On exit  : 0/0
  1299 ;;		Unchanged: 0/0
  1300 ;; Data sizes:     COMMON   BANK0   BANK1   BANK3   BANK2
  1301 ;;      Params:         1       0       0       0       0
  1302 ;;      Locals:         2       0       0       0       0
  1303 ;;      Temps:          1       0       0       0       0
  1304 ;;      Totals:         4       0       0       0       0
  1305 ;;Total ram usage:        4 bytes
  1306 ;; Hardware stack levels used:    1
  1307 ;; This function calls:
  1308 ;;		Nothing
  1309 ;; This function is called by:
  1310 ;;		_Write_Char
  1311 ;;		_Write_Symbol
  1312 ;; This function uses a non-reentrant model
  1313 ;;
  1314                           
  1315                           
  1316                           ;psect for function ___bmul
  1317  06B5                     ___bmul:	
  1318                           
  1319                           ;incstack = 0
  1320                           ; Regs used in ___bmul: [wreg+status,2+status,0]
  1321                           ;___bmul@multiplier stored from wreg
  1322  06B5  00F3               	movwf	___bmul@multiplier
  1323  06B6  01F2               	clrf	___bmul@product
  1324  06B7                     l986:	
  1325  06B7  1C73               	btfss	___bmul@multiplier,0
  1326  06B8  2EBD               	goto	l990
  1327  06B9  0870               	movf	___bmul@multiplicand,w
  1328  06BA  00F1               	movwf	??___bmul
  1329  06BB  0871               	movf	??___bmul,w
  1330  06BC  07F2               	addwf	___bmul@product,f
  1331  06BD                     l990:	
  1332  06BD  1003               	clrc
  1333  06BE  0DF0               	rlf	___bmul@multiplicand,f
  1334  06BF  1003               	clrc
  1335  06C0  0CF3               	rrf	___bmul@multiplier,f
  1336  06C1  0873               	movf	___bmul@multiplier,w
  1337  06C2  1D03               	btfss	3,2
  1338  06C3  2EB7               	goto	l986
  1339  06C4  0872               	movf	___bmul@product,w
  1340  06C5  0008               	return
  1341  06C6                     __end_of___bmul:	
  1342                           
  1343                           	psect	text4
  1344  06D8                     __ptext4:	
  1345 ;; *************** function _Clear_Matrix *****************
  1346 ;; Defined at:
  1347 ;;		line 220 in file "teris_16f886.c"
  1348 ;; Parameters:    Size  Location     Type
  1349 ;;		None
  1350 ;; Auto vars:     Size  Location     Type
  1351 ;;  x               1    7[COMMON] unsigned char 
  1352 ;; Return value:  Size  Location     Type
  1353 ;;                  1    wreg      void 
  1354 ;; Registers used:
  1355 ;;		wreg, status,2, status,0, pclath, cstack
  1356 ;; Tracked objects:
  1357 ;;		On entry : 0/0
  1358 ;;		On exit  : 0/0
  1359 ;;		Unchanged: 0/0
  1360 ;; Data sizes:     COMMON   BANK0   BANK1   BANK3   BANK2
  1361 ;;      Params:         0       0       0       0       0
  1362 ;;      Locals:         1       0       0       0       0
  1363 ;;      Temps:          1       0       0       0       0
  1364 ;;      Totals:         2       0       0       0       0
  1365 ;;Total ram usage:        2 bytes
  1366 ;; Hardware stack levels used:    1
  1367 ;; Hardware stack levels required when called:    2
  1368 ;; This function calls:
  1369 ;;		_Write_Byte
  1370 ;; This function is called by:
  1371 ;;		_Write_Char
  1372 ;;		_Write_Symbol
  1373 ;; This function uses a non-reentrant model
  1374 ;;
  1375                           
  1376                           
  1377                           ;psect for function _Clear_Matrix
  1378  06D8                     _Clear_Matrix:	
  1379                           
  1380                           ;teris_16f886.c: 221: uint8_t x;
  1381                           ;teris_16f886.c: 223: for (x = 1; x < 9; x++) {
  1382                           
  1383                           ;incstack = 0
  1384                           ; Regs used in _Clear_Matrix: [wreg+status,2+status,0+pclath+cstack]
  1385  06D8  01F7               	clrf	Clear_Matrix@x
  1386  06D9  0AF7               	incf	Clear_Matrix@x,f
  1387  06DA                     L3:	
  1388  06DA  3009               	movlw	9
  1389  06DB  0277               	subwf	Clear_Matrix@x,w
  1390  06DC  1803               	btfsc	3,0
  1391  06DD  0008               	return
  1392                           
  1393                           ;teris_16f886.c: 224: Write_Byte(x, 0x00);
  1394  06DE  01F4               	clrf	Write_Byte@myValue
  1395  06DF  0877               	movf	Clear_Matrix@x,w
  1396  06E0  120A  118A  26C6  120A  118A  	fcall	_Write_Byte
  1397  06E5  3001               	movlw	1
  1398  06E6  00F6               	movwf	??_Clear_Matrix
  1399  06E7  0876               	movf	??_Clear_Matrix,w
  1400  06E8  07F7               	addwf	Clear_Matrix@x,f
  1401  06E9  2EDA               	goto	L3
  1402  06EA                     __end_of_Clear_Matrix:	
  1403                           
  1404                           	psect	text5
  1405  06C6                     __ptext5:	
  1406 ;; *************** function _Write_Byte *****************
  1407 ;; Defined at:
  1408 ;;		line 211 in file "teris_16f886.c"
  1409 ;; Parameters:    Size  Location     Type
  1410 ;;  myColumn        1    wreg     unsigned char 
  1411 ;;  myValue         1    4[COMMON] unsigned char 
  1412 ;; Auto vars:     Size  Location     Type
  1413 ;;  myColumn        1    5[COMMON] unsigned char 
  1414 ;; Return value:  Size  Location     Type
  1415 ;;                  1    wreg      void 
  1416 ;; Registers used:
  1417 ;;		wreg, status,2, status,0, pclath, cstack
  1418 ;; Tracked objects:
  1419 ;;		On entry : 0/0
  1420 ;;		On exit  : 0/0
  1421 ;;		Unchanged: 0/0
  1422 ;; Data sizes:     COMMON   BANK0   BANK1   BANK3   BANK2
  1423 ;;      Params:         1       0       0       0       0
  1424 ;;      Locals:         1       0       0       0       0
  1425 ;;      Temps:          0       0       0       0       0
  1426 ;;      Totals:         2       0       0       0       0
  1427 ;;Total ram usage:        2 bytes
  1428 ;; Hardware stack levels used:    1
  1429 ;; Hardware stack levels required when called:    1
  1430 ;; This function calls:
  1431 ;;		_SPI1_write
  1432 ;; This function is called by:
  1433 ;;		_Clear_Matrix
  1434 ;;		_Write_Char
  1435 ;;		_Write_Symbol
  1436 ;; This function uses a non-reentrant model
  1437 ;;
  1438                           
  1439                           
  1440                           ;psect for function _Write_Byte
  1441  06C6                     _Write_Byte:	
  1442                           
  1443                           ;incstack = 0
  1444                           ; Regs used in _Write_Byte: [wreg+status,2+status,0+pclath+cstack]
  1445                           ;Write_Byte@myColumn stored from wreg
  1446  06C6  00F5               	movwf	Write_Byte@myColumn
  1447                           
  1448                           ;teris_16f886.c: 212: RA2 = 0;
  1449  06C7  1283               	bcf	3,5	;RP0=0, select bank0
  1450  06C8  1303               	bcf	3,6	;RP1=0, select bank0
  1451  06C9  1105               	bcf	5,2	;volatile
  1452                           
  1453                           ;teris_16f886.c: 213: SPI1_write(myColumn);
  1454  06CA  0875               	movf	Write_Byte@myColumn,w
  1455  06CB  120A  118A  26EA  120A  118A  	fcall	_SPI1_write
  1456                           
  1457                           ;teris_16f886.c: 214: SPI1_write(myValue);
  1458  06D0  0874               	movf	Write_Byte@myValue,w
  1459  06D1  120A  118A  26EA   	fcall	_SPI1_write
  1460                           
  1461                           ;teris_16f886.c: 215: RA2 = 1;
  1462  06D4  1283               	bcf	3,5	;RP0=0, select bank0
  1463  06D5  1303               	bcf	3,6	;RP1=0, select bank0
  1464  06D6  1505               	bsf	5,2	;volatile
  1465  06D7  0008               	return
  1466  06D8                     __end_of_Write_Byte:	
  1467                           
  1468                           	psect	text6
  1469  06EA                     __ptext6:	
  1470 ;; *************** function _SPI1_write *****************
  1471 ;; Defined at:
  1472 ;;		line 153 in file "teris_16f886.c"
  1473 ;; Parameters:    Size  Location     Type
  1474 ;;  data            1    wreg     unsigned char 
  1475 ;; Auto vars:     Size  Location     Type
  1476 ;;  data            1    1[COMMON] unsigned char 
  1477 ;;  i               1    3[COMMON] unsigned char 
  1478 ;;  mask            1    2[COMMON] unsigned char 
  1479 ;; Return value:  Size  Location     Type
  1480 ;;                  1    wreg      void 
  1481 ;; Registers used:
  1482 ;;		wreg, status,2, status,0
  1483 ;; Tracked objects:
  1484 ;;		On entry : 0/0
  1485 ;;		On exit  : 0/0
  1486 ;;		Unchanged: 0/0
  1487 ;; Data sizes:     COMMON   BANK0   BANK1   BANK3   BANK2
  1488 ;;      Params:         0       0       0       0       0
  1489 ;;      Locals:         3       0       0       0       0
  1490 ;;      Temps:          1       0       0       0       0
  1491 ;;      Totals:         4       0       0       0       0
  1492 ;;Total ram usage:        4 bytes
  1493 ;; Hardware stack levels used:    1
  1494 ;; This function calls:
  1495 ;;		Nothing
  1496 ;; This function is called by:
  1497 ;;		_max7219_init1
  1498 ;;		_Write_Byte
  1499 ;; This function uses a non-reentrant model
  1500 ;;
  1501                           
  1502                           
  1503                           ;psect for function _SPI1_write
  1504  06EA                     _SPI1_write:	
  1505                           
  1506                           ;incstack = 0
  1507                           ; Regs used in _SPI1_write: [wreg+status,2+status,0]
  1508                           ;SPI1_write@data stored from wreg
  1509  06EA  00F1               	movwf	SPI1_write@data
  1510                           
  1511                           ;teris_16f886.c: 155: uint8_t mask = 0b10000000;
  1512  06EB  3080               	movlw	128
  1513  06EC  00F0               	movwf	??_SPI1_write
  1514  06ED  0870               	movf	??_SPI1_write,w
  1515  06EE  00F2               	movwf	SPI1_write@mask
  1516                           
  1517                           ;teris_16f886.c: 156: for(uint8_t i = 0; i < 8; i++)
  1518  06EF  01F3               	clrf	SPI1_write@i
  1519  06F0                     L4:	
  1520  06F0  3008               	movlw	8
  1521  06F1  0273               	subwf	SPI1_write@i,w
  1522  06F2  1803               	btfsc	3,0
  1523  06F3  0008               	return
  1524                           
  1525                           ;teris_16f886.c: 157: {
  1526                           ;teris_16f886.c: 158: if((data & mask) > 0)
  1527  06F4  0871               	movf	SPI1_write@data,w
  1528  06F5  0572               	andwf	SPI1_write@mask,w
  1529  06F6  1903               	btfsc	3,2
  1530  06F7  2EFC               	goto	l139
  1531                           
  1532                           ;teris_16f886.c: 159: {
  1533                           ;teris_16f886.c: 160: RA3 = 1;
  1534  06F8  1283               	bcf	3,5	;RP0=0, select bank0
  1535  06F9  1303               	bcf	3,6	;RP1=0, select bank0
  1536  06FA  1585               	bsf	5,3	;volatile
  1537                           
  1538                           ;teris_16f886.c: 162: }
  1539  06FB  2EFF               	goto	l956
  1540  06FC                     l139:	
  1541                           
  1542                           ;teris_16f886.c: 163: else
  1543                           ;teris_16f886.c: 164: {
  1544                           ;teris_16f886.c: 165: RA3 = 0;
  1545  06FC  1283               	bcf	3,5	;RP0=0, select bank0
  1546  06FD  1303               	bcf	3,6	;RP1=0, select bank0
  1547  06FE  1185               	bcf	5,3	;volatile
  1548  06FF                     l956:	
  1549                           
  1550                           ;teris_16f886.c: 167: }
  1551                           ;teris_16f886.c: 168: mask >>= 1;
  1552  06FF  1003               	clrc
  1553  0700  0CF2               	rrf	SPI1_write@mask,f
  1554                           
  1555                           ;teris_16f886.c: 169: RA1 = 1;
  1556  0701  1485               	bsf	5,1	;volatile
  1557                           
  1558                           ;teris_16f886.c: 170: _delay((unsigned long)((10)*(20000000/4000000.0)));
  1559  0702  3010               	movlw	16
  1560  0703  00F0               	movwf	??_SPI1_write
  1561  0704                     u1007:	
  1562  0704  0BF0               	decfsz	??_SPI1_write,f
  1563  0705  2F04               	goto	u1007
  1564  0706  0000               	nop
  1565                           
  1566                           ;teris_16f886.c: 171: RA1 = 0;
  1567  0707  1283               	bcf	3,5	;RP0=0, select bank0
  1568  0708  1303               	bcf	3,6	;RP1=0, select bank0
  1569  0709  1085               	bcf	5,1	;volatile
  1570                           
  1571                           ;teris_16f886.c: 172: _delay((unsigned long)((10)*(20000000/4000000.0)));
  1572  070A  3010               	movlw	16
  1573  070B  00F0               	movwf	??_SPI1_write
  1574  070C                     u1017:	
  1575  070C  0BF0               	decfsz	??_SPI1_write,f
  1576  070D  2F0C               	goto	u1017
  1577  070E  0000               	nop
  1578  070F  3001               	movlw	1
  1579  0710  00F0               	movwf	??_SPI1_write
  1580  0711  0870               	movf	??_SPI1_write,w
  1581  0712  07F3               	addwf	SPI1_write@i,f
  1582  0713  2EF0               	goto	L4
  1583  0714                     __end_of_SPI1_write:	
  1584  007E                     btemp	set	126	;btemp
  1585  007E                     wtemp	set	126
  1586  007E                     wtemp0	set	126
  1587  0080                     wtemp1	set	128
  1588  0082                     wtemp2	set	130
  1589  0084                     wtemp3	set	132
  1590  0086                     wtemp4	set	134
  1591  0088                     wtemp5	set	136
  1592  007F                     wtemp6	set	127
  1593  007E                     ttemp	set	126
  1594  007E                     ttemp0	set	126
  1595  0081                     ttemp1	set	129
  1596  0084                     ttemp2	set	132
  1597  0087                     ttemp3	set	135
  1598  007F                     ttemp4	set	127
  1599  007E                     ltemp	set	126
  1600  007E                     ltemp0	set	126
  1601  0082                     ltemp1	set	130
  1602  0086                     ltemp2	set	134
  1603  0080                     ltemp3	set	128


Data Sizes:
    Strings     0
    Constant    540
    Data        0
    BSS         71
    Persistent  0
    Stack       0

Auto Spaces:
    Space          Size  Autos    Used
    COMMON           14     14      14
    BANK0            80      5      76
    BANK1            80      0       0
    BANK3            96      0       0
    BANK2            96      0       0

Pointer List with Targets:

    None.

Critical Paths under _main in COMMON

    _main->_Write_Char
    _max7219_init1->_SPI1_write
    _Write_Char->_Clear_Matrix
    _Clear_Matrix->_Write_Byte
    _Write_Byte->_SPI1_write

Critical Paths under _main in BANK0

    None.

Critical Paths under _main in BANK1

    None.

Critical Paths under _main in BANK3

    None.

Critical Paths under _main in BANK2

    None.

Call Graph Tables:

 ---------------------------------------------------------------------------------
 (Depth) Function   	        Calls       Base Space   Used Autos Params    Refs
 ---------------------------------------------------------------------------------
 (0) _main                                                 7     7      0    1130
                                              0 BANK0      5     5      0
                         _Write_Char
                      _max7219_init1
 ---------------------------------------------------------------------------------
 (1) _max7219_init1                                        0     0      0      92
                         _SPI1_write
 ---------------------------------------------------------------------------------
 (1) _Write_Char                                           6     6      0     970
                                              8 COMMON     6     6      0
                       _Clear_Matrix
                         _Write_Byte
                             ___bmul
 ---------------------------------------------------------------------------------
 (2) ___bmul                                               4     3      1     198
                                              0 COMMON     4     3      1
 ---------------------------------------------------------------------------------
 (2) _Clear_Matrix                                         2     2      0     363
                                              6 COMMON     2     2      0
                         _Write_Byte
 ---------------------------------------------------------------------------------
 (2) _Write_Byte                                           2     1      1     295
                                              4 COMMON     2     1      1
                         _SPI1_write
 ---------------------------------------------------------------------------------
 (2) _SPI1_write                                           4     4      0      92
                                              0 COMMON     4     4      0
 ---------------------------------------------------------------------------------
 Estimated maximum stack depth 2
 ---------------------------------------------------------------------------------

 Call Graph Graphs:

 _main (ROOT)
   _Write_Char
     _Clear_Matrix
       _Write_Byte
         _SPI1_write
     _Write_Byte
       _SPI1_write
     ___bmul
   _max7219_init1
     _SPI1_write

 Address spaces:
Name               Size   Autos  Total    Cost      Usage
BITCOMMON            E      0       0       0        0.0%
EEDATA             100      0       0       0        0.0%
NULL                 0      0       0       0        0.0%
CODE                 0      0       0       0        0.0%
COMMON               E      E       E       1      100.0%
BITSFR0              0      0       0       1        0.0%
SFR0                 0      0       0       1        0.0%
BITSFR1              0      0       0       2        0.0%
SFR1                 0      0       0       2        0.0%
STACK                0      0       0       2        0.0%
ABS                  0      0      5A       3        0.0%
BITBANK0            50      0       0       4        0.0%
BITSFR3              0      0       0       4        0.0%
SFR3                 0      0       0       4        0.0%
BANK0               50      5      4C       5       95.0%
BITSFR2              0      0       0       5        0.0%
SFR2                 0      0       0       5        0.0%
BITBANK1            50      0       0       6        0.0%
BANK1               50      0       0       7        0.0%
BITBANK3            60      0       0       8        0.0%
BANK3               60      0       0       9        0.0%
BITBANK2            60      0       0      10        0.0%
BANK2               60      0       0      11        0.0%
DATA                 0      0      5A      12        0.0%


Microchip Technology PIC Macro Assembler V1.37 build -260352376 
Symbol Table                                                                                   Thu Aug 18 09:47:22 2016

              __CFG_CP$ON 0000                         pc 0002            ___bmul@product 0072  
             __CFG_CPD$ON 0000                        fsr 0004               __CFG_LVP$ON 0000  
                     l139 06FC                       l956 06FF                       l990 06BD  
                     l986 06B7                       _GIE 005F                       _RA1 0029  
                     _RA2 002A                       _RB1 0031                       _RA3 002B  
                     u987 0772                       u997 0794                       fsr0 0004  
                     indf 0000              __CFG_IESO$ON 0000          Write_Char@Column 007D  
   __end_of_max7219_init1 07F5                      l1242 076A              __CFG_WDTE$ON 0000  
                    u1007 0704                      u1017 070C                      _PEIE 005E  
                    _RCIE 0465              __CFG_WRT$OFF 0000             __CFG_FCMEN$ON 0000  
        Write_Char@myChar 007B                      _main 0757                      btemp 007E  
           __CFG_BOREN$ON 0000                      ltemp 007E                      start 0000  
                    ttemp 007E                      wtemp 007E         ___bmul@multiplier 0073  
           __CFG_MCLRE$ON 0000                     ?_main 0070           __end_of_Symbols 0A2E  
                   _RCREG 001A                     _SPBRG 0099                     _TXREG 0019  
                   _UQEnd 0065               ?_SPI1_write 0070                     main@x 006A  
                   pclath 000A                     ltemp0 007E                     ltemp1 0082  
                   ltemp2 0086                     ltemp3 0080                     ttemp0 007E  
                   ttemp1 0081                     ttemp2 0084                     ttemp3 0087  
                   ttemp4 007F                     status 0003                     wtemp0 007E  
                   wtemp1 0080                     wtemp2 0082                     wtemp3 0084  
                   wtemp4 0086                     wtemp5 0088                     wtemp6 007F  
        __end_of_Alphabet 094A           __initialization 07F5              __end_of_main 07A4  
                  ??_main 0067     __size_of_Clear_Matrix 0012                    _URBuff 0020  
          __CFG_PWRTE$OFF 0000             Clear_Matrix@x 0077                    ___bmul 06B5  
     __size_of_SPI1_write 002A              _Clear_Matrix 06D8   __end_of__initialization 07FC  
     ___bmul@multiplicand 0070            __pcstackCOMMON 0070                _Write_Char 0714  
              _Write_Byte 06C6                __pbssBANK0 0020                __pmaintext 0757  
                 ?___bmul 0070              ??_SPI1_write 0070        USARTWriteInt@F1617 0060  
              __stringtab 0800                   _UQFront 0066           __size_of___bmul 0011  
             ?_Write_Char 0070               ?_Write_Byte 0074        __end_of_SPI1_write 0714  
  __size_of_max7219_init1 0051                   _Symbols 094A                 _ANSELbits 0188  
                 __ptext1 07A4                   __ptext2 0714                   __ptext3 06B5  
                 __ptext4 06D8                   __ptext5 06C6                   __ptext6 06EA  
             SPI1_write@i 0073                   clrloop0 06AE      end_of_initialization 07FC  
          SPI1_write@data 0071            SPI1_write@mask 0072                 _RCSTAbits 0018  
       Write_Byte@myValue 0074              __pstringtext 0800                 _TRISAbits 0085  
           _max7219_init1 07A4       __size_of_Write_Char 0043       __size_of_Write_Byte 0012  
               _TXSTAbits 0098            __end_of___bmul 06C6       start_initialization 07F5  
          ?_max7219_init1 0070  __CFG_FOSC$INTRC_NOCLKOUT 0000                  ??___bmul 0071  
               ___latbits 0002             __pcstackBANK0 0067              ??_Write_Char 0078  
            ??_Write_Byte 0075      Write_Char@Start_Byte 007C           ??_max7219_init1 0074  
      __end_of_Write_Char 0757        __end_of_Write_Byte 06D8                 clear_ram0 06AD  
                _PIR1bits 000C               __stringbase 0812             ?_Clear_Matrix 0070  
                _Alphabet 0812        __end_of__stringtab 0812            ??_Clear_Matrix 0076  
       __CFG_BOR4V$BOR21V 0000             __size_of_main 004D                 stringcode 080A  
      Write_Byte@myColumn 0075                  stringtab 0800                _SPI1_write 06EA  
    __end_of_Clear_Matrix 06EA  
