AutoECO Report
FILE-A: D:\DANH\ROBOT\ORCAD PROJECTS\COMERCIAL PROJECTS\COM_PRJ43\COM_PRJ43.MAX
FILE-B: D:\DANH\ROBOT\ORCAD PROJECTS\COMERCIAL PROJECTS\COM_PRJ43\COM_PRJ43.MNL
If "*EOF*" immediately follows, no changes were made
Adding component U17
Adding component U20
Adding component U16
Adding component U18
Adding component U15
Adding component U19
Adding net N032412
Adding net N032010
Adding net N031611
Adding net N032815
Adding net N031613
Adding net N031610
Adding net N032811
Adding net N032012
Adding net N032414
Adding net N031615
Adding net N032014
Adding net N031614
Adding net N032410
Adding net N031612
Adding net N032813
Adding net N03702
Adding net N03757
Adding net N03818
Adding net N03942
*EOF*
No errors found
