Fri May 13 07:29:13 Saved as file D:\DANH\ROBOT\ORCAD PROJECTS\COMERCIAL PROJECTS\COM_PRJ43\COM_PRJ43.MAX
Fri May 13 07:29:13 Saved as file BACKUP1.MAX
Fri May 13 07:29:13 Saved as file D:\DANH\ROBOT\ORCAD PROJECTS\COMERCIAL PROJECTS\COM_PRJ43\COM_PRJ43.MAX
Fri May 13 07:29:13 UserDiv from Layout.INI for AutoECO: 60
Fri May 13 07:29:13 Loaded file D:\DANH\ROBOT\ORCAD PROJECTS\COMERCIAL PROJECTS\COM_PRJ43\COM_PRJ43.MAX
Fri May 13 07:29:13 Loaded file D:\DANH\ROBOT\ORCAD LIBS\THUVIENORCAD\THUVIENORCAD\THUVIEN1\TIEN.LLB
Fri May 13 07:29:13 Loaded file D:\DANH\ROBOT\ORCAD LIBS\THUVIENORCAD\THUVIENORCAD\THUVIEN\LAYOUTMT.LLB
Fri May 13 07:29:13 Loaded file D:\DANH\ROBOT\ORCAD LIBS\THUVIENORCAD\THUVIENORCAD\LIBRARY ORCAD\THU VIEN ORCAD FULL\THU VIEN LAYOUT BETA 3.LLB
Fri May 13 07:29:13 Loaded file D:\DANH\ROBOT\ORCAD LIBS\THUVIENORCAD\THUVIENORCAD\LIBRARY ORCAD\THU VIEN ORCAD FULL\THU VIEN.LLB
Fri May 13 07:29:13 Loaded file D:\DANH\ROBOT\ORCAD LIBS\THUVIENORCAD\THUVIENORCAD\LIBRARY\BCON100T.LLB
Fri May 13 07:29:13 Loaded file D:\DANH\ROBOT\ORCAD LIBS\THUVIENORCAD\THUVIENORCAD\LIBRARY\BCON156T.LLB
Fri May 13 07:29:13 Loaded file D:\DANH\ROBOT\ORCAD LIBS\THUVIENORCAD\THUVIENORCAD\LIBRARY\BGA.LLB
Fri May 13 07:29:13 Loaded file D:\DANH\ROBOT\ORCAD LIBS\THUVIENORCAD\THUVIENORCAD\LIBRARY\CLCC.LLB
Fri May 13 07:29:13 Loaded file D:\DANH\ROBOT\ORCAD LIBS\THUVIENORCAD\THUVIENORCAD\LIBRARY\DCON050T.LLB
Fri May 13 07:29:13 Loaded file D:\DANH\ROBOT\ORCAD LIBS\THUVIENORCAD\THUVIENORCAD\LIBRARY\DCON085T.LLB
Fri May 13 07:29:13 Loaded file D:\DANH\ROBOT\ORCAD LIBS\THUVIENORCAD\THUVIENORCAD\LIBRARY\DIMM050F.LLB
Fri May 13 07:29:13 Loaded file D:\DANH\ROBOT\ORCAD LIBS\THUVIENORCAD\THUVIENORCAD\LIBRARY\DIMM050T.LLB
Fri May 13 07:29:13 Loaded file D:\DANH\ROBOT\ORCAD LIBS\THUVIENORCAD\THUVIENORCAD\LIBRARY\DIN.LLB
Fri May 13 07:29:13 Loaded file D:\DANH\ROBOT\ORCAD LIBS\THUVIENORCAD\THUVIENORCAD\LIBRARY\DIP100B.LLB
Fri May 13 07:29:13 Loaded file D:\DANH\ROBOT\ORCAD LIBS\THUVIENORCAD\THUVIENORCAD\LIBRARY\DIP100T.LLB
Fri May 13 07:29:13 Loaded file D:\DANH\ROBOT\ORCAD LIBS\THUVIENORCAD\THUVIENORCAD\LIBRARY\DSUBT.LLB
Fri May 13 07:29:13 Loaded file D:\DANH\ROBOT\ORCAD LIBS\THUVIENORCAD\THUVIENORCAD\LIBRARY\DSUBT_HD.LLB
Fri May 13 07:29:13 Loaded file D:\DANH\ROBOT\ORCAD LIBS\THUVIENORCAD\THUVIENORCAD\LIBRARY\ECON100T.LLB
Fri May 13 07:29:13 Loaded file D:\DANH\ROBOT\ORCAD LIBS\THUVIENORCAD\THUVIENORCAD\LIBRARY\EMPTY.LLB
Fri May 13 07:29:13 Loaded file D:\DANH\ROBOT\ORCAD LIBS\THUVIENORCAD\THUVIENORCAD\LIBRARY\EX_GUI.LLB
Fri May 13 07:29:14 Loaded file D:\DANH\ROBOT\ORCAD LIBS\THUVIENORCAD\THUVIENORCAD\LIBRARY\FBUS.LLB
Fri May 13 07:29:14 Loaded file D:\DANH\ROBOT\ORCAD LIBS\THUVIENORCAD\THUVIENORCAD\LIBRARY\ISA.LLB
Fri May 13 07:29:14 Loaded file D:\DANH\ROBOT\ORCAD LIBS\THUVIENORCAD\THUVIENORCAD\LIBRARY\JUMPER.LLB
Fri May 13 07:29:14 Loaded file D:\DANH\ROBOT\ORCAD LIBS\THUVIENORCAD\THUVIENORCAD\LIBRARY\LAYOUT.LLB
Fri May 13 07:29:14 Loaded file D:\DANH\ROBOT\ORCAD LIBS\THUVIENORCAD\THUVIENORCAD\LIBRARY\LCON100T.LLB
Fri May 13 07:29:14 Loaded file D:\DANH\ROBOT\ORCAD LIBS\THUVIENORCAD\THUVIENORCAD\LIBRARY\LINH KIEN.LLB
Fri May 13 07:29:14 Loaded file D:\DANH\ROBOT\ORCAD LIBS\THUVIENORCAD\THUVIENORCAD\LIBRARY\METRIC.LLB
Fri May 13 07:29:14 Loaded file D:\DANH\ROBOT\ORCAD LIBS\THUVIENORCAD\THUVIENORCAD\LIBRARY\PADSTACK.LLB
Fri May 13 07:29:14 Loaded file D:\DANH\ROBOT\ORCAD LIBS\THUVIENORCAD\THUVIENORCAD\LIBRARY\PC104.LLB
Fri May 13 07:29:14 Loaded file D:\DANH\ROBOT\ORCAD LIBS\THUVIENORCAD\THUVIENORCAD\LIBRARY\PCI.LLB
Fri May 13 07:29:14 Loaded file D:\DANH\ROBOT\ORCAD LIBS\THUVIENORCAD\THUVIENORCAD\LIBRARY\PCON100T.LLB
Fri May 13 07:29:14 Loaded file D:\DANH\ROBOT\ORCAD LIBS\THUVIENORCAD\THUVIENORCAD\LIBRARY\PCON156T.LLB
Fri May 13 07:29:14 Loaded file D:\DANH\ROBOT\ORCAD LIBS\THUVIENORCAD\THUVIENORCAD\LIBRARY\PGA.LLB
Fri May 13 07:29:14 Loaded file D:\DANH\ROBOT\ORCAD LIBS\THUVIENORCAD\THUVIENORCAD\LIBRARY\PLCC.LLB
Fri May 13 07:29:14 Loaded file D:\DANH\ROBOT\ORCAD LIBS\THUVIENORCAD\THUVIENORCAD\LIBRARY\QUAD.LLB
Fri May 13 07:29:14 Loaded file D:\DANH\ROBOT\ORCAD LIBS\THUVIENORCAD\THUVIENORCAD\LIBRARY\QUADB.LLB
Fri May 13 07:29:14 Loaded file D:\DANH\ROBOT\ORCAD LIBS\THUVIENORCAD\THUVIENORCAD\LIBRARY\RELAY.LLB
Fri May 13 07:29:14 Loaded file D:\DANH\ROBOT\ORCAD LIBS\THUVIENORCAD\THUVIENORCAD\LIBRARY\RF.LLB
Fri May 13 07:29:14 Loaded file D:\DANH\ROBOT\ORCAD LIBS\THUVIENORCAD\THUVIENORCAD\LIBRARY\SBUS.LLB
Fri May 13 07:29:14 Loaded file D:\DANH\ROBOT\ORCAD LIBS\THUVIENORCAD\THUVIENORCAD\LIBRARY\SIMM050F.LLB
Fri May 13 07:29:14 Loaded file D:\DANH\ROBOT\ORCAD LIBS\THUVIENORCAD\THUVIENORCAD\LIBRARY\SIMM050T.LLB
Fri May 13 07:29:14 Loaded file D:\DANH\ROBOT\ORCAD LIBS\THUVIENORCAD\THUVIENORCAD\LIBRARY\SIMM100F.LLB
Fri May 13 07:29:14 Loaded file D:\DANH\ROBOT\ORCAD LIBS\THUVIENORCAD\THUVIENORCAD\LIBRARY\SIMM100T.LLB
Fri May 13 07:29:14 Loaded file D:\DANH\ROBOT\ORCAD LIBS\THUVIENORCAD\THUVIENORCAD\LIBRARY\SIP.LLB
Fri May 13 07:29:14 Loaded file D:\DANH\ROBOT\ORCAD LIBS\THUVIENORCAD\THUVIENORCAD\LIBRARY\SM.LLB
Fri May 13 07:29:14 Loaded file D:\DANH\ROBOT\ORCAD LIBS\THUVIENORCAD\THUVIENORCAD\LIBRARY\SOG.LLB
Fri May 13 07:29:14 Loaded file D:\DANH\ROBOT\ORCAD LIBS\THUVIENORCAD\THUVIENORCAD\LIBRARY\SOJ.LLB
Fri May 13 07:29:14 Loaded file D:\DANH\ROBOT\ORCAD LIBS\THUVIENORCAD\THUVIENORCAD\LIBRARY\STIFF.LLB
Fri May 13 07:29:14 Loaded file D:\DANH\ROBOT\ORCAD LIBS\THUVIENORCAD\THUVIENORCAD\LIBRARY\TELE.LLB
Fri May 13 07:29:14 Loaded file D:\DANH\ROBOT\ORCAD LIBS\THUVIENORCAD\THUVIENORCAD\LIBRARY\TM_AXIAL.LLB
Fri May 13 07:29:14 Loaded file D:\DANH\ROBOT\ORCAD LIBS\THUVIENORCAD\THUVIENORCAD\LIBRARY\TM_CAP_P.LLB
Fri May 13 07:29:14 Loaded file D:\DANH\ROBOT\ORCAD LIBS\THUVIENORCAD\THUVIENORCAD\LIBRARY\TM_CYLND.LLB
Fri May 13 07:29:14 Loaded file D:\DANH\ROBOT\ORCAD LIBS\THUVIENORCAD\THUVIENORCAD\LIBRARY\TM_DIODE.LLB
Fri May 13 07:29:14 Loaded file D:\DANH\ROBOT\ORCAD LIBS\THUVIENORCAD\THUVIENORCAD\LIBRARY\TM_DISC.LLB
Fri May 13 07:29:14 Loaded file D:\DANH\ROBOT\ORCAD LIBS\THUVIENORCAD\THUVIENORCAD\LIBRARY\TM_RAD.LLB
Fri May 13 07:29:14 Loaded file D:\DANH\ROBOT\ORCAD LIBS\THUVIENORCAD\THUVIENORCAD\LIBRARY\TO.LLB
Fri May 13 07:29:14 Loaded file D:\DANH\ROBOT\ORCAD LIBS\THUVIENORCAD\THUVIENORCAD\LIBRARY\TRAINING.LLB
Fri May 13 07:29:14 Loaded file D:\DANH\ROBOT\ORCAD LIBS\THUVIENORCAD\THUVIENORCAD\LIBRARY\VRES.LLB
Fri May 13 07:29:14 Loaded file D:\DANH\ROBOT\ORCAD LIBS\THUVIENORCAD\THUVIENORCAD\LIBRARY\WCON100T.LLB
Fri May 13 07:29:14 Loaded file D:\DANH\ROBOT\ORCAD LIBS\THUVIENORCAD\THUVIENORCAD\LIBRARY\XT.LLB
Fri May 13 07:29:14 Loaded file D:\DANH\ROBOT\ORCAD LIBS\THUVIENORCAD\THUVIENORCAD\LIBRARY\ZIGZAG.LLB
Fri May 13 07:29:14 Loaded file D:\DANH\ROBOT\ORCAD LIBS\THUVIENORCAD\THUVIENORCAD\HOA DOAN\HOADOAN.LLB
Fri May 13 07:29:14 Loaded file D:\DANH\ROBOT\ORCAD LIBS\THUVIENORCAD\THUVIENORCAD\THU VIEN\THU VIEN.LLB
Fri May 13 07:29:14 Loaded file D:\DANH\ROBOT\ORCAD LIBS\THU VIEN\THU VIEN.LLB
Fri May 13 07:29:14 Loaded file D:\DANH\ROBOT\ORCAD LIBS\ORCAD LAYOUT\T2L LAYOUT.LLB
Fri May 13 07:29:14 Loaded file D:\DANH\ROBOT\ORCAD LIBS\DANHLIB.LLB
Fri May 13 07:29:14 Loaded file D:\DANH\ROBOT\ORCAD LIBS\THUVIENORCAD\THUVIENORCAD\LIBRARY ORCAD\THU VIEN ORCAD FULL\THU VIEN.LLB
Fri May 13 07:29:26 Loaded file C:\PROGRAM FILES\ORCAD\LAYOUT_PLUS\data\DEFAULT.MAX
Fri May 13 07:29:26 Loaded file C:\PROGRAM FILES\ORCAD\LAYOUT_PLUS\data\template.imp
Fri May 13 07:29:26 Loaded file C:\PROGRAM FILES\ORCAD\LAYOUT_PLUS\data\template.imp
Fri May 13 07:29:31 Loaded file D:\DANH\ROBOT\ORCAD LIBS\DANHLIB.LLB
Fri May 13 07:29:36 Loaded file C:\PROGRAM FILES\ORCAD\LAYOUT_PLUS\data\template.imp
Fri May 13 07:30:03 Loaded file D:\DANH\ROBOT\ORCAD LIBS\DANHLIB.LLB
Fri May 13 07:30:03 Saved as file D:\DANH\ROBOT\ORCAD LIBS\DANHLIB.LLB
Fri May 13 07:35:17 Loaded file D:\DANH\ROBOT\ORCAD LIBS\DANHLIB.LLB
Fri May 13 07:35:17 Saved as file D:\DANH\ROBOT\ORCAD LIBS\DANHLIB.LLB
Fri May 13 07:35:31 Loaded file C:\PROGRAM FILES\ORCAD\LAYOUT_PLUS\data\template.imp
Fri May 13 07:35:31 Loaded file C:\PROGRAM FILES\ORCAD\LAYOUT_PLUS\data\template.imp
Fri May 13 07:35:37 Loaded file D:\DANH\ROBOT\ORCAD LIBS\DANHLIB.LLB
Fri May 13 07:35:47 Loaded file C:\PROGRAM FILES\ORCAD\LAYOUT_PLUS\data\template.imp
Fri May 13 07:35:49 Loaded file D:\DANH\ROBOT\ORCAD LIBS\THUVIENORCAD\THUVIENORCAD\THUVIEN1\TIEN.LLB
Fri May 13 07:35:49 Loaded file D:\DANH\ROBOT\ORCAD LIBS\THUVIENORCAD\THUVIENORCAD\THUVIEN\LAYOUTMT.LLB
Fri May 13 07:35:49 Loaded file D:\DANH\ROBOT\ORCAD LIBS\THUVIENORCAD\THUVIENORCAD\LIBRARY ORCAD\THU VIEN ORCAD FULL\THU VIEN LAYOUT BETA 3.LLB
Fri May 13 07:35:49 Loaded file D:\DANH\ROBOT\ORCAD LIBS\THUVIENORCAD\THUVIENORCAD\LIBRARY ORCAD\THU VIEN ORCAD FULL\THU VIEN.LLB
Fri May 13 07:35:49 Loaded file D:\DANH\ROBOT\ORCAD LIBS\THUVIENORCAD\THUVIENORCAD\LIBRARY\BCON100T.LLB
Fri May 13 07:35:49 Loaded file D:\DANH\ROBOT\ORCAD LIBS\THUVIENORCAD\THUVIENORCAD\LIBRARY\BCON156T.LLB
Fri May 13 07:35:49 Loaded file D:\DANH\ROBOT\ORCAD LIBS\THUVIENORCAD\THUVIENORCAD\LIBRARY\BGA.LLB
Fri May 13 07:35:49 Loaded file D:\DANH\ROBOT\ORCAD LIBS\THUVIENORCAD\THUVIENORCAD\LIBRARY\CLCC.LLB
Fri May 13 07:35:49 Loaded file D:\DANH\ROBOT\ORCAD LIBS\THUVIENORCAD\THUVIENORCAD\LIBRARY\DCON050T.LLB
Fri May 13 07:35:49 Loaded file D:\DANH\ROBOT\ORCAD LIBS\THUVIENORCAD\THUVIENORCAD\LIBRARY\DCON085T.LLB
Fri May 13 07:35:49 Loaded file D:\DANH\ROBOT\ORCAD LIBS\THUVIENORCAD\THUVIENORCAD\LIBRARY\DIMM050F.LLB
Fri May 13 07:35:49 Loaded file D:\DANH\ROBOT\ORCAD LIBS\THUVIENORCAD\THUVIENORCAD\LIBRARY\DIMM050T.LLB
Fri May 13 07:35:49 Loaded file D:\DANH\ROBOT\ORCAD LIBS\THUVIENORCAD\THUVIENORCAD\LIBRARY\DIN.LLB
Fri May 13 07:35:49 Loaded file D:\DANH\ROBOT\ORCAD LIBS\THUVIENORCAD\THUVIENORCAD\LIBRARY\DIP100B.LLB
Fri May 13 07:35:49 Loaded file D:\DANH\ROBOT\ORCAD LIBS\THUVIENORCAD\THUVIENORCAD\LIBRARY\DIP100T.LLB
Fri May 13 07:35:49 Loaded file D:\DANH\ROBOT\ORCAD LIBS\THUVIENORCAD\THUVIENORCAD\LIBRARY\DSUBT.LLB
Fri May 13 07:35:49 Loaded file D:\DANH\ROBOT\ORCAD LIBS\THUVIENORCAD\THUVIENORCAD\LIBRARY\DSUBT_HD.LLB
Fri May 13 07:35:49 Loaded file D:\DANH\ROBOT\ORCAD LIBS\THUVIENORCAD\THUVIENORCAD\LIBRARY\ECON100T.LLB
Fri May 13 07:35:49 Loaded file D:\DANH\ROBOT\ORCAD LIBS\THUVIENORCAD\THUVIENORCAD\LIBRARY\EMPTY.LLB
Fri May 13 07:35:49 Loaded file D:\DANH\ROBOT\ORCAD LIBS\THUVIENORCAD\THUVIENORCAD\LIBRARY\EX_GUI.LLB
Fri May 13 07:35:49 Loaded file D:\DANH\ROBOT\ORCAD LIBS\THUVIENORCAD\THUVIENORCAD\LIBRARY\FBUS.LLB
Fri May 13 07:35:49 Loaded file D:\DANH\ROBOT\ORCAD LIBS\THUVIENORCAD\THUVIENORCAD\LIBRARY\ISA.LLB
Fri May 13 07:35:49 Loaded file D:\DANH\ROBOT\ORCAD LIBS\THUVIENORCAD\THUVIENORCAD\LIBRARY\JUMPER.LLB
Fri May 13 07:35:49 Loaded file D:\DANH\ROBOT\ORCAD LIBS\THUVIENORCAD\THUVIENORCAD\LIBRARY\LAYOUT.LLB
Fri May 13 07:35:49 Loaded file D:\DANH\ROBOT\ORCAD LIBS\THUVIENORCAD\THUVIENORCAD\LIBRARY\LCON100T.LLB
Fri May 13 07:35:49 Loaded file D:\DANH\ROBOT\ORCAD LIBS\THUVIENORCAD\THUVIENORCAD\LIBRARY\LINH KIEN.LLB
Fri May 13 07:35:49 Loaded file D:\DANH\ROBOT\ORCAD LIBS\THUVIENORCAD\THUVIENORCAD\LIBRARY\METRIC.LLB
Fri May 13 07:35:49 Loaded file D:\DANH\ROBOT\ORCAD LIBS\THUVIENORCAD\THUVIENORCAD\LIBRARY\PADSTACK.LLB
Fri May 13 07:35:49 Loaded file D:\DANH\ROBOT\ORCAD LIBS\THUVIENORCAD\THUVIENORCAD\LIBRARY\PC104.LLB
Fri May 13 07:35:49 Loaded file D:\DANH\ROBOT\ORCAD LIBS\THUVIENORCAD\THUVIENORCAD\LIBRARY\PCI.LLB
Fri May 13 07:35:49 Loaded file D:\DANH\ROBOT\ORCAD LIBS\THUVIENORCAD\THUVIENORCAD\LIBRARY\PCON100T.LLB
Fri May 13 07:35:49 Loaded file D:\DANH\ROBOT\ORCAD LIBS\THUVIENORCAD\THUVIENORCAD\LIBRARY\PCON156T.LLB
Fri May 13 07:35:49 Loaded file D:\DANH\ROBOT\ORCAD LIBS\THUVIENORCAD\THUVIENORCAD\LIBRARY\PGA.LLB
Fri May 13 07:35:49 Loaded file D:\DANH\ROBOT\ORCAD LIBS\THUVIENORCAD\THUVIENORCAD\LIBRARY\PLCC.LLB
Fri May 13 07:35:49 Loaded file D:\DANH\ROBOT\ORCAD LIBS\THUVIENORCAD\THUVIENORCAD\LIBRARY\QUAD.LLB
Fri May 13 07:35:49 Loaded file D:\DANH\ROBOT\ORCAD LIBS\THUVIENORCAD\THUVIENORCAD\LIBRARY\QUADB.LLB
Fri May 13 07:35:49 Loaded file D:\DANH\ROBOT\ORCAD LIBS\THUVIENORCAD\THUVIENORCAD\LIBRARY\RELAY.LLB
Fri May 13 07:35:49 Loaded file D:\DANH\ROBOT\ORCAD LIBS\THUVIENORCAD\THUVIENORCAD\LIBRARY\RF.LLB
Fri May 13 07:35:49 Loaded file D:\DANH\ROBOT\ORCAD LIBS\THUVIENORCAD\THUVIENORCAD\LIBRARY\SBUS.LLB
Fri May 13 07:35:49 Loaded file D:\DANH\ROBOT\ORCAD LIBS\THUVIENORCAD\THUVIENORCAD\LIBRARY\SIMM050F.LLB
Fri May 13 07:35:49 Loaded file D:\DANH\ROBOT\ORCAD LIBS\THUVIENORCAD\THUVIENORCAD\LIBRARY\SIMM050T.LLB
Fri May 13 07:35:49 Loaded file D:\DANH\ROBOT\ORCAD LIBS\THUVIENORCAD\THUVIENORCAD\LIBRARY\SIMM100F.LLB
Fri May 13 07:35:49 Loaded file D:\DANH\ROBOT\ORCAD LIBS\THUVIENORCAD\THUVIENORCAD\LIBRARY\SIMM100T.LLB
Fri May 13 07:35:49 Loaded file D:\DANH\ROBOT\ORCAD LIBS\THUVIENORCAD\THUVIENORCAD\LIBRARY\SIP.LLB
Fri May 13 07:35:49 Loaded file D:\DANH\ROBOT\ORCAD LIBS\THUVIENORCAD\THUVIENORCAD\LIBRARY\SM.LLB
Fri May 13 07:35:49 Loaded file D:\DANH\ROBOT\ORCAD LIBS\THUVIENORCAD\THUVIENORCAD\LIBRARY\SOG.LLB
Fri May 13 07:35:49 Loaded file D:\DANH\ROBOT\ORCAD LIBS\THUVIENORCAD\THUVIENORCAD\LIBRARY\SOJ.LLB
Fri May 13 07:35:49 Loaded file D:\DANH\ROBOT\ORCAD LIBS\THUVIENORCAD\THUVIENORCAD\LIBRARY\STIFF.LLB
Fri May 13 07:35:49 Loaded file D:\DANH\ROBOT\ORCAD LIBS\THUVIENORCAD\THUVIENORCAD\LIBRARY\TELE.LLB
Fri May 13 07:35:49 Loaded file D:\DANH\ROBOT\ORCAD LIBS\THUVIENORCAD\THUVIENORCAD\LIBRARY\TM_AXIAL.LLB
Fri May 13 07:35:49 Loaded file D:\DANH\ROBOT\ORCAD LIBS\THUVIENORCAD\THUVIENORCAD\LIBRARY\TM_CAP_P.LLB
Fri May 13 07:35:49 Loaded file D:\DANH\ROBOT\ORCAD LIBS\THUVIENORCAD\THUVIENORCAD\LIBRARY\TM_CYLND.LLB
Fri May 13 07:35:49 Loaded file D:\DANH\ROBOT\ORCAD LIBS\THUVIENORCAD\THUVIENORCAD\LIBRARY\TM_DIODE.LLB
Fri May 13 07:35:49 Loaded file D:\DANH\ROBOT\ORCAD LIBS\THUVIENORCAD\THUVIENORCAD\LIBRARY\TM_DISC.LLB
Fri May 13 07:35:49 Loaded file D:\DANH\ROBOT\ORCAD LIBS\THUVIENORCAD\THUVIENORCAD\LIBRARY\TM_RAD.LLB
Fri May 13 07:35:49 Loaded file D:\DANH\ROBOT\ORCAD LIBS\THUVIENORCAD\THUVIENORCAD\LIBRARY\TO.LLB
Fri May 13 07:35:49 Loaded file D:\DANH\ROBOT\ORCAD LIBS\THUVIENORCAD\THUVIENORCAD\LIBRARY\TRAINING.LLB
Fri May 13 07:35:49 Loaded file D:\DANH\ROBOT\ORCAD LIBS\THUVIENORCAD\THUVIENORCAD\LIBRARY\VRES.LLB
Fri May 13 07:35:49 Loaded file D:\DANH\ROBOT\ORCAD LIBS\THUVIENORCAD\THUVIENORCAD\LIBRARY\WCON100T.LLB
Fri May 13 07:35:49 Loaded file D:\DANH\ROBOT\ORCAD LIBS\THUVIENORCAD\THUVIENORCAD\LIBRARY\XT.LLB
Fri May 13 07:35:49 Loaded file D:\DANH\ROBOT\ORCAD LIBS\THUVIENORCAD\THUVIENORCAD\LIBRARY\ZIGZAG.LLB
Fri May 13 07:35:49 Loaded file D:\DANH\ROBOT\ORCAD LIBS\THUVIENORCAD\THUVIENORCAD\HOA DOAN\HOADOAN.LLB
Fri May 13 07:35:49 Loaded file D:\DANH\ROBOT\ORCAD LIBS\THUVIENORCAD\THUVIENORCAD\THU VIEN\THU VIEN.LLB
Fri May 13 07:35:49 Loaded file D:\DANH\ROBOT\ORCAD LIBS\THU VIEN\THU VIEN.LLB
Fri May 13 07:35:49 Loaded file D:\DANH\ROBOT\ORCAD LIBS\ORCAD LAYOUT\T2L LAYOUT.LLB
Fri May 13 07:35:49 Loaded file D:\DANH\ROBOT\ORCAD LIBS\DANHLIB.LLB
Fri May 13 07:35:49 Loaded file D:\DANH\ROBOT\ORCAD LIBS\DANHLIB.LLB
Fri May 13 07:35:49 Saved as file D:\DANH\ROBOT\ORCAD PROJECTS\COMERCIAL PROJECTS\COM_PRJ43\COM_PRJ43.MAX
Fri May 13 07:35:49 Loaded file D:\DANH\ROBOT\ORCAD PROJECTS\COMERCIAL PROJECTS\COM_PRJ43\COM_PRJ43.MAX
Fri May 13 07:39:28 Saved as file BACKUP1.MAX
Fri May 13 07:39:56 Saved as file BACKUP1.MAX
Fri May 13 07:39:56 Saved as file D:\DANH\ROBOT\ORCAD PROJECTS\COMERCIAL PROJECTS\COM_PRJ43\COM_PRJ43.MAX
Fri May 13 07:39:56 UserDiv from Layout.INI for AutoECO: 60
Fri May 13 07:39:56 Loaded file D:\DANH\ROBOT\ORCAD PROJECTS\COMERCIAL PROJECTS\COM_PRJ43\COM_PRJ43.MAX
Fri May 13 07:39:56 Loaded file D:\DANH\ROBOT\ORCAD LIBS\THUVIENORCAD\THUVIENORCAD\THUVIEN1\TIEN.LLB
Fri May 13 07:39:56 Loaded file D:\DANH\ROBOT\ORCAD LIBS\THUVIENORCAD\THUVIENORCAD\THUVIEN\LAYOUTMT.LLB
Fri May 13 07:39:56 Loaded file D:\DANH\ROBOT\ORCAD LIBS\THUVIENORCAD\THUVIENORCAD\LIBRARY ORCAD\THU VIEN ORCAD FULL\THU VIEN LAYOUT BETA 3.LLB
Fri May 13 07:39:56 Loaded file D:\DANH\ROBOT\ORCAD LIBS\THUVIENORCAD\THUVIENORCAD\LIBRARY ORCAD\THU VIEN ORCAD FULL\THU VIEN.LLB
Fri May 13 07:39:56 Loaded file D:\DANH\ROBOT\ORCAD LIBS\THUVIENORCAD\THUVIENORCAD\LIBRARY\BCON100T.LLB
Fri May 13 07:39:56 Loaded file D:\DANH\ROBOT\ORCAD LIBS\THUVIENORCAD\THUVIENORCAD\LIBRARY\BCON156T.LLB
Fri May 13 07:39:56 Loaded file D:\DANH\ROBOT\ORCAD LIBS\THUVIENORCAD\THUVIENORCAD\LIBRARY\BGA.LLB
Fri May 13 07:39:56 Loaded file D:\DANH\ROBOT\ORCAD LIBS\THUVIENORCAD\THUVIENORCAD\LIBRARY\CLCC.LLB
Fri May 13 07:39:56 Loaded file D:\DANH\ROBOT\ORCAD LIBS\THUVIENORCAD\THUVIENORCAD\LIBRARY\DCON050T.LLB
Fri May 13 07:39:56 Loaded file D:\DANH\ROBOT\ORCAD LIBS\THUVIENORCAD\THUVIENORCAD\LIBRARY\DCON085T.LLB
Fri May 13 07:39:56 Loaded file D:\DANH\ROBOT\ORCAD LIBS\THUVIENORCAD\THUVIENORCAD\LIBRARY\DIMM050F.LLB
Fri May 13 07:39:56 Loaded file D:\DANH\ROBOT\ORCAD LIBS\THUVIENORCAD\THUVIENORCAD\LIBRARY\DIMM050T.LLB
Fri May 13 07:39:56 Loaded file D:\DANH\ROBOT\ORCAD LIBS\THUVIENORCAD\THUVIENORCAD\LIBRARY\DIN.LLB
Fri May 13 07:39:56 Loaded file D:\DANH\ROBOT\ORCAD LIBS\THUVIENORCAD\THUVIENORCAD\LIBRARY\DIP100B.LLB
Fri May 13 07:39:56 Loaded file D:\DANH\ROBOT\ORCAD LIBS\THUVIENORCAD\THUVIENORCAD\LIBRARY\DIP100T.LLB
Fri May 13 07:39:56 Loaded file D:\DANH\ROBOT\ORCAD LIBS\THUVIENORCAD\THUVIENORCAD\LIBRARY\DSUBT.LLB
Fri May 13 07:39:56 Loaded file D:\DANH\ROBOT\ORCAD LIBS\THUVIENORCAD\THUVIENORCAD\LIBRARY\DSUBT_HD.LLB
Fri May 13 07:39:56 Loaded file D:\DANH\ROBOT\ORCAD LIBS\THUVIENORCAD\THUVIENORCAD\LIBRARY\ECON100T.LLB
Fri May 13 07:39:56 Loaded file D:\DANH\ROBOT\ORCAD LIBS\THUVIENORCAD\THUVIENORCAD\LIBRARY\EMPTY.LLB
Fri May 13 07:39:56 Loaded file D:\DANH\ROBOT\ORCAD LIBS\THUVIENORCAD\THUVIENORCAD\LIBRARY\EX_GUI.LLB
Fri May 13 07:39:56 Loaded file D:\DANH\ROBOT\ORCAD LIBS\THUVIENORCAD\THUVIENORCAD\LIBRARY\FBUS.LLB
Fri May 13 07:39:56 Loaded file D:\DANH\ROBOT\ORCAD LIBS\THUVIENORCAD\THUVIENORCAD\LIBRARY\ISA.LLB
Fri May 13 07:39:56 Loaded file D:\DANH\ROBOT\ORCAD LIBS\THUVIENORCAD\THUVIENORCAD\LIBRARY\JUMPER.LLB
Fri May 13 07:39:56 Loaded file D:\DANH\ROBOT\ORCAD LIBS\THUVIENORCAD\THUVIENORCAD\LIBRARY\LAYOUT.LLB
Fri May 13 07:39:56 Loaded file D:\DANH\ROBOT\ORCAD LIBS\THUVIENORCAD\THUVIENORCAD\LIBRARY\LCON100T.LLB
Fri May 13 07:39:56 Loaded file D:\DANH\ROBOT\ORCAD LIBS\THUVIENORCAD\THUVIENORCAD\LIBRARY\LINH KIEN.LLB
Fri May 13 07:39:56 Loaded file D:\DANH\ROBOT\ORCAD LIBS\THUVIENORCAD\THUVIENORCAD\LIBRARY\METRIC.LLB
Fri May 13 07:39:56 Loaded file D:\DANH\ROBOT\ORCAD LIBS\THUVIENORCAD\THUVIENORCAD\LIBRARY\PADSTACK.LLB
Fri May 13 07:39:56 Loaded file D:\DANH\ROBOT\ORCAD LIBS\THUVIENORCAD\THUVIENORCAD\LIBRARY\PC104.LLB
Fri May 13 07:39:57 Loaded file D:\DANH\ROBOT\ORCAD LIBS\THUVIENORCAD\THUVIENORCAD\LIBRARY\PCI.LLB
Fri May 13 07:39:57 Loaded file D:\DANH\ROBOT\ORCAD LIBS\THUVIENORCAD\THUVIENORCAD\LIBRARY\PCON100T.LLB
Fri May 13 07:39:57 Loaded file D:\DANH\ROBOT\ORCAD LIBS\THUVIENORCAD\THUVIENORCAD\LIBRARY\PCON156T.LLB
Fri May 13 07:39:57 Loaded file D:\DANH\ROBOT\ORCAD LIBS\THUVIENORCAD\THUVIENORCAD\LIBRARY\PGA.LLB
Fri May 13 07:39:57 Loaded file D:\DANH\ROBOT\ORCAD LIBS\THUVIENORCAD\THUVIENORCAD\LIBRARY\PLCC.LLB
Fri May 13 07:39:57 Loaded file D:\DANH\ROBOT\ORCAD LIBS\THUVIENORCAD\THUVIENORCAD\LIBRARY\QUAD.LLB
Fri May 13 07:39:57 Loaded file D:\DANH\ROBOT\ORCAD LIBS\THUVIENORCAD\THUVIENORCAD\LIBRARY\QUADB.LLB
Fri May 13 07:39:57 Loaded file D:\DANH\ROBOT\ORCAD LIBS\THUVIENORCAD\THUVIENORCAD\LIBRARY\RELAY.LLB
Fri May 13 07:39:57 Loaded file D:\DANH\ROBOT\ORCAD LIBS\THUVIENORCAD\THUVIENORCAD\LIBRARY\RF.LLB
Fri May 13 07:39:57 Loaded file D:\DANH\ROBOT\ORCAD LIBS\THUVIENORCAD\THUVIENORCAD\LIBRARY\SBUS.LLB
Fri May 13 07:39:57 Loaded file D:\DANH\ROBOT\ORCAD LIBS\THUVIENORCAD\THUVIENORCAD\LIBRARY\SIMM050F.LLB
Fri May 13 07:39:57 Loaded file D:\DANH\ROBOT\ORCAD LIBS\THUVIENORCAD\THUVIENORCAD\LIBRARY\SIMM050T.LLB
Fri May 13 07:39:57 Loaded file D:\DANH\ROBOT\ORCAD LIBS\THUVIENORCAD\THUVIENORCAD\LIBRARY\SIMM100F.LLB
Fri May 13 07:39:57 Loaded file D:\DANH\ROBOT\ORCAD LIBS\THUVIENORCAD\THUVIENORCAD\LIBRARY\SIMM100T.LLB
Fri May 13 07:39:57 Loaded file D:\DANH\ROBOT\ORCAD LIBS\THUVIENORCAD\THUVIENORCAD\LIBRARY\SIP.LLB
Fri May 13 07:39:57 Loaded file D:\DANH\ROBOT\ORCAD LIBS\THUVIENORCAD\THUVIENORCAD\LIBRARY\SM.LLB
Fri May 13 07:39:57 Loaded file D:\DANH\ROBOT\ORCAD LIBS\THUVIENORCAD\THUVIENORCAD\LIBRARY\SOG.LLB
Fri May 13 07:39:57 Loaded file D:\DANH\ROBOT\ORCAD LIBS\THUVIENORCAD\THUVIENORCAD\LIBRARY\SOJ.LLB
Fri May 13 07:39:57 Loaded file D:\DANH\ROBOT\ORCAD LIBS\THUVIENORCAD\THUVIENORCAD\LIBRARY\STIFF.LLB
Fri May 13 07:39:57 Loaded file D:\DANH\ROBOT\ORCAD LIBS\THUVIENORCAD\THUVIENORCAD\LIBRARY\TELE.LLB
Fri May 13 07:39:57 Loaded file D:\DANH\ROBOT\ORCAD LIBS\THUVIENORCAD\THUVIENORCAD\LIBRARY\TM_AXIAL.LLB
Fri May 13 07:39:57 Loaded file D:\DANH\ROBOT\ORCAD LIBS\THUVIENORCAD\THUVIENORCAD\LIBRARY\TM_CAP_P.LLB
Fri May 13 07:39:57 Loaded file D:\DANH\ROBOT\ORCAD LIBS\THUVIENORCAD\THUVIENORCAD\LIBRARY\TM_CYLND.LLB
Fri May 13 07:39:57 Loaded file D:\DANH\ROBOT\ORCAD LIBS\THUVIENORCAD\THUVIENORCAD\LIBRARY\TM_DIODE.LLB
Fri May 13 07:39:57 Loaded file D:\DANH\ROBOT\ORCAD LIBS\THUVIENORCAD\THUVIENORCAD\LIBRARY\TM_DISC.LLB
Fri May 13 07:39:57 Loaded file D:\DANH\ROBOT\ORCAD LIBS\THUVIENORCAD\THUVIENORCAD\LIBRARY\TM_RAD.LLB
Fri May 13 07:39:57 Loaded file D:\DANH\ROBOT\ORCAD LIBS\THUVIENORCAD\THUVIENORCAD\LIBRARY\TO.LLB
Fri May 13 07:39:57 Loaded file D:\DANH\ROBOT\ORCAD LIBS\THUVIENORCAD\THUVIENORCAD\LIBRARY\TRAINING.LLB
Fri May 13 07:39:57 Loaded file D:\DANH\ROBOT\ORCAD LIBS\THUVIENORCAD\THUVIENORCAD\LIBRARY\VRES.LLB
Fri May 13 07:39:57 Loaded file D:\DANH\ROBOT\ORCAD LIBS\THUVIENORCAD\THUVIENORCAD\LIBRARY\WCON100T.LLB
Fri May 13 07:39:57 Loaded file D:\DANH\ROBOT\ORCAD LIBS\THUVIENORCAD\THUVIENORCAD\LIBRARY\XT.LLB
Fri May 13 07:39:57 Loaded file D:\DANH\ROBOT\ORCAD LIBS\THUVIENORCAD\THUVIENORCAD\LIBRARY\ZIGZAG.LLB
Fri May 13 07:39:57 Loaded file D:\DANH\ROBOT\ORCAD LIBS\THUVIENORCAD\THUVIENORCAD\HOA DOAN\HOADOAN.LLB
Fri May 13 07:39:57 Loaded file D:\DANH\ROBOT\ORCAD LIBS\THUVIENORCAD\THUVIENORCAD\THU VIEN\THU VIEN.LLB
Fri May 13 07:39:57 Loaded file D:\DANH\ROBOT\ORCAD LIBS\THU VIEN\THU VIEN.LLB
Fri May 13 07:39:57 Loaded file D:\DANH\ROBOT\ORCAD LIBS\ORCAD LAYOUT\T2L LAYOUT.LLB
Fri May 13 07:39:57 Loaded file D:\DANH\ROBOT\ORCAD LIBS\DANHLIB.LLB
Fri May 13 07:39:57 Loaded file D:\DANH\ROBOT\ORCAD LIBS\THUVIENORCAD\THUVIENORCAD\HOA DOAN\HOADOAN.LLB
Fri May 13 07:39:57 Saved as file D:\DANH\ROBOT\ORCAD PROJECTS\COMERCIAL PROJECTS\COM_PRJ43\COM_PRJ43.MAX
Fri May 13 07:39:57 Loaded file D:\DANH\ROBOT\ORCAD PROJECTS\COMERCIAL PROJECTS\COM_PRJ43\COM_PRJ43.MAX
Fri May 13 07:48:12 Saved as file D:\DANH\ROBOT\ORCAD PROJECTS\COMERCIAL PROJECTS\COM_PRJ43\COM_PRJ43.MAX
Fri May 13 07:50:57 Saved as file D:\DANH\ROBOT\ORCAD PROJECTS\COMERCIAL PROJECTS\COM_PRJ43\COM_PRJ43.MAX
Fri May 13 07:51:28 Saved as file BACKUP1.MAX
Fri May 13 07:53:30 Saved as file D:\DANH\ROBOT\ORCAD PROJECTS\COMERCIAL PROJECTS\COM_PRJ43\COM_PRJ43.MAX
Fri May 13 07:55:28 Loaded file C:\Program Files\Orcad\Layout_Plus\data\template.imp
Fri May 13 07:55:28 Loaded file C:\Program Files\Orcad\Layout_Plus\data\template.imp
Fri May 13 07:55:32 Loaded file D:\DANH\ROBOT\ORCAD LIBS\DANHLIB.LLB
Fri May 13 07:57:01 Saved as file D:\DANH\ROBOT\ORCAD PROJECTS\COMERCIAL PROJECTS\COM_PRJ43\COM_PRJ43.MAX
Fri May 13 07:57:01 Saved as file D:\DANH\ROBOT\ORCAD PROJECTS\COMERCIAL PROJECTS\COM_PRJ43\COM_PRJ43.MAX
Fri May 13 07:57:02 Saved as file D:\DANH\ROBOT\ORCAD PROJECTS\COMERCIAL PROJECTS\COM_PRJ43\COM_PRJ43.MAX
Fri May 13 08:01:58 Saved as file BACKUP1.MAX
Fri May 13 08:09:13 Saved as file BACKUP1.MAX
Fri May 13 08:09:13 Saved as file D:\DANH\ROBOT\ORCAD PROJECTS\COMERCIAL PROJECTS\COM_PRJ43\COM_PRJ43.MAX
Fri May 13 08:09:14 UserDiv from Layout.INI for AutoECO: 60
Fri May 13 08:09:14 Loaded file D:\DANH\ROBOT\ORCAD PROJECTS\COMERCIAL PROJECTS\COM_PRJ43\COM_PRJ43.MAX
Fri May 13 08:09:14 Loaded file D:\DANH\ROBOT\ORCAD LIBS\THUVIENORCAD\THUVIENORCAD\THUVIEN1\TIEN.LLB
Fri May 13 08:09:14 Loaded file D:\DANH\ROBOT\ORCAD LIBS\THUVIENORCAD\THUVIENORCAD\THUVIEN\LAYOUTMT.LLB
Fri May 13 08:09:14 Loaded file D:\DANH\ROBOT\ORCAD LIBS\THUVIENORCAD\THUVIENORCAD\LIBRARY ORCAD\THU VIEN ORCAD FULL\THU VIEN LAYOUT BETA 3.LLB
Fri May 13 08:09:14 Loaded file D:\DANH\ROBOT\ORCAD LIBS\THUVIENORCAD\THUVIENORCAD\LIBRARY ORCAD\THU VIEN ORCAD FULL\THU VIEN.LLB
Fri May 13 08:09:14 Loaded file D:\DANH\ROBOT\ORCAD LIBS\THUVIENORCAD\THUVIENORCAD\LIBRARY\BCON100T.LLB
Fri May 13 08:09:14 Loaded file D:\DANH\ROBOT\ORCAD LIBS\THUVIENORCAD\THUVIENORCAD\LIBRARY\BCON156T.LLB
Fri May 13 08:09:14 Loaded file D:\DANH\ROBOT\ORCAD LIBS\THUVIENORCAD\THUVIENORCAD\LIBRARY\BGA.LLB
Fri May 13 08:09:14 Loaded file D:\DANH\ROBOT\ORCAD LIBS\THUVIENORCAD\THUVIENORCAD\LIBRARY\CLCC.LLB
Fri May 13 08:09:14 Loaded file D:\DANH\ROBOT\ORCAD LIBS\THUVIENORCAD\THUVIENORCAD\LIBRARY\DCON050T.LLB
Fri May 13 08:09:14 Loaded file D:\DANH\ROBOT\ORCAD LIBS\THUVIENORCAD\THUVIENORCAD\LIBRARY\DCON085T.LLB
Fri May 13 08:09:14 Loaded file D:\DANH\ROBOT\ORCAD LIBS\THUVIENORCAD\THUVIENORCAD\LIBRARY\DIMM050F.LLB
Fri May 13 08:09:14 Loaded file D:\DANH\ROBOT\ORCAD LIBS\THUVIENORCAD\THUVIENORCAD\LIBRARY\DIMM050T.LLB
Fri May 13 08:09:14 Loaded file D:\DANH\ROBOT\ORCAD LIBS\THUVIENORCAD\THUVIENORCAD\LIBRARY\DIN.LLB
Fri May 13 08:09:14 Loaded file D:\DANH\ROBOT\ORCAD LIBS\THUVIENORCAD\THUVIENORCAD\LIBRARY\DIP100B.LLB
Fri May 13 08:09:14 Loaded file D:\DANH\ROBOT\ORCAD LIBS\THUVIENORCAD\THUVIENORCAD\LIBRARY\DIP100T.LLB
Fri May 13 08:09:14 Loaded file D:\DANH\ROBOT\ORCAD LIBS\THUVIENORCAD\THUVIENORCAD\LIBRARY\DSUBT.LLB
Fri May 13 08:09:14 Loaded file D:\DANH\ROBOT\ORCAD LIBS\THUVIENORCAD\THUVIENORCAD\LIBRARY\DSUBT_HD.LLB
Fri May 13 08:09:14 Loaded file D:\DANH\ROBOT\ORCAD LIBS\THUVIENORCAD\THUVIENORCAD\LIBRARY\ECON100T.LLB
Fri May 13 08:09:14 Loaded file D:\DANH\ROBOT\ORCAD LIBS\THUVIENORCAD\THUVIENORCAD\LIBRARY\EMPTY.LLB
Fri May 13 08:09:14 Loaded file D:\DANH\ROBOT\ORCAD LIBS\THUVIENORCAD\THUVIENORCAD\LIBRARY\EX_GUI.LLB
Fri May 13 08:09:14 Loaded file D:\DANH\ROBOT\ORCAD LIBS\THUVIENORCAD\THUVIENORCAD\LIBRARY\FBUS.LLB
Fri May 13 08:09:14 Loaded file D:\DANH\ROBOT\ORCAD LIBS\THUVIENORCAD\THUVIENORCAD\LIBRARY\ISA.LLB
Fri May 13 08:09:14 Loaded file D:\DANH\ROBOT\ORCAD LIBS\THUVIENORCAD\THUVIENORCAD\LIBRARY\JUMPER.LLB
Fri May 13 08:09:14 Loaded file D:\DANH\ROBOT\ORCAD LIBS\THUVIENORCAD\THUVIENORCAD\LIBRARY\LAYOUT.LLB
Fri May 13 08:09:14 Loaded file D:\DANH\ROBOT\ORCAD LIBS\THUVIENORCAD\THUVIENORCAD\LIBRARY\LCON100T.LLB
Fri May 13 08:09:14 Loaded file D:\DANH\ROBOT\ORCAD LIBS\THUVIENORCAD\THUVIENORCAD\LIBRARY\LINH KIEN.LLB
Fri May 13 08:09:14 Loaded file D:\DANH\ROBOT\ORCAD LIBS\THUVIENORCAD\THUVIENORCAD\LIBRARY\METRIC.LLB
Fri May 13 08:09:14 Loaded file D:\DANH\ROBOT\ORCAD LIBS\THUVIENORCAD\THUVIENORCAD\LIBRARY\PADSTACK.LLB
Fri May 13 08:09:14 Loaded file D:\DANH\ROBOT\ORCAD LIBS\THUVIENORCAD\THUVIENORCAD\LIBRARY\PC104.LLB
Fri May 13 08:09:14 Loaded file D:\DANH\ROBOT\ORCAD LIBS\THUVIENORCAD\THUVIENORCAD\LIBRARY\PCI.LLB
Fri May 13 08:09:14 Loaded file D:\DANH\ROBOT\ORCAD LIBS\THUVIENORCAD\THUVIENORCAD\LIBRARY\PCON100T.LLB
Fri May 13 08:09:14 Loaded file D:\DANH\ROBOT\ORCAD LIBS\THUVIENORCAD\THUVIENORCAD\LIBRARY\PCON156T.LLB
Fri May 13 08:09:14 Loaded file D:\DANH\ROBOT\ORCAD LIBS\THUVIENORCAD\THUVIENORCAD\LIBRARY\PGA.LLB
Fri May 13 08:09:14 Loaded file D:\DANH\ROBOT\ORCAD LIBS\THUVIENORCAD\THUVIENORCAD\LIBRARY\PLCC.LLB
Fri May 13 08:09:15 Loaded file D:\DANH\ROBOT\ORCAD LIBS\THUVIENORCAD\THUVIENORCAD\LIBRARY\QUAD.LLB
Fri May 13 08:09:15 Loaded file D:\DANH\ROBOT\ORCAD LIBS\THUVIENORCAD\THUVIENORCAD\LIBRARY\QUADB.LLB
Fri May 13 08:09:15 Loaded file D:\DANH\ROBOT\ORCAD LIBS\THUVIENORCAD\THUVIENORCAD\LIBRARY\RELAY.LLB
Fri May 13 08:09:15 Loaded file D:\DANH\ROBOT\ORCAD LIBS\THUVIENORCAD\THUVIENORCAD\LIBRARY\RF.LLB
Fri May 13 08:09:15 Loaded file D:\DANH\ROBOT\ORCAD LIBS\THUVIENORCAD\THUVIENORCAD\LIBRARY\SBUS.LLB
Fri May 13 08:09:15 Loaded file D:\DANH\ROBOT\ORCAD LIBS\THUVIENORCAD\THUVIENORCAD\LIBRARY\SIMM050F.LLB
Fri May 13 08:09:15 Loaded file D:\DANH\ROBOT\ORCAD LIBS\THUVIENORCAD\THUVIENORCAD\LIBRARY\SIMM050T.LLB
Fri May 13 08:09:15 Loaded file D:\DANH\ROBOT\ORCAD LIBS\THUVIENORCAD\THUVIENORCAD\LIBRARY\SIMM100F.LLB
Fri May 13 08:09:15 Loaded file D:\DANH\ROBOT\ORCAD LIBS\THUVIENORCAD\THUVIENORCAD\LIBRARY\SIMM100T.LLB
Fri May 13 08:09:15 Loaded file D:\DANH\ROBOT\ORCAD LIBS\THUVIENORCAD\THUVIENORCAD\LIBRARY\SIP.LLB
Fri May 13 08:09:15 Loaded file D:\DANH\ROBOT\ORCAD LIBS\THUVIENORCAD\THUVIENORCAD\LIBRARY\SM.LLB
Fri May 13 08:09:15 Loaded file D:\DANH\ROBOT\ORCAD LIBS\THUVIENORCAD\THUVIENORCAD\LIBRARY\SOG.LLB
Fri May 13 08:09:15 Loaded file D:\DANH\ROBOT\ORCAD LIBS\THUVIENORCAD\THUVIENORCAD\LIBRARY\SOJ.LLB
Fri May 13 08:09:15 Loaded file D:\DANH\ROBOT\ORCAD LIBS\THUVIENORCAD\THUVIENORCAD\LIBRARY\STIFF.LLB
Fri May 13 08:09:15 Loaded file D:\DANH\ROBOT\ORCAD LIBS\THUVIENORCAD\THUVIENORCAD\LIBRARY\TELE.LLB
Fri May 13 08:09:15 Loaded file D:\DANH\ROBOT\ORCAD LIBS\THUVIENORCAD\THUVIENORCAD\LIBRARY\TM_AXIAL.LLB
Fri May 13 08:09:15 Loaded file D:\DANH\ROBOT\ORCAD LIBS\THUVIENORCAD\THUVIENORCAD\LIBRARY\TM_CAP_P.LLB
Fri May 13 08:09:15 Loaded file D:\DANH\ROBOT\ORCAD LIBS\THUVIENORCAD\THUVIENORCAD\LIBRARY\TM_CYLND.LLB
Fri May 13 08:09:15 Loaded file D:\DANH\ROBOT\ORCAD LIBS\THUVIENORCAD\THUVIENORCAD\LIBRARY\TM_DIODE.LLB
Fri May 13 08:09:15 Loaded file D:\DANH\ROBOT\ORCAD LIBS\THUVIENORCAD\THUVIENORCAD\LIBRARY\TM_DISC.LLB
Fri May 13 08:09:15 Loaded file D:\DANH\ROBOT\ORCAD LIBS\THUVIENORCAD\THUVIENORCAD\LIBRARY\TM_RAD.LLB
Fri May 13 08:09:15 Loaded file D:\DANH\ROBOT\ORCAD LIBS\THUVIENORCAD\THUVIENORCAD\LIBRARY\TO.LLB
Fri May 13 08:09:15 Loaded file D:\DANH\ROBOT\ORCAD LIBS\THUVIENORCAD\THUVIENORCAD\LIBRARY\TRAINING.LLB
Fri May 13 08:09:15 Loaded file D:\DANH\ROBOT\ORCAD LIBS\THUVIENORCAD\THUVIENORCAD\LIBRARY\VRES.LLB
Fri May 13 08:09:15 Loaded file D:\DANH\ROBOT\ORCAD LIBS\THUVIENORCAD\THUVIENORCAD\LIBRARY\WCON100T.LLB
Fri May 13 08:09:15 Loaded file D:\DANH\ROBOT\ORCAD LIBS\THUVIENORCAD\THUVIENORCAD\LIBRARY\XT.LLB
Fri May 13 08:09:15 Loaded file D:\DANH\ROBOT\ORCAD LIBS\THUVIENORCAD\THUVIENORCAD\LIBRARY\ZIGZAG.LLB
Fri May 13 08:09:15 Loaded file D:\DANH\ROBOT\ORCAD LIBS\THUVIENORCAD\THUVIENORCAD\HOA DOAN\HOADOAN.LLB
Fri May 13 08:09:15 Loaded file D:\DANH\ROBOT\ORCAD LIBS\THUVIENORCAD\THUVIENORCAD\THU VIEN\THU VIEN.LLB
Fri May 13 08:09:15 Loaded file D:\DANH\ROBOT\ORCAD LIBS\THU VIEN\THU VIEN.LLB
Fri May 13 08:09:15 Loaded file D:\DANH\ROBOT\ORCAD LIBS\ORCAD LAYOUT\T2L LAYOUT.LLB
Fri May 13 08:09:15 Loaded file D:\DANH\ROBOT\ORCAD LIBS\DANHLIB.LLB
Fri May 13 08:09:15 Saved as file D:\DANH\ROBOT\ORCAD PROJECTS\COMERCIAL PROJECTS\COM_PRJ43\COM_PRJ43.MAX
Fri May 13 08:09:15 Loaded file D:\DANH\ROBOT\ORCAD PROJECTS\COMERCIAL PROJECTS\COM_PRJ43\COM_PRJ43.MAX
Fri May 13 08:10:40 Saved as file D:\DANH\ROBOT\ORCAD PROJECTS\COMERCIAL PROJECTS\COM_PRJ43\COM_PRJ43.MAX
Fri May 13 08:11:11 Saved as file D:\DANH\ROBOT\ORCAD PROJECTS\COMERCIAL PROJECTS\COM_PRJ43\COM_PRJ43.MAX
Fri May 13 08:11:59 Saved as file D:\DANH\ROBOT\ORCAD PROJECTS\COMERCIAL PROJECTS\COM_PRJ43\COM_PRJ43.MAX
Fri May 13 08:12:28 Saved as file BACKUP1.MAX
Fri May 13 08:13:27 Saved as file D:\DANH\ROBOT\ORCAD PROJECTS\COMERCIAL PROJECTS\COM_PRJ43\COM_PRJ43.MAX
Fri May 13 08:13:28 Saved as file D:\DANH\ROBOT\ORCAD PROJECTS\COMERCIAL PROJECTS\COM_PRJ43\COM_PRJ43.MAX
Fri May 13 08:13:28 Saved as file D:\DANH\ROBOT\ORCAD PROJECTS\COMERCIAL PROJECTS\COM_PRJ43\COM_PRJ43.MAX
Fri May 13 08:13:58 Saved as file D:\DANH\ROBOT\ORCAD PROJECTS\COMERCIAL PROJECTS\COM_PRJ43\COM_PRJ43.MAX
Fri May 13 08:14:49 Saved as file BACKUP1.MAX
Fri May 13 08:14:49 Saved as file BACKUP1.MAX
Fri May 13 08:14:49 Saved as file BACKUP1.MAX
Fri May 13 08:14:49 Saved as file BACKUP1.MAX
Fri May 13 08:14:49 Saved as file BACKUP1.MAX
Fri May 13 08:14:49 Saved as file BACKUP1.MAX
Fri May 13 08:14:49 Saved as file BACKUP1.MAX
Fri May 13 08:14:49 Saved as file BACKUP1.MAX
Fri May 13 08:14:49 No new connections routed.
Fri May 13 08:14:49 Total is now 0 out of 66 (0%).
Fri May 13 08:14:49 Saved as file SWEEP1.MAX
Fri May 13 08:14:50 Saved as file BACKUP1.MAX
Fri May 13 08:14:50 Saved as file BACKUP1.MAX
Fri May 13 08:14:51 Saved as file BACKUP1.MAX
Fri May 13 08:14:51 Saved as file BACKUP1.MAX
Fri May 13 08:14:58 Saved as file BACKUP1.MAX
Fri May 13 08:14:59 Saved as file BACKUP1.MAX
Fri May 13 08:15:02 Saved as file BACKUP1.MAX
Fri May 13 08:15:02 Saved as file BACKUP1.MAX
Fri May 13 08:15:02 Routed 106 connections in 12 seconds.
Fri May 13 08:15:02 Total is now 65 out of 66 (98%).
Fri May 13 08:15:02 Saved as file SWEEP2.MAX
Fri May 13 08:15:05 Routed 1 connections in 3 seconds.
Fri May 13 08:15:05 Total is now 66 out of 66 (100%).
Fri May 13 08:15:05 Saved as file SWEEP3.MAX
Fri May 13 08:15:05 No new connections routed.
Fri May 13 08:15:05 Total is now 66 out of 66 (100%).
Fri May 13 08:15:05 Saved as file SWEEP4.MAX
Fri May 13 08:15:06 No new connections routed.
Fri May 13 08:15:06 Total is now 66 out of 66 (100%).
Fri May 13 08:15:06 Saved as file SWEEP5.MAX
Fri May 13 08:15:39 Saved as file BACKUP1.MAX
Fri May 13 08:15:39 Saved as file BACKUP1.MAX
Fri May 13 08:15:39 Saved as file BACKUP1.MAX
Fri May 13 08:15:39 Saved as file BACKUP1.MAX
Fri May 13 08:15:39 Saved as file BACKUP1.MAX
Fri May 13 08:15:39 Saved as file BACKUP1.MAX
Fri May 13 08:15:39 Saved as file BACKUP1.MAX
Fri May 13 08:15:39 Saved as file BACKUP1.MAX
Fri May 13 08:15:39 No new connections routed.
Fri May 13 08:15:39 Total is now 0 out of 66 (0%).
Fri May 13 08:15:39 Saved as file SWEEP1.MAX
Fri May 13 08:15:43 Saved as file BACKUP1.MAX
Fri May 13 08:15:44 Saved as file BACKUP1.MAX
Fri May 13 08:15:44 Saved as file BACKUP1.MAX
Fri May 13 08:15:45 Saved as file BACKUP1.MAX
Fri May 13 08:15:46 Saved as file BACKUP1.MAX
Fri May 13 08:15:47 Saved as file BACKUP1.MAX
Fri May 13 08:15:50 Saved as file BACKUP1.MAX
Fri May 13 08:15:51 Saved as file BACKUP1.MAX
Fri May 13 08:15:51 Routed 95 connections in 11 seconds.
Fri May 13 08:15:51 Total is now 50 out of 66 (75%).
Fri May 13 08:15:51 Saved as file SWEEP2.MAX
Fri May 13 08:16:00 Routed 3 connections in 9 seconds.
Fri May 13 08:16:00 Total is now 52 out of 66 (78%).
Fri May 13 08:16:00 Saved as file SWEEP3.MAX
Fri May 13 08:16:16 Routed 2 connections in 16 seconds.
Fri May 13 08:16:16 Total is now 52 out of 66 (78%).
Fri May 13 08:16:16 Saved as file SWEEP4.MAX
Fri May 13 08:16:34 Routed 2 connections in 17 seconds.
Fri May 13 08:16:34 Total is now 53 out of 66 (80%).
Fri May 13 08:16:34 Saved as file SWEEP5.MAX
Fri May 13 08:22:58 Saved as file BACKUP1.MAX
Fri May 13 08:27:50 Saved as file D:\DANH\ROBOT\ORCAD PROJECTS\COMERCIAL PROJECTS\COM_PRJ43\COM_PRJ43.MAX
Fri May 13 08:29:32 Saved as file D:\DANH\ROBOT\ORCAD PROJECTS\COMERCIAL PROJECTS\COM_PRJ43\COM_PRJ43.MAX
Fri May 13 08:33:28 Saved as file BACKUP1.MAX
Fri May 13 08:36:20 Saved as file D:\DANH\ROBOT\ORCAD PROJECTS\COMERCIAL PROJECTS\COM_PRJ43\COM_PRJ43.MAX
Fri May 13 08:40:01 Saved as file D:\DANH\ROBOT\ORCAD PROJECTS\COMERCIAL PROJECTS\COM_PRJ43\COM_PRJ43.MAX
Fri May 13 08:41:00 Saved as file D:\DANH\ROBOT\ORCAD PROJECTS\COMERCIAL PROJECTS\COM_PRJ43\COM_PRJ43.MAX
Fri May 13 08:43:33 Saved as file D:\DANH\ROBOT\ORCAD PROJECTS\COMERCIAL PROJECTS\COM_PRJ43\COM_PRJ43.MAX
Fri May 13 08:44:28 Saved as file BACKUP1.MAX
Fri May 13 08:45:18 Saved as file D:\DANH\ROBOT\ORCAD PROJECTS\COMERCIAL PROJECTS\COM_PRJ43\COM_PRJ43.MAX
Fri May 13 08:45:42 Saved as file D:\DANH\ROBOT\ORCAD PROJECTS\COMERCIAL PROJECTS\COM_PRJ43\COM_PRJ43.MAX
Fri May 13 08:47:41 Removed unused footprint: DEFAULT
Fri May 13 08:47:43 Removed unused padstack: T7
Fri May 13 08:47:43 Removed unused padstack: T2
Fri May 13 08:47:43 Removed unused padstack: T1
Fri May 13 08:49:31 Saved as file D:\DANH\ROBOT\ORCAD PROJECTS\COMERCIAL PROJECTS\COM_PRJ43\COM_PRJ43.MAX
Fri May 13 08:53:15 Saved as file D:\DANH\ROBOT\ORCAD PROJECTS\COMERCIAL PROJECTS\COM_PRJ43\COM_PRJ43.MAX
Fri May 13 08:54:58 Saved as file BACKUP1.MAX
Fri May 13 21:57:24 Saved as file D:\DANH\ROBOT\ORCAD PROJECTS\COMERCIAL PROJECTS\COM_PRJ43\COM_PRJ43_VER1.MAX
Fri May 13 21:57:31 Loaded file D:\DANH\ROBOT\ORCAD PROJECTS\COMERCIAL PROJECTS\COM_PRJ43\COM_PRJ43.MAX
Fri May 13 22:01:55 Loaded file C:\Program Files\Orcad\Layout_Plus\data\template.imp
Fri May 13 22:01:55 Loaded file C:\Program Files\Orcad\Layout_Plus\data\template.imp
Fri May 13 22:04:21 Loaded file C:\Program Files\Orcad\Layout_Plus\data\template.imp
Fri May 13 22:04:21 Loaded file C:\Program Files\Orcad\Layout_Plus\data\template.imp
Fri May 13 22:04:26 Loaded file D:\DANH\ROBOT\ORCAD LIBS\DANHLIB.LLB
Fri May 13 22:04:35 Loaded file C:\Program Files\Orcad\Layout_Plus\data\template.imp
Fri May 13 22:06:12 Loaded file D:\DANH\ROBOT\ORCAD LIBS\DANHLIB.LLB
Fri May 13 22:06:12 Saved as file D:\DANH\ROBOT\ORCAD LIBS\DANHLIB.LLB
Fri May 13 22:07:13 Saved as file BACKUP1.MAX
Fri May 13 22:07:34 Loaded file D:\DANH\ROBOT\ORCAD PROJECTS\COMERCIAL PROJECTS\COM_PRJ43\COM_PRJ43.MAX
Fri May 13 22:08:02 Loaded file C:\Program Files\Orcad\Layout_Plus\data\template.imp
Fri May 13 22:08:02 Loaded file C:\Program Files\Orcad\Layout_Plus\data\template.imp
Fri May 13 22:08:02 Loaded file C:\Program Files\Orcad\Layout_Plus\data\template.imp
Fri May 13 22:08:02 Loaded file C:\Program Files\Orcad\Layout_Plus\data\template.imp
Fri May 13 22:08:06 Loaded file D:\DANH\ROBOT\ORCAD LIBS\DANHLIB.LLB
Fri May 13 22:08:11 Loaded file C:\Program Files\Orcad\Layout_Plus\data\template.imp
Fri May 13 22:08:29 Loaded file C:\Program Files\Orcad\Layout_Plus\data\template.imp
Fri May 13 22:08:29 Loaded file C:\Program Files\Orcad\Layout_Plus\data\template.imp
Fri May 13 22:08:29 Loaded file C:\Program Files\Orcad\Layout_Plus\data\template.imp
Fri May 13 22:08:29 Loaded file C:\Program Files\Orcad\Layout_Plus\data\template.imp
Fri May 13 22:08:32 Loaded file D:\DANH\ROBOT\ORCAD LIBS\DANHLIB.LLB
Fri May 13 22:08:34 Loaded file C:\Program Files\Orcad\Layout_Plus\data\template.imp
Fri May 13 22:08:40 Saved as file D:\DANH\ROBOT\ORCAD PROJECTS\COMERCIAL PROJECTS\COM_PRJ43\COM_PRJ43.MAX
Fri May 13 22:18:16 Saved as file BACKUP1.MAX
Fri May 13 22:28:44 Saved as file BACKUP1.MAX
Fri May 13 22:36:53 Removed unused footprint: RGBS_5MM
Fri May 13 22:38:43 Saved as file BACKUP1.MAX
Fri May 13 22:44:12 Saved as file D:\DANH\ROBOT\ORCAD PROJECTS\COMERCIAL PROJECTS\COM_PRJ43\COM_PRJ43.MAX
Fri May 13 22:45:24 Saved as file D:\DANH\ROBOT\ORCAD PROJECTS\COMERCIAL PROJECTS\COM_PRJ43\COM_PRJ43.MAX
Fri May 13 22:47:15 Saved as file D:\DANH\ROBOT\ORCAD PROJECTS\COMERCIAL PROJECTS\COM_PRJ43\COM_PRJ43.MAX
Fri May 13 22:49:06 Saved as file D:\DANH\ROBOT\ORCAD PROJECTS\COMERCIAL PROJECTS\COM_PRJ43\COM_PRJ43.MAX
Fri May 13 22:49:43 Saved as file BACKUP1.MAX
Fri May 13 23:00:13 Saved as file BACKUP1.MAX
Fri May 13 23:00:25 Error code 0034.912 (266)
Fri May 13 23:00:25 Saved as file Backup0.max
Fri May 13 23:00:25 Windows which were open at time of error:
Fri May 13 23:00:25 	ActiveWindow: &Design
Fri May 13 23:00:25 	Icon: &Components
Fri May 13 23:00:25 	Icon: &Nets
Fri May 13 23:00:25 	Icon: Post Proces&s
Fri May 13 23:00:25 End-of-list
Fri May 13 23:00:28 Error code 0034.912 (266)
Fri May 13 23:28:51 Saved as file BACKUP1.MAX
Fri May 13 23:32:11 Error code 0034.912 (266)
Fri May 13 23:32:11 Saved as file Backup0.max
Fri May 13 23:32:11 Windows which were open at time of error:
Fri May 13 23:32:11 	ActiveWindow: &Route
Fri May 13 23:32:11 	Icon: &Components
Fri May 13 23:32:11 	Icon: &Nets
Fri May 13 23:32:11 	Icon: Post Proces&s
Fri May 13 23:32:11 End-of-list
Fri May 13 23:32:13 Error code 0034.912 (266)
Sun May 15 01:13:07 Loaded file D:\DANH\ROBOT\ORCAD PROJECTS\COMERCIAL PROJECTS\COM_PRJ43\COM_PRJ43_VER1.MAX
Sun May 15 01:23:24 Saved as file BACKUP1.MAX
Sun May 15 01:23:35 Error code 0034.912 (266)
Sun May 15 01:23:35 Saved as file Backup0.max
Sun May 15 01:23:35 Windows which were open at time of error:
Sun May 15 01:23:35 	ActiveWindow: &Route
Sun May 15 01:23:35 	Icon: &Components
Sun May 15 01:23:35 	Icon: &Nets
Sun May 15 01:23:35 	Icon: Post Proces&s
Sun May 15 01:23:35 End-of-list
Sun May 15 01:23:35 Error code 0034.912 (266)
Wed May 18 04:41:57 Loaded file D:\DANH\ROBOT\ORCAD PROJECTS\COMERCIAL PROJECTS\COM_PRJ43\COM_PRJ43.MAX
Wed Jul 27 01:11:30 Loaded file D:\DANH\ROBOT\ORCAD PROJECTS\COMERCIAL PROJECTS\COM_PRJ43\COM_PRJ43.MAX
Wed Nov 02 07:36:22 Loaded file D:\DANH\ORCAD PROJECTS\COMERCIAL PROJECTS\COM_PRJ43\COM_PRJ43.MAX
