Mon Jan 27 15:41:10 Log file reset
Mon Jan 27 15:41:10 Loaded file BACKUP0.MAX
Mon Jan 27 15:41:14 Saved as file D:\DANH\DANH\ORCAD PROJECTS\COMERCIAL PROJECTS\COM_PRJ5\COM_PRJ5_DENNGU_VER4.MAX
Mon Jan 27 15:42:43 Saved as file D:\DANH\DANH\ORCAD PROJECTS\COMERCIAL PROJECTS\COM_PRJ5\COM_PRJ5_DENNGU_VER4.MAX
Mon Jan 27 15:42:43 Saved as file D:\DANH\DANH\ORCAD PROJECTS\COMERCIAL PROJECTS\COM_PRJ5\COM_PRJ5_DENNGU_VER4.MAX
Mon Jan 27 15:42:43 Saved as file D:\DANH\DANH\ORCAD PROJECTS\COMERCIAL PROJECTS\COM_PRJ5\COM_PRJ5_DENNGU_VER4.MAX
Mon Jan 27 15:46:34 Saved as file D:\DANH\DANH\ORCAD PROJECTS\COMERCIAL PROJECTS\COM_PRJ5\COM_PRJ5_DENNGU_VER4.MAX
Mon Jan 27 15:46:35 Saved as file D:\DANH\DANH\ORCAD PROJECTS\COMERCIAL PROJECTS\COM_PRJ5\COM_PRJ5_DENNGU_VER4.MAX
Mon Jan 27 15:48:05 Saved as file D:\DANH\DANH\ORCAD PROJECTS\COMERCIAL PROJECTS\COM_PRJ5\COM_PRJ5_DENNGU_VER4.MAX
Mon Jan 27 15:51:09 Saved as file D:\DANH\DANH\ORCAD PROJECTS\COMERCIAL PROJECTS\COM_PRJ5\COM_PRJ5_DENNGU_VER4.MAX
Mon Jan 27 15:51:10 Saved as file D:\DANH\DANH\ORCAD PROJECTS\COMERCIAL PROJECTS\COM_PRJ5\COM_PRJ5_DENNGU_VER4.MAX
Mon Jan 27 15:51:20 Saved as file D:\DANH\DANH\ORCAD PROJECTS\COMERCIAL PROJECTS\COM_PRJ5\COM_PRJ5_DENNGU_VER4.MAX
Mon Jan 27 15:52:07 Saved as file D:\DANH\DANH\ORCAD PROJECTS\COMERCIAL PROJECTS\COM_PRJ5\COM_PRJ5_DENNGU_VER4.MAX
Mon Jan 27 15:52:28 Saved as file D:\DANH\DANH\ORCAD PROJECTS\COMERCIAL PROJECTS\COM_PRJ5\COM_PRJ5_DENNGU_VER4.MAX
Mon Jan 27 15:52:28 Saved as file D:\DANH\DANH\ORCAD PROJECTS\COMERCIAL PROJECTS\COM_PRJ5\COM_PRJ5_DENNGU_VER4.MAX
Mon Jan 27 15:54:10 Saved as file BACKUP1.MAX
Mon Jan 27 15:54:16 Saved as file D:\DANH\DANH\ORCAD PROJECTS\COMERCIAL PROJECTS\COM_PRJ5\COM_PRJ5_DENNGU_VER4.MAX
Mon Jan 27 15:54:17 Saved as file D:\DANH\DANH\ORCAD PROJECTS\COMERCIAL PROJECTS\COM_PRJ5\COM_PRJ5_DENNGU_VER4.MAX
Mon Jan 27 15:54:44 Saved as file D:\DANH\DANH\ORCAD PROJECTS\COMERCIAL PROJECTS\COM_PRJ5\COM_PRJ5_DENNGU_VER4.MAX
Mon Jan 27 15:54:44 Saved as file D:\DANH\DANH\ORCAD PROJECTS\COMERCIAL PROJECTS\COM_PRJ5\COM_PRJ5_DENNGU_VER4.MAX
Mon Jan 27 23:06:50 Saved as file D:\DANH\DANH\ORCAD PROJECTS\COMERCIAL PROJECTS\COM_PRJ5\COM_PRJ5_DENNGU_VER4.MAX
Mon Jan 27 23:07:42 Saved as file D:\DANH\DANH\ORCAD PROJECTS\COMERCIAL PROJECTS\COM_PRJ5\COM_PRJ5_DENNGU_VER4.MAX
Mon Jan 27 23:07:42 Saved as file D:\DANH\DANH\ORCAD PROJECTS\COMERCIAL PROJECTS\COM_PRJ5\COM_PRJ5_DENNGU_VER4.MAX
Mon Jan 27 23:07:50 Saved as file D:\DANH\DANH\ORCAD PROJECTS\COMERCIAL PROJECTS\COM_PRJ5\COM_PRJ5_DENNGU_VER4.MAX
Mon Jan 27 23:07:50 Saved as file D:\DANH\DANH\ORCAD PROJECTS\COMERCIAL PROJECTS\COM_PRJ5\COM_PRJ5_DENNGU_VER4.MAX
Mon Jan 27 23:08:36 Saved as file D:\DANH\DANH\ORCAD PROJECTS\COMERCIAL PROJECTS\COM_PRJ5\COM_PRJ5_DENNGU_VER4.MAX
Mon Jan 27 23:09:15 Saved as file D:\DANH\DANH\ORCAD PROJECTS\COMERCIAL PROJECTS\COM_PRJ5\COM_PRJ5_DENNGU_VER4.MAX
Mon Jan 27 23:09:33 Saved as file D:\DANH\DANH\ORCAD PROJECTS\COMERCIAL PROJECTS\COM_PRJ5\COM_PRJ5_DENNGU_VER4.MAX
Mon Jan 27 23:09:33 Saved as file D:\DANH\DANH\ORCAD PROJECTS\COMERCIAL PROJECTS\COM_PRJ5\COM_PRJ5_DENNGU_VER4.MAX
Mon Jan 27 23:09:33 Saved as file D:\DANH\DANH\ORCAD PROJECTS\COMERCIAL PROJECTS\COM_PRJ5\COM_PRJ5_DENNGU_VER4.MAX
Mon Jan 27 23:10:21 Saved as file D:\DANH\DANH\ORCAD PROJECTS\COMERCIAL PROJECTS\COM_PRJ5\COM_PRJ5_DENNGU_VER4.MAX
Mon Jan 27 23:10:21 Saved as file D:\DANH\DANH\ORCAD PROJECTS\COMERCIAL PROJECTS\COM_PRJ5\COM_PRJ5_DENNGU_VER4.MAX
Mon Jan 27 23:10:22 Saved as file D:\DANH\DANH\ORCAD PROJECTS\COMERCIAL PROJECTS\COM_PRJ5\COM_PRJ5_DENNGU_VER4.MAX
Mon Jan 27 23:10:22 Saved as file D:\DANH\DANH\ORCAD PROJECTS\COMERCIAL PROJECTS\COM_PRJ5\COM_PRJ5_DENNGU_VER4.MAX
Mon Jan 27 23:11:04 Saved as file D:\DANH\DANH\ORCAD PROJECTS\COMERCIAL PROJECTS\COM_PRJ5\COM_PRJ5_DENNGU_VER4.MAX
Mon Jan 27 23:11:04 Saved as file D:\DANH\DANH\ORCAD PROJECTS\COMERCIAL PROJECTS\COM_PRJ5\COM_PRJ5_DENNGU_VER4.MAX
Mon Jan 27 23:11:04 Saved as file D:\DANH\DANH\ORCAD PROJECTS\COMERCIAL PROJECTS\COM_PRJ5\COM_PRJ5_DENNGU_VER4.MAX
Mon Jan 27 23:11:04 Saved as file D:\DANH\DANH\ORCAD PROJECTS\COMERCIAL PROJECTS\COM_PRJ5\COM_PRJ5_DENNGU_VER4.MAX
Mon Jan 27 23:11:05 Saved as file D:\DANH\DANH\ORCAD PROJECTS\COMERCIAL PROJECTS\COM_PRJ5\COM_PRJ5_DENNGU_VER4.MAX
Mon Jan 27 23:11:05 Saved as file D:\DANH\DANH\ORCAD PROJECTS\COMERCIAL PROJECTS\COM_PRJ5\COM_PRJ5_DENNGU_VER4.MAX
Mon Jan 27 23:11:36 Saved as file D:\DANH\DANH\ORCAD PROJECTS\COMERCIAL PROJECTS\COM_PRJ5\COM_PRJ5_DENNGU_VER4.MAX
Mon Jan 27 23:11:36 Saved as file D:\DANH\DANH\ORCAD PROJECTS\COMERCIAL PROJECTS\COM_PRJ5\COM_PRJ5_DENNGU_VER4.MAX
Mon Jan 27 23:11:36 Saved as file D:\DANH\DANH\ORCAD PROJECTS\COMERCIAL PROJECTS\COM_PRJ5\COM_PRJ5_DENNGU_VER4.MAX
Mon Jan 27 23:11:37 Saved as file D:\DANH\DANH\ORCAD PROJECTS\COMERCIAL PROJECTS\COM_PRJ5\COM_PRJ5_DENNGU_VER4.MAX
Mon Jan 27 23:13:02 Saved as file D:\DANH\DANH\ORCAD PROJECTS\COMERCIAL PROJECTS\COM_PRJ5\COM_PRJ5_DENNGU_VER4.MAX
Mon Jan 27 23:14:06 Saved as file D:\DANH\DANH\ORCAD PROJECTS\COMERCIAL PROJECTS\COM_PRJ5\COM_PRJ5_DENNGU_VER4.MAX
Mon Jan 27 23:14:07 Saved as file D:\DANH\DANH\ORCAD PROJECTS\COMERCIAL PROJECTS\COM_PRJ5\COM_PRJ5_DENNGU_VER4.MAX
Mon Jan 27 23:14:07 Saved as file D:\DANH\DANH\ORCAD PROJECTS\COMERCIAL PROJECTS\COM_PRJ5\COM_PRJ5_DENNGU_VER4.MAX
Mon Jan 27 23:15:46 Saved as file D:\DANH\DANH\ORCAD PROJECTS\COMERCIAL PROJECTS\COM_PRJ5\COM_PRJ5_DENNGU_VER4.MAX
Mon Jan 27 23:15:46 Saved as file D:\DANH\DANH\ORCAD PROJECTS\COMERCIAL PROJECTS\COM_PRJ5\COM_PRJ5_DENNGU_VER4.MAX
Mon Jan 27 23:15:47 Saved as file D:\DANH\DANH\ORCAD PROJECTS\COMERCIAL PROJECTS\COM_PRJ5\COM_PRJ5_DENNGU_VER4.MAX
Mon Jan 27 23:15:47 Saved as file D:\DANH\DANH\ORCAD PROJECTS\COMERCIAL PROJECTS\COM_PRJ5\COM_PRJ5_DENNGU_VER4.MAX
Mon Jan 27 23:15:53 Saved as file D:\DANH\DANH\ORCAD PROJECTS\COMERCIAL PROJECTS\COM_PRJ5\COM_PRJ5_DENNGU_VER4.MAX
Mon Jan 27 23:16:15 Saved as file D:\DANH\DANH\ORCAD PROJECTS\COMERCIAL PROJECTS\COM_PRJ5\COM_PRJ5_DENNGU_VER4.MAX
Mon Jan 27 23:16:16 Saved as file D:\DANH\DANH\ORCAD PROJECTS\COMERCIAL PROJECTS\COM_PRJ5\COM_PRJ5_DENNGU_VER4.MAX
Mon Jan 27 23:16:16 Saved as file D:\DANH\DANH\ORCAD PROJECTS\COMERCIAL PROJECTS\COM_PRJ5\COM_PRJ5_DENNGU_VER4.MAX
Mon Jan 27 23:16:21 Saved as file D:\DANH\DANH\ORCAD PROJECTS\COMERCIAL PROJECTS\COM_PRJ5\COM_PRJ5_DENNGU_VER4.MAX
Mon Jan 27 23:16:21 Saved as file D:\DANH\DANH\ORCAD PROJECTS\COMERCIAL PROJECTS\COM_PRJ5\COM_PRJ5_DENNGU_VER4.MAX
Mon Jan 27 23:16:21 Saved as file D:\DANH\DANH\ORCAD PROJECTS\COMERCIAL PROJECTS\COM_PRJ5\COM_PRJ5_DENNGU_VER4.MAX
Mon Jan 27 23:16:39 Saved as file D:\DANH\DANH\ORCAD PROJECTS\COMERCIAL PROJECTS\COM_PRJ5\COM_PRJ5_DENNGU_VER4.MAX
Mon Jan 27 23:16:39 Saved as file D:\DANH\DANH\ORCAD PROJECTS\COMERCIAL PROJECTS\COM_PRJ5\COM_PRJ5_DENNGU_VER4.MAX
Mon Jan 27 23:16:39 Saved as file D:\DANH\DANH\ORCAD PROJECTS\COMERCIAL PROJECTS\COM_PRJ5\COM_PRJ5_DENNGU_VER4.MAX
Mon Jan 27 23:16:58 Saved as file D:\DANH\DANH\ORCAD PROJECTS\COMERCIAL PROJECTS\COM_PRJ5\COM_PRJ5_DENNGU_VER4.MAX
Mon Jan 27 23:16:58 Saved as file D:\DANH\DANH\ORCAD PROJECTS\COMERCIAL PROJECTS\COM_PRJ5\COM_PRJ5_DENNGU_VER4.MAX
Mon Jan 27 23:16:58 Saved as file D:\DANH\DANH\ORCAD PROJECTS\COMERCIAL PROJECTS\COM_PRJ5\COM_PRJ5_DENNGU_VER4.MAX
Mon Jan 27 23:17:02 Saved as file D:\DANH\DANH\ORCAD PROJECTS\COMERCIAL PROJECTS\COM_PRJ5\COM_PRJ5_DENNGU_VER4.MAX
Mon Jan 27 23:17:03 Saved as file D:\DANH\DANH\ORCAD PROJECTS\COMERCIAL PROJECTS\COM_PRJ5\COM_PRJ5_DENNGU_VER4.MAX
Mon Jan 27 23:17:31 Saved as file D:\DANH\DANH\ORCAD PROJECTS\COMERCIAL PROJECTS\COM_PRJ5\COM_PRJ5_DENNGU_VER4.MAX
Mon Jan 27 23:17:31 Saved as file D:\DANH\DANH\ORCAD PROJECTS\COMERCIAL PROJECTS\COM_PRJ5\COM_PRJ5_DENNGU_VER4.MAX
Mon Jan 27 23:17:31 Saved as file D:\DANH\DANH\ORCAD PROJECTS\COMERCIAL PROJECTS\COM_PRJ5\COM_PRJ5_DENNGU_VER4.MAX
Mon Jan 27 23:17:33 Saved as file BACKUP1.MAX
Mon Jan 27 23:17:38 Saved as file D:\DANH\DANH\ORCAD PROJECTS\COMERCIAL PROJECTS\COM_PRJ5\COM_PRJ5_DENNGU_VER4.MAX
Mon Jan 27 23:17:38 Saved as file D:\DANH\DANH\ORCAD PROJECTS\COMERCIAL PROJECTS\COM_PRJ5\COM_PRJ5_DENNGU_VER4.MAX
Mon Jan 27 23:17:38 Saved as file D:\DANH\DANH\ORCAD PROJECTS\COMERCIAL PROJECTS\COM_PRJ5\COM_PRJ5_DENNGU_VER4.MAX
Mon Jan 27 23:17:38 Saved as file D:\DANH\DANH\ORCAD PROJECTS\COMERCIAL PROJECTS\COM_PRJ5\COM_PRJ5_DENNGU_VER4.MAX
Mon Jan 27 23:17:54 Saved as file D:\DANH\DANH\ORCAD PROJECTS\COMERCIAL PROJECTS\COM_PRJ5\COM_PRJ5_DENNGU_VER4.MAX
Mon Jan 27 23:17:55 Saved as file D:\DANH\DANH\ORCAD PROJECTS\COMERCIAL PROJECTS\COM_PRJ5\COM_PRJ5_DENNGU_VER4.MAX
Mon Jan 27 23:17:55 Saved as file D:\DANH\DANH\ORCAD PROJECTS\COMERCIAL PROJECTS\COM_PRJ5\COM_PRJ5_DENNGU_VER4.MAX
Mon Jan 27 23:17:55 Saved as file D:\DANH\DANH\ORCAD PROJECTS\COMERCIAL PROJECTS\COM_PRJ5\COM_PRJ5_DENNGU_VER4.MAX
Mon Jan 27 23:18:16 Saved as file D:\DANH\DANH\ORCAD PROJECTS\COMERCIAL PROJECTS\COM_PRJ5\COM_PRJ5_DENNGU_VER4.MAX
Mon Jan 27 23:18:17 Saved as file D:\DANH\DANH\ORCAD PROJECTS\COMERCIAL PROJECTS\COM_PRJ5\COM_PRJ5_DENNGU_VER4.MAX
Mon Jan 27 23:18:17 Saved as file D:\DANH\DANH\ORCAD PROJECTS\COMERCIAL PROJECTS\COM_PRJ5\COM_PRJ5_DENNGU_VER4.MAX
Mon Jan 27 23:18:17 Saved as file D:\DANH\DANH\ORCAD PROJECTS\COMERCIAL PROJECTS\COM_PRJ5\COM_PRJ5_DENNGU_VER4.MAX
Mon Jan 27 23:18:30 Saved as file D:\DANH\DANH\ORCAD PROJECTS\COMERCIAL PROJECTS\COM_PRJ5\COM_PRJ5_DENNGU_VER4.MAX
Mon Jan 27 23:18:31 Saved as file D:\DANH\DANH\ORCAD PROJECTS\COMERCIAL PROJECTS\COM_PRJ5\COM_PRJ5_DENNGU_VER4.MAX
Mon Jan 27 23:18:31 Saved as file D:\DANH\DANH\ORCAD PROJECTS\COMERCIAL PROJECTS\COM_PRJ5\COM_PRJ5_DENNGU_VER4.MAX
Mon Jan 27 23:18:54 Saved as file D:\DANH\DANH\ORCAD PROJECTS\COMERCIAL PROJECTS\COM_PRJ5\COM_PRJ5_DENNGU_VER4.MAX
Mon Jan 27 23:19:36 Saved as file D:\DANH\DANH\ORCAD PROJECTS\COMERCIAL PROJECTS\COM_PRJ5\COM_PRJ5_DENNGU_VER4.MAX
Mon Jan 27 23:21:27 Saved as file D:\DANH\DANH\ORCAD PROJECTS\COMERCIAL PROJECTS\COM_PRJ5\COM_PRJ5_DENNGU_VER4.MAX
Mon Jan 27 23:22:18 Saved as file D:\DANH\DANH\ORCAD PROJECTS\COMERCIAL PROJECTS\COM_PRJ5\COM_PRJ5_DENNGU_VER4.MAX
Mon Jan 27 23:22:55 Saved as file D:\DANH\DANH\ORCAD PROJECTS\COMERCIAL PROJECTS\COM_PRJ5\COM_PRJ5_DENNGU_VER4.MAX
Mon Jan 27 23:22:56 Saved as file D:\DANH\DANH\ORCAD PROJECTS\COMERCIAL PROJECTS\COM_PRJ5\COM_PRJ5_DENNGU_VER4.MAX
Mon Jan 27 23:22:56 Saved as file D:\DANH\DANH\ORCAD PROJECTS\COMERCIAL PROJECTS\COM_PRJ5\COM_PRJ5_DENNGU_VER4.MAX
Mon Jan 27 23:22:56 Saved as file D:\DANH\DANH\ORCAD PROJECTS\COMERCIAL PROJECTS\COM_PRJ5\COM_PRJ5_DENNGU_VER4.MAX
Mon Jan 27 23:22:56 Saved as file D:\DANH\DANH\ORCAD PROJECTS\COMERCIAL PROJECTS\COM_PRJ5\COM_PRJ5_DENNGU_VER4.MAX
Mon Jan 27 23:23:03 Saved as file D:\DANH\DANH\ORCAD PROJECTS\COMERCIAL PROJECTS\COM_PRJ5\COM_PRJ5_DENNGU_VER4.MAX
Mon Jan 27 23:23:03 Saved as file D:\DANH\DANH\ORCAD PROJECTS\COMERCIAL PROJECTS\COM_PRJ5\COM_PRJ5_DENNGU_VER4.MAX
Mon Jan 27 23:24:44 Saved as file D:\DANH\DANH\ORCAD PROJECTS\COMERCIAL PROJECTS\COM_PRJ5\COM_PRJ5_DENNGU_VER4.MAX
Mon Jan 27 23:26:45 Saved as file D:\DANH\DANH\ORCAD PROJECTS\COMERCIAL PROJECTS\COM_PRJ5\COM_PRJ5_DENNGU_VER4.MAX
Mon Jan 27 23:28:03 Saved as file BACKUP1.MAX
Mon Jan 27 23:28:17 Saved as file D:\DANH\DANH\ORCAD PROJECTS\COMERCIAL PROJECTS\COM_PRJ5\COM_PRJ5_DENNGU_VER4.MAX
Mon Jan 27 23:34:45 Saved as file D:\DANH\DANH\ORCAD PROJECTS\COMERCIAL PROJECTS\COM_PRJ5\COM_PRJ5_DENNGU_VER4.MAX
Mon Jan 27 23:35:01 Saved as file D:\DANH\DANH\ORCAD PROJECTS\COMERCIAL PROJECTS\COM_PRJ5\COM_PRJ5_DENNGU_VER4.MAX
Mon Jan 27 23:35:01 Saved as file D:\DANH\DANH\ORCAD PROJECTS\COMERCIAL PROJECTS\COM_PRJ5\COM_PRJ5_DENNGU_VER4.MAX
Mon Jan 27 23:35:43 Saved as file D:\DANH\DANH\ORCAD PROJECTS\COMERCIAL PROJECTS\COM_PRJ5\COM_PRJ5_DENNGU_VER4.MAX
Mon Jan 27 23:38:33 Saved as file BACKUP1.MAX
Mon Jan 27 23:49:03 Saved as file BACKUP1.MAX
Mon Jan 27 23:59:33 Saved as file BACKUP1.MAX
Tue Jan 28 00:10:29 Saved as file D:\DANH\DANH\ORCAD PROJECTS\COMERCIAL PROJECTS\COM_PRJ5\COM_PRJ5_DENNGU_VER4.MAX
Tue Jan 28 00:10:33 Saved as file BACKUP1.MAX
Tue Jan 28 00:11:13 Saved as file D:\DANH\DANH\ORCAD PROJECTS\COMERCIAL PROJECTS\COM_PRJ5\COM_PRJ5_DENNGU_VER4.MAX
Tue Jan 28 00:12:57 Saved as file D:\DANH\DANH\ORCAD PROJECTS\COMERCIAL PROJECTS\COM_PRJ5\COM_PRJ5_DENNGU_VER4.MAX
Tue Jan 28 00:12:58 Saved as file D:\DANH\DANH\ORCAD PROJECTS\COMERCIAL PROJECTS\COM_PRJ5\COM_PRJ5_DENNGU_VER4.MAX
Tue Jan 28 00:12:58 Saved as file D:\DANH\DANH\ORCAD PROJECTS\COMERCIAL PROJECTS\COM_PRJ5\COM_PRJ5_DENNGU_VER4.MAX
Tue Jan 28 00:13:01 Saved as file D:\DANH\DANH\ORCAD PROJECTS\COMERCIAL PROJECTS\COM_PRJ5\COM_PRJ5_DENNGU_VER4.MAX
Tue Jan 28 00:15:23 Saved as file D:\DANH\DANH\ORCAD PROJECTS\COMERCIAL PROJECTS\COM_PRJ5\COM_PRJ5_DENNGU_VER4.MAX
Tue Jan 28 00:16:22 Saved as file D:\DANH\DANH\ORCAD PROJECTS\COMERCIAL PROJECTS\COM_PRJ5\COM_PRJ5_DENNGU_VER4.MAX
Tue Jan 28 00:16:22 Saved as file D:\DANH\DANH\ORCAD PROJECTS\COMERCIAL PROJECTS\COM_PRJ5\COM_PRJ5_DENNGU_VER4.MAX
Tue Jan 28 07:22:30 Saved as file D:\DANH\DANH\ORCAD PROJECTS\COMERCIAL PROJECTS\COM_PRJ5\COM_PRJ5_DENNGU_VER4.MAX
Tue Jan 28 07:22:30 Saved as file D:\DANH\DANH\ORCAD PROJECTS\COMERCIAL PROJECTS\COM_PRJ5\COM_PRJ5_DENNGU_VER4.MAX
Tue Jan 28 07:23:43 Saved as file D:\DANH\DANH\ORCAD PROJECTS\COMERCIAL PROJECTS\COM_PRJ5\COM_PRJ5_DENNGU_VER4.MAX
Tue Jan 28 07:27:49 Saved as file D:\DANH\DANH\ORCAD PROJECTS\COMERCIAL PROJECTS\COM_PRJ5\COM_PRJ5_DENNGU_VER4.MAX
Tue Jan 28 07:28:48 Loaded file C:\Program Files\OrCAD\Layout_Plus\data\template.imp
Tue Jan 28 07:28:48 Loaded file C:\Program Files\OrCAD\Layout_Plus\data\template.imp
Tue Jan 28 07:28:50 Loaded file D:\MICA AND BOARD\DANH\DANH\DANH'S LIBS\DANHLIB.LLB
Tue Jan 28 07:28:56 Loaded file C:\Program Files\OrCAD\Layout_Plus\data\template.imp
Tue Jan 28 07:28:57 Loaded file C:\Program Files\OrCAD\Layout_Plus\data\template.imp
Tue Jan 28 07:28:58 Loaded file C:\Program Files\OrCAD\Layout_Plus\data\template.imp
Tue Jan 28 07:28:59 Loaded file C:\Program Files\OrCAD\Layout_Plus\data\template.imp
Tue Jan 28 07:29:01 Loaded file C:\Program Files\OrCAD\Layout_Plus\data\template.imp
Tue Jan 28 07:31:11 Saved as file BACKUP1.MAX
Tue Jan 28 07:32:03 Saved as file D:\DANH\DANH\ORCAD PROJECTS\COMERCIAL PROJECTS\COM_PRJ5\COM_PRJ5_DENNGU_VER4.MAX
Tue Jan 28 07:32:07 Loaded file C:\Program Files\OrCAD\Layout_Plus\data\template.imp
Tue Jan 28 07:32:07 Loaded file C:\Program Files\OrCAD\Layout_Plus\data\template.imp
Tue Jan 28 07:32:10 Loaded file D:\MICA AND BOARD\DANH\DANH\DANH'S LIBS\DANHLIB.LLB
Tue Jan 28 07:32:15 Loaded file C:\Program Files\OrCAD\Layout_Plus\data\template.imp
Tue Jan 28 07:32:30 Loaded file C:\Program Files\OrCAD\Layout_Plus\data\template.imp
Tue Jan 28 07:32:30 Loaded file C:\Program Files\OrCAD\Layout_Plus\data\template.imp
Tue Jan 28 07:32:31 Loaded file D:\MICA AND BOARD\DANH\DANH\DANH'S LIBS\DANHLIB.LLB
Tue Jan 28 07:32:35 Loaded file C:\Program Files\OrCAD\Layout_Plus\data\template.imp
Tue Jan 28 07:34:30 Saved as file D:\DANH\DANH\ORCAD PROJECTS\COMERCIAL PROJECTS\COM_PRJ5\COM_PRJ5_DENNGU_VER4.MAX
Tue Jan 28 07:35:26 Saved as file D:\DANH\DANH\ORCAD PROJECTS\COMERCIAL PROJECTS\COM_PRJ5\COM_PRJ5_DENNGU_VER4.MAX
Tue Jan 28 07:40:16 Error code 0034.912 (266)
Tue Jan 28 07:40:16 Saved as file Backup0.max
Tue Jan 28 07:40:16 Windows which were open at time of error:
Tue Jan 28 07:40:16 	ActiveWindow: &Design
Tue Jan 28 07:40:16 	Icon: &Components
Tue Jan 28 07:40:16 	Icon: &Nets
Tue Jan 28 07:40:16 	Icon: Post Proces&s
Tue Jan 28 07:40:16 End-of-list
Tue Jan 28 07:40:17 Error code 0034.912 (266)
Tue Jan 28 08:18:27 Saved as file D:\DANH\DANH\ORCAD PROJECTS\COMERCIAL PROJECTS\COM_PRJ5\COM_PRJ5_DENNGU_VER4.MAX
Tue Jan 28 08:19:21 Saved as file D:\DANH\DANH\ORCAD PROJECTS\COMERCIAL PROJECTS\COM_PRJ5\COM_PRJ5_DENNGU_VER4.MAX
Tue Jan 28 08:19:21 Saved as file D:\DANH\DANH\ORCAD PROJECTS\COMERCIAL PROJECTS\COM_PRJ5\COM_PRJ5_DENNGU_VER4.MAX
Tue Jan 28 08:20:20 Saved as file D:\DANH\DANH\ORCAD PROJECTS\COMERCIAL PROJECTS\COM_PRJ5\COM_PRJ5_DENNGU_VER4.MAX
Tue Jan 28 08:20:20 Saved as file D:\DANH\DANH\ORCAD PROJECTS\COMERCIAL PROJECTS\COM_PRJ5\COM_PRJ5_DENNGU_VER4.MAX
Tue Jan 28 08:20:20 Saved as file D:\DANH\DANH\ORCAD PROJECTS\COMERCIAL PROJECTS\COM_PRJ5\COM_PRJ5_DENNGU_VER4.MAX
Tue Jan 28 08:20:50 Saved as file D:\DANH\DANH\ORCAD PROJECTS\COMERCIAL PROJECTS\COM_PRJ5\COM_PRJ5_DENNGU_VER4.MAX
Tue Jan 28 08:21:38 Saved as file D:\DANH\DANH\ORCAD PROJECTS\COMERCIAL PROJECTS\COM_PRJ5\COM_PRJ5_DENNGU_VER4.MAX
Tue Jan 28 08:22:01 Saved as file D:\DANH\DANH\ORCAD PROJECTS\COMERCIAL PROJECTS\COM_PRJ5\COM_PRJ5_DENNGU_VER4.MAX
Tue Jan 28 08:22:01 Saved as file D:\DANH\DANH\ORCAD PROJECTS\COMERCIAL PROJECTS\COM_PRJ5\COM_PRJ5_DENNGU_VER4.MAX
Tue Jan 28 08:22:01 Saved as file D:\DANH\DANH\ORCAD PROJECTS\COMERCIAL PROJECTS\COM_PRJ5\COM_PRJ5_DENNGU_VER4.MAX
Tue Jan 28 08:23:15 Saved as file D:\DANH\DANH\ORCAD PROJECTS\COMERCIAL PROJECTS\COM_PRJ5\COM_PRJ5_DENNGU_VER4.MAX
Tue Jan 28 08:24:21 Saved as file D:\DANH\DANH\ORCAD PROJECTS\COMERCIAL PROJECTS\COM_PRJ5\COM_PRJ5_DENNGU_VER4.MAX
Tue Jan 28 08:24:57 Saved as file D:\DANH\DANH\ORCAD PROJECTS\COMERCIAL PROJECTS\COM_PRJ5\COM_PRJ5_DENNGU_VER4.MAX
Tue Jan 28 08:25:23 Saved as file D:\DANH\DANH\ORCAD PROJECTS\COMERCIAL PROJECTS\COM_PRJ5\COM_PRJ5_DENNGU_VER4.MAX
Tue Jan 28 08:26:21 Saved as file BACKUP1.MAX
Tue Jan 28 08:26:38 Saved as file D:\DANH\DANH\ORCAD PROJECTS\COMERCIAL PROJECTS\COM_PRJ5\COM_PRJ5_DENNGU_VER4.MAX
Tue Jan 28 08:27:08 Saved as file D:\DANH\DANH\ORCAD PROJECTS\COMERCIAL PROJECTS\COM_PRJ5\COM_PRJ5_DENNGU_VER4.MAX
Tue Jan 28 08:27:53 Saved as file D:\DANH\DANH\ORCAD PROJECTS\COMERCIAL PROJECTS\COM_PRJ5\COM_PRJ5_DENNGU_VER4.MAX
Tue Jan 28 08:27:53 Saved as file D:\DANH\DANH\ORCAD PROJECTS\COMERCIAL PROJECTS\COM_PRJ5\COM_PRJ5_DENNGU_VER4.MAX
Tue Jan 28 08:28:41 Saved as file D:\DANH\DANH\ORCAD PROJECTS\COMERCIAL PROJECTS\COM_PRJ5\COM_PRJ5_DENNGU_VER4.MAX
Tue Jan 28 08:29:24 Saved as file D:\DANH\DANH\ORCAD PROJECTS\COMERCIAL PROJECTS\COM_PRJ5\COM_PRJ5_DENNGU_VER4.MAX
Tue Jan 28 08:29:38 Saved as file D:\DANH\DANH\ORCAD PROJECTS\COMERCIAL PROJECTS\COM_PRJ5\COM_PRJ5_DENNGU_VER4.MAX
Tue Jan 28 08:30:52 Saved as file D:\DANH\DANH\ORCAD PROJECTS\COMERCIAL PROJECTS\COM_PRJ5\COM_PRJ5_DENNGU_VER4.MAX
Tue Jan 28 08:31:46 Saved as file D:\DANH\DANH\ORCAD PROJECTS\COMERCIAL PROJECTS\COM_PRJ5\COM_PRJ5_DENNGU_VER4.MAX
Tue Jan 28 08:32:39 Saved as file D:\DANH\DANH\ORCAD PROJECTS\COMERCIAL PROJECTS\COM_PRJ5\COM_PRJ5_DENNGU_VER4.MAX
Tue Jan 28 08:34:21 Saved as file D:\DANH\DANH\ORCAD PROJECTS\COMERCIAL PROJECTS\COM_PRJ5\COM_PRJ5_DENNGU_VER4.MAX
Tue Jan 28 08:35:07 Saved as file D:\DANH\DANH\ORCAD PROJECTS\COMERCIAL PROJECTS\COM_PRJ5\COM_PRJ5_DENNGU_VER4.MAX
Tue Jan 28 08:36:51 Saved as file BACKUP1.MAX
Tue Jan 28 08:37:21 Saved as file D:\DANH\DANH\ORCAD PROJECTS\COMERCIAL PROJECTS\COM_PRJ5\COM_PRJ5_DENNGU_VER4.MAX
Tue Jan 28 08:38:16 Saved as file D:\DANH\DANH\ORCAD PROJECTS\COMERCIAL PROJECTS\COM_PRJ5\COM_PRJ5_DENNGU_VER4.MAX
Tue Jan 28 08:38:46 Saved as file D:\DANH\DANH\ORCAD PROJECTS\COMERCIAL PROJECTS\COM_PRJ5\COM_PRJ5_DENNGU_VER4.MAX
Tue Jan 28 08:38:51 Saved as file D:\DANH\DANH\ORCAD PROJECTS\COMERCIAL PROJECTS\COM_PRJ5\COM_PRJ5_DENNGU_VER4.MAX
Tue Jan 28 08:39:00 Saved as file D:\DANH\DANH\ORCAD PROJECTS\COMERCIAL PROJECTS\COM_PRJ5\COM_PRJ5_DENNGU_VER4.MAX
Tue Jan 28 08:44:08 Saved as file D:\DANH\DANH\ORCAD PROJECTS\COMERCIAL PROJECTS\COM_PRJ5\COM_PRJ5_DENNGU_VER4.MAX
Tue Jan 28 08:46:00 Saved as file D:\DANH\DANH\ORCAD PROJECTS\COMERCIAL PROJECTS\COM_PRJ5\COM_PRJ5_DENNGU_MOT_MAU_VER2.MAX
Tue Jan 28 08:50:05 Saved as file D:\DANH\DANH\ORCAD PROJECTS\COMERCIAL PROJECTS\COM_PRJ5\COM_PRJ5_DENNGU_MOT_MAU_VER2.MAX
Tue Jan 28 08:55:26 Saved as file BACKUP1.MAX
Mon Feb 03 00:00:00 Saved as file D:\DANH\DANH\ORCAD PROJECTS\COMERCIAL PROJECTS\COM_PRJ5\COM_PRJ5_DENNGU_MOT_MAU_VER3.MAX
Mon Feb 03 00:03:06 Saved as file D:\DANH\DANH\ORCAD PROJECTS\COMERCIAL PROJECTS\COM_PRJ5\COM_PRJ5_DENNGU_MOT_MAU_VER3.MAX
Mon Feb 03 00:03:06 Saved as file D:\DANH\DANH\ORCAD PROJECTS\COMERCIAL PROJECTS\COM_PRJ5\COM_PRJ5_DENNGU_MOT_MAU_VER3.MAX
Mon Feb 03 00:03:06 Saved as file D:\DANH\DANH\ORCAD PROJECTS\COMERCIAL PROJECTS\COM_PRJ5\COM_PRJ5_DENNGU_MOT_MAU_VER3.MAX
Mon Feb 03 00:10:27 Saved as file BACKUP1.MAX
Mon Feb 03 00:15:46 Saved as file D:\DANH\DANH\ORCAD PROJECTS\COMERCIAL PROJECTS\COM_PRJ5\COM_PRJ5_DENNGU_MOT_MAU_VER3.MAX
Mon Feb 03 00:16:13 Saved as file D:\DANH\DANH\ORCAD PROJECTS\COMERCIAL PROJECTS\COM_PRJ5\COM_PRJ5_DENNGU_MOT_MAU_VER3.MAX
Mon Feb 03 00:16:13 Saved as file D:\DANH\DANH\ORCAD PROJECTS\COMERCIAL PROJECTS\COM_PRJ5\COM_PRJ5_DENNGU_MOT_MAU_VER3.MAX
Mon Feb 03 00:16:57 Saved as file D:\DANH\DANH\ORCAD PROJECTS\COMERCIAL PROJECTS\COM_PRJ5\COM_PRJ5_DENNGU_MOT_MAU_VER3.MAX
Mon Feb 03 00:16:58 Saved as file D:\DANH\DANH\ORCAD PROJECTS\COMERCIAL PROJECTS\COM_PRJ5\COM_PRJ5_DENNGU_MOT_MAU_VER3.MAX
Mon Feb 03 00:16:58 Saved as file D:\DANH\DANH\ORCAD PROJECTS\COMERCIAL PROJECTS\COM_PRJ5\COM_PRJ5_DENNGU_MOT_MAU_VER3.MAX
Mon Feb 03 00:23:40 Saved as file D:\DANH\DANH\ORCAD PROJECTS\COMERCIAL PROJECTS\COM_PRJ5\COM_PRJ5_DENNGU_MOT_MAU_VER3.MAX
Wed Nov 19 09:47:17 Saved as file C:\WORKINGSPACE\DANH\DANHLL\ORCAD PROJECTS\COMERCIAL PROJECTS\COM_PRJ5\COM_PRJ5_DENNGU_VER4.MAX
Wed Nov 19 09:47:17 Saved as file C:\WORKINGSPACE\DANH\DANHLL\ORCAD PROJECTS\COMERCIAL PROJECTS\COM_PRJ5\COM_PRJ5_DENNGU_VER4.MAX
Wed Nov 19 09:47:18 Saved as file C:\WORKINGSPACE\DANH\DANHLL\ORCAD PROJECTS\COMERCIAL PROJECTS\COM_PRJ5\COM_PRJ5_DENNGU_VER4.MAX
Wed Nov 19 09:48:18 Saved as file C:\WORKINGSPACE\DANH\DANHLL\ORCAD PROJECTS\COMERCIAL PROJECTS\COM_PRJ5\COM_PRJ5_DENNGU_VER4.MAX
Wed Nov 19 09:48:18 Saved as file C:\WORKINGSPACE\DANH\DANHLL\ORCAD PROJECTS\COMERCIAL PROJECTS\COM_PRJ5\COM_PRJ5_DENNGU_VER4.MAX
Wed Nov 19 09:48:19 Saved as file C:\WORKINGSPACE\DANH\DANHLL\ORCAD PROJECTS\COMERCIAL PROJECTS\COM_PRJ5\COM_PRJ5_DENNGU_VER4.MAX
Wed Nov 19 09:52:20 Saved as file BACKUP1.MAX
Sat Nov 22 17:34:09 Saved as file BACKUP1.MAX
Sat Nov 22 17:44:09 Saved as file BACKUP1.MAX
Sat Nov 22 17:54:10 Saved as file BACKUP1.MAX
Sat Nov 22 18:04:10 Saved as file BACKUP1.MAX
Sat Nov 22 18:14:10 Saved as file BACKUP1.MAX
Sat Nov 22 18:24:10 Saved as file BACKUP1.MAX
Sat Nov 22 18:31:11 Saved as file C:\WORKINGSPACE\DANH\DANHLL\ORCAD PROJECTS\COMERCIAL PROJECTS\COM_PRJ5\COM_PRJ5_DENNGU_VER4.MAX
Sat Nov 22 18:31:18 Loaded file C:\Program Files\Orcad\Layout_Plus\data\template.imp
Sat Nov 22 18:31:18 Loaded file C:\Program Files\Orcad\Layout_Plus\data\template.imp
Thu Dec 18 21:28:40 Saved as file BACKUP1.MAX
Thu Dec 18 21:38:34 Saved as file C:\WORKINGSPACE\DANH\DANHLL\ORCAD PROJECTS\COMERCIAL PROJECTS\COM_PRJ5\COM_PRJ5_DENNGU_VER4.MAX
Thu Dec 18 21:38:40 Saved as file BACKUP1.MAX
Thu Dec 18 21:39:04 Saved as file C:\WORKINGSPACE\DANH\DANHLL\ORCAD PROJECTS\COMERCIAL PROJECTS\COM_PRJ5\COM_PRJ5_DENNGU_VER4.MAX
Thu Dec 18 21:40:38 Saved as file C:\WORKINGSPACE\DANH\DANHLL\ORCAD PROJECTS\COMERCIAL PROJECTS\COM_PRJ5\COM_PRJ5_DENNGU_VER4.MAX
Thu Dec 18 21:41:40 Saved as file C:\WORKINGSPACE\DANH\DANHLL\ORCAD PROJECTS\COMERCIAL PROJECTS\COM_PRJ5\COM_PRJ5_DENNGU_VER4.MAX
Thu Dec 18 21:42:00 Saved as file C:\WORKINGSPACE\DANH\DANHLL\ORCAD PROJECTS\COMERCIAL PROJECTS\COM_PRJ5\COM_PRJ5_DENNGU_VER4.MAX
Thu Dec 18 21:42:01 Saved as file C:\WORKINGSPACE\DANH\DANHLL\ORCAD PROJECTS\COMERCIAL PROJECTS\COM_PRJ5\COM_PRJ5_DENNGU_VER4.MAX
Thu Dec 18 21:43:12 Saved as file C:\WORKINGSPACE\DANH\DANHLL\ORCAD PROJECTS\COMERCIAL PROJECTS\COM_PRJ5\COM_PRJ5_DENNGU_VER4.MAX
Thu Dec 18 21:43:40 Saved as file C:\WORKINGSPACE\DANH\DANHLL\ORCAD PROJECTS\COMERCIAL PROJECTS\COM_PRJ5\COM_PRJ5_DENNGU_VER4.MAX
Thu Dec 18 21:44:00 Saved as file C:\WORKINGSPACE\DANH\DANHLL\ORCAD PROJECTS\COMERCIAL PROJECTS\COM_PRJ5\COM_PRJ5_DENNGU_VER4.MAX
Thu Dec 18 21:44:08 Saved as file C:\WORKINGSPACE\DANH\DANHLL\ORCAD PROJECTS\COMERCIAL PROJECTS\COM_PRJ5\COM_PRJ5_DENNGU_VER4.MAX
Thu Dec 18 21:44:16 Saved as file C:\WORKINGSPACE\DANH\DANHLL\ORCAD PROJECTS\COMERCIAL PROJECTS\COM_PRJ5\COM_PRJ5_DENNGU_VER4.MAX
Thu Dec 18 21:44:40 Saved as file C:\WORKINGSPACE\DANH\DANHLL\ORCAD PROJECTS\COMERCIAL PROJECTS\COM_PRJ5\COM_PRJ5_DENNGU_VER4.MAX
Thu Dec 18 21:44:58 Saved as file C:\WORKINGSPACE\DANH\DANHLL\ORCAD PROJECTS\COMERCIAL PROJECTS\COM_PRJ5\COM_PRJ5_DENNGU_VER4.MAX
Thu Dec 18 21:45:08 Saved as file C:\WORKINGSPACE\DANH\DANHLL\ORCAD PROJECTS\COMERCIAL PROJECTS\COM_PRJ5\COM_PRJ5_DENNGU_VER4.MAX
Thu Dec 18 21:45:30 Saved as file C:\WORKINGSPACE\DANH\DANHLL\ORCAD PROJECTS\COMERCIAL PROJECTS\COM_PRJ5\COM_PRJ5_DENNGU_VER4.MAX
Thu Dec 18 21:46:08 Saved as file C:\WORKINGSPACE\DANH\DANHLL\ORCAD PROJECTS\COMERCIAL PROJECTS\COM_PRJ5\COM_PRJ5_DENNGU_VER4.MAX
Thu Dec 18 21:46:48 Saved as file C:\WORKINGSPACE\DANH\DANHLL\ORCAD PROJECTS\COMERCIAL PROJECTS\COM_PRJ5\COM_PRJ5_DENNGU_VER4.MAX
Thu Dec 18 21:46:48 Saved as file C:\WORKINGSPACE\DANH\DANHLL\ORCAD PROJECTS\COMERCIAL PROJECTS\COM_PRJ5\COM_PRJ5_DENNGU_VER4.MAX
Thu Dec 18 21:46:49 Saved as file C:\WORKINGSPACE\DANH\DANHLL\ORCAD PROJECTS\COMERCIAL PROJECTS\COM_PRJ5\COM_PRJ5_DENNGU_VER4.MAX
Thu Dec 18 21:47:40 Saved as file C:\WORKINGSPACE\DANH\DANHLL\ORCAD PROJECTS\COMERCIAL PROJECTS\COM_PRJ5\COM_PRJ5_DENNGU_VER4.MAX
Thu Dec 18 21:48:18 Saved as file C:\WORKINGSPACE\DANH\DANHLL\ORCAD PROJECTS\COMERCIAL PROJECTS\COM_PRJ5\COM_PRJ5_DENNGU_VER4.MAX
Thu Dec 18 21:48:39 Saved as file C:\WORKINGSPACE\DANH\DANHLL\ORCAD PROJECTS\COMERCIAL PROJECTS\COM_PRJ5\COM_PRJ5_DENNGU_VER4.MAX
Thu Dec 18 21:48:40 Saved as file BACKUP1.MAX
Thu Dec 18 21:49:27 Saved as file C:\WORKINGSPACE\DANH\DANHLL\ORCAD PROJECTS\COMERCIAL PROJECTS\COM_PRJ5\COM_PRJ5_DENNGU_VER4.MAX
