

Microchip Technology PIC LITE Macro Assembler V1.37 build -260352376 
                                                                                               Sat Apr 23 08:49:22 2016

Microchip Technology Omniscient Code Generator v1.37 (Free mode) build 201603110536
     1                           	processor	12F629
     2                           	opt	pw 120
     3                           	opt	lm
     4                           	psect	cinit,global,class=CODE,merge=1,delta=2
     5                           	psect	bssBANK0,global,class=BANK0,space=1,delta=1
     6                           	psect	cstackCOMMON,global,class=COMMON,space=1,delta=1
     7                           	psect	cstackBANK0,global,class=BANK0,space=1,delta=1
     8                           	psect	maintext,global,class=CODE,split=1,delta=2
     9                           	psect	text1,local,class=CODE,merge=1,inline,delta=2
    10                           	dabs	1,0x5E,2
    11  0000                     	;# 
    12  0001                     	;# 
    13  0002                     	;# 
    14  0003                     	;# 
    15  0004                     	;# 
    16  0005                     	;# 
    17  000A                     	;# 
    18  000B                     	;# 
    19  000C                     	;# 
    20  000E                     	;# 
    21  000E                     	;# 
    22  000F                     	;# 
    23  0010                     	;# 
    24  0019                     	;# 
    25  0081                     	;# 
    26  0085                     	;# 
    27  008C                     	;# 
    28  008E                     	;# 
    29  0090                     	;# 
    30  0095                     	;# 
    31  0096                     	;# 
    32  0096                     	;# 
    33  0099                     	;# 
    34  009A                     	;# 
    35  009A                     	;# 
    36  009B                     	;# 
    37  009C                     	;# 
    38  009D                     	;# 
    39  0000                     	;# 
    40  0001                     	;# 
    41  0002                     	;# 
    42  0003                     	;# 
    43  0004                     	;# 
    44  0005                     	;# 
    45  000A                     	;# 
    46  000B                     	;# 
    47  000C                     	;# 
    48  000E                     	;# 
    49  000E                     	;# 
    50  000F                     	;# 
    51  0010                     	;# 
    52  0019                     	;# 
    53  0081                     	;# 
    54  0085                     	;# 
    55  008C                     	;# 
    56  008E                     	;# 
    57  0090                     	;# 
    58  0095                     	;# 
    59  0096                     	;# 
    60  0096                     	;# 
    61  0099                     	;# 
    62  009A                     	;# 
    63  009A                     	;# 
    64  009B                     	;# 
    65  009C                     	;# 
    66  009D                     	;# 
    67  0005                     _GPIO	set	5
    68  0028                     _GPIO0	set	40
    69  0029                     _GPIO1	set	41
    70  002C                     _GPIO4	set	44
    71  0090                     _OSCCAL	set	144
    72  0085                     _TRISIO	set	133
    73  0428                     _TRISIO0	set	1064
    74  0429                     _TRISIO1	set	1065
    75  042A                     _TRISIO2	set	1066
    76  042C                     _TRISIO4	set	1068
    77                           
    78                           ; #config settings
    79  0000                     
    80                           	psect	cinit
    81  03F7                     start_initialization:	
    82  03F7                     __initialization:	
    83                           
    84                           ; Clear objects allocated to BANK0
    85  03F7  01A0               	clrf	__pbssBANK0& (0+127)
    86  03F8  01A1               	clrf	(__pbssBANK0+1)& (0+127)
    87  03F9  01A2               	clrf	(__pbssBANK0+2)& (0+127)
    88  03FA  01A3               	clrf	(__pbssBANK0+3)& (0+127)
    89  03FB  01A4               	clrf	(__pbssBANK0+4)& (0+127)
    90  03FC  01A5               	clrf	(__pbssBANK0+5)& (0+127)
    91  03FD                     end_of_initialization:	
    92                           ;End of C runtime variable initialization code
    93                           
    94  03FD                     __end_of__initialization:	
    95  03FD  0183               	clrf	3
    96  03FE  2BD5               	ljmp	_main	;jump to C main() function
    97                           
    98                           	psect	bssBANK0
    99  0020                     __pbssBANK0:	
   100  0020                     _rgb:	
   101  0020                     	ds	6
   102                           
   103                           	psect	cstackCOMMON
   104  0000                     __pcstackCOMMON:	
   105  0000                     ??___osccal_val:	
   106                           
   107                           	psect	cstackBANK0
   108  0026                     __pcstackBANK0:	
   109                           ; 1 bytes @ 0x0
   110                           
   111  0026                     ?___osccal_val:	
   112  0026                     ?_pwm2:	
   113                           ; 1 bytes @ 0x0
   114                           
   115  0026                     ??_pwm2:	
   116                           ; 1 bytes @ 0x0
   117                           
   118  0026                     ?_main:	
   119                           ; 1 bytes @ 0x0
   120                           
   121                           
   122                           ; 1 bytes @ 0x0
   123  0026                     	ds	1
   124  0027                     pwm2@i:	
   125                           
   126                           ; 1 bytes @ 0x1
   127  0027                     	ds	1
   128  0028                     ??_main:	
   129                           
   130                           ; 1 bytes @ 0x2
   131  0028                     	ds	1
   132                           
   133                           	psect	maintext
   134  03D5                     __pmaintext:	
   135 ;;
   136 ;;Main: autosize = 0, tempsize = 1, incstack = 0, save=0
   137 ;;
   138 ;; *************** function _main *****************
   139 ;; Defined at:
   140 ;;		line 99 in file "RGB_C.c"
   141 ;; Parameters:    Size  Location     Type
   142 ;;		None
   143 ;; Auto vars:     Size  Location     Type
   144 ;;		None
   145 ;; Return value:  Size  Location     Type
   146 ;;                  1    wreg      void 
   147 ;; Registers used:
   148 ;;		wreg, fsr0l, fsr0h, fsr1l, fsr1h, fsr1l, fsr1h, status,2, status,0, btemp+1, pclath, cstack
   149 ;; Tracked objects:
   150 ;;		On entry : B00/0
   151 ;;		On exit  : 0/0
   152 ;;		Unchanged: 0/0
   153 ;; Data sizes:     COMMON   BANK0
   154 ;;      Params:         0       0
   155 ;;      Locals:         0       0
   156 ;;      Temps:          0       1
   157 ;;      Totals:         0       1
   158 ;;Total ram usage:        1 bytes
   159 ;; Hardware stack levels required when called:    1
   160 ;; This function calls:
   161 ;;		___osccal_val
   162 ;;		_pwm2
   163 ;; This function is called by:
   164 ;;		Startup code after reset
   165 ;; This function uses a non-reentrant model
   166 ;;
   167                           
   168                           
   169                           ;psect for function _main
   170  03D5                     _main:	
   171                           
   172                           ;RGB_C.c: 101: GPIO = 0x00;
   173                           
   174                           ;incstack = 0
   175                           ; Regs used in _main: [allreg]
   176  03D5  1283               	bcf	3,5	;RP0=0, select bank0
   177  03D6  0185               	clrf	5	;volatile
   178                           
   179                           ;RGB_C.c: 102: TRISIO = ~(1<<0 | 1<<1 | 1<<4 );
   180  03D7  30EC               	movlw	236
   181  03D8  1683               	bsf	3,5	;RP0=1, select bank1
   182  03D9  0085               	movwf	5	;volatile
   183                           
   184                           ;RGB_C.c: 104: OSCCAL = __osccal_val();
   185  03DA  23FF               	fcall	___osccal_val
   186  03DB  1683               	bsf	3,5	;RP0=1, select bank1
   187  03DC  0090               	movwf	16	;volatile
   188                           
   189                           ;RGB_C.c: 108: TRISIO0 = 0;
   190  03DD  1005               	bcf	5,0	;volatile
   191                           
   192                           ;RGB_C.c: 109: TRISIO1 = 0;
   193  03DE  1085               	bcf	5,1	;volatile
   194                           
   195                           ;RGB_C.c: 110: TRISIO4 = 0;
   196  03DF  1205               	bcf	5,4	;volatile
   197                           
   198                           ;RGB_C.c: 113: TRISIO2 = 1;
   199  03E0  1505               	bsf	5,2	;volatile
   200                           
   201                           ;RGB_C.c: 117: rgb[0].duration = 200;
   202  03E1  30C8               	movlw	200
   203  03E2  1283               	bcf	3,5	;RP0=0, select bank0
   204  03E3  00A8               	movwf	??_main
   205  03E4  0828               	movf	??_main,w
   206  03E5  00A0               	movwf	_rgb
   207                           
   208                           ;RGB_C.c: 118: rgb[0].pin = 2;
   209  03E6  3002               	movlw	2
   210  03E7  00A8               	movwf	??_main
   211  03E8  0828               	movf	??_main,w
   212  03E9  00A1               	movwf	_rgb+1
   213                           
   214                           ;RGB_C.c: 120: rgb[1].duration = 200;
   215  03EA  30C8               	movlw	200
   216  03EB  00A8               	movwf	??_main
   217  03EC  0828               	movf	??_main,w
   218  03ED  00A2               	movwf	_rgb+2
   219                           
   220                           ;RGB_C.c: 121: rgb[1].pin = 1;
   221  03EE  01A3               	clrf	_rgb+3
   222  03EF  0AA3               	incf	_rgb+3,f
   223                           
   224                           ;RGB_C.c: 123: rgb[2].duration = 200;
   225  03F0  30C8               	movlw	200
   226  03F1  00A8               	movwf	??_main
   227  03F2  0828               	movf	??_main,w
   228  03F3  00A4               	movwf	_rgb+4
   229                           
   230                           ;RGB_C.c: 124: rgb[2].pin = 0;
   231  03F4  01A5               	clrf	_rgb+5
   232  03F5                     l638:	
   233                           ;RGB_C.c: 126: while(1)
   234                           
   235                           
   236                           ;RGB_C.c: 127: {
   237                           ;RGB_C.c: 129: pwm2();
   238  03F5  23BF               	fcall	_pwm2
   239  03F6  2BF5               	goto	l638
   240  03F7                     __end_of_main:	
   241                           
   242                           	psect	text1
   243  03BF                     __ptext1:	
   244 ;; *************** function _pwm2 *****************
   245 ;; Defined at:
   246 ;;		line 70 in file "RGB_C.c"
   247 ;; Parameters:    Size  Location     Type
   248 ;;		None
   249 ;; Auto vars:     Size  Location     Type
   250 ;;  i               1    1[BANK0 ] unsigned char 
   251 ;; Return value:  Size  Location     Type
   252 ;;                  1    wreg      void 
   253 ;; Registers used:
   254 ;;		wreg, status,2, status,0
   255 ;; Tracked objects:
   256 ;;		On entry : 0/0
   257 ;;		On exit  : 0/0
   258 ;;		Unchanged: 0/0
   259 ;; Data sizes:     COMMON   BANK0
   260 ;;      Params:         0       0
   261 ;;      Locals:         0       1
   262 ;;      Temps:          0       1
   263 ;;      Totals:         0       2
   264 ;;Total ram usage:        2 bytes
   265 ;; Hardware stack levels used:    1
   266 ;; This function calls:
   267 ;;		Nothing
   268 ;; This function is called by:
   269 ;;		_main
   270 ;; This function uses a non-reentrant model
   271 ;;
   272                           
   273                           
   274                           ;psect for function _pwm2
   275  03BF                     _pwm2:	
   276                           
   277                           ;RGB_C.c: 72: GPIO0 = 1;
   278                           
   279                           ;incstack = 0
   280                           ; Regs used in _pwm2: [wreg+status,2+status,0]
   281  03BF  1283               	bcf	3,5	;RP0=0, select bank0
   282  03C0  1405               	bsf	5,0	;volatile
   283                           
   284                           ;RGB_C.c: 73: GPIO1 = 1;
   285  03C1  1485               	bsf	5,1	;volatile
   286                           
   287                           ;RGB_C.c: 74: GPIO4 = 1;
   288  03C2  1605               	bsf	5,4	;volatile
   289                           
   290                           ;RGB_C.c: 85: for(unsigned char i = 0; i < 256; i++)
   291  03C3  01A7               	clrf	pwm2@i
   292  03C4                     l598:	
   293                           
   294                           ;RGB_C.c: 86: {
   295                           ;RGB_C.c: 87: if(i == rgb[0].duration)
   296  03C4  0820               	movf	_rgb,w
   297  03C5  0627               	xorwf	pwm2@i,w
   298  03C6  1903               	btfsc	3,2
   299                           
   300                           ;RGB_C.c: 88: GPIO0 = 0;
   301  03C7  1005               	bcf	5,0	;volatile
   302                           
   303                           ;RGB_C.c: 90: if(i == rgb[1].duration)
   304  03C8  0822               	movf	_rgb+2,w
   305  03C9  0627               	xorwf	pwm2@i,w
   306  03CA  1903               	btfsc	3,2
   307                           
   308                           ;RGB_C.c: 91: GPIO1 = 0;
   309  03CB  1085               	bcf	5,1	;volatile
   310                           
   311                           ;RGB_C.c: 93: if(i == rgb[2].duration)
   312  03CC  0824               	movf	_rgb+4,w
   313  03CD  0627               	xorwf	pwm2@i,w
   314  03CE  1903               	btfsc	3,2
   315                           
   316                           ;RGB_C.c: 94: GPIO4 = 0;
   317  03CF  1205               	bcf	5,4	;volatile
   318  03D0  3001               	movlw	1
   319  03D1  00A6               	movwf	??_pwm2
   320  03D2  0826               	movf	??_pwm2,w
   321  03D3  07A7               	addwf	pwm2@i,f
   322  03D4  2BC4               	goto	l598
   323  03D5                     __end_of_pwm2:	
   324  005E                     btemp	set	94	;btemp
   325  005E                     wtemp	set	94
   326  005E                     wtemp0	set	94
   327  0060                     wtemp1	set	96
   328  0062                     wtemp2	set	98
   329  0064                     wtemp3	set	100
   330  0066                     wtemp4	set	102
   331  0068                     wtemp5	set	104
   332  005F                     wtemp6	set	95
   333  005E                     ttemp	set	94
   334  005E                     ttemp0	set	94
   335  0061                     ttemp1	set	97
   336  0064                     ttemp2	set	100
   337  0067                     ttemp3	set	103
   338  005F                     ttemp4	set	95
   339  005E                     ltemp	set	94
   340  005E                     ltemp0	set	94
   341  0062                     ltemp1	set	98
   342  0066                     ltemp2	set	102
   343  0060                     ltemp3	set	96


Data Sizes:
    Strings     0
    Constant    0
    Data        0
    BSS         6
    Persistent  0
    Stack       0

Auto Spaces:
    Space          Size  Autos    Used
    COMMON            0      0       0
    BANK0            62      3       9

Pointer List with Targets:

    None.

Critical Paths under _main in COMMON

    None.

Critical Paths under _main in BANK0

    _main->_pwm2

Call Graph Tables:

 ---------------------------------------------------------------------------------
 (Depth) Function   	        Calls       Base Space   Used Autos Params    Refs
 ---------------------------------------------------------------------------------
 (0) _main                                                 1     1      0      68
                                              2 BANK0      1     1      0
                       ___osccal_val
                               _pwm2
 ---------------------------------------------------------------------------------
 (1) _pwm2                                                 2     2      0      68
                                              0 BANK0      2     2      0
 ---------------------------------------------------------------------------------
 (1) ___osccal_val                                         0     0      0       0
 ---------------------------------------------------------------------------------
 Estimated maximum stack depth 1
 ---------------------------------------------------------------------------------

 Call Graph Graphs:

 _main (ROOT)
   ___osccal_val
   _pwm2

 Address spaces:
Name               Size   Autos  Total    Cost      Usage
BITCOMMON            0      0       0       0        0.0%
EEDATA              80      0       0       0        0.0%
NULL                 0      0       0       0        0.0%
CODE                 0      0       0       0        0.0%
BITSFR0              0      0       0       1        0.0%
SFR0                 0      0       0       1        0.0%
COMMON               0      0       0       1        0.0%
BITSFR1              0      0       0       2        0.0%
SFR1                 0      0       0       2        0.0%
STACK                0      0       0       2        0.0%
BITBANK0            3E      0       0       3        0.0%
BANK0               3E      3       9       4       14.5%
ABS                  0      0       9       5        0.0%
DATA                 0      0       9       6        0.0%


Microchip Technology PIC Macro Assembler V1.37 build -260352376 
Symbol Table                                                                                   Sat Apr 23 08:49:22 2016

             __CFG_CP$ON 0000              __CFG_CPD$ON 0000                      l638 03F5  
                    l598 03C4                      _rgb 0020             __CFG_WDTE$ON 0000  
                   _GPIO 0005                     _main 03D5                     _pwm2 03BF  
                   btemp 005E            __CFG_BOREN$ON 0000                     ltemp 005E  
                   start 0000                     ttemp 005E                     wtemp 005E  
          __CFG_MCLRE$ON 0000                    ?_main 0026                    ?_pwm2 0026  
                  _GPIO0 0028                    _GPIO1 0029                    _GPIO4 002C  
          __CFG_PWRTE$ON 0000             ___osccal_val 03FF                    pwm2@i 0027  
                  ltemp0 005E                    ltemp1 0062                    ltemp2 0066  
                  ltemp3 0060                    ttemp0 005E                    ttemp1 0061  
                  ttemp2 0064                    ttemp3 0067                    ttemp4 005F  
                  status 0003                    wtemp0 005E                    wtemp1 0060  
                  wtemp2 0062                    wtemp3 0064                    wtemp4 0066  
                  wtemp5 0068                    wtemp6 005F          __initialization 03F7  
           __end_of_main 03F7             __end_of_pwm2 03D5                   ??_main 0028  
                 ??_pwm2 0026                   _OSCCAL 0090                   _TRISIO 0085  
__end_of__initialization 03FD           __pcstackCOMMON 0000               __pbssBANK0 0020  
             __pmaintext 03D5                  _TRISIO0 0428                  _TRISIO1 0429  
                _TRISIO2 042A                  _TRISIO4 042C                  __ptext1 03BF  
   end_of_initialization 03FD      start_initialization 03F7                ___latbits 0000  
          __pcstackBANK0 0026            ?___osccal_val 0026           ??___osccal_val 0000  
          __size_of_main 0022            __size_of_pwm2 0016        __CFG_FOSC$EXTRCIO 0000  
