Wed Jun 09 09:57:02 Saved as file D:\DANH\ROBOT\ORCAD PROJECTS\COMERCIAL PROJECTS\COM_PRJ23\COM_PRJ23.MAX
Wed Jun 09 09:57:02 Saved as file BACKUP1.MAX
Wed Jun 09 09:57:02 Saved as file D:\DANH\ROBOT\ORCAD PROJECTS\COMERCIAL PROJECTS\COM_PRJ23\COM_PRJ23.MAX
Wed Jun 09 09:57:03 UserDiv from Layout.INI for AutoECO: 60
Wed Jun 09 09:57:03 Loaded file D:\DANH\ROBOT\ORCAD PROJECTS\COMERCIAL PROJECTS\COM_PRJ23\COM_PRJ23.MAX
Wed Jun 09 09:57:03 Loaded file D:\DANH\ROBOT\ORCAD LIBS\DANHLIB.LLB
Wed Jun 09 09:57:03 Loaded file C:\Program Files\Orcad\Layout_Plus\library\BCON100T.llb
Wed Jun 09 09:57:03 Loaded file C:\Program Files\Orcad\Layout_Plus\library\BCON156T.llb
Wed Jun 09 09:57:03 Loaded file C:\Program Files\Orcad\Layout_Plus\library\BGA.llb
Wed Jun 09 09:57:03 Loaded file C:\Program Files\Orcad\Layout_Plus\library\CLCC.llb
Wed Jun 09 09:57:03 Loaded file C:\Program Files\Orcad\Layout_Plus\library\DCON050T.llb
Wed Jun 09 09:57:03 Loaded file C:\Program Files\Orcad\Layout_Plus\library\DCON085T.llb
Wed Jun 09 09:57:03 Loaded file C:\Program Files\Orcad\Layout_Plus\library\DIMM050F.llb
Wed Jun 09 09:57:03 Loaded file C:\Program Files\Orcad\Layout_Plus\library\DIMM050T.llb
Wed Jun 09 09:57:03 Loaded file C:\Program Files\Orcad\Layout_Plus\library\DIN.llb
Wed Jun 09 09:57:03 Loaded file C:\Program Files\Orcad\Layout_Plus\library\DIP100B.llb
Wed Jun 09 09:57:03 Loaded file C:\Program Files\Orcad\Layout_Plus\library\DIP100T.llb
Wed Jun 09 09:57:03 Loaded file C:\Program Files\Orcad\Layout_Plus\library\DSUBT.llb
Wed Jun 09 09:57:03 Loaded file C:\Program Files\Orcad\Layout_Plus\library\DSUBT_HD.LLB
Wed Jun 09 09:57:03 Loaded file C:\Program Files\Orcad\Layout_Plus\library\ECON100T.llb
Wed Jun 09 09:57:03 Loaded file C:\Program Files\Orcad\Layout_Plus\library\FBUS.llb
Wed Jun 09 09:57:03 Loaded file C:\Program Files\Orcad\Layout_Plus\library\ISA.llb
Wed Jun 09 09:57:03 Loaded file C:\Program Files\Orcad\Layout_Plus\library\JUMPER.LLB
Wed Jun 09 09:57:03 Loaded file C:\Program Files\Orcad\Layout_Plus\library\LAYOUT.llb
Wed Jun 09 09:57:03 Loaded file C:\Program Files\Orcad\Layout_Plus\library\LCON100T.llb
Wed Jun 09 09:57:03 Loaded file C:\Program Files\Orcad\Layout_Plus\library\PC104.llb
Wed Jun 09 09:57:03 Loaded file C:\Program Files\Orcad\Layout_Plus\library\PCI.llb
Wed Jun 09 09:57:03 Loaded file C:\Program Files\Orcad\Layout_Plus\library\PCON100T.llb
Wed Jun 09 09:57:03 Loaded file C:\Program Files\Orcad\Layout_Plus\library\PCON156T.llb
Wed Jun 09 09:57:03 Loaded file C:\Program Files\Orcad\Layout_Plus\library\PGA.llb
Wed Jun 09 09:57:03 Loaded file C:\Program Files\Orcad\Layout_Plus\library\PLCC.llb
Wed Jun 09 09:57:03 Loaded file C:\Program Files\Orcad\Layout_Plus\library\QUAD.llb
Wed Jun 09 09:57:03 Loaded file C:\Program Files\Orcad\Layout_Plus\library\QUADB.llb
Wed Jun 09 09:57:03 Loaded file C:\Program Files\Orcad\Layout_Plus\library\RELAY.llb
Wed Jun 09 09:57:03 Loaded file C:\Program Files\Orcad\Layout_Plus\library\RF.llb
Wed Jun 09 09:57:03 Loaded file C:\Program Files\Orcad\Layout_Plus\library\SBUS.llb
Wed Jun 09 09:57:03 Loaded file C:\Program Files\Orcad\Layout_Plus\library\SIMM050F.llb
Wed Jun 09 09:57:03 Loaded file C:\Program Files\Orcad\Layout_Plus\library\SIMM050T.llb
Wed Jun 09 09:57:03 Loaded file C:\Program Files\Orcad\Layout_Plus\library\SIMM100F.llb
Wed Jun 09 09:57:03 Loaded file C:\Program Files\Orcad\Layout_Plus\library\SIMM100T.llb
Wed Jun 09 09:57:03 Loaded file C:\Program Files\Orcad\Layout_Plus\library\SIP.llb
Wed Jun 09 09:57:03 Loaded file C:\Program Files\Orcad\Layout_Plus\library\SM.llb
Wed Jun 09 09:57:03 Loaded file C:\Program Files\Orcad\Layout_Plus\library\SOG.llb
Wed Jun 09 09:57:03 Loaded file C:\Program Files\Orcad\Layout_Plus\library\SOJ.llb
Wed Jun 09 09:57:03 Loaded file C:\Program Files\Orcad\Layout_Plus\library\STIFF.llb
Wed Jun 09 09:57:03 Loaded file C:\Program Files\Orcad\Layout_Plus\library\TELE.llb
Wed Jun 09 09:57:03 Loaded file C:\Program Files\Orcad\Layout_Plus\library\TM_AXIAL.llb
Wed Jun 09 09:57:03 Loaded file C:\Program Files\Orcad\Layout_Plus\library\TM_CAP_P.llb
Wed Jun 09 09:57:03 Loaded file C:\Program Files\Orcad\Layout_Plus\library\TM_CYLND.llb
Wed Jun 09 09:57:03 Loaded file C:\Program Files\Orcad\Layout_Plus\library\TM_DIODE.llb
Wed Jun 09 09:57:03 Loaded file C:\Program Files\Orcad\Layout_Plus\library\TM_DISC.llb
Wed Jun 09 09:57:03 Loaded file C:\Program Files\Orcad\Layout_Plus\library\TM_RAD.llb
Wed Jun 09 09:57:03 Loaded file C:\Program Files\Orcad\Layout_Plus\library\TO.llb
Wed Jun 09 09:57:03 Loaded file C:\Program Files\Orcad\Layout_Plus\library\TRAINING.LLB
Wed Jun 09 09:57:03 Loaded file C:\Program Files\Orcad\Layout_Plus\library\VRES.llb
Wed Jun 09 09:57:03 Loaded file C:\Program Files\Orcad\Layout_Plus\library\WCON100T.llb
Wed Jun 09 09:57:03 Loaded file C:\Program Files\Orcad\Layout_Plus\library\XT.llb
Wed Jun 09 09:57:03 Loaded file C:\Program Files\Orcad\Layout_Plus\library\ZIGZAG.llb
Wed Jun 09 09:57:03 Loaded file D:\DANH\ROBOT\ORCAD LIBS\DANHLIB.LLB
Wed Jun 09 09:57:03 Loaded file D:\DANH\ROBOT\ORCAD LIBS\DANHLIB.LLB
Wed Jun 09 09:57:03 Loaded file D:\DANH\ROBOT\ORCAD LIBS\DANHLIB.LLB
Wed Jun 09 09:57:03 Saved as file D:\DANH\ROBOT\ORCAD PROJECTS\COMERCIAL PROJECTS\COM_PRJ23\COM_PRJ23.MAX
Wed Jun 09 09:57:03 Loaded file D:\DANH\ROBOT\ORCAD PROJECTS\COMERCIAL PROJECTS\COM_PRJ23\COM_PRJ23.MAX
Wed Jun 09 09:58:44 Saved as file D:\DANH\ROBOT\ORCAD PROJECTS\COMERCIAL PROJECTS\COM_PRJ23\COM_PRJ23.MAX
Wed Jun 09 10:07:47 Saved as file BACKUP1.MAX
Wed Jun 09 10:10:25 Saved as file D:\DANH\ROBOT\ORCAD PROJECTS\COMERCIAL PROJECTS\COM_PRJ23\COM_PRJ23.MAX
Wed Jun 09 10:10:25 Saved as file D:\DANH\ROBOT\ORCAD PROJECTS\COMERCIAL PROJECTS\COM_PRJ23\COM_PRJ23.MAX
Wed Jun 09 10:10:47 Saved as file D:\DANH\ROBOT\ORCAD PROJECTS\COMERCIAL PROJECTS\COM_PRJ23\COM_PRJ23.MAX
Wed Jun 09 10:14:14 Saved as file D:\DANH\ROBOT\ORCAD PROJECTS\COMERCIAL PROJECTS\COM_PRJ23\COM_PRJ23.MAX
Wed Jun 09 10:14:24 No new connections routed.
Wed Jun 09 10:14:24 Total is now 0 out of 42 (0%).
Wed Jun 09 10:14:24 Saved as file SWEEP1.MAX
Wed Jun 09 10:14:25 Saved as file BACKUP1.MAX
Wed Jun 09 10:14:25 Saved as file BACKUP1.MAX
Wed Jun 09 10:14:25 Saved as file BACKUP1.MAX
Wed Jun 09 10:14:25 Routed 47 connections in 0 seconds.
Wed Jun 09 10:14:25 Total is now 42 out of 42 (100%).
Wed Jun 09 10:14:25 Saved as file SWEEP2.MAX
Wed Jun 09 10:14:25 No new connections routed.
Wed Jun 09 10:14:25 Total is now 42 out of 42 (100%).
Wed Jun 09 10:14:25 Saved as file SWEEP3.MAX
Wed Jun 09 10:14:25 No new connections routed.
Wed Jun 09 10:14:25 Total is now 42 out of 42 (100%).
Wed Jun 09 10:14:25 Saved as file SWEEP4.MAX
Wed Jun 09 10:14:25 No new connections routed.
Wed Jun 09 10:14:25 Total is now 42 out of 42 (100%).
Wed Jun 09 10:14:25 Saved as file SWEEP5.MAX
Wed Jun 09 10:14:49 Saved as file D:\DANH\ROBOT\ORCAD PROJECTS\COMERCIAL PROJECTS\COM_PRJ23\COM_PRJ23.MAX
Wed Jun 09 10:14:50 Saved as file D:\DANH\ROBOT\ORCAD PROJECTS\COMERCIAL PROJECTS\COM_PRJ23\COM_PRJ23.MAX
Wed Jun 09 10:14:50 Saved as file D:\DANH\ROBOT\ORCAD PROJECTS\COMERCIAL PROJECTS\COM_PRJ23\COM_PRJ23.MAX
Wed Jun 09 10:52:30 Saved as file BACKUP1.MAX
Wed Jun 09 10:52:30 Saved as file D:\DANH\ROBOT\ORCAD PROJECTS\COMERCIAL PROJECTS\COM_PRJ23(6 LED)\COM_PRJ23.MAX
Wed Jun 09 10:52:31 UserDiv from Layout.INI for AutoECO: 60
Wed Jun 09 10:52:31 Loaded file D:\DANH\ROBOT\ORCAD PROJECTS\COMERCIAL PROJECTS\COM_PRJ23(6 LED)\COM_PRJ23.MAX
Wed Jun 09 10:52:31 Loaded file D:\DANH\ROBOT\ORCAD LIBS\DANHLIB.LLB
Wed Jun 09 10:52:31 Loaded file C:\Program Files\Orcad\Layout_Plus\library\BCON100T.llb
Wed Jun 09 10:52:31 Loaded file C:\Program Files\Orcad\Layout_Plus\library\BCON156T.llb
Wed Jun 09 10:52:31 Loaded file C:\Program Files\Orcad\Layout_Plus\library\BGA.llb
Wed Jun 09 10:52:31 Loaded file C:\Program Files\Orcad\Layout_Plus\library\CLCC.llb
Wed Jun 09 10:52:31 Loaded file C:\Program Files\Orcad\Layout_Plus\library\DCON050T.llb
Wed Jun 09 10:52:31 Loaded file C:\Program Files\Orcad\Layout_Plus\library\DCON085T.llb
Wed Jun 09 10:52:31 Loaded file C:\Program Files\Orcad\Layout_Plus\library\DIMM050F.llb
Wed Jun 09 10:52:31 Loaded file C:\Program Files\Orcad\Layout_Plus\library\DIMM050T.llb
Wed Jun 09 10:52:31 Loaded file C:\Program Files\Orcad\Layout_Plus\library\DIN.llb
Wed Jun 09 10:52:31 Loaded file C:\Program Files\Orcad\Layout_Plus\library\DIP100B.llb
Wed Jun 09 10:52:31 Loaded file C:\Program Files\Orcad\Layout_Plus\library\DIP100T.llb
Wed Jun 09 10:52:31 Loaded file C:\Program Files\Orcad\Layout_Plus\library\DSUBT.llb
Wed Jun 09 10:52:31 Loaded file C:\Program Files\Orcad\Layout_Plus\library\DSUBT_HD.LLB
Wed Jun 09 10:52:31 Loaded file C:\Program Files\Orcad\Layout_Plus\library\ECON100T.llb
Wed Jun 09 10:52:31 Loaded file C:\Program Files\Orcad\Layout_Plus\library\FBUS.llb
Wed Jun 09 10:52:31 Loaded file C:\Program Files\Orcad\Layout_Plus\library\ISA.llb
Wed Jun 09 10:52:31 Loaded file C:\Program Files\Orcad\Layout_Plus\library\JUMPER.LLB
Wed Jun 09 10:52:31 Loaded file C:\Program Files\Orcad\Layout_Plus\library\LAYOUT.llb
Wed Jun 09 10:52:31 Loaded file C:\Program Files\Orcad\Layout_Plus\library\LCON100T.llb
Wed Jun 09 10:52:31 Loaded file C:\Program Files\Orcad\Layout_Plus\library\PC104.llb
Wed Jun 09 10:52:31 Loaded file C:\Program Files\Orcad\Layout_Plus\library\PCI.llb
Wed Jun 09 10:52:31 Loaded file C:\Program Files\Orcad\Layout_Plus\library\PCON100T.llb
Wed Jun 09 10:52:31 Loaded file C:\Program Files\Orcad\Layout_Plus\library\PCON156T.llb
Wed Jun 09 10:52:31 Loaded file C:\Program Files\Orcad\Layout_Plus\library\PGA.llb
Wed Jun 09 10:52:31 Loaded file C:\Program Files\Orcad\Layout_Plus\library\PLCC.llb
Wed Jun 09 10:52:31 Loaded file C:\Program Files\Orcad\Layout_Plus\library\QUAD.llb
Wed Jun 09 10:52:31 Loaded file C:\Program Files\Orcad\Layout_Plus\library\QUADB.llb
Wed Jun 09 10:52:31 Loaded file C:\Program Files\Orcad\Layout_Plus\library\RELAY.llb
Wed Jun 09 10:52:31 Loaded file C:\Program Files\Orcad\Layout_Plus\library\RF.llb
Wed Jun 09 10:52:31 Loaded file C:\Program Files\Orcad\Layout_Plus\library\SBUS.llb
Wed Jun 09 10:52:31 Loaded file C:\Program Files\Orcad\Layout_Plus\library\SIMM050F.llb
Wed Jun 09 10:52:31 Loaded file C:\Program Files\Orcad\Layout_Plus\library\SIMM050T.llb
Wed Jun 09 10:52:31 Loaded file C:\Program Files\Orcad\Layout_Plus\library\SIMM100F.llb
Wed Jun 09 10:52:31 Loaded file C:\Program Files\Orcad\Layout_Plus\library\SIMM100T.llb
Wed Jun 09 10:52:31 Loaded file C:\Program Files\Orcad\Layout_Plus\library\SIP.llb
Wed Jun 09 10:52:31 Loaded file C:\Program Files\Orcad\Layout_Plus\library\SM.llb
Wed Jun 09 10:52:31 Loaded file C:\Program Files\Orcad\Layout_Plus\library\SOG.llb
Wed Jun 09 10:52:31 Loaded file C:\Program Files\Orcad\Layout_Plus\library\SOJ.llb
Wed Jun 09 10:52:31 Loaded file C:\Program Files\Orcad\Layout_Plus\library\STIFF.llb
Wed Jun 09 10:52:31 Loaded file C:\Program Files\Orcad\Layout_Plus\library\TELE.llb
Wed Jun 09 10:52:31 Loaded file C:\Program Files\Orcad\Layout_Plus\library\TM_AXIAL.llb
Wed Jun 09 10:52:31 Loaded file C:\Program Files\Orcad\Layout_Plus\library\TM_CAP_P.llb
Wed Jun 09 10:52:31 Loaded file C:\Program Files\Orcad\Layout_Plus\library\TM_CYLND.llb
Wed Jun 09 10:52:31 Loaded file C:\Program Files\Orcad\Layout_Plus\library\TM_DIODE.llb
Wed Jun 09 10:52:31 Loaded file C:\Program Files\Orcad\Layout_Plus\library\TM_DISC.llb
Wed Jun 09 10:52:31 Loaded file C:\Program Files\Orcad\Layout_Plus\library\TM_RAD.llb
Wed Jun 09 10:52:31 Loaded file C:\Program Files\Orcad\Layout_Plus\library\TO.llb
Wed Jun 09 10:52:31 Loaded file C:\Program Files\Orcad\Layout_Plus\library\TRAINING.LLB
Wed Jun 09 10:52:31 Loaded file C:\Program Files\Orcad\Layout_Plus\library\VRES.llb
Wed Jun 09 10:52:31 Loaded file C:\Program Files\Orcad\Layout_Plus\library\WCON100T.llb
Wed Jun 09 10:52:31 Loaded file C:\Program Files\Orcad\Layout_Plus\library\XT.llb
Wed Jun 09 10:52:31 Loaded file C:\Program Files\Orcad\Layout_Plus\library\ZIGZAG.llb
Wed Jun 09 10:52:32 Saved as file D:\DANH\ROBOT\ORCAD PROJECTS\COMERCIAL PROJECTS\COM_PRJ23(6 LED)\COM_PRJ23.MAX
Wed Jun 09 10:52:32 Loaded file D:\DANH\ROBOT\ORCAD PROJECTS\COMERCIAL PROJECTS\COM_PRJ23(6 LED)\COM_PRJ23.MAX
Wed Jun 09 10:52:38 Saved as file BACKUP1.MAX
Wed Jun 09 10:52:38 Saved as file D:\DANH\ROBOT\ORCAD PROJECTS\COMERCIAL PROJECTS\COM_PRJ23(6 LED)\COM_PRJ23.MAX
Wed Jun 09 10:52:38 UserDiv from Layout.INI for AutoECO: 60
Wed Jun 09 10:52:38 Loaded file D:\DANH\ROBOT\ORCAD PROJECTS\COMERCIAL PROJECTS\COM_PRJ23(6 LED)\COM_PRJ23.MAX
Wed Jun 09 10:52:38 Loaded file D:\DANH\ROBOT\ORCAD LIBS\DANHLIB.LLB
Wed Jun 09 10:52:38 Loaded file C:\Program Files\Orcad\Layout_Plus\library\BCON100T.llb
Wed Jun 09 10:52:38 Loaded file C:\Program Files\Orcad\Layout_Plus\library\BCON156T.llb
Wed Jun 09 10:52:38 Loaded file C:\Program Files\Orcad\Layout_Plus\library\BGA.llb
Wed Jun 09 10:52:38 Loaded file C:\Program Files\Orcad\Layout_Plus\library\CLCC.llb
Wed Jun 09 10:52:38 Loaded file C:\Program Files\Orcad\Layout_Plus\library\DCON050T.llb
Wed Jun 09 10:52:38 Loaded file C:\Program Files\Orcad\Layout_Plus\library\DCON085T.llb
Wed Jun 09 10:52:38 Loaded file C:\Program Files\Orcad\Layout_Plus\library\DIMM050F.llb
Wed Jun 09 10:52:38 Loaded file C:\Program Files\Orcad\Layout_Plus\library\DIMM050T.llb
Wed Jun 09 10:52:38 Loaded file C:\Program Files\Orcad\Layout_Plus\library\DIN.llb
Wed Jun 09 10:52:38 Loaded file C:\Program Files\Orcad\Layout_Plus\library\DIP100B.llb
Wed Jun 09 10:52:38 Loaded file C:\Program Files\Orcad\Layout_Plus\library\DIP100T.llb
Wed Jun 09 10:52:38 Loaded file C:\Program Files\Orcad\Layout_Plus\library\DSUBT.llb
Wed Jun 09 10:52:38 Loaded file C:\Program Files\Orcad\Layout_Plus\library\DSUBT_HD.LLB
Wed Jun 09 10:52:38 Loaded file C:\Program Files\Orcad\Layout_Plus\library\ECON100T.llb
Wed Jun 09 10:52:38 Loaded file C:\Program Files\Orcad\Layout_Plus\library\FBUS.llb
Wed Jun 09 10:52:38 Loaded file C:\Program Files\Orcad\Layout_Plus\library\ISA.llb
Wed Jun 09 10:52:38 Loaded file C:\Program Files\Orcad\Layout_Plus\library\JUMPER.LLB
Wed Jun 09 10:52:38 Loaded file C:\Program Files\Orcad\Layout_Plus\library\LAYOUT.llb
Wed Jun 09 10:52:38 Loaded file C:\Program Files\Orcad\Layout_Plus\library\LCON100T.llb
Wed Jun 09 10:52:38 Loaded file C:\Program Files\Orcad\Layout_Plus\library\PC104.llb
Wed Jun 09 10:52:38 Loaded file C:\Program Files\Orcad\Layout_Plus\library\PCI.llb
Wed Jun 09 10:52:38 Loaded file C:\Program Files\Orcad\Layout_Plus\library\PCON100T.llb
Wed Jun 09 10:52:38 Loaded file C:\Program Files\Orcad\Layout_Plus\library\PCON156T.llb
Wed Jun 09 10:52:38 Loaded file C:\Program Files\Orcad\Layout_Plus\library\PGA.llb
Wed Jun 09 10:52:38 Loaded file C:\Program Files\Orcad\Layout_Plus\library\PLCC.llb
Wed Jun 09 10:52:38 Loaded file C:\Program Files\Orcad\Layout_Plus\library\QUAD.llb
Wed Jun 09 10:52:38 Loaded file C:\Program Files\Orcad\Layout_Plus\library\QUADB.llb
Wed Jun 09 10:52:38 Loaded file C:\Program Files\Orcad\Layout_Plus\library\RELAY.llb
Wed Jun 09 10:52:38 Loaded file C:\Program Files\Orcad\Layout_Plus\library\RF.llb
Wed Jun 09 10:52:38 Loaded file C:\Program Files\Orcad\Layout_Plus\library\SBUS.llb
Wed Jun 09 10:52:38 Loaded file C:\Program Files\Orcad\Layout_Plus\library\SIMM050F.llb
Wed Jun 09 10:52:38 Loaded file C:\Program Files\Orcad\Layout_Plus\library\SIMM050T.llb
Wed Jun 09 10:52:38 Loaded file C:\Program Files\Orcad\Layout_Plus\library\SIMM100F.llb
Wed Jun 09 10:52:38 Loaded file C:\Program Files\Orcad\Layout_Plus\library\SIMM100T.llb
Wed Jun 09 10:52:38 Loaded file C:\Program Files\Orcad\Layout_Plus\library\SIP.llb
Wed Jun 09 10:52:38 Loaded file C:\Program Files\Orcad\Layout_Plus\library\SM.llb
Wed Jun 09 10:52:38 Loaded file C:\Program Files\Orcad\Layout_Plus\library\SOG.llb
Wed Jun 09 10:52:38 Loaded file C:\Program Files\Orcad\Layout_Plus\library\SOJ.llb
Wed Jun 09 10:52:38 Loaded file C:\Program Files\Orcad\Layout_Plus\library\STIFF.llb
Wed Jun 09 10:52:38 Loaded file C:\Program Files\Orcad\Layout_Plus\library\TELE.llb
Wed Jun 09 10:52:38 Loaded file C:\Program Files\Orcad\Layout_Plus\library\TM_AXIAL.llb
Wed Jun 09 10:52:38 Loaded file C:\Program Files\Orcad\Layout_Plus\library\TM_CAP_P.llb
Wed Jun 09 10:52:38 Loaded file C:\Program Files\Orcad\Layout_Plus\library\TM_CYLND.llb
Wed Jun 09 10:52:38 Loaded file C:\Program Files\Orcad\Layout_Plus\library\TM_DIODE.llb
Wed Jun 09 10:52:38 Loaded file C:\Program Files\Orcad\Layout_Plus\library\TM_DISC.llb
Wed Jun 09 10:52:38 Loaded file C:\Program Files\Orcad\Layout_Plus\library\TM_RAD.llb
Wed Jun 09 10:52:38 Loaded file C:\Program Files\Orcad\Layout_Plus\library\TO.llb
Wed Jun 09 10:52:38 Loaded file C:\Program Files\Orcad\Layout_Plus\library\TRAINING.LLB
Wed Jun 09 10:52:38 Loaded file C:\Program Files\Orcad\Layout_Plus\library\VRES.llb
Wed Jun 09 10:52:38 Loaded file C:\Program Files\Orcad\Layout_Plus\library\WCON100T.llb
Wed Jun 09 10:52:38 Loaded file C:\Program Files\Orcad\Layout_Plus\library\XT.llb
Wed Jun 09 10:52:38 Loaded file C:\Program Files\Orcad\Layout_Plus\library\ZIGZAG.llb
Wed Jun 09 10:52:38 Saved as file D:\DANH\ROBOT\ORCAD PROJECTS\COMERCIAL PROJECTS\COM_PRJ23(6 LED)\COM_PRJ23.MAX
Wed Jun 09 10:52:38 Loaded file D:\DANH\ROBOT\ORCAD PROJECTS\COMERCIAL PROJECTS\COM_PRJ23(6 LED)\COM_PRJ23.MAX
Wed Jun 09 10:53:30 Saved as file D:\DANH\ROBOT\ORCAD PROJECTS\COMERCIAL PROJECTS\COM_PRJ23(6 LED)\COM_PRJ23.MAX
Wed Jun 09 10:53:55 Saved as file D:\DANH\ROBOT\ORCAD PROJECTS\COMERCIAL PROJECTS\COM_PRJ23(6 LED)\COM_PRJ23.MAX
Wed Jun 09 14:25:52 Saved as file BACKUP1.MAX
Wed Jun 09 14:25:52 Saved as file D:\DANH\ROBOT\ORCAD PROJECTS\COMERCIAL PROJECTS\COM_PRJ23(6 LED)\COM_PRJ23.MAX
Wed Jun 09 14:25:54 UserDiv from Layout.INI for AutoECO: 60
Wed Jun 09 14:25:54 Loaded file D:\DANH\ROBOT\ORCAD PROJECTS\COMERCIAL PROJECTS\COM_PRJ23(6 LED)\COM_PRJ23.MAX
Wed Jun 09 14:25:54 Loaded file D:\DANH\ROBOT\ORCAD LIBS\DANHLIB.LLB
Wed Jun 09 14:25:54 Loaded file C:\Program Files\Orcad\Layout_Plus\library\BCON100T.llb
Wed Jun 09 14:25:54 Loaded file C:\Program Files\Orcad\Layout_Plus\library\BCON156T.llb
Wed Jun 09 14:25:54 Loaded file C:\Program Files\Orcad\Layout_Plus\library\BGA.llb
Wed Jun 09 14:25:54 Loaded file C:\Program Files\Orcad\Layout_Plus\library\CLCC.llb
Wed Jun 09 14:25:54 Loaded file C:\Program Files\Orcad\Layout_Plus\library\DCON050T.llb
Wed Jun 09 14:25:54 Loaded file C:\Program Files\Orcad\Layout_Plus\library\DCON085T.llb
Wed Jun 09 14:25:54 Loaded file C:\Program Files\Orcad\Layout_Plus\library\DIMM050F.llb
Wed Jun 09 14:25:54 Loaded file C:\Program Files\Orcad\Layout_Plus\library\DIMM050T.llb
Wed Jun 09 14:25:54 Loaded file C:\Program Files\Orcad\Layout_Plus\library\DIN.llb
Wed Jun 09 14:25:54 Loaded file C:\Program Files\Orcad\Layout_Plus\library\DIP100B.llb
Wed Jun 09 14:25:54 Loaded file C:\Program Files\Orcad\Layout_Plus\library\DIP100T.llb
Wed Jun 09 14:25:54 Loaded file C:\Program Files\Orcad\Layout_Plus\library\DSUBT.llb
Wed Jun 09 14:25:54 Loaded file C:\Program Files\Orcad\Layout_Plus\library\DSUBT_HD.LLB
Wed Jun 09 14:25:54 Loaded file C:\Program Files\Orcad\Layout_Plus\library\ECON100T.llb
Wed Jun 09 14:25:54 Loaded file C:\Program Files\Orcad\Layout_Plus\library\FBUS.llb
Wed Jun 09 14:25:54 Loaded file C:\Program Files\Orcad\Layout_Plus\library\ISA.llb
Wed Jun 09 14:25:54 Loaded file C:\Program Files\Orcad\Layout_Plus\library\JUMPER.LLB
Wed Jun 09 14:25:54 Loaded file C:\Program Files\Orcad\Layout_Plus\library\LAYOUT.llb
Wed Jun 09 14:25:54 Loaded file C:\Program Files\Orcad\Layout_Plus\library\LCON100T.llb
Wed Jun 09 14:25:54 Loaded file C:\Program Files\Orcad\Layout_Plus\library\PC104.llb
Wed Jun 09 14:25:54 Loaded file C:\Program Files\Orcad\Layout_Plus\library\PCI.llb
Wed Jun 09 14:25:54 Loaded file C:\Program Files\Orcad\Layout_Plus\library\PCON100T.llb
Wed Jun 09 14:25:54 Loaded file C:\Program Files\Orcad\Layout_Plus\library\PCON156T.llb
Wed Jun 09 14:25:54 Loaded file C:\Program Files\Orcad\Layout_Plus\library\PGA.llb
Wed Jun 09 14:25:54 Loaded file C:\Program Files\Orcad\Layout_Plus\library\PLCC.llb
Wed Jun 09 14:25:54 Loaded file C:\Program Files\Orcad\Layout_Plus\library\QUAD.llb
Wed Jun 09 14:25:54 Loaded file C:\Program Files\Orcad\Layout_Plus\library\QUADB.llb
Wed Jun 09 14:25:54 Loaded file C:\Program Files\Orcad\Layout_Plus\library\RELAY.llb
Wed Jun 09 14:25:54 Loaded file C:\Program Files\Orcad\Layout_Plus\library\RF.llb
Wed Jun 09 14:25:54 Loaded file C:\Program Files\Orcad\Layout_Plus\library\SBUS.llb
Wed Jun 09 14:25:54 Loaded file C:\Program Files\Orcad\Layout_Plus\library\SIMM050F.llb
Wed Jun 09 14:25:54 Loaded file C:\Program Files\Orcad\Layout_Plus\library\SIMM050T.llb
Wed Jun 09 14:25:54 Loaded file C:\Program Files\Orcad\Layout_Plus\library\SIMM100F.llb
Wed Jun 09 14:25:54 Loaded file C:\Program Files\Orcad\Layout_Plus\library\SIMM100T.llb
Wed Jun 09 14:25:54 Loaded file C:\Program Files\Orcad\Layout_Plus\library\SIP.llb
Wed Jun 09 14:25:54 Loaded file C:\Program Files\Orcad\Layout_Plus\library\SM.llb
Wed Jun 09 14:25:54 Loaded file C:\Program Files\Orcad\Layout_Plus\library\SOG.llb
Wed Jun 09 14:25:54 Loaded file C:\Program Files\Orcad\Layout_Plus\library\SOJ.llb
Wed Jun 09 14:25:54 Loaded file C:\Program Files\Orcad\Layout_Plus\library\STIFF.llb
Wed Jun 09 14:25:54 Loaded file C:\Program Files\Orcad\Layout_Plus\library\TELE.llb
Wed Jun 09 14:25:54 Loaded file C:\Program Files\Orcad\Layout_Plus\library\TM_AXIAL.llb
Wed Jun 09 14:25:54 Loaded file C:\Program Files\Orcad\Layout_Plus\library\TM_CAP_P.llb
Wed Jun 09 14:25:54 Loaded file C:\Program Files\Orcad\Layout_Plus\library\TM_CYLND.llb
Wed Jun 09 14:25:54 Loaded file C:\Program Files\Orcad\Layout_Plus\library\TM_DIODE.llb
Wed Jun 09 14:25:54 Loaded file C:\Program Files\Orcad\Layout_Plus\library\TM_DISC.llb
Wed Jun 09 14:25:54 Loaded file C:\Program Files\Orcad\Layout_Plus\library\TM_RAD.llb
Wed Jun 09 14:25:54 Loaded file C:\Program Files\Orcad\Layout_Plus\library\TO.llb
Wed Jun 09 14:25:54 Loaded file C:\Program Files\Orcad\Layout_Plus\library\TRAINING.LLB
Wed Jun 09 14:25:54 Loaded file C:\Program Files\Orcad\Layout_Plus\library\VRES.llb
Wed Jun 09 14:25:54 Loaded file C:\Program Files\Orcad\Layout_Plus\library\WCON100T.llb
Wed Jun 09 14:25:54 Loaded file C:\Program Files\Orcad\Layout_Plus\library\XT.llb
Wed Jun 09 14:25:54 Loaded file C:\Program Files\Orcad\Layout_Plus\library\ZIGZAG.llb
Wed Jun 09 14:25:54 Saved as file D:\DANH\ROBOT\ORCAD PROJECTS\COMERCIAL PROJECTS\COM_PRJ23(6 LED)\COM_PRJ23.MAX
Wed Jun 09 14:25:54 Loaded file D:\DANH\ROBOT\ORCAD PROJECTS\COMERCIAL PROJECTS\COM_PRJ23(6 LED)\COM_PRJ23.MAX
Wed Jun 09 14:25:55 Saved as file BACKUP1.MAX
Wed Jun 09 14:25:55 Saved as file D:\DANH\ROBOT\ORCAD PROJECTS\COMERCIAL PROJECTS\COM_PRJ23(6 LED)\COM_PRJ23.MAX
Wed Jun 09 14:25:55 UserDiv from Layout.INI for AutoECO: 60
Wed Jun 09 14:25:55 Loaded file D:\DANH\ROBOT\ORCAD PROJECTS\COMERCIAL PROJECTS\COM_PRJ23(6 LED)\COM_PRJ23.MAX
Wed Jun 09 14:25:55 Loaded file D:\DANH\ROBOT\ORCAD LIBS\DANHLIB.LLB
Wed Jun 09 14:25:55 Loaded file C:\Program Files\Orcad\Layout_Plus\library\BCON100T.llb
Wed Jun 09 14:25:55 Loaded file C:\Program Files\Orcad\Layout_Plus\library\BCON156T.llb
Wed Jun 09 14:25:55 Loaded file C:\Program Files\Orcad\Layout_Plus\library\BGA.llb
Wed Jun 09 14:25:55 Loaded file C:\Program Files\Orcad\Layout_Plus\library\CLCC.llb
Wed Jun 09 14:25:55 Loaded file C:\Program Files\Orcad\Layout_Plus\library\DCON050T.llb
Wed Jun 09 14:25:55 Loaded file C:\Program Files\Orcad\Layout_Plus\library\DCON085T.llb
Wed Jun 09 14:25:55 Loaded file C:\Program Files\Orcad\Layout_Plus\library\DIMM050F.llb
Wed Jun 09 14:25:55 Loaded file C:\Program Files\Orcad\Layout_Plus\library\DIMM050T.llb
Wed Jun 09 14:25:55 Loaded file C:\Program Files\Orcad\Layout_Plus\library\DIN.llb
Wed Jun 09 14:25:55 Loaded file C:\Program Files\Orcad\Layout_Plus\library\DIP100B.llb
Wed Jun 09 14:25:55 Loaded file C:\Program Files\Orcad\Layout_Plus\library\DIP100T.llb
Wed Jun 09 14:25:55 Loaded file C:\Program Files\Orcad\Layout_Plus\library\DSUBT.llb
Wed Jun 09 14:25:55 Loaded file C:\Program Files\Orcad\Layout_Plus\library\DSUBT_HD.LLB
Wed Jun 09 14:25:55 Loaded file C:\Program Files\Orcad\Layout_Plus\library\ECON100T.llb
Wed Jun 09 14:25:55 Loaded file C:\Program Files\Orcad\Layout_Plus\library\FBUS.llb
Wed Jun 09 14:25:55 Loaded file C:\Program Files\Orcad\Layout_Plus\library\ISA.llb
Wed Jun 09 14:25:55 Loaded file C:\Program Files\Orcad\Layout_Plus\library\JUMPER.LLB
Wed Jun 09 14:25:56 Loaded file C:\Program Files\Orcad\Layout_Plus\library\LAYOUT.llb
Wed Jun 09 14:25:56 Loaded file C:\Program Files\Orcad\Layout_Plus\library\LCON100T.llb
Wed Jun 09 14:25:56 Loaded file C:\Program Files\Orcad\Layout_Plus\library\PC104.llb
Wed Jun 09 14:25:56 Loaded file C:\Program Files\Orcad\Layout_Plus\library\PCI.llb
Wed Jun 09 14:25:56 Loaded file C:\Program Files\Orcad\Layout_Plus\library\PCON100T.llb
Wed Jun 09 14:25:56 Loaded file C:\Program Files\Orcad\Layout_Plus\library\PCON156T.llb
Wed Jun 09 14:25:56 Loaded file C:\Program Files\Orcad\Layout_Plus\library\PGA.llb
Wed Jun 09 14:25:56 Loaded file C:\Program Files\Orcad\Layout_Plus\library\PLCC.llb
Wed Jun 09 14:25:56 Loaded file C:\Program Files\Orcad\Layout_Plus\library\QUAD.llb
Wed Jun 09 14:25:56 Loaded file C:\Program Files\Orcad\Layout_Plus\library\QUADB.llb
Wed Jun 09 14:25:56 Loaded file C:\Program Files\Orcad\Layout_Plus\library\RELAY.llb
Wed Jun 09 14:25:56 Loaded file C:\Program Files\Orcad\Layout_Plus\library\RF.llb
Wed Jun 09 14:25:56 Loaded file C:\Program Files\Orcad\Layout_Plus\library\SBUS.llb
Wed Jun 09 14:25:56 Loaded file C:\Program Files\Orcad\Layout_Plus\library\SIMM050F.llb
Wed Jun 09 14:25:56 Loaded file C:\Program Files\Orcad\Layout_Plus\library\SIMM050T.llb
Wed Jun 09 14:25:56 Loaded file C:\Program Files\Orcad\Layout_Plus\library\SIMM100F.llb
Wed Jun 09 14:25:56 Loaded file C:\Program Files\Orcad\Layout_Plus\library\SIMM100T.llb
Wed Jun 09 14:25:56 Loaded file C:\Program Files\Orcad\Layout_Plus\library\SIP.llb
Wed Jun 09 14:25:56 Loaded file C:\Program Files\Orcad\Layout_Plus\library\SM.llb
Wed Jun 09 14:25:56 Loaded file C:\Program Files\Orcad\Layout_Plus\library\SOG.llb
Wed Jun 09 14:25:56 Loaded file C:\Program Files\Orcad\Layout_Plus\library\SOJ.llb
Wed Jun 09 14:25:56 Loaded file C:\Program Files\Orcad\Layout_Plus\library\STIFF.llb
Wed Jun 09 14:25:56 Loaded file C:\Program Files\Orcad\Layout_Plus\library\TELE.llb
Wed Jun 09 14:25:56 Loaded file C:\Program Files\Orcad\Layout_Plus\library\TM_AXIAL.llb
Wed Jun 09 14:25:56 Loaded file C:\Program Files\Orcad\Layout_Plus\library\TM_CAP_P.llb
Wed Jun 09 14:25:56 Loaded file C:\Program Files\Orcad\Layout_Plus\library\TM_CYLND.llb
Wed Jun 09 14:25:56 Loaded file C:\Program Files\Orcad\Layout_Plus\library\TM_DIODE.llb
Wed Jun 09 14:25:56 Loaded file C:\Program Files\Orcad\Layout_Plus\library\TM_DISC.llb
Wed Jun 09 14:25:56 Loaded file C:\Program Files\Orcad\Layout_Plus\library\TM_RAD.llb
Wed Jun 09 14:25:56 Loaded file C:\Program Files\Orcad\Layout_Plus\library\TO.llb
Wed Jun 09 14:25:56 Loaded file C:\Program Files\Orcad\Layout_Plus\library\TRAINING.LLB
Wed Jun 09 14:25:56 Loaded file C:\Program Files\Orcad\Layout_Plus\library\VRES.llb
Wed Jun 09 14:25:56 Loaded file C:\Program Files\Orcad\Layout_Plus\library\WCON100T.llb
Wed Jun 09 14:25:56 Loaded file C:\Program Files\Orcad\Layout_Plus\library\XT.llb
Wed Jun 09 14:25:56 Loaded file C:\Program Files\Orcad\Layout_Plus\library\ZIGZAG.llb
Wed Jun 09 14:25:56 Saved as file D:\DANH\ROBOT\ORCAD PROJECTS\COMERCIAL PROJECTS\COM_PRJ23(6 LED)\COM_PRJ23.MAX
Wed Jun 09 14:25:56 Loaded file D:\DANH\ROBOT\ORCAD PROJECTS\COMERCIAL PROJECTS\COM_PRJ23(6 LED)\COM_PRJ23.MAX
Wed Jun 09 14:25:58 Saved as file BACKUP1.MAX
Wed Jun 09 14:25:58 Saved as file D:\DANH\ROBOT\ORCAD PROJECTS\COMERCIAL PROJECTS\COM_PRJ23(6 LED)\COM_PRJ23.MAX
Wed Jun 09 14:25:58 UserDiv from Layout.INI for AutoECO: 60
Wed Jun 09 14:25:58 Loaded file D:\DANH\ROBOT\ORCAD PROJECTS\COMERCIAL PROJECTS\COM_PRJ23(6 LED)\COM_PRJ23.MAX
Wed Jun 09 14:25:58 Loaded file D:\DANH\ROBOT\ORCAD LIBS\DANHLIB.LLB
Wed Jun 09 14:25:58 Loaded file C:\Program Files\Orcad\Layout_Plus\library\BCON100T.llb
Wed Jun 09 14:25:58 Loaded file C:\Program Files\Orcad\Layout_Plus\library\BCON156T.llb
Wed Jun 09 14:25:58 Loaded file C:\Program Files\Orcad\Layout_Plus\library\BGA.llb
Wed Jun 09 14:25:58 Loaded file C:\Program Files\Orcad\Layout_Plus\library\CLCC.llb
Wed Jun 09 14:25:58 Loaded file C:\Program Files\Orcad\Layout_Plus\library\DCON050T.llb
Wed Jun 09 14:25:58 Loaded file C:\Program Files\Orcad\Layout_Plus\library\DCON085T.llb
Wed Jun 09 14:25:58 Loaded file C:\Program Files\Orcad\Layout_Plus\library\DIMM050F.llb
Wed Jun 09 14:25:58 Loaded file C:\Program Files\Orcad\Layout_Plus\library\DIMM050T.llb
Wed Jun 09 14:25:58 Loaded file C:\Program Files\Orcad\Layout_Plus\library\DIN.llb
Wed Jun 09 14:25:58 Loaded file C:\Program Files\Orcad\Layout_Plus\library\DIP100B.llb
Wed Jun 09 14:25:58 Loaded file C:\Program Files\Orcad\Layout_Plus\library\DIP100T.llb
Wed Jun 09 14:25:58 Loaded file C:\Program Files\Orcad\Layout_Plus\library\DSUBT.llb
Wed Jun 09 14:25:58 Loaded file C:\Program Files\Orcad\Layout_Plus\library\DSUBT_HD.LLB
Wed Jun 09 14:25:58 Loaded file C:\Program Files\Orcad\Layout_Plus\library\ECON100T.llb
Wed Jun 09 14:25:58 Loaded file C:\Program Files\Orcad\Layout_Plus\library\FBUS.llb
Wed Jun 09 14:25:58 Loaded file C:\Program Files\Orcad\Layout_Plus\library\ISA.llb
Wed Jun 09 14:25:58 Loaded file C:\Program Files\Orcad\Layout_Plus\library\JUMPER.LLB
Wed Jun 09 14:25:58 Loaded file C:\Program Files\Orcad\Layout_Plus\library\LAYOUT.llb
Wed Jun 09 14:25:58 Loaded file C:\Program Files\Orcad\Layout_Plus\library\LCON100T.llb
Wed Jun 09 14:25:58 Loaded file C:\Program Files\Orcad\Layout_Plus\library\PC104.llb
Wed Jun 09 14:25:58 Loaded file C:\Program Files\Orcad\Layout_Plus\library\PCI.llb
Wed Jun 09 14:25:58 Loaded file C:\Program Files\Orcad\Layout_Plus\library\PCON100T.llb
Wed Jun 09 14:25:58 Loaded file C:\Program Files\Orcad\Layout_Plus\library\PCON156T.llb
Wed Jun 09 14:25:58 Loaded file C:\Program Files\Orcad\Layout_Plus\library\PGA.llb
Wed Jun 09 14:25:58 Loaded file C:\Program Files\Orcad\Layout_Plus\library\PLCC.llb
Wed Jun 09 14:25:58 Loaded file C:\Program Files\Orcad\Layout_Plus\library\QUAD.llb
Wed Jun 09 14:25:58 Loaded file C:\Program Files\Orcad\Layout_Plus\library\QUADB.llb
Wed Jun 09 14:25:58 Loaded file C:\Program Files\Orcad\Layout_Plus\library\RELAY.llb
Wed Jun 09 14:25:58 Loaded file C:\Program Files\Orcad\Layout_Plus\library\RF.llb
Wed Jun 09 14:25:58 Loaded file C:\Program Files\Orcad\Layout_Plus\library\SBUS.llb
Wed Jun 09 14:25:58 Loaded file C:\Program Files\Orcad\Layout_Plus\library\SIMM050F.llb
Wed Jun 09 14:25:58 Loaded file C:\Program Files\Orcad\Layout_Plus\library\SIMM050T.llb
Wed Jun 09 14:25:58 Loaded file C:\Program Files\Orcad\Layout_Plus\library\SIMM100F.llb
Wed Jun 09 14:25:58 Loaded file C:\Program Files\Orcad\Layout_Plus\library\SIMM100T.llb
Wed Jun 09 14:25:58 Loaded file C:\Program Files\Orcad\Layout_Plus\library\SIP.llb
Wed Jun 09 14:25:58 Loaded file C:\Program Files\Orcad\Layout_Plus\library\SM.llb
Wed Jun 09 14:25:58 Loaded file C:\Program Files\Orcad\Layout_Plus\library\SOG.llb
Wed Jun 09 14:25:58 Loaded file C:\Program Files\Orcad\Layout_Plus\library\SOJ.llb
Wed Jun 09 14:25:58 Loaded file C:\Program Files\Orcad\Layout_Plus\library\STIFF.llb
Wed Jun 09 14:25:58 Loaded file C:\Program Files\Orcad\Layout_Plus\library\TELE.llb
Wed Jun 09 14:25:58 Loaded file C:\Program Files\Orcad\Layout_Plus\library\TM_AXIAL.llb
Wed Jun 09 14:25:58 Loaded file C:\Program Files\Orcad\Layout_Plus\library\TM_CAP_P.llb
Wed Jun 09 14:25:58 Loaded file C:\Program Files\Orcad\Layout_Plus\library\TM_CYLND.llb
Wed Jun 09 14:25:58 Loaded file C:\Program Files\Orcad\Layout_Plus\library\TM_DIODE.llb
Wed Jun 09 14:25:58 Loaded file C:\Program Files\Orcad\Layout_Plus\library\TM_DISC.llb
Wed Jun 09 14:25:58 Loaded file C:\Program Files\Orcad\Layout_Plus\library\TM_RAD.llb
Wed Jun 09 14:25:58 Loaded file C:\Program Files\Orcad\Layout_Plus\library\TO.llb
Wed Jun 09 14:25:58 Loaded file C:\Program Files\Orcad\Layout_Plus\library\TRAINING.LLB
Wed Jun 09 14:25:58 Loaded file C:\Program Files\Orcad\Layout_Plus\library\VRES.llb
Wed Jun 09 14:25:58 Loaded file C:\Program Files\Orcad\Layout_Plus\library\WCON100T.llb
Wed Jun 09 14:25:59 Loaded file C:\Program Files\Orcad\Layout_Plus\library\XT.llb
Wed Jun 09 14:25:59 Loaded file C:\Program Files\Orcad\Layout_Plus\library\ZIGZAG.llb
Wed Jun 09 14:25:59 Saved as file D:\DANH\ROBOT\ORCAD PROJECTS\COMERCIAL PROJECTS\COM_PRJ23(6 LED)\COM_PRJ23.MAX
Wed Jun 09 14:25:59 Loaded file D:\DANH\ROBOT\ORCAD PROJECTS\COMERCIAL PROJECTS\COM_PRJ23(6 LED)\COM_PRJ23.MAX
Wed Jun 09 14:26:07 Saved as file D:\DANH\ROBOT\ORCAD PROJECTS\COMERCIAL PROJECTS\COM_PRJ23(6 LED)\COM_PRJ23.MAX
Wed Jun 09 14:26:08 Saved as file D:\DANH\ROBOT\ORCAD PROJECTS\COMERCIAL PROJECTS\COM_PRJ23(6 LED)\COM_PRJ23.MAX
Wed Jun 09 14:27:26 Saved as file D:\DANH\ROBOT\ORCAD PROJECTS\COMERCIAL PROJECTS\COM_PRJ23(6 LED)\COM_PRJ23.MAX
Wed Jun 09 14:27:26 Saved as file D:\DANH\ROBOT\ORCAD PROJECTS\COMERCIAL PROJECTS\COM_PRJ23(6 LED)\COM_PRJ23.MAX
Wed Jun 09 14:27:27 Saved as file D:\DANH\ROBOT\ORCAD PROJECTS\COMERCIAL PROJECTS\COM_PRJ23(6 LED)\COM_PRJ23.MAX
Wed Jun 09 14:27:27 Saved as file D:\DANH\ROBOT\ORCAD PROJECTS\COMERCIAL PROJECTS\COM_PRJ23(6 LED)\COM_PRJ23.MAX
Thu Jun 16 03:06:03 Loaded file D:\DANH\ROBOT\ORCAD PROJECTS\COMERCIAL PROJECTS\COM_PRJ23(6 LED)\COM_PRJ23.MAX
Sat Oct 29 12:26:12 Loaded file D:\DANH\ORCAD PROJECTS\COMERCIAL PROJECTS\COM_PRJ23(6 LED)\COM_PRJ23.MAX
