

Microchip Technology PIC LITE Macro Assembler V1.37 build -260352376 
                                                                                               Mon May 16 22:16:10 2016

Microchip Technology Omniscient Code Generator v1.37 (Free mode) build 201603110536
     1                           	processor	16F1823
     2                           	opt	pw 120
     3                           	opt	lm
     4                           	psect	idataBANK0,global,class=CODE,delta=2
     5                           	psect	stringtext,global,class=STRCODE,delta=2
     6                           	psect	cinit,global,class=CODE,merge=1,delta=2
     7                           	psect	bssBANK0,global,class=BANK0,space=1,delta=1
     8                           	psect	dataBANK0,global,class=BANK0,space=1,delta=1
     9                           	psect	inittext,global,class=CODE,delta=2
    10                           	psect	cstackCOMMON,global,class=COMMON,space=1,delta=1
    11                           	psect	cstackBANK0,global,class=BANK0,space=1,delta=1
    12                           	psect	maintext,global,class=CODE,merge=1,split=1,delta=2
    13                           	psect	text1,local,class=CODE,merge=1,delta=2
    14                           	psect	text2,local,class=CODE,merge=1,delta=2
    15                           	psect	text3,local,class=CODE,merge=1,delta=2
    16                           	psect	text4,local,class=CODE,merge=1,delta=2
    17                           	dabs	1,0x7E,2
    18  0000                     	;# 
    19  0001                     	;# 
    20  0002                     	;# 
    21  0003                     	;# 
    22  0004                     	;# 
    23  0005                     	;# 
    24  0006                     	;# 
    25  0007                     	;# 
    26  0008                     	;# 
    27  0009                     	;# 
    28  000A                     	;# 
    29  000B                     	;# 
    30  000C                     	;# 
    31  000E                     	;# 
    32  0011                     	;# 
    33  0012                     	;# 
    34  0015                     	;# 
    35  0016                     	;# 
    36  0016                     	;# 
    37  0017                     	;# 
    38  0018                     	;# 
    39  0019                     	;# 
    40  001A                     	;# 
    41  001B                     	;# 
    42  001C                     	;# 
    43  001E                     	;# 
    44  001F                     	;# 
    45  008C                     	;# 
    46  008E                     	;# 
    47  0091                     	;# 
    48  0092                     	;# 
    49  0095                     	;# 
    50  0096                     	;# 
    51  0097                     	;# 
    52  0098                     	;# 
    53  0099                     	;# 
    54  009A                     	;# 
    55  009B                     	;# 
    56  009B                     	;# 
    57  009C                     	;# 
    58  009D                     	;# 
    59  009E                     	;# 
    60  010C                     	;# 
    61  010E                     	;# 
    62  0111                     	;# 
    63  0112                     	;# 
    64  0113                     	;# 
    65  0114                     	;# 
    66  0115                     	;# 
    67  0116                     	;# 
    68  0117                     	;# 
    69  0118                     	;# 
    70  0119                     	;# 
    71  011A                     	;# 
    72  011B                     	;# 
    73  011D                     	;# 
    74  011D                     	;# 
    75  018C                     	;# 
    76  018E                     	;# 
    77  0191                     	;# 
    78  0191                     	;# 
    79  0192                     	;# 
    80  0193                     	;# 
    81  0193                     	;# 
    82  0193                     	;# 
    83  0194                     	;# 
    84  0195                     	;# 
    85  0196                     	;# 
    86  0199                     	;# 
    87  019A                     	;# 
    88  019B                     	;# 
    89  019B                     	;# 
    90  019B                     	;# 
    91  019B                     	;# 
    92  019C                     	;# 
    93  019C                     	;# 
    94  019D                     	;# 
    95  019E                     	;# 
    96  019F                     	;# 
    97  020C                     	;# 
    98  020E                     	;# 
    99  0211                     	;# 
   100  0211                     	;# 
   101  0212                     	;# 
   102  0212                     	;# 
   103  0213                     	;# 
   104  0213                     	;# 
   105  0214                     	;# 
   106  0214                     	;# 
   107  0215                     	;# 
   108  0215                     	;# 
   109  0215                     	;# 
   110  0216                     	;# 
   111  0216                     	;# 
   112  0217                     	;# 
   113  0217                     	;# 
   114  0291                     	;# 
   115  0291                     	;# 
   116  0292                     	;# 
   117  0293                     	;# 
   118  0294                     	;# 
   119  0295                     	;# 
   120  0295                     	;# 
   121  0296                     	;# 
   122  0391                     	;# 
   123  0392                     	;# 
   124  0393                     	;# 
   125  039A                     	;# 
   126  039C                     	;# 
   127  039D                     	;# 
   128  039E                     	;# 
   129  039F                     	;# 
   130  0FE4                     	;# 
   131  0FE5                     	;# 
   132  0FE6                     	;# 
   133  0FE7                     	;# 
   134  0FE8                     	;# 
   135  0FE9                     	;# 
   136  0FEA                     	;# 
   137  0FEB                     	;# 
   138  0FED                     	;# 
   139  0FEE                     	;# 
   140  0FEF                     	;# 
   141  0000                     	;# 
   142  0001                     	;# 
   143  0002                     	;# 
   144  0003                     	;# 
   145  0004                     	;# 
   146  0005                     	;# 
   147  0006                     	;# 
   148  0007                     	;# 
   149  0008                     	;# 
   150  0009                     	;# 
   151  000A                     	;# 
   152  000B                     	;# 
   153  000C                     	;# 
   154  000E                     	;# 
   155  0011                     	;# 
   156  0012                     	;# 
   157  0015                     	;# 
   158  0016                     	;# 
   159  0016                     	;# 
   160  0017                     	;# 
   161  0018                     	;# 
   162  0019                     	;# 
   163  001A                     	;# 
   164  001B                     	;# 
   165  001C                     	;# 
   166  001E                     	;# 
   167  001F                     	;# 
   168  008C                     	;# 
   169  008E                     	;# 
   170  0091                     	;# 
   171  0092                     	;# 
   172  0095                     	;# 
   173  0096                     	;# 
   174  0097                     	;# 
   175  0098                     	;# 
   176  0099                     	;# 
   177  009A                     	;# 
   178  009B                     	;# 
   179  009B                     	;# 
   180  009C                     	;# 
   181  009D                     	;# 
   182  009E                     	;# 
   183  010C                     	;# 
   184  010E                     	;# 
   185  0111                     	;# 
   186  0112                     	;# 
   187  0113                     	;# 
   188  0114                     	;# 
   189  0115                     	;# 
   190  0116                     	;# 
   191  0117                     	;# 
   192  0118                     	;# 
   193  0119                     	;# 
   194  011A                     	;# 
   195  011B                     	;# 
   196  011D                     	;# 
   197  011D                     	;# 
   198  018C                     	;# 
   199  018E                     	;# 
   200  0191                     	;# 
   201  0191                     	;# 
   202  0192                     	;# 
   203  0193                     	;# 
   204  0193                     	;# 
   205  0193                     	;# 
   206  0194                     	;# 
   207  0195                     	;# 
   208  0196                     	;# 
   209  0199                     	;# 
   210  019A                     	;# 
   211  019B                     	;# 
   212  019B                     	;# 
   213  019B                     	;# 
   214  019B                     	;# 
   215  019C                     	;# 
   216  019C                     	;# 
   217  019D                     	;# 
   218  019E                     	;# 
   219  019F                     	;# 
   220  020C                     	;# 
   221  020E                     	;# 
   222  0211                     	;# 
   223  0211                     	;# 
   224  0212                     	;# 
   225  0212                     	;# 
   226  0213                     	;# 
   227  0213                     	;# 
   228  0214                     	;# 
   229  0214                     	;# 
   230  0215                     	;# 
   231  0215                     	;# 
   232  0215                     	;# 
   233  0216                     	;# 
   234  0216                     	;# 
   235  0217                     	;# 
   236  0217                     	;# 
   237  0291                     	;# 
   238  0291                     	;# 
   239  0292                     	;# 
   240  0293                     	;# 
   241  0294                     	;# 
   242  0295                     	;# 
   243  0295                     	;# 
   244  0296                     	;# 
   245  0391                     	;# 
   246  0392                     	;# 
   247  0393                     	;# 
   248  039A                     	;# 
   249  039C                     	;# 
   250  039D                     	;# 
   251  039E                     	;# 
   252  039F                     	;# 
   253  0FE4                     	;# 
   254  0FE5                     	;# 
   255  0FE6                     	;# 
   256  0FE7                     	;# 
   257  0FE8                     	;# 
   258  0FE9                     	;# 
   259  0FEA                     	;# 
   260  0FEB                     	;# 
   261  0FED                     	;# 
   262  0FEE                     	;# 
   263  0FEF                     	;# 
   264                           
   265                           	psect	idataBANK0
   266  06C8                     __pidataBANK0:	
   267                           
   268                           ;initializer for ___cgram
   269  06C8  340C               	retlw	12
   270  06C9  3412               	retlw	18
   271  06CA  3412               	retlw	18
   272  06CB  340C               	retlw	12
   273  06CC  3400               	retlw	0
   274  06CD  3400               	retlw	0
   275  06CE  3400               	retlw	0
   276  06CF  3400               	retlw	0
   277  06D0  3400               	retlw	0
   278  06D1  3404               	retlw	4
   279  06D2  340E               	retlw	14
   280  06D3  341F               	retlw	31
   281  06D4  340E               	retlw	14
   282  06D5  3404               	retlw	4
   283  06D6  3400               	retlw	0
   284  06D7  3400               	retlw	0
   285  06D8  3404               	retlw	4
   286  06D9  3404               	retlw	4
   287  06DA  3404               	retlw	4
   288  06DB  3404               	retlw	4
   289  06DC  341F               	retlw	31
   290  06DD  340E               	retlw	14
   291  06DE  3404               	retlw	4
   292  06DF  3400               	retlw	0
   293  06E0  340A               	retlw	10
   294  06E1  3415               	retlw	21
   295  06E2  3411               	retlw	17
   296  06E3  340A               	retlw	10
   297  06E4  3404               	retlw	4
   298  06E5  3400               	retlw	0
   299  06E6  3400               	retlw	0
   300  06E7  3400               	retlw	0
   301  06E8  340A               	retlw	10
   302  06E9  341F               	retlw	31
   303  06EA  341F               	retlw	31
   304  06EB  340E               	retlw	14
   305  06EC  3404               	retlw	4
   306  06ED  3400               	retlw	0
   307  06EE  3400               	retlw	0
   308  06EF  3400               	retlw	0
   309  06F0  3400               	retlw	0
   310  06F1  3400               	retlw	0
   311  06F2  3400               	retlw	0
   312  06F3  3400               	retlw	0
   313  06F4  3400               	retlw	0
   314  06F5  3400               	retlw	0
   315  06F6  3400               	retlw	0
   316  06F7  3400               	retlw	0
   317  06F8  3400               	retlw	0
   318  06F9  3400               	retlw	0
   319  06FA  3400               	retlw	0
   320  06FB  3400               	retlw	0
   321  06FC  3400               	retlw	0
   322  06FD  3400               	retlw	0
   323  06FE  3400               	retlw	0
   324  06FF  3400               	retlw	0
   325  0700  3400               	retlw	0
   326  0701  3400               	retlw	0
   327  0702  3400               	retlw	0
   328  0703  3400               	retlw	0
   329  0704  3400               	retlw	0
   330  0705  3400               	retlw	0
   331  0706  3400               	retlw	0
   332  0707  3400               	retlw	0
   333  000E                     _PORTC	set	14
   334  0064                     _RA4	set	100
   335  0070                     _RC0	set	112
   336  0071                     _RC1	set	113
   337  008C                     _TRISAbits	set	140
   338  008E                     _TRISC	set	142
   339  008E                     _TRISCbits	set	142
   340                           
   341                           	psect	stringtext
   342  0681                     __pstringtext:	
   343  0681                     STR_1:	
   344  0681  3448               	retlw	72	;'H'
   345  0682  3465               	retlw	101	;'e'
   346  0683  346C               	retlw	108	;'l'
   347  0684  346C               	retlw	108	;'l'
   348  0685  346F               	retlw	111	;'o'
   349  0686  3420               	retlw	32	;' '
   350  0687  3457               	retlw	87	;'W'
   351  0688  346F               	retlw	111	;'o'
   352  0689  3472               	retlw	114	;'r'
   353  068A  346C               	retlw	108	;'l'
   354  068B  3464               	retlw	100	;'d'
   355  068C  3420               	retlw	32	;' '
   356  068D  3421               	retlw	33	;'!'
   357  068E  3400               	retlw	0
   358                           
   359                           ; #config settings
   360  0000                     
   361                           	psect	cinit
   362  07EF                     start_initialization:	
   363  07EF                     __initialization:	
   364                           
   365                           ; Clear objects allocated to BANK0
   366  07EF  01E0               	clrf	__pbssBANK0& (0+127)
   367  07F0  01E1               	clrf	(__pbssBANK0+1)& (0+127)
   368  07F1  01E2               	clrf	(__pbssBANK0+2)& (0+127)
   369  07F2  01E3               	clrf	(__pbssBANK0+3)& (0+127)
   370  07F3  01E4               	clrf	(__pbssBANK0+4)& (0+127)
   371                           
   372                           ; Initialize objects allocated to BANK0
   373  07F4  30C8               	movlw	low __pidataBANK0
   374  07F5  0084               	movwf	4
   375  07F6  3086               	movlw	(high __pidataBANK0)| (0+128)
   376  07F7  0085               	movwf	5
   377  07F8  3020               	movlw	low __pdataBANK0
   378  07F9  0086               	movwf	6
   379  07FA  3000               	movlw	high __pdataBANK0
   380  07FB  0087               	movwf	7
   381  07FC  3040               	movlw	64
   382  07FD  2670               	fcall	init_ram
   383  07FE                     end_of_initialization:	
   384                           ;End of C runtime variable initialization code
   385                           
   386  07FE                     __end_of__initialization:	
   387  07FE  0020               	movlb	0
   388  07FF  2E76               	ljmp	_main	;jump to C main() function
   389                           
   390                           	psect	bssBANK0
   391  0060                     __pbssBANK0:	
   392  0060                     LCDWriteInt@F2516:	
   393  0060                     	ds	5
   394                           
   395                           	psect	dataBANK0
   396  0020                     __pdataBANK0:	
   397  0020                     ___cgram:	
   398  0020                     	ds	64
   399                           
   400                           	psect	inittext
   401  0670                     init_ram:	
   402  0670  00FE               	movwf	126
   403  0671                     initloop:	
   404  0671  0012               	moviw fsr0++
   405  0672  001E               	movwi fsr1++
   406  0673  0BFE               	decfsz	126,f
   407  0674  2E71               	goto	initloop
   408  0675  3400               	retlw	0
   409                           
   410                           	psect	cstackCOMMON
   411  0070                     __pcstackCOMMON:	
   412  0070                     ?_LCDBusyLoop:	
   413  0070                     ??_LCDBusyLoop:	
   414                           ; 1 bytes @ 0x0
   415                           
   416  0070                     ?_LCDInit:	
   417                           ; 1 bytes @ 0x0
   418                           
   419  0070                     ?_main:	
   420                           ; 1 bytes @ 0x0
   421                           
   422                           
   423                           ; 1 bytes @ 0x0
   424  0070                     	ds	2
   425  0072                     LCDBusyLoop@busy:	
   426                           
   427                           ; 1 bytes @ 0x2
   428  0072                     	ds	1
   429  0073                     LCDBusyLoop@temp:	
   430                           
   431                           ; 1 bytes @ 0x3
   432  0073                     	ds	1
   433  0074                     LCDBusyLoop@status:	
   434                           
   435                           ; 1 bytes @ 0x4
   436  0074                     	ds	1
   437  0075                     ?_LCDByte:	
   438  0075                     LCDByte@isdata:	
   439                           ; 1 bytes @ 0x5
   440                           
   441                           
   442                           ; 1 bytes @ 0x5
   443  0075                     	ds	1
   444  0076                     ??_LCDByte:	
   445                           
   446                           ; 1 bytes @ 0x6
   447  0076                     	ds	2
   448  0078                     LCDByte@hn:	
   449                           
   450                           ; 1 bytes @ 0x8
   451  0078                     	ds	1
   452  0079                     LCDByte@ln:	
   453                           
   454                           ; 1 bytes @ 0x9
   455  0079                     	ds	1
   456  007A                     LCDByte@c:	
   457                           
   458                           ; 1 bytes @ 0xA
   459  007A                     	ds	1
   460  007B                     LCDByte@temp:	
   461                           
   462                           ; 1 bytes @ 0xB
   463  007B                     	ds	1
   464  007C                     ??_LCDInit:	
   465  007C                     ?_LCDWriteString:	
   466                           ; 1 bytes @ 0xC
   467                           
   468  007C                     LCDWriteString@msg:	
   469                           ; 1 bytes @ 0xC
   470                           
   471                           
   472                           ; 2 bytes @ 0xC
   473  007C                     	ds	2
   474  007E                     ??_main:	
   475                           
   476                           	psect	cstackBANK0
   477  0065                     __pcstackBANK0:	
   478                           ; 1 bytes @ 0xE
   479                           
   480  0065                     ??_LCDWriteString:	
   481  0065                     LCDInit@style:	
   482                           ; 1 bytes @ 0x0
   483                           
   484                           
   485                           ; 1 bytes @ 0x0
   486  0065                     	ds	1
   487  0066                     LCDInit@__i:	
   488  0066                     LCDWriteString@cc:	
   489                           ; 1 bytes @ 0x1
   490                           
   491                           
   492                           ; 1 bytes @ 0x1
   493  0066                     	ds	1
   494                           
   495                           	psect	maintext
   496  0676                     __pmaintext:	
   497 ;;
   498 ;;Main: autosize = 0, tempsize = 0, incstack = 0, save=0
   499 ;;
   500 ;; *************** function _main *****************
   501 ;; Defined at:
   502 ;;		line 17 in file "do_am.c"
   503 ;; Parameters:    Size  Location     Type
   504 ;;		None
   505 ;; Auto vars:     Size  Location     Type
   506 ;;		None
   507 ;; Return value:  Size  Location     Type
   508 ;;                  1    wreg      void 
   509 ;; Registers used:
   510 ;;		wreg, fsr0l, fsr0h, fsr1l, fsr1h, status,2, status,0, pclath, cstack
   511 ;; Tracked objects:
   512 ;;		On entry : B1F/0
   513 ;;		On exit  : 0/0
   514 ;;		Unchanged: 0/0
   515 ;; Data sizes:     COMMON   BANK0   BANK1
   516 ;;      Params:         0       0       0
   517 ;;      Locals:         0       0       0
   518 ;;      Temps:          0       0       0
   519 ;;      Totals:         0       0       0
   520 ;;Total ram usage:        0 bytes
   521 ;; Hardware stack levels required when called:    3
   522 ;; This function calls:
   523 ;;		_LCDByte
   524 ;;		_LCDInit
   525 ;;		_LCDWriteString
   526 ;; This function is called by:
   527 ;;		Startup code after reset
   528 ;; This function uses a non-reentrant model
   529 ;;
   530                           
   531                           
   532                           ;psect for function _main
   533  0676                     _main:	
   534                           
   535                           ;do_am.c: 20: LCDInit(0B00000000);
   536                           
   537                           ;incstack = 0
   538                           ; Regs used in _main: [wreg-fsr1h+status,2+status,0+pclath+cstack]
   539  0676  3000               	movlw	0
   540  0677  2708               	fcall	_LCDInit
   541                           
   542                           ;do_am.c: 23: (LCDByte(0b00000001,0));
   543  0678  01F5               	clrf	LCDByte@isdata
   544  0679  3001               	movlw	1
   545  067A  274E               	fcall	_LCDByte
   546                           
   547                           ;do_am.c: 26: LCDWriteString("Hello World !");
   548  067B  3081               	movlw	low (STR_1| (0+32768))
   549  067C  00FC               	movwf	LCDWriteString@msg
   550  067D  3086               	movlw	high (STR_1| (0+32768))
   551  067E  00FD               	movwf	LCDWriteString@msg+1
   552  067F  268F               	fcall	_LCDWriteString
   553  0680                     l80:	
   554                           ;do_am.c: 28: while(1)
   555                           
   556                           
   557                           ;do_am.c: 29: {
   558  0680  2E80               	goto	l80
   559  0681                     __end_of_main:	
   560                           
   561                           	psect	text1
   562  068F                     __ptext1:	
   563 ;; *************** function _LCDWriteString *****************
   564 ;; Defined at:
   565 ;;		line 251 in file "lcd_hd44780_pic16.c"
   566 ;; Parameters:    Size  Location     Type
   567 ;;  msg             2   12[COMMON] PTR const unsigned char 
   568 ;;		 -> STR_1(14), 
   569 ;; Auto vars:     Size  Location     Type
   570 ;;  cc              1    1[BANK0 ] char 
   571 ;; Return value:  Size  Location     Type
   572 ;;                  1    wreg      void 
   573 ;; Registers used:
   574 ;;		wreg, fsr0l, fsr0h, status,2, status,0, pclath, cstack
   575 ;; Tracked objects:
   576 ;;		On entry : 0/0
   577 ;;		On exit  : 0/0
   578 ;;		Unchanged: 0/0
   579 ;; Data sizes:     COMMON   BANK0   BANK1
   580 ;;      Params:         2       0       0
   581 ;;      Locals:         0       1       0
   582 ;;      Temps:          0       1       0
   583 ;;      Totals:         2       2       0
   584 ;;Total ram usage:        4 bytes
   585 ;; Hardware stack levels used:    1
   586 ;; Hardware stack levels required when called:    2
   587 ;; This function calls:
   588 ;;		_LCDByte
   589 ;; This function is called by:
   590 ;;		_main
   591 ;; This function uses a non-reentrant model
   592 ;;
   593                           
   594                           
   595                           ;psect for function _LCDWriteString
   596  068F                     _LCDWriteString:	
   597  068F                     l901:	
   598                           ;lcd_hd44780_pic16.c: 281: while(*msg!='\0')
   599                           
   600                           ;incstack = 0
   601                           ; Regs used in _LCDWriteString: [wreg-fsr0h+status,2+status,0+pclath+cstack]
   602                           
   603  068F  087C               	movf	LCDWriteString@msg,w
   604  0690  0084               	movwf	4
   605  0691  087D               	movf	LCDWriteString@msg+1,w
   606  0692  0085               	movwf	5
   607  0693  0012               	moviw fsr0++
   608  0694  1903               	btfsc	3,2
   609  0695  0008               	return
   610                           
   611                           ;lcd_hd44780_pic16.c: 282: {
   612                           ;lcd_hd44780_pic16.c: 284: if(*msg=='%')
   613  0696  087C               	movf	LCDWriteString@msg,w
   614  0697  0084               	movwf	4
   615  0698  087D               	movf	LCDWriteString@msg+1,w
   616  0699  0085               	movwf	5
   617  069A  0012               	moviw fsr0++
   618  069B  3A25               	xorlw	37
   619  069C  1D03               	btfss	3,2
   620  069D  2EBB               	goto	l897
   621                           
   622                           ;lcd_hd44780_pic16.c: 285: {
   623                           ;lcd_hd44780_pic16.c: 286: msg++;
   624  069E  3001               	movlw	1
   625  069F  07FC               	addwf	LCDWriteString@msg,f
   626  06A0  3000               	movlw	0
   627  06A1  3DFD               	addwfc	LCDWriteString@msg+1,f
   628                           
   629                           ;lcd_hd44780_pic16.c: 287: int8_t cc=*msg-'0';
   630  06A2  087C               	movf	LCDWriteString@msg,w
   631  06A3  0084               	movwf	4
   632  06A4  087D               	movf	LCDWriteString@msg+1,w
   633  06A5  0085               	movwf	5
   634  06A6  0800               	movf	0,w	;code access
   635  06A7  3ED0               	addlw	-48
   636  06A8  0020               	movlb	0	; select bank0
   637  06A9  00E5               	movwf	??_LCDWriteString
   638  06AA  0865               	movf	??_LCDWriteString,w
   639  06AB  00E6               	movwf	LCDWriteString@cc
   640                           
   641                           ;lcd_hd44780_pic16.c: 289: if(cc>=0 && cc<=7)
   642  06AC  1BE6               	btfsc	LCDWriteString@cc,7
   643  06AD  2EB7               	goto	l893
   644  06AE  0866               	movf	LCDWriteString@cc,w
   645  06AF  3A80               	xorlw	128
   646  06B0  3E78               	addlw	-136
   647  06B1  1803               	skipnc
   648  06B2  2EB7               	goto	l893
   649                           
   650                           ;lcd_hd44780_pic16.c: 290: {
   651                           ;lcd_hd44780_pic16.c: 291: (LCDByte(cc,1));
   652  06B3  01F5               	clrf	LCDByte@isdata
   653  06B4  0AF5               	incf	LCDByte@isdata,f
   654  06B5  0866               	movf	LCDWriteString@cc,w
   655  06B6  2EC2               	goto	L1
   656  06B7                     l893:	
   657                           ;lcd_hd44780_pic16.c: 292: }
   658                           
   659                           
   660                           ;lcd_hd44780_pic16.c: 293: else
   661                           ;lcd_hd44780_pic16.c: 294: {
   662                           ;lcd_hd44780_pic16.c: 295: (LCDByte('%',1));
   663  06B7  01F5               	clrf	LCDByte@isdata
   664  06B8  0AF5               	incf	LCDByte@isdata,f
   665  06B9  3025               	movlw	37
   666  06BA  274E               	fcall	_LCDByte
   667  06BB                     l897:	
   668                           ;lcd_hd44780_pic16.c: 297: }
   669                           ;lcd_hd44780_pic16.c: 298: }
   670                           
   671                           ;lcd_hd44780_pic16.c: 296: (LCDByte(*msg,1));
   672                           
   673                           
   674                           ;lcd_hd44780_pic16.c: 299: else
   675                           ;lcd_hd44780_pic16.c: 300: {
   676                           ;lcd_hd44780_pic16.c: 301: (LCDByte(*msg,1));
   677  06BB  01F5               	clrf	LCDByte@isdata
   678  06BC  0AF5               	incf	LCDByte@isdata,f
   679  06BD  087C               	movf	LCDWriteString@msg,w
   680  06BE  0084               	movwf	4
   681  06BF  087D               	movf	LCDWriteString@msg+1,w
   682  06C0  0085               	movwf	5
   683  06C1  0800               	movf	0,w	;code access
   684  06C2                     L1:	
   685  06C2  274E               	fcall	_LCDByte
   686                           
   687                           ;lcd_hd44780_pic16.c: 302: }
   688                           ;lcd_hd44780_pic16.c: 303: msg++;
   689  06C3  3001               	movlw	1
   690  06C4  07FC               	addwf	LCDWriteString@msg,f
   691  06C5  3000               	movlw	0
   692  06C6  3DFD               	addwfc	LCDWriteString@msg+1,f
   693  06C7  2E8F               	goto	l901
   694  06C8                     __end_of_LCDWriteString:	
   695                           
   696                           	psect	text2
   697  0708                     __ptext2:	
   698 ;; *************** function _LCDInit *****************
   699 ;; Defined at:
   700 ;;		line 193 in file "lcd_hd44780_pic16.c"
   701 ;; Parameters:    Size  Location     Type
   702 ;;  style           1    wreg     unsigned char 
   703 ;; Auto vars:     Size  Location     Type
   704 ;;  style           1    0[BANK0 ] unsigned char 
   705 ;;  __i             1    1[BANK0 ] unsigned char 
   706 ;; Return value:  Size  Location     Type
   707 ;;                  1    wreg      void 
   708 ;; Registers used:
   709 ;;		wreg, fsr1l, fsr1h, status,2, status,0, pclath, cstack
   710 ;; Tracked objects:
   711 ;;		On entry : 0/0
   712 ;;		On exit  : 0/0
   713 ;;		Unchanged: 0/0
   714 ;; Data sizes:     COMMON   BANK0   BANK1
   715 ;;      Params:         0       0       0
   716 ;;      Locals:         0       2       0
   717 ;;      Temps:          2       0       0
   718 ;;      Totals:         2       2       0
   719 ;;Total ram usage:        4 bytes
   720 ;; Hardware stack levels used:    1
   721 ;; Hardware stack levels required when called:    2
   722 ;; This function calls:
   723 ;;		_LCDBusyLoop
   724 ;;		_LCDByte
   725 ;; This function is called by:
   726 ;;		_main
   727 ;; This function uses a non-reentrant model
   728 ;;
   729                           
   730                           
   731                           ;psect for function _LCDInit
   732  0708                     _LCDInit:	
   733                           
   734                           ;incstack = 0
   735                           ; Regs used in _LCDInit: [wreg+fsr1l+fsr1h+status,2+status,0+pclath+cstack]
   736                           ;LCDInit@style stored from wreg
   737  0708  0020               	movlb	0	; select bank0
   738  0709  00E5               	movwf	LCDInit@style
   739                           
   740                           ;lcd_hd44780_pic16.c: 209: _delay((unsigned long)((30)*(20000000/4000.0)));
   741  070A  30C3               	movlw	195
   742  070B  00FD               	movwf	??_LCDInit+1
   743  070C  30CD               	movlw	205
   744  070D  00FC               	movwf	??_LCDInit
   745  070E                     u647:	
   746  070E  0BFC               	decfsz	??_LCDInit,f
   747  070F  2F0E               	goto	u647
   748  0710  0BFD               	decfsz	??_LCDInit+1,f
   749  0711  2F0E               	goto	u647
   750                           
   751                           ;lcd_hd44780_pic16.c: 212: TRISC&=(~(0x0F<<2));
   752  0712  30C3               	movlw	195
   753  0713  00FC               	movwf	??_LCDInit
   754  0714  087C               	movf	??_LCDInit,w
   755  0715  0021               	movlb	1	; select bank1
   756  0716  058E               	andwf	14,f	;volatile
   757                           
   758                           ;lcd_hd44780_pic16.c: 214: TRISCbits.TRISC1=0;
   759  0717  108E               	bcf	14,1	;volatile
   760                           
   761                           ;lcd_hd44780_pic16.c: 215: TRISCbits.TRISC0=0;
   762  0718  100E               	bcf	14,0	;volatile
   763                           
   764                           ;lcd_hd44780_pic16.c: 216: TRISAbits.TRISA4=0;
   765  0719  120C               	bcf	12,4	;volatile
   766                           
   767                           ;lcd_hd44780_pic16.c: 218: PORTC&=(~(0x0F<<2));
   768  071A  30C3               	movlw	195
   769  071B  00FC               	movwf	??_LCDInit
   770  071C  087C               	movf	??_LCDInit,w
   771  071D  0020               	movlb	0	; select bank0
   772  071E  058E               	andwf	14,f	;volatile
   773                           
   774                           ;lcd_hd44780_pic16.c: 220: (RC1=0);
   775  071F  108E               	bcf	14,1	;volatile
   776                           
   777                           ;lcd_hd44780_pic16.c: 221: (RA4=0);
   778  0720  120C               	bcf	12,4	;volatile
   779                           
   780                           ;lcd_hd44780_pic16.c: 222: (RC0=0);
   781  0721  100E               	bcf	14,0	;volatile
   782                           
   783                           ;lcd_hd44780_pic16.c: 225: _delay((unsigned long)((0.5)*(20000000/4000000.0)));
   784  0722  3200               	nop2	;2 cycle nop
   785                           
   786                           ;lcd_hd44780_pic16.c: 227: (RC1=1);
   787  0723  0020               	movlb	0	; select bank0
   788  0724  148E               	bsf	14,1	;volatile
   789                           
   790                           ;lcd_hd44780_pic16.c: 228: PORTC|=((0b00000010)<<2);
   791  0725  158E               	bsf	14,3	;volatile
   792                           
   793                           ;lcd_hd44780_pic16.c: 229: _delay((unsigned long)((1)*(20000000/4000000.0)));
   794  0726  3200               	nop2	;2 cycle nop
   795  0727  3200               	nop2	;2 cycle nop
   796  0728  0000               	nop
   797                           
   798                           ;lcd_hd44780_pic16.c: 230: (RC1=0);
   799  0729  0020               	movlb	0	; select bank0
   800  072A  108E               	bcf	14,1	;volatile
   801                           
   802                           ;lcd_hd44780_pic16.c: 231: _delay((unsigned long)((1)*(20000000/4000000.0)));
   803  072B  3200               	nop2	;2 cycle nop
   804  072C  3200               	nop2	;2 cycle nop
   805  072D  0000               	nop
   806                           
   807                           ;lcd_hd44780_pic16.c: 234: LCDBusyLoop();
   808  072E  2799               	fcall	_LCDBusyLoop
   809                           
   810                           ;lcd_hd44780_pic16.c: 239: (LCDByte(0b00101000,0));
   811  072F  01F5               	clrf	LCDByte@isdata
   812  0730  3028               	movlw	40
   813  0731  274E               	fcall	_LCDByte
   814                           
   815                           ;lcd_hd44780_pic16.c: 240: (LCDByte(0b00001100|style,0));
   816  0732  01F5               	clrf	LCDByte@isdata
   817  0733  0020               	movlb	0	; select bank0
   818  0734  0865               	movf	LCDInit@style,w
   819  0735  380C               	iorlw	12
   820  0736  274E               	fcall	_LCDByte
   821                           
   822                           ;lcd_hd44780_pic16.c: 243: (LCDByte(0b01000000,0));
   823  0737  01F5               	clrf	LCDByte@isdata
   824  0738  3040               	movlw	64
   825  0739  274E               	fcall	_LCDByte
   826                           
   827                           ;lcd_hd44780_pic16.c: 245: uint8_t __i;
   828                           ;lcd_hd44780_pic16.c: 246: for(__i=0;__i<sizeof(__cgram);__i++)
   829  073A  0020               	movlb	0	; select bank0
   830  073B  01E6               	clrf	LCDInit@__i
   831  073C                     L2:	
   832  073C  3040               	movlw	64
   833  073D  0266               	subwf	LCDInit@__i,w
   834  073E  1803               	btfsc	3,0
   835  073F  0008               	return
   836                           
   837                           ;lcd_hd44780_pic16.c: 247: (LCDByte(__cgram[__i],1));
   838  0740  01F5               	clrf	LCDByte@isdata
   839  0741  0AF5               	incf	LCDByte@isdata,f
   840  0742  0866               	movf	LCDInit@__i,w
   841  0743  3E20               	addlw	(low (___cgram| 0))& (0+255)
   842  0744  0086               	movwf	6
   843  0745  0187               	clrf	7
   844  0746  0801               	movf	1,w
   845  0747  274E               	fcall	_LCDByte
   846  0748  3001               	movlw	1
   847  0749  00FC               	movwf	??_LCDInit
   848  074A  087C               	movf	??_LCDInit,w
   849  074B  0020               	movlb	0	; select bank0
   850  074C  07E6               	addwf	LCDInit@__i,f
   851  074D  2F3C               	goto	L2
   852  074E                     __end_of_LCDInit:	
   853                           
   854                           	psect	text3
   855  074E                     __ptext3:	
   856 ;; *************** function _LCDByte *****************
   857 ;; Defined at:
   858 ;;		line 80 in file "lcd_hd44780_pic16.c"
   859 ;; Parameters:    Size  Location     Type
   860 ;;  c               1    wreg     unsigned char 
   861 ;;  isdata          1    5[COMMON] unsigned char 
   862 ;; Auto vars:     Size  Location     Type
   863 ;;  c               1   10[COMMON] unsigned char 
   864 ;;  temp            1   11[COMMON] unsigned char 
   865 ;;  ln              1    9[COMMON] unsigned char 
   866 ;;  hn              1    8[COMMON] unsigned char 
   867 ;; Return value:  Size  Location     Type
   868 ;;                  1    wreg      void 
   869 ;; Registers used:
   870 ;;		wreg, status,2, status,0, pclath, cstack
   871 ;; Tracked objects:
   872 ;;		On entry : 0/0
   873 ;;		On exit  : 0/0
   874 ;;		Unchanged: 0/0
   875 ;; Data sizes:     COMMON   BANK0   BANK1
   876 ;;      Params:         1       0       0
   877 ;;      Locals:         4       0       0
   878 ;;      Temps:          2       0       0
   879 ;;      Totals:         7       0       0
   880 ;;Total ram usage:        7 bytes
   881 ;; Hardware stack levels used:    1
   882 ;; Hardware stack levels required when called:    1
   883 ;; This function calls:
   884 ;;		_LCDBusyLoop
   885 ;; This function is called by:
   886 ;;		_LCDInit
   887 ;;		_LCDWriteString
   888 ;;		_main
   889 ;;		_LCDWriteInt
   890 ;;		_LCDGotoXY
   891 ;; This function uses a non-reentrant model
   892 ;;
   893                           
   894                           
   895                           ;psect for function _LCDByte
   896  074E                     _LCDByte:	
   897                           
   898                           ;incstack = 0
   899                           ; Regs used in _LCDByte: [wreg+status,2+status,0+pclath+cstack]
   900                           ;LCDByte@c stored from wreg
   901  074E  00FA               	movwf	LCDByte@c
   902                           
   903                           ;lcd_hd44780_pic16.c: 89: uint8_t hn,ln;
   904                           ;lcd_hd44780_pic16.c: 90: uint8_t temp;
   905                           ;lcd_hd44780_pic16.c: 92: hn=c>>4;
   906  074F  087A               	movf	LCDByte@c,w
   907  0750  00F6               	movwf	??_LCDByte
   908  0751  3004               	movlw	4
   909  0752                     u275:	
   910  0752  36F6               	lsrf	??_LCDByte,f
   911  0753  0B89               	decfsz	9,f
   912  0754  2F52               	goto	u275
   913  0755  0876               	movf	??_LCDByte,w
   914  0756  00F7               	movwf	??_LCDByte+1
   915  0757  0877               	movf	??_LCDByte+1,w
   916  0758  00F8               	movwf	LCDByte@hn
   917                           
   918                           ;lcd_hd44780_pic16.c: 93: ln=(c & 0x0F);
   919  0759  087A               	movf	LCDByte@c,w
   920  075A  390F               	andlw	15
   921  075B  00F6               	movwf	??_LCDByte
   922  075C  0876               	movf	??_LCDByte,w
   923  075D  00F9               	movwf	LCDByte@ln
   924                           
   925                           ;lcd_hd44780_pic16.c: 95: if(isdata==0)
   926  075E  0875               	movf	LCDByte@isdata,w
   927  075F  1D03               	btfss	3,2
   928  0760  2F64               	goto	l23
   929                           
   930                           ;lcd_hd44780_pic16.c: 96: (RC0=0);
   931  0761  0020               	movlb	0	; select bank0
   932  0762  100E               	bcf	14,0	;volatile
   933  0763  2F66               	goto	l24
   934  0764                     l23:	
   935                           
   936                           ;lcd_hd44780_pic16.c: 97: else
   937                           ;lcd_hd44780_pic16.c: 98: (RC0=1);
   938  0764  0020               	movlb	0	; select bank0
   939  0765  140E               	bsf	14,0	;volatile
   940  0766                     l24:	
   941                           
   942                           ;lcd_hd44780_pic16.c: 100: _delay((unsigned long)((0.5)*(20000000/4000000.0)));
   943  0766  3200               	nop2	;2 cycle nop
   944                           
   945                           ;lcd_hd44780_pic16.c: 102: (RC1=1);
   946  0767  0020               	movlb	0	; select bank0
   947  0768  148E               	bsf	14,1	;volatile
   948                           
   949                           ;lcd_hd44780_pic16.c: 106: temp=(PORTC & (~(0X0F<<2)))|((hn<<2));
   950  0769  0878               	movf	LCDByte@hn,w
   951  076A  00F6               	movwf	??_LCDByte
   952  076B  3002               	movlw	2
   953  076C                     u295:	
   954  076C  35F6               	lslf	??_LCDByte,f
   955  076D  0B89               	decfsz	9,f
   956  076E  2F6C               	goto	u295
   957  076F  080E               	movf	14,w	;volatile
   958  0770  39C3               	andlw	195
   959  0771  0476               	iorwf	??_LCDByte,w
   960  0772  00F7               	movwf	??_LCDByte+1
   961  0773  0877               	movf	??_LCDByte+1,w
   962  0774  00FB               	movwf	LCDByte@temp
   963                           
   964                           ;lcd_hd44780_pic16.c: 107: PORTC=temp;
   965  0775  087B               	movf	LCDByte@temp,w
   966  0776  008E               	movwf	14	;volatile
   967                           
   968                           ;lcd_hd44780_pic16.c: 109: _delay((unsigned long)((1)*(20000000/4000000.0)));
   969  0777  3200               	nop2	;2 cycle nop
   970  0778  3200               	nop2	;2 cycle nop
   971  0779  0000               	nop
   972                           
   973                           ;lcd_hd44780_pic16.c: 113: (RC1=0);
   974  077A  0020               	movlb	0	; select bank0
   975  077B  108E               	bcf	14,1	;volatile
   976                           
   977                           ;lcd_hd44780_pic16.c: 115: _delay((unsigned long)((1)*(20000000/4000000.0)));
   978  077C  3200               	nop2	;2 cycle nop
   979  077D  3200               	nop2	;2 cycle nop
   980  077E  0000               	nop
   981                           
   982                           ;lcd_hd44780_pic16.c: 118: (RC1=1);
   983  077F  0020               	movlb	0	; select bank0
   984  0780  148E               	bsf	14,1	;volatile
   985                           
   986                           ;lcd_hd44780_pic16.c: 120: temp=(PORTC & (~(0X0F<<2)))|((ln<<2));
   987  0781  0879               	movf	LCDByte@ln,w
   988  0782  00F6               	movwf	??_LCDByte
   989  0783  3002               	movlw	2
   990  0784                     u305:	
   991  0784  35F6               	lslf	??_LCDByte,f
   992  0785  0B89               	decfsz	9,f
   993  0786  2F84               	goto	u305
   994  0787  080E               	movf	14,w	;volatile
   995  0788  39C3               	andlw	195
   996  0789  0476               	iorwf	??_LCDByte,w
   997  078A  00F7               	movwf	??_LCDByte+1
   998  078B  0877               	movf	??_LCDByte+1,w
   999  078C  00FB               	movwf	LCDByte@temp
  1000                           
  1001                           ;lcd_hd44780_pic16.c: 122: PORTC=temp;
  1002  078D  087B               	movf	LCDByte@temp,w
  1003  078E  008E               	movwf	14	;volatile
  1004                           
  1005                           ;lcd_hd44780_pic16.c: 124: _delay((unsigned long)((1)*(20000000/4000000.0)));
  1006  078F  3200               	nop2	;2 cycle nop
  1007  0790  3200               	nop2	;2 cycle nop
  1008  0791  0000               	nop
  1009                           
  1010                           ;lcd_hd44780_pic16.c: 128: (RC1=0);
  1011  0792  0020               	movlb	0	; select bank0
  1012  0793  108E               	bcf	14,1	;volatile
  1013                           
  1014                           ;lcd_hd44780_pic16.c: 130: _delay((unsigned long)((1)*(20000000/4000000.0)));
  1015  0794  3200               	nop2	;2 cycle nop
  1016  0795  3200               	nop2	;2 cycle nop
  1017  0796  0000               	nop
  1018                           
  1019                           ;lcd_hd44780_pic16.c: 132: LCDBusyLoop();
  1020  0797  2799               	fcall	_LCDBusyLoop
  1021  0798  0008               	return
  1022  0799                     __end_of_LCDByte:	
  1023                           
  1024                           	psect	text4
  1025  0799                     __ptext4:	
  1026 ;; *************** function _LCDBusyLoop *****************
  1027 ;; Defined at:
  1028 ;;		line 135 in file "lcd_hd44780_pic16.c"
  1029 ;; Parameters:    Size  Location     Type
  1030 ;;		None
  1031 ;; Auto vars:     Size  Location     Type
  1032 ;;  status          1    4[COMMON] unsigned char 
  1033 ;;  temp            1    3[COMMON] unsigned char 
  1034 ;;  busy            1    2[COMMON] unsigned char 
  1035 ;; Return value:  Size  Location     Type
  1036 ;;                  1    wreg      void 
  1037 ;; Registers used:
  1038 ;;		wreg, status,2, status,0
  1039 ;; Tracked objects:
  1040 ;;		On entry : 0/0
  1041 ;;		On exit  : 0/0
  1042 ;;		Unchanged: 0/0
  1043 ;; Data sizes:     COMMON   BANK0   BANK1
  1044 ;;      Params:         0       0       0
  1045 ;;      Locals:         3       0       0
  1046 ;;      Temps:          2       0       0
  1047 ;;      Totals:         5       0       0
  1048 ;;Total ram usage:        5 bytes
  1049 ;; Hardware stack levels used:    1
  1050 ;; This function calls:
  1051 ;;		Nothing
  1052 ;; This function is called by:
  1053 ;;		_LCDByte
  1054 ;;		_LCDInit
  1055 ;; This function uses a non-reentrant model
  1056 ;;
  1057                           
  1058                           
  1059                           ;psect for function _LCDBusyLoop
  1060  0799                     _LCDBusyLoop:	
  1061                           
  1062                           ;lcd_hd44780_pic16.c: 139: uint8_t busy,status=0x00,temp;
  1063                           
  1064                           ;incstack = 0
  1065                           ; Regs used in _LCDBusyLoop: [wreg+status,2+status,0]
  1066  0799  01F4               	clrf	LCDBusyLoop@status
  1067                           
  1068                           ;lcd_hd44780_pic16.c: 142: TRISC|=(0x0f<<2);
  1069  079A  303C               	movlw	60
  1070  079B  00F0               	movwf	??_LCDBusyLoop
  1071  079C  0870               	movf	??_LCDBusyLoop,w
  1072  079D  0021               	movlb	1	; select bank1
  1073  079E  048E               	iorwf	14,f	;volatile
  1074                           
  1075                           ;lcd_hd44780_pic16.c: 145: (RA4=1);
  1076  079F  0020               	movlb	0	; select bank0
  1077  07A0  160C               	bsf	12,4	;volatile
  1078                           
  1079                           ;lcd_hd44780_pic16.c: 146: (RC0=0);
  1080  07A1  100E               	bcf	14,0	;volatile
  1081                           
  1082                           ;lcd_hd44780_pic16.c: 150: _delay((unsigned long)((0.5)*(20000000/4000000.0)));
  1083  07A2  3200               	nop2	;2 cycle nop
  1084  07A3                     l763:	
  1085                           ;lcd_hd44780_pic16.c: 153: do
  1086                           
  1087                           
  1088                           ;lcd_hd44780_pic16.c: 154: {
  1089                           ;lcd_hd44780_pic16.c: 156: (RC1=1);
  1090  07A3  0020               	movlb	0	; select bank0
  1091  07A4  148E               	bsf	14,1	;volatile
  1092                           
  1093                           ;lcd_hd44780_pic16.c: 159: _delay((unsigned long)((0.5)*(20000000/4000000.0)));
  1094  07A5  3200               	nop2	;2 cycle nop
  1095                           
  1096                           ;lcd_hd44780_pic16.c: 161: status=(PORTC>>2);
  1097  07A6  0020               	movlb	0	; select bank0
  1098  07A7  080E               	movf	14,w	;volatile
  1099  07A8  00F0               	movwf	??_LCDBusyLoop
  1100  07A9  3002               	movlw	2
  1101  07AA                     u235:	
  1102  07AA  36F0               	lsrf	??_LCDBusyLoop,f
  1103  07AB  0B89               	decfsz	9,f
  1104  07AC  2FAA               	goto	u235
  1105  07AD  0870               	movf	??_LCDBusyLoop,w
  1106  07AE  00F1               	movwf	??_LCDBusyLoop+1
  1107  07AF  0871               	movf	??_LCDBusyLoop+1,w
  1108  07B0  00F4               	movwf	LCDBusyLoop@status
  1109                           
  1110                           ;lcd_hd44780_pic16.c: 162: status=status<<4;
  1111  07B1  0874               	movf	LCDBusyLoop@status,w
  1112  07B2  00F0               	movwf	??_LCDBusyLoop
  1113  07B3  3003               	movlw	3
  1114  07B4                     u245:	
  1115  07B4  35F0               	lslf	??_LCDBusyLoop,f
  1116  07B5  3EFF               	addlw	-1
  1117  07B6  1D03               	skipz
  1118  07B7  2FB4               	goto	u245
  1119  07B8  3570               	lslf	??_LCDBusyLoop,w
  1120  07B9  00F1               	movwf	??_LCDBusyLoop+1
  1121  07BA  0871               	movf	??_LCDBusyLoop+1,w
  1122  07BB  00F4               	movwf	LCDBusyLoop@status
  1123                           
  1124                           ;lcd_hd44780_pic16.c: 164: _delay((unsigned long)((0.5)*(20000000/4000000.0)));
  1125  07BC  3200               	nop2	;2 cycle nop
  1126                           
  1127                           ;lcd_hd44780_pic16.c: 167: (RC1=0);
  1128  07BD  0020               	movlb	0	; select bank0
  1129  07BE  108E               	bcf	14,1	;volatile
  1130                           
  1131                           ;lcd_hd44780_pic16.c: 168: _delay((unsigned long)((1)*(20000000/4000000.0)));
  1132  07BF  3200               	nop2	;2 cycle nop
  1133  07C0  3200               	nop2	;2 cycle nop
  1134  07C1  0000               	nop
  1135                           
  1136                           ;lcd_hd44780_pic16.c: 170: (RC1=1);
  1137  07C2  0020               	movlb	0	; select bank0
  1138  07C3  148E               	bsf	14,1	;volatile
  1139                           
  1140                           ;lcd_hd44780_pic16.c: 171: _delay((unsigned long)((0.5)*(20000000/4000000.0)));
  1141  07C4  3200               	nop2	;2 cycle nop
  1142                           
  1143                           ;lcd_hd44780_pic16.c: 173: temp=(PORTC>>2);
  1144  07C5  0020               	movlb	0	; select bank0
  1145  07C6  080E               	movf	14,w	;volatile
  1146  07C7  00F0               	movwf	??_LCDBusyLoop
  1147  07C8  3002               	movlw	2
  1148  07C9                     u255:	
  1149  07C9  36F0               	lsrf	??_LCDBusyLoop,f
  1150  07CA  0B89               	decfsz	9,f
  1151  07CB  2FC9               	goto	u255
  1152  07CC  0870               	movf	??_LCDBusyLoop,w
  1153  07CD  00F1               	movwf	??_LCDBusyLoop+1
  1154  07CE  0871               	movf	??_LCDBusyLoop+1,w
  1155  07CF  00F3               	movwf	LCDBusyLoop@temp
  1156                           
  1157                           ;lcd_hd44780_pic16.c: 174: temp&=0x0F;
  1158  07D0  300F               	movlw	15
  1159  07D1  00F0               	movwf	??_LCDBusyLoop
  1160  07D2  0870               	movf	??_LCDBusyLoop,w
  1161  07D3  05F3               	andwf	LCDBusyLoop@temp,f
  1162                           
  1163                           ;lcd_hd44780_pic16.c: 176: status=status|temp;
  1164  07D4  0874               	movf	LCDBusyLoop@status,w
  1165  07D5  0473               	iorwf	LCDBusyLoop@temp,w
  1166  07D6  00F0               	movwf	??_LCDBusyLoop
  1167  07D7  0870               	movf	??_LCDBusyLoop,w
  1168  07D8  00F4               	movwf	LCDBusyLoop@status
  1169                           
  1170                           ;lcd_hd44780_pic16.c: 178: busy=status & 0b10000000;
  1171  07D9  0874               	movf	LCDBusyLoop@status,w
  1172  07DA  3980               	andlw	128
  1173  07DB  00F0               	movwf	??_LCDBusyLoop
  1174  07DC  0870               	movf	??_LCDBusyLoop,w
  1175  07DD  00F2               	movwf	LCDBusyLoop@busy
  1176                           
  1177                           ;lcd_hd44780_pic16.c: 180: _delay((unsigned long)((0.5)*(20000000/4000000.0)));
  1178  07DE  3200               	nop2	;2 cycle nop
  1179                           
  1180                           ;lcd_hd44780_pic16.c: 182: (RC1=0);
  1181  07DF  0020               	movlb	0	; select bank0
  1182  07E0  108E               	bcf	14,1	;volatile
  1183                           
  1184                           ;lcd_hd44780_pic16.c: 183: _delay((unsigned long)((1)*(20000000/4000000.0)));
  1185  07E1  3200               	nop2	;2 cycle nop
  1186  07E2  3200               	nop2	;2 cycle nop
  1187  07E3  0000               	nop
  1188                           
  1189                           ;lcd_hd44780_pic16.c: 184: }while(busy);
  1190  07E4  0872               	movf	LCDBusyLoop@busy,w
  1191  07E5  1D03               	btfss	3,2
  1192  07E6  2FA3               	goto	l763
  1193                           
  1194                           ;lcd_hd44780_pic16.c: 186: (RA4=0);
  1195  07E7  0020               	movlb	0	; select bank0
  1196  07E8  120C               	bcf	12,4	;volatile
  1197                           
  1198                           ;lcd_hd44780_pic16.c: 189: TRISC&=(~(0x0F<<2));
  1199  07E9  30C3               	movlw	195
  1200  07EA  00F0               	movwf	??_LCDBusyLoop
  1201  07EB  0870               	movf	??_LCDBusyLoop,w
  1202  07EC  0021               	movlb	1	; select bank1
  1203  07ED  058E               	andwf	14,f	;volatile
  1204  07EE  0008               	return
  1205  07EF                     __end_of_LCDBusyLoop:	
  1206  007E                     btemp	set	126	;btemp
  1207  007E                     wtemp	set	126
  1208  007E                     wtemp0	set	126
  1209  0080                     wtemp1	set	128
  1210  0082                     wtemp2	set	130
  1211  0084                     wtemp3	set	132
  1212  0086                     wtemp4	set	134
  1213  0088                     wtemp5	set	136
  1214  007F                     wtemp6	set	127
  1215  007E                     ttemp	set	126
  1216  007E                     ttemp0	set	126
  1217  0081                     ttemp1	set	129
  1218  0084                     ttemp2	set	132
  1219  0087                     ttemp3	set	135
  1220  007F                     ttemp4	set	127
  1221  007E                     ltemp	set	126
  1222  007E                     ltemp0	set	126
  1223  0082                     ltemp1	set	130
  1224  0086                     ltemp2	set	134
  1225  0080                     ltemp3	set	128


Data Sizes:
    Strings     14
    Constant    0
    Data        64
    BSS         5
    Persistent  0
    Stack       0

Auto Spaces:
    Space          Size  Autos    Used
    COMMON           14     14      14
    BANK0            80      2      71
    BANK1            32      0       0

Pointer List with Targets:

    LCDWriteString@msg	PTR const unsigned char  size(2) Largest target is 14
		 -> STR_1(CODE[14]), 


Critical Paths under _main in COMMON

    _main->_LCDInit
    _main->_LCDWriteString
    _LCDWriteString->_LCDByte
    _LCDInit->_LCDByte
    _LCDByte->_LCDBusyLoop

Critical Paths under _main in BANK0

    _main->_LCDInit
    _main->_LCDWriteString

Critical Paths under _main in BANK1

    None.

Call Graph Tables:

 ---------------------------------------------------------------------------------
 (Depth) Function   	        Calls       Base Space   Used Autos Params    Refs
 ---------------------------------------------------------------------------------
 (0) _main                                                 0     0      0    3172
                            _LCDByte
                            _LCDInit
                     _LCDWriteString
 ---------------------------------------------------------------------------------
 (1) _LCDWriteString                                       4     2      2    1143
                                             12 COMMON     2     0      2
                                              0 BANK0      2     2      0
                            _LCDByte
 ---------------------------------------------------------------------------------
 (1) _LCDInit                                              4     4      0    1118
                                             12 COMMON     2     2      0
                                              0 BANK0      2     2      0
                        _LCDBusyLoop
                            _LCDByte
 ---------------------------------------------------------------------------------
 (2) _LCDByte                                              7     6      1     911
                                              5 COMMON     7     6      1
                        _LCDBusyLoop
 ---------------------------------------------------------------------------------
 (3) _LCDBusyLoop                                          5     5      0     117
                                              0 COMMON     5     5      0
 ---------------------------------------------------------------------------------
 Estimated maximum stack depth 3
 ---------------------------------------------------------------------------------

 Call Graph Graphs:

 _main (ROOT)
   _LCDByte
     _LCDBusyLoop
   _LCDInit
     _LCDBusyLoop
     _LCDByte
       _LCDBusyLoop
   _LCDWriteString
     _LCDByte
       _LCDBusyLoop

 Address spaces:
Name               Size   Autos  Total    Cost      Usage
BIGRAM              70      0       0       0        0.0%
EEDATA             100      0       0       0        0.0%
NULL                 0      0       0       0        0.0%
CODE                 0      0       0       0        0.0%
BITCOMMON            E      0       0       1        0.0%
BITSFR0              0      0       0       1        0.0%
SFR0                 0      0       0       1        0.0%
COMMON               E      E       E       2      100.0%
BITSFR1              0      0       0       2        0.0%
SFR1                 0      0       0       2        0.0%
BITSFR2              0      0       0       3        0.0%
SFR2                 0      0       0       3        0.0%
STACK                0      0       0       3        0.0%
BITSFR3              0      0       0       4        0.0%
SFR3                 0      0       0       4        0.0%
ABS                  0      0      55       4        0.0%
BITBANK0            50      0       0       5        0.0%
BITSFR4              0      0       0       5        0.0%
SFR4                 0      0       0       5        0.0%
BANK0               50      2      47       6       88.8%
BITSFR5              0      0       0       6        0.0%
SFR5                 0      0       0       6        0.0%
BITBANK1            20      0       0       7        0.0%
BITSFR6              0      0       0       7        0.0%
SFR6                 0      0       0       7        0.0%
BANK1               20      0       0       8        0.0%
BITSFR7              0      0       0       8        0.0%
SFR7                 0      0       0       8        0.0%
BITSFR8              0      0       0       9        0.0%
SFR8                 0      0       0       9        0.0%
DATA                 0      0      55       9        0.0%
BITSFR9              0      0       0      10        0.0%
SFR9                 0      0       0      10        0.0%
BITSFR10             0      0       0      11        0.0%
SFR10                0      0       0      11        0.0%
BITSFR11             0      0       0      12        0.0%
SFR11                0      0       0      12        0.0%
BITSFR12             0      0       0      13        0.0%
SFR12                0      0       0      13        0.0%
BITSFR13             0      0       0      14        0.0%
SFR13                0      0       0      14        0.0%
BITSFR14             0      0       0      15        0.0%
SFR14                0      0       0      15        0.0%
BITSFR15             0      0       0      16        0.0%
SFR15                0      0       0      16        0.0%
BITSFR16             0      0       0      17        0.0%
SFR16                0      0       0      17        0.0%
BITSFR17             0      0       0      18        0.0%
SFR17                0      0       0      18        0.0%
BITSFR18             0      0       0      19        0.0%
SFR18                0      0       0      19        0.0%
BITSFR19             0      0       0      20        0.0%
SFR19                0      0       0      20        0.0%
BITSFR20             0      0       0      21        0.0%
SFR20                0      0       0      21        0.0%
BITSFR21             0      0       0      22        0.0%
SFR21                0      0       0      22        0.0%
BITSFR22             0      0       0      23        0.0%
SFR22                0      0       0      23        0.0%
BITSFR23             0      0       0      24        0.0%
SFR23                0      0       0      24        0.0%
BITSFR24             0      0       0      25        0.0%
SFR24                0      0       0      25        0.0%
BITSFR25             0      0       0      26        0.0%
SFR25                0      0       0      26        0.0%
BITSFR26             0      0       0      27        0.0%
SFR26                0      0       0      27        0.0%
BITSFR27             0      0       0      28        0.0%
SFR27                0      0       0      28        0.0%
BITSFR28             0      0       0      29        0.0%
SFR28                0      0       0      29        0.0%
BITSFR29             0      0       0      30        0.0%
SFR29                0      0       0      30        0.0%
BITSFR30             0      0       0      31        0.0%
SFR30                0      0       0      31        0.0%
BITSFR31             0      0       0      32        0.0%
SFR31                0      0       0      32        0.0%


Microchip Technology PIC Macro Assembler V1.37 build -260352376 
Symbol Table                                                                                   Mon May 16 22:16:10 2016

           ?_LCDBusyLoop 0070              __CFG_CP$OFF 0000                       l23 0764  
                     l24 0766                       l80 0680              __CFG_LVP$ON 0000  
                    l901 068F                      l763 07A3                      l893 06B7  
                    l897 06BB                      _RC0 0070                      _RA4 0064  
                    _RC1 0071                      u305 0784                      u235 07AA  
                    u245 07B4                      u255 07C9             __CFG_CPD$OFF 0000  
                    u275 0752                      u295 076C                      u647 070E  
                    wreg 0009             __CFG_FOSC$HS 0000          __end_of_LCDByte 0799  
        __end_of_LCDInit 074E              LCDByte@temp 007B                     STR_1 0681  
           __CFG_WRT$OFF 0000                     _main 0676                     fsr0h 0005  
                   fsr1h 0007                     fsr0l 0004                     indf0 0000  
                   indf1 0001                     fsr1l 0006                     btemp 007E  
          __CFG_BOREN$ON 0000                     ltemp 007E                     start 0001  
                   ttemp 007E                     wtemp 007E                    ?_main 0070  
          __CFG_WDTE$OFF 0000             LCDInit@style 0065                    _PORTC 000E  
                  _TRISC 008E                    ltemp0 007E                    ltemp1 0082  
                  ltemp2 0086                    ltemp3 0080                    ttemp0 007E  
                  ttemp1 0081                    ttemp2 0084                    ttemp3 0087  
                  ttemp4 007F                    status 0003                    wtemp0 007E  
                  wtemp1 0080                    wtemp2 0082                    wtemp3 0084  
                  wtemp4 0086                    wtemp5 0088                    wtemp6 007F  
        __initialization 07EF             __end_of_main 0681                   ??_main 007E  
          LCDByte@isdata 0075                ??_LCDByte 0076                ??_LCDInit 007C  
         __CFG_PWRTE$OFF 0000           _LCDWriteString 068F     __size_of_LCDBusyLoop 0056  
__end_of__initialization 07FE   __end_of_LCDWriteString 06C8                LCDByte@hn 0078  
              LCDByte@ln 0079           __pcstackCOMMON 0070             __pidataBANK0 06C8  
             __pbssBANK0 0060          ?_LCDWriteString 007C               __pmaintext 0676  
                _LCDByte 074E                  _LCDInit 0708                  ___cgram 0020  
                __ptext1 068F                  __ptext2 0708                  __ptext3 074E  
                __ptext4 0799     end_of_initialization 07FE                  init_ram 0670  
                initloop 0671             __pstringtext 0681        LCDWriteString@msg 007C  
              _TRISAbits 008C                _TRISCbits 008E               LCDInit@__i 0066  
          ??_LCDBusyLoop 0070      start_initialization 07EF         ??_LCDWriteString 0065  
            __pdataBANK0 0020      __end_of_LCDBusyLoop 07EF                 ?_LCDByte 0075  
               ?_LCDInit 0070                 LCDByte@c 007A                ___latbits 0000  
          __pcstackBANK0 0065         LCDWriteInt@F2516 0060          LCDBusyLoop@busy 0072  
        LCDBusyLoop@temp 0073              _LCDBusyLoop 0799         LCDWriteString@cc 0066  
       __size_of_LCDByte 004B         __size_of_LCDInit 0046        LCDBusyLoop@status 0074  
          __size_of_main 000B  __size_of_LCDWriteString 0039  
