Fri May 03 21:21:01 Loaded file D:\DANH\DANH'S LIBS\LAYOUT\LAYOUT.LLB
Fri May 03 21:21:04 Loaded file C:\Program Files\OrCAD\Layout_Plus\data\template.imp
Fri May 03 21:21:08 Loaded file C:\Program Files\OrCAD\Layout_Plus\data\template.imp
Fri May 03 21:21:18 Loaded file D:\DANH\DANH'S LIBS\DANHLIB.LLB
Fri May 03 21:21:18 Saved as file D:\DANH\DANH'S LIBS\DANHLIB.LLB
Fri May 03 21:22:16 Loaded file C:\Program Files\OrCAD\Layout_Plus\data\template.imp
Fri May 03 21:22:16 Loaded file C:\Program Files\OrCAD\Layout_Plus\data\template.imp
Fri May 03 21:22:17 Loaded file D:\DANH\DANH'S LIBS\LAYOUT\LAYOUT.LLB
Fri May 03 21:22:18 Loaded file D:\DANH\DANH'S LIBS\DANHLIB.LLB
Fri May 03 21:22:20 Loaded file C:\Program Files\OrCAD\Layout_Plus\data\template.imp
Fri May 03 21:23:20 Saved as file BACKUP1.MAX
Fri May 03 21:23:46 Loaded file C:\Program Files\OrCAD\Layout_Plus\data\template.imp
Fri May 03 21:23:46 Loaded file C:\Program Files\OrCAD\Layout_Plus\data\template.imp
Fri May 03 21:23:48 Loaded file D:\DANH\DANH'S LIBS\DANHLIB.LLB
Fri May 03 21:23:50 Loaded file C:\Program Files\OrCAD\Layout_Plus\data\template.imp
Fri May 03 21:34:20 Saved as file BACKUP1.MAX
Fri May 03 21:43:02 Saved as file D:\DANH\ORCAD PROJECTS\COMERCIAL PROJECTS\WIRELESS_RECEIVER_WITH_ACK\WIRELESS_RECEIVER_WITH_ACK_CLIENT_SERVER_V4.MAX
Fri May 03 21:44:50 Saved as file BACKUP1.MAX
Fri May 03 21:46:56 Saved as file D:\DANH\ORCAD PROJECTS\COMERCIAL PROJECTS\WIRELESS_RECEIVER_WITH_ACK\WIRELESS_RECEIVER_WITH_ACK_CLIENT_SERVER_V4.MAX
Fri May 03 21:47:50 Saved as file D:\DANH\ORCAD PROJECTS\COMERCIAL PROJECTS\WIRELESS_RECEIVER_WITH_ACK\WIRELESS_RECEIVER_WITH_ACK_CLIENT_SERVER_V4.MAX
Fri May 03 21:53:32 Saved as file D:\DANH\ORCAD PROJECTS\COMERCIAL PROJECTS\WIRELESS_RECEIVER_WITH_ACK\WIRELESS_RECEIVER_WITH_ACK_CLIENT_SERVER_V4.MAX
Fri May 03 21:54:56 Saved as file D:\DANH\ORCAD PROJECTS\COMERCIAL PROJECTS\WIRELESS_RECEIVER_WITH_ACK\WIRELESS_RECEIVER_WITH_ACK_CLIENT_SERVER_V4.MAX
Fri May 03 21:55:20 Saved as file BACKUP1.MAX
Fri May 03 21:59:46 Saved as file D:\DANH\ORCAD PROJECTS\COMERCIAL PROJECTS\WIRELESS_RECEIVER_WITH_ACK\WIRELESS_RECEIVER_WITH_ACK_CLIENT_SERVER_V4.MAX
Fri May 03 22:00:42 Saved as file D:\DANH\ORCAD PROJECTS\COMERCIAL PROJECTS\WIRELESS_RECEIVER_WITH_ACK\WIRELESS_RECEIVER_WITH_ACK_CLIENT_SERVER_V4.MAX
Fri May 03 22:03:40 Saved as file D:\DANH\ORCAD PROJECTS\COMERCIAL PROJECTS\WIRELESS_RECEIVER_WITH_ACK\WIRELESS_RECEIVER_WITH_ACK_CLIENT_SERVER_V4.MAX
Fri May 03 22:05:50 Saved as file BACKUP1.MAX
Fri May 03 22:12:36 Saved as file D:\DANH\ORCAD PROJECTS\COMERCIAL PROJECTS\WIRELESS_RECEIVER_WITH_ACK\WIRELESS_RECEIVER_WITH_ACK_CLIENT_SERVER_V4.MAX
Fri May 03 22:13:48 Saved as file D:\DANH\ORCAD PROJECTS\COMERCIAL PROJECTS\WIRELESS_RECEIVER_WITH_ACK\WIRELESS_RECEIVER_WITH_ACK_CLIENT_SERVER_V4.MAX
Fri May 03 22:14:07 Saved as file D:\DANH\ORCAD PROJECTS\COMERCIAL PROJECTS\WIRELESS_RECEIVER_WITH_ACK\WIRELESS_RECEIVER_WITH_ACK_CLIENT_SERVER_V4.MAX
Fri May 03 22:14:54 Saved as file D:\DANH\ORCAD PROJECTS\COMERCIAL PROJECTS\WIRELESS_RECEIVER_WITH_ACK\WIRELESS_RECEIVER_WITH_ACK_CLIENT_SERVER_V4.MAX
Fri May 03 22:14:54 Saved as file D:\DANH\ORCAD PROJECTS\COMERCIAL PROJECTS\WIRELESS_RECEIVER_WITH_ACK\WIRELESS_RECEIVER_WITH_ACK_CLIENT_SERVER_V4.MAX
Fri May 03 22:15:17 Saved as file D:\DANH\ORCAD PROJECTS\COMERCIAL PROJECTS\WIRELESS_RECEIVER_WITH_ACK\WIRELESS_RECEIVER_WITH_ACK_CLIENT_SERVER_V4.MAX
Fri May 03 22:16:20 Saved as file BACKUP1.MAX
Fri May 03 22:17:03 Saved as file D:\DANH\ORCAD PROJECTS\COMERCIAL PROJECTS\WIRELESS_RECEIVER_WITH_ACK\WIRELESS_RECEIVER_WITH_ACK_CLIENT_SERVER_V4.MAX
Fri May 03 22:18:00 Saved as file D:\DANH\ORCAD PROJECTS\COMERCIAL PROJECTS\WIRELESS_RECEIVER_WITH_ACK\WIRELESS_RECEIVER_WITH_ACK_CLIENT_SERVER_V4.MAX
Fri May 03 22:21:44 Saved as file D:\DANH\ORCAD PROJECTS\COMERCIAL PROJECTS\WIRELESS_RECEIVER_WITH_ACK\WIRELESS_RECEIVER_WITH_ACK_CLIENT_SERVER_V4.MAX
Fri May 03 22:21:44 Saved as file D:\DANH\ORCAD PROJECTS\COMERCIAL PROJECTS\WIRELESS_RECEIVER_WITH_ACK\WIRELESS_RECEIVER_WITH_ACK_CLIENT_SERVER_V4.MAX
Fri May 03 22:21:44 Saved as file D:\DANH\ORCAD PROJECTS\COMERCIAL PROJECTS\WIRELESS_RECEIVER_WITH_ACK\WIRELESS_RECEIVER_WITH_ACK_CLIENT_SERVER_V4.MAX
Fri May 03 22:21:45 Saved as file D:\DANH\ORCAD PROJECTS\COMERCIAL PROJECTS\WIRELESS_RECEIVER_WITH_ACK\WIRELESS_RECEIVER_WITH_ACK_CLIENT_SERVER_V4.MAX
Fri May 03 22:21:45 Saved as file D:\DANH\ORCAD PROJECTS\COMERCIAL PROJECTS\WIRELESS_RECEIVER_WITH_ACK\WIRELESS_RECEIVER_WITH_ACK_CLIENT_SERVER_V4.MAX
Fri May 03 22:23:15 Saved as file D:\DANH\ORCAD PROJECTS\COMERCIAL PROJECTS\WIRELESS_RECEIVER_WITH_ACK\WIRELESS_RECEIVER_WITH_ACK_CLIENT_SERVER_V4.MAX
Sat Jun 11 16:37:11 Loaded file C:\Program Files\Orcad\Layout_Plus\data\template.imp
Sat Jun 11 16:37:13 Loaded file D:\WORKING\WORKING\DANHLL\DANH'S LIBS\LAYOUT\LAYOUT.LLB
Thu May 04 01:40:56 Loaded file C:\Program Files\Orcad\Layout\data\template.imp
Thu May 04 01:40:56 Error code 5226.020 (1)
Thu May 04 01:40:56 Saved as file Backup0.max
Thu May 04 01:40:56 Windows which were open at time of error:
Thu May 04 01:40:56 	ActiveWindow: &Design
Thu May 04 01:40:56 	Icon: &Components
Thu May 04 01:40:56 	Icon: &Nets
Thu May 04 01:40:56 	Icon: Post Proces&s
Thu May 04 01:40:56 End-of-list
Thu May 04 01:40:56 Loaded file BACKUP0.MAX
Thu May 04 01:44:32 Loaded file D:\GITHUB\WORKING\DANHLL\DANH'S LIBS\LAYOUT\LAYOUT.LLB
Thu May 04 01:45:05 Loaded file C:\Program Files\Orcad\Layout\data\template.imp
Thu May 04 01:45:06 Loaded file C:\Program Files\Orcad\Layout\data\template.imp
Thu May 04 01:45:07 Loaded file C:\Program Files\Orcad\Layout\data\template.imp
Thu May 04 01:45:09 Loaded file C:\Program Files\Orcad\Layout\data\template.imp
Thu May 04 01:45:10 Loaded file C:\Program Files\Orcad\Layout\data\template.imp
Thu May 04 01:45:10 Loaded file C:\Program Files\Orcad\Layout\data\template.imp
Thu May 04 01:45:11 Loaded file C:\Program Files\Orcad\Layout\data\template.imp
