Wed Jun 09 10:34:07 Saved as file D:\DANH\ROBOT\ORCAD PROJECTS\COMERCIAL PROJECTS\COM_PRJ24(7 LED)\COM_PRJ24.MAX
Wed Jun 09 10:34:07 Saved as file BACKUP1.MAX
Wed Jun 09 10:34:07 Saved as file D:\DANH\ROBOT\ORCAD PROJECTS\COMERCIAL PROJECTS\COM_PRJ24(7 LED)\COM_PRJ24.MAX
Wed Jun 09 10:34:07 UserDiv from Layout.INI for AutoECO: 60
Wed Jun 09 10:34:07 Loaded file D:\DANH\ROBOT\ORCAD PROJECTS\COMERCIAL PROJECTS\COM_PRJ24(7 LED)\COM_PRJ24.MAX
Wed Jun 09 10:34:07 Loaded file D:\DANH\ROBOT\ORCAD LIBS\DANHLIB.LLB
Wed Jun 09 10:34:07 Loaded file C:\Program Files\Orcad\Layout_Plus\library\BCON100T.llb
Wed Jun 09 10:34:07 Loaded file C:\Program Files\Orcad\Layout_Plus\library\BCON156T.llb
Wed Jun 09 10:34:07 Loaded file C:\Program Files\Orcad\Layout_Plus\library\BGA.llb
Wed Jun 09 10:34:07 Loaded file C:\Program Files\Orcad\Layout_Plus\library\CLCC.llb
Wed Jun 09 10:34:07 Loaded file C:\Program Files\Orcad\Layout_Plus\library\DCON050T.llb
Wed Jun 09 10:34:07 Loaded file C:\Program Files\Orcad\Layout_Plus\library\DCON085T.llb
Wed Jun 09 10:34:07 Loaded file C:\Program Files\Orcad\Layout_Plus\library\DIMM050F.llb
Wed Jun 09 10:34:07 Loaded file C:\Program Files\Orcad\Layout_Plus\library\DIMM050T.llb
Wed Jun 09 10:34:07 Loaded file C:\Program Files\Orcad\Layout_Plus\library\DIN.llb
Wed Jun 09 10:34:07 Loaded file C:\Program Files\Orcad\Layout_Plus\library\DIP100B.llb
Wed Jun 09 10:34:07 Loaded file C:\Program Files\Orcad\Layout_Plus\library\DIP100T.llb
Wed Jun 09 10:34:07 Loaded file C:\Program Files\Orcad\Layout_Plus\library\DSUBT.llb
Wed Jun 09 10:34:07 Loaded file C:\Program Files\Orcad\Layout_Plus\library\DSUBT_HD.LLB
Wed Jun 09 10:34:07 Loaded file C:\Program Files\Orcad\Layout_Plus\library\ECON100T.llb
Wed Jun 09 10:34:07 Loaded file C:\Program Files\Orcad\Layout_Plus\library\FBUS.llb
Wed Jun 09 10:34:07 Loaded file C:\Program Files\Orcad\Layout_Plus\library\ISA.llb
Wed Jun 09 10:34:07 Loaded file C:\Program Files\Orcad\Layout_Plus\library\JUMPER.LLB
Wed Jun 09 10:34:07 Loaded file C:\Program Files\Orcad\Layout_Plus\library\LAYOUT.llb
Wed Jun 09 10:34:07 Loaded file C:\Program Files\Orcad\Layout_Plus\library\LCON100T.llb
Wed Jun 09 10:34:07 Loaded file C:\Program Files\Orcad\Layout_Plus\library\PC104.llb
Wed Jun 09 10:34:07 Loaded file C:\Program Files\Orcad\Layout_Plus\library\PCI.llb
Wed Jun 09 10:34:07 Loaded file C:\Program Files\Orcad\Layout_Plus\library\PCON100T.llb
Wed Jun 09 10:34:07 Loaded file C:\Program Files\Orcad\Layout_Plus\library\PCON156T.llb
Wed Jun 09 10:34:07 Loaded file C:\Program Files\Orcad\Layout_Plus\library\PGA.llb
Wed Jun 09 10:34:07 Loaded file C:\Program Files\Orcad\Layout_Plus\library\PLCC.llb
Wed Jun 09 10:34:07 Loaded file C:\Program Files\Orcad\Layout_Plus\library\QUAD.llb
Wed Jun 09 10:34:07 Loaded file C:\Program Files\Orcad\Layout_Plus\library\QUADB.llb
Wed Jun 09 10:34:08 Loaded file C:\Program Files\Orcad\Layout_Plus\library\RELAY.llb
Wed Jun 09 10:34:08 Loaded file C:\Program Files\Orcad\Layout_Plus\library\RF.llb
Wed Jun 09 10:34:08 Loaded file C:\Program Files\Orcad\Layout_Plus\library\SBUS.llb
Wed Jun 09 10:34:08 Loaded file C:\Program Files\Orcad\Layout_Plus\library\SIMM050F.llb
Wed Jun 09 10:34:08 Loaded file C:\Program Files\Orcad\Layout_Plus\library\SIMM050T.llb
Wed Jun 09 10:34:08 Loaded file C:\Program Files\Orcad\Layout_Plus\library\SIMM100F.llb
Wed Jun 09 10:34:08 Loaded file C:\Program Files\Orcad\Layout_Plus\library\SIMM100T.llb
Wed Jun 09 10:34:08 Loaded file C:\Program Files\Orcad\Layout_Plus\library\SIP.llb
Wed Jun 09 10:34:08 Loaded file C:\Program Files\Orcad\Layout_Plus\library\SM.llb
Wed Jun 09 10:34:08 Loaded file C:\Program Files\Orcad\Layout_Plus\library\SOG.llb
Wed Jun 09 10:34:08 Loaded file C:\Program Files\Orcad\Layout_Plus\library\SOJ.llb
Wed Jun 09 10:34:08 Loaded file C:\Program Files\Orcad\Layout_Plus\library\STIFF.llb
Wed Jun 09 10:34:08 Loaded file C:\Program Files\Orcad\Layout_Plus\library\TELE.llb
Wed Jun 09 10:34:08 Loaded file C:\Program Files\Orcad\Layout_Plus\library\TM_AXIAL.llb
Wed Jun 09 10:34:08 Loaded file C:\Program Files\Orcad\Layout_Plus\library\TM_CAP_P.llb
Wed Jun 09 10:34:08 Loaded file C:\Program Files\Orcad\Layout_Plus\library\TM_CYLND.llb
Wed Jun 09 10:34:08 Loaded file C:\Program Files\Orcad\Layout_Plus\library\TM_DIODE.llb
Wed Jun 09 10:34:08 Loaded file C:\Program Files\Orcad\Layout_Plus\library\TM_DISC.llb
Wed Jun 09 10:34:08 Loaded file C:\Program Files\Orcad\Layout_Plus\library\TM_RAD.llb
Wed Jun 09 10:34:08 Loaded file C:\Program Files\Orcad\Layout_Plus\library\TO.llb
Wed Jun 09 10:34:08 Loaded file C:\Program Files\Orcad\Layout_Plus\library\TRAINING.LLB
Wed Jun 09 10:34:08 Loaded file C:\Program Files\Orcad\Layout_Plus\library\VRES.llb
Wed Jun 09 10:34:08 Loaded file C:\Program Files\Orcad\Layout_Plus\library\WCON100T.llb
Wed Jun 09 10:34:08 Loaded file C:\Program Files\Orcad\Layout_Plus\library\XT.llb
Wed Jun 09 10:34:08 Loaded file C:\Program Files\Orcad\Layout_Plus\library\ZIGZAG.llb
Wed Jun 09 10:34:08 Loaded file D:\DANH\ROBOT\ORCAD LIBS\DANHLIB.LLB
Wed Jun 09 10:34:08 Loaded file D:\DANH\ROBOT\ORCAD LIBS\DANHLIB.LLB
Wed Jun 09 10:34:08 Loaded file D:\DANH\ROBOT\ORCAD LIBS\DANHLIB.LLB
Wed Jun 09 10:34:08 Saved as file D:\DANH\ROBOT\ORCAD PROJECTS\COMERCIAL PROJECTS\COM_PRJ24(7 LED)\COM_PRJ24.MAX
Wed Jun 09 10:34:08 Loaded file D:\DANH\ROBOT\ORCAD PROJECTS\COMERCIAL PROJECTS\COM_PRJ24(7 LED)\COM_PRJ24.MAX
Wed Jun 09 10:36:10 Saved as file D:\DANH\ROBOT\ORCAD PROJECTS\COMERCIAL PROJECTS\COM_PRJ24(7 LED)\COM_PRJ24.MAX
Wed Jun 09 10:37:16 Saved as file D:\DANH\ROBOT\ORCAD PROJECTS\COMERCIAL PROJECTS\COM_PRJ24(7 LED)\COM_PRJ24.MAX
Wed Jun 09 10:44:06 Saved as file D:\DANH\ROBOT\ORCAD PROJECTS\COMERCIAL PROJECTS\COM_PRJ24(7 LED)\COM_PRJ24.MAX
Wed Jun 09 10:44:12 Saved as file BACKUP1.MAX
Wed Jun 09 10:45:43 Saved as file D:\DANH\ROBOT\ORCAD PROJECTS\COMERCIAL PROJECTS\COM_PRJ24(7 LED)\COM_PRJ24.MAX
Wed Jun 09 10:45:53 No new connections routed.
Wed Jun 09 10:45:53 Total is now 0 out of 49 (0%).
Wed Jun 09 10:45:53 Saved as file SWEEP1.MAX
Wed Jun 09 10:45:54 Saved as file BACKUP1.MAX
Wed Jun 09 10:45:54 Saved as file BACKUP1.MAX
Wed Jun 09 10:45:54 Saved as file BACKUP1.MAX
Wed Jun 09 10:45:54 Routed 51 connections in 0 seconds.
Wed Jun 09 10:45:54 Total is now 49 out of 49 (100%).
Wed Jun 09 10:45:54 Saved as file SWEEP2.MAX
Wed Jun 09 10:45:54 No new connections routed.
Wed Jun 09 10:45:54 Total is now 49 out of 49 (100%).
Wed Jun 09 10:45:54 Saved as file SWEEP3.MAX
Wed Jun 09 10:45:54 No new connections routed.
Wed Jun 09 10:45:54 Total is now 49 out of 49 (100%).
Wed Jun 09 10:45:54 Saved as file SWEEP4.MAX
Wed Jun 09 10:45:54 No new connections routed.
Wed Jun 09 10:45:54 Total is now 49 out of 49 (100%).
Wed Jun 09 10:45:54 Saved as file SWEEP5.MAX
Wed Jun 09 10:46:23 Saved as file D:\DANH\ROBOT\ORCAD PROJECTS\COMERCIAL PROJECTS\COM_PRJ24(7 LED)\COM_PRJ24.MAX
Wed Jun 09 10:46:27 No new connections routed.
Wed Jun 09 10:46:27 Total is now 0 out of 49 (0%).
Wed Jun 09 10:46:27 Saved as file SWEEP1.MAX
Wed Jun 09 10:46:31 Saved as file BACKUP1.MAX
Wed Jun 09 10:46:33 Saved as file BACKUP1.MAX
Wed Jun 09 10:46:33 Saved as file BACKUP1.MAX
Wed Jun 09 10:46:37 Saved as file BACKUP1.MAX
Wed Jun 09 10:46:39 Saved as file BACKUP1.MAX
Wed Jun 09 10:46:39 Saved as file BACKUP1.MAX
Wed Jun 09 10:46:40 Saved as file BACKUP1.MAX
Wed Jun 09 10:46:40 Saved as file BACKUP1.MAX
Wed Jun 09 10:46:40 Saved as file BACKUP1.MAX
Wed Jun 09 10:46:40 Routed 57 connections in 13 seconds.
Wed Jun 09 10:46:40 Total is now 44 out of 49 (89%).
Wed Jun 09 10:46:40 Saved as file SWEEP2.MAX
Wed Jun 09 10:46:45 Routed 4 connections in 4 seconds.
Wed Jun 09 10:46:45 Total is now 48 out of 49 (97%).
Wed Jun 09 10:46:45 Saved as file SWEEP3.MAX
Wed Jun 09 10:46:56 No new connections routed.
Wed Jun 09 10:46:56 Total is now 48 out of 49 (97%).
Wed Jun 09 10:46:56 Saved as file SWEEP4.MAX
Wed Jun 09 10:47:10 No new connections routed.
Wed Jun 09 10:47:10 Total is now 48 out of 49 (97%).
Wed Jun 09 10:47:10 Saved as file SWEEP5.MAX
Wed Jun 09 10:48:56 Saved as file D:\DANH\ROBOT\ORCAD PROJECTS\COMERCIAL PROJECTS\COM_PRJ24(7 LED)\COM_PRJ24.MAX
Wed Jun 09 10:48:59 No new connections routed.
Wed Jun 09 10:48:59 Total is now 2 out of 49 (4%).
Wed Jun 09 10:48:59 Saved as file SWEEP1.MAX
Wed Jun 09 10:49:01 Saved as file BACKUP1.MAX
Wed Jun 09 10:49:01 Saved as file BACKUP1.MAX
Wed Jun 09 10:49:01 Saved as file BACKUP1.MAX
Wed Jun 09 10:49:01 Saved as file BACKUP1.MAX
Wed Jun 09 10:49:01 Saved as file BACKUP1.MAX
Wed Jun 09 10:49:01 Saved as file BACKUP1.MAX
Wed Jun 09 10:49:02 Saved as file BACKUP1.MAX
Wed Jun 09 10:49:02 Saved as file BACKUP1.MAX
Wed Jun 09 10:49:02 Saved as file BACKUP1.MAX
Wed Jun 09 10:49:02 Routed 58 connections in 2 seconds.
Wed Jun 09 10:49:02 Total is now 48 out of 49 (97%).
Wed Jun 09 10:49:02 Saved as file SWEEP2.MAX
Wed Jun 09 10:49:03 No new connections routed.
Wed Jun 09 10:49:03 Total is now 48 out of 49 (97%).
Wed Jun 09 10:49:03 Saved as file SWEEP3.MAX
Wed Jun 09 10:49:04 Routed 1 connections in 1 seconds.
Wed Jun 09 10:49:04 Total is now 48 out of 49 (97%).
Wed Jun 09 10:49:04 Saved as file SWEEP4.MAX
Wed Jun 09 10:49:08 Routed 1 connections in 3 seconds.
Wed Jun 09 10:49:08 Total is now 48 out of 49 (97%).
Wed Jun 09 10:49:08 Saved as file SWEEP5.MAX
Wed Jun 09 10:49:13 Saved as file D:\DANH\ROBOT\ORCAD PROJECTS\COMERCIAL PROJECTS\COM_PRJ24(7 LED)\COM_PRJ24.MAX
Wed Jun 09 10:50:29 Removed unused footprint: DEFAULT
Wed Jun 09 10:50:31 Removed unused padstack: T7
Wed Jun 09 10:50:31 Removed unused padstack: T2
Wed Jun 09 10:50:31 Removed unused padstack: T1
Wed Jun 09 10:50:36 Saved as file D:\DANH\ROBOT\ORCAD PROJECTS\COMERCIAL PROJECTS\COM_PRJ24(7 LED)\COM_PRJ24.MAX
Wed Jun 09 10:50:57 Saved as file D:\DANH\ROBOT\ORCAD PROJECTS\COMERCIAL PROJECTS\COM_PRJ24(7 LED)\COM_PRJ24.MAX
Wed Jun 09 14:28:40 Saved as file D:\DANH\ROBOT\ORCAD PROJECTS\COMERCIAL PROJECTS\COM_PRJ24(7 LED)\COM_PRJ24.MAX
Thu Jun 16 03:06:33 Loaded file D:\DANH\ROBOT\ORCAD PROJECTS\COMERCIAL PROJECTS\COM_PRJ24(7 LED)\COM_PRJ24.MAX
Wed Nov 02 07:37:28 Loaded file D:\DANH\ORCAD PROJECTS\COMERCIAL PROJECTS\COM_PRJ24(7 LED)\COM_PRJ24.MAX
Wed Nov 02 07:38:10 Saved as file D:\DANH\ORCAD PROJECTS\COMERCIAL PROJECTS\COM_PRJ24(7 LED)\COM_PRJ24_VER1.MAX
Wed Nov 02 07:38:24 Loaded file C:\Program Files\OrCAD\Layout_Plus\data\template.imp
Wed Nov 02 07:38:24 Loaded file C:\Program Files\OrCAD\Layout_Plus\data\template.imp
Wed Nov 02 07:38:24 Loaded file C:\Program Files\OrCAD\Layout_Plus\data\template.imp
Wed Nov 02 07:38:24 Loaded file C:\Program Files\OrCAD\Layout_Plus\data\template.imp
Wed Nov 02 07:38:25 Loaded file D:\DANH\DANH'S LIBS\DANHLIB.LLB
Wed Nov 02 07:38:29 Loaded file C:\Program Files\OrCAD\Layout_Plus\data\template.imp
Wed Nov 02 07:38:30 Loaded file C:\Program Files\OrCAD\Layout_Plus\data\template.imp
Wed Nov 02 07:39:49 Loaded file C:\Program Files\OrCAD\Layout_Plus\data\template.imp
Wed Nov 02 07:39:49 Loaded file C:\Program Files\OrCAD\Layout_Plus\data\template.imp
Wed Nov 02 07:39:49 Loaded file C:\Program Files\OrCAD\Layout_Plus\data\template.imp
Wed Nov 02 07:39:49 Loaded file C:\Program Files\OrCAD\Layout_Plus\data\template.imp
Wed Nov 02 07:39:53 Loaded file C:\Program Files\OrCAD\Layout_Plus\data\template.imp
Wed Nov 02 07:41:17 Loaded file C:\Program Files\OrCAD\Layout_Plus\data\template.imp
Wed Nov 02 07:41:17 Loaded file C:\Program Files\OrCAD\Layout_Plus\data\template.imp
Wed Nov 02 07:41:17 Loaded file C:\Program Files\OrCAD\Layout_Plus\data\template.imp
Wed Nov 02 07:41:18 Loaded file C:\Program Files\OrCAD\Layout_Plus\data\template.imp
Wed Nov 02 07:41:19 Loaded file C:\Program Files\OrCAD\Layout_Plus\data\template.imp
Wed Nov 02 07:42:35 Loaded file C:\Program Files\OrCAD\Layout_Plus\data\template.imp
Wed Nov 02 07:42:35 Loaded file C:\Program Files\OrCAD\Layout_Plus\data\template.imp
Wed Nov 02 07:42:35 Loaded file C:\Program Files\OrCAD\Layout_Plus\data\template.imp
Wed Nov 02 07:42:35 Loaded file C:\Program Files\OrCAD\Layout_Plus\data\template.imp
Wed Nov 02 07:42:36 Loaded file C:\Program Files\OrCAD\Layout_Plus\data\template.imp
Wed Nov 02 07:43:30 Loaded file C:\Program Files\OrCAD\Layout_Plus\data\template.imp
Wed Nov 02 07:43:30 Loaded file C:\Program Files\OrCAD\Layout_Plus\data\template.imp
Wed Nov 02 07:43:30 Loaded file C:\Program Files\OrCAD\Layout_Plus\data\template.imp
Wed Nov 02 07:43:30 Loaded file C:\Program Files\OrCAD\Layout_Plus\data\template.imp
Wed Nov 02 07:43:31 Loaded file D:\DANH\DANH'S LIBS\DANHLIB.LLB
Wed Nov 02 07:43:34 Loaded file C:\Program Files\OrCAD\Layout_Plus\data\template.imp
Wed Nov 02 07:44:00 Loaded file C:\Program Files\OrCAD\Layout_Plus\data\template.imp
Wed Nov 02 07:44:00 Loaded file C:\Program Files\OrCAD\Layout_Plus\data\template.imp
Wed Nov 02 07:44:01 Loaded file C:\Program Files\OrCAD\Layout_Plus\data\template.imp
Wed Nov 02 07:44:01 Loaded file C:\Program Files\OrCAD\Layout_Plus\data\template.imp
Wed Nov 02 07:44:02 Loaded file C:\Program Files\OrCAD\Layout_Plus\data\template.imp
Wed Nov 02 07:44:22 Loaded file C:\Program Files\OrCAD\Layout_Plus\data\template.imp
Wed Nov 02 07:44:22 Loaded file C:\Program Files\OrCAD\Layout_Plus\data\template.imp
Wed Nov 02 07:44:22 Loaded file C:\Program Files\OrCAD\Layout_Plus\data\template.imp
Wed Nov 02 07:44:22 Loaded file C:\Program Files\OrCAD\Layout_Plus\data\template.imp
Wed Nov 02 07:44:24 Loaded file D:\DANH\DANH'S LIBS\DANHLIB.LLB
Wed Nov 02 07:44:27 Loaded file C:\Program Files\OrCAD\Layout_Plus\data\template.imp
Wed Nov 02 07:44:47 Loaded file C:\Program Files\OrCAD\Layout_Plus\data\template.imp
Wed Nov 02 07:44:47 Loaded file C:\Program Files\OrCAD\Layout_Plus\data\template.imp
Wed Nov 02 07:44:47 Loaded file C:\Program Files\OrCAD\Layout_Plus\data\template.imp
Wed Nov 02 07:44:47 Loaded file C:\Program Files\OrCAD\Layout_Plus\data\template.imp
Wed Nov 02 07:44:50 Loaded file C:\Program Files\OrCAD\Layout_Plus\data\template.imp
Wed Nov 02 07:45:16 Loaded file C:\Program Files\OrCAD\Layout_Plus\data\template.imp
Wed Nov 02 07:45:16 Loaded file C:\Program Files\OrCAD\Layout_Plus\data\template.imp
Wed Nov 02 07:45:16 Loaded file C:\Program Files\OrCAD\Layout_Plus\data\template.imp
Wed Nov 02 07:45:16 Loaded file C:\Program Files\OrCAD\Layout_Plus\data\template.imp
Wed Nov 02 07:45:17 Loaded file C:\Program Files\OrCAD\Layout_Plus\data\template.imp
Wed Nov 02 07:45:18 Error code 0021.420 (24)
Wed Nov 02 07:45:18 Saved as file Backup0.max
Wed Nov 02 07:45:18 Windows which were open at time of error:
Wed Nov 02 07:45:18 	ActiveWindow: &Place
Wed Nov 02 07:45:18 	Icon: &Components
Wed Nov 02 07:45:18 	Icon: &Nets
Wed Nov 02 07:45:18 	Icon: Post Proces&s
Wed Nov 02 07:45:18 End-of-list
Wed Nov 02 07:45:18 Loaded file BACKUP0.MAX
Wed Nov 02 07:47:05 Loaded file C:\Program Files\OrCAD\Layout_Plus\data\template.imp
Wed Nov 02 07:47:05 Loaded file C:\Program Files\OrCAD\Layout_Plus\data\template.imp
Wed Nov 02 07:47:05 Loaded file C:\Program Files\OrCAD\Layout_Plus\data\template.imp
Wed Nov 02 07:47:05 Loaded file C:\Program Files\OrCAD\Layout_Plus\data\template.imp
Wed Nov 02 07:47:06 Loaded file D:\DANH\DANH'S LIBS\DANHLIB.LLB
Wed Nov 02 07:47:09 Loaded file C:\Program Files\OrCAD\Layout_Plus\data\template.imp
Wed Nov 02 07:47:19 Saved as file D:\DANH\ORCAD PROJECTS\COMERCIAL PROJECTS\COM_PRJ24(7 LED)\COM_PRJ24_VER1.MAX
Wed Nov 02 07:47:38 Loaded file C:\Program Files\OrCAD\Layout_Plus\data\template.imp
Wed Nov 02 07:47:38 Loaded file C:\Program Files\OrCAD\Layout_Plus\data\template.imp
Wed Nov 02 07:47:38 Loaded file C:\Program Files\OrCAD\Layout_Plus\data\template.imp
Wed Nov 02 07:47:38 Loaded file C:\Program Files\OrCAD\Layout_Plus\data\template.imp
Wed Nov 02 07:47:40 Loaded file C:\Program Files\OrCAD\Layout_Plus\data\template.imp
Wed Nov 02 07:48:27 Saved as file D:\DANH\ORCAD PROJECTS\COMERCIAL PROJECTS\COM_PRJ24(7 LED)\COM_PRJ24_VER1.MAX
Wed Nov 02 07:48:38 Loaded file C:\Program Files\OrCAD\Layout_Plus\data\template.imp
Wed Nov 02 07:48:38 Loaded file C:\Program Files\OrCAD\Layout_Plus\data\template.imp
Wed Nov 02 07:48:38 Loaded file C:\Program Files\OrCAD\Layout_Plus\data\template.imp
Wed Nov 02 07:48:38 Loaded file C:\Program Files\OrCAD\Layout_Plus\data\template.imp
Wed Nov 02 07:48:40 Loaded file C:\Program Files\OrCAD\Layout_Plus\data\template.imp
Wed Nov 02 07:49:04 Loaded file C:\Program Files\OrCAD\Layout_Plus\data\template.imp
Wed Nov 02 07:49:04 Loaded file C:\Program Files\OrCAD\Layout_Plus\data\template.imp
Wed Nov 02 07:49:04 Loaded file C:\Program Files\OrCAD\Layout_Plus\data\template.imp
Wed Nov 02 07:49:04 Loaded file C:\Program Files\OrCAD\Layout_Plus\data\template.imp
Wed Nov 02 07:49:05 Loaded file C:\Program Files\OrCAD\Layout_Plus\data\template.imp
Wed Nov 02 07:49:20 Loaded file C:\Program Files\OrCAD\Layout_Plus\data\template.imp
Wed Nov 02 07:49:20 Loaded file C:\Program Files\OrCAD\Layout_Plus\data\template.imp
Wed Nov 02 07:49:20 Loaded file C:\Program Files\OrCAD\Layout_Plus\data\template.imp
Wed Nov 02 07:49:20 Loaded file C:\Program Files\OrCAD\Layout_Plus\data\template.imp
Wed Nov 02 07:49:21 Loaded file C:\Program Files\OrCAD\Layout_Plus\data\template.imp
Wed Nov 02 07:49:49 Loaded file C:\Program Files\OrCAD\Layout_Plus\data\template.imp
Wed Nov 02 07:49:49 Loaded file C:\Program Files\OrCAD\Layout_Plus\data\template.imp
Wed Nov 02 07:49:49 Loaded file C:\Program Files\OrCAD\Layout_Plus\data\template.imp
Wed Nov 02 07:49:49 Loaded file C:\Program Files\OrCAD\Layout_Plus\data\template.imp
Wed Nov 02 07:49:50 Loaded file C:\Program Files\OrCAD\Layout_Plus\data\template.imp
Wed Nov 02 07:50:12 Loaded file C:\Program Files\OrCAD\Layout_Plus\data\template.imp
Wed Nov 02 07:50:12 Loaded file C:\Program Files\OrCAD\Layout_Plus\data\template.imp
Wed Nov 02 07:50:12 Loaded file C:\Program Files\OrCAD\Layout_Plus\data\template.imp
Wed Nov 02 07:50:12 Loaded file C:\Program Files\OrCAD\Layout_Plus\data\template.imp
Wed Nov 02 07:50:13 Loaded file C:\Program Files\OrCAD\Layout_Plus\data\template.imp
Wed Nov 02 07:50:22 Saved as file D:\DANH\ORCAD PROJECTS\COMERCIAL PROJECTS\COM_PRJ24(7 LED)\COM_PRJ24_VER1.MAX
Wed Nov 02 07:50:29 Saved as file D:\DANH\ORCAD PROJECTS\COMERCIAL PROJECTS\COM_PRJ24(7 LED)\COM_PRJ24_VER1.MAX
Wed Nov 02 07:56:43 Loaded file D:\DANH\ORCAD PROJECTS\COMERCIAL PROJECTS\COM_PRJ24(7 LED)\COM_PRJ24.MAX
Wed Nov 02 07:58:24 Loaded file D:\DANH\ORCAD PROJECTS\COMERCIAL PROJECTS\COM_PRJ24(7 LED)\COM_PRJ24_VER1.MAX
Wed Nov 02 08:05:48 Saved as file D:\DANH\ORCAD PROJECTS\COMERCIAL PROJECTS\COM_PRJ24(7 LED)\COM_PRJ24_VER1.MAX
Wed Nov 02 08:11:31 Saved as file D:\DANH\ORCAD PROJECTS\COMERCIAL PROJECTS\COM_PRJ24(7 LED)\COM_PRJ24_VER1.MAX
Wed Nov 02 08:11:41 Saved as file D:\DANH\ORCAD PROJECTS\COMERCIAL PROJECTS\COM_PRJ24(7 LED)\COM_PRJ24_VER1.MAX
Wed Nov 02 08:11:52 Loaded file C:\Program Files\OrCAD\Layout_Plus\data\template.imp
Wed Nov 02 08:11:52 Loaded file C:\Program Files\OrCAD\Layout_Plus\data\template.imp
Wed Nov 02 08:11:53 Loaded file D:\DANH\DANH'S LIBS\DANHLIB.LLB
Wed Nov 02 08:11:57 Loaded file C:\Program Files\OrCAD\Layout_Plus\data\template.imp
Wed Nov 02 08:11:58 Loaded file C:\Program Files\OrCAD\Layout_Plus\data\template.imp
Wed Nov 02 08:11:59 Loaded file C:\Program Files\OrCAD\Layout_Plus\data\template.imp
Wed Nov 02 08:12:00 Loaded file C:\Program Files\OrCAD\Layout_Plus\data\template.imp
Wed Nov 02 08:12:03 Loaded file C:\Program Files\OrCAD\Layout_Plus\data\template.imp
Wed Nov 02 08:12:52 Saved as file BACKUP1.MAX
Wed Nov 02 08:12:56 Saved as file D:\DANH\ORCAD PROJECTS\COMERCIAL PROJECTS\COM_PRJ24(7 LED)\COM_PRJ24_VER1.MAX
Wed Nov 02 08:12:56 Saved as file D:\DANH\ORCAD PROJECTS\COMERCIAL PROJECTS\COM_PRJ24(7 LED)\COM_PRJ24_VER1.MAX
Wed Nov 02 08:12:57 Saved as file D:\DANH\ORCAD PROJECTS\COMERCIAL PROJECTS\COM_PRJ24(7 LED)\COM_PRJ24_VER1.MAX
Wed Nov 02 08:17:17 Saved as file D:\DANH\ORCAD PROJECTS\COMERCIAL PROJECTS\COM_PRJ24(7 LED)\COM_PRJ24_VER1.MAX
Wed Nov 02 08:18:38 Saved as file D:\DANH\ORCAD PROJECTS\COMERCIAL PROJECTS\COM_PRJ24(7 LED)\COM_PRJ24_VER1.MAX
Wed Nov 02 08:18:38 Saved as file D:\DANH\ORCAD PROJECTS\COMERCIAL PROJECTS\COM_PRJ24(7 LED)\COM_PRJ24_VER1.MAX
Wed Nov 02 08:18:39 Saved as file D:\DANH\ORCAD PROJECTS\COMERCIAL PROJECTS\COM_PRJ24(7 LED)\COM_PRJ24_VER1.MAX
Wed Nov 02 08:18:39 Saved as file D:\DANH\ORCAD PROJECTS\COMERCIAL PROJECTS\COM_PRJ24(7 LED)\COM_PRJ24_VER1.MAX
Wed Nov 02 08:18:40 Saved as file D:\DANH\ORCAD PROJECTS\COMERCIAL PROJECTS\COM_PRJ24(7 LED)\COM_PRJ24_VER1.MAX
Wed Nov 02 08:18:40 Saved as file D:\DANH\ORCAD PROJECTS\COMERCIAL PROJECTS\COM_PRJ24(7 LED)\COM_PRJ24_VER1.MAX
Wed Nov 02 08:18:40 Saved as file D:\DANH\ORCAD PROJECTS\COMERCIAL PROJECTS\COM_PRJ24(7 LED)\COM_PRJ24_VER1.MAX
Wed Nov 02 08:24:03 Saved as file D:\DANH\ORCAD PROJECTS\COMERCIAL PROJECTS\COM_PRJ24(7 LED)\COM_PRJ24_VER1.MAX
Wed Nov 02 08:24:59 Saved as file D:\DANH\ORCAD PROJECTS\COMERCIAL PROJECTS\COM_PRJ24(7 LED)\COM_PRJ24_VER1.MAX
Wed Nov 02 08:26:33 Saved as file D:\DANH\ORCAD PROJECTS\COMERCIAL PROJECTS\COM_PRJ24(7 LED)\COM_PRJ24_VER1.MAX
Sat Dec 10 09:28:26 Saved as file D:\DANH\ORCAD PROJECTS\COMERCIAL PROJECTS\COM_PRJ24(7 LED)\COM_PRJ24_VER2.MAX
Sat Dec 10 09:28:45 Saved as file D:\DANH\ORCAD PROJECTS\COMERCIAL PROJECTS\COM_PRJ24(7 LED)\COM_PRJ24_VER2.MAX
Sat Dec 10 09:37:40 Saved as file BACKUP1.MAX
Sat Dec 10 09:47:40 Saved as file BACKUP1.MAX
Sat Dec 10 09:57:41 Saved as file BACKUP1.MAX
Mon Jan 16 03:50:18 Saved as file D:\DANH\ORCAD PROJECTS\COMERCIAL PROJECTS\COM_PRJ24(7 LED)\COM_PRJ24_COUPLE_VER1.MAX
Mon Jan 16 03:54:30 Saved as file BACKUP1.MAX
Sat Feb 25 12:57:51 Loaded file D:\DANH\ORCAD PROJECTS\COMERCIAL PROJECTS\COM_PRJ24(7 LED)\COM_PRJ24.MAX
Sat Jul 21 18:09:57 Saved as file BACKUP1.MAX
Sat Jul 21 18:20:27 Saved as file BACKUP1.MAX
