AutoECO Report
FILE-A: D:\DANH\ROBOT\ORCAD PROJECTS\COMERCIAL PROJECTS\COM_PRJ30(MOTHER BOARD 12V)\COM_PRJ30_VER1.MAX
FILE-B: D:\DANH\ROBOT\ORCAD PROJECTS\COMERCIAL PROJECTS\COM_PRJ30(MOTHER BOARD 12V)\COM_PRJ30(MOTHER BOARD 12V).MNL
If "*EOF*" immediately follows, no changes were made
Adding net N03092
Adding net N01838
Adding net N02528
Adding net N05886
Adding net N01660
Adding net N03142
Adding net N02627
Adding net N03042
Adding net N02576
Adding net N01701
Adding net N004632
Adding net N020382
Adding net N020102
Deleting component 17
Deleting component 16
Deleting component 15
Deleting component 14
*EOF*
No errors found
