Thu Mar 24 02:57:59 Saved as file D:\DANH\ROBOT\ORCAD PROJECTS\COMERCIAL PROJECTS\COM_PRJ30(MOTHER BOARD 12V)\COM_PRJ30.MAX
Thu Mar 24 02:57:59 Saved as file BACKUP1.MAX
Thu Mar 24 02:57:59 Saved as file D:\DANH\ROBOT\ORCAD PROJECTS\COMERCIAL PROJECTS\COM_PRJ30(MOTHER BOARD 12V)\COM_PRJ30.MAX
Thu Mar 24 02:57:59 UserDiv from Layout.INI for AutoECO: 60
Thu Mar 24 02:57:59 Loaded file D:\DANH\ROBOT\ORCAD PROJECTS\COMERCIAL PROJECTS\COM_PRJ30(MOTHER BOARD 12V)\COM_PRJ30.MAX
Thu Mar 24 02:57:59 Loaded file D:\DANH\ROBOT\ORCAD LIBS\THUVIENORCAD\THUVIENORCAD\THUVIEN1\TIEN.LLB
Thu Mar 24 02:57:59 Loaded file D:\DANH\ROBOT\ORCAD LIBS\THUVIENORCAD\THUVIENORCAD\THUVIEN\LAYOUTMT.LLB
Thu Mar 24 02:57:59 Loaded file D:\DANH\ROBOT\ORCAD LIBS\THUVIENORCAD\THUVIENORCAD\LIBRARY ORCAD\THU VIEN ORCAD FULL\THU VIEN LAYOUT BETA 3.LLB
Thu Mar 24 02:57:59 Loaded file D:\DANH\ROBOT\ORCAD LIBS\THUVIENORCAD\THUVIENORCAD\LIBRARY ORCAD\THU VIEN ORCAD FULL\THU VIEN.LLB
Thu Mar 24 02:57:59 Loaded file D:\DANH\ROBOT\ORCAD LIBS\THUVIENORCAD\THUVIENORCAD\LIBRARY\BCON100T.LLB
Thu Mar 24 02:57:59 Loaded file D:\DANH\ROBOT\ORCAD LIBS\THUVIENORCAD\THUVIENORCAD\LIBRARY\BCON156T.LLB
Thu Mar 24 02:57:59 Loaded file D:\DANH\ROBOT\ORCAD LIBS\THUVIENORCAD\THUVIENORCAD\LIBRARY\BGA.LLB
Thu Mar 24 02:57:59 Loaded file D:\DANH\ROBOT\ORCAD LIBS\THUVIENORCAD\THUVIENORCAD\LIBRARY\CLCC.LLB
Thu Mar 24 02:57:59 Loaded file D:\DANH\ROBOT\ORCAD LIBS\THUVIENORCAD\THUVIENORCAD\LIBRARY\DCON050T.LLB
Thu Mar 24 02:57:59 Loaded file D:\DANH\ROBOT\ORCAD LIBS\THUVIENORCAD\THUVIENORCAD\LIBRARY\DCON085T.LLB
Thu Mar 24 02:57:59 Loaded file D:\DANH\ROBOT\ORCAD LIBS\THUVIENORCAD\THUVIENORCAD\LIBRARY\DIMM050F.LLB
Thu Mar 24 02:57:59 Loaded file D:\DANH\ROBOT\ORCAD LIBS\THUVIENORCAD\THUVIENORCAD\LIBRARY\DIMM050T.LLB
Thu Mar 24 02:57:59 Loaded file D:\DANH\ROBOT\ORCAD LIBS\THUVIENORCAD\THUVIENORCAD\LIBRARY\DIN.LLB
Thu Mar 24 02:57:59 Loaded file D:\DANH\ROBOT\ORCAD LIBS\THUVIENORCAD\THUVIENORCAD\LIBRARY\DIP100B.LLB
Thu Mar 24 02:57:59 Loaded file D:\DANH\ROBOT\ORCAD LIBS\THUVIENORCAD\THUVIENORCAD\LIBRARY\DIP100T.LLB
Thu Mar 24 02:57:59 Loaded file D:\DANH\ROBOT\ORCAD LIBS\THUVIENORCAD\THUVIENORCAD\LIBRARY\DSUBT.LLB
Thu Mar 24 02:58:00 Loaded file D:\DANH\ROBOT\ORCAD LIBS\THUVIENORCAD\THUVIENORCAD\LIBRARY\DSUBT_HD.LLB
Thu Mar 24 02:58:00 Loaded file D:\DANH\ROBOT\ORCAD LIBS\THUVIENORCAD\THUVIENORCAD\LIBRARY\ECON100T.LLB
Thu Mar 24 02:58:00 Loaded file D:\DANH\ROBOT\ORCAD LIBS\THUVIENORCAD\THUVIENORCAD\LIBRARY\EMPTY.LLB
Thu Mar 24 02:58:00 Loaded file D:\DANH\ROBOT\ORCAD LIBS\THUVIENORCAD\THUVIENORCAD\LIBRARY\EX_GUI.LLB
Thu Mar 24 02:58:00 Loaded file D:\DANH\ROBOT\ORCAD LIBS\THUVIENORCAD\THUVIENORCAD\LIBRARY\FBUS.LLB
Thu Mar 24 02:58:00 Loaded file D:\DANH\ROBOT\ORCAD LIBS\THUVIENORCAD\THUVIENORCAD\LIBRARY\ISA.LLB
Thu Mar 24 02:58:00 Loaded file D:\DANH\ROBOT\ORCAD LIBS\THUVIENORCAD\THUVIENORCAD\LIBRARY\JUMPER.LLB
Thu Mar 24 02:58:00 Loaded file D:\DANH\ROBOT\ORCAD LIBS\THUVIENORCAD\THUVIENORCAD\LIBRARY\LAYOUT.LLB
Thu Mar 24 02:58:00 Loaded file D:\DANH\ROBOT\ORCAD LIBS\THUVIENORCAD\THUVIENORCAD\LIBRARY\LCON100T.LLB
Thu Mar 24 02:58:00 Loaded file D:\DANH\ROBOT\ORCAD LIBS\THUVIENORCAD\THUVIENORCAD\LIBRARY\LINH KIEN.LLB
Thu Mar 24 02:58:00 Loaded file D:\DANH\ROBOT\ORCAD LIBS\THUVIENORCAD\THUVIENORCAD\LIBRARY\METRIC.LLB
Thu Mar 24 02:58:00 Loaded file D:\DANH\ROBOT\ORCAD LIBS\THUVIENORCAD\THUVIENORCAD\LIBRARY\PADSTACK.LLB
Thu Mar 24 02:58:00 Loaded file D:\DANH\ROBOT\ORCAD LIBS\THUVIENORCAD\THUVIENORCAD\LIBRARY\PC104.LLB
Thu Mar 24 02:58:00 Loaded file D:\DANH\ROBOT\ORCAD LIBS\THUVIENORCAD\THUVIENORCAD\LIBRARY\PCI.LLB
Thu Mar 24 02:58:00 Loaded file D:\DANH\ROBOT\ORCAD LIBS\THUVIENORCAD\THUVIENORCAD\LIBRARY\PCON100T.LLB
Thu Mar 24 02:58:00 Loaded file D:\DANH\ROBOT\ORCAD LIBS\THUVIENORCAD\THUVIENORCAD\LIBRARY\PCON156T.LLB
Thu Mar 24 02:58:00 Loaded file D:\DANH\ROBOT\ORCAD LIBS\THUVIENORCAD\THUVIENORCAD\LIBRARY\PGA.LLB
Thu Mar 24 02:58:00 Loaded file D:\DANH\ROBOT\ORCAD LIBS\THUVIENORCAD\THUVIENORCAD\LIBRARY\PLCC.LLB
Thu Mar 24 02:58:00 Loaded file D:\DANH\ROBOT\ORCAD LIBS\THUVIENORCAD\THUVIENORCAD\LIBRARY\QUAD.LLB
Thu Mar 24 02:58:00 Loaded file D:\DANH\ROBOT\ORCAD LIBS\THUVIENORCAD\THUVIENORCAD\LIBRARY\QUADB.LLB
Thu Mar 24 02:58:00 Loaded file D:\DANH\ROBOT\ORCAD LIBS\THUVIENORCAD\THUVIENORCAD\LIBRARY\RELAY.LLB
Thu Mar 24 02:58:00 Loaded file D:\DANH\ROBOT\ORCAD LIBS\THUVIENORCAD\THUVIENORCAD\LIBRARY\RF.LLB
Thu Mar 24 02:58:00 Loaded file D:\DANH\ROBOT\ORCAD LIBS\THUVIENORCAD\THUVIENORCAD\LIBRARY\SBUS.LLB
Thu Mar 24 02:58:00 Loaded file D:\DANH\ROBOT\ORCAD LIBS\THUVIENORCAD\THUVIENORCAD\LIBRARY\SIMM050F.LLB
Thu Mar 24 02:58:00 Loaded file D:\DANH\ROBOT\ORCAD LIBS\THUVIENORCAD\THUVIENORCAD\LIBRARY\SIMM050T.LLB
Thu Mar 24 02:58:00 Loaded file D:\DANH\ROBOT\ORCAD LIBS\THUVIENORCAD\THUVIENORCAD\LIBRARY\SIMM100F.LLB
Thu Mar 24 02:58:00 Loaded file D:\DANH\ROBOT\ORCAD LIBS\THUVIENORCAD\THUVIENORCAD\LIBRARY\SIMM100T.LLB
Thu Mar 24 02:58:00 Loaded file D:\DANH\ROBOT\ORCAD LIBS\THUVIENORCAD\THUVIENORCAD\LIBRARY\SIP.LLB
Thu Mar 24 02:58:00 Loaded file D:\DANH\ROBOT\ORCAD LIBS\THUVIENORCAD\THUVIENORCAD\LIBRARY\SM.LLB
Thu Mar 24 02:58:00 Loaded file D:\DANH\ROBOT\ORCAD LIBS\THUVIENORCAD\THUVIENORCAD\LIBRARY\SOG.LLB
Thu Mar 24 02:58:00 Loaded file D:\DANH\ROBOT\ORCAD LIBS\THUVIENORCAD\THUVIENORCAD\LIBRARY\SOJ.LLB
Thu Mar 24 02:58:00 Loaded file D:\DANH\ROBOT\ORCAD LIBS\THUVIENORCAD\THUVIENORCAD\LIBRARY\STIFF.LLB
Thu Mar 24 02:58:00 Loaded file D:\DANH\ROBOT\ORCAD LIBS\THUVIENORCAD\THUVIENORCAD\LIBRARY\TELE.LLB
Thu Mar 24 02:58:00 Loaded file D:\DANH\ROBOT\ORCAD LIBS\THUVIENORCAD\THUVIENORCAD\LIBRARY\TM_AXIAL.LLB
Thu Mar 24 02:58:00 Loaded file D:\DANH\ROBOT\ORCAD LIBS\THUVIENORCAD\THUVIENORCAD\LIBRARY\TM_CAP_P.LLB
Thu Mar 24 02:58:00 Loaded file D:\DANH\ROBOT\ORCAD LIBS\THUVIENORCAD\THUVIENORCAD\LIBRARY\TM_CYLND.LLB
Thu Mar 24 02:58:00 Loaded file D:\DANH\ROBOT\ORCAD LIBS\THUVIENORCAD\THUVIENORCAD\LIBRARY\TM_DIODE.LLB
Thu Mar 24 02:58:00 Loaded file D:\DANH\ROBOT\ORCAD LIBS\THUVIENORCAD\THUVIENORCAD\LIBRARY\TM_DISC.LLB
Thu Mar 24 02:58:00 Loaded file D:\DANH\ROBOT\ORCAD LIBS\THUVIENORCAD\THUVIENORCAD\LIBRARY\TM_RAD.LLB
Thu Mar 24 02:58:00 Loaded file D:\DANH\ROBOT\ORCAD LIBS\THUVIENORCAD\THUVIENORCAD\LIBRARY\TO.LLB
Thu Mar 24 02:58:00 Loaded file D:\DANH\ROBOT\ORCAD LIBS\THUVIENORCAD\THUVIENORCAD\LIBRARY\TRAINING.LLB
Thu Mar 24 02:58:00 Loaded file D:\DANH\ROBOT\ORCAD LIBS\THUVIENORCAD\THUVIENORCAD\LIBRARY\VRES.LLB
Thu Mar 24 02:58:00 Loaded file D:\DANH\ROBOT\ORCAD LIBS\THUVIENORCAD\THUVIENORCAD\LIBRARY\WCON100T.LLB
Thu Mar 24 02:58:00 Loaded file D:\DANH\ROBOT\ORCAD LIBS\THUVIENORCAD\THUVIENORCAD\LIBRARY\XT.LLB
Thu Mar 24 02:58:00 Loaded file D:\DANH\ROBOT\ORCAD LIBS\THUVIENORCAD\THUVIENORCAD\LIBRARY\ZIGZAG.LLB
Thu Mar 24 02:58:00 Loaded file D:\DANH\ROBOT\ORCAD LIBS\THUVIENORCAD\THUVIENORCAD\HOA DOAN\HOADOAN.LLB
Thu Mar 24 02:58:00 Loaded file D:\DANH\ROBOT\ORCAD LIBS\THUVIENORCAD\THUVIENORCAD\THU VIEN\THU VIEN.LLB
Thu Mar 24 02:58:00 Loaded file D:\DANH\ROBOT\ORCAD LIBS\THU VIEN\THU VIEN.LLB
Thu Mar 24 02:58:00 Loaded file D:\DANH\ROBOT\ORCAD LIBS\ORCAD LAYOUT\T2L LAYOUT.LLB
Thu Mar 24 02:58:00 Loaded file D:\DANH\ROBOT\ORCAD LIBS\DANHLIB.LLB
Thu Mar 24 02:58:00 Loaded file D:\DANH\ROBOT\ORCAD LIBS\DANHLIB.LLB
Thu Mar 24 02:58:00 Loaded file D:\DANH\ROBOT\ORCAD LIBS\THU VIEN\THU VIEN.LLB
Thu Mar 24 02:58:00 Loaded file D:\DANH\ROBOT\ORCAD LIBS\THUVIENORCAD\THUVIENORCAD\HOA DOAN\HOADOAN.LLB
Thu Mar 24 02:58:00 Loaded file D:\DANH\ROBOT\ORCAD LIBS\DANHLIB.LLB
Thu Mar 24 02:58:00 Loaded file D:\DANH\ROBOT\ORCAD LIBS\THUVIENORCAD\THUVIENORCAD\LIBRARY ORCAD\THU VIEN ORCAD FULL\THU VIEN LAYOUT BETA 3.LLB
Thu Mar 24 02:58:00 Loaded file D:\DANH\ROBOT\ORCAD LIBS\THU VIEN\THU VIEN.LLB
Thu Mar 24 02:58:00 Saved as file D:\DANH\ROBOT\ORCAD PROJECTS\COMERCIAL PROJECTS\COM_PRJ30(MOTHER BOARD 12V)\COM_PRJ30.MAX
Thu Mar 24 02:58:01 Loaded file D:\DANH\ROBOT\ORCAD PROJECTS\COMERCIAL PROJECTS\COM_PRJ30(MOTHER BOARD 12V)\COM_PRJ30.MAX
Thu Mar 24 02:59:36 Loaded file C:\Program Files\Orcad\Layout_Plus\data\template.imp
Thu Mar 24 02:59:36 Loaded file C:\Program Files\Orcad\Layout_Plus\data\template.imp
Thu Mar 24 02:59:36 Loaded file C:\Program Files\Orcad\Layout_Plus\data\template.imp
Thu Mar 24 02:59:36 Loaded file C:\Program Files\Orcad\Layout_Plus\data\template.imp
Thu Mar 24 02:59:39 Loaded file D:\DANH\ROBOT\ORCAD LIBS\THUVIENORCAD\THUVIENORCAD\LIBRARY ORCAD\THU VIEN ORCAD FULL\THU VIEN LAYOUT BETA 3.LLB
Thu Mar 24 02:59:47 Loaded file C:\Program Files\Orcad\Layout_Plus\data\template.imp
Thu Mar 24 02:59:59 Loaded file D:\DANH\ROBOT\ORCAD LIBS\THUVIENORCAD\THUVIENORCAD\LIBRARY ORCAD\THU VIEN ORCAD FULL\THU VIEN.LLB
Thu Mar 24 03:00:07 Loaded file C:\Program Files\Orcad\Layout_Plus\data\template.imp
Thu Mar 24 03:00:08 Loaded file C:\Program Files\Orcad\Layout_Plus\data\template.imp
Thu Mar 24 03:00:08 Loaded file C:\Program Files\Orcad\Layout_Plus\data\template.imp
Thu Mar 24 03:00:11 Loaded file C:\Program Files\Orcad\Layout_Plus\data\template.imp
Thu Mar 24 03:00:22 Loaded file D:\DANH\ROBOT\ORCAD LIBS\THUVIENORCAD\THUVIENORCAD\THUVIEN1\TIEN.LLB
Thu Mar 24 03:00:28 Loaded file C:\Program Files\Orcad\Layout_Plus\data\template.imp
Thu Mar 24 03:00:39 Loaded file D:\DANH\ROBOT\ORCAD LIBS\THUVIENORCAD\THUVIENORCAD\LIBRARY\LINH KIEN.LLB
Thu Mar 24 03:00:41 Loaded file D:\DANH\ROBOT\ORCAD LIBS\THUVIENORCAD\THUVIENORCAD\LIBRARY\METRIC.LLB
Thu Mar 24 03:00:41 Loaded file D:\DANH\ROBOT\ORCAD LIBS\THUVIENORCAD\THUVIENORCAD\LIBRARY\PADSTACK.LLB
Thu Mar 24 03:00:49 Loaded file D:\DANH\ROBOT\ORCAD LIBS\THUVIENORCAD\THUVIENORCAD\LIBRARY\TO.LLB
Thu Mar 24 03:00:50 Loaded file D:\DANH\ROBOT\ORCAD LIBS\THUVIENORCAD\THUVIENORCAD\LIBRARY\TRAINING.LLB
Thu Mar 24 03:00:54 Loaded file D:\DANH\ROBOT\ORCAD LIBS\THUVIENORCAD\THUVIENORCAD\HOA DOAN\HOADOAN.LLB
Thu Mar 24 03:01:02 Loaded file D:\DANH\ROBOT\ORCAD LIBS\THUVIENORCAD\THUVIENORCAD\THU VIEN\THU VIEN.LLB
Thu Mar 24 03:01:06 Loaded file D:\DANH\ROBOT\ORCAD LIBS\THU VIEN\THU VIEN.LLB
Thu Mar 24 03:01:14 Loaded file D:\DANH\ROBOT\ORCAD LIBS\ORCAD LAYOUT\T2L LAYOUT.LLB
Thu Mar 24 03:01:20 Loaded file C:\Program Files\Orcad\Layout_Plus\data\template.imp
Thu Mar 24 03:01:23 Loaded file C:\Program Files\Orcad\Layout_Plus\data\template.imp
Thu Mar 24 03:01:24 Loaded file C:\Program Files\Orcad\Layout_Plus\data\template.imp
Thu Mar 24 03:01:25 Loaded file C:\Program Files\Orcad\Layout_Plus\data\template.imp
Thu Mar 24 03:01:26 Loaded file C:\Program Files\Orcad\Layout_Plus\data\template.imp
Thu Mar 24 03:01:27 Loaded file C:\Program Files\Orcad\Layout_Plus\data\template.imp
Thu Mar 24 03:01:28 Loaded file C:\Program Files\Orcad\Layout_Plus\data\template.imp
Thu Mar 24 03:01:32 Loaded file D:\DANH\ROBOT\ORCAD LIBS\DANHLIB.LLB
Thu Mar 24 03:01:41 Loaded file D:\DANH\ROBOT\ORCAD LIBS\ORCAD LAYOUT\T2L LAYOUT.LLB
Thu Mar 24 03:01:45 Loaded file C:\Program Files\Orcad\Layout_Plus\data\template.imp
Thu Mar 24 03:01:47 Loaded file C:\Program Files\Orcad\Layout_Plus\data\template.imp
Thu Mar 24 03:02:02 Loaded file C:\Program Files\Orcad\Layout_Plus\data\template.imp
Thu Mar 24 03:02:31 Loaded file C:\Program Files\Orcad\Layout_Plus\data\template.imp
Thu Mar 24 03:02:31 Loaded file C:\Program Files\Orcad\Layout_Plus\data\template.imp
Thu Mar 24 03:02:34 Loaded file D:\DANH\ROBOT\ORCAD LIBS\THUVIENORCAD\THUVIENORCAD\THUVIEN1\TIEN.LLB
Thu Mar 24 03:02:35 Loaded file D:\DANH\ROBOT\ORCAD LIBS\THUVIENORCAD\THUVIENORCAD\THUVIEN\LAYOUTMT.LLB
Thu Mar 24 03:02:36 Loaded file D:\DANH\ROBOT\ORCAD LIBS\THUVIENORCAD\THUVIENORCAD\LIBRARY ORCAD\THU VIEN ORCAD FULL\THU VIEN LAYOUT BETA 3.LLB
Thu Mar 24 03:02:54 Loaded file D:\DANH\ROBOT\ORCAD LIBS\THUVIENORCAD\THUVIENORCAD\LIBRARY ORCAD\THU VIEN ORCAD FULL\THU VIEN.LLB
Thu Mar 24 03:03:01 Loaded file D:\DANH\ROBOT\ORCAD LIBS\ORCAD LAYOUT\T2L LAYOUT.LLB
Thu Mar 24 03:03:07 Loaded file C:\Program Files\Orcad\Layout_Plus\data\template.imp
Thu Mar 24 03:03:11 Loaded file C:\Program Files\Orcad\Layout_Plus\data\template.imp
Thu Mar 24 03:03:13 Loaded file C:\Program Files\Orcad\Layout_Plus\data\template.imp
Thu Mar 24 03:14:21 Loaded file C:\Program Files\Orcad\Layout_Plus\data\template.imp
Thu Mar 24 03:14:21 Loaded file C:\Program Files\Orcad\Layout_Plus\data\template.imp
Thu Mar 24 03:14:23 Loaded file C:\Program Files\Orcad\Layout_Plus\data\template.imp
Thu Mar 24 03:14:25 Loaded file C:\Program Files\Orcad\Layout_Plus\data\template.imp
Thu Mar 24 03:14:37 Loaded file D:\DANH\ROBOT\ORCAD LIBS\DANHLIB.LLB
Thu Mar 24 03:14:37 Saved as file D:\DANH\ROBOT\ORCAD LIBS\DANHLIB.LLB
Thu Mar 24 03:14:38 Loaded file C:\Program Files\Orcad\Layout_Plus\data\template.imp
Thu Mar 24 03:14:45 Loaded file D:\DANH\ROBOT\ORCAD LIBS\DANHLIB.LLB
Thu Mar 24 03:14:45 Saved as file D:\DANH\ROBOT\ORCAD LIBS\DANHLIB.LLB
Thu Mar 24 03:14:54 Loaded file C:\Program Files\Orcad\Layout_Plus\data\template.imp
Thu Mar 24 03:14:54 Loaded file C:\Program Files\Orcad\Layout_Plus\data\template.imp
Thu Mar 24 03:14:54 Loaded file C:\Program Files\Orcad\Layout_Plus\data\template.imp
Thu Mar 24 03:14:54 Loaded file C:\Program Files\Orcad\Layout_Plus\data\template.imp
Thu Mar 24 03:14:58 Loaded file D:\DANH\ROBOT\ORCAD LIBS\DANHLIB.LLB
Thu Mar 24 03:15:01 Loaded file C:\Program Files\Orcad\Layout_Plus\data\template.imp
Thu Mar 24 03:18:40 Saved as file BACKUP1.MAX
Thu Mar 24 03:18:40 Saved as file D:\DANH\ROBOT\ORCAD PROJECTS\COMERCIAL PROJECTS\COM_PRJ30(MOTHER BOARD 12V)\COM_PRJ30.MAX
Thu Mar 24 03:18:40 UserDiv from Layout.INI for AutoECO: 60
Thu Mar 24 03:18:40 Loaded file D:\DANH\ROBOT\ORCAD PROJECTS\COMERCIAL PROJECTS\COM_PRJ30(MOTHER BOARD 12V)\COM_PRJ30.MAX
Thu Mar 24 03:18:40 Loaded file D:\DANH\ROBOT\ORCAD LIBS\THUVIENORCAD\THUVIENORCAD\THUVIEN1\TIEN.LLB
Thu Mar 24 03:18:40 Loaded file D:\DANH\ROBOT\ORCAD LIBS\THUVIENORCAD\THUVIENORCAD\THUVIEN\LAYOUTMT.LLB
Thu Mar 24 03:18:40 Loaded file D:\DANH\ROBOT\ORCAD LIBS\THUVIENORCAD\THUVIENORCAD\LIBRARY ORCAD\THU VIEN ORCAD FULL\THU VIEN LAYOUT BETA 3.LLB
Thu Mar 24 03:18:40 Loaded file D:\DANH\ROBOT\ORCAD LIBS\THUVIENORCAD\THUVIENORCAD\LIBRARY ORCAD\THU VIEN ORCAD FULL\THU VIEN.LLB
Thu Mar 24 03:18:40 Loaded file D:\DANH\ROBOT\ORCAD LIBS\THUVIENORCAD\THUVIENORCAD\LIBRARY\BCON100T.LLB
Thu Mar 24 03:18:40 Loaded file D:\DANH\ROBOT\ORCAD LIBS\THUVIENORCAD\THUVIENORCAD\LIBRARY\BCON156T.LLB
Thu Mar 24 03:18:40 Loaded file D:\DANH\ROBOT\ORCAD LIBS\THUVIENORCAD\THUVIENORCAD\LIBRARY\BGA.LLB
Thu Mar 24 03:18:40 Loaded file D:\DANH\ROBOT\ORCAD LIBS\THUVIENORCAD\THUVIENORCAD\LIBRARY\CLCC.LLB
Thu Mar 24 03:18:40 Loaded file D:\DANH\ROBOT\ORCAD LIBS\THUVIENORCAD\THUVIENORCAD\LIBRARY\DCON050T.LLB
Thu Mar 24 03:18:40 Loaded file D:\DANH\ROBOT\ORCAD LIBS\THUVIENORCAD\THUVIENORCAD\LIBRARY\DCON085T.LLB
Thu Mar 24 03:18:40 Loaded file D:\DANH\ROBOT\ORCAD LIBS\THUVIENORCAD\THUVIENORCAD\LIBRARY\DIMM050F.LLB
Thu Mar 24 03:18:40 Loaded file D:\DANH\ROBOT\ORCAD LIBS\THUVIENORCAD\THUVIENORCAD\LIBRARY\DIMM050T.LLB
Thu Mar 24 03:18:40 Loaded file D:\DANH\ROBOT\ORCAD LIBS\THUVIENORCAD\THUVIENORCAD\LIBRARY\DIN.LLB
Thu Mar 24 03:18:40 Loaded file D:\DANH\ROBOT\ORCAD LIBS\THUVIENORCAD\THUVIENORCAD\LIBRARY\DIP100B.LLB
Thu Mar 24 03:18:40 Loaded file D:\DANH\ROBOT\ORCAD LIBS\THUVIENORCAD\THUVIENORCAD\LIBRARY\DIP100T.LLB
Thu Mar 24 03:18:40 Loaded file D:\DANH\ROBOT\ORCAD LIBS\THUVIENORCAD\THUVIENORCAD\LIBRARY\DSUBT.LLB
Thu Mar 24 03:18:40 Loaded file D:\DANH\ROBOT\ORCAD LIBS\THUVIENORCAD\THUVIENORCAD\LIBRARY\DSUBT_HD.LLB
Thu Mar 24 03:18:40 Loaded file D:\DANH\ROBOT\ORCAD LIBS\THUVIENORCAD\THUVIENORCAD\LIBRARY\ECON100T.LLB
Thu Mar 24 03:18:40 Loaded file D:\DANH\ROBOT\ORCAD LIBS\THUVIENORCAD\THUVIENORCAD\LIBRARY\EMPTY.LLB
Thu Mar 24 03:18:40 Loaded file D:\DANH\ROBOT\ORCAD LIBS\THUVIENORCAD\THUVIENORCAD\LIBRARY\EX_GUI.LLB
Thu Mar 24 03:18:40 Loaded file D:\DANH\ROBOT\ORCAD LIBS\THUVIENORCAD\THUVIENORCAD\LIBRARY\FBUS.LLB
Thu Mar 24 03:18:40 Loaded file D:\DANH\ROBOT\ORCAD LIBS\THUVIENORCAD\THUVIENORCAD\LIBRARY\ISA.LLB
Thu Mar 24 03:18:40 Loaded file D:\DANH\ROBOT\ORCAD LIBS\THUVIENORCAD\THUVIENORCAD\LIBRARY\JUMPER.LLB
Thu Mar 24 03:18:40 Loaded file D:\DANH\ROBOT\ORCAD LIBS\THUVIENORCAD\THUVIENORCAD\LIBRARY\LAYOUT.LLB
Thu Mar 24 03:18:40 Loaded file D:\DANH\ROBOT\ORCAD LIBS\THUVIENORCAD\THUVIENORCAD\LIBRARY\LCON100T.LLB
Thu Mar 24 03:18:40 Loaded file D:\DANH\ROBOT\ORCAD LIBS\THUVIENORCAD\THUVIENORCAD\LIBRARY\LINH KIEN.LLB
Thu Mar 24 03:18:40 Loaded file D:\DANH\ROBOT\ORCAD LIBS\THUVIENORCAD\THUVIENORCAD\LIBRARY\METRIC.LLB
Thu Mar 24 03:18:40 Loaded file D:\DANH\ROBOT\ORCAD LIBS\THUVIENORCAD\THUVIENORCAD\LIBRARY\PADSTACK.LLB
Thu Mar 24 03:18:40 Loaded file D:\DANH\ROBOT\ORCAD LIBS\THUVIENORCAD\THUVIENORCAD\LIBRARY\PC104.LLB
Thu Mar 24 03:18:40 Loaded file D:\DANH\ROBOT\ORCAD LIBS\THUVIENORCAD\THUVIENORCAD\LIBRARY\PCI.LLB
Thu Mar 24 03:18:41 Loaded file D:\DANH\ROBOT\ORCAD LIBS\THUVIENORCAD\THUVIENORCAD\LIBRARY\PCON100T.LLB
Thu Mar 24 03:18:41 Loaded file D:\DANH\ROBOT\ORCAD LIBS\THUVIENORCAD\THUVIENORCAD\LIBRARY\PCON156T.LLB
Thu Mar 24 03:18:41 Loaded file D:\DANH\ROBOT\ORCAD LIBS\THUVIENORCAD\THUVIENORCAD\LIBRARY\PGA.LLB
Thu Mar 24 03:18:41 Loaded file D:\DANH\ROBOT\ORCAD LIBS\THUVIENORCAD\THUVIENORCAD\LIBRARY\PLCC.LLB
Thu Mar 24 03:18:41 Loaded file D:\DANH\ROBOT\ORCAD LIBS\THUVIENORCAD\THUVIENORCAD\LIBRARY\QUAD.LLB
Thu Mar 24 03:18:41 Loaded file D:\DANH\ROBOT\ORCAD LIBS\THUVIENORCAD\THUVIENORCAD\LIBRARY\QUADB.LLB
Thu Mar 24 03:18:41 Loaded file D:\DANH\ROBOT\ORCAD LIBS\THUVIENORCAD\THUVIENORCAD\LIBRARY\RELAY.LLB
Thu Mar 24 03:18:41 Loaded file D:\DANH\ROBOT\ORCAD LIBS\THUVIENORCAD\THUVIENORCAD\LIBRARY\RF.LLB
Thu Mar 24 03:18:41 Loaded file D:\DANH\ROBOT\ORCAD LIBS\THUVIENORCAD\THUVIENORCAD\LIBRARY\SBUS.LLB
Thu Mar 24 03:18:41 Loaded file D:\DANH\ROBOT\ORCAD LIBS\THUVIENORCAD\THUVIENORCAD\LIBRARY\SIMM050F.LLB
Thu Mar 24 03:18:41 Loaded file D:\DANH\ROBOT\ORCAD LIBS\THUVIENORCAD\THUVIENORCAD\LIBRARY\SIMM050T.LLB
Thu Mar 24 03:18:41 Loaded file D:\DANH\ROBOT\ORCAD LIBS\THUVIENORCAD\THUVIENORCAD\LIBRARY\SIMM100F.LLB
Thu Mar 24 03:18:41 Loaded file D:\DANH\ROBOT\ORCAD LIBS\THUVIENORCAD\THUVIENORCAD\LIBRARY\SIMM100T.LLB
Thu Mar 24 03:18:41 Loaded file D:\DANH\ROBOT\ORCAD LIBS\THUVIENORCAD\THUVIENORCAD\LIBRARY\SIP.LLB
Thu Mar 24 03:18:41 Loaded file D:\DANH\ROBOT\ORCAD LIBS\THUVIENORCAD\THUVIENORCAD\LIBRARY\SM.LLB
Thu Mar 24 03:18:41 Loaded file D:\DANH\ROBOT\ORCAD LIBS\THUVIENORCAD\THUVIENORCAD\LIBRARY\SOG.LLB
Thu Mar 24 03:18:41 Loaded file D:\DANH\ROBOT\ORCAD LIBS\THUVIENORCAD\THUVIENORCAD\LIBRARY\SOJ.LLB
Thu Mar 24 03:18:41 Loaded file D:\DANH\ROBOT\ORCAD LIBS\THUVIENORCAD\THUVIENORCAD\LIBRARY\STIFF.LLB
Thu Mar 24 03:18:41 Loaded file D:\DANH\ROBOT\ORCAD LIBS\THUVIENORCAD\THUVIENORCAD\LIBRARY\TELE.LLB
Thu Mar 24 03:18:41 Loaded file D:\DANH\ROBOT\ORCAD LIBS\THUVIENORCAD\THUVIENORCAD\LIBRARY\TM_AXIAL.LLB
Thu Mar 24 03:18:41 Loaded file D:\DANH\ROBOT\ORCAD LIBS\THUVIENORCAD\THUVIENORCAD\LIBRARY\TM_CAP_P.LLB
Thu Mar 24 03:18:41 Loaded file D:\DANH\ROBOT\ORCAD LIBS\THUVIENORCAD\THUVIENORCAD\LIBRARY\TM_CYLND.LLB
Thu Mar 24 03:18:41 Loaded file D:\DANH\ROBOT\ORCAD LIBS\THUVIENORCAD\THUVIENORCAD\LIBRARY\TM_DIODE.LLB
Thu Mar 24 03:18:41 Loaded file D:\DANH\ROBOT\ORCAD LIBS\THUVIENORCAD\THUVIENORCAD\LIBRARY\TM_DISC.LLB
Thu Mar 24 03:18:41 Loaded file D:\DANH\ROBOT\ORCAD LIBS\THUVIENORCAD\THUVIENORCAD\LIBRARY\TM_RAD.LLB
Thu Mar 24 03:18:41 Loaded file D:\DANH\ROBOT\ORCAD LIBS\THUVIENORCAD\THUVIENORCAD\LIBRARY\TO.LLB
Thu Mar 24 03:18:41 Loaded file D:\DANH\ROBOT\ORCAD LIBS\THUVIENORCAD\THUVIENORCAD\LIBRARY\TRAINING.LLB
Thu Mar 24 03:18:41 Loaded file D:\DANH\ROBOT\ORCAD LIBS\THUVIENORCAD\THUVIENORCAD\LIBRARY\VRES.LLB
Thu Mar 24 03:18:41 Loaded file D:\DANH\ROBOT\ORCAD LIBS\THUVIENORCAD\THUVIENORCAD\LIBRARY\WCON100T.LLB
Thu Mar 24 03:18:41 Loaded file D:\DANH\ROBOT\ORCAD LIBS\THUVIENORCAD\THUVIENORCAD\LIBRARY\XT.LLB
Thu Mar 24 03:18:41 Loaded file D:\DANH\ROBOT\ORCAD LIBS\THUVIENORCAD\THUVIENORCAD\LIBRARY\ZIGZAG.LLB
Thu Mar 24 03:18:41 Loaded file D:\DANH\ROBOT\ORCAD LIBS\THUVIENORCAD\THUVIENORCAD\HOA DOAN\HOADOAN.LLB
Thu Mar 24 03:18:41 Loaded file D:\DANH\ROBOT\ORCAD LIBS\THUVIENORCAD\THUVIENORCAD\THU VIEN\THU VIEN.LLB
Thu Mar 24 03:18:41 Loaded file D:\DANH\ROBOT\ORCAD LIBS\THU VIEN\THU VIEN.LLB
Thu Mar 24 03:18:41 Loaded file D:\DANH\ROBOT\ORCAD LIBS\ORCAD LAYOUT\T2L LAYOUT.LLB
Thu Mar 24 03:18:41 Loaded file D:\DANH\ROBOT\ORCAD LIBS\DANHLIB.LLB
Thu Mar 24 03:18:41 Loaded file D:\DANH\ROBOT\ORCAD LIBS\THUVIENORCAD\THUVIENORCAD\THUVIEN1\TIEN.LLB
Thu Mar 24 03:18:41 Saved as file D:\DANH\ROBOT\ORCAD PROJECTS\COMERCIAL PROJECTS\COM_PRJ30(MOTHER BOARD 12V)\COM_PRJ30.MAX
Thu Mar 24 03:18:41 Loaded file D:\DANH\ROBOT\ORCAD PROJECTS\COMERCIAL PROJECTS\COM_PRJ30(MOTHER BOARD 12V)\COM_PRJ30.MAX
Thu Mar 24 03:19:40 Saved as file BACKUP1.MAX
Thu Mar 24 03:19:40 Saved as file D:\DANH\ROBOT\ORCAD PROJECTS\COMERCIAL PROJECTS\COM_PRJ30(MOTHER BOARD 12V)\COM_PRJ30.MAX
Thu Mar 24 03:19:40 UserDiv from Layout.INI for AutoECO: 60
Thu Mar 24 03:19:40 Loaded file D:\DANH\ROBOT\ORCAD PROJECTS\COMERCIAL PROJECTS\COM_PRJ30(MOTHER BOARD 12V)\COM_PRJ30.MAX
Thu Mar 24 03:19:40 Loaded file D:\DANH\ROBOT\ORCAD LIBS\THUVIENORCAD\THUVIENORCAD\THUVIEN1\TIEN.LLB
Thu Mar 24 03:19:40 Loaded file D:\DANH\ROBOT\ORCAD LIBS\THUVIENORCAD\THUVIENORCAD\THUVIEN\LAYOUTMT.LLB
Thu Mar 24 03:19:40 Loaded file D:\DANH\ROBOT\ORCAD LIBS\THUVIENORCAD\THUVIENORCAD\LIBRARY ORCAD\THU VIEN ORCAD FULL\THU VIEN LAYOUT BETA 3.LLB
Thu Mar 24 03:19:40 Loaded file D:\DANH\ROBOT\ORCAD LIBS\THUVIENORCAD\THUVIENORCAD\LIBRARY ORCAD\THU VIEN ORCAD FULL\THU VIEN.LLB
Thu Mar 24 03:19:40 Loaded file D:\DANH\ROBOT\ORCAD LIBS\THUVIENORCAD\THUVIENORCAD\LIBRARY\BCON100T.LLB
Thu Mar 24 03:19:40 Loaded file D:\DANH\ROBOT\ORCAD LIBS\THUVIENORCAD\THUVIENORCAD\LIBRARY\BCON156T.LLB
Thu Mar 24 03:19:40 Loaded file D:\DANH\ROBOT\ORCAD LIBS\THUVIENORCAD\THUVIENORCAD\LIBRARY\BGA.LLB
Thu Mar 24 03:19:40 Loaded file D:\DANH\ROBOT\ORCAD LIBS\THUVIENORCAD\THUVIENORCAD\LIBRARY\CLCC.LLB
Thu Mar 24 03:19:40 Loaded file D:\DANH\ROBOT\ORCAD LIBS\THUVIENORCAD\THUVIENORCAD\LIBRARY\DCON050T.LLB
Thu Mar 24 03:19:40 Loaded file D:\DANH\ROBOT\ORCAD LIBS\THUVIENORCAD\THUVIENORCAD\LIBRARY\DCON085T.LLB
Thu Mar 24 03:19:40 Loaded file D:\DANH\ROBOT\ORCAD LIBS\THUVIENORCAD\THUVIENORCAD\LIBRARY\DIMM050F.LLB
Thu Mar 24 03:19:40 Loaded file D:\DANH\ROBOT\ORCAD LIBS\THUVIENORCAD\THUVIENORCAD\LIBRARY\DIMM050T.LLB
Thu Mar 24 03:19:40 Loaded file D:\DANH\ROBOT\ORCAD LIBS\THUVIENORCAD\THUVIENORCAD\LIBRARY\DIN.LLB
Thu Mar 24 03:19:40 Loaded file D:\DANH\ROBOT\ORCAD LIBS\THUVIENORCAD\THUVIENORCAD\LIBRARY\DIP100B.LLB
Thu Mar 24 03:19:40 Loaded file D:\DANH\ROBOT\ORCAD LIBS\THUVIENORCAD\THUVIENORCAD\LIBRARY\DIP100T.LLB
Thu Mar 24 03:19:40 Loaded file D:\DANH\ROBOT\ORCAD LIBS\THUVIENORCAD\THUVIENORCAD\LIBRARY\DSUBT.LLB
Thu Mar 24 03:19:40 Loaded file D:\DANH\ROBOT\ORCAD LIBS\THUVIENORCAD\THUVIENORCAD\LIBRARY\DSUBT_HD.LLB
Thu Mar 24 03:19:40 Loaded file D:\DANH\ROBOT\ORCAD LIBS\THUVIENORCAD\THUVIENORCAD\LIBRARY\ECON100T.LLB
Thu Mar 24 03:19:40 Loaded file D:\DANH\ROBOT\ORCAD LIBS\THUVIENORCAD\THUVIENORCAD\LIBRARY\EMPTY.LLB
Thu Mar 24 03:19:41 Loaded file D:\DANH\ROBOT\ORCAD LIBS\THUVIENORCAD\THUVIENORCAD\LIBRARY\EX_GUI.LLB
Thu Mar 24 03:19:41 Loaded file D:\DANH\ROBOT\ORCAD LIBS\THUVIENORCAD\THUVIENORCAD\LIBRARY\FBUS.LLB
Thu Mar 24 03:19:41 Loaded file D:\DANH\ROBOT\ORCAD LIBS\THUVIENORCAD\THUVIENORCAD\LIBRARY\ISA.LLB
Thu Mar 24 03:19:41 Loaded file D:\DANH\ROBOT\ORCAD LIBS\THUVIENORCAD\THUVIENORCAD\LIBRARY\JUMPER.LLB
Thu Mar 24 03:19:41 Loaded file D:\DANH\ROBOT\ORCAD LIBS\THUVIENORCAD\THUVIENORCAD\LIBRARY\LAYOUT.LLB
Thu Mar 24 03:19:41 Loaded file D:\DANH\ROBOT\ORCAD LIBS\THUVIENORCAD\THUVIENORCAD\LIBRARY\LCON100T.LLB
Thu Mar 24 03:19:41 Loaded file D:\DANH\ROBOT\ORCAD LIBS\THUVIENORCAD\THUVIENORCAD\LIBRARY\LINH KIEN.LLB
Thu Mar 24 03:19:41 Loaded file D:\DANH\ROBOT\ORCAD LIBS\THUVIENORCAD\THUVIENORCAD\LIBRARY\METRIC.LLB
Thu Mar 24 03:19:41 Loaded file D:\DANH\ROBOT\ORCAD LIBS\THUVIENORCAD\THUVIENORCAD\LIBRARY\PADSTACK.LLB
Thu Mar 24 03:19:41 Loaded file D:\DANH\ROBOT\ORCAD LIBS\THUVIENORCAD\THUVIENORCAD\LIBRARY\PC104.LLB
Thu Mar 24 03:19:41 Loaded file D:\DANH\ROBOT\ORCAD LIBS\THUVIENORCAD\THUVIENORCAD\LIBRARY\PCI.LLB
Thu Mar 24 03:19:41 Loaded file D:\DANH\ROBOT\ORCAD LIBS\THUVIENORCAD\THUVIENORCAD\LIBRARY\PCON100T.LLB
Thu Mar 24 03:19:41 Loaded file D:\DANH\ROBOT\ORCAD LIBS\THUVIENORCAD\THUVIENORCAD\LIBRARY\PCON156T.LLB
Thu Mar 24 03:19:41 Loaded file D:\DANH\ROBOT\ORCAD LIBS\THUVIENORCAD\THUVIENORCAD\LIBRARY\PGA.LLB
Thu Mar 24 03:19:41 Loaded file D:\DANH\ROBOT\ORCAD LIBS\THUVIENORCAD\THUVIENORCAD\LIBRARY\PLCC.LLB
Thu Mar 24 03:19:41 Loaded file D:\DANH\ROBOT\ORCAD LIBS\THUVIENORCAD\THUVIENORCAD\LIBRARY\QUAD.LLB
Thu Mar 24 03:19:41 Loaded file D:\DANH\ROBOT\ORCAD LIBS\THUVIENORCAD\THUVIENORCAD\LIBRARY\QUADB.LLB
Thu Mar 24 03:19:41 Loaded file D:\DANH\ROBOT\ORCAD LIBS\THUVIENORCAD\THUVIENORCAD\LIBRARY\RELAY.LLB
Thu Mar 24 03:19:41 Loaded file D:\DANH\ROBOT\ORCAD LIBS\THUVIENORCAD\THUVIENORCAD\LIBRARY\RF.LLB
Thu Mar 24 03:19:41 Loaded file D:\DANH\ROBOT\ORCAD LIBS\THUVIENORCAD\THUVIENORCAD\LIBRARY\SBUS.LLB
Thu Mar 24 03:19:41 Loaded file D:\DANH\ROBOT\ORCAD LIBS\THUVIENORCAD\THUVIENORCAD\LIBRARY\SIMM050F.LLB
Thu Mar 24 03:19:41 Loaded file D:\DANH\ROBOT\ORCAD LIBS\THUVIENORCAD\THUVIENORCAD\LIBRARY\SIMM050T.LLB
Thu Mar 24 03:19:41 Loaded file D:\DANH\ROBOT\ORCAD LIBS\THUVIENORCAD\THUVIENORCAD\LIBRARY\SIMM100F.LLB
Thu Mar 24 03:19:41 Loaded file D:\DANH\ROBOT\ORCAD LIBS\THUVIENORCAD\THUVIENORCAD\LIBRARY\SIMM100T.LLB
Thu Mar 24 03:19:41 Loaded file D:\DANH\ROBOT\ORCAD LIBS\THUVIENORCAD\THUVIENORCAD\LIBRARY\SIP.LLB
Thu Mar 24 03:19:41 Loaded file D:\DANH\ROBOT\ORCAD LIBS\THUVIENORCAD\THUVIENORCAD\LIBRARY\SM.LLB
Thu Mar 24 03:19:41 Loaded file D:\DANH\ROBOT\ORCAD LIBS\THUVIENORCAD\THUVIENORCAD\LIBRARY\SOG.LLB
Thu Mar 24 03:19:41 Loaded file D:\DANH\ROBOT\ORCAD LIBS\THUVIENORCAD\THUVIENORCAD\LIBRARY\SOJ.LLB
Thu Mar 24 03:19:41 Loaded file D:\DANH\ROBOT\ORCAD LIBS\THUVIENORCAD\THUVIENORCAD\LIBRARY\STIFF.LLB
Thu Mar 24 03:19:41 Loaded file D:\DANH\ROBOT\ORCAD LIBS\THUVIENORCAD\THUVIENORCAD\LIBRARY\TELE.LLB
Thu Mar 24 03:19:41 Loaded file D:\DANH\ROBOT\ORCAD LIBS\THUVIENORCAD\THUVIENORCAD\LIBRARY\TM_AXIAL.LLB
Thu Mar 24 03:19:41 Loaded file D:\DANH\ROBOT\ORCAD LIBS\THUVIENORCAD\THUVIENORCAD\LIBRARY\TM_CAP_P.LLB
Thu Mar 24 03:19:41 Loaded file D:\DANH\ROBOT\ORCAD LIBS\THUVIENORCAD\THUVIENORCAD\LIBRARY\TM_CYLND.LLB
Thu Mar 24 03:19:41 Loaded file D:\DANH\ROBOT\ORCAD LIBS\THUVIENORCAD\THUVIENORCAD\LIBRARY\TM_DIODE.LLB
Thu Mar 24 03:19:41 Loaded file D:\DANH\ROBOT\ORCAD LIBS\THUVIENORCAD\THUVIENORCAD\LIBRARY\TM_DISC.LLB
Thu Mar 24 03:19:41 Loaded file D:\DANH\ROBOT\ORCAD LIBS\THUVIENORCAD\THUVIENORCAD\LIBRARY\TM_RAD.LLB
Thu Mar 24 03:19:41 Loaded file D:\DANH\ROBOT\ORCAD LIBS\THUVIENORCAD\THUVIENORCAD\LIBRARY\TO.LLB
Thu Mar 24 03:19:41 Loaded file D:\DANH\ROBOT\ORCAD LIBS\THUVIENORCAD\THUVIENORCAD\LIBRARY\TRAINING.LLB
Thu Mar 24 03:19:41 Loaded file D:\DANH\ROBOT\ORCAD LIBS\THUVIENORCAD\THUVIENORCAD\LIBRARY\VRES.LLB
Thu Mar 24 03:19:41 Loaded file D:\DANH\ROBOT\ORCAD LIBS\THUVIENORCAD\THUVIENORCAD\LIBRARY\WCON100T.LLB
Thu Mar 24 03:19:41 Loaded file D:\DANH\ROBOT\ORCAD LIBS\THUVIENORCAD\THUVIENORCAD\LIBRARY\XT.LLB
Thu Mar 24 03:19:41 Loaded file D:\DANH\ROBOT\ORCAD LIBS\THUVIENORCAD\THUVIENORCAD\LIBRARY\ZIGZAG.LLB
Thu Mar 24 03:19:41 Loaded file D:\DANH\ROBOT\ORCAD LIBS\THUVIENORCAD\THUVIENORCAD\HOA DOAN\HOADOAN.LLB
Thu Mar 24 03:19:41 Loaded file D:\DANH\ROBOT\ORCAD LIBS\THUVIENORCAD\THUVIENORCAD\THU VIEN\THU VIEN.LLB
Thu Mar 24 03:19:41 Loaded file D:\DANH\ROBOT\ORCAD LIBS\THU VIEN\THU VIEN.LLB
Thu Mar 24 03:19:41 Loaded file D:\DANH\ROBOT\ORCAD LIBS\ORCAD LAYOUT\T2L LAYOUT.LLB
Thu Mar 24 03:19:41 Loaded file D:\DANH\ROBOT\ORCAD LIBS\DANHLIB.LLB
Thu Mar 24 03:19:41 Saved as file D:\DANH\ROBOT\ORCAD PROJECTS\COMERCIAL PROJECTS\COM_PRJ30(MOTHER BOARD 12V)\COM_PRJ30.MAX
Thu Mar 24 03:19:41 Loaded file D:\DANH\ROBOT\ORCAD PROJECTS\COMERCIAL PROJECTS\COM_PRJ30(MOTHER BOARD 12V)\COM_PRJ30.MAX
Thu Mar 24 03:20:33 Saved as file D:\DANH\ROBOT\ORCAD PROJECTS\COMERCIAL PROJECTS\COM_PRJ30(MOTHER BOARD 12V)\COM_PRJ30.MAX
Thu Mar 24 03:20:33 Saved as file D:\DANH\ROBOT\ORCAD PROJECTS\COMERCIAL PROJECTS\COM_PRJ30(MOTHER BOARD 12V)\COM_PRJ30.MAX
Thu Mar 24 03:23:51 Loaded file C:\Program Files\Orcad\Layout_Plus\data\template.imp
Thu Mar 24 03:23:51 Loaded file C:\Program Files\Orcad\Layout_Plus\data\template.imp
Thu Mar 24 03:23:51 Loaded file C:\Program Files\Orcad\Layout_Plus\data\template.imp
Thu Mar 24 03:23:51 Loaded file C:\Program Files\Orcad\Layout_Plus\data\template.imp
Thu Mar 24 03:23:56 Loaded file D:\DANH\ROBOT\ORCAD LIBS\DANHLIB.LLB
Thu Mar 24 03:23:58 Loaded file C:\Program Files\Orcad\Layout_Plus\data\template.imp
Thu Mar 24 03:24:06 Loaded file C:\Program Files\Orcad\Layout_Plus\data\template.imp
Thu Mar 24 03:24:06 Loaded file C:\Program Files\Orcad\Layout_Plus\data\template.imp
Thu Mar 24 03:24:06 Loaded file C:\Program Files\Orcad\Layout_Plus\data\template.imp
Thu Mar 24 03:24:06 Loaded file C:\Program Files\Orcad\Layout_Plus\data\template.imp
Thu Mar 24 03:24:10 Loaded file D:\DANH\ROBOT\ORCAD LIBS\DANHLIB.LLB
Thu Mar 24 03:24:11 Loaded file C:\Program Files\Orcad\Layout_Plus\data\template.imp
Thu Mar 24 03:25:20 Saved as file D:\DANH\ROBOT\ORCAD PROJECTS\COMERCIAL PROJECTS\COM_PRJ30(MOTHER BOARD 12V)\COM_PRJ30.MAX
Thu Mar 24 03:25:55 Saved as file BACKUP1.MAX
Thu Mar 24 03:28:15 Saved as file D:\DANH\ROBOT\ORCAD PROJECTS\COMERCIAL PROJECTS\COM_PRJ30(MOTHER BOARD 12V)\COM_PRJ30.MAX
Thu Mar 24 03:28:36 Saved as file D:\DANH\ROBOT\ORCAD PROJECTS\COMERCIAL PROJECTS\COM_PRJ30(MOTHER BOARD 12V)\COM_PRJ30.MAX
Thu Mar 24 03:28:46 Saved as file D:\DANH\ROBOT\ORCAD PROJECTS\COMERCIAL PROJECTS\COM_PRJ30(MOTHER BOARD 12V)\COM_PRJ30.MAX
Thu Mar 24 03:28:58 Loaded file C:\Program Files\Orcad\Layout_Plus\data\template.imp
Thu Mar 24 03:28:58 Loaded file C:\Program Files\Orcad\Layout_Plus\data\template.imp
Thu Mar 24 03:28:58 Loaded file C:\Program Files\Orcad\Layout_Plus\data\template.imp
Thu Mar 24 03:28:58 Loaded file C:\Program Files\Orcad\Layout_Plus\data\template.imp
Thu Mar 24 03:29:07 Loaded file C:\Program Files\Orcad\Layout_Plus\data\template.imp
Thu Mar 24 03:29:07 Loaded file C:\Program Files\Orcad\Layout_Plus\data\template.imp
Thu Mar 24 03:29:07 Loaded file C:\Program Files\Orcad\Layout_Plus\data\template.imp
Thu Mar 24 03:29:08 Loaded file C:\Program Files\Orcad\Layout_Plus\data\template.imp
Thu Mar 24 03:29:26 Loaded file D:\DANH\ROBOT\ORCAD LIBS\DANHLIB.LLB
Thu Mar 24 03:29:32 Loaded file C:\Program Files\Orcad\Layout_Plus\data\template.imp
Thu Mar 24 03:29:55 Loaded file C:\Program Files\Orcad\Layout_Plus\data\template.imp
Thu Mar 24 03:29:55 Loaded file C:\Program Files\Orcad\Layout_Plus\data\template.imp
Thu Mar 24 03:29:55 Loaded file C:\Program Files\Orcad\Layout_Plus\data\template.imp
Thu Mar 24 03:29:55 Loaded file C:\Program Files\Orcad\Layout_Plus\data\template.imp
Thu Mar 24 03:30:00 Loaded file D:\DANH\ROBOT\ORCAD LIBS\DANHLIB.LLB
Thu Mar 24 03:30:03 Loaded file C:\Program Files\Orcad\Layout_Plus\data\template.imp
Thu Mar 24 03:30:06 Loaded file C:\Program Files\Orcad\Layout_Plus\data\template.imp
Thu Mar 24 03:30:08 Loaded file C:\Program Files\Orcad\Layout_Plus\data\template.imp
Thu Mar 24 03:30:29 Saved as file D:\DANH\ROBOT\ORCAD PROJECTS\COMERCIAL PROJECTS\COM_PRJ30(MOTHER BOARD 12V)\COM_PRJ30.MAX
Thu Mar 24 03:31:39 Saved as file D:\DANH\ROBOT\ORCAD PROJECTS\COMERCIAL PROJECTS\COM_PRJ30(MOTHER BOARD 12V)\COM_PRJ30.MAX
Thu Mar 24 03:31:40 Saved as file D:\DANH\ROBOT\ORCAD PROJECTS\COMERCIAL PROJECTS\COM_PRJ30(MOTHER BOARD 12V)\COM_PRJ30.MAX
Thu Mar 24 03:31:40 Saved as file D:\DANH\ROBOT\ORCAD PROJECTS\COMERCIAL PROJECTS\COM_PRJ30(MOTHER BOARD 12V)\COM_PRJ30.MAX
Thu Mar 24 03:31:42 No new connections routed.
Thu Mar 24 03:31:42 Total is now 0 out of 20 (0%).
Thu Mar 24 03:31:42 Saved as file SWEEP1.MAX
Thu Mar 24 03:31:43 Saved as file BACKUP1.MAX
Thu Mar 24 03:31:43 Routed 19 connections in 1 seconds.
Thu Mar 24 03:31:43 Total is now 19 out of 20 (95%).
Thu Mar 24 03:31:43 Saved as file SWEEP2.MAX
Thu Mar 24 03:31:45 No new connections routed.
Thu Mar 24 03:31:45 Total is now 19 out of 20 (95%).
Thu Mar 24 03:31:45 Saved as file SWEEP3.MAX
Thu Mar 24 03:31:52 No new connections routed.
Thu Mar 24 03:31:52 Total is now 19 out of 20 (95%).
Thu Mar 24 03:31:52 Saved as file SWEEP4.MAX
Thu Mar 24 03:32:00 No new connections routed.
Thu Mar 24 03:32:00 Total is now 19 out of 20 (95%).
Thu Mar 24 03:32:00 Saved as file SWEEP5.MAX
Thu Mar 24 03:34:29 Saved as file D:\DANH\ROBOT\ORCAD PROJECTS\COMERCIAL PROJECTS\COM_PRJ30(MOTHER BOARD 12V)\COM_PRJ30.MAX
Thu Mar 24 03:37:16 Saved as file D:\DANH\ROBOT\ORCAD PROJECTS\COMERCIAL PROJECTS\COM_PRJ30(MOTHER BOARD 12V)\COM_PRJ30.MAX
Thu Mar 24 03:37:55 Saved as file BACKUP1.MAX
Thu Mar 24 03:41:29 Saved as file D:\DANH\ROBOT\ORCAD PROJECTS\COMERCIAL PROJECTS\COM_PRJ30(MOTHER BOARD 12V)\COM_PRJ30.MAX
Thu Mar 24 03:43:01 Saved as file D:\DANH\ROBOT\ORCAD PROJECTS\COMERCIAL PROJECTS\COM_PRJ30(MOTHER BOARD 12V)\COM_PRJ30.MAX
Thu Mar 24 03:49:25 Saved as file BACKUP1.MAX
Thu Mar 24 03:59:55 Saved as file BACKUP1.MAX
Thu Mar 24 04:10:25 Saved as file BACKUP1.MAX
Thu Mar 24 04:20:55 Saved as file BACKUP1.MAX
Thu Mar 24 04:21:55 Error code 0034.912 (266)
Thu Mar 24 04:21:55 Saved as file Backup0.max
Thu Mar 24 04:21:55 Windows which were open at time of error:
Thu Mar 24 04:21:55 	ActiveWindow: &Route
Thu Mar 24 04:21:55 	Icon: &Components
Thu Mar 24 04:21:55 	Icon: Post Proces&s
Thu Mar 24 04:21:55 	Icon: &Nets
Thu Mar 24 04:21:55 End-of-list
Thu Mar 24 04:21:57 Error code 0034.912 (266)
Thu Mar 24 05:03:06 Saved as file BACKUP1.MAX
Thu Mar 24 05:03:06 Saved as file D:\DANH\ROBOT\ORCAD PROJECTS\COMERCIAL PROJECTS\COM_PRJ30(MOTHER BOARD 12V)\COM_PRJ30.MAX
Thu Mar 24 05:03:07 UserDiv from Layout.INI for AutoECO: 60
Thu Mar 24 05:03:07 Loaded file D:\DANH\ROBOT\ORCAD PROJECTS\COMERCIAL PROJECTS\COM_PRJ30(MOTHER BOARD 12V)\COM_PRJ30.MAX
Thu Mar 24 05:03:07 Loaded file D:\DANH\ROBOT\ORCAD LIBS\THUVIENORCAD\THUVIENORCAD\THUVIEN1\TIEN.LLB
Thu Mar 24 05:03:07 Loaded file D:\DANH\ROBOT\ORCAD LIBS\THUVIENORCAD\THUVIENORCAD\THUVIEN\LAYOUTMT.LLB
Thu Mar 24 05:03:07 Loaded file D:\DANH\ROBOT\ORCAD LIBS\THUVIENORCAD\THUVIENORCAD\LIBRARY ORCAD\THU VIEN ORCAD FULL\THU VIEN LAYOUT BETA 3.LLB
Thu Mar 24 05:03:07 Loaded file D:\DANH\ROBOT\ORCAD LIBS\THUVIENORCAD\THUVIENORCAD\LIBRARY ORCAD\THU VIEN ORCAD FULL\THU VIEN.LLB
Thu Mar 24 05:03:07 Loaded file D:\DANH\ROBOT\ORCAD LIBS\THUVIENORCAD\THUVIENORCAD\LIBRARY\BCON100T.LLB
Thu Mar 24 05:03:07 Loaded file D:\DANH\ROBOT\ORCAD LIBS\THUVIENORCAD\THUVIENORCAD\LIBRARY\BCON156T.LLB
Thu Mar 24 05:03:07 Loaded file D:\DANH\ROBOT\ORCAD LIBS\THUVIENORCAD\THUVIENORCAD\LIBRARY\BGA.LLB
Thu Mar 24 05:03:07 Loaded file D:\DANH\ROBOT\ORCAD LIBS\THUVIENORCAD\THUVIENORCAD\LIBRARY\CLCC.LLB
Thu Mar 24 05:03:07 Loaded file D:\DANH\ROBOT\ORCAD LIBS\THUVIENORCAD\THUVIENORCAD\LIBRARY\DCON050T.LLB
Thu Mar 24 05:03:07 Loaded file D:\DANH\ROBOT\ORCAD LIBS\THUVIENORCAD\THUVIENORCAD\LIBRARY\DCON085T.LLB
Thu Mar 24 05:03:07 Loaded file D:\DANH\ROBOT\ORCAD LIBS\THUVIENORCAD\THUVIENORCAD\LIBRARY\DIMM050F.LLB
Thu Mar 24 05:03:07 Loaded file D:\DANH\ROBOT\ORCAD LIBS\THUVIENORCAD\THUVIENORCAD\LIBRARY\DIMM050T.LLB
Thu Mar 24 05:03:07 Loaded file D:\DANH\ROBOT\ORCAD LIBS\THUVIENORCAD\THUVIENORCAD\LIBRARY\DIN.LLB
Thu Mar 24 05:03:07 Loaded file D:\DANH\ROBOT\ORCAD LIBS\THUVIENORCAD\THUVIENORCAD\LIBRARY\DIP100B.LLB
Thu Mar 24 05:03:07 Loaded file D:\DANH\ROBOT\ORCAD LIBS\THUVIENORCAD\THUVIENORCAD\LIBRARY\DIP100T.LLB
Thu Mar 24 05:03:07 Loaded file D:\DANH\ROBOT\ORCAD LIBS\THUVIENORCAD\THUVIENORCAD\LIBRARY\DSUBT.LLB
Thu Mar 24 05:03:07 Loaded file D:\DANH\ROBOT\ORCAD LIBS\THUVIENORCAD\THUVIENORCAD\LIBRARY\DSUBT_HD.LLB
Thu Mar 24 05:03:07 Loaded file D:\DANH\ROBOT\ORCAD LIBS\THUVIENORCAD\THUVIENORCAD\LIBRARY\ECON100T.LLB
Thu Mar 24 05:03:07 Loaded file D:\DANH\ROBOT\ORCAD LIBS\THUVIENORCAD\THUVIENORCAD\LIBRARY\EMPTY.LLB
Thu Mar 24 05:03:07 Loaded file D:\DANH\ROBOT\ORCAD LIBS\THUVIENORCAD\THUVIENORCAD\LIBRARY\EX_GUI.LLB
Thu Mar 24 05:03:07 Loaded file D:\DANH\ROBOT\ORCAD LIBS\THUVIENORCAD\THUVIENORCAD\LIBRARY\FBUS.LLB
Thu Mar 24 05:03:07 Loaded file D:\DANH\ROBOT\ORCAD LIBS\THUVIENORCAD\THUVIENORCAD\LIBRARY\ISA.LLB
Thu Mar 24 05:03:07 Loaded file D:\DANH\ROBOT\ORCAD LIBS\THUVIENORCAD\THUVIENORCAD\LIBRARY\JUMPER.LLB
Thu Mar 24 05:03:07 Loaded file D:\DANH\ROBOT\ORCAD LIBS\THUVIENORCAD\THUVIENORCAD\LIBRARY\LAYOUT.LLB
Thu Mar 24 05:03:07 Loaded file D:\DANH\ROBOT\ORCAD LIBS\THUVIENORCAD\THUVIENORCAD\LIBRARY\LCON100T.LLB
Thu Mar 24 05:03:07 Loaded file D:\DANH\ROBOT\ORCAD LIBS\THUVIENORCAD\THUVIENORCAD\LIBRARY\LINH KIEN.LLB
Thu Mar 24 05:03:07 Loaded file D:\DANH\ROBOT\ORCAD LIBS\THUVIENORCAD\THUVIENORCAD\LIBRARY\METRIC.LLB
Thu Mar 24 05:03:07 Loaded file D:\DANH\ROBOT\ORCAD LIBS\THUVIENORCAD\THUVIENORCAD\LIBRARY\PADSTACK.LLB
Thu Mar 24 05:03:07 Loaded file D:\DANH\ROBOT\ORCAD LIBS\THUVIENORCAD\THUVIENORCAD\LIBRARY\PC104.LLB
Thu Mar 24 05:03:07 Loaded file D:\DANH\ROBOT\ORCAD LIBS\THUVIENORCAD\THUVIENORCAD\LIBRARY\PCI.LLB
Thu Mar 24 05:03:07 Loaded file D:\DANH\ROBOT\ORCAD LIBS\THUVIENORCAD\THUVIENORCAD\LIBRARY\PCON100T.LLB
Thu Mar 24 05:03:07 Loaded file D:\DANH\ROBOT\ORCAD LIBS\THUVIENORCAD\THUVIENORCAD\LIBRARY\PCON156T.LLB
Thu Mar 24 05:03:07 Loaded file D:\DANH\ROBOT\ORCAD LIBS\THUVIENORCAD\THUVIENORCAD\LIBRARY\PGA.LLB
Thu Mar 24 05:03:07 Loaded file D:\DANH\ROBOT\ORCAD LIBS\THUVIENORCAD\THUVIENORCAD\LIBRARY\PLCC.LLB
Thu Mar 24 05:03:07 Loaded file D:\DANH\ROBOT\ORCAD LIBS\THUVIENORCAD\THUVIENORCAD\LIBRARY\QUAD.LLB
Thu Mar 24 05:03:07 Loaded file D:\DANH\ROBOT\ORCAD LIBS\THUVIENORCAD\THUVIENORCAD\LIBRARY\QUADB.LLB
Thu Mar 24 05:03:07 Loaded file D:\DANH\ROBOT\ORCAD LIBS\THUVIENORCAD\THUVIENORCAD\LIBRARY\RELAY.LLB
Thu Mar 24 05:03:07 Loaded file D:\DANH\ROBOT\ORCAD LIBS\THUVIENORCAD\THUVIENORCAD\LIBRARY\RF.LLB
Thu Mar 24 05:03:07 Loaded file D:\DANH\ROBOT\ORCAD LIBS\THUVIENORCAD\THUVIENORCAD\LIBRARY\SBUS.LLB
Thu Mar 24 05:03:07 Loaded file D:\DANH\ROBOT\ORCAD LIBS\THUVIENORCAD\THUVIENORCAD\LIBRARY\SIMM050F.LLB
Thu Mar 24 05:03:07 Loaded file D:\DANH\ROBOT\ORCAD LIBS\THUVIENORCAD\THUVIENORCAD\LIBRARY\SIMM050T.LLB
Thu Mar 24 05:03:07 Loaded file D:\DANH\ROBOT\ORCAD LIBS\THUVIENORCAD\THUVIENORCAD\LIBRARY\SIMM100F.LLB
Thu Mar 24 05:03:07 Loaded file D:\DANH\ROBOT\ORCAD LIBS\THUVIENORCAD\THUVIENORCAD\LIBRARY\SIMM100T.LLB
Thu Mar 24 05:03:07 Loaded file D:\DANH\ROBOT\ORCAD LIBS\THUVIENORCAD\THUVIENORCAD\LIBRARY\SIP.LLB
Thu Mar 24 05:03:07 Loaded file D:\DANH\ROBOT\ORCAD LIBS\THUVIENORCAD\THUVIENORCAD\LIBRARY\SM.LLB
Thu Mar 24 05:03:07 Loaded file D:\DANH\ROBOT\ORCAD LIBS\THUVIENORCAD\THUVIENORCAD\LIBRARY\SOG.LLB
Thu Mar 24 05:03:07 Loaded file D:\DANH\ROBOT\ORCAD LIBS\THUVIENORCAD\THUVIENORCAD\LIBRARY\SOJ.LLB
Thu Mar 24 05:03:07 Loaded file D:\DANH\ROBOT\ORCAD LIBS\THUVIENORCAD\THUVIENORCAD\LIBRARY\STIFF.LLB
Thu Mar 24 05:03:07 Loaded file D:\DANH\ROBOT\ORCAD LIBS\THUVIENORCAD\THUVIENORCAD\LIBRARY\TELE.LLB
Thu Mar 24 05:03:07 Loaded file D:\DANH\ROBOT\ORCAD LIBS\THUVIENORCAD\THUVIENORCAD\LIBRARY\TM_AXIAL.LLB
Thu Mar 24 05:03:07 Loaded file D:\DANH\ROBOT\ORCAD LIBS\THUVIENORCAD\THUVIENORCAD\LIBRARY\TM_CAP_P.LLB
Thu Mar 24 05:03:07 Loaded file D:\DANH\ROBOT\ORCAD LIBS\THUVIENORCAD\THUVIENORCAD\LIBRARY\TM_CYLND.LLB
Thu Mar 24 05:03:07 Loaded file D:\DANH\ROBOT\ORCAD LIBS\THUVIENORCAD\THUVIENORCAD\LIBRARY\TM_DIODE.LLB
Thu Mar 24 05:03:07 Loaded file D:\DANH\ROBOT\ORCAD LIBS\THUVIENORCAD\THUVIENORCAD\LIBRARY\TM_DISC.LLB
Thu Mar 24 05:03:07 Loaded file D:\DANH\ROBOT\ORCAD LIBS\THUVIENORCAD\THUVIENORCAD\LIBRARY\TM_RAD.LLB
Thu Mar 24 05:03:07 Loaded file D:\DANH\ROBOT\ORCAD LIBS\THUVIENORCAD\THUVIENORCAD\LIBRARY\TO.LLB
Thu Mar 24 05:03:07 Loaded file D:\DANH\ROBOT\ORCAD LIBS\THUVIENORCAD\THUVIENORCAD\LIBRARY\TRAINING.LLB
Thu Mar 24 05:03:07 Loaded file D:\DANH\ROBOT\ORCAD LIBS\THUVIENORCAD\THUVIENORCAD\LIBRARY\VRES.LLB
Thu Mar 24 05:03:07 Loaded file D:\DANH\ROBOT\ORCAD LIBS\THUVIENORCAD\THUVIENORCAD\LIBRARY\WCON100T.LLB
Thu Mar 24 05:03:07 Loaded file D:\DANH\ROBOT\ORCAD LIBS\THUVIENORCAD\THUVIENORCAD\LIBRARY\XT.LLB
Thu Mar 24 05:03:07 Loaded file D:\DANH\ROBOT\ORCAD LIBS\THUVIENORCAD\THUVIENORCAD\LIBRARY\ZIGZAG.LLB
Thu Mar 24 05:03:07 Loaded file D:\DANH\ROBOT\ORCAD LIBS\THUVIENORCAD\THUVIENORCAD\HOA DOAN\HOADOAN.LLB
Thu Mar 24 05:03:07 Loaded file D:\DANH\ROBOT\ORCAD LIBS\THUVIENORCAD\THUVIENORCAD\THU VIEN\THU VIEN.LLB
Thu Mar 24 05:03:07 Loaded file D:\DANH\ROBOT\ORCAD LIBS\THU VIEN\THU VIEN.LLB
Thu Mar 24 05:03:08 Loaded file D:\DANH\ROBOT\ORCAD LIBS\ORCAD LAYOUT\T2L LAYOUT.LLB
Thu Mar 24 05:03:08 Loaded file D:\DANH\ROBOT\ORCAD LIBS\DANHLIB.LLB
Thu Mar 24 05:03:08 Saved as file D:\DANH\ROBOT\ORCAD PROJECTS\COMERCIAL PROJECTS\COM_PRJ30(MOTHER BOARD 12V)\COM_PRJ30.MAX
Thu Mar 24 05:03:08 Loaded file D:\DANH\ROBOT\ORCAD PROJECTS\COMERCIAL PROJECTS\COM_PRJ30(MOTHER BOARD 12V)\COM_PRJ30.MAX
Thu Mar 24 05:03:40 Saved as file BACKUP1.MAX
Thu Mar 24 05:03:40 No new connections routed.
Thu Mar 24 05:03:40 Total is now 0 out of 20 (0%).
Thu Mar 24 05:03:40 Saved as file SWEEP1.MAX
Thu Mar 24 05:03:42 Saved as file BACKUP1.MAX
Thu Mar 24 05:03:42 Routed 19 connections in 1 seconds.
Thu Mar 24 05:03:42 Total is now 19 out of 20 (95%).
Thu Mar 24 05:03:42 Saved as file SWEEP2.MAX
Thu Mar 24 05:03:44 No new connections routed.
Thu Mar 24 05:03:44 Total is now 19 out of 20 (95%).
Thu Mar 24 05:03:44 Saved as file SWEEP3.MAX
Thu Mar 24 05:03:51 No new connections routed.
Thu Mar 24 05:03:51 Total is now 19 out of 20 (95%).
Thu Mar 24 05:03:51 Saved as file SWEEP4.MAX
Thu Mar 24 05:03:57 No new connections routed.
Thu Mar 24 05:03:57 Total is now 19 out of 20 (95%).
Thu Mar 24 05:03:57 Saved as file SWEEP5.MAX
Thu Mar 24 05:04:44 Saved as file D:\DANH\ROBOT\ORCAD PROJECTS\COMERCIAL PROJECTS\COM_PRJ30(MOTHER BOARD 12V)\COM_PRJ30.MAX
Thu Mar 24 05:05:09 No new connections routed.
Thu Mar 24 05:05:09 Total is now 0 out of 20 (0%).
Thu Mar 24 05:05:09 Saved as file SWEEP1.MAX
Thu Mar 24 05:05:11 Saved as file BACKUP1.MAX
Thu Mar 24 05:05:11 Routed 19 connections in 1 seconds.
Thu Mar 24 05:05:11 Total is now 19 out of 20 (95%).
Thu Mar 24 05:05:11 Saved as file SWEEP2.MAX
Thu Mar 24 05:05:13 No new connections routed.
Thu Mar 24 05:05:13 Total is now 19 out of 20 (95%).
Thu Mar 24 05:05:13 Saved as file SWEEP3.MAX
Thu Mar 24 05:05:19 No new connections routed.
Thu Mar 24 05:05:19 Total is now 19 out of 20 (95%).
Thu Mar 24 05:05:19 Saved as file SWEEP4.MAX
Thu Mar 24 05:05:26 No new connections routed.
Thu Mar 24 05:05:26 Total is now 19 out of 20 (95%).
Thu Mar 24 05:05:26 Saved as file SWEEP5.MAX
Thu Mar 24 05:08:32 Saved as file BACKUP1.MAX
Thu Mar 24 05:08:32 No new connections routed.
Thu Mar 24 05:08:32 Total is now 0 out of 20 (0%).
Thu Mar 24 05:08:32 Saved as file SWEEP1.MAX
Thu Mar 24 05:08:35 Saved as file BACKUP1.MAX
Thu Mar 24 05:08:35 Routed 17 connections in 2 seconds.
Thu Mar 24 05:08:35 Total is now 17 out of 20 (85%).
Thu Mar 24 05:08:35 Saved as file SWEEP2.MAX
Thu Mar 24 05:08:37 No new connections routed.
Thu Mar 24 05:08:37 Total is now 17 out of 20 (85%).
Thu Mar 24 05:08:37 Saved as file SWEEP3.MAX
Thu Mar 24 05:08:39 No new connections routed.
Thu Mar 24 05:08:39 Total is now 17 out of 20 (85%).
Thu Mar 24 05:08:39 Saved as file SWEEP4.MAX
Thu Mar 24 05:08:41 No new connections routed.
Thu Mar 24 05:08:41 Total is now 17 out of 20 (85%).
Thu Mar 24 05:08:41 Saved as file SWEEP5.MAX
Thu Mar 24 05:10:18 Saved as file D:\DANH\ROBOT\ORCAD PROJECTS\COMERCIAL PROJECTS\COM_PRJ30(MOTHER BOARD 12V)\COM_PRJ30.MAX
Thu Mar 24 05:10:22 No new connections routed.
Thu Mar 24 05:10:22 Total is now 0 out of 20 (0%).
Thu Mar 24 05:10:22 Saved as file SWEEP1.MAX
Thu Mar 24 05:10:23 Saved as file BACKUP1.MAX
Thu Mar 24 05:10:23 Routed 18 connections in 1 seconds.
Thu Mar 24 05:10:23 Total is now 18 out of 20 (90%).
Thu Mar 24 05:10:23 Saved as file SWEEP2.MAX
Thu Mar 24 05:10:24 No new connections routed.
Thu Mar 24 05:10:24 Total is now 18 out of 20 (90%).
Thu Mar 24 05:10:24 Saved as file SWEEP3.MAX
Thu Mar 24 05:10:32 No new connections routed.
Thu Mar 24 05:10:32 Total is now 18 out of 20 (90%).
Thu Mar 24 05:10:32 Saved as file SWEEP4.MAX
Thu Mar 24 05:10:41 No new connections routed.
Thu Mar 24 05:10:41 Total is now 18 out of 20 (90%).
Thu Mar 24 05:10:41 Saved as file SWEEP5.MAX
Thu Mar 24 05:12:47 Saved as file temp_0_0.max
Thu Mar 24 05:12:47 Saved as file D:\DANH\ROBOT\ORCAD PROJECTS\COMERCIAL PROJECTS\COM_PRJ30(MOTHER BOARD 12V)\COM_PRJ30.MAX
Thu Mar 24 05:12:47 Loaded file temp_0_0.max
Thu Mar 24 05:13:07 Saved as file BACKUP1.MAX
Thu Mar 24 05:14:02 Saved as file D:\DANH\ROBOT\ORCAD PROJECTS\COMERCIAL PROJECTS\COM_PRJ30(MOTHER BOARD 12V)\COM_PRJ30.MAX
Thu Mar 24 05:14:02 Saved as file D:\DANH\ROBOT\ORCAD PROJECTS\COMERCIAL PROJECTS\COM_PRJ30(MOTHER BOARD 12V)\COM_PRJ30.MAX
Thu Mar 24 05:14:12 No new connections routed.
Thu Mar 24 05:14:12 Total is now 0 out of 20 (0%).
Thu Mar 24 05:14:12 Saved as file SWEEP1.MAX
Thu Mar 24 05:14:13 Saved as file BACKUP1.MAX
Thu Mar 24 05:14:13 Routed 19 connections in 1 seconds.
Thu Mar 24 05:14:13 Total is now 19 out of 20 (95%).
Thu Mar 24 05:14:13 Saved as file SWEEP2.MAX
Thu Mar 24 05:14:15 No new connections routed.
Thu Mar 24 05:14:15 Total is now 19 out of 20 (95%).
Thu Mar 24 05:14:15 Saved as file SWEEP3.MAX
Thu Mar 24 05:14:21 No new connections routed.
Thu Mar 24 05:14:21 Total is now 19 out of 20 (95%).
Thu Mar 24 05:14:21 Saved as file SWEEP4.MAX
Thu Mar 24 05:14:22 No new connections routed.
Thu Mar 24 05:14:22 Total is now 19 out of 20 (95%).
Thu Mar 24 05:14:22 Saved as file SWEEP5.MAX
Thu Mar 24 05:15:37 Saved as file BACKUP1.MAX
Thu Mar 24 05:15:37 No new connections routed.
Thu Mar 24 05:15:37 Total is now 0 out of 20 (0%).
Thu Mar 24 05:15:37 Saved as file SWEEP1.MAX
Thu Mar 24 05:15:38 Saved as file BACKUP1.MAX
Thu Mar 24 05:15:38 Routed 20 connections in 0 seconds.
Thu Mar 24 05:15:38 Total is now 20 out of 20 (100%).
Thu Mar 24 05:15:38 Saved as file SWEEP2.MAX
Thu Mar 24 05:15:38 No new connections routed.
Thu Mar 24 05:15:38 Total is now 20 out of 20 (100%).
Thu Mar 24 05:15:38 Saved as file SWEEP3.MAX
Thu Mar 24 05:15:38 No new connections routed.
Thu Mar 24 05:15:38 Total is now 20 out of 20 (100%).
Thu Mar 24 05:15:38 Saved as file SWEEP4.MAX
Thu Mar 24 05:15:38 No new connections routed.
Thu Mar 24 05:15:38 Total is now 20 out of 20 (100%).
Thu Mar 24 05:15:38 Saved as file SWEEP5.MAX
Thu Mar 24 05:16:01 Saved as file D:\DANH\ROBOT\ORCAD PROJECTS\COMERCIAL PROJECTS\COM_PRJ30(MOTHER BOARD 12V)\COM_PRJ30.MAX
Thu Mar 24 05:19:17 Saved as file D:\DANH\ROBOT\ORCAD PROJECTS\COMERCIAL PROJECTS\COM_PRJ30(MOTHER BOARD 12V)\COM_PRJ30.MAX
Thu Mar 24 05:19:17 Saved as file D:\DANH\ROBOT\ORCAD PROJECTS\COMERCIAL PROJECTS\COM_PRJ30(MOTHER BOARD 12V)\COM_PRJ30.MAX
Thu Mar 24 05:21:51 Saved as file D:\DANH\ROBOT\ORCAD PROJECTS\COMERCIAL PROJECTS\COM_PRJ30(MOTHER BOARD 12V)\COM_PRJ30.MAX
Thu Mar 24 05:22:15 Saved as file D:\DANH\ROBOT\ORCAD PROJECTS\COMERCIAL PROJECTS\COM_PRJ30(MOTHER BOARD 12V)\COM_PRJ30.MAX
Thu Mar 24 05:22:24 Saved as file D:\DANH\ROBOT\ORCAD PROJECTS\COMERCIAL PROJECTS\COM_PRJ30(MOTHER BOARD 12V)\COM_PRJ30.MAX
Thu Mar 24 05:22:46 Loaded file C:\Program Files\Orcad\Layout_Plus\data\template.imp
Thu Mar 24 05:22:46 Loaded file C:\Program Files\Orcad\Layout_Plus\data\template.imp
Thu Mar 24 05:22:48 Loaded file D:\DANH\ROBOT\ORCAD LIBS\THUVIENORCAD\THUVIENORCAD\LIBRARY ORCAD\THU VIEN ORCAD FULL\THU VIEN LAYOUT BETA 3.LLB
Thu Mar 24 05:22:55 Loaded file C:\Program Files\Orcad\Layout_Plus\data\template.imp
Thu Mar 24 05:23:03 Loaded file C:\Program Files\Orcad\Layout_Plus\data\template.imp
Thu Mar 24 05:23:03 Loaded file C:\Program Files\Orcad\Layout_Plus\data\template.imp
Thu Mar 24 05:23:04 Loaded file D:\DANH\ROBOT\ORCAD LIBS\THUVIENORCAD\THUVIENORCAD\LIBRARY ORCAD\THU VIEN ORCAD FULL\THU VIEN LAYOUT BETA 3.LLB
Thu Mar 24 05:23:09 Loaded file C:\Program Files\Orcad\Layout_Plus\data\template.imp
Thu Mar 24 05:23:14 Loaded file D:\DANH\ROBOT\ORCAD LIBS\DANHLIB.LLB
Thu Mar 24 05:23:37 Saved as file BACKUP1.MAX
Thu Mar 24 05:23:39 Loaded file C:\Program Files\Orcad\Layout_Plus\data\template.imp
Thu Mar 24 05:23:39 Loaded file C:\Program Files\Orcad\Layout_Plus\data\template.imp
Thu Mar 24 05:23:45 Loaded file D:\DANH\ROBOT\ORCAD LIBS\DANHLIB.LLB
Thu Mar 24 05:23:55 Loaded file C:\Program Files\Orcad\Layout_Plus\data\template.imp
Thu Mar 24 05:24:21 Loaded file C:\Program Files\Orcad\Layout_Plus\data\template.imp
Thu Mar 24 05:24:21 Loaded file C:\Program Files\Orcad\Layout_Plus\data\template.imp
Thu Mar 24 05:24:25 Loaded file D:\DANH\ROBOT\ORCAD LIBS\DANHLIB.LLB
Thu Mar 24 05:24:29 Loaded file C:\Program Files\Orcad\Layout_Plus\data\template.imp
Thu Mar 24 05:24:30 Loaded file C:\Program Files\Orcad\Layout_Plus\data\template.imp
Thu Mar 24 05:24:32 Loaded file C:\Program Files\Orcad\Layout_Plus\data\template.imp
Thu Mar 24 05:24:32 Loaded file C:\Program Files\Orcad\Layout_Plus\data\template.imp
Thu Mar 24 05:26:27 Loaded file C:\Program Files\Orcad\Layout_Plus\data\template.imp
Thu Mar 24 05:26:27 Loaded file C:\Program Files\Orcad\Layout_Plus\data\template.imp
Thu Mar 24 05:26:31 Loaded file C:\Program Files\Orcad\Layout_Plus\data\template.imp
Thu Mar 24 05:26:47 Saved as file D:\DANH\ROBOT\ORCAD PROJECTS\COMERCIAL PROJECTS\COM_PRJ30(MOTHER BOARD 12V)\COM_PRJ30.MAX
Thu Mar 24 05:27:20 Loaded file C:\Program Files\Orcad\Layout_Plus\data\template.imp
Thu Mar 24 05:27:20 Loaded file C:\Program Files\Orcad\Layout_Plus\data\template.imp
Thu Mar 24 05:27:23 Loaded file C:\Program Files\Orcad\Layout_Plus\data\template.imp
Thu Mar 24 05:27:43 Saved as file D:\DANH\ROBOT\ORCAD PROJECTS\COMERCIAL PROJECTS\COM_PRJ30(MOTHER BOARD 12V)\COM_PRJ30.MAX
Thu Mar 24 05:27:47 Loaded file C:\Program Files\Orcad\Layout_Plus\data\template.imp
Thu Mar 24 05:27:47 Loaded file C:\Program Files\Orcad\Layout_Plus\data\template.imp
Thu Mar 24 05:27:50 Loaded file C:\Program Files\Orcad\Layout_Plus\data\template.imp
Thu Mar 24 05:28:00 Loaded file C:\Program Files\Orcad\Layout_Plus\data\template.imp
Thu Mar 24 05:28:00 Loaded file C:\Program Files\Orcad\Layout_Plus\data\template.imp
Thu Mar 24 05:28:04 Loaded file C:\Program Files\Orcad\Layout_Plus\data\template.imp
Thu Mar 24 05:28:12 Saved as file D:\DANH\ROBOT\ORCAD PROJECTS\COMERCIAL PROJECTS\COM_PRJ30(MOTHER BOARD 12V)\COM_PRJ30.MAX
Thu Mar 24 05:31:17 Saved as file D:\DANH\ROBOT\ORCAD PROJECTS\COMERCIAL PROJECTS\COM_PRJ30(MOTHER BOARD 12V)\COM_PRJ30.MAX
Thu Mar 24 05:31:17 Saved as file D:\DANH\ROBOT\ORCAD PROJECTS\COMERCIAL PROJECTS\COM_PRJ30(MOTHER BOARD 12V)\COM_PRJ30.MAX
Thu Mar 24 05:32:25 Saved as file D:\DANH\ROBOT\ORCAD PROJECTS\COMERCIAL PROJECTS\COM_PRJ30(MOTHER BOARD 12V)\COM_PRJ30.MAX
Thu Mar 24 05:32:52 Error code 0007.156 (4230)
Thu Mar 24 05:32:52 Saved as file Backup0.max
Thu Mar 24 05:32:52 Windows which were open at time of error:
Thu Mar 24 05:32:52 	ActiveWindow: &Route
Thu Mar 24 05:32:52 	Icon: &Components
Thu Mar 24 05:32:52 	Icon: &Nets
Thu Mar 24 05:32:52 	Icon: Post Proces&s
Thu Mar 24 05:32:52 End-of-list
Thu Mar 24 05:32:52 Loaded file BACKUP0.MAX
Thu Mar 24 05:33:00 Removed unused net: N05886
Thu Mar 24 05:33:00 Removed unused net: N004632
Thu Mar 24 05:33:00 Removed unused net: N03142
Thu Mar 24 05:33:00 Removed unused net: N03092
Thu Mar 24 05:33:00 Removed unused net: N03042
Thu Mar 24 05:33:00 Removed unused net: N02627
Thu Mar 24 05:33:00 Removed unused net: N02576
Thu Mar 24 05:33:00 Removed unused net: N02528
Thu Mar 24 05:33:00 Removed unused net: N020382
Thu Mar 24 05:33:00 Removed unused net: N020102
Thu Mar 24 05:33:00 Removed unused net: N01838
Thu Mar 24 05:33:00 Removed unused net: N01701
Thu Mar 24 05:33:00 Removed unused net: N01660
Thu Mar 24 05:33:01 Removed unused footprint: LO KHOAN 2_REV2_16
Thu Mar 24 05:33:01 Removed unused footprint: LO KHOAN 2_REV2_15
Thu Mar 24 05:33:01 Removed unused footprint: LO KHOAN 2_REV2_14
Thu Mar 24 05:33:01 Removed unused footprint: LO KHOAN 2_REV2_13
Thu Mar 24 05:33:01 Removed unused footprint: LO KHOAN 2_REV1_13
Thu Mar 24 05:33:01 Removed unused footprint: CON5_J4
Thu Mar 24 05:33:01 Removed unused footprint: LO KHOAN 2_REV2
Thu Mar 24 05:33:01 Removed unused footprint: LO KHOAN 2_REV1
Thu Mar 24 05:33:01 Removed unused footprint: CON3
Thu Mar 24 05:33:01 Removed unused footprint: CON2
Thu Mar 24 05:33:01 Removed unused footprint: R
Thu Mar 24 05:33:01 Removed unused footprint: CON5
Thu Mar 24 05:33:01 Removed unused footprint: DEFAULT
Thu Mar 24 05:33:03 Removed unused padstack: 78R62
Thu Mar 24 05:33:03 Removed unused padstack: T1_2_4_1_1_1_1_1
Thu Mar 24 05:33:03 Removed unused padstack: T6_2_3_1_1_1_1_1
Thu Mar 24 05:33:03 Removed unused padstack: TM_AXIAL.llb_pad2
Thu Mar 24 05:33:03 Removed unused padstack: T1_3_5_1_2_1_1_1
Thu Mar 24 05:33:03 Removed unused padstack: T6_1_4_1_3_1_1_1_1
Thu Mar 24 05:33:03 Removed unused padstack: T7
Thu Mar 24 05:33:03 Removed unused padstack: T2
Thu Mar 24 05:33:03 Removed unused padstack: T1
Thu Mar 24 05:33:08 Saved as file D:\DANH\ROBOT\ORCAD PROJECTS\COMERCIAL PROJECTS\COM_PRJ30(MOTHER BOARD 12V)\COM_PRJ30.MAX
Thu Mar 24 05:35:47 Saved as file D:\DANH\ROBOT\ORCAD PROJECTS\COMERCIAL PROJECTS\COM_PRJ30(MOTHER BOARD 12V)\COM_PRJ30_VER1.MAX
Thu Mar 24 05:35:56 No new connections routed.
Thu Mar 24 05:35:56 No connections selected
Thu Mar 24 05:35:56 Saved as file SWEEP1.MAX
Thu Mar 24 05:35:56 No new connections routed.
Thu Mar 24 05:35:56 No connections selected
Thu Mar 24 05:35:56 Saved as file SWEEP2.MAX
Thu Mar 24 05:35:56 No new connections routed.
Thu Mar 24 05:35:56 No connections selected
Thu Mar 24 05:35:56 Saved as file SWEEP3.MAX
Thu Mar 24 05:35:56 No new connections routed.
Thu Mar 24 05:35:56 No connections selected
Thu Mar 24 05:35:56 Saved as file SWEEP4.MAX
Thu Mar 24 05:35:56 No new connections routed.
Thu Mar 24 05:35:56 No connections selected
Thu Mar 24 05:35:56 Saved as file SWEEP5.MAX
Thu Mar 24 05:38:40 Saved as file BACKUP1.MAX
Thu Mar 24 05:38:40 Saved as file BACKUP1.MAX
Thu Mar 24 05:38:40 No new connections routed.
Thu Mar 24 05:38:40 No connections selected
Thu Mar 24 05:38:40 Saved as file SWEEP1.MAX
Thu Mar 24 05:38:40 Saved as file BACKUP1.MAX
Thu Mar 24 05:38:40 Saved as file BACKUP1.MAX
Thu Mar 24 05:38:40 No new connections routed.
Thu Mar 24 05:38:40 No connections selected
Thu Mar 24 05:38:40 Saved as file SWEEP2.MAX
Thu Mar 24 05:38:40 No new connections routed.
Thu Mar 24 05:38:40 No connections selected
Thu Mar 24 05:38:40 Saved as file SWEEP3.MAX
Thu Mar 24 05:38:40 No new connections routed.
Thu Mar 24 05:38:40 No connections selected
Thu Mar 24 05:38:40 Saved as file SWEEP4.MAX
Thu Mar 24 05:38:40 No new connections routed.
Thu Mar 24 05:38:40 No connections selected
Thu Mar 24 05:38:40 Saved as file SWEEP5.MAX
Thu Mar 24 05:39:02 No new connections routed.
Thu Mar 24 05:39:02 No connections selected
Thu Mar 24 05:39:02 Saved as file SWEEP1.MAX
Thu Mar 24 05:39:02 No new connections routed.
Thu Mar 24 05:39:02 No connections selected
Thu Mar 24 05:39:02 Saved as file SWEEP2.MAX
Thu Mar 24 05:39:02 No new connections routed.
Thu Mar 24 05:39:02 No connections selected
Thu Mar 24 05:39:02 Saved as file SWEEP3.MAX
Thu Mar 24 05:39:02 No new connections routed.
Thu Mar 24 05:39:02 No connections selected
Thu Mar 24 05:39:02 Saved as file SWEEP4.MAX
Thu Mar 24 05:39:02 No new connections routed.
Thu Mar 24 05:39:02 No connections selected
Thu Mar 24 05:39:02 Saved as file SWEEP5.MAX
Thu Mar 24 05:39:43 Loaded file D:\DANH\ROBOT\ORCAD PROJECTS\COMERCIAL PROJECTS\COM_PRJ30(MOTHER BOARD 12V)\BACKUP5.MAX
Thu Mar 24 05:39:50 Loaded file D:\DANH\ROBOT\ORCAD PROJECTS\COMERCIAL PROJECTS\COM_PRJ30(MOTHER BOARD 12V)\BACKUP1.MAX
Thu Mar 24 05:40:36 Loaded file D:\DANH\ROBOT\ORCAD PROJECTS\COMERCIAL PROJECTS\COM_PRJ30(MOTHER BOARD 12V)\SWEEP5.MAX
Thu Mar 24 05:40:41 Loaded file D:\DANH\ROBOT\ORCAD PROJECTS\COMERCIAL PROJECTS\COM_PRJ30(MOTHER BOARD 12V)\BACKUP5.MAX
Thu Mar 24 05:41:44 Saved as file BACKUP1.MAX
Thu Mar 24 05:41:44 Saved as file D:\DANH\ROBOT\ORCAD PROJECTS\COMERCIAL PROJECTS\COM_PRJ30(MOTHER BOARD 12V)\BACKUP5.MAX
Thu Mar 24 05:41:44 UserDiv from Layout.INI for AutoECO: 60
Thu Mar 24 05:41:44 Loaded file D:\DANH\ROBOT\ORCAD PROJECTS\COMERCIAL PROJECTS\COM_PRJ30(MOTHER BOARD 12V)\BACKUP5.MAX
Thu Mar 24 05:41:44 Loaded file D:\DANH\ROBOT\ORCAD LIBS\THUVIENORCAD\THUVIENORCAD\THUVIEN1\TIEN.LLB
Thu Mar 24 05:41:44 Loaded file D:\DANH\ROBOT\ORCAD LIBS\THUVIENORCAD\THUVIENORCAD\THUVIEN\LAYOUTMT.LLB
Thu Mar 24 05:41:44 Loaded file D:\DANH\ROBOT\ORCAD LIBS\THUVIENORCAD\THUVIENORCAD\LIBRARY ORCAD\THU VIEN ORCAD FULL\THU VIEN LAYOUT BETA 3.LLB
Thu Mar 24 05:41:45 Loaded file D:\DANH\ROBOT\ORCAD LIBS\THUVIENORCAD\THUVIENORCAD\LIBRARY ORCAD\THU VIEN ORCAD FULL\THU VIEN.LLB
Thu Mar 24 05:41:45 Loaded file D:\DANH\ROBOT\ORCAD LIBS\THUVIENORCAD\THUVIENORCAD\LIBRARY\BCON100T.LLB
Thu Mar 24 05:41:45 Loaded file D:\DANH\ROBOT\ORCAD LIBS\THUVIENORCAD\THUVIENORCAD\LIBRARY\BCON156T.LLB
Thu Mar 24 05:41:45 Loaded file D:\DANH\ROBOT\ORCAD LIBS\THUVIENORCAD\THUVIENORCAD\LIBRARY\BGA.LLB
Thu Mar 24 05:41:45 Loaded file D:\DANH\ROBOT\ORCAD LIBS\THUVIENORCAD\THUVIENORCAD\LIBRARY\CLCC.LLB
Thu Mar 24 05:41:45 Loaded file D:\DANH\ROBOT\ORCAD LIBS\THUVIENORCAD\THUVIENORCAD\LIBRARY\DCON050T.LLB
Thu Mar 24 05:41:45 Loaded file D:\DANH\ROBOT\ORCAD LIBS\THUVIENORCAD\THUVIENORCAD\LIBRARY\DCON085T.LLB
Thu Mar 24 05:41:45 Loaded file D:\DANH\ROBOT\ORCAD LIBS\THUVIENORCAD\THUVIENORCAD\LIBRARY\DIMM050F.LLB
Thu Mar 24 05:41:45 Loaded file D:\DANH\ROBOT\ORCAD LIBS\THUVIENORCAD\THUVIENORCAD\LIBRARY\DIMM050T.LLB
Thu Mar 24 05:41:45 Loaded file D:\DANH\ROBOT\ORCAD LIBS\THUVIENORCAD\THUVIENORCAD\LIBRARY\DIN.LLB
Thu Mar 24 05:41:45 Loaded file D:\DANH\ROBOT\ORCAD LIBS\THUVIENORCAD\THUVIENORCAD\LIBRARY\DIP100B.LLB
Thu Mar 24 05:41:45 Loaded file D:\DANH\ROBOT\ORCAD LIBS\THUVIENORCAD\THUVIENORCAD\LIBRARY\DIP100T.LLB
Thu Mar 24 05:41:45 Loaded file D:\DANH\ROBOT\ORCAD LIBS\THUVIENORCAD\THUVIENORCAD\LIBRARY\DSUBT.LLB
Thu Mar 24 05:41:45 Loaded file D:\DANH\ROBOT\ORCAD LIBS\THUVIENORCAD\THUVIENORCAD\LIBRARY\DSUBT_HD.LLB
Thu Mar 24 05:41:45 Loaded file D:\DANH\ROBOT\ORCAD LIBS\THUVIENORCAD\THUVIENORCAD\LIBRARY\ECON100T.LLB
Thu Mar 24 05:41:45 Loaded file D:\DANH\ROBOT\ORCAD LIBS\THUVIENORCAD\THUVIENORCAD\LIBRARY\EMPTY.LLB
Thu Mar 24 05:41:45 Loaded file D:\DANH\ROBOT\ORCAD LIBS\THUVIENORCAD\THUVIENORCAD\LIBRARY\EX_GUI.LLB
Thu Mar 24 05:41:45 Loaded file D:\DANH\ROBOT\ORCAD LIBS\THUVIENORCAD\THUVIENORCAD\LIBRARY\FBUS.LLB
Thu Mar 24 05:41:45 Loaded file D:\DANH\ROBOT\ORCAD LIBS\THUVIENORCAD\THUVIENORCAD\LIBRARY\ISA.LLB
Thu Mar 24 05:41:45 Loaded file D:\DANH\ROBOT\ORCAD LIBS\THUVIENORCAD\THUVIENORCAD\LIBRARY\JUMPER.LLB
Thu Mar 24 05:41:45 Loaded file D:\DANH\ROBOT\ORCAD LIBS\THUVIENORCAD\THUVIENORCAD\LIBRARY\LAYOUT.LLB
Thu Mar 24 05:41:45 Loaded file D:\DANH\ROBOT\ORCAD LIBS\THUVIENORCAD\THUVIENORCAD\LIBRARY\LCON100T.LLB
Thu Mar 24 05:41:45 Loaded file D:\DANH\ROBOT\ORCAD LIBS\THUVIENORCAD\THUVIENORCAD\LIBRARY\LINH KIEN.LLB
Thu Mar 24 05:41:45 Loaded file D:\DANH\ROBOT\ORCAD LIBS\THUVIENORCAD\THUVIENORCAD\LIBRARY\METRIC.LLB
Thu Mar 24 05:41:45 Loaded file D:\DANH\ROBOT\ORCAD LIBS\THUVIENORCAD\THUVIENORCAD\LIBRARY\PADSTACK.LLB
Thu Mar 24 05:41:45 Loaded file D:\DANH\ROBOT\ORCAD LIBS\THUVIENORCAD\THUVIENORCAD\LIBRARY\PC104.LLB
Thu Mar 24 05:41:45 Loaded file D:\DANH\ROBOT\ORCAD LIBS\THUVIENORCAD\THUVIENORCAD\LIBRARY\PCI.LLB
Thu Mar 24 05:41:45 Loaded file D:\DANH\ROBOT\ORCAD LIBS\THUVIENORCAD\THUVIENORCAD\LIBRARY\PCON100T.LLB
Thu Mar 24 05:41:45 Loaded file D:\DANH\ROBOT\ORCAD LIBS\THUVIENORCAD\THUVIENORCAD\LIBRARY\PCON156T.LLB
Thu Mar 24 05:41:45 Loaded file D:\DANH\ROBOT\ORCAD LIBS\THUVIENORCAD\THUVIENORCAD\LIBRARY\PGA.LLB
Thu Mar 24 05:41:45 Loaded file D:\DANH\ROBOT\ORCAD LIBS\THUVIENORCAD\THUVIENORCAD\LIBRARY\PLCC.LLB
Thu Mar 24 05:41:45 Loaded file D:\DANH\ROBOT\ORCAD LIBS\THUVIENORCAD\THUVIENORCAD\LIBRARY\QUAD.LLB
Thu Mar 24 05:41:45 Loaded file D:\DANH\ROBOT\ORCAD LIBS\THUVIENORCAD\THUVIENORCAD\LIBRARY\QUADB.LLB
Thu Mar 24 05:41:45 Loaded file D:\DANH\ROBOT\ORCAD LIBS\THUVIENORCAD\THUVIENORCAD\LIBRARY\RELAY.LLB
Thu Mar 24 05:41:45 Loaded file D:\DANH\ROBOT\ORCAD LIBS\THUVIENORCAD\THUVIENORCAD\LIBRARY\RF.LLB
Thu Mar 24 05:41:45 Loaded file D:\DANH\ROBOT\ORCAD LIBS\THUVIENORCAD\THUVIENORCAD\LIBRARY\SBUS.LLB
Thu Mar 24 05:41:45 Loaded file D:\DANH\ROBOT\ORCAD LIBS\THUVIENORCAD\THUVIENORCAD\LIBRARY\SIMM050F.LLB
Thu Mar 24 05:41:45 Loaded file D:\DANH\ROBOT\ORCAD LIBS\THUVIENORCAD\THUVIENORCAD\LIBRARY\SIMM050T.LLB
Thu Mar 24 05:41:45 Loaded file D:\DANH\ROBOT\ORCAD LIBS\THUVIENORCAD\THUVIENORCAD\LIBRARY\SIMM100F.LLB
Thu Mar 24 05:41:45 Loaded file D:\DANH\ROBOT\ORCAD LIBS\THUVIENORCAD\THUVIENORCAD\LIBRARY\SIMM100T.LLB
Thu Mar 24 05:41:45 Loaded file D:\DANH\ROBOT\ORCAD LIBS\THUVIENORCAD\THUVIENORCAD\LIBRARY\SIP.LLB
Thu Mar 24 05:41:45 Loaded file D:\DANH\ROBOT\ORCAD LIBS\THUVIENORCAD\THUVIENORCAD\LIBRARY\SM.LLB
Thu Mar 24 05:41:45 Loaded file D:\DANH\ROBOT\ORCAD LIBS\THUVIENORCAD\THUVIENORCAD\LIBRARY\SOG.LLB
Thu Mar 24 05:41:45 Loaded file D:\DANH\ROBOT\ORCAD LIBS\THUVIENORCAD\THUVIENORCAD\LIBRARY\SOJ.LLB
Thu Mar 24 05:41:45 Loaded file D:\DANH\ROBOT\ORCAD LIBS\THUVIENORCAD\THUVIENORCAD\LIBRARY\STIFF.LLB
Thu Mar 24 05:41:45 Loaded file D:\DANH\ROBOT\ORCAD LIBS\THUVIENORCAD\THUVIENORCAD\LIBRARY\TELE.LLB
Thu Mar 24 05:41:45 Loaded file D:\DANH\ROBOT\ORCAD LIBS\THUVIENORCAD\THUVIENORCAD\LIBRARY\TM_AXIAL.LLB
Thu Mar 24 05:41:45 Loaded file D:\DANH\ROBOT\ORCAD LIBS\THUVIENORCAD\THUVIENORCAD\LIBRARY\TM_CAP_P.LLB
Thu Mar 24 05:41:45 Loaded file D:\DANH\ROBOT\ORCAD LIBS\THUVIENORCAD\THUVIENORCAD\LIBRARY\TM_CYLND.LLB
Thu Mar 24 05:41:45 Loaded file D:\DANH\ROBOT\ORCAD LIBS\THUVIENORCAD\THUVIENORCAD\LIBRARY\TM_DIODE.LLB
Thu Mar 24 05:41:45 Loaded file D:\DANH\ROBOT\ORCAD LIBS\THUVIENORCAD\THUVIENORCAD\LIBRARY\TM_DISC.LLB
Thu Mar 24 05:41:45 Loaded file D:\DANH\ROBOT\ORCAD LIBS\THUVIENORCAD\THUVIENORCAD\LIBRARY\TM_RAD.LLB
Thu Mar 24 05:41:45 Loaded file D:\DANH\ROBOT\ORCAD LIBS\THUVIENORCAD\THUVIENORCAD\LIBRARY\TO.LLB
Thu Mar 24 05:41:45 Loaded file D:\DANH\ROBOT\ORCAD LIBS\THUVIENORCAD\THUVIENORCAD\LIBRARY\TRAINING.LLB
Thu Mar 24 05:41:45 Loaded file D:\DANH\ROBOT\ORCAD LIBS\THUVIENORCAD\THUVIENORCAD\LIBRARY\VRES.LLB
Thu Mar 24 05:41:45 Loaded file D:\DANH\ROBOT\ORCAD LIBS\THUVIENORCAD\THUVIENORCAD\LIBRARY\WCON100T.LLB
Thu Mar 24 05:41:45 Loaded file D:\DANH\ROBOT\ORCAD LIBS\THUVIENORCAD\THUVIENORCAD\LIBRARY\XT.LLB
Thu Mar 24 05:41:45 Loaded file D:\DANH\ROBOT\ORCAD LIBS\THUVIENORCAD\THUVIENORCAD\LIBRARY\ZIGZAG.LLB
Thu Mar 24 05:41:45 Loaded file D:\DANH\ROBOT\ORCAD LIBS\THUVIENORCAD\THUVIENORCAD\HOA DOAN\HOADOAN.LLB
Thu Mar 24 05:41:45 Loaded file D:\DANH\ROBOT\ORCAD LIBS\THUVIENORCAD\THUVIENORCAD\THU VIEN\THU VIEN.LLB
Thu Mar 24 05:41:45 Loaded file D:\DANH\ROBOT\ORCAD LIBS\THU VIEN\THU VIEN.LLB
Thu Mar 24 05:41:45 Loaded file D:\DANH\ROBOT\ORCAD LIBS\ORCAD LAYOUT\T2L LAYOUT.LLB
Thu Mar 24 05:41:45 Loaded file D:\DANH\ROBOT\ORCAD LIBS\DANHLIB.LLB
Thu Mar 24 05:41:45 Saved as file D:\DANH\ROBOT\ORCAD PROJECTS\COMERCIAL PROJECTS\COM_PRJ30(MOTHER BOARD 12V)\BACKUP5.MAX
Thu Mar 24 05:41:45 Loaded file D:\DANH\ROBOT\ORCAD PROJECTS\COMERCIAL PROJECTS\COM_PRJ30(MOTHER BOARD 12V)\BACKUP5.MAX
Thu Mar 24 05:42:09 No new connections routed.
Thu Mar 24 05:42:09 Total is now 0 out of 20 (0%).
Thu Mar 24 05:42:09 Saved as file SWEEP1.MAX
Thu Mar 24 05:42:09 Saved as file BACKUP1.MAX
Thu Mar 24 05:42:09 Routed 9 connections in 0 seconds.
Thu Mar 24 05:42:09 Total is now 9 out of 20 (45%).
Thu Mar 24 05:42:09 Saved as file SWEEP2.MAX
Thu Mar 24 05:42:10 No new connections routed.
Thu Mar 24 05:42:10 Total is now 9 out of 20 (45%).
Thu Mar 24 05:42:10 Saved as file SWEEP3.MAX
Thu Mar 24 05:42:10 No new connections routed.
Thu Mar 24 05:42:10 Total is now 9 out of 20 (45%).
Thu Mar 24 05:42:10 Saved as file SWEEP4.MAX
Thu Mar 24 05:42:11 No new connections routed.
Thu Mar 24 05:42:11 Total is now 9 out of 20 (45%).
Thu Mar 24 05:42:11 Saved as file SWEEP5.MAX
Thu Mar 24 05:42:49 Saved as file D:\DANH\ROBOT\ORCAD PROJECTS\COMERCIAL PROJECTS\COM_PRJ30(MOTHER BOARD 12V)\COM_PRJ30.MAX
Thu Mar 24 05:42:50 Loaded file D:\DANH\ROBOT\ORCAD PROJECTS\COMERCIAL PROJECTS\COM_PRJ30(MOTHER BOARD 12V)\COM_PRJ30.MAX
Thu Mar 24 05:42:58 Loaded file D:\DANH\ROBOT\ORCAD PROJECTS\COMERCIAL PROJECTS\COM_PRJ30(MOTHER BOARD 12V)\COM_PRJ30_VER1.MAX
Thu Mar 24 05:43:02 Saved as file BACKUP1.MAX
Thu Mar 24 05:43:02 Saved as file D:\DANH\ROBOT\ORCAD PROJECTS\COMERCIAL PROJECTS\COM_PRJ30(MOTHER BOARD 12V)\COM_PRJ30_VER1.MAX
Thu Mar 24 05:43:02 UserDiv from Layout.INI for AutoECO: 60
Thu Mar 24 05:43:02 Loaded file D:\DANH\ROBOT\ORCAD PROJECTS\COMERCIAL PROJECTS\COM_PRJ30(MOTHER BOARD 12V)\COM_PRJ30_VER1.MAX
Thu Mar 24 05:43:02 Loaded file D:\DANH\ROBOT\ORCAD LIBS\THUVIENORCAD\THUVIENORCAD\THUVIEN1\TIEN.LLB
Thu Mar 24 05:43:02 Loaded file D:\DANH\ROBOT\ORCAD LIBS\THUVIENORCAD\THUVIENORCAD\THUVIEN\LAYOUTMT.LLB
Thu Mar 24 05:43:02 Loaded file D:\DANH\ROBOT\ORCAD LIBS\THUVIENORCAD\THUVIENORCAD\LIBRARY ORCAD\THU VIEN ORCAD FULL\THU VIEN LAYOUT BETA 3.LLB
Thu Mar 24 05:43:02 Loaded file D:\DANH\ROBOT\ORCAD LIBS\THUVIENORCAD\THUVIENORCAD\LIBRARY ORCAD\THU VIEN ORCAD FULL\THU VIEN.LLB
Thu Mar 24 05:43:02 Loaded file D:\DANH\ROBOT\ORCAD LIBS\THUVIENORCAD\THUVIENORCAD\LIBRARY\BCON100T.LLB
Thu Mar 24 05:43:02 Loaded file D:\DANH\ROBOT\ORCAD LIBS\THUVIENORCAD\THUVIENORCAD\LIBRARY\BCON156T.LLB
Thu Mar 24 05:43:02 Loaded file D:\DANH\ROBOT\ORCAD LIBS\THUVIENORCAD\THUVIENORCAD\LIBRARY\BGA.LLB
Thu Mar 24 05:43:02 Loaded file D:\DANH\ROBOT\ORCAD LIBS\THUVIENORCAD\THUVIENORCAD\LIBRARY\CLCC.LLB
Thu Mar 24 05:43:02 Loaded file D:\DANH\ROBOT\ORCAD LIBS\THUVIENORCAD\THUVIENORCAD\LIBRARY\DCON050T.LLB
Thu Mar 24 05:43:02 Loaded file D:\DANH\ROBOT\ORCAD LIBS\THUVIENORCAD\THUVIENORCAD\LIBRARY\DCON085T.LLB
Thu Mar 24 05:43:02 Loaded file D:\DANH\ROBOT\ORCAD LIBS\THUVIENORCAD\THUVIENORCAD\LIBRARY\DIMM050F.LLB
Thu Mar 24 05:43:02 Loaded file D:\DANH\ROBOT\ORCAD LIBS\THUVIENORCAD\THUVIENORCAD\LIBRARY\DIMM050T.LLB
Thu Mar 24 05:43:02 Loaded file D:\DANH\ROBOT\ORCAD LIBS\THUVIENORCAD\THUVIENORCAD\LIBRARY\DIN.LLB
Thu Mar 24 05:43:02 Loaded file D:\DANH\ROBOT\ORCAD LIBS\THUVIENORCAD\THUVIENORCAD\LIBRARY\DIP100B.LLB
Thu Mar 24 05:43:02 Loaded file D:\DANH\ROBOT\ORCAD LIBS\THUVIENORCAD\THUVIENORCAD\LIBRARY\DIP100T.LLB
Thu Mar 24 05:43:02 Loaded file D:\DANH\ROBOT\ORCAD LIBS\THUVIENORCAD\THUVIENORCAD\LIBRARY\DSUBT.LLB
Thu Mar 24 05:43:02 Loaded file D:\DANH\ROBOT\ORCAD LIBS\THUVIENORCAD\THUVIENORCAD\LIBRARY\DSUBT_HD.LLB
Thu Mar 24 05:43:02 Loaded file D:\DANH\ROBOT\ORCAD LIBS\THUVIENORCAD\THUVIENORCAD\LIBRARY\ECON100T.LLB
Thu Mar 24 05:43:02 Loaded file D:\DANH\ROBOT\ORCAD LIBS\THUVIENORCAD\THUVIENORCAD\LIBRARY\EMPTY.LLB
Thu Mar 24 05:43:02 Loaded file D:\DANH\ROBOT\ORCAD LIBS\THUVIENORCAD\THUVIENORCAD\LIBRARY\EX_GUI.LLB
Thu Mar 24 05:43:02 Loaded file D:\DANH\ROBOT\ORCAD LIBS\THUVIENORCAD\THUVIENORCAD\LIBRARY\FBUS.LLB
Thu Mar 24 05:43:03 Loaded file D:\DANH\ROBOT\ORCAD LIBS\THUVIENORCAD\THUVIENORCAD\LIBRARY\ISA.LLB
Thu Mar 24 05:43:03 Loaded file D:\DANH\ROBOT\ORCAD LIBS\THUVIENORCAD\THUVIENORCAD\LIBRARY\JUMPER.LLB
Thu Mar 24 05:43:03 Loaded file D:\DANH\ROBOT\ORCAD LIBS\THUVIENORCAD\THUVIENORCAD\LIBRARY\LAYOUT.LLB
Thu Mar 24 05:43:03 Loaded file D:\DANH\ROBOT\ORCAD LIBS\THUVIENORCAD\THUVIENORCAD\LIBRARY\LCON100T.LLB
Thu Mar 24 05:43:03 Loaded file D:\DANH\ROBOT\ORCAD LIBS\THUVIENORCAD\THUVIENORCAD\LIBRARY\LINH KIEN.LLB
Thu Mar 24 05:43:03 Loaded file D:\DANH\ROBOT\ORCAD LIBS\THUVIENORCAD\THUVIENORCAD\LIBRARY\METRIC.LLB
Thu Mar 24 05:43:03 Loaded file D:\DANH\ROBOT\ORCAD LIBS\THUVIENORCAD\THUVIENORCAD\LIBRARY\PADSTACK.LLB
Thu Mar 24 05:43:03 Loaded file D:\DANH\ROBOT\ORCAD LIBS\THUVIENORCAD\THUVIENORCAD\LIBRARY\PC104.LLB
Thu Mar 24 05:43:03 Loaded file D:\DANH\ROBOT\ORCAD LIBS\THUVIENORCAD\THUVIENORCAD\LIBRARY\PCI.LLB
Thu Mar 24 05:43:03 Loaded file D:\DANH\ROBOT\ORCAD LIBS\THUVIENORCAD\THUVIENORCAD\LIBRARY\PCON100T.LLB
Thu Mar 24 05:43:03 Loaded file D:\DANH\ROBOT\ORCAD LIBS\THUVIENORCAD\THUVIENORCAD\LIBRARY\PCON156T.LLB
Thu Mar 24 05:43:03 Loaded file D:\DANH\ROBOT\ORCAD LIBS\THUVIENORCAD\THUVIENORCAD\LIBRARY\PGA.LLB
Thu Mar 24 05:43:03 Loaded file D:\DANH\ROBOT\ORCAD LIBS\THUVIENORCAD\THUVIENORCAD\LIBRARY\PLCC.LLB
Thu Mar 24 05:43:04 Loaded file D:\DANH\ROBOT\ORCAD LIBS\THUVIENORCAD\THUVIENORCAD\LIBRARY\QUAD.LLB
Thu Mar 24 05:43:04 Loaded file D:\DANH\ROBOT\ORCAD LIBS\THUVIENORCAD\THUVIENORCAD\LIBRARY\QUADB.LLB
Thu Mar 24 05:43:04 Loaded file D:\DANH\ROBOT\ORCAD LIBS\THUVIENORCAD\THUVIENORCAD\LIBRARY\RELAY.LLB
Thu Mar 24 05:43:04 Loaded file D:\DANH\ROBOT\ORCAD LIBS\THUVIENORCAD\THUVIENORCAD\LIBRARY\RF.LLB
Thu Mar 24 05:43:04 Loaded file D:\DANH\ROBOT\ORCAD LIBS\THUVIENORCAD\THUVIENORCAD\LIBRARY\SBUS.LLB
Thu Mar 24 05:43:04 Loaded file D:\DANH\ROBOT\ORCAD LIBS\THUVIENORCAD\THUVIENORCAD\LIBRARY\SIMM050F.LLB
Thu Mar 24 05:43:04 Loaded file D:\DANH\ROBOT\ORCAD LIBS\THUVIENORCAD\THUVIENORCAD\LIBRARY\SIMM050T.LLB
Thu Mar 24 05:43:04 Loaded file D:\DANH\ROBOT\ORCAD LIBS\THUVIENORCAD\THUVIENORCAD\LIBRARY\SIMM100F.LLB
Thu Mar 24 05:43:04 Loaded file D:\DANH\ROBOT\ORCAD LIBS\THUVIENORCAD\THUVIENORCAD\LIBRARY\SIMM100T.LLB
Thu Mar 24 05:43:04 Loaded file D:\DANH\ROBOT\ORCAD LIBS\THUVIENORCAD\THUVIENORCAD\LIBRARY\SIP.LLB
Thu Mar 24 05:43:04 Loaded file D:\DANH\ROBOT\ORCAD LIBS\THUVIENORCAD\THUVIENORCAD\LIBRARY\SM.LLB
Thu Mar 24 05:43:04 Loaded file D:\DANH\ROBOT\ORCAD LIBS\THUVIENORCAD\THUVIENORCAD\LIBRARY\SOG.LLB
Thu Mar 24 05:43:04 Loaded file D:\DANH\ROBOT\ORCAD LIBS\THUVIENORCAD\THUVIENORCAD\LIBRARY\SOJ.LLB
Thu Mar 24 05:43:04 Loaded file D:\DANH\ROBOT\ORCAD LIBS\THUVIENORCAD\THUVIENORCAD\LIBRARY\STIFF.LLB
Thu Mar 24 05:43:04 Loaded file D:\DANH\ROBOT\ORCAD LIBS\THUVIENORCAD\THUVIENORCAD\LIBRARY\TELE.LLB
Thu Mar 24 05:43:04 Loaded file D:\DANH\ROBOT\ORCAD LIBS\THUVIENORCAD\THUVIENORCAD\LIBRARY\TM_AXIAL.LLB
Thu Mar 24 05:43:04 Loaded file D:\DANH\ROBOT\ORCAD LIBS\THUVIENORCAD\THUVIENORCAD\LIBRARY\TM_CAP_P.LLB
Thu Mar 24 05:43:04 Loaded file D:\DANH\ROBOT\ORCAD LIBS\THUVIENORCAD\THUVIENORCAD\LIBRARY\TM_CYLND.LLB
Thu Mar 24 05:43:04 Loaded file D:\DANH\ROBOT\ORCAD LIBS\THUVIENORCAD\THUVIENORCAD\LIBRARY\TM_DIODE.LLB
Thu Mar 24 05:43:04 Loaded file D:\DANH\ROBOT\ORCAD LIBS\THUVIENORCAD\THUVIENORCAD\LIBRARY\TM_DISC.LLB
Thu Mar 24 05:43:04 Loaded file D:\DANH\ROBOT\ORCAD LIBS\THUVIENORCAD\THUVIENORCAD\LIBRARY\TM_RAD.LLB
Thu Mar 24 05:43:04 Loaded file D:\DANH\ROBOT\ORCAD LIBS\THUVIENORCAD\THUVIENORCAD\LIBRARY\TO.LLB
Thu Mar 24 05:43:04 Loaded file D:\DANH\ROBOT\ORCAD LIBS\THUVIENORCAD\THUVIENORCAD\LIBRARY\TRAINING.LLB
Thu Mar 24 05:43:04 Loaded file D:\DANH\ROBOT\ORCAD LIBS\THUVIENORCAD\THUVIENORCAD\LIBRARY\VRES.LLB
Thu Mar 24 05:43:04 Loaded file D:\DANH\ROBOT\ORCAD LIBS\THUVIENORCAD\THUVIENORCAD\LIBRARY\WCON100T.LLB
Thu Mar 24 05:43:04 Loaded file D:\DANH\ROBOT\ORCAD LIBS\THUVIENORCAD\THUVIENORCAD\LIBRARY\XT.LLB
Thu Mar 24 05:43:04 Loaded file D:\DANH\ROBOT\ORCAD LIBS\THUVIENORCAD\THUVIENORCAD\LIBRARY\ZIGZAG.LLB
Thu Mar 24 05:43:04 Loaded file D:\DANH\ROBOT\ORCAD LIBS\THUVIENORCAD\THUVIENORCAD\HOA DOAN\HOADOAN.LLB
Thu Mar 24 05:43:04 Loaded file D:\DANH\ROBOT\ORCAD LIBS\THUVIENORCAD\THUVIENORCAD\THU VIEN\THU VIEN.LLB
Thu Mar 24 05:43:04 Loaded file D:\DANH\ROBOT\ORCAD LIBS\THU VIEN\THU VIEN.LLB
Thu Mar 24 05:43:04 Loaded file D:\DANH\ROBOT\ORCAD LIBS\ORCAD LAYOUT\T2L LAYOUT.LLB
Thu Mar 24 05:43:04 Loaded file D:\DANH\ROBOT\ORCAD LIBS\DANHLIB.LLB
Thu Mar 24 05:43:04 Saved as file D:\DANH\ROBOT\ORCAD PROJECTS\COMERCIAL PROJECTS\COM_PRJ30(MOTHER BOARD 12V)\COM_PRJ30_VER1.MAX
Thu Mar 24 05:43:04 Loaded file D:\DANH\ROBOT\ORCAD PROJECTS\COMERCIAL PROJECTS\COM_PRJ30(MOTHER BOARD 12V)\COM_PRJ30_VER1.MAX
Thu Mar 24 05:43:31 No new connections routed.
Thu Mar 24 05:43:31 Total is now 0 out of 20 (0%).
Thu Mar 24 05:43:31 Saved as file SWEEP1.MAX
Thu Mar 24 05:43:31 Saved as file BACKUP1.MAX
Thu Mar 24 05:43:31 Routed 9 connections in 0 seconds.
Thu Mar 24 05:43:31 Total is now 9 out of 20 (45%).
Thu Mar 24 05:43:31 Saved as file SWEEP2.MAX
Thu Mar 24 05:43:31 No new connections routed.
Thu Mar 24 05:43:31 Total is now 9 out of 20 (45%).
Thu Mar 24 05:43:31 Saved as file SWEEP3.MAX
Thu Mar 24 05:43:32 No new connections routed.
Thu Mar 24 05:43:32 Total is now 9 out of 20 (45%).
Thu Mar 24 05:43:32 Saved as file SWEEP4.MAX
Thu Mar 24 05:43:32 No new connections routed.
Thu Mar 24 05:43:32 Total is now 9 out of 20 (45%).
Thu Mar 24 05:43:32 Saved as file SWEEP5.MAX
Thu Mar 24 05:44:24 Saved as file D:\DANH\ROBOT\ORCAD PROJECTS\COMERCIAL PROJECTS\COM_PRJ30(MOTHER BOARD 12V)\COM_PRJ30_VER1.MAX
Thu Mar 24 05:45:30 Saved as file D:\DANH\ROBOT\ORCAD PROJECTS\COMERCIAL PROJECTS\COM_PRJ30(MOTHER BOARD 12V)\COM_PRJ30.MAX
Thu Mar 24 05:45:30 Saved as file BACKUP1.MAX
Thu Mar 24 05:45:30 Saved as file D:\DANH\ROBOT\ORCAD PROJECTS\COMERCIAL PROJECTS\COM_PRJ30(MOTHER BOARD 12V)\COM_PRJ30.MAX
Thu Mar 24 05:45:30 UserDiv from Layout.INI for AutoECO: 60
Thu Mar 24 05:45:30 Loaded file D:\DANH\ROBOT\ORCAD PROJECTS\COMERCIAL PROJECTS\COM_PRJ30(MOTHER BOARD 12V)\COM_PRJ30.MAX
Thu Mar 24 05:45:30 Loaded file D:\DANH\ROBOT\ORCAD LIBS\THUVIENORCAD\THUVIENORCAD\THUVIEN1\TIEN.LLB
Thu Mar 24 05:45:30 Loaded file D:\DANH\ROBOT\ORCAD LIBS\THUVIENORCAD\THUVIENORCAD\THUVIEN\LAYOUTMT.LLB
Thu Mar 24 05:45:30 Loaded file D:\DANH\ROBOT\ORCAD LIBS\THUVIENORCAD\THUVIENORCAD\LIBRARY ORCAD\THU VIEN ORCAD FULL\THU VIEN LAYOUT BETA 3.LLB
Thu Mar 24 05:45:30 Loaded file D:\DANH\ROBOT\ORCAD LIBS\THUVIENORCAD\THUVIENORCAD\LIBRARY ORCAD\THU VIEN ORCAD FULL\THU VIEN.LLB
Thu Mar 24 05:45:30 Loaded file D:\DANH\ROBOT\ORCAD LIBS\THUVIENORCAD\THUVIENORCAD\LIBRARY\BCON100T.LLB
Thu Mar 24 05:45:30 Loaded file D:\DANH\ROBOT\ORCAD LIBS\THUVIENORCAD\THUVIENORCAD\LIBRARY\BCON156T.LLB
Thu Mar 24 05:45:30 Loaded file D:\DANH\ROBOT\ORCAD LIBS\THUVIENORCAD\THUVIENORCAD\LIBRARY\BGA.LLB
Thu Mar 24 05:45:30 Loaded file D:\DANH\ROBOT\ORCAD LIBS\THUVIENORCAD\THUVIENORCAD\LIBRARY\CLCC.LLB
Thu Mar 24 05:45:30 Loaded file D:\DANH\ROBOT\ORCAD LIBS\THUVIENORCAD\THUVIENORCAD\LIBRARY\DCON050T.LLB
Thu Mar 24 05:45:30 Loaded file D:\DANH\ROBOT\ORCAD LIBS\THUVIENORCAD\THUVIENORCAD\LIBRARY\DCON085T.LLB
Thu Mar 24 05:45:30 Loaded file D:\DANH\ROBOT\ORCAD LIBS\THUVIENORCAD\THUVIENORCAD\LIBRARY\DIMM050F.LLB
Thu Mar 24 05:45:30 Loaded file D:\DANH\ROBOT\ORCAD LIBS\THUVIENORCAD\THUVIENORCAD\LIBRARY\DIMM050T.LLB
Thu Mar 24 05:45:30 Loaded file D:\DANH\ROBOT\ORCAD LIBS\THUVIENORCAD\THUVIENORCAD\LIBRARY\DIN.LLB
Thu Mar 24 05:45:30 Loaded file D:\DANH\ROBOT\ORCAD LIBS\THUVIENORCAD\THUVIENORCAD\LIBRARY\DIP100B.LLB
Thu Mar 24 05:45:30 Loaded file D:\DANH\ROBOT\ORCAD LIBS\THUVIENORCAD\THUVIENORCAD\LIBRARY\DIP100T.LLB
Thu Mar 24 05:45:30 Loaded file D:\DANH\ROBOT\ORCAD LIBS\THUVIENORCAD\THUVIENORCAD\LIBRARY\DSUBT.LLB
Thu Mar 24 05:45:30 Loaded file D:\DANH\ROBOT\ORCAD LIBS\THUVIENORCAD\THUVIENORCAD\LIBRARY\DSUBT_HD.LLB
Thu Mar 24 05:45:30 Loaded file D:\DANH\ROBOT\ORCAD LIBS\THUVIENORCAD\THUVIENORCAD\LIBRARY\ECON100T.LLB
Thu Mar 24 05:45:31 Loaded file D:\DANH\ROBOT\ORCAD LIBS\THUVIENORCAD\THUVIENORCAD\LIBRARY\EMPTY.LLB
Thu Mar 24 05:45:31 Loaded file D:\DANH\ROBOT\ORCAD LIBS\THUVIENORCAD\THUVIENORCAD\LIBRARY\EX_GUI.LLB
Thu Mar 24 05:45:31 Loaded file D:\DANH\ROBOT\ORCAD LIBS\THUVIENORCAD\THUVIENORCAD\LIBRARY\FBUS.LLB
Thu Mar 24 05:45:31 Loaded file D:\DANH\ROBOT\ORCAD LIBS\THUVIENORCAD\THUVIENORCAD\LIBRARY\ISA.LLB
Thu Mar 24 05:45:31 Loaded file D:\DANH\ROBOT\ORCAD LIBS\THUVIENORCAD\THUVIENORCAD\LIBRARY\JUMPER.LLB
Thu Mar 24 05:45:31 Loaded file D:\DANH\ROBOT\ORCAD LIBS\THUVIENORCAD\THUVIENORCAD\LIBRARY\LAYOUT.LLB
Thu Mar 24 05:45:31 Loaded file D:\DANH\ROBOT\ORCAD LIBS\THUVIENORCAD\THUVIENORCAD\LIBRARY\LCON100T.LLB
Thu Mar 24 05:45:31 Loaded file D:\DANH\ROBOT\ORCAD LIBS\THUVIENORCAD\THUVIENORCAD\LIBRARY\LINH KIEN.LLB
Thu Mar 24 05:45:31 Loaded file D:\DANH\ROBOT\ORCAD LIBS\THUVIENORCAD\THUVIENORCAD\LIBRARY\METRIC.LLB
Thu Mar 24 05:45:31 Loaded file D:\DANH\ROBOT\ORCAD LIBS\THUVIENORCAD\THUVIENORCAD\LIBRARY\PADSTACK.LLB
Thu Mar 24 05:45:31 Loaded file D:\DANH\ROBOT\ORCAD LIBS\THUVIENORCAD\THUVIENORCAD\LIBRARY\PC104.LLB
Thu Mar 24 05:45:31 Loaded file D:\DANH\ROBOT\ORCAD LIBS\THUVIENORCAD\THUVIENORCAD\LIBRARY\PCI.LLB
Thu Mar 24 05:45:31 Loaded file D:\DANH\ROBOT\ORCAD LIBS\THUVIENORCAD\THUVIENORCAD\LIBRARY\PCON100T.LLB
Thu Mar 24 05:45:31 Loaded file D:\DANH\ROBOT\ORCAD LIBS\THUVIENORCAD\THUVIENORCAD\LIBRARY\PCON156T.LLB
Thu Mar 24 05:45:31 Loaded file D:\DANH\ROBOT\ORCAD LIBS\THUVIENORCAD\THUVIENORCAD\LIBRARY\PGA.LLB
Thu Mar 24 05:45:31 Loaded file D:\DANH\ROBOT\ORCAD LIBS\THUVIENORCAD\THUVIENORCAD\LIBRARY\PLCC.LLB
Thu Mar 24 05:45:31 Loaded file D:\DANH\ROBOT\ORCAD LIBS\THUVIENORCAD\THUVIENORCAD\LIBRARY\QUAD.LLB
Thu Mar 24 05:45:31 Loaded file D:\DANH\ROBOT\ORCAD LIBS\THUVIENORCAD\THUVIENORCAD\LIBRARY\QUADB.LLB
Thu Mar 24 05:45:31 Loaded file D:\DANH\ROBOT\ORCAD LIBS\THUVIENORCAD\THUVIENORCAD\LIBRARY\RELAY.LLB
Thu Mar 24 05:45:31 Loaded file D:\DANH\ROBOT\ORCAD LIBS\THUVIENORCAD\THUVIENORCAD\LIBRARY\RF.LLB
Thu Mar 24 05:45:31 Loaded file D:\DANH\ROBOT\ORCAD LIBS\THUVIENORCAD\THUVIENORCAD\LIBRARY\SBUS.LLB
Thu Mar 24 05:45:31 Loaded file D:\DANH\ROBOT\ORCAD LIBS\THUVIENORCAD\THUVIENORCAD\LIBRARY\SIMM050F.LLB
Thu Mar 24 05:45:31 Loaded file D:\DANH\ROBOT\ORCAD LIBS\THUVIENORCAD\THUVIENORCAD\LIBRARY\SIMM050T.LLB
Thu Mar 24 05:45:31 Loaded file D:\DANH\ROBOT\ORCAD LIBS\THUVIENORCAD\THUVIENORCAD\LIBRARY\SIMM100F.LLB
Thu Mar 24 05:45:31 Loaded file D:\DANH\ROBOT\ORCAD LIBS\THUVIENORCAD\THUVIENORCAD\LIBRARY\SIMM100T.LLB
Thu Mar 24 05:45:31 Loaded file D:\DANH\ROBOT\ORCAD LIBS\THUVIENORCAD\THUVIENORCAD\LIBRARY\SIP.LLB
Thu Mar 24 05:45:31 Loaded file D:\DANH\ROBOT\ORCAD LIBS\THUVIENORCAD\THUVIENORCAD\LIBRARY\SM.LLB
Thu Mar 24 05:45:31 Loaded file D:\DANH\ROBOT\ORCAD LIBS\THUVIENORCAD\THUVIENORCAD\LIBRARY\SOG.LLB
Thu Mar 24 05:45:31 Loaded file D:\DANH\ROBOT\ORCAD LIBS\THUVIENORCAD\THUVIENORCAD\LIBRARY\SOJ.LLB
Thu Mar 24 05:45:31 Loaded file D:\DANH\ROBOT\ORCAD LIBS\THUVIENORCAD\THUVIENORCAD\LIBRARY\STIFF.LLB
Thu Mar 24 05:45:31 Loaded file D:\DANH\ROBOT\ORCAD LIBS\THUVIENORCAD\THUVIENORCAD\LIBRARY\TELE.LLB
Thu Mar 24 05:45:31 Loaded file D:\DANH\ROBOT\ORCAD LIBS\THUVIENORCAD\THUVIENORCAD\LIBRARY\TM_AXIAL.LLB
Thu Mar 24 05:45:31 Loaded file D:\DANH\ROBOT\ORCAD LIBS\THUVIENORCAD\THUVIENORCAD\LIBRARY\TM_CAP_P.LLB
Thu Mar 24 05:45:31 Loaded file D:\DANH\ROBOT\ORCAD LIBS\THUVIENORCAD\THUVIENORCAD\LIBRARY\TM_CYLND.LLB
Thu Mar 24 05:45:31 Loaded file D:\DANH\ROBOT\ORCAD LIBS\THUVIENORCAD\THUVIENORCAD\LIBRARY\TM_DIODE.LLB
Thu Mar 24 05:45:31 Loaded file D:\DANH\ROBOT\ORCAD LIBS\THUVIENORCAD\THUVIENORCAD\LIBRARY\TM_DISC.LLB
Thu Mar 24 05:45:31 Loaded file D:\DANH\ROBOT\ORCAD LIBS\THUVIENORCAD\THUVIENORCAD\LIBRARY\TM_RAD.LLB
Thu Mar 24 05:45:31 Loaded file D:\DANH\ROBOT\ORCAD LIBS\THUVIENORCAD\THUVIENORCAD\LIBRARY\TO.LLB
Thu Mar 24 05:45:31 Loaded file D:\DANH\ROBOT\ORCAD LIBS\THUVIENORCAD\THUVIENORCAD\LIBRARY\TRAINING.LLB
Thu Mar 24 05:45:31 Loaded file D:\DANH\ROBOT\ORCAD LIBS\THUVIENORCAD\THUVIENORCAD\LIBRARY\VRES.LLB
Thu Mar 24 05:45:31 Loaded file D:\DANH\ROBOT\ORCAD LIBS\THUVIENORCAD\THUVIENORCAD\LIBRARY\WCON100T.LLB
Thu Mar 24 05:45:31 Loaded file D:\DANH\ROBOT\ORCAD LIBS\THUVIENORCAD\THUVIENORCAD\LIBRARY\XT.LLB
Thu Mar 24 05:45:31 Loaded file D:\DANH\ROBOT\ORCAD LIBS\THUVIENORCAD\THUVIENORCAD\LIBRARY\ZIGZAG.LLB
Thu Mar 24 05:45:31 Loaded file D:\DANH\ROBOT\ORCAD LIBS\THUVIENORCAD\THUVIENORCAD\HOA DOAN\HOADOAN.LLB
Thu Mar 24 05:45:31 Loaded file D:\DANH\ROBOT\ORCAD LIBS\THUVIENORCAD\THUVIENORCAD\THU VIEN\THU VIEN.LLB
Thu Mar 24 05:45:31 Loaded file D:\DANH\ROBOT\ORCAD LIBS\THU VIEN\THU VIEN.LLB
Thu Mar 24 05:45:31 Loaded file D:\DANH\ROBOT\ORCAD LIBS\ORCAD LAYOUT\T2L LAYOUT.LLB
Thu Mar 24 05:45:31 Loaded file D:\DANH\ROBOT\ORCAD LIBS\DANHLIB.LLB
Thu Mar 24 05:45:31 Loaded file D:\DANH\ROBOT\ORCAD LIBS\THU VIEN\THU VIEN.LLB
Thu Mar 24 05:45:31 Loaded file D:\DANH\ROBOT\ORCAD LIBS\DANHLIB.LLB
Thu Mar 24 05:45:31 Loaded file D:\DANH\ROBOT\ORCAD LIBS\THUVIENORCAD\THUVIENORCAD\HOA DOAN\HOADOAN.LLB
Thu Mar 24 05:45:31 Loaded file D:\DANH\ROBOT\ORCAD LIBS\THUVIENORCAD\THUVIENORCAD\THUVIEN1\TIEN.LLB
Thu Mar 24 05:45:31 Loaded file D:\DANH\ROBOT\ORCAD LIBS\DANHLIB.LLB
Thu Mar 24 05:45:31 Loaded file D:\DANH\ROBOT\ORCAD LIBS\THUVIENORCAD\THUVIENORCAD\LIBRARY ORCAD\THU VIEN ORCAD FULL\THU VIEN LAYOUT BETA 3.LLB
Thu Mar 24 05:45:31 Saved as file D:\DANH\ROBOT\ORCAD PROJECTS\COMERCIAL PROJECTS\COM_PRJ30(MOTHER BOARD 12V)\COM_PRJ30.MAX
Thu Mar 24 05:45:31 Loaded file D:\DANH\ROBOT\ORCAD PROJECTS\COMERCIAL PROJECTS\COM_PRJ30(MOTHER BOARD 12V)\COM_PRJ30.MAX
Thu Mar 24 05:47:29 Loaded file C:\Program Files\Orcad\Layout_Plus\data\template.imp
Thu Mar 24 05:47:29 Loaded file C:\Program Files\Orcad\Layout_Plus\data\template.imp
Thu Mar 24 05:47:36 Loaded file D:\DANH\ROBOT\ORCAD LIBS\DANHLIB.LLB
Thu Mar 24 05:47:40 Loaded file C:\Program Files\Orcad\Layout_Plus\data\template.imp
Thu Mar 24 05:47:46 Loaded file C:\Program Files\Orcad\Layout_Plus\data\template.imp
Thu Mar 24 05:47:46 Loaded file C:\Program Files\Orcad\Layout_Plus\data\template.imp
Thu Mar 24 05:47:48 Loaded file C:\Program Files\Orcad\Layout_Plus\data\template.imp
Thu Mar 24 05:47:54 Loaded file C:\Program Files\Orcad\Layout_Plus\data\template.imp
Thu Mar 24 05:47:54 Loaded file C:\Program Files\Orcad\Layout_Plus\data\template.imp
Thu Mar 24 05:47:57 Loaded file C:\Program Files\Orcad\Layout_Plus\data\template.imp
Thu Mar 24 05:48:06 Loaded file C:\Program Files\Orcad\Layout_Plus\data\template.imp
Thu Mar 24 05:48:06 Loaded file C:\Program Files\Orcad\Layout_Plus\data\template.imp
Thu Mar 24 05:48:12 Loaded file C:\Program Files\Orcad\Layout_Plus\data\template.imp
Thu Mar 24 05:48:59 Saved as file D:\DANH\ROBOT\ORCAD PROJECTS\COMERCIAL PROJECTS\COM_PRJ30(MOTHER BOARD 12V)\COM_PRJ30.MAX
Thu Mar 24 05:49:03 No new connections routed.
Thu Mar 24 05:49:03 Total is now 0 out of 20 (0%).
Thu Mar 24 05:49:03 Saved as file SWEEP1.MAX
Thu Mar 24 05:49:03 Saved as file BACKUP1.MAX
Thu Mar 24 05:49:03 Routed 20 connections in 0 seconds.
Thu Mar 24 05:49:03 Total is now 20 out of 20 (100%).
Thu Mar 24 05:49:03 Saved as file SWEEP2.MAX
Thu Mar 24 05:49:03 No new connections routed.
Thu Mar 24 05:49:03 Total is now 20 out of 20 (100%).
Thu Mar 24 05:49:03 Saved as file SWEEP3.MAX
Thu Mar 24 05:49:03 No new connections routed.
Thu Mar 24 05:49:03 Total is now 20 out of 20 (100%).
Thu Mar 24 05:49:03 Saved as file SWEEP4.MAX
Thu Mar 24 05:49:03 No new connections routed.
Thu Mar 24 05:49:03 Total is now 20 out of 20 (100%).
Thu Mar 24 05:49:03 Saved as file SWEEP5.MAX
Thu Mar 24 05:52:48 Saved as file D:\DANH\ROBOT\ORCAD PROJECTS\COMERCIAL PROJECTS\COM_PRJ30(MOTHER BOARD 12V)\COM_PRJ30.MAX
Thu Mar 24 05:53:19 Saved as file D:\DANH\ROBOT\ORCAD PROJECTS\COMERCIAL PROJECTS\COM_PRJ30(MOTHER BOARD 12V)\COM_PRJ30.MAX
Thu Mar 24 05:55:34 Saved as file D:\DANH\ROBOT\ORCAD PROJECTS\COMERCIAL PROJECTS\COM_PRJ30(MOTHER BOARD 12V)\COM_PRJ30.MAX
Thu Mar 24 05:55:51 Removed unused footprint: DEFAULT
Thu Mar 24 05:55:53 Removed unused padstack: T7
Thu Mar 24 05:55:53 Removed unused padstack: T2
Thu Mar 24 05:55:53 Removed unused padstack: T1
Thu Mar 24 05:56:12 Saved as file D:\DANH\ROBOT\ORCAD PROJECTS\COMERCIAL PROJECTS\COM_PRJ30(MOTHER BOARD 12V)\COM_PRJ30.MAX
Thu Mar 24 05:56:58 Saved as file BACKUP1.MAX
Thu Mar 24 12:43:56 Saved as file BACKUP1.MAX
Thu Mar 24 12:43:56 No new connections routed.
Thu Mar 24 12:43:56 Total is now 0 out of 21 (0%).
Thu Mar 24 12:43:56 Saved as file SWEEP1.MAX
Thu Mar 24 12:43:57 Saved as file BACKUP1.MAX
Thu Mar 24 12:43:57 Routed 21 connections in 0 seconds.
Thu Mar 24 12:43:57 Total is now 21 out of 21 (100%).
Thu Mar 24 12:43:57 Saved as file SWEEP2.MAX
Thu Mar 24 12:43:57 No new connections routed.
Thu Mar 24 12:43:57 Total is now 21 out of 21 (100%).
Thu Mar 24 12:43:57 Saved as file SWEEP3.MAX
Thu Mar 24 12:43:57 No new connections routed.
Thu Mar 24 12:43:57 Total is now 21 out of 21 (100%).
Thu Mar 24 12:43:57 Saved as file SWEEP4.MAX
Thu Mar 24 12:43:57 No new connections routed.
Thu Mar 24 12:43:57 Total is now 21 out of 21 (100%).
Thu Mar 24 12:43:57 Saved as file SWEEP5.MAX
Thu Mar 24 12:46:20 Removed unused footprint: LO KHOAN 2_16
Thu Mar 24 12:46:20 Removed unused footprint: LO KHOAN 2_15
Thu Mar 24 12:46:20 Removed unused footprint: LO KHOAN 2_14
Thu Mar 24 12:46:20 Removed unused footprint: LO KHOAN 2_13
Thu Mar 24 12:46:20 Removed unused footprint: LO KHOAN 2
Thu Mar 24 12:46:22 Removed unused padstack: T1_15_2
Thu Mar 24 12:49:01 Saved as file D:\DANH\ROBOT\ORCAD PROJECTS\COMERCIAL PROJECTS\COM_PRJ30(MOTHER BOARD 12V)\COM_PRJ30.MAX
Thu Mar 24 12:49:59 Saved as file D:\DANH\ROBOT\ORCAD PROJECTS\COMERCIAL PROJECTS\COM_PRJ30(MOTHER BOARD 12V)\COM_PRJ30.MAX
Thu Mar 24 12:50:00 Saved as file D:\DANH\ROBOT\ORCAD PROJECTS\COMERCIAL PROJECTS\COM_PRJ30(MOTHER BOARD 12V)\COM_PRJ30.MAX
Thu Mar 24 12:50:00 Saved as file D:\DANH\ROBOT\ORCAD PROJECTS\COMERCIAL PROJECTS\COM_PRJ30(MOTHER BOARD 12V)\COM_PRJ30.MAX
Thu Mar 24 12:51:41 Saved as file D:\DANH\ROBOT\ORCAD PROJECTS\COMERCIAL PROJECTS\COM_PRJ30(MOTHER BOARD 12V)\COM_PRJ30.MAX
Thu Mar 24 12:51:42 Saved as file D:\DANH\ROBOT\ORCAD PROJECTS\COMERCIAL PROJECTS\COM_PRJ30(MOTHER BOARD 12V)\COM_PRJ30.MAX
Thu Mar 24 12:51:42 Saved as file D:\DANH\ROBOT\ORCAD PROJECTS\COMERCIAL PROJECTS\COM_PRJ30(MOTHER BOARD 12V)\COM_PRJ30.MAX
Thu Mar 24 12:51:43 Saved as file D:\DANH\ROBOT\ORCAD PROJECTS\COMERCIAL PROJECTS\COM_PRJ30(MOTHER BOARD 12V)\COM_PRJ30.MAX
Wed Jul 27 01:09:10 Loaded file D:\DANH\ROBOT\ORCAD PROJECTS\COMERCIAL PROJECTS\COM_PRJ30(MOTHER BOARD 12V)\COM_PRJ30_VER1.MAX
Sun Apr 21 12:01:19 Loaded file D:\DANH\DANH\ORCAD PROJECTS\COMERCIAL PROJECTS\COM_PRJ30(MOTHER BOARD 12V)\COM_PRJ30_VER1.MAX
