Post Processor Report
OrCAD FILE: D:\WORKING\WORKING\DANHLL\ORCAD PROJECTS\COMERCIAL PROJECTS\CRYSTAL_BASE\CRYSTAL_BASE_V1.MAX
Sat Mar 19 02:14:22 2016

*********************************************************

Output file: D:\WORKING\WORKING\DANHLL\ORCAD PROJECTS\COMERCIAL PROJECTS\CRYSTAL_BASE\CRYSTAL_BASE_V1.TOP

Aperture totals for D:\WORKING\WORKING\DANHLL\ORCAD PROJECTS\COMERCIAL PROJECTS\CRYSTAL_BASE\CRYSTAL_BASE_V1.TOP:
---------------------------------------------------------
D14:  0.0380 x 0.0320 RECTANGLE -----       2 Flashes
D15:  0.0320 x 0.0380 RECTANGLE -----       6 Flashes
D20:  0.0010 ROUND  --     269 Draws,       0 Flashes
D31:  0.1181 x 0.0787 RECTANGLE -----       2 Flashes
D32:  0.0866 x 0.0256 OBLONG    -----       8 Flashes
D33:  0.0340 x 0.0500 RECTANGLE -----       3 Flashes
D34:  0.0340 x 0.0400 RECTANGLE -----       6 Flashes
D35:  0.0320 x 0.0640 RECTANGLE -----       2 Flashes
D36:  0.0320 x 0.0940 RECTANGLE -----       1 Flashes
D37:  0.0799 x 0.1181 RECTANGLE -----      20 Flashes
D38:  0.0787 x 0.1181 RECTANGLE -----       2 Flashes
D39:  0.0197 ROUND  --     142 Draws,       0 Flashes
D40:  0.0079 ROUND  --      10 Draws,       0 Flashes
---------------------------------------------------------
 13 D-Codes      -----     421 Draws,      52 Flashes

*********************************************************

Output file: D:\WORKING\WORKING\DANHLL\ORCAD PROJECTS\COMERCIAL PROJECTS\CRYSTAL_BASE\CRYSTAL_BASE_V1.BOT

Aperture totals for D:\WORKING\WORKING\DANHLL\ORCAD PROJECTS\COMERCIAL PROJECTS\CRYSTAL_BASE\CRYSTAL_BASE_V1.BOT:
---------------------------------------------------------
D31:  0.1181 x 0.0787 RECTANGLE -----       2 Flashes
D37:  0.0799 x 0.1181 RECTANGLE -----      20 Flashes
D38:  0.0787 x 0.1181 RECTANGLE -----       2 Flashes
---------------------------------------------------------
  3 D-Codes      -----       0 Draws,      24 Flashes

*********************************************************

Output file: D:\WORKING\WORKING\DANHLL\ORCAD PROJECTS\COMERCIAL PROJECTS\CRYSTAL_BASE\CRYSTAL_BASE_V1.GND

Aperture totals for D:\WORKING\WORKING\DANHLL\ORCAD PROJECTS\COMERCIAL PROJECTS\CRYSTAL_BASE\CRYSTAL_BASE_V1.GND:
---------------------------------------------------------
D23:  0.0709 ROUND  --       0 Draws,       4 Flashes
D24:  0.0760 ROUND  --       0 Draws,      15 Flashes
D25:  0.0840 ROUND  --       0 Draws,       5 Flashes
---------------------------------------------------------
  3 D-Codes      -----       0 Draws,      24 Flashes

*********************************************************

Output file: D:\WORKING\WORKING\DANHLL\ORCAD PROJECTS\COMERCIAL PROJECTS\CRYSTAL_BASE\CRYSTAL_BASE_V1.PWR

Aperture totals for D:\WORKING\WORKING\DANHLL\ORCAD PROJECTS\COMERCIAL PROJECTS\CRYSTAL_BASE\CRYSTAL_BASE_V1.PWR:
---------------------------------------------------------
D23:  0.0709 ROUND  --       0 Draws,       4 Flashes
D24:  0.0760 ROUND  --       0 Draws,      15 Flashes
D25:  0.0840 ROUND  --       0 Draws,       5 Flashes
---------------------------------------------------------
  3 D-Codes      -----       0 Draws,      24 Flashes

*********************************************************

Output file: D:\WORKING\WORKING\DANHLL\ORCAD PROJECTS\COMERCIAL PROJECTS\CRYSTAL_BASE\CRYSTAL_BASE_V1.SMT

Aperture totals for D:\WORKING\WORKING\DANHLL\ORCAD PROJECTS\COMERCIAL PROJECTS\CRYSTAL_BASE\CRYSTAL_BASE_V1.SMT:
---------------------------------------------------------
D14:  0.0380 x 0.0320 RECTANGLE -----       2 Flashes
D15:  0.0320 x 0.0380 RECTANGLE -----       6 Flashes
D20:  0.0010 ROUND  --     260 Draws,       0 Flashes
D23:  0.0709 ROUND  --       0 Draws,       4 Flashes
D26:  0.0750 ROUND  --       0 Draws,      15 Flashes
D27:  0.0830 ROUND  --       0 Draws,       5 Flashes
D32:  0.0866 x 0.0256 OBLONG    -----       8 Flashes
D33:  0.0340 x 0.0500 RECTANGLE -----       3 Flashes
D34:  0.0340 x 0.0400 RECTANGLE -----       6 Flashes
D35:  0.0320 x 0.0640 RECTANGLE -----       2 Flashes
D36:  0.0320 x 0.0940 RECTANGLE -----       1 Flashes
---------------------------------------------------------
 11 D-Codes      -----     260 Draws,      52 Flashes

*********************************************************

Output file: D:\WORKING\WORKING\DANHLL\ORCAD PROJECTS\COMERCIAL PROJECTS\CRYSTAL_BASE\CRYSTAL_BASE_V1.SMB

Aperture totals for D:\WORKING\WORKING\DANHLL\ORCAD PROJECTS\COMERCIAL PROJECTS\CRYSTAL_BASE\CRYSTAL_BASE_V1.SMB:
---------------------------------------------------------
D23:  0.0709 ROUND  --       0 Draws,       4 Flashes
D26:  0.0750 ROUND  --       0 Draws,      15 Flashes
D27:  0.0830 ROUND  --       0 Draws,       5 Flashes
---------------------------------------------------------
  3 D-Codes      -----       0 Draws,      24 Flashes

*********************************************************

Output file: D:\WORKING\WORKING\DANHLL\ORCAD PROJECTS\COMERCIAL PROJECTS\CRYSTAL_BASE\CRYSTAL_BASE_V1.SST

Aperture totals for D:\WORKING\WORKING\DANHLL\ORCAD PROJECTS\COMERCIAL PROJECTS\CRYSTAL_BASE\CRYSTAL_BASE_V1.SST:
---------------------------------------------------------
D20:  0.0010 ROUND  --      20 Draws,       0 Flashes
D22:  0.0100 ROUND  --       5 Draws,       0 Flashes
D28:  0.0060 ROUND  --     104 Draws,       0 Flashes
D29:  0.0039 ROUND  --      83 Draws,       0 Flashes
D30:  0.0394 ROUND  --       4 Draws,       0 Flashes
---------------------------------------------------------
  5 D-Codes      -----     216 Draws,       0 Flashes

*********************************************************

Output file: D:\WORKING\WORKING\DANHLL\ORCAD PROJECTS\COMERCIAL PROJECTS\CRYSTAL_BASE\CRYSTAL_BASE_V1.AST

Aperture totals for D:\WORKING\WORKING\DANHLL\ORCAD PROJECTS\COMERCIAL PROJECTS\CRYSTAL_BASE\CRYSTAL_BASE_V1.AST:
---------------------------------------------------------
D14:  0.0380 x 0.0320 RECTANGLE -----       2 Flashes
D15:  0.0320 x 0.0380 RECTANGLE -----       6 Flashes
D22:  0.0100 ROUND  --     146 Draws,       0 Flashes
D28:  0.0060 ROUND  --     271 Draws,       0 Flashes
D32:  0.0866 x 0.0256 OBLONG    -----       8 Flashes
D33:  0.0340 x 0.0500 RECTANGLE -----       3 Flashes
D34:  0.0340 x 0.0400 RECTANGLE -----       6 Flashes
D35:  0.0320 x 0.0640 RECTANGLE -----       2 Flashes
D36:  0.0320 x 0.0940 RECTANGLE -----       1 Flashes
---------------------------------------------------------
  9 D-Codes      -----     417 Draws,      28 Flashes

*********************************************************

Output file: D:\WORKING\WORKING\DANHLL\ORCAD PROJECTS\COMERCIAL PROJECTS\CRYSTAL_BASE\CRYSTAL_BASE_V1.DRD

Aperture totals for D:\WORKING\WORKING\DANHLL\ORCAD PROJECTS\COMERCIAL PROJECTS\CRYSTAL_BASE\CRYSTAL_BASE_V1.DRD:
---------------------------------------------------------
D22:  0.0100 ROUND  --     360 Draws,       0 Flashes
---------------------------------------------------------
  1 D-Codes      -----     360 Draws,       0 Flashes


*********************************************************

Aperture totals for entire project:
---------------------------------------------------------
D14:  0.0380 x 0.0320 RECTANGLE -----       6 Flashes
D15:  0.0320 x 0.0380 RECTANGLE -----      18 Flashes
D20:  0.0010 ROUND  --     549 Draws,       0 Flashes
D22:  0.0100 ROUND  --     511 Draws,       0 Flashes
D23:  0.0709 ROUND  --       0 Draws,      16 Flashes
D24:  0.0760 ROUND  --       0 Draws,      30 Flashes
D25:  0.0840 ROUND  --       0 Draws,      10 Flashes
D26:  0.0750 ROUND  --       0 Draws,      30 Flashes
D27:  0.0830 ROUND  --       0 Draws,      10 Flashes
D28:  0.0060 ROUND  --     375 Draws,       0 Flashes
D29:  0.0039 ROUND  --      83 Draws,       0 Flashes
D30:  0.0394 ROUND  --       4 Draws,       0 Flashes
D31:  0.1181 x 0.0787 RECTANGLE -----       4 Flashes
D32:  0.0866 x 0.0256 OBLONG    -----      24 Flashes
D33:  0.0340 x 0.0500 RECTANGLE -----       9 Flashes
D34:  0.0340 x 0.0400 RECTANGLE -----      18 Flashes
D35:  0.0320 x 0.0640 RECTANGLE -----       6 Flashes
D36:  0.0320 x 0.0940 RECTANGLE -----       3 Flashes
D37:  0.0799 x 0.1181 RECTANGLE -----      40 Flashes
D38:  0.0787 x 0.1181 RECTANGLE -----       4 Flashes
D39:  0.0197 ROUND  --     142 Draws,       0 Flashes
D40:  0.0079 ROUND  --      10 Draws,       0 Flashes
---------------------------------------------------------
 22 D-Codes      -----    1674 Draws,     228 Flashes


No warnings or errors.
