Post Processor Report
OrCAD FILE: D:\WORKING\WORKING\DANHLL\ORCAD PROJECTS\COMERCIAL PROJECTS\CRYSTAL_BASE\CRYSTAL_BASE.MAX
Thu Mar 17 02:52:10 2016

*********************************************************

Output file: D:\WORKING\WORKING\DANHLL\ORCAD PROJECTS\COMERCIAL PROJECTS\CRYSTAL_BASE\CRYSTAL_BASE.TOP

Aperture totals for D:\WORKING\WORKING\DANHLL\ORCAD PROJECTS\COMERCIAL PROJECTS\CRYSTAL_BASE\CRYSTAL_BASE.TOP:
---------------------------------------------------------
D10:  0.1039 ROUND  --       0 Draws,       2 Flashes
D11:  0.0256 x 0.0866 OBLONG    -----       8 Flashes
D12:  0.0500 x 0.0340 RECTANGLE -----       3 Flashes
D13:  0.0400 x 0.0340 RECTANGLE -----       6 Flashes
D14:  0.0380 x 0.0320 RECTANGLE -----       8 Flashes
D15:  0.0320 x 0.0380 RECTANGLE -----       2 Flashes
D16:  0.0799 ROUND  --       0 Draws,       3 Flashes
D17:  0.0799 SQUARE --       0 Draws,       1 Flashes
D18:  0.0640 x 0.0320 RECTANGLE -----       2 Flashes
D19:  0.0940 x 0.0320 RECTANGLE -----       1 Flashes
D20:  0.0010 ROUND  --     260 Draws,       0 Flashes
D21:  0.0080 ROUND  --      70 Draws,       0 Flashes
D22:  0.0100 ROUND  --       3 Draws,       0 Flashes
---------------------------------------------------------
 13 D-Codes      -----     333 Draws,      36 Flashes

*********************************************************

Output file: D:\WORKING\WORKING\DANHLL\ORCAD PROJECTS\COMERCIAL PROJECTS\CRYSTAL_BASE\CRYSTAL_BASE.BOT

Aperture totals for D:\WORKING\WORKING\DANHLL\ORCAD PROJECTS\COMERCIAL PROJECTS\CRYSTAL_BASE\CRYSTAL_BASE.BOT:
---------------------------------------------------------
D10:  0.1039 ROUND  --       0 Draws,       2 Flashes
D16:  0.0799 ROUND  --       0 Draws,       4 Flashes
---------------------------------------------------------
  2 D-Codes      -----       0 Draws,       6 Flashes

*********************************************************

Output file: D:\WORKING\WORKING\DANHLL\ORCAD PROJECTS\COMERCIAL PROJECTS\CRYSTAL_BASE\CRYSTAL_BASE.GND

Aperture totals for D:\WORKING\WORKING\DANHLL\ORCAD PROJECTS\COMERCIAL PROJECTS\CRYSTAL_BASE\CRYSTAL_BASE.GND:
---------------------------------------------------------
D23:  0.0709 ROUND  --       0 Draws,       2 Flashes
D24:  0.0760 ROUND  --       0 Draws,       3 Flashes
D25:  0.0840 ROUND  --       0 Draws,       1 Flashes
---------------------------------------------------------
  3 D-Codes      -----       0 Draws,       6 Flashes

*********************************************************

Output file: D:\WORKING\WORKING\DANHLL\ORCAD PROJECTS\COMERCIAL PROJECTS\CRYSTAL_BASE\CRYSTAL_BASE.PWR

Aperture totals for D:\WORKING\WORKING\DANHLL\ORCAD PROJECTS\COMERCIAL PROJECTS\CRYSTAL_BASE\CRYSTAL_BASE.PWR:
---------------------------------------------------------
D23:  0.0709 ROUND  --       0 Draws,       2 Flashes
D24:  0.0760 ROUND  --       0 Draws,       3 Flashes
D25:  0.0840 ROUND  --       0 Draws,       1 Flashes
---------------------------------------------------------
  3 D-Codes      -----       0 Draws,       6 Flashes

*********************************************************

Output file: D:\WORKING\WORKING\DANHLL\ORCAD PROJECTS\COMERCIAL PROJECTS\CRYSTAL_BASE\CRYSTAL_BASE.SMT

Aperture totals for D:\WORKING\WORKING\DANHLL\ORCAD PROJECTS\COMERCIAL PROJECTS\CRYSTAL_BASE\CRYSTAL_BASE.SMT:
---------------------------------------------------------
D11:  0.0256 x 0.0866 OBLONG    -----       8 Flashes
D12:  0.0500 x 0.0340 RECTANGLE -----       3 Flashes
D13:  0.0400 x 0.0340 RECTANGLE -----       6 Flashes
D14:  0.0380 x 0.0320 RECTANGLE -----       8 Flashes
D15:  0.0320 x 0.0380 RECTANGLE -----       2 Flashes
D18:  0.0640 x 0.0320 RECTANGLE -----       2 Flashes
D19:  0.0940 x 0.0320 RECTANGLE -----       1 Flashes
D20:  0.0010 ROUND  --     260 Draws,       0 Flashes
D23:  0.0709 ROUND  --       0 Draws,       2 Flashes
D26:  0.0750 ROUND  --       0 Draws,       3 Flashes
D27:  0.0830 ROUND  --       0 Draws,       1 Flashes
---------------------------------------------------------
 11 D-Codes      -----     260 Draws,      36 Flashes

*********************************************************

Output file: D:\WORKING\WORKING\DANHLL\ORCAD PROJECTS\COMERCIAL PROJECTS\CRYSTAL_BASE\CRYSTAL_BASE.SMB

Aperture totals for D:\WORKING\WORKING\DANHLL\ORCAD PROJECTS\COMERCIAL PROJECTS\CRYSTAL_BASE\CRYSTAL_BASE.SMB:
---------------------------------------------------------
D23:  0.0709 ROUND  --       0 Draws,       2 Flashes
D26:  0.0750 ROUND  --       0 Draws,       3 Flashes
D27:  0.0830 ROUND  --       0 Draws,       1 Flashes
---------------------------------------------------------
  3 D-Codes      -----       0 Draws,       6 Flashes

*********************************************************

Output file: D:\WORKING\WORKING\DANHLL\ORCAD PROJECTS\COMERCIAL PROJECTS\CRYSTAL_BASE\CRYSTAL_BASE.SST

Aperture totals for D:\WORKING\WORKING\DANHLL\ORCAD PROJECTS\COMERCIAL PROJECTS\CRYSTAL_BASE\CRYSTAL_BASE.SST:
---------------------------------------------------------
D22:  0.0100 ROUND  --       5 Draws,       0 Flashes
D28:  0.0060 ROUND  --     123 Draws,       0 Flashes
D29:  0.0039 ROUND  --      12 Draws,       0 Flashes
D30:  0.0394 ROUND  --       4 Draws,       0 Flashes
---------------------------------------------------------
  4 D-Codes      -----     144 Draws,       0 Flashes

*********************************************************

Output file: D:\WORKING\WORKING\DANHLL\ORCAD PROJECTS\COMERCIAL PROJECTS\CRYSTAL_BASE\CRYSTAL_BASE.AST

Aperture totals for D:\WORKING\WORKING\DANHLL\ORCAD PROJECTS\COMERCIAL PROJECTS\CRYSTAL_BASE\CRYSTAL_BASE.AST:
---------------------------------------------------------
D11:  0.0256 x 0.0866 OBLONG    -----       8 Flashes
D12:  0.0500 x 0.0340 RECTANGLE -----       3 Flashes
D13:  0.0400 x 0.0340 RECTANGLE -----       6 Flashes
D14:  0.0380 x 0.0320 RECTANGLE -----       8 Flashes
D15:  0.0320 x 0.0380 RECTANGLE -----       2 Flashes
D18:  0.0640 x 0.0320 RECTANGLE -----       2 Flashes
D19:  0.0940 x 0.0320 RECTANGLE -----       1 Flashes
D22:  0.0100 ROUND  --      28 Draws,       0 Flashes
D28:  0.0060 ROUND  --     308 Draws,       0 Flashes
---------------------------------------------------------
  9 D-Codes      -----     336 Draws,      30 Flashes

*********************************************************

Output file: D:\WORKING\WORKING\DANHLL\ORCAD PROJECTS\COMERCIAL PROJECTS\CRYSTAL_BASE\CRYSTAL_BASE.DRD

Aperture totals for D:\WORKING\WORKING\DANHLL\ORCAD PROJECTS\COMERCIAL PROJECTS\CRYSTAL_BASE\CRYSTAL_BASE.DRD:
---------------------------------------------------------
D22:  0.0100 ROUND  --     306 Draws,       0 Flashes
---------------------------------------------------------
  1 D-Codes      -----     306 Draws,       0 Flashes


*********************************************************

Aperture totals for entire project:
---------------------------------------------------------
D10:  0.1039 ROUND  --       0 Draws,       4 Flashes
D11:  0.0256 x 0.0866 OBLONG    -----      24 Flashes
D12:  0.0500 x 0.0340 RECTANGLE -----       9 Flashes
D13:  0.0400 x 0.0340 RECTANGLE -----      18 Flashes
D14:  0.0380 x 0.0320 RECTANGLE -----      24 Flashes
D15:  0.0320 x 0.0380 RECTANGLE -----       6 Flashes
D16:  0.0799 ROUND  --       0 Draws,       7 Flashes
D17:  0.0799 SQUARE --       0 Draws,       1 Flashes
D18:  0.0640 x 0.0320 RECTANGLE -----       6 Flashes
D19:  0.0940 x 0.0320 RECTANGLE -----       3 Flashes
D20:  0.0010 ROUND  --     520 Draws,       0 Flashes
D21:  0.0080 ROUND  --      70 Draws,       0 Flashes
D22:  0.0100 ROUND  --     342 Draws,       0 Flashes
D23:  0.0709 ROUND  --       0 Draws,       8 Flashes
D24:  0.0760 ROUND  --       0 Draws,       6 Flashes
D25:  0.0840 ROUND  --       0 Draws,       2 Flashes
D26:  0.0750 ROUND  --       0 Draws,       6 Flashes
D27:  0.0830 ROUND  --       0 Draws,       2 Flashes
D28:  0.0060 ROUND  --     431 Draws,       0 Flashes
D29:  0.0039 ROUND  --      12 Draws,       0 Flashes
D30:  0.0394 ROUND  --       4 Draws,       0 Flashes
---------------------------------------------------------
 21 D-Codes      -----    1379 Draws,     126 Flashes


No warnings or errors.
