Wed Jun 09 09:17:12 Saved as file D:\DANH\ROBOT\ORCAD PROJECTS\COMERCIAL PROJECTS\COM_PRJ27\COM_PRJ27.MAX
Wed Jun 09 09:17:12 Saved as file BACKUP1.MAX
Wed Jun 09 09:17:12 Saved as file D:\DANH\ROBOT\ORCAD PROJECTS\COMERCIAL PROJECTS\COM_PRJ27\COM_PRJ27.MAX
Wed Jun 09 09:17:12 UserDiv from Layout.INI for AutoECO: 60
Wed Jun 09 09:17:12 Loaded file D:\DANH\ROBOT\ORCAD PROJECTS\COMERCIAL PROJECTS\COM_PRJ27\COM_PRJ27.MAX
Wed Jun 09 09:17:12 Loaded file D:\DANH\ROBOT\ORCAD LIBS\DANHLIB.LLB
Wed Jun 09 09:17:12 Loaded file C:\Program Files\Orcad\Layout_Plus\library\BCON100T.llb
Wed Jun 09 09:17:12 Loaded file C:\Program Files\Orcad\Layout_Plus\library\BCON156T.llb
Wed Jun 09 09:17:12 Loaded file C:\Program Files\Orcad\Layout_Plus\library\BGA.llb
Wed Jun 09 09:17:12 Loaded file C:\Program Files\Orcad\Layout_Plus\library\CLCC.llb
Wed Jun 09 09:17:12 Loaded file C:\Program Files\Orcad\Layout_Plus\library\DCON050T.llb
Wed Jun 09 09:17:12 Loaded file C:\Program Files\Orcad\Layout_Plus\library\DCON085T.llb
Wed Jun 09 09:17:12 Loaded file C:\Program Files\Orcad\Layout_Plus\library\DIMM050F.llb
Wed Jun 09 09:17:12 Loaded file C:\Program Files\Orcad\Layout_Plus\library\DIMM050T.llb
Wed Jun 09 09:17:12 Loaded file C:\Program Files\Orcad\Layout_Plus\library\DIN.llb
Wed Jun 09 09:17:12 Loaded file C:\Program Files\Orcad\Layout_Plus\library\DIP100B.llb
Wed Jun 09 09:17:12 Loaded file C:\Program Files\Orcad\Layout_Plus\library\DIP100T.llb
Wed Jun 09 09:17:12 Loaded file C:\Program Files\Orcad\Layout_Plus\library\DSUBT.llb
Wed Jun 09 09:17:12 Loaded file C:\Program Files\Orcad\Layout_Plus\library\DSUBT_HD.LLB
Wed Jun 09 09:17:12 Loaded file C:\Program Files\Orcad\Layout_Plus\library\ECON100T.llb
Wed Jun 09 09:17:12 Loaded file C:\Program Files\Orcad\Layout_Plus\library\FBUS.llb
Wed Jun 09 09:17:12 Loaded file C:\Program Files\Orcad\Layout_Plus\library\ISA.llb
Wed Jun 09 09:17:12 Loaded file C:\Program Files\Orcad\Layout_Plus\library\JUMPER.LLB
Wed Jun 09 09:17:12 Loaded file C:\Program Files\Orcad\Layout_Plus\library\LAYOUT.llb
Wed Jun 09 09:17:12 Loaded file C:\Program Files\Orcad\Layout_Plus\library\LCON100T.llb
Wed Jun 09 09:17:12 Loaded file C:\Program Files\Orcad\Layout_Plus\library\PC104.llb
Wed Jun 09 09:17:12 Loaded file C:\Program Files\Orcad\Layout_Plus\library\PCI.llb
Wed Jun 09 09:17:12 Loaded file C:\Program Files\Orcad\Layout_Plus\library\PCON100T.llb
Wed Jun 09 09:17:12 Loaded file C:\Program Files\Orcad\Layout_Plus\library\PCON156T.llb
Wed Jun 09 09:17:12 Loaded file C:\Program Files\Orcad\Layout_Plus\library\PGA.llb
Wed Jun 09 09:17:12 Loaded file C:\Program Files\Orcad\Layout_Plus\library\PLCC.llb
Wed Jun 09 09:17:12 Loaded file C:\Program Files\Orcad\Layout_Plus\library\QUAD.llb
Wed Jun 09 09:17:12 Loaded file C:\Program Files\Orcad\Layout_Plus\library\QUADB.llb
Wed Jun 09 09:17:12 Loaded file C:\Program Files\Orcad\Layout_Plus\library\RELAY.llb
Wed Jun 09 09:17:12 Loaded file C:\Program Files\Orcad\Layout_Plus\library\RF.llb
Wed Jun 09 09:17:12 Loaded file C:\Program Files\Orcad\Layout_Plus\library\SBUS.llb
Wed Jun 09 09:17:12 Loaded file C:\Program Files\Orcad\Layout_Plus\library\SIMM050F.llb
Wed Jun 09 09:17:12 Loaded file C:\Program Files\Orcad\Layout_Plus\library\SIMM050T.llb
Wed Jun 09 09:17:12 Loaded file C:\Program Files\Orcad\Layout_Plus\library\SIMM100F.llb
Wed Jun 09 09:17:12 Loaded file C:\Program Files\Orcad\Layout_Plus\library\SIMM100T.llb
Wed Jun 09 09:17:12 Loaded file C:\Program Files\Orcad\Layout_Plus\library\SIP.llb
Wed Jun 09 09:17:12 Loaded file C:\Program Files\Orcad\Layout_Plus\library\SM.llb
Wed Jun 09 09:17:12 Loaded file C:\Program Files\Orcad\Layout_Plus\library\SOG.llb
Wed Jun 09 09:17:12 Loaded file C:\Program Files\Orcad\Layout_Plus\library\SOJ.llb
Wed Jun 09 09:17:12 Loaded file C:\Program Files\Orcad\Layout_Plus\library\STIFF.llb
Wed Jun 09 09:17:12 Loaded file C:\Program Files\Orcad\Layout_Plus\library\TELE.llb
Wed Jun 09 09:17:12 Loaded file C:\Program Files\Orcad\Layout_Plus\library\TM_AXIAL.llb
Wed Jun 09 09:17:12 Loaded file C:\Program Files\Orcad\Layout_Plus\library\TM_CAP_P.llb
Wed Jun 09 09:17:12 Loaded file C:\Program Files\Orcad\Layout_Plus\library\TM_CYLND.llb
Wed Jun 09 09:17:12 Loaded file C:\Program Files\Orcad\Layout_Plus\library\TM_DIODE.llb
Wed Jun 09 09:17:12 Loaded file C:\Program Files\Orcad\Layout_Plus\library\TM_DISC.llb
Wed Jun 09 09:17:12 Loaded file C:\Program Files\Orcad\Layout_Plus\library\TM_RAD.llb
Wed Jun 09 09:17:12 Loaded file C:\Program Files\Orcad\Layout_Plus\library\TO.llb
Wed Jun 09 09:17:12 Loaded file C:\Program Files\Orcad\Layout_Plus\library\TRAINING.LLB
Wed Jun 09 09:17:12 Loaded file C:\Program Files\Orcad\Layout_Plus\library\VRES.llb
Wed Jun 09 09:17:12 Loaded file C:\Program Files\Orcad\Layout_Plus\library\WCON100T.llb
Wed Jun 09 09:17:12 Loaded file C:\Program Files\Orcad\Layout_Plus\library\XT.llb
Wed Jun 09 09:17:12 Loaded file C:\Program Files\Orcad\Layout_Plus\library\ZIGZAG.llb
Wed Jun 09 09:17:12 Library file not found:USER.PRT
Wed Jun 09 09:17:12 Library file not found:USER.PRT
Wed Jun 09 09:17:31 Loaded file C:\PROGRAM FILES\ORCAD\LAYOUT_PLUS\data\template.imp
Wed Jun 09 09:17:31 Loaded file C:\PROGRAM FILES\ORCAD\LAYOUT_PLUS\data\template.imp
Wed Jun 09 09:17:33 Loaded file D:\DANH\ROBOT\ORCAD LIBS\DANHLIB.LLB
Wed Jun 09 09:17:35 Loaded file C:\PROGRAM FILES\ORCAD\LAYOUT_PLUS\data\template.imp
Wed Jun 09 09:17:36 Loaded file D:\DANH\ROBOT\ORCAD LIBS\DANHLIB.LLB
Wed Jun 09 09:17:42 Loaded file C:\PROGRAM FILES\ORCAD\LAYOUT_PLUS\data\template.imp
Wed Jun 09 09:17:42 Loaded file C:\PROGRAM FILES\ORCAD\LAYOUT_PLUS\data\template.imp
Wed Jun 09 09:17:43 Loaded file D:\DANH\ROBOT\ORCAD LIBS\DANHLIB.LLB
Wed Jun 09 09:17:45 Loaded file C:\PROGRAM FILES\ORCAD\LAYOUT_PLUS\data\template.imp
Wed Jun 09 09:17:45 Loaded file D:\DANH\ROBOT\ORCAD LIBS\DANHLIB.LLB
Wed Jun 09 09:17:54 Loaded file C:\PROGRAM FILES\ORCAD\LAYOUT_PLUS\data\template.imp
Wed Jun 09 09:17:54 Loaded file C:\PROGRAM FILES\ORCAD\LAYOUT_PLUS\data\template.imp
Wed Jun 09 09:17:55 Loaded file D:\DANH\ROBOT\ORCAD LIBS\DANHLIB.LLB
Wed Jun 09 09:17:58 Loaded file C:\PROGRAM FILES\ORCAD\LAYOUT_PLUS\data\template.imp
Wed Jun 09 09:17:59 Loaded file D:\DANH\ROBOT\ORCAD LIBS\DANHLIB.LLB
Wed Jun 09 09:17:59 Saved as file D:\DANH\ROBOT\ORCAD PROJECTS\COMERCIAL PROJECTS\COM_PRJ27\COM_PRJ27.MAX
Wed Jun 09 09:17:59 Loaded file D:\DANH\ROBOT\ORCAD PROJECTS\COMERCIAL PROJECTS\COM_PRJ27\COM_PRJ27.MAX
Wed Jun 09 09:23:12 Saved as file D:\DANH\ROBOT\ORCAD PROJECTS\COMERCIAL PROJECTS\COM_PRJ27\COM_PRJ27.MAX
Wed Jun 09 09:23:46 Saved as file D:\DANH\ROBOT\ORCAD PROJECTS\COMERCIAL PROJECTS\COM_PRJ27\COM_PRJ27.MAX
Wed Jun 09 09:23:46 Saved as file D:\DANH\ROBOT\ORCAD PROJECTS\COMERCIAL PROJECTS\COM_PRJ27\COM_PRJ27.MAX
Wed Jun 09 09:23:47 Saved as file D:\DANH\ROBOT\ORCAD PROJECTS\COMERCIAL PROJECTS\COM_PRJ27\COM_PRJ27.MAX
Wed Jun 09 09:30:04 Saved as file BACKUP1.MAX
Wed Jun 09 09:31:31 Saved as file D:\DANH\ROBOT\ORCAD PROJECTS\COMERCIAL PROJECTS\COM_PRJ27\COM_PRJ27.MAX
Wed Jun 09 09:31:48 No new connections routed.
Wed Jun 09 09:31:48 Total is now 0 out of 35 (0%).
Wed Jun 09 09:31:48 Saved as file SWEEP1.MAX
Wed Jun 09 09:31:49 Saved as file BACKUP1.MAX
Wed Jun 09 09:31:49 Routed 35 connections in 0 seconds.
Wed Jun 09 09:31:49 Total is now 35 out of 35 (100%).
Wed Jun 09 09:31:49 Saved as file SWEEP2.MAX
Wed Jun 09 09:31:49 No new connections routed.
Wed Jun 09 09:31:49 Total is now 35 out of 35 (100%).
Wed Jun 09 09:31:49 Saved as file SWEEP3.MAX
Wed Jun 09 09:31:49 No new connections routed.
Wed Jun 09 09:31:49 Total is now 35 out of 35 (100%).
Wed Jun 09 09:31:49 Saved as file SWEEP4.MAX
Wed Jun 09 09:31:49 No new connections routed.
Wed Jun 09 09:31:49 Total is now 35 out of 35 (100%).
Wed Jun 09 09:31:49 Saved as file SWEEP5.MAX
Wed Jun 09 09:32:38 Saved as file BACKUP1.MAX
Wed Jun 09 09:32:38 Saved as file BACKUP1.MAX
Wed Jun 09 09:32:38 Saved as file BACKUP1.MAX
Wed Jun 09 09:32:38 No new connections routed.
Wed Jun 09 09:32:38 Total is now 0 out of 35 (0%).
Wed Jun 09 09:32:38 Saved as file SWEEP1.MAX
Wed Jun 09 09:32:41 Saved as file BACKUP1.MAX
Wed Jun 09 09:32:42 Saved as file BACKUP1.MAX
Wed Jun 09 09:32:42 Saved as file BACKUP1.MAX
Wed Jun 09 09:32:42 Routed 39 connections in 3 seconds.
Wed Jun 09 09:32:42 Total is now 34 out of 35 (97%).
Wed Jun 09 09:32:42 Saved as file SWEEP2.MAX
Wed Jun 09 09:32:46 No new connections routed.
Wed Jun 09 09:32:46 Total is now 34 out of 35 (97%).
Wed Jun 09 09:32:46 Saved as file SWEEP3.MAX
Wed Jun 09 09:32:59 No new connections routed.
Wed Jun 09 09:32:59 Total is now 34 out of 35 (97%).
Wed Jun 09 09:32:59 Saved as file SWEEP4.MAX
Wed Jun 09 09:33:12 No new connections routed.
Wed Jun 09 09:33:12 Total is now 34 out of 35 (97%).
Wed Jun 09 09:33:12 Saved as file SWEEP5.MAX
Wed Jun 09 09:37:53 Saved as file D:\DANH\ROBOT\ORCAD PROJECTS\COMERCIAL PROJECTS\COM_PRJ27\COM_PRJ27.MAX
Wed Jun 09 09:38:09 No new connections routed.
Wed Jun 09 09:38:09 Total is now 0 out of 35 (0%).
Wed Jun 09 09:38:09 Saved as file SWEEP1.MAX
Wed Jun 09 09:38:13 Saved as file BACKUP1.MAX
Wed Jun 09 09:38:14 Saved as file BACKUP1.MAX
Wed Jun 09 09:38:15 Saved as file BACKUP1.MAX
Wed Jun 09 09:38:15 Routed 32 connections in 5 seconds.
Wed Jun 09 09:38:15 Total is now 28 out of 35 (80%).
Wed Jun 09 09:38:15 Saved as file SWEEP2.MAX
Wed Jun 09 09:38:26 Routed 1 connections in 11 seconds.
Wed Jun 09 09:38:26 Total is now 29 out of 35 (82%).
Wed Jun 09 09:38:26 Saved as file SWEEP3.MAX
Wed Jun 09 09:39:04 No new connections routed.
Wed Jun 09 09:39:04 Total is now 29 out of 35 (82%).
Wed Jun 09 09:39:04 Saved as file SWEEP4.MAX
Wed Jun 09 09:41:04 Saved as file BACKUP1.MAX
Wed Jun 09 09:41:41 Saved as file D:\DANH\ROBOT\ORCAD PROJECTS\COMERCIAL PROJECTS\COM_PRJ27\COM_PRJ27.MAX
Wed Jun 09 09:41:46 No new connections routed.
Wed Jun 09 09:41:46 Total is now 0 out of 35 (0%).
Wed Jun 09 09:41:46 Saved as file SWEEP1.MAX
Wed Jun 09 09:41:49 Saved as file BACKUP1.MAX
Wed Jun 09 09:41:49 Saved as file BACKUP1.MAX
Wed Jun 09 09:41:50 Saved as file BACKUP1.MAX
Wed Jun 09 09:41:50 Routed 37 connections in 3 seconds.
Wed Jun 09 09:41:50 Total is now 33 out of 35 (94%).
Wed Jun 09 09:41:50 Saved as file SWEEP2.MAX
Wed Jun 09 09:41:54 No new connections routed.
Wed Jun 09 09:41:54 Total is now 33 out of 35 (94%).
Wed Jun 09 09:41:54 Saved as file SWEEP3.MAX
Wed Jun 09 09:42:05 No new connections routed.
Wed Jun 09 09:42:05 Total is now 33 out of 35 (94%).
Wed Jun 09 09:42:05 Saved as file SWEEP4.MAX
Wed Jun 09 09:42:16 No new connections routed.
Wed Jun 09 09:42:16 Total is now 33 out of 35 (94%).
Wed Jun 09 09:42:16 Saved as file SWEEP5.MAX
Wed Jun 09 09:43:36 No new connections routed.
Wed Jun 09 09:43:36 Total is now 0 out of 35 (0%).
Wed Jun 09 09:43:36 Saved as file SWEEP1.MAX
Wed Jun 09 09:43:37 Saved as file BACKUP1.MAX
Wed Jun 09 09:43:37 Saved as file BACKUP1.MAX
Wed Jun 09 09:43:37 Routed 35 connections in 0 seconds.
Wed Jun 09 09:43:37 Total is now 33 out of 35 (94%).
Wed Jun 09 09:43:37 Saved as file SWEEP2.MAX
Wed Jun 09 09:43:37 No new connections routed.
Wed Jun 09 09:43:37 Total is now 33 out of 35 (94%).
Wed Jun 09 09:43:37 Saved as file SWEEP3.MAX
Wed Jun 09 09:43:56 No new connections routed.
Wed Jun 09 09:43:56 Total is now 33 out of 35 (94%).
Wed Jun 09 09:43:56 Saved as file SWEEP4.MAX
Wed Jun 09 09:44:15 No new connections routed.
Wed Jun 09 09:44:15 Total is now 33 out of 35 (94%).
Wed Jun 09 09:44:15 Saved as file SWEEP5.MAX
Wed Jun 09 09:47:25 Saved as file D:\DANH\ROBOT\ORCAD PROJECTS\COMERCIAL PROJECTS\COM_PRJ27\COM_PRJ27.MAX
Wed Jun 09 09:47:39 No new connections routed.
Wed Jun 09 09:47:39 Total is now 0 out of 35 (0%).
Wed Jun 09 09:47:39 Saved as file SWEEP1.MAX
Wed Jun 09 09:47:39 Saved as file BACKUP1.MAX
Wed Jun 09 09:47:40 Saved as file BACKUP1.MAX
Wed Jun 09 09:47:40 Routed 38 connections in 1 seconds.
Wed Jun 09 09:47:40 Total is now 34 out of 35 (97%).
Wed Jun 09 09:47:40 Saved as file SWEEP2.MAX
Wed Jun 09 09:47:41 No new connections routed.
Wed Jun 09 09:47:41 Total is now 34 out of 35 (97%).
Wed Jun 09 09:47:41 Saved as file SWEEP3.MAX
Wed Jun 09 09:47:44 No new connections routed.
Wed Jun 09 09:47:44 Total is now 34 out of 35 (97%).
Wed Jun 09 09:47:44 Saved as file SWEEP4.MAX
Wed Jun 09 09:47:52 No new connections routed.
Wed Jun 09 09:47:52 Total is now 34 out of 35 (97%).
Wed Jun 09 09:47:52 Saved as file SWEEP5.MAX
Wed Jun 09 09:51:34 Saved as file BACKUP1.MAX
Wed Jun 09 09:51:54 Saved as file D:\DANH\ROBOT\ORCAD PROJECTS\COMERCIAL PROJECTS\COM_PRJ27\COM_PRJ27.MAX
Wed Jun 09 09:52:00 Removed unused footprint: DEFAULT
Wed Jun 09 09:52:02 Removed unused padstack: T7
Wed Jun 09 09:52:02 Removed unused padstack: T2
Wed Jun 09 09:52:02 Removed unused padstack: T1
Wed Jun 09 09:52:08 Saved as file D:\DANH\ROBOT\ORCAD PROJECTS\COMERCIAL PROJECTS\COM_PRJ27\COM_PRJ27.MAX
Wed Jun 09 09:53:15 Saved as file D:\DANH\ROBOT\ORCAD PROJECTS\COMERCIAL PROJECTS\COM_PRJ27\COM_PRJ27.MAX
Wed Jun 09 09:53:15 Saved as file D:\DANH\ROBOT\ORCAD PROJECTS\COMERCIAL PROJECTS\COM_PRJ27\COM_PRJ27.MAX
Wed Jun 09 14:33:44 Saved as file BACKUP1.MAX
Wed Jun 09 14:33:44 Saved as file D:\DANH\ROBOT\ORCAD PROJECTS\COMERCIAL PROJECTS\COM_PRJ27(5 LED)\COM_PRJ27.MAX
Wed Jun 09 14:33:45 UserDiv from Layout.INI for AutoECO: 60
Wed Jun 09 14:33:45 Loaded file D:\DANH\ROBOT\ORCAD PROJECTS\COMERCIAL PROJECTS\COM_PRJ27(5 LED)\COM_PRJ27.MAX
Wed Jun 09 14:33:45 Loaded file D:\DANH\ROBOT\ORCAD LIBS\DANHLIB.LLB
Wed Jun 09 14:33:45 Loaded file C:\Program Files\Orcad\Layout_Plus\library\BCON100T.llb
Wed Jun 09 14:33:45 Loaded file C:\Program Files\Orcad\Layout_Plus\library\BCON156T.llb
Wed Jun 09 14:33:45 Loaded file C:\Program Files\Orcad\Layout_Plus\library\BGA.llb
Wed Jun 09 14:33:45 Loaded file C:\Program Files\Orcad\Layout_Plus\library\CLCC.llb
Wed Jun 09 14:33:45 Loaded file C:\Program Files\Orcad\Layout_Plus\library\DCON050T.llb
Wed Jun 09 14:33:45 Loaded file C:\Program Files\Orcad\Layout_Plus\library\DCON085T.llb
Wed Jun 09 14:33:45 Loaded file C:\Program Files\Orcad\Layout_Plus\library\DIMM050F.llb
Wed Jun 09 14:33:45 Loaded file C:\Program Files\Orcad\Layout_Plus\library\DIMM050T.llb
Wed Jun 09 14:33:45 Loaded file C:\Program Files\Orcad\Layout_Plus\library\DIN.llb
Wed Jun 09 14:33:45 Loaded file C:\Program Files\Orcad\Layout_Plus\library\DIP100B.llb
Wed Jun 09 14:33:45 Loaded file C:\Program Files\Orcad\Layout_Plus\library\DIP100T.llb
Wed Jun 09 14:33:45 Loaded file C:\Program Files\Orcad\Layout_Plus\library\DSUBT.llb
Wed Jun 09 14:33:45 Loaded file C:\Program Files\Orcad\Layout_Plus\library\DSUBT_HD.LLB
Wed Jun 09 14:33:45 Loaded file C:\Program Files\Orcad\Layout_Plus\library\ECON100T.llb
Wed Jun 09 14:33:45 Loaded file C:\Program Files\Orcad\Layout_Plus\library\FBUS.llb
Wed Jun 09 14:33:45 Loaded file C:\Program Files\Orcad\Layout_Plus\library\ISA.llb
Wed Jun 09 14:33:45 Loaded file C:\Program Files\Orcad\Layout_Plus\library\JUMPER.LLB
Wed Jun 09 14:33:45 Loaded file C:\Program Files\Orcad\Layout_Plus\library\LAYOUT.llb
Wed Jun 09 14:33:45 Loaded file C:\Program Files\Orcad\Layout_Plus\library\LCON100T.llb
Wed Jun 09 14:33:45 Loaded file C:\Program Files\Orcad\Layout_Plus\library\PC104.llb
Wed Jun 09 14:33:45 Loaded file C:\Program Files\Orcad\Layout_Plus\library\PCI.llb
Wed Jun 09 14:33:45 Loaded file C:\Program Files\Orcad\Layout_Plus\library\PCON100T.llb
Wed Jun 09 14:33:45 Loaded file C:\Program Files\Orcad\Layout_Plus\library\PCON156T.llb
Wed Jun 09 14:33:45 Loaded file C:\Program Files\Orcad\Layout_Plus\library\PGA.llb
Wed Jun 09 14:33:45 Loaded file C:\Program Files\Orcad\Layout_Plus\library\PLCC.llb
Wed Jun 09 14:33:45 Loaded file C:\Program Files\Orcad\Layout_Plus\library\QUAD.llb
Wed Jun 09 14:33:45 Loaded file C:\Program Files\Orcad\Layout_Plus\library\QUADB.llb
Wed Jun 09 14:33:45 Loaded file C:\Program Files\Orcad\Layout_Plus\library\RELAY.llb
Wed Jun 09 14:33:45 Loaded file C:\Program Files\Orcad\Layout_Plus\library\RF.llb
Wed Jun 09 14:33:45 Loaded file C:\Program Files\Orcad\Layout_Plus\library\SBUS.llb
Wed Jun 09 14:33:45 Loaded file C:\Program Files\Orcad\Layout_Plus\library\SIMM050F.llb
Wed Jun 09 14:33:45 Loaded file C:\Program Files\Orcad\Layout_Plus\library\SIMM050T.llb
Wed Jun 09 14:33:45 Loaded file C:\Program Files\Orcad\Layout_Plus\library\SIMM100F.llb
Wed Jun 09 14:33:45 Loaded file C:\Program Files\Orcad\Layout_Plus\library\SIMM100T.llb
Wed Jun 09 14:33:45 Loaded file C:\Program Files\Orcad\Layout_Plus\library\SIP.llb
Wed Jun 09 14:33:45 Loaded file C:\Program Files\Orcad\Layout_Plus\library\SM.llb
Wed Jun 09 14:33:45 Loaded file C:\Program Files\Orcad\Layout_Plus\library\SOG.llb
Wed Jun 09 14:33:45 Loaded file C:\Program Files\Orcad\Layout_Plus\library\SOJ.llb
Wed Jun 09 14:33:45 Loaded file C:\Program Files\Orcad\Layout_Plus\library\STIFF.llb
Wed Jun 09 14:33:45 Loaded file C:\Program Files\Orcad\Layout_Plus\library\TELE.llb
Wed Jun 09 14:33:45 Loaded file C:\Program Files\Orcad\Layout_Plus\library\TM_AXIAL.llb
Wed Jun 09 14:33:45 Loaded file C:\Program Files\Orcad\Layout_Plus\library\TM_CAP_P.llb
Wed Jun 09 14:33:45 Loaded file C:\Program Files\Orcad\Layout_Plus\library\TM_CYLND.llb
Wed Jun 09 14:33:45 Loaded file C:\Program Files\Orcad\Layout_Plus\library\TM_DIODE.llb
Wed Jun 09 14:33:45 Loaded file C:\Program Files\Orcad\Layout_Plus\library\TM_DISC.llb
Wed Jun 09 14:33:45 Loaded file C:\Program Files\Orcad\Layout_Plus\library\TM_RAD.llb
Wed Jun 09 14:33:45 Loaded file C:\Program Files\Orcad\Layout_Plus\library\TO.llb
Wed Jun 09 14:33:45 Loaded file C:\Program Files\Orcad\Layout_Plus\library\TRAINING.LLB
Wed Jun 09 14:33:45 Loaded file C:\Program Files\Orcad\Layout_Plus\library\VRES.llb
Wed Jun 09 14:33:45 Loaded file C:\Program Files\Orcad\Layout_Plus\library\WCON100T.llb
Wed Jun 09 14:33:45 Loaded file C:\Program Files\Orcad\Layout_Plus\library\XT.llb
Wed Jun 09 14:33:45 Loaded file C:\Program Files\Orcad\Layout_Plus\library\ZIGZAG.llb
Wed Jun 09 14:33:45 Saved as file D:\DANH\ROBOT\ORCAD PROJECTS\COMERCIAL PROJECTS\COM_PRJ27(5 LED)\COM_PRJ27.MAX
Wed Jun 09 14:33:46 Loaded file D:\DANH\ROBOT\ORCAD PROJECTS\COMERCIAL PROJECTS\COM_PRJ27(5 LED)\COM_PRJ27.MAX
Mon Jun 13 07:43:38 Loaded file D:\DANH\ROBOT\ORCAD PROJECTS\COMERCIAL PROJECTS\COM_PRJ27(5 LED)\COM_PRJ27.MAX
Mon Jul 25 01:36:13 Loaded file D:\DANH\ROBOT\ORCAD PROJECTS\COMERCIAL PROJECTS\COM_PRJ27(5 LED)\BACKUP5.MAX
Mon Jul 25 01:36:58 Loaded file C:\Program Files\Orcad\Layout_Plus\data\DEFAULT.MAX
Mon Jul 25 01:43:41 Loaded file D:\DANH\ROBOT\ORCAD PROJECTS\COMERCIAL PROJECTS\COM_PRJ27(5 LED)\COM_PRJ27.MAX
Mon Jul 25 01:43:58 Loaded file C:\Program Files\Orcad\Layout_Plus\data\template.imp
Mon Jul 25 01:43:58 Loaded file C:\Program Files\Orcad\Layout_Plus\data\template.imp
Mon Jul 25 01:44:01 Loaded file D:\DANH\ROBOT\ORCAD LIBS\DANHLIB.LLB
Mon Jul 25 01:44:06 Loaded file C:\Program Files\Orcad\Layout_Plus\data\template.imp
Mon Jul 25 01:47:26 Saved as file BACKUP1.MAX
Mon Jul 25 01:51:39 Saved as file D:\DANH\ROBOT\ORCAD PROJECTS\COMERCIAL PROJECTS\COM_PRJ27(5 LED)\COM_PRJ27.MAX
Mon Jul 25 01:57:56 Saved as file BACKUP1.MAX
Sat Dec 10 09:31:02 Saved as file D:\DANH\ORCAD PROJECTS\COMERCIAL PROJECTS\COM_PRJ27(5 LED)\COM_PRJ27_VER1.MAX
Sat Dec 10 09:32:35 Loaded file C:\Program Files\OrCAD\Layout_Plus\data\template.imp
Sat Dec 10 09:32:35 Loaded file C:\Program Files\OrCAD\Layout_Plus\data\template.imp
Sat Dec 10 09:32:36 Loaded file D:\DANH\DANH'S LIBS\DANHLIB.LLB
Sat Dec 10 09:32:39 Loaded file C:\Program Files\OrCAD\Layout_Plus\data\template.imp
Sat Dec 10 09:32:41 Loaded file C:\Program Files\OrCAD\Layout_Plus\data\template.imp
Sat Dec 10 09:32:42 Loaded file C:\Program Files\OrCAD\Layout_Plus\data\template.imp
Sat Dec 10 09:32:43 Loaded file C:\Program Files\OrCAD\Layout_Plus\data\template.imp
Sat Dec 10 09:32:44 Loaded file C:\Program Files\OrCAD\Layout_Plus\data\template.imp
Sat Dec 10 09:32:47 Loaded file C:\Program Files\OrCAD\Layout_Plus\data\template.imp
Sat Dec 10 09:33:05 Loaded file C:\Program Files\OrCAD\Layout_Plus\data\template.imp
Sat Dec 10 09:33:05 Loaded file C:\Program Files\OrCAD\Layout_Plus\data\template.imp
Sat Dec 10 09:33:07 Loaded file D:\DANH\DANH'S LIBS\DANHLIB.LLB
Sat Dec 10 09:33:09 Loaded file C:\Program Files\OrCAD\Layout_Plus\data\template.imp
Sat Dec 10 09:33:23 Loaded file C:\Program Files\OrCAD\Layout_Plus\data\template.imp
Sat Dec 10 09:33:23 Loaded file C:\Program Files\OrCAD\Layout_Plus\data\template.imp
Sat Dec 10 09:33:24 Loaded file D:\DANH\DANH'S LIBS\DANHLIB.LLB
Sat Dec 10 09:33:27 Loaded file C:\Program Files\OrCAD\Layout_Plus\data\template.imp
Sat Dec 10 09:33:27 Loaded file C:\Program Files\OrCAD\Layout_Plus\data\template.imp
Sat Dec 10 09:33:41 Loaded file C:\Program Files\OrCAD\Layout_Plus\data\template.imp
Sat Dec 10 09:33:41 Loaded file C:\Program Files\OrCAD\Layout_Plus\data\template.imp
Sat Dec 10 09:33:42 Loaded file D:\DANH\DANH'S LIBS\DANHLIB.LLB
Sat Dec 10 09:33:44 Loaded file C:\Program Files\OrCAD\Layout_Plus\data\template.imp
Sat Dec 10 09:40:00 Saved as file BACKUP1.MAX
Sat Dec 10 09:41:17 Saved as file D:\DANH\ORCAD PROJECTS\COMERCIAL PROJECTS\COM_PRJ27(5 LED)\COM_PRJ27_VER1.MAX
Sat Dec 10 09:46:25 Saved as file D:\DANH\ORCAD PROJECTS\COMERCIAL PROJECTS\COM_PRJ27(5 LED)\COM_PRJ27_VER1.MAX
Sat Dec 10 09:47:43 Saved as file D:\DANH\ORCAD PROJECTS\COMERCIAL PROJECTS\COM_PRJ27(5 LED)\COM_PRJ27_VER1.MAX
Sat Dec 10 09:47:44 Saved as file D:\DANH\ORCAD PROJECTS\COMERCIAL PROJECTS\COM_PRJ27(5 LED)\COM_PRJ27_VER1.MAX
Sat Dec 10 09:48:18 Saved as file D:\DANH\ORCAD PROJECTS\COMERCIAL PROJECTS\COM_PRJ27(5 LED)\COM_PRJ27.MAX
Sat Dec 10 09:50:01 Saved as file BACKUP1.MAX
Sat Dec 10 10:00:01 Saved as file BACKUP1.MAX
