Mon Apr 04 04:14:53 Saved as file D:\DANH\ROBOT\ORCAD PROJECTS\COMERCIAL PROJECTS\COM_PRJ38\COM_PRJ38.MAX
Mon Apr 04 04:14:53 Saved as file BACKUP1.MAX
Mon Apr 04 04:14:53 Saved as file D:\DANH\ROBOT\ORCAD PROJECTS\COMERCIAL PROJECTS\COM_PRJ38\COM_PRJ38.MAX
Mon Apr 04 04:14:53 UserDiv from Layout.INI for AutoECO: 60
Mon Apr 04 04:14:53 Loaded file D:\DANH\ROBOT\ORCAD PROJECTS\COMERCIAL PROJECTS\COM_PRJ38\COM_PRJ38.MAX
Mon Apr 04 04:14:53 Loaded file D:\DANH\ROBOT\ORCAD LIBS\THUVIENORCAD\THUVIENORCAD\THUVIEN1\TIEN.LLB
Mon Apr 04 04:14:54 Loaded file D:\DANH\ROBOT\ORCAD LIBS\THUVIENORCAD\THUVIENORCAD\THUVIEN\LAYOUTMT.LLB
Mon Apr 04 04:14:54 Loaded file D:\DANH\ROBOT\ORCAD LIBS\THUVIENORCAD\THUVIENORCAD\LIBRARY ORCAD\THU VIEN ORCAD FULL\THU VIEN LAYOUT BETA 3.LLB
Mon Apr 04 04:14:54 Loaded file D:\DANH\ROBOT\ORCAD LIBS\THUVIENORCAD\THUVIENORCAD\LIBRARY ORCAD\THU VIEN ORCAD FULL\THU VIEN.LLB
Mon Apr 04 04:14:54 Loaded file D:\DANH\ROBOT\ORCAD LIBS\THUVIENORCAD\THUVIENORCAD\LIBRARY\BCON100T.LLB
Mon Apr 04 04:14:54 Loaded file D:\DANH\ROBOT\ORCAD LIBS\THUVIENORCAD\THUVIENORCAD\LIBRARY\BCON156T.LLB
Mon Apr 04 04:14:54 Loaded file D:\DANH\ROBOT\ORCAD LIBS\THUVIENORCAD\THUVIENORCAD\LIBRARY\BGA.LLB
Mon Apr 04 04:14:54 Loaded file D:\DANH\ROBOT\ORCAD LIBS\THUVIENORCAD\THUVIENORCAD\LIBRARY\CLCC.LLB
Mon Apr 04 04:14:54 Loaded file D:\DANH\ROBOT\ORCAD LIBS\THUVIENORCAD\THUVIENORCAD\LIBRARY\DCON050T.LLB
Mon Apr 04 04:14:54 Loaded file D:\DANH\ROBOT\ORCAD LIBS\THUVIENORCAD\THUVIENORCAD\LIBRARY\DCON085T.LLB
Mon Apr 04 04:14:54 Loaded file D:\DANH\ROBOT\ORCAD LIBS\THUVIENORCAD\THUVIENORCAD\LIBRARY\DIMM050F.LLB
Mon Apr 04 04:14:54 Loaded file D:\DANH\ROBOT\ORCAD LIBS\THUVIENORCAD\THUVIENORCAD\LIBRARY\DIMM050T.LLB
Mon Apr 04 04:14:54 Loaded file D:\DANH\ROBOT\ORCAD LIBS\THUVIENORCAD\THUVIENORCAD\LIBRARY\DIN.LLB
Mon Apr 04 04:14:54 Loaded file D:\DANH\ROBOT\ORCAD LIBS\THUVIENORCAD\THUVIENORCAD\LIBRARY\DIP100B.LLB
Mon Apr 04 04:14:54 Loaded file D:\DANH\ROBOT\ORCAD LIBS\THUVIENORCAD\THUVIENORCAD\LIBRARY\DIP100T.LLB
Mon Apr 04 04:14:54 Loaded file D:\DANH\ROBOT\ORCAD LIBS\THUVIENORCAD\THUVIENORCAD\LIBRARY\DSUBT.LLB
Mon Apr 04 04:14:54 Loaded file D:\DANH\ROBOT\ORCAD LIBS\THUVIENORCAD\THUVIENORCAD\LIBRARY\DSUBT_HD.LLB
Mon Apr 04 04:14:54 Loaded file D:\DANH\ROBOT\ORCAD LIBS\THUVIENORCAD\THUVIENORCAD\LIBRARY\ECON100T.LLB
Mon Apr 04 04:14:54 Loaded file D:\DANH\ROBOT\ORCAD LIBS\THUVIENORCAD\THUVIENORCAD\LIBRARY\EMPTY.LLB
Mon Apr 04 04:14:54 Loaded file D:\DANH\ROBOT\ORCAD LIBS\THUVIENORCAD\THUVIENORCAD\LIBRARY\EX_GUI.LLB
Mon Apr 04 04:14:54 Loaded file D:\DANH\ROBOT\ORCAD LIBS\THUVIENORCAD\THUVIENORCAD\LIBRARY\FBUS.LLB
Mon Apr 04 04:14:54 Loaded file D:\DANH\ROBOT\ORCAD LIBS\THUVIENORCAD\THUVIENORCAD\LIBRARY\ISA.LLB
Mon Apr 04 04:14:54 Loaded file D:\DANH\ROBOT\ORCAD LIBS\THUVIENORCAD\THUVIENORCAD\LIBRARY\JUMPER.LLB
Mon Apr 04 04:14:54 Loaded file D:\DANH\ROBOT\ORCAD LIBS\THUVIENORCAD\THUVIENORCAD\LIBRARY\LAYOUT.LLB
Mon Apr 04 04:14:54 Loaded file D:\DANH\ROBOT\ORCAD LIBS\THUVIENORCAD\THUVIENORCAD\LIBRARY\LCON100T.LLB
Mon Apr 04 04:14:54 Loaded file D:\DANH\ROBOT\ORCAD LIBS\THUVIENORCAD\THUVIENORCAD\LIBRARY\LINH KIEN.LLB
Mon Apr 04 04:14:54 Loaded file D:\DANH\ROBOT\ORCAD LIBS\THUVIENORCAD\THUVIENORCAD\LIBRARY\METRIC.LLB
Mon Apr 04 04:14:54 Loaded file D:\DANH\ROBOT\ORCAD LIBS\THUVIENORCAD\THUVIENORCAD\LIBRARY\PADSTACK.LLB
Mon Apr 04 04:14:54 Loaded file D:\DANH\ROBOT\ORCAD LIBS\THUVIENORCAD\THUVIENORCAD\LIBRARY\PC104.LLB
Mon Apr 04 04:14:54 Loaded file D:\DANH\ROBOT\ORCAD LIBS\THUVIENORCAD\THUVIENORCAD\LIBRARY\PCI.LLB
Mon Apr 04 04:14:54 Loaded file D:\DANH\ROBOT\ORCAD LIBS\THUVIENORCAD\THUVIENORCAD\LIBRARY\PCON100T.LLB
Mon Apr 04 04:14:54 Loaded file D:\DANH\ROBOT\ORCAD LIBS\THUVIENORCAD\THUVIENORCAD\LIBRARY\PCON156T.LLB
Mon Apr 04 04:14:54 Loaded file D:\DANH\ROBOT\ORCAD LIBS\THUVIENORCAD\THUVIENORCAD\LIBRARY\PGA.LLB
Mon Apr 04 04:14:54 Loaded file D:\DANH\ROBOT\ORCAD LIBS\THUVIENORCAD\THUVIENORCAD\LIBRARY\PLCC.LLB
Mon Apr 04 04:14:54 Loaded file D:\DANH\ROBOT\ORCAD LIBS\THUVIENORCAD\THUVIENORCAD\LIBRARY\QUAD.LLB
Mon Apr 04 04:14:54 Loaded file D:\DANH\ROBOT\ORCAD LIBS\THUVIENORCAD\THUVIENORCAD\LIBRARY\QUADB.LLB
Mon Apr 04 04:14:54 Loaded file D:\DANH\ROBOT\ORCAD LIBS\THUVIENORCAD\THUVIENORCAD\LIBRARY\RELAY.LLB
Mon Apr 04 04:14:54 Loaded file D:\DANH\ROBOT\ORCAD LIBS\THUVIENORCAD\THUVIENORCAD\LIBRARY\RF.LLB
Mon Apr 04 04:14:54 Loaded file D:\DANH\ROBOT\ORCAD LIBS\THUVIENORCAD\THUVIENORCAD\LIBRARY\SBUS.LLB
Mon Apr 04 04:14:54 Loaded file D:\DANH\ROBOT\ORCAD LIBS\THUVIENORCAD\THUVIENORCAD\LIBRARY\SIMM050F.LLB
Mon Apr 04 04:14:54 Loaded file D:\DANH\ROBOT\ORCAD LIBS\THUVIENORCAD\THUVIENORCAD\LIBRARY\SIMM050T.LLB
Mon Apr 04 04:14:54 Loaded file D:\DANH\ROBOT\ORCAD LIBS\THUVIENORCAD\THUVIENORCAD\LIBRARY\SIMM100F.LLB
Mon Apr 04 04:14:54 Loaded file D:\DANH\ROBOT\ORCAD LIBS\THUVIENORCAD\THUVIENORCAD\LIBRARY\SIMM100T.LLB
Mon Apr 04 04:14:54 Loaded file D:\DANH\ROBOT\ORCAD LIBS\THUVIENORCAD\THUVIENORCAD\LIBRARY\SIP.LLB
Mon Apr 04 04:14:54 Loaded file D:\DANH\ROBOT\ORCAD LIBS\THUVIENORCAD\THUVIENORCAD\LIBRARY\SM.LLB
Mon Apr 04 04:14:54 Loaded file D:\DANH\ROBOT\ORCAD LIBS\THUVIENORCAD\THUVIENORCAD\LIBRARY\SOG.LLB
Mon Apr 04 04:14:54 Loaded file D:\DANH\ROBOT\ORCAD LIBS\THUVIENORCAD\THUVIENORCAD\LIBRARY\SOJ.LLB
Mon Apr 04 04:14:54 Loaded file D:\DANH\ROBOT\ORCAD LIBS\THUVIENORCAD\THUVIENORCAD\LIBRARY\STIFF.LLB
Mon Apr 04 04:14:54 Loaded file D:\DANH\ROBOT\ORCAD LIBS\THUVIENORCAD\THUVIENORCAD\LIBRARY\TELE.LLB
Mon Apr 04 04:14:55 Loaded file D:\DANH\ROBOT\ORCAD LIBS\THUVIENORCAD\THUVIENORCAD\LIBRARY\TM_AXIAL.LLB
Mon Apr 04 04:14:55 Loaded file D:\DANH\ROBOT\ORCAD LIBS\THUVIENORCAD\THUVIENORCAD\LIBRARY\TM_CAP_P.LLB
Mon Apr 04 04:14:55 Loaded file D:\DANH\ROBOT\ORCAD LIBS\THUVIENORCAD\THUVIENORCAD\LIBRARY\TM_CYLND.LLB
Mon Apr 04 04:14:55 Loaded file D:\DANH\ROBOT\ORCAD LIBS\THUVIENORCAD\THUVIENORCAD\LIBRARY\TM_DIODE.LLB
Mon Apr 04 04:14:55 Loaded file D:\DANH\ROBOT\ORCAD LIBS\THUVIENORCAD\THUVIENORCAD\LIBRARY\TM_DISC.LLB
Mon Apr 04 04:14:55 Loaded file D:\DANH\ROBOT\ORCAD LIBS\THUVIENORCAD\THUVIENORCAD\LIBRARY\TM_RAD.LLB
Mon Apr 04 04:14:55 Loaded file D:\DANH\ROBOT\ORCAD LIBS\THUVIENORCAD\THUVIENORCAD\LIBRARY\TO.LLB
Mon Apr 04 04:14:55 Loaded file D:\DANH\ROBOT\ORCAD LIBS\THUVIENORCAD\THUVIENORCAD\LIBRARY\TRAINING.LLB
Mon Apr 04 04:14:55 Loaded file D:\DANH\ROBOT\ORCAD LIBS\THUVIENORCAD\THUVIENORCAD\LIBRARY\VRES.LLB
Mon Apr 04 04:14:55 Loaded file D:\DANH\ROBOT\ORCAD LIBS\THUVIENORCAD\THUVIENORCAD\LIBRARY\WCON100T.LLB
Mon Apr 04 04:14:55 Loaded file D:\DANH\ROBOT\ORCAD LIBS\THUVIENORCAD\THUVIENORCAD\LIBRARY\XT.LLB
Mon Apr 04 04:14:55 Loaded file D:\DANH\ROBOT\ORCAD LIBS\THUVIENORCAD\THUVIENORCAD\LIBRARY\ZIGZAG.LLB
Mon Apr 04 04:14:55 Loaded file D:\DANH\ROBOT\ORCAD LIBS\THUVIENORCAD\THUVIENORCAD\HOA DOAN\HOADOAN.LLB
Mon Apr 04 04:14:55 Loaded file D:\DANH\ROBOT\ORCAD LIBS\THUVIENORCAD\THUVIENORCAD\THU VIEN\THU VIEN.LLB
Mon Apr 04 04:14:55 Loaded file D:\DANH\ROBOT\ORCAD LIBS\THU VIEN\THU VIEN.LLB
Mon Apr 04 04:14:55 Loaded file D:\DANH\ROBOT\ORCAD LIBS\ORCAD LAYOUT\T2L LAYOUT.LLB
Mon Apr 04 04:14:55 Loaded file D:\DANH\ROBOT\ORCAD LIBS\DANHLIB.LLB
Mon Apr 04 04:14:55 Loaded file D:\DANH\ROBOT\ORCAD LIBS\THUVIENORCAD\THUVIENORCAD\HOA DOAN\HOADOAN.LLB
Mon Apr 04 04:14:55 Loaded file D:\DANH\ROBOT\ORCAD LIBS\DANHLIB.LLB
Mon Apr 04 04:14:55 Loaded file D:\DANH\ROBOT\ORCAD LIBS\THU VIEN\THU VIEN.LLB
Mon Apr 04 04:14:55 Saved as file D:\DANH\ROBOT\ORCAD PROJECTS\COMERCIAL PROJECTS\COM_PRJ38\COM_PRJ38.MAX
Mon Apr 04 04:14:55 Loaded file D:\DANH\ROBOT\ORCAD PROJECTS\COMERCIAL PROJECTS\COM_PRJ38\COM_PRJ38.MAX
Mon Apr 04 04:15:36 Loaded file C:\Program Files\Orcad\Layout_Plus\data\template.imp
Mon Apr 04 04:15:36 Loaded file C:\Program Files\Orcad\Layout_Plus\data\template.imp
Mon Apr 04 04:15:36 Loaded file C:\Program Files\Orcad\Layout_Plus\data\template.imp
Mon Apr 04 04:15:36 Loaded file C:\Program Files\Orcad\Layout_Plus\data\template.imp
Mon Apr 04 04:15:40 Loaded file D:\DANH\ROBOT\ORCAD LIBS\DANHLIB.LLB
Mon Apr 04 04:15:42 Loaded file C:\Program Files\Orcad\Layout_Plus\data\template.imp
Mon Apr 04 04:15:53 Loaded file C:\Program Files\Orcad\Layout_Plus\data\template.imp
Mon Apr 04 04:15:53 Loaded file C:\Program Files\Orcad\Layout_Plus\data\template.imp
Mon Apr 04 04:15:53 Loaded file C:\Program Files\Orcad\Layout_Plus\data\template.imp
Mon Apr 04 04:15:53 Loaded file C:\Program Files\Orcad\Layout_Plus\data\template.imp
Mon Apr 04 04:15:57 Loaded file D:\DANH\ROBOT\ORCAD LIBS\DANHLIB.LLB
Mon Apr 04 04:16:00 Loaded file C:\Program Files\Orcad\Layout_Plus\data\template.imp
Mon Apr 04 04:16:13 Saved as file D:\DANH\ROBOT\ORCAD PROJECTS\COMERCIAL PROJECTS\COM_PRJ38\COM_PRJ38.MAX
Mon Apr 04 04:20:09 Saved as file BACKUP1.MAX
Mon Apr 04 04:20:09 No new connections routed.
Mon Apr 04 04:20:09 Total is now 0 out of 23 (0%).
Mon Apr 04 04:20:09 Saved as file SWEEP1.MAX
Mon Apr 04 04:20:09 Saved as file BACKUP1.MAX
Mon Apr 04 04:20:09 Routed 23 connections in 0 seconds.
Mon Apr 04 04:20:09 Total is now 23 out of 23 (100%).
Mon Apr 04 04:20:09 Saved as file SWEEP2.MAX
Mon Apr 04 04:20:09 No new connections routed.
Mon Apr 04 04:20:09 Total is now 23 out of 23 (100%).
Mon Apr 04 04:20:09 Saved as file SWEEP3.MAX
Mon Apr 04 04:20:09 No new connections routed.
Mon Apr 04 04:20:09 Total is now 23 out of 23 (100%).
Mon Apr 04 04:20:09 Saved as file SWEEP4.MAX
Mon Apr 04 04:20:09 No new connections routed.
Mon Apr 04 04:20:09 Total is now 23 out of 23 (100%).
Mon Apr 04 04:20:09 Saved as file SWEEP5.MAX
Mon Apr 04 04:26:18 Removed unused footprint: DOMINO5
Mon Apr 04 04:26:18 Removed unused footprint: CON5
Mon Apr 04 04:26:18 Removed unused footprint: DEFAULT
Mon Apr 04 04:26:20 Removed unused padstack: T1_3_5_1_2_1_1_1
Mon Apr 04 04:26:20 Removed unused padstack: T6_1_4_1_3_1_1_1_1
Mon Apr 04 04:26:20 Removed unused padstack: T7
Mon Apr 04 04:26:20 Removed unused padstack: T2
Mon Apr 04 04:26:20 Removed unused padstack: T1
Mon Apr 04 04:27:00 Saved as file BACKUP1.MAX
Mon Apr 04 04:27:45 Saved as file D:\DANH\ROBOT\ORCAD PROJECTS\COMERCIAL PROJECTS\COM_PRJ38\COM_PRJ38.MAX
Mon Apr 04 04:28:22 Saved as file D:\DANH\ROBOT\ORCAD PROJECTS\COMERCIAL PROJECTS\COM_PRJ38\COM_PRJ38.MAX
Mon Apr 04 04:29:00 Saved as file D:\DANH\ROBOT\ORCAD PROJECTS\COMERCIAL PROJECTS\COM_PRJ38\COM_PRJ38.MAX
Mon Apr 04 04:29:27 Saved as file D:\DANH\ROBOT\ORCAD PROJECTS\COMERCIAL PROJECTS\COM_PRJ38\COM_PRJ38.MAX
Mon Apr 04 04:29:28 Saved as file D:\DANH\ROBOT\ORCAD PROJECTS\COMERCIAL PROJECTS\COM_PRJ38\COM_PRJ38.MAX
Mon Apr 04 04:29:28 Saved as file D:\DANH\ROBOT\ORCAD PROJECTS\COMERCIAL PROJECTS\COM_PRJ38\COM_PRJ38.MAX
Mon Apr 04 04:29:28 Saved as file D:\DANH\ROBOT\ORCAD PROJECTS\COMERCIAL PROJECTS\COM_PRJ38\COM_PRJ38.MAX
Mon Apr 04 04:30:23 Saved as file D:\DANH\ROBOT\ORCAD PROJECTS\COMERCIAL PROJECTS\COM_PRJ38\COM_PRJ38.MAX
Mon Apr 04 04:30:24 Saved as file D:\DANH\ROBOT\ORCAD PROJECTS\COMERCIAL PROJECTS\COM_PRJ38\COM_PRJ38.MAX
Mon Apr 04 04:32:48 Saved as file D:\DANH\ROBOT\ORCAD PROJECTS\COMERCIAL PROJECTS\COM_PRJ38\COM_PRJ38.MAX
Mon Apr 04 04:33:45 Saved as file D:\DANH\ROBOT\ORCAD PROJECTS\COMERCIAL PROJECTS\COM_PRJ38\COM_PRJ38.MAX
Tue Apr 26 03:59:20 Saved as file BACKUP1.MAX
Tue Apr 26 03:59:20 Saved as file D:\DANH\ROBOT\ORCAD PROJECTS\COMERCIAL PROJECTS\COM_PRJ38\COM_PRJ38.MAX
Tue Apr 26 03:59:22 UserDiv from Layout.INI for AutoECO: 60
Tue Apr 26 03:59:22 Loaded file D:\DANH\ROBOT\ORCAD PROJECTS\COMERCIAL PROJECTS\COM_PRJ38\COM_PRJ38.MAX
Tue Apr 26 03:59:22 Loaded file D:\DANH\ROBOT\ORCAD LIBS\THUVIENORCAD\THUVIENORCAD\THUVIEN1\TIEN.LLB
Tue Apr 26 03:59:22 Loaded file D:\DANH\ROBOT\ORCAD LIBS\THUVIENORCAD\THUVIENORCAD\THUVIEN\LAYOUTMT.LLB
Tue Apr 26 03:59:22 Loaded file D:\DANH\ROBOT\ORCAD LIBS\THUVIENORCAD\THUVIENORCAD\LIBRARY ORCAD\THU VIEN ORCAD FULL\THU VIEN LAYOUT BETA 3.LLB
Tue Apr 26 03:59:22 Loaded file D:\DANH\ROBOT\ORCAD LIBS\THUVIENORCAD\THUVIENORCAD\LIBRARY ORCAD\THU VIEN ORCAD FULL\THU VIEN.LLB
Tue Apr 26 03:59:22 Loaded file D:\DANH\ROBOT\ORCAD LIBS\THUVIENORCAD\THUVIENORCAD\LIBRARY\BCON100T.LLB
Tue Apr 26 03:59:22 Loaded file D:\DANH\ROBOT\ORCAD LIBS\THUVIENORCAD\THUVIENORCAD\LIBRARY\BCON156T.LLB
Tue Apr 26 03:59:22 Loaded file D:\DANH\ROBOT\ORCAD LIBS\THUVIENORCAD\THUVIENORCAD\LIBRARY\BGA.LLB
Tue Apr 26 03:59:22 Loaded file D:\DANH\ROBOT\ORCAD LIBS\THUVIENORCAD\THUVIENORCAD\LIBRARY\CLCC.LLB
Tue Apr 26 03:59:22 Loaded file D:\DANH\ROBOT\ORCAD LIBS\THUVIENORCAD\THUVIENORCAD\LIBRARY\DCON050T.LLB
Tue Apr 26 03:59:22 Loaded file D:\DANH\ROBOT\ORCAD LIBS\THUVIENORCAD\THUVIENORCAD\LIBRARY\DCON085T.LLB
Tue Apr 26 03:59:22 Loaded file D:\DANH\ROBOT\ORCAD LIBS\THUVIENORCAD\THUVIENORCAD\LIBRARY\DIMM050F.LLB
Tue Apr 26 03:59:22 Loaded file D:\DANH\ROBOT\ORCAD LIBS\THUVIENORCAD\THUVIENORCAD\LIBRARY\DIMM050T.LLB
Tue Apr 26 03:59:22 Loaded file D:\DANH\ROBOT\ORCAD LIBS\THUVIENORCAD\THUVIENORCAD\LIBRARY\DIN.LLB
Tue Apr 26 03:59:22 Loaded file D:\DANH\ROBOT\ORCAD LIBS\THUVIENORCAD\THUVIENORCAD\LIBRARY\DIP100B.LLB
Tue Apr 26 03:59:22 Loaded file D:\DANH\ROBOT\ORCAD LIBS\THUVIENORCAD\THUVIENORCAD\LIBRARY\DIP100T.LLB
Tue Apr 26 03:59:22 Loaded file D:\DANH\ROBOT\ORCAD LIBS\THUVIENORCAD\THUVIENORCAD\LIBRARY\DSUBT.LLB
Tue Apr 26 03:59:22 Loaded file D:\DANH\ROBOT\ORCAD LIBS\THUVIENORCAD\THUVIENORCAD\LIBRARY\DSUBT_HD.LLB
Tue Apr 26 03:59:22 Loaded file D:\DANH\ROBOT\ORCAD LIBS\THUVIENORCAD\THUVIENORCAD\LIBRARY\ECON100T.LLB
Tue Apr 26 03:59:22 Loaded file D:\DANH\ROBOT\ORCAD LIBS\THUVIENORCAD\THUVIENORCAD\LIBRARY\EMPTY.LLB
Tue Apr 26 03:59:22 Loaded file D:\DANH\ROBOT\ORCAD LIBS\THUVIENORCAD\THUVIENORCAD\LIBRARY\EX_GUI.LLB
Tue Apr 26 03:59:22 Loaded file D:\DANH\ROBOT\ORCAD LIBS\THUVIENORCAD\THUVIENORCAD\LIBRARY\FBUS.LLB
Tue Apr 26 03:59:22 Loaded file D:\DANH\ROBOT\ORCAD LIBS\THUVIENORCAD\THUVIENORCAD\LIBRARY\ISA.LLB
Tue Apr 26 03:59:22 Loaded file D:\DANH\ROBOT\ORCAD LIBS\THUVIENORCAD\THUVIENORCAD\LIBRARY\JUMPER.LLB
Tue Apr 26 03:59:22 Loaded file D:\DANH\ROBOT\ORCAD LIBS\THUVIENORCAD\THUVIENORCAD\LIBRARY\LAYOUT.LLB
Tue Apr 26 03:59:22 Loaded file D:\DANH\ROBOT\ORCAD LIBS\THUVIENORCAD\THUVIENORCAD\LIBRARY\LCON100T.LLB
Tue Apr 26 03:59:22 Loaded file D:\DANH\ROBOT\ORCAD LIBS\THUVIENORCAD\THUVIENORCAD\LIBRARY\LINH KIEN.LLB
Tue Apr 26 03:59:22 Loaded file D:\DANH\ROBOT\ORCAD LIBS\THUVIENORCAD\THUVIENORCAD\LIBRARY\METRIC.LLB
Tue Apr 26 03:59:22 Loaded file D:\DANH\ROBOT\ORCAD LIBS\THUVIENORCAD\THUVIENORCAD\LIBRARY\PADSTACK.LLB
Tue Apr 26 03:59:22 Loaded file D:\DANH\ROBOT\ORCAD LIBS\THUVIENORCAD\THUVIENORCAD\LIBRARY\PC104.LLB
Tue Apr 26 03:59:22 Loaded file D:\DANH\ROBOT\ORCAD LIBS\THUVIENORCAD\THUVIENORCAD\LIBRARY\PCI.LLB
Tue Apr 26 03:59:22 Loaded file D:\DANH\ROBOT\ORCAD LIBS\THUVIENORCAD\THUVIENORCAD\LIBRARY\PCON100T.LLB
Tue Apr 26 03:59:22 Loaded file D:\DANH\ROBOT\ORCAD LIBS\THUVIENORCAD\THUVIENORCAD\LIBRARY\PCON156T.LLB
Tue Apr 26 03:59:22 Loaded file D:\DANH\ROBOT\ORCAD LIBS\THUVIENORCAD\THUVIENORCAD\LIBRARY\PGA.LLB
Tue Apr 26 03:59:22 Loaded file D:\DANH\ROBOT\ORCAD LIBS\THUVIENORCAD\THUVIENORCAD\LIBRARY\PLCC.LLB
Tue Apr 26 03:59:22 Loaded file D:\DANH\ROBOT\ORCAD LIBS\THUVIENORCAD\THUVIENORCAD\LIBRARY\QUAD.LLB
Tue Apr 26 03:59:22 Loaded file D:\DANH\ROBOT\ORCAD LIBS\THUVIENORCAD\THUVIENORCAD\LIBRARY\QUADB.LLB
Tue Apr 26 03:59:22 Loaded file D:\DANH\ROBOT\ORCAD LIBS\THUVIENORCAD\THUVIENORCAD\LIBRARY\RELAY.LLB
Tue Apr 26 03:59:22 Loaded file D:\DANH\ROBOT\ORCAD LIBS\THUVIENORCAD\THUVIENORCAD\LIBRARY\RF.LLB
Tue Apr 26 03:59:22 Loaded file D:\DANH\ROBOT\ORCAD LIBS\THUVIENORCAD\THUVIENORCAD\LIBRARY\SBUS.LLB
Tue Apr 26 03:59:22 Loaded file D:\DANH\ROBOT\ORCAD LIBS\THUVIENORCAD\THUVIENORCAD\LIBRARY\SIMM050F.LLB
Tue Apr 26 03:59:22 Loaded file D:\DANH\ROBOT\ORCAD LIBS\THUVIENORCAD\THUVIENORCAD\LIBRARY\SIMM050T.LLB
Tue Apr 26 03:59:22 Loaded file D:\DANH\ROBOT\ORCAD LIBS\THUVIENORCAD\THUVIENORCAD\LIBRARY\SIMM100F.LLB
Tue Apr 26 03:59:22 Loaded file D:\DANH\ROBOT\ORCAD LIBS\THUVIENORCAD\THUVIENORCAD\LIBRARY\SIMM100T.LLB
Tue Apr 26 03:59:22 Loaded file D:\DANH\ROBOT\ORCAD LIBS\THUVIENORCAD\THUVIENORCAD\LIBRARY\SIP.LLB
Tue Apr 26 03:59:22 Loaded file D:\DANH\ROBOT\ORCAD LIBS\THUVIENORCAD\THUVIENORCAD\LIBRARY\SM.LLB
Tue Apr 26 03:59:22 Loaded file D:\DANH\ROBOT\ORCAD LIBS\THUVIENORCAD\THUVIENORCAD\LIBRARY\SOG.LLB
Tue Apr 26 03:59:22 Loaded file D:\DANH\ROBOT\ORCAD LIBS\THUVIENORCAD\THUVIENORCAD\LIBRARY\SOJ.LLB
Tue Apr 26 03:59:23 Loaded file D:\DANH\ROBOT\ORCAD LIBS\THUVIENORCAD\THUVIENORCAD\LIBRARY\STIFF.LLB
Tue Apr 26 03:59:23 Loaded file D:\DANH\ROBOT\ORCAD LIBS\THUVIENORCAD\THUVIENORCAD\LIBRARY\TELE.LLB
Tue Apr 26 03:59:23 Loaded file D:\DANH\ROBOT\ORCAD LIBS\THUVIENORCAD\THUVIENORCAD\LIBRARY\TM_AXIAL.LLB
Tue Apr 26 03:59:23 Loaded file D:\DANH\ROBOT\ORCAD LIBS\THUVIENORCAD\THUVIENORCAD\LIBRARY\TM_CAP_P.LLB
Tue Apr 26 03:59:23 Loaded file D:\DANH\ROBOT\ORCAD LIBS\THUVIENORCAD\THUVIENORCAD\LIBRARY\TM_CYLND.LLB
Tue Apr 26 03:59:23 Loaded file D:\DANH\ROBOT\ORCAD LIBS\THUVIENORCAD\THUVIENORCAD\LIBRARY\TM_DIODE.LLB
Tue Apr 26 03:59:23 Loaded file D:\DANH\ROBOT\ORCAD LIBS\THUVIENORCAD\THUVIENORCAD\LIBRARY\TM_DISC.LLB
Tue Apr 26 03:59:23 Loaded file D:\DANH\ROBOT\ORCAD LIBS\THUVIENORCAD\THUVIENORCAD\LIBRARY\TM_RAD.LLB
Tue Apr 26 03:59:23 Loaded file D:\DANH\ROBOT\ORCAD LIBS\THUVIENORCAD\THUVIENORCAD\LIBRARY\TO.LLB
Tue Apr 26 03:59:23 Loaded file D:\DANH\ROBOT\ORCAD LIBS\THUVIENORCAD\THUVIENORCAD\LIBRARY\TRAINING.LLB
Tue Apr 26 03:59:23 Loaded file D:\DANH\ROBOT\ORCAD LIBS\THUVIENORCAD\THUVIENORCAD\LIBRARY\VRES.LLB
Tue Apr 26 03:59:23 Loaded file D:\DANH\ROBOT\ORCAD LIBS\THUVIENORCAD\THUVIENORCAD\LIBRARY\WCON100T.LLB
Tue Apr 26 03:59:23 Loaded file D:\DANH\ROBOT\ORCAD LIBS\THUVIENORCAD\THUVIENORCAD\LIBRARY\XT.LLB
Tue Apr 26 03:59:23 Loaded file D:\DANH\ROBOT\ORCAD LIBS\THUVIENORCAD\THUVIENORCAD\LIBRARY\ZIGZAG.LLB
Tue Apr 26 03:59:23 Loaded file D:\DANH\ROBOT\ORCAD LIBS\THUVIENORCAD\THUVIENORCAD\HOA DOAN\HOADOAN.LLB
Tue Apr 26 03:59:23 Loaded file D:\DANH\ROBOT\ORCAD LIBS\THUVIENORCAD\THUVIENORCAD\THU VIEN\THU VIEN.LLB
Tue Apr 26 03:59:23 Loaded file D:\DANH\ROBOT\ORCAD LIBS\THU VIEN\THU VIEN.LLB
Tue Apr 26 03:59:23 Loaded file D:\DANH\ROBOT\ORCAD LIBS\ORCAD LAYOUT\T2L LAYOUT.LLB
Tue Apr 26 03:59:23 Loaded file D:\DANH\ROBOT\ORCAD LIBS\DANHLIB.LLB
Tue Apr 26 03:59:23 Saved as file D:\DANH\ROBOT\ORCAD PROJECTS\COMERCIAL PROJECTS\COM_PRJ38\COM_PRJ38.MAX
Tue Apr 26 03:59:23 Loaded file D:\DANH\ROBOT\ORCAD PROJECTS\COMERCIAL PROJECTS\COM_PRJ38\COM_PRJ38.MAX
Tue Apr 26 04:09:03 Saved as file BACKUP1.MAX
Tue Apr 26 04:09:03 Saved as file BACKUP1.MAX
Tue Apr 26 04:09:03 Routed 1 connections in 0 seconds.
Tue Apr 26 04:09:03 Total is now 1 out of 30 (3%).
Tue Apr 26 04:09:03 Saved as file SWEEP1.MAX
Tue Apr 26 04:09:05 Saved as file BACKUP1.MAX
Tue Apr 26 04:09:13 Saved as file BACKUP1.MAX
Tue Apr 26 04:09:13 Routed 31 connections in 9 seconds.
Tue Apr 26 04:09:13 Total is now 25 out of 30 (83%).
Tue Apr 26 04:09:13 Saved as file SWEEP2.MAX
Tue Apr 26 04:09:18 Routed 1 connections in 5 seconds.
Tue Apr 26 04:09:18 Total is now 26 out of 30 (86%).
Tue Apr 26 04:09:18 Saved as file SWEEP3.MAX
Tue Apr 26 04:09:29 Routed 1 connections in 10 seconds.
Tue Apr 26 04:09:29 Total is now 26 out of 30 (86%).
Tue Apr 26 04:09:29 Saved as file SWEEP4.MAX
Tue Apr 26 04:09:38 Routed 1 connections in 8 seconds.
Tue Apr 26 04:09:38 Total is now 26 out of 30 (86%).
Tue Apr 26 04:09:38 Saved as file SWEEP5.MAX
Tue Apr 26 04:09:48 Saved as file BACKUP1.MAX
Tue Apr 26 04:18:43 Saved as file D:\DANH\ROBOT\ORCAD PROJECTS\COMERCIAL PROJECTS\COM_PRJ38\COM_PRJ38.MAX
Tue Apr 26 04:20:18 Saved as file BACKUP1.MAX
Tue Apr 26 04:24:21 Removed unused footprint: BC547_QR2
Tue Apr 26 04:24:21 Removed unused footprint: BC547_QG2
Tue Apr 26 04:24:21 Removed unused footprint: BC547_QB2
Tue Apr 26 04:30:48 Saved as file BACKUP1.MAX
Tue Apr 26 04:35:36 Saved as file D:\DANH\ROBOT\ORCAD PROJECTS\COMERCIAL PROJECTS\COM_PRJ38\COM_PRJ38.MAX
Tue Apr 26 04:41:48 Saved as file BACKUP1.MAX
Tue Apr 26 04:43:49 Loaded file C:\Program Files\Orcad\Layout_Plus\data\template.imp
Tue Apr 26 04:43:49 Loaded file C:\Program Files\Orcad\Layout_Plus\data\template.imp
Tue Apr 26 04:44:02 Loaded file D:\DANH\ROBOT\ORCAD LIBS\DANHLIB.LLB
Tue Apr 26 04:44:04 Loaded file C:\Program Files\Orcad\Layout_Plus\data\template.imp
Tue Apr 26 04:45:16 Loaded file D:\DANH\ROBOT\ORCAD LIBS\DANHLIB.LLB
Tue Apr 26 04:45:16 Saved as file D:\DANH\ROBOT\ORCAD LIBS\DANHLIB.LLB
Tue Apr 26 04:45:37 Loaded file C:\Program Files\Orcad\Layout_Plus\data\template.imp
Tue Apr 26 04:45:37 Loaded file C:\Program Files\Orcad\Layout_Plus\data\template.imp
Tue Apr 26 04:45:37 Loaded file C:\Program Files\Orcad\Layout_Plus\data\template.imp
Tue Apr 26 04:45:37 Loaded file C:\Program Files\Orcad\Layout_Plus\data\template.imp
Tue Apr 26 04:45:43 Loaded file D:\DANH\ROBOT\ORCAD LIBS\DANHLIB.LLB
Tue Apr 26 04:45:45 Loaded file C:\Program Files\Orcad\Layout_Plus\data\template.imp
Tue Apr 26 04:46:01 Removed unused footprint: BC547
Tue Apr 26 04:49:10 Saved as file D:\DANH\ROBOT\ORCAD PROJECTS\COMERCIAL PROJECTS\COM_PRJ38\COM_PRJ38.MAX
Tue Apr 26 04:52:50 Saved as file D:\DANH\ROBOT\ORCAD PROJECTS\COMERCIAL PROJECTS\COM_PRJ38\COM_PRJ38.MAX
Tue Apr 26 04:52:51 Saved as file D:\DANH\ROBOT\ORCAD PROJECTS\COMERCIAL PROJECTS\COM_PRJ38\COM_PRJ38.MAX
Tue Apr 26 04:53:48 Saved as file D:\DANH\ROBOT\ORCAD PROJECTS\COMERCIAL PROJECTS\COM_PRJ38\COM_PRJ38.MAX
Tue Apr 26 04:53:48 Saved as file BACKUP1.MAX
Tue Apr 26 04:53:49 Saved as file D:\DANH\ROBOT\ORCAD PROJECTS\COMERCIAL PROJECTS\COM_PRJ38\COM_PRJ38.MAX
Tue Apr 26 04:54:09 Saved as file D:\DANH\ROBOT\ORCAD PROJECTS\COMERCIAL PROJECTS\COM_PRJ38\COM_PRJ38.MAX
Tue Apr 26 04:54:16 Saved as file D:\DANH\ROBOT\ORCAD PROJECTS\COMERCIAL PROJECTS\COM_PRJ38\COM_PRJ38.MAX
Tue Apr 26 04:55:39 Saved as file D:\DANH\ROBOT\ORCAD PROJECTS\COMERCIAL PROJECTS\COM_PRJ38\COM_PRJ38.MAX
Tue Apr 26 04:55:40 Saved as file D:\DANH\ROBOT\ORCAD PROJECTS\COMERCIAL PROJECTS\COM_PRJ38\COM_PRJ38.MAX
Tue Apr 26 04:56:12 Saved as file D:\DANH\ROBOT\ORCAD PROJECTS\COMERCIAL PROJECTS\COM_PRJ38\COM_PRJ38.MAX
Tue Apr 26 04:56:13 Saved as file D:\DANH\ROBOT\ORCAD PROJECTS\COMERCIAL PROJECTS\COM_PRJ38\COM_PRJ38.MAX
Tue Apr 26 04:56:13 Saved as file D:\DANH\ROBOT\ORCAD PROJECTS\COMERCIAL PROJECTS\COM_PRJ38\COM_PRJ38.MAX
Tue Apr 26 04:56:41 Saved as file D:\DANH\ROBOT\ORCAD PROJECTS\COMERCIAL PROJECTS\COM_PRJ38\COM_PRJ38.MAX
Tue Apr 26 04:56:42 Saved as file D:\DANH\ROBOT\ORCAD PROJECTS\COMERCIAL PROJECTS\COM_PRJ38\COM_PRJ38.MAX
Tue Apr 26 04:58:21 Saved as file D:\DANH\ROBOT\ORCAD PROJECTS\COMERCIAL PROJECTS\COM_PRJ38\COM_PRJ38.MAX
Tue Apr 26 04:58:57 Saved as file D:\DANH\ROBOT\ORCAD PROJECTS\COMERCIAL PROJECTS\COM_PRJ38\COM_PRJ38.MAX
Tue Apr 26 05:00:00 Saved as file D:\DANH\ROBOT\ORCAD PROJECTS\COMERCIAL PROJECTS\COM_PRJ38\COM_PRJ38.MAX
Tue Apr 26 05:00:01 Saved as file D:\DANH\ROBOT\ORCAD PROJECTS\COMERCIAL PROJECTS\COM_PRJ38\COM_PRJ38.MAX
Tue Apr 26 05:00:01 Saved as file D:\DANH\ROBOT\ORCAD PROJECTS\COMERCIAL PROJECTS\COM_PRJ38\COM_PRJ38.MAX
Tue Apr 26 05:00:01 Saved as file D:\DANH\ROBOT\ORCAD PROJECTS\COMERCIAL PROJECTS\COM_PRJ38\COM_PRJ38.MAX
Tue Apr 26 05:00:32 Saved as file D:\DANH\ROBOT\ORCAD PROJECTS\COMERCIAL PROJECTS\COM_PRJ38\COM_PRJ38.MAX
Tue Apr 26 05:00:32 Saved as file D:\DANH\ROBOT\ORCAD PROJECTS\COMERCIAL PROJECTS\COM_PRJ38\COM_PRJ38.MAX
Tue Apr 26 05:01:38 Saved as file D:\DANH\ROBOT\ORCAD PROJECTS\COMERCIAL PROJECTS\COM_PRJ38\COM_PRJ38.MAX
Tue Apr 26 05:01:39 Saved as file D:\DANH\ROBOT\ORCAD PROJECTS\COMERCIAL PROJECTS\COM_PRJ38\COM_PRJ38.MAX
Tue Apr 26 05:01:40 Saved as file D:\DANH\ROBOT\ORCAD PROJECTS\COMERCIAL PROJECTS\COM_PRJ38\COM_PRJ38.MAX
Tue Apr 26 05:01:45 Saved as file D:\DANH\ROBOT\ORCAD PROJECTS\COMERCIAL PROJECTS\COM_PRJ38\COM_PRJ38.MAX
Tue Apr 26 05:01:46 Saved as file D:\DANH\ROBOT\ORCAD PROJECTS\COMERCIAL PROJECTS\COM_PRJ38\COM_PRJ38.MAX
Tue Apr 26 05:02:14 Saved as file D:\DANH\ROBOT\ORCAD PROJECTS\COMERCIAL PROJECTS\COM_PRJ38\COM_PRJ38.MAX
Tue Apr 26 05:05:11 Saved as file D:\DANH\ROBOT\ORCAD PROJECTS\COMERCIAL PROJECTS\COM_PRJ38\COM_PRJ38.MAX
Tue Apr 26 05:05:11 Saved as file D:\DANH\ROBOT\ORCAD PROJECTS\COMERCIAL PROJECTS\COM_PRJ38\COM_PRJ38.MAX
Tue Apr 26 05:05:22 Saved as file D:\DANH\ROBOT\ORCAD PROJECTS\COMERCIAL PROJECTS\COM_PRJ38\COM_PRJ38.MAX
Tue Apr 26 05:05:48 Saved as file BACKUP1.MAX
Tue Apr 26 05:31:30 Loaded file C:\Program Files\Orcad\Layout_Plus\data\template.imp
Tue Apr 26 05:31:30 Loaded file C:\Program Files\Orcad\Layout_Plus\data\template.imp
Tue Apr 26 05:31:30 Loaded file C:\Program Files\Orcad\Layout_Plus\data\template.imp
Tue Apr 26 05:31:30 Loaded file C:\Program Files\Orcad\Layout_Plus\data\template.imp
Tue Apr 26 05:31:33 Loaded file D:\DANH\ROBOT\ORCAD LIBS\DANHLIB.LLB
Tue Apr 26 05:31:36 Loaded file C:\Program Files\Orcad\Layout_Plus\data\template.imp
Tue Apr 26 05:31:57 Loaded file C:\Program Files\Orcad\Layout_Plus\data\template.imp
Tue Apr 26 05:31:57 Loaded file C:\Program Files\Orcad\Layout_Plus\data\template.imp
Tue Apr 26 05:31:57 Loaded file C:\Program Files\Orcad\Layout_Plus\data\template.imp
Tue Apr 26 05:31:57 Loaded file C:\Program Files\Orcad\Layout_Plus\data\template.imp
Tue Apr 26 05:32:00 Loaded file D:\DANH\ROBOT\ORCAD LIBS\DANHLIB.LLB
Tue Apr 26 05:32:03 Loaded file C:\Program Files\Orcad\Layout_Plus\data\template.imp
Tue Apr 26 05:32:29 Loaded file C:\Program Files\Orcad\Layout_Plus\data\template.imp
Tue Apr 26 05:32:29 Loaded file C:\Program Files\Orcad\Layout_Plus\data\template.imp
Tue Apr 26 05:32:29 Loaded file C:\Program Files\Orcad\Layout_Plus\data\template.imp
Tue Apr 26 05:32:29 Loaded file C:\Program Files\Orcad\Layout_Plus\data\template.imp
Tue Apr 26 05:32:35 Loaded file D:\DANH\ROBOT\ORCAD LIBS\DANHLIB.LLB
Tue Apr 26 05:32:39 Loaded file C:\Program Files\Orcad\Layout_Plus\data\template.imp
Tue Apr 26 05:33:26 Loaded file C:\Program Files\Orcad\Layout_Plus\data\template.imp
Tue Apr 26 05:33:26 Loaded file C:\Program Files\Orcad\Layout_Plus\data\template.imp
Tue Apr 26 05:33:26 Loaded file C:\Program Files\Orcad\Layout_Plus\data\template.imp
Tue Apr 26 05:33:26 Loaded file C:\Program Files\Orcad\Layout_Plus\data\template.imp
Tue Apr 26 05:33:37 Loaded file D:\DANH\ROBOT\ORCAD LIBS\DANHLIB.LLB
Tue Apr 26 05:33:40 Loaded file C:\Program Files\Orcad\Layout_Plus\data\template.imp
Tue Apr 26 05:34:01 Loaded file C:\Program Files\Orcad\Layout_Plus\data\template.imp
Tue Apr 26 05:34:01 Loaded file C:\Program Files\Orcad\Layout_Plus\data\template.imp
Tue Apr 26 05:34:01 Loaded file C:\Program Files\Orcad\Layout_Plus\data\template.imp
Tue Apr 26 05:34:01 Loaded file C:\Program Files\Orcad\Layout_Plus\data\template.imp
Tue Apr 26 05:34:03 Loaded file D:\DANH\ROBOT\ORCAD LIBS\DANHLIB.LLB
Tue Apr 26 05:34:07 Loaded file C:\Program Files\Orcad\Layout_Plus\data\template.imp
Tue Apr 26 05:34:37 Loaded file C:\Program Files\Orcad\Layout_Plus\data\template.imp
Tue Apr 26 05:34:37 Loaded file C:\Program Files\Orcad\Layout_Plus\data\template.imp
Tue Apr 26 05:34:37 Loaded file C:\Program Files\Orcad\Layout_Plus\data\template.imp
Tue Apr 26 05:34:37 Loaded file C:\Program Files\Orcad\Layout_Plus\data\template.imp
Tue Apr 26 05:34:39 Loaded file D:\DANH\ROBOT\ORCAD LIBS\DANHLIB.LLB
Tue Apr 26 05:34:42 Loaded file C:\Program Files\Orcad\Layout_Plus\data\template.imp
Tue Apr 26 05:35:03 Loaded file C:\Program Files\Orcad\Layout_Plus\data\template.imp
Tue Apr 26 05:35:03 Loaded file C:\Program Files\Orcad\Layout_Plus\data\template.imp
Tue Apr 26 05:35:03 Loaded file C:\Program Files\Orcad\Layout_Plus\data\template.imp
Tue Apr 26 05:35:03 Loaded file C:\Program Files\Orcad\Layout_Plus\data\template.imp
Tue Apr 26 05:35:06 Loaded file D:\DANH\ROBOT\ORCAD LIBS\DANHLIB.LLB
Tue Apr 26 05:35:09 Loaded file C:\Program Files\Orcad\Layout_Plus\data\template.imp
Tue Apr 26 05:35:27 Loaded file C:\Program Files\Orcad\Layout_Plus\data\template.imp
Tue Apr 26 05:35:27 Loaded file C:\Program Files\Orcad\Layout_Plus\data\template.imp
Tue Apr 26 05:35:27 Loaded file C:\Program Files\Orcad\Layout_Plus\data\template.imp
Tue Apr 26 05:35:27 Loaded file C:\Program Files\Orcad\Layout_Plus\data\template.imp
Tue Apr 26 05:35:34 Loaded file D:\DANH\ROBOT\ORCAD LIBS\DANHLIB.LLB
Tue Apr 26 05:35:37 Loaded file C:\Program Files\Orcad\Layout_Plus\data\template.imp
Tue Apr 26 05:36:04 Loaded file C:\Program Files\Orcad\Layout_Plus\data\template.imp
Tue Apr 26 05:36:04 Loaded file C:\Program Files\Orcad\Layout_Plus\data\template.imp
Tue Apr 26 05:36:04 Loaded file C:\Program Files\Orcad\Layout_Plus\data\template.imp
Tue Apr 26 05:36:04 Loaded file C:\Program Files\Orcad\Layout_Plus\data\template.imp
Tue Apr 26 05:36:07 Loaded file D:\DANH\ROBOT\ORCAD LIBS\DANHLIB.LLB
Tue Apr 26 05:36:10 Loaded file C:\Program Files\Orcad\Layout_Plus\data\template.imp
Tue Apr 26 05:36:25 Loaded file C:\Program Files\Orcad\Layout_Plus\data\template.imp
Tue Apr 26 05:36:25 Loaded file C:\Program Files\Orcad\Layout_Plus\data\template.imp
Tue Apr 26 05:36:25 Loaded file C:\Program Files\Orcad\Layout_Plus\data\template.imp
Tue Apr 26 05:36:25 Loaded file C:\Program Files\Orcad\Layout_Plus\data\template.imp
Tue Apr 26 05:36:27 Loaded file D:\DANH\ROBOT\ORCAD LIBS\DANHLIB.LLB
Tue Apr 26 05:36:29 Loaded file C:\Program Files\Orcad\Layout_Plus\data\template.imp
Tue Apr 26 05:37:08 Saved as file D:\DANH\ROBOT\ORCAD PROJECTS\COMERCIAL PROJECTS\COM_PRJ38\COM_PRJ38.MAX
Tue Apr 26 05:37:13 Removed unused net: NET_9
Tue Apr 26 05:37:15 Removed unused footprint: R_1/4W_REV2
Tue Apr 26 05:37:15 Removed unused footprint: R
Tue Apr 26 05:37:17 Removed unused padstack: TM_AXIAL.llb_pad2
Tue Apr 26 05:42:31 Saved as file D:\DANH\ROBOT\ORCAD PROJECTS\COMERCIAL PROJECTS\COM_PRJ38\COM_PRJ38.MAX
Tue Apr 26 05:43:41 Saved as file BACKUP1.MAX
Tue Apr 26 05:45:24 Saved as file D:\DANH\ROBOT\ORCAD PROJECTS\COMERCIAL PROJECTS\COM_PRJ38\COM_PRJ38.MAX
Tue Apr 26 05:46:44 Saved as file D:\DANH\ROBOT\ORCAD PROJECTS\COMERCIAL PROJECTS\COM_PRJ38\COM_PRJ38.MAX
Tue Apr 26 05:46:44 Saved as file D:\DANH\ROBOT\ORCAD PROJECTS\COMERCIAL PROJECTS\COM_PRJ38\COM_PRJ38.MAX
Tue Apr 26 05:46:45 Saved as file D:\DANH\ROBOT\ORCAD PROJECTS\COMERCIAL PROJECTS\COM_PRJ38\COM_PRJ38.MAX
Tue Apr 26 05:46:45 Saved as file D:\DANH\ROBOT\ORCAD PROJECTS\COMERCIAL PROJECTS\COM_PRJ38\COM_PRJ38.MAX
Tue Apr 26 05:47:11 Saved as file D:\DANH\ROBOT\ORCAD PROJECTS\COMERCIAL PROJECTS\COM_PRJ38\COM_PRJ38.MAX
Tue Apr 26 05:47:12 Saved as file D:\DANH\ROBOT\ORCAD PROJECTS\COMERCIAL PROJECTS\COM_PRJ38\COM_PRJ38.MAX
Tue Apr 26 05:47:57 Saved as file D:\DANH\ROBOT\ORCAD PROJECTS\COMERCIAL PROJECTS\COM_PRJ38\COM_PRJ38.MAX
Tue Apr 26 05:48:20 Saved as file D:\DANH\ROBOT\ORCAD PROJECTS\COMERCIAL PROJECTS\COM_PRJ38\COM_PRJ38.MAX
Tue Apr 26 05:48:20 Saved as file D:\DANH\ROBOT\ORCAD PROJECTS\COMERCIAL PROJECTS\COM_PRJ38\COM_PRJ38.MAX
Tue Apr 26 05:48:21 Saved as file D:\DANH\ROBOT\ORCAD PROJECTS\COMERCIAL PROJECTS\COM_PRJ38\COM_PRJ38.MAX
Tue Apr 26 05:49:00 Saved as file D:\DANH\ROBOT\ORCAD PROJECTS\COMERCIAL PROJECTS\COM_PRJ38\COM_PRJ38.MAX
Tue Apr 26 05:51:13 Saved as file D:\DANH\ROBOT\ORCAD PROJECTS\COMERCIAL PROJECTS\COM_PRJ38\COM_PRJ38.MAX
Tue Apr 26 06:53:41 Saved as file BACKUP1.MAX
Wed Jul 27 01:10:34 Loaded file D:\DANH\ROBOT\ORCAD PROJECTS\COMERCIAL PROJECTS\COM_PRJ38\COM_PRJ38.MAX
Wed Nov 02 07:37:05 Loaded file D:\DANH\ORCAD PROJECTS\COMERCIAL PROJECTS\COM_PRJ38\COM_PRJ38.MAX
