Sat Jun 11 16:37:38 Loaded file C:\Program Files\Orcad\Layout_Plus\data\template.imp
Sat Jun 11 16:37:39 Loaded file D:\WORKING\WORKING\DANHLL\DANH'S LIBS\ORCAD-FOOTPRINT-LIB\CHUAN.LLB
Sat Jun 11 16:38:00 Loaded file D:\WORKING\WORKING\DANHLL\DANH'S LIBS\ORCAD-FOOTPRINT-LIB\GIAIMA.LLB
Thu May 04 01:45:48 Loaded file D:\GITHUB\WORKING\DANHLL\DANH'S LIBS\ORCAD-FOOTPRINT-LIB\CHUAN.LLB
Thu May 04 01:46:19 Error code 0021.110 (145)
Thu May 04 01:46:19 Saved as file Backup0.max
Thu May 04 01:46:19 Windows which were open at time of error:
Thu May 04 01:46:19 	ActiveWindow: Library Manager
Thu May 04 01:46:19 	Icon: &Components
Thu May 04 01:46:19 	Icon: &Nets
Thu May 04 01:46:19 	Icon: Post Proces&s
Thu May 04 01:46:19 	Icon: &Route
Thu May 04 01:46:19 End-of-list
Thu May 04 01:46:19 Loaded file BACKUP0.MAX
Thu May 04 01:46:39 Error code 0021.110 (145)
Thu May 04 01:46:39 Saved as file Backup0.max
Thu May 04 01:46:39 Windows which were open at time of error:
Thu May 04 01:46:39 	ActiveWindow: Library Manager
Thu May 04 01:46:39 	Icon: &Components
Thu May 04 01:46:39 	Icon: &Nets
Thu May 04 01:46:39 	Icon: Post Proces&s
Thu May 04 01:46:39 	Icon: &Design
Thu May 04 01:46:39 End-of-list
Thu May 04 01:46:39 Loaded file BACKUP0.MAX
