Mon Apr 04 02:32:34 Saved as file D:\DANH\ROBOT\ORCAD PROJECTS\COMERCIAL PROJECTS\COM_PRJ36\COM_PRJ36.MAX
Mon Apr 04 02:32:34 Saved as file BACKUP1.MAX
Mon Apr 04 02:32:34 Saved as file D:\DANH\ROBOT\ORCAD PROJECTS\COMERCIAL PROJECTS\COM_PRJ36\COM_PRJ36.MAX
Mon Apr 04 02:32:35 UserDiv from Layout.INI for AutoECO: 60
Mon Apr 04 02:32:35 Loaded file D:\DANH\ROBOT\ORCAD PROJECTS\COMERCIAL PROJECTS\COM_PRJ36\COM_PRJ36.MAX
Mon Apr 04 02:32:35 Loaded file D:\DANH\ROBOT\ORCAD LIBS\THUVIENORCAD\THUVIENORCAD\THUVIEN1\TIEN.LLB
Mon Apr 04 02:32:35 Loaded file D:\DANH\ROBOT\ORCAD LIBS\THUVIENORCAD\THUVIENORCAD\THUVIEN\LAYOUTMT.LLB
Mon Apr 04 02:32:35 Loaded file D:\DANH\ROBOT\ORCAD LIBS\THUVIENORCAD\THUVIENORCAD\LIBRARY ORCAD\THU VIEN ORCAD FULL\THU VIEN LAYOUT BETA 3.LLB
Mon Apr 04 02:32:35 Loaded file D:\DANH\ROBOT\ORCAD LIBS\THUVIENORCAD\THUVIENORCAD\LIBRARY ORCAD\THU VIEN ORCAD FULL\THU VIEN.LLB
Mon Apr 04 02:32:35 Loaded file D:\DANH\ROBOT\ORCAD LIBS\THUVIENORCAD\THUVIENORCAD\LIBRARY\BCON100T.LLB
Mon Apr 04 02:32:35 Loaded file D:\DANH\ROBOT\ORCAD LIBS\THUVIENORCAD\THUVIENORCAD\LIBRARY\BCON156T.LLB
Mon Apr 04 02:32:35 Loaded file D:\DANH\ROBOT\ORCAD LIBS\THUVIENORCAD\THUVIENORCAD\LIBRARY\BGA.LLB
Mon Apr 04 02:32:35 Loaded file D:\DANH\ROBOT\ORCAD LIBS\THUVIENORCAD\THUVIENORCAD\LIBRARY\CLCC.LLB
Mon Apr 04 02:32:35 Loaded file D:\DANH\ROBOT\ORCAD LIBS\THUVIENORCAD\THUVIENORCAD\LIBRARY\DCON050T.LLB
Mon Apr 04 02:32:35 Loaded file D:\DANH\ROBOT\ORCAD LIBS\THUVIENORCAD\THUVIENORCAD\LIBRARY\DCON085T.LLB
Mon Apr 04 02:32:35 Loaded file D:\DANH\ROBOT\ORCAD LIBS\THUVIENORCAD\THUVIENORCAD\LIBRARY\DIMM050F.LLB
Mon Apr 04 02:32:35 Loaded file D:\DANH\ROBOT\ORCAD LIBS\THUVIENORCAD\THUVIENORCAD\LIBRARY\DIMM050T.LLB
Mon Apr 04 02:32:35 Loaded file D:\DANH\ROBOT\ORCAD LIBS\THUVIENORCAD\THUVIENORCAD\LIBRARY\DIN.LLB
Mon Apr 04 02:32:35 Loaded file D:\DANH\ROBOT\ORCAD LIBS\THUVIENORCAD\THUVIENORCAD\LIBRARY\DIP100B.LLB
Mon Apr 04 02:32:35 Loaded file D:\DANH\ROBOT\ORCAD LIBS\THUVIENORCAD\THUVIENORCAD\LIBRARY\DIP100T.LLB
Mon Apr 04 02:32:35 Loaded file D:\DANH\ROBOT\ORCAD LIBS\THUVIENORCAD\THUVIENORCAD\LIBRARY\DSUBT.LLB
Mon Apr 04 02:32:35 Loaded file D:\DANH\ROBOT\ORCAD LIBS\THUVIENORCAD\THUVIENORCAD\LIBRARY\DSUBT_HD.LLB
Mon Apr 04 02:32:35 Loaded file D:\DANH\ROBOT\ORCAD LIBS\THUVIENORCAD\THUVIENORCAD\LIBRARY\ECON100T.LLB
Mon Apr 04 02:32:35 Loaded file D:\DANH\ROBOT\ORCAD LIBS\THUVIENORCAD\THUVIENORCAD\LIBRARY\EMPTY.LLB
Mon Apr 04 02:32:35 Loaded file D:\DANH\ROBOT\ORCAD LIBS\THUVIENORCAD\THUVIENORCAD\LIBRARY\EX_GUI.LLB
Mon Apr 04 02:32:35 Loaded file D:\DANH\ROBOT\ORCAD LIBS\THUVIENORCAD\THUVIENORCAD\LIBRARY\FBUS.LLB
Mon Apr 04 02:32:35 Loaded file D:\DANH\ROBOT\ORCAD LIBS\THUVIENORCAD\THUVIENORCAD\LIBRARY\ISA.LLB
Mon Apr 04 02:32:35 Loaded file D:\DANH\ROBOT\ORCAD LIBS\THUVIENORCAD\THUVIENORCAD\LIBRARY\JUMPER.LLB
Mon Apr 04 02:32:35 Loaded file D:\DANH\ROBOT\ORCAD LIBS\THUVIENORCAD\THUVIENORCAD\LIBRARY\LAYOUT.LLB
Mon Apr 04 02:32:35 Loaded file D:\DANH\ROBOT\ORCAD LIBS\THUVIENORCAD\THUVIENORCAD\LIBRARY\LCON100T.LLB
Mon Apr 04 02:32:35 Loaded file D:\DANH\ROBOT\ORCAD LIBS\THUVIENORCAD\THUVIENORCAD\LIBRARY\LINH KIEN.LLB
Mon Apr 04 02:32:35 Loaded file D:\DANH\ROBOT\ORCAD LIBS\THUVIENORCAD\THUVIENORCAD\LIBRARY\METRIC.LLB
Mon Apr 04 02:32:35 Loaded file D:\DANH\ROBOT\ORCAD LIBS\THUVIENORCAD\THUVIENORCAD\LIBRARY\PADSTACK.LLB
Mon Apr 04 02:32:35 Loaded file D:\DANH\ROBOT\ORCAD LIBS\THUVIENORCAD\THUVIENORCAD\LIBRARY\PC104.LLB
Mon Apr 04 02:32:35 Loaded file D:\DANH\ROBOT\ORCAD LIBS\THUVIENORCAD\THUVIENORCAD\LIBRARY\PCI.LLB
Mon Apr 04 02:32:35 Loaded file D:\DANH\ROBOT\ORCAD LIBS\THUVIENORCAD\THUVIENORCAD\LIBRARY\PCON100T.LLB
Mon Apr 04 02:32:35 Loaded file D:\DANH\ROBOT\ORCAD LIBS\THUVIENORCAD\THUVIENORCAD\LIBRARY\PCON156T.LLB
Mon Apr 04 02:32:35 Loaded file D:\DANH\ROBOT\ORCAD LIBS\THUVIENORCAD\THUVIENORCAD\LIBRARY\PGA.LLB
Mon Apr 04 02:32:35 Loaded file D:\DANH\ROBOT\ORCAD LIBS\THUVIENORCAD\THUVIENORCAD\LIBRARY\PLCC.LLB
Mon Apr 04 02:32:35 Loaded file D:\DANH\ROBOT\ORCAD LIBS\THUVIENORCAD\THUVIENORCAD\LIBRARY\QUAD.LLB
Mon Apr 04 02:32:35 Loaded file D:\DANH\ROBOT\ORCAD LIBS\THUVIENORCAD\THUVIENORCAD\LIBRARY\QUADB.LLB
Mon Apr 04 02:32:35 Loaded file D:\DANH\ROBOT\ORCAD LIBS\THUVIENORCAD\THUVIENORCAD\LIBRARY\RELAY.LLB
Mon Apr 04 02:32:35 Loaded file D:\DANH\ROBOT\ORCAD LIBS\THUVIENORCAD\THUVIENORCAD\LIBRARY\RF.LLB
Mon Apr 04 02:32:35 Loaded file D:\DANH\ROBOT\ORCAD LIBS\THUVIENORCAD\THUVIENORCAD\LIBRARY\SBUS.LLB
Mon Apr 04 02:32:35 Loaded file D:\DANH\ROBOT\ORCAD LIBS\THUVIENORCAD\THUVIENORCAD\LIBRARY\SIMM050F.LLB
Mon Apr 04 02:32:35 Loaded file D:\DANH\ROBOT\ORCAD LIBS\THUVIENORCAD\THUVIENORCAD\LIBRARY\SIMM050T.LLB
Mon Apr 04 02:32:35 Loaded file D:\DANH\ROBOT\ORCAD LIBS\THUVIENORCAD\THUVIENORCAD\LIBRARY\SIMM100F.LLB
Mon Apr 04 02:32:35 Loaded file D:\DANH\ROBOT\ORCAD LIBS\THUVIENORCAD\THUVIENORCAD\LIBRARY\SIMM100T.LLB
Mon Apr 04 02:32:35 Loaded file D:\DANH\ROBOT\ORCAD LIBS\THUVIENORCAD\THUVIENORCAD\LIBRARY\SIP.LLB
Mon Apr 04 02:32:35 Loaded file D:\DANH\ROBOT\ORCAD LIBS\THUVIENORCAD\THUVIENORCAD\LIBRARY\SM.LLB
Mon Apr 04 02:32:35 Loaded file D:\DANH\ROBOT\ORCAD LIBS\THUVIENORCAD\THUVIENORCAD\LIBRARY\SOG.LLB
Mon Apr 04 02:32:35 Loaded file D:\DANH\ROBOT\ORCAD LIBS\THUVIENORCAD\THUVIENORCAD\LIBRARY\SOJ.LLB
Mon Apr 04 02:32:35 Loaded file D:\DANH\ROBOT\ORCAD LIBS\THUVIENORCAD\THUVIENORCAD\LIBRARY\STIFF.LLB
Mon Apr 04 02:32:35 Loaded file D:\DANH\ROBOT\ORCAD LIBS\THUVIENORCAD\THUVIENORCAD\LIBRARY\TELE.LLB
Mon Apr 04 02:32:35 Loaded file D:\DANH\ROBOT\ORCAD LIBS\THUVIENORCAD\THUVIENORCAD\LIBRARY\TM_AXIAL.LLB
Mon Apr 04 02:32:35 Loaded file D:\DANH\ROBOT\ORCAD LIBS\THUVIENORCAD\THUVIENORCAD\LIBRARY\TM_CAP_P.LLB
Mon Apr 04 02:32:35 Loaded file D:\DANH\ROBOT\ORCAD LIBS\THUVIENORCAD\THUVIENORCAD\LIBRARY\TM_CYLND.LLB
Mon Apr 04 02:32:35 Loaded file D:\DANH\ROBOT\ORCAD LIBS\THUVIENORCAD\THUVIENORCAD\LIBRARY\TM_DIODE.LLB
Mon Apr 04 02:32:35 Loaded file D:\DANH\ROBOT\ORCAD LIBS\THUVIENORCAD\THUVIENORCAD\LIBRARY\TM_DISC.LLB
Mon Apr 04 02:32:35 Loaded file D:\DANH\ROBOT\ORCAD LIBS\THUVIENORCAD\THUVIENORCAD\LIBRARY\TM_RAD.LLB
Mon Apr 04 02:32:35 Loaded file D:\DANH\ROBOT\ORCAD LIBS\THUVIENORCAD\THUVIENORCAD\LIBRARY\TO.LLB
Mon Apr 04 02:32:36 Loaded file D:\DANH\ROBOT\ORCAD LIBS\THUVIENORCAD\THUVIENORCAD\LIBRARY\TRAINING.LLB
Mon Apr 04 02:32:36 Loaded file D:\DANH\ROBOT\ORCAD LIBS\THUVIENORCAD\THUVIENORCAD\LIBRARY\VRES.LLB
Mon Apr 04 02:32:36 Loaded file D:\DANH\ROBOT\ORCAD LIBS\THUVIENORCAD\THUVIENORCAD\LIBRARY\WCON100T.LLB
Mon Apr 04 02:32:36 Loaded file D:\DANH\ROBOT\ORCAD LIBS\THUVIENORCAD\THUVIENORCAD\LIBRARY\XT.LLB
Mon Apr 04 02:32:36 Loaded file D:\DANH\ROBOT\ORCAD LIBS\THUVIENORCAD\THUVIENORCAD\LIBRARY\ZIGZAG.LLB
Mon Apr 04 02:32:36 Loaded file D:\DANH\ROBOT\ORCAD LIBS\THUVIENORCAD\THUVIENORCAD\HOA DOAN\HOADOAN.LLB
Mon Apr 04 02:32:36 Loaded file D:\DANH\ROBOT\ORCAD LIBS\THUVIENORCAD\THUVIENORCAD\THU VIEN\THU VIEN.LLB
Mon Apr 04 02:32:36 Loaded file D:\DANH\ROBOT\ORCAD LIBS\THU VIEN\THU VIEN.LLB
Mon Apr 04 02:32:36 Loaded file D:\DANH\ROBOT\ORCAD LIBS\ORCAD LAYOUT\T2L LAYOUT.LLB
Mon Apr 04 02:32:36 Loaded file D:\DANH\ROBOT\ORCAD LIBS\DANHLIB.LLB
Mon Apr 04 02:32:36 Loaded file D:\DANH\ROBOT\ORCAD LIBS\THUVIENORCAD\THUVIENORCAD\HOA DOAN\HOADOAN.LLB
Mon Apr 04 02:32:36 Loaded file D:\DANH\ROBOT\ORCAD LIBS\THUVIENORCAD\THUVIENORCAD\LIBRARY ORCAD\THU VIEN ORCAD FULL\THU VIEN.LLB
Mon Apr 04 02:32:36 Loaded file D:\DANH\ROBOT\ORCAD LIBS\DANHLIB.LLB
Mon Apr 04 02:32:36 Loaded file D:\DANH\ROBOT\ORCAD LIBS\THU VIEN\THU VIEN.LLB
Mon Apr 04 02:32:36 Saved as file D:\DANH\ROBOT\ORCAD PROJECTS\COMERCIAL PROJECTS\COM_PRJ36\COM_PRJ36.MAX
Mon Apr 04 02:32:36 Loaded file D:\DANH\ROBOT\ORCAD PROJECTS\COMERCIAL PROJECTS\COM_PRJ36\COM_PRJ36.MAX
Mon Apr 04 02:32:44 Loaded file C:\Program Files\Orcad\Layout_Plus\data\template.imp
Mon Apr 04 02:32:44 Loaded file C:\Program Files\Orcad\Layout_Plus\data\template.imp
Mon Apr 04 02:32:44 Loaded file C:\Program Files\Orcad\Layout_Plus\data\template.imp
Mon Apr 04 02:32:44 Loaded file C:\Program Files\Orcad\Layout_Plus\data\template.imp
Mon Apr 04 02:32:47 Loaded file D:\DANH\ROBOT\ORCAD LIBS\DANHLIB.LLB
Mon Apr 04 02:32:50 Loaded file C:\Program Files\Orcad\Layout_Plus\data\template.imp
Mon Apr 04 02:33:03 Loaded file C:\Program Files\Orcad\Layout_Plus\data\template.imp
Mon Apr 04 02:33:03 Loaded file C:\Program Files\Orcad\Layout_Plus\data\template.imp
Mon Apr 04 02:33:03 Loaded file C:\Program Files\Orcad\Layout_Plus\data\template.imp
Mon Apr 04 02:33:03 Loaded file C:\Program Files\Orcad\Layout_Plus\data\template.imp
Mon Apr 04 02:33:06 Loaded file C:\Program Files\Orcad\Layout_Plus\data\template.imp
Mon Apr 04 02:36:53 Saved as file BACKUP1.MAX
Mon Apr 04 02:36:53 No new connections routed.
Mon Apr 04 02:36:53 Total is now 0 out of 18 (0%).
Mon Apr 04 02:36:53 Saved as file SWEEP1.MAX
Mon Apr 04 02:36:56 Saved as file BACKUP1.MAX
Mon Apr 04 02:36:56 Routed 15 connections in 2 seconds.
Mon Apr 04 02:36:56 Total is now 15 out of 18 (83%).
Mon Apr 04 02:36:56 Saved as file SWEEP2.MAX
Mon Apr 04 02:36:59 Routed 1 connections in 3 seconds.
Mon Apr 04 02:36:59 Total is now 16 out of 18 (88%).
Mon Apr 04 02:36:59 Saved as file SWEEP3.MAX
Mon Apr 04 02:37:04 No new connections routed.
Mon Apr 04 02:37:04 Total is now 16 out of 18 (88%).
Mon Apr 04 02:37:04 Saved as file SWEEP4.MAX
Mon Apr 04 02:37:09 No new connections routed.
Mon Apr 04 02:37:09 Total is now 16 out of 18 (88%).
Mon Apr 04 02:37:09 Saved as file SWEEP5.MAX
Mon Apr 04 02:38:28 Saved as file BACKUP1.MAX
Mon Apr 04 02:38:28 No new connections routed.
Mon Apr 04 02:38:28 Total is now 0 out of 18 (0%).
Mon Apr 04 02:38:28 Saved as file SWEEP1.MAX
Mon Apr 04 02:38:29 Saved as file BACKUP1.MAX
Mon Apr 04 02:38:29 Routed 17 connections in 0 seconds.
Mon Apr 04 02:38:29 Total is now 17 out of 18 (94%).
Mon Apr 04 02:38:29 Saved as file SWEEP2.MAX
Mon Apr 04 02:38:29 Routed 1 connections in 0 seconds.
Mon Apr 04 02:38:29 Total is now 18 out of 18 (100%).
Mon Apr 04 02:38:29 Saved as file SWEEP3.MAX
Mon Apr 04 02:38:29 No new connections routed.
Mon Apr 04 02:38:29 Total is now 18 out of 18 (100%).
Mon Apr 04 02:38:29 Saved as file SWEEP4.MAX
Mon Apr 04 02:38:29 No new connections routed.
Mon Apr 04 02:38:29 Total is now 18 out of 18 (100%).
Mon Apr 04 02:38:29 Saved as file SWEEP5.MAX
Mon Apr 04 02:43:25 Saved as file BACKUP1.MAX
Mon Apr 04 02:52:48 Saved as file D:\DANH\ROBOT\ORCAD PROJECTS\COMERCIAL PROJECTS\COM_PRJ36\COM_PRJ36.MAX
Mon Apr 04 02:54:55 Saved as file BACKUP1.MAX
Mon Apr 04 02:56:42 Saved as file D:\DANH\ROBOT\ORCAD PROJECTS\COMERCIAL PROJECTS\COM_PRJ36\COM_PRJ36.MAX
Mon Apr 04 02:56:42 Saved as file D:\DANH\ROBOT\ORCAD PROJECTS\COMERCIAL PROJECTS\COM_PRJ36\COM_PRJ36.MAX
Mon Apr 04 02:57:06 Saved as file D:\DANH\ROBOT\ORCAD PROJECTS\COMERCIAL PROJECTS\COM_PRJ36\COM_PRJ36.MAX
Mon Apr 04 03:00:31 Saved as file D:\DANH\ROBOT\ORCAD PROJECTS\COMERCIAL PROJECTS\COM_PRJ36\COM_PRJ36.MAX
Mon Apr 04 03:00:31 Saved as file D:\DANH\ROBOT\ORCAD PROJECTS\COMERCIAL PROJECTS\COM_PRJ36\COM_PRJ36.MAX
Mon Apr 04 03:00:32 Saved as file D:\DANH\ROBOT\ORCAD PROJECTS\COMERCIAL PROJECTS\COM_PRJ36\COM_PRJ36.MAX
Mon Apr 04 03:02:54 Saved as file D:\DANH\ROBOT\ORCAD PROJECTS\COMERCIAL PROJECTS\COM_PRJ36\COM_PRJ36.MAX
Wed Jul 27 01:10:23 Loaded file D:\DANH\ROBOT\ORCAD PROJECTS\COMERCIAL PROJECTS\COM_PRJ36\COM_PRJ36.MAX
Wed Nov 02 07:37:18 Loaded file D:\DANH\ORCAD PROJECTS\COMERCIAL PROJECTS\COM_PRJ36\COM_PRJ36.MAX
