Tue Mar 29 03:08:28 Saved as file D:\DANH\ROBOT\ORCAD PROJECTS\COMERCIAL PROJECTS\COM_PRJ34\COM_PRJ34.MAX
Tue Mar 29 03:08:57 Loaded file C:\Program Files\Orcad\Layout_Plus\data\template.imp
Tue Mar 29 03:08:57 Loaded file C:\Program Files\Orcad\Layout_Plus\data\template.imp
Tue Mar 29 03:08:59 Loaded file D:\DANH\ROBOT\ORCAD LIBS\THUVIENORCAD\THUVIENORCAD\LIBRARY ORCAD\THU VIEN ORCAD FULL\THU VIEN LAYOUT BETA 3.LLB
Tue Mar 29 03:09:10 Loaded file D:\DANH\ROBOT\ORCAD LIBS\DANHLIB.LLB
Tue Mar 29 03:09:14 Loaded file C:\Program Files\Orcad\Layout_Plus\data\template.imp
Tue Mar 29 03:09:21 Loaded file C:\Program Files\Orcad\Layout_Plus\data\template.imp
Tue Mar 29 03:09:22 Loaded file C:\Program Files\Orcad\Layout_Plus\data\template.imp
Tue Mar 29 03:11:04 Loaded file D:\DANH\ROBOT\ORCAD LIBS\DANHLIB.LLB
Tue Mar 29 03:11:04 Saved as file D:\DANH\ROBOT\ORCAD LIBS\DANHLIB.LLB
Tue Mar 29 03:11:09 Loaded file D:\DANH\ROBOT\ORCAD LIBS\ORCAD LAYOUT\T2L LAYOUT.LLB
Tue Mar 29 03:11:10 Loaded file D:\DANH\ROBOT\ORCAD LIBS\DANHLIB.LLB
Tue Mar 29 03:11:12 Loaded file C:\Program Files\Orcad\Layout_Plus\data\template.imp
Tue Mar 29 03:11:42 Loaded file C:\Program Files\Orcad\Layout_Plus\data\template.imp
Tue Mar 29 03:11:42 Loaded file C:\Program Files\Orcad\Layout_Plus\data\template.imp
Tue Mar 29 03:11:42 Loaded file C:\Program Files\Orcad\Layout_Plus\data\template.imp
Tue Mar 29 03:11:42 Loaded file C:\Program Files\Orcad\Layout_Plus\data\template.imp
Tue Mar 29 03:11:48 Loaded file D:\DANH\ROBOT\ORCAD LIBS\DANHLIB.LLB
Tue Mar 29 03:11:50 Loaded file C:\Program Files\Orcad\Layout_Plus\data\template.imp
Tue Mar 29 03:11:53 Loaded file C:\Program Files\Orcad\Layout_Plus\data\template.imp
Tue Mar 29 03:12:33 Loaded file C:\Program Files\Orcad\Layout_Plus\data\template.imp
Tue Mar 29 03:12:33 Loaded file C:\Program Files\Orcad\Layout_Plus\data\template.imp
Tue Mar 29 03:12:40 Loaded file D:\DANH\ROBOT\ORCAD LIBS\DANHLIB.LLB
Tue Mar 29 03:12:43 Loaded file C:\Program Files\Orcad\Layout_Plus\data\template.imp
Tue Mar 29 03:13:26 Loaded file D:\DANH\ROBOT\ORCAD LIBS\DANHLIB.LLB
Tue Mar 29 03:13:26 Saved as file D:\DANH\ROBOT\ORCAD LIBS\DANHLIB.LLB
Tue Mar 29 03:13:40 Loaded file C:\Program Files\Orcad\Layout_Plus\data\template.imp
Tue Mar 29 03:13:40 Loaded file C:\Program Files\Orcad\Layout_Plus\data\template.imp
Tue Mar 29 03:13:40 Loaded file C:\Program Files\Orcad\Layout_Plus\data\template.imp
Tue Mar 29 03:13:40 Loaded file C:\Program Files\Orcad\Layout_Plus\data\template.imp
Tue Mar 29 03:13:45 Loaded file D:\DANH\ROBOT\ORCAD LIBS\DANHLIB.LLB
Tue Mar 29 03:13:49 Loaded file C:\Program Files\Orcad\Layout_Plus\data\template.imp
Tue Mar 29 03:14:23 Saved as file BACKUP1.MAX
Tue Mar 29 03:14:23 Saved as file BACKUP1.MAX
Tue Mar 29 03:14:23 No new connections routed.
Tue Mar 29 03:14:23 Total is now 0 out of 35 (0%).
Tue Mar 29 03:14:23 Saved as file SWEEP1.MAX
Tue Mar 29 03:14:26 Saved as file BACKUP1.MAX
Tue Mar 29 03:14:28 Saved as file BACKUP1.MAX
Tue Mar 29 03:14:28 Routed 32 connections in 5 seconds.
Tue Mar 29 03:14:28 Total is now 29 out of 35 (82%).
Tue Mar 29 03:14:28 Saved as file SWEEP2.MAX
Tue Mar 29 03:14:30 No new connections routed.
Tue Mar 29 03:14:30 Total is now 29 out of 35 (82%).
Tue Mar 29 03:14:30 Saved as file SWEEP3.MAX
Tue Mar 29 03:14:38 No new connections routed.
Tue Mar 29 03:14:38 Total is now 29 out of 35 (82%).
Tue Mar 29 03:14:38 Saved as file SWEEP4.MAX
Tue Mar 29 03:14:44 No new connections routed.
Tue Mar 29 03:14:44 Total is now 29 out of 35 (82%).
Tue Mar 29 03:14:44 Saved as file SWEEP5.MAX
Tue Mar 29 03:18:02 Saved as file BACKUP1.MAX
Tue Mar 29 03:19:02 Saved as file D:\DANH\ROBOT\ORCAD PROJECTS\COMERCIAL PROJECTS\COM_PRJ34\COM_PRJ34.MAX
Tue Mar 29 03:23:20 Saved as file D:\DANH\ROBOT\ORCAD PROJECTS\COMERCIAL PROJECTS\COM_PRJ34\COM_PRJ34.MAX
Tue Mar 29 03:24:55 Saved as file D:\DANH\ROBOT\ORCAD PROJECTS\COMERCIAL PROJECTS\COM_PRJ34\COM_PRJ34.MAX
Tue Mar 29 03:24:56 Saved as file D:\DANH\ROBOT\ORCAD PROJECTS\COMERCIAL PROJECTS\COM_PRJ34\COM_PRJ34.MAX
Tue Mar 29 03:26:11 Saved as file D:\DANH\ROBOT\ORCAD PROJECTS\COMERCIAL PROJECTS\COM_PRJ34\COM_PRJ34.MAX
Tue Mar 29 03:28:32 Saved as file BACKUP1.MAX
Tue Mar 29 03:29:12 Saved as file D:\DANH\ROBOT\ORCAD PROJECTS\COMERCIAL PROJECTS\COM_PRJ34\COM_PRJ34.MAX
Tue Mar 29 03:29:13 Saved as file D:\DANH\ROBOT\ORCAD PROJECTS\COMERCIAL PROJECTS\COM_PRJ34\COM_PRJ34.MAX
Tue Mar 29 03:29:23 Saved as file D:\DANH\ROBOT\ORCAD PROJECTS\COMERCIAL PROJECTS\COM_PRJ34\COM_PRJ34.MAX
Tue Mar 29 03:30:50 Saved as file D:\DANH\ROBOT\ORCAD PROJECTS\COMERCIAL PROJECTS\COM_PRJ34\COM_PRJ34.MAX
Tue Mar 29 03:36:22 Saved as file D:\DANH\ROBOT\ORCAD PROJECTS\COMERCIAL PROJECTS\COM_PRJ34\COM_PRJ34.MAX
Tue Mar 29 03:36:23 Saved as file D:\DANH\ROBOT\ORCAD PROJECTS\COMERCIAL PROJECTS\COM_PRJ34\COM_PRJ34.MAX
Tue Mar 29 03:36:25 Saved as file D:\DANH\ROBOT\ORCAD PROJECTS\COMERCIAL PROJECTS\COM_PRJ34\COM_PRJ34.MAX
Tue Mar 29 03:36:26 Saved as file D:\DANH\ROBOT\ORCAD PROJECTS\COMERCIAL PROJECTS\COM_PRJ34\COM_PRJ34.MAX
Tue Mar 29 03:36:29 Saved as file D:\DANH\ROBOT\ORCAD PROJECTS\COMERCIAL PROJECTS\COM_PRJ34\COM_PRJ34.MAX
Tue Mar 29 03:36:38 Saved as file D:\DANH\ROBOT\ORCAD PROJECTS\COMERCIAL PROJECTS\COM_PRJ34\COM_PRJ34.MAX
Wed Jul 27 01:09:49 Loaded file D:\DANH\ROBOT\ORCAD PROJECTS\COMERCIAL PROJECTS\COM_PRJ34\COM_PRJ34.MAX
