Sun May 07 00:30:35 Saved as file D:\GITHUB\WORKING\RAU_MAM\ORCAD\PUMP.MAX
Sun May 07 00:35:02 Loaded file C:\Program Files\Orcad\Layout\data\template.imp
Sun May 07 00:35:02 Loaded file C:\Program Files\Orcad\Layout\data\template.imp
Sun May 07 00:35:05 Loaded file D:\GITHUB\WORKING\DANHLL\DANH'S LIBS\DANHLIB.LLB
Sun May 07 00:35:08 Loaded file C:\Program Files\Orcad\Layout\data\template.imp
Sun May 07 00:35:09 Loaded file C:\Program Files\Orcad\Layout\data\template.imp
Sun May 07 00:35:11 Loaded file C:\Program Files\Orcad\Layout\data\template.imp
Sun May 07 00:35:12 Loaded file C:\Program Files\Orcad\Layout\data\template.imp
Sun May 07 00:38:07 Saved as file D:\GITHUB\WORKING\RAU_MAM\ORCAD\PUMP.MAX
Sun May 07 00:39:23 Saved as file D:\GITHUB\WORKING\RAU_MAM\ORCAD\PUMP.MAX
Sun May 07 00:39:44 Saved as file BACKUP1.MAX
Sun May 07 00:39:52 Loaded file C:\Program Files\Orcad\Layout\data\template.imp
Sun May 07 00:39:52 Loaded file C:\Program Files\Orcad\Layout\data\template.imp
Sun May 07 00:39:54 Loaded file D:\GITHUB\WORKING\DANHLL\DANH'S LIBS\DANHLIB.LLB
Sun May 07 00:39:58 Loaded file C:\Program Files\Orcad\Layout\data\template.imp
Sun May 07 00:41:40 Saved as file D:\GITHUB\WORKING\RAU_MAM\ORCAD\PUMP.MAX
Sun May 07 00:41:41 Saved as file D:\GITHUB\WORKING\RAU_MAM\ORCAD\PUMP.MAX
Sun May 07 00:43:06 Loaded file C:\Program Files\Orcad\Layout\data\template.imp
Sun May 07 00:43:06 Loaded file C:\Program Files\Orcad\Layout\data\template.imp
Sun May 07 00:43:07 Loaded file D:\GITHUB\WORKING\DANHLL\DANH'S LIBS\DANHLIB.LLB
Sun May 07 00:43:55 Loaded file C:\Program Files\Orcad\Layout\data\template.imp
Sun May 07 00:43:55 Loaded file C:\Program Files\Orcad\Layout\data\template.imp
Sun May 07 00:43:57 Loaded file D:\GITHUB\WORKING\DANHLL\DANH'S LIBS\DANHLIB.LLB
Sun May 07 00:44:56 Loaded file C:\Program Files\Orcad\Layout\data\template.imp
Sun May 07 00:44:56 Loaded file C:\Program Files\Orcad\Layout\data\template.imp
Sun May 07 00:44:58 Loaded file D:\GITHUB\WORKING\DANHLL\DANH'S LIBS\DANHLIB.LLB
Sun May 07 00:45:29 Loaded file D:\GITHUB\WORKING\DANHLL\DANH'S LIBS\ORCAD-FOOTPRINT-LIB\GIAIMA.LLB
Sun May 07 00:45:32 Loaded file D:\GITHUB\WORKING\DANHLL\DANH'S LIBS\ORCAD-FOOTPRINT-LIB\GIAIMA.LLB
Sun May 07 00:45:32 Loaded file D:\GITHUB\WORKING\DANHLL\DANH'S LIBS\LAYOUT1\LAYOUT1.LLB
Sun May 07 00:45:32 Loaded file D:\GITHUB\WORKING\DANHLL\DANH'S LIBS\LAYOUT\LAYOUT.LLB
Sun May 07 00:45:32 Loaded file D:\GITHUB\WORKING\DANHLL\DANH'S LIBS\DANHLIB.LLB
Sun May 07 00:45:32 Loaded file C:\Program Files\Orcad\Layout\library\BCON100T.llb
Sun May 07 00:45:32 Loaded file C:\Program Files\Orcad\Layout\library\BCON156T.llb
Sun May 07 00:45:32 Loaded file C:\Program Files\Orcad\Layout\library\BGA.llb
Sun May 07 00:45:32 Loaded file C:\Program Files\Orcad\Layout\library\CLCC.llb
Sun May 07 00:45:32 Loaded file C:\Program Files\Orcad\Layout\library\DCON050T.llb
Sun May 07 00:45:32 Loaded file C:\Program Files\Orcad\Layout\library\DCON085T.llb
Sun May 07 00:45:32 Loaded file C:\Program Files\Orcad\Layout\library\DIMM050F.llb
Sun May 07 00:45:32 Loaded file C:\Program Files\Orcad\Layout\library\DIMM050T.llb
Sun May 07 00:45:32 Loaded file C:\Program Files\Orcad\Layout\library\DIN.llb
Sun May 07 00:45:32 Loaded file C:\Program Files\Orcad\Layout\library\DIP100B.llb
Sun May 07 00:45:32 Loaded file C:\Program Files\Orcad\Layout\library\DIP100T.llb
Sun May 07 00:45:32 Loaded file C:\Program Files\Orcad\Layout\library\DSUBT.llb
Sun May 07 00:45:32 Loaded file C:\Program Files\Orcad\Layout\library\DSUBT_HD.LLB
Sun May 07 00:45:32 Loaded file C:\Program Files\Orcad\Layout\library\ECON100T.llb
Sun May 07 00:45:32 Loaded file C:\Program Files\Orcad\Layout\library\FBUS.llb
Sun May 07 00:45:32 Loaded file C:\Program Files\Orcad\Layout\library\ISA.llb
Sun May 07 00:45:32 Loaded file C:\Program Files\Orcad\Layout\library\JUMPER.LLB
Sun May 07 00:45:32 Loaded file C:\Program Files\Orcad\Layout\library\LAYOUT.llb
Sun May 07 00:45:32 Loaded file C:\Program Files\Orcad\Layout\library\LCON100T.llb
Sun May 07 00:45:32 Loaded file C:\Program Files\Orcad\Layout\library\PC104.llb
Sun May 07 00:45:32 Loaded file C:\Program Files\Orcad\Layout\library\PCI.llb
Sun May 07 00:45:32 Loaded file C:\Program Files\Orcad\Layout\library\PCON100T.llb
Sun May 07 00:45:32 Loaded file C:\Program Files\Orcad\Layout\library\PCON156T.llb
Sun May 07 00:45:32 Loaded file C:\Program Files\Orcad\Layout\library\PGA.llb
Sun May 07 00:45:32 Loaded file C:\Program Files\Orcad\Layout\library\PLCC.llb
Sun May 07 00:45:32 Loaded file C:\Program Files\Orcad\Layout\library\QUAD.llb
Sun May 07 00:45:32 Loaded file C:\Program Files\Orcad\Layout\library\QUADB.llb
Sun May 07 00:45:32 Loaded file C:\Program Files\Orcad\Layout\library\RELAY.llb
Sun May 07 00:45:32 Loaded file C:\Program Files\Orcad\Layout\library\RF.llb
Sun May 07 00:45:32 Loaded file C:\Program Files\Orcad\Layout\library\SBUS.llb
Sun May 07 00:45:32 Loaded file C:\Program Files\Orcad\Layout\library\SIMM050F.llb
Sun May 07 00:45:32 Loaded file C:\Program Files\Orcad\Layout\library\SIMM050T.llb
Sun May 07 00:45:32 Loaded file C:\Program Files\Orcad\Layout\library\SIMM100F.llb
Sun May 07 00:45:32 Loaded file C:\Program Files\Orcad\Layout\library\SIMM100T.llb
Sun May 07 00:45:32 Loaded file C:\Program Files\Orcad\Layout\library\SIP.llb
Sun May 07 00:45:32 Loaded file C:\Program Files\Orcad\Layout\library\SM.llb
Sun May 07 00:45:32 Loaded file C:\Program Files\Orcad\Layout\library\SOG.llb
Sun May 07 00:45:32 Loaded file C:\Program Files\Orcad\Layout\library\SOJ.llb
Sun May 07 00:45:32 Loaded file C:\Program Files\Orcad\Layout\library\STIFF.llb
Sun May 07 00:45:32 Loaded file C:\Program Files\Orcad\Layout\library\TELE.llb
Sun May 07 00:45:32 Loaded file C:\Program Files\Orcad\Layout\library\TM_AXIAL.llb
Sun May 07 00:45:32 Loaded file C:\Program Files\Orcad\Layout\library\TM_CAP_P.llb
Sun May 07 00:45:32 Loaded file C:\Program Files\Orcad\Layout\library\TM_CYLND.llb
Sun May 07 00:45:32 Loaded file C:\Program Files\Orcad\Layout\library\TM_DIODE.llb
Sun May 07 00:45:32 Loaded file C:\Program Files\Orcad\Layout\library\TM_DISC.llb
Sun May 07 00:45:32 Loaded file C:\Program Files\Orcad\Layout\library\TM_RAD.llb
Sun May 07 00:45:32 Loaded file C:\Program Files\Orcad\Layout\library\TO.llb
Sun May 07 00:45:32 Loaded file C:\Program Files\Orcad\Layout\library\TRAINING.LLB
Sun May 07 00:45:32 Loaded file C:\Program Files\Orcad\Layout\library\VRES.llb
Sun May 07 00:45:32 Loaded file C:\Program Files\Orcad\Layout\library\WCON100T.llb
Sun May 07 00:45:32 Loaded file C:\Program Files\Orcad\Layout\library\XT.llb
Sun May 07 00:45:32 Loaded file C:\Program Files\Orcad\Layout\library\ZIGZAG.llb
Sun May 07 00:46:19 Loaded file C:\Program Files\Orcad\Layout\library\VRES.llb
Sun May 07 00:46:21 Loaded file D:\GITHUB\WORKING\DANHLL\DANH'S LIBS\DANHLIB.LLB
Sun May 07 00:47:34 Loaded file D:\GITHUB\WORKING\DANHLL\DANH'S LIBS\LAYOUT1\LAYOUT1.LLB
Sun May 07 00:48:07 Loaded file C:\Program Files\Orcad\Layout\data\template.imp
Sun May 07 00:48:07 Loaded file C:\Program Files\Orcad\Layout\data\template.imp
Sun May 07 00:48:08 Loaded file C:\Program Files\Orcad\Layout\data\template.imp
Sun May 07 00:48:08 Loaded file C:\Program Files\Orcad\Layout\data\template.imp
Sun May 07 00:48:19 Loaded file C:\Program Files\Orcad\Layout\data\template.imp
Sun May 07 00:48:22 Loaded file C:\Program Files\Orcad\Layout\data\template.imp
Sun May 07 00:48:24 Loaded file C:\Program Files\Orcad\Layout\data\template.imp
Sun May 07 00:48:26 Loaded file C:\Program Files\Orcad\Layout\data\template.imp
Sun May 07 00:48:30 Loaded file C:\Program Files\Orcad\Layout\data\template.imp
Sun May 07 00:48:31 Loaded file C:\Program Files\Orcad\Layout\data\template.imp
Sun May 07 00:48:36 Loaded file C:\Program Files\Orcad\Layout\data\template.imp
Sun May 07 00:48:38 Loaded file C:\Program Files\Orcad\Layout\data\template.imp
Sun May 07 00:48:40 Loaded file C:\Program Files\Orcad\Layout\data\template.imp
Sun May 07 00:48:56 Loaded file C:\Program Files\Orcad\Layout\data\template.imp
Sun May 07 00:48:56 Loaded file C:\Program Files\Orcad\Layout\data\template.imp
Sun May 07 00:49:16 Loaded file C:\Program Files\Orcad\Layout\library\TRAINING.LLB
Sun May 07 00:49:18 Loaded file C:\Program Files\Orcad\Layout\library\TO.llb
Sun May 07 00:49:22 Loaded file C:\Program Files\Orcad\Layout\library\TM_RAD.llb
Sun May 07 00:49:23 Loaded file C:\Program Files\Orcad\Layout\library\TM_DISC.llb
Sun May 07 00:49:24 Loaded file C:\Program Files\Orcad\Layout\library\TM_DIODE.llb
Sun May 07 00:50:10 Saved as file D:\GITHUB\WORKING\RAU_MAM\ORCAD\PUMP.MAX
Sun May 07 00:53:44 Saved as file BACKUP1.MAX
Sun May 07 00:57:28 Saved as file D:\GITHUB\WORKING\RAU_MAM\ORCAD\PUMP.MAX
Sun May 07 00:58:40 Saved as file D:\GITHUB\WORKING\RAU_MAM\ORCAD\PUMP.MAX
Sun May 07 00:59:57 Saved as file D:\GITHUB\WORKING\RAU_MAM\ORCAD\PUMP.MAX
Sun May 07 01:03:18 Saved as file D:\GITHUB\WORKING\RAU_MAM\ORCAD\PUMP.MAX
Sun May 07 01:03:45 Saved as file BACKUP1.MAX
Sun May 07 01:05:05 Saved as file D:\GITHUB\WORKING\RAU_MAM\ORCAD\PUMP.MAX
Sun May 07 01:06:41 Saved as file D:\GITHUB\WORKING\RAU_MAM\ORCAD\PUMP.MAX
Sun May 07 01:08:48 Saved as file D:\GITHUB\WORKING\RAU_MAM\ORCAD\PUMP.MAX
Sun May 07 01:09:19 Saved as file D:\GITHUB\WORKING\RAU_MAM\ORCAD\PUMP.MAX
Sun May 07 01:10:03 Saved as file D:\GITHUB\WORKING\RAU_MAM\ORCAD\PUMP.MAX
Sun May 07 01:10:32 Saved as file D:\GITHUB\WORKING\RAU_MAM\ORCAD\PUMP.MAX
Sun May 07 01:10:59 Saved as file D:\GITHUB\WORKING\RAU_MAM\ORCAD\PUMP.MAX
Sun May 07 01:13:40 Saved as file D:\GITHUB\WORKING\RAU_MAM\ORCAD\PUMP.MAX
Sun May 07 01:14:15 Saved as file BACKUP1.MAX
Sun May 07 01:14:54 Saved as file D:\GITHUB\WORKING\RAU_MAM\ORCAD\PUMP.MAX
Sun May 07 01:15:39 Saved as file D:\GITHUB\WORKING\RAU_MAM\ORCAD\PUMP.MAX
Sun May 07 01:15:50 Saved as file D:\GITHUB\WORKING\RAU_MAM\ORCAD\PUMP.MAX
Sun May 07 01:17:10 Saved as file D:\GITHUB\WORKING\RAU_MAM\ORCAD\PUMP.MAX
Sun May 07 01:17:41 Saved as file D:\GITHUB\WORKING\RAU_MAM\ORCAD\PUMP.MAX
Sun May 07 01:18:44 Saved as file D:\GITHUB\WORKING\RAU_MAM\ORCAD\PUMP.MAX
Sun May 07 01:19:42 Saved as file D:\GITHUB\WORKING\RAU_MAM\ORCAD\PUMP.MAX
Sun May 07 01:19:53 Saved as file D:\GITHUB\WORKING\RAU_MAM\ORCAD\PUMP.MAX
Sun May 07 01:19:56 Saved as file D:\GITHUB\WORKING\RAU_MAM\ORCAD\PUMP.MAX
Sun May 07 01:23:39 Saved as file D:\GITHUB\WORKING\RAU_MAM\ORCAD\PUMP.MAX
Sun May 07 01:24:15 Saved as file BACKUP1.MAX
Sun May 07 01:24:47 Saved as file D:\GITHUB\WORKING\RAU_MAM\ORCAD\PUMP.MAX
Sun May 07 01:25:48 Saved as file D:\GITHUB\WORKING\RAU_MAM\ORCAD\PUMP.MAX
Sun May 07 01:25:49 Saved as file D:\GITHUB\WORKING\RAU_MAM\ORCAD\PUMP.MAX
Sun May 07 01:26:13 Saved as file D:\GITHUB\WORKING\RAU_MAM\ORCAD\PUMP.MAX
Sun May 07 01:29:03 Saved as file D:\GITHUB\WORKING\RAU_MAM\ORCAD\PUMP.MAX
Sun May 07 01:29:22 Saved as file D:\GITHUB\WORKING\RAU_MAM\ORCAD\PUMP.MAX
Sun May 07 01:30:01 Saved as file D:\GITHUB\WORKING\RAU_MAM\ORCAD\PUMP.MAX
Sun May 07 01:30:06 Saved as file D:\GITHUB\WORKING\RAU_MAM\ORCAD\PUMP.MAX
Sun May 07 01:34:15 Saved as file BACKUP1.MAX
Sun May 07 01:44:16 Saved as file BACKUP1.MAX
Sun May 07 01:51:53 Saved as file D:\GITHUB\WORKING\RAU_MAM\ORCAD\PUMP.MAX
Sun May 07 01:52:56 Saved as file D:\GITHUB\WORKING\RAU_MAM\ORCAD\PUMP.MAX
