Wed May 18 03:58:27 Saved as file D:\DANH\ROBOT\ORCAD PROJECTS\COMERCIAL PROJECTS\COM_PRJ44\COM_PRJ44.MAX
Wed May 18 03:58:27 Saved as file BACKUP1.MAX
Wed May 18 03:58:27 Saved as file D:\DANH\ROBOT\ORCAD PROJECTS\COMERCIAL PROJECTS\COM_PRJ44\COM_PRJ44.MAX
Wed May 18 03:58:27 UserDiv from Layout.INI for AutoECO: 60
Wed May 18 03:58:27 Loaded file D:\DANH\ROBOT\ORCAD PROJECTS\COMERCIAL PROJECTS\COM_PRJ44\COM_PRJ44.MAX
Wed May 18 03:58:27 Loaded file D:\DANH\ROBOT\ORCAD LIBS\THUVIENORCAD\THUVIENORCAD\THUVIEN1\TIEN.LLB
Wed May 18 03:58:27 Loaded file D:\DANH\ROBOT\ORCAD LIBS\THUVIENORCAD\THUVIENORCAD\THUVIEN\LAYOUTMT.LLB
Wed May 18 03:58:28 Loaded file D:\DANH\ROBOT\ORCAD LIBS\THUVIENORCAD\THUVIENORCAD\LIBRARY ORCAD\THU VIEN ORCAD FULL\THU VIEN LAYOUT BETA 3.LLB
Wed May 18 03:58:28 Loaded file D:\DANH\ROBOT\ORCAD LIBS\THUVIENORCAD\THUVIENORCAD\LIBRARY ORCAD\THU VIEN ORCAD FULL\THU VIEN.LLB
Wed May 18 03:58:28 Loaded file D:\DANH\ROBOT\ORCAD LIBS\THUVIENORCAD\THUVIENORCAD\LIBRARY\BCON100T.LLB
Wed May 18 03:58:28 Loaded file D:\DANH\ROBOT\ORCAD LIBS\THUVIENORCAD\THUVIENORCAD\LIBRARY\BCON156T.LLB
Wed May 18 03:58:28 Loaded file D:\DANH\ROBOT\ORCAD LIBS\THUVIENORCAD\THUVIENORCAD\LIBRARY\BGA.LLB
Wed May 18 03:58:28 Loaded file D:\DANH\ROBOT\ORCAD LIBS\THUVIENORCAD\THUVIENORCAD\LIBRARY\CLCC.LLB
Wed May 18 03:58:28 Loaded file D:\DANH\ROBOT\ORCAD LIBS\THUVIENORCAD\THUVIENORCAD\LIBRARY\DCON050T.LLB
Wed May 18 03:58:28 Loaded file D:\DANH\ROBOT\ORCAD LIBS\THUVIENORCAD\THUVIENORCAD\LIBRARY\DCON085T.LLB
Wed May 18 03:58:28 Loaded file D:\DANH\ROBOT\ORCAD LIBS\THUVIENORCAD\THUVIENORCAD\LIBRARY\DIMM050F.LLB
Wed May 18 03:58:28 Loaded file D:\DANH\ROBOT\ORCAD LIBS\THUVIENORCAD\THUVIENORCAD\LIBRARY\DIMM050T.LLB
Wed May 18 03:58:28 Loaded file D:\DANH\ROBOT\ORCAD LIBS\THUVIENORCAD\THUVIENORCAD\LIBRARY\DIN.LLB
Wed May 18 03:58:28 Loaded file D:\DANH\ROBOT\ORCAD LIBS\THUVIENORCAD\THUVIENORCAD\LIBRARY\DIP100B.LLB
Wed May 18 03:58:28 Loaded file D:\DANH\ROBOT\ORCAD LIBS\THUVIENORCAD\THUVIENORCAD\LIBRARY\DIP100T.LLB
Wed May 18 03:58:28 Loaded file D:\DANH\ROBOT\ORCAD LIBS\THUVIENORCAD\THUVIENORCAD\LIBRARY\DSUBT.LLB
Wed May 18 03:58:28 Loaded file D:\DANH\ROBOT\ORCAD LIBS\THUVIENORCAD\THUVIENORCAD\LIBRARY\DSUBT_HD.LLB
Wed May 18 03:58:28 Loaded file D:\DANH\ROBOT\ORCAD LIBS\THUVIENORCAD\THUVIENORCAD\LIBRARY\ECON100T.LLB
Wed May 18 03:58:28 Loaded file D:\DANH\ROBOT\ORCAD LIBS\THUVIENORCAD\THUVIENORCAD\LIBRARY\EMPTY.LLB
Wed May 18 03:58:28 Loaded file D:\DANH\ROBOT\ORCAD LIBS\THUVIENORCAD\THUVIENORCAD\LIBRARY\EX_GUI.LLB
Wed May 18 03:58:28 Loaded file D:\DANH\ROBOT\ORCAD LIBS\THUVIENORCAD\THUVIENORCAD\LIBRARY\FBUS.LLB
Wed May 18 03:58:28 Loaded file D:\DANH\ROBOT\ORCAD LIBS\THUVIENORCAD\THUVIENORCAD\LIBRARY\ISA.LLB
Wed May 18 03:58:28 Loaded file D:\DANH\ROBOT\ORCAD LIBS\THUVIENORCAD\THUVIENORCAD\LIBRARY\JUMPER.LLB
Wed May 18 03:58:28 Loaded file D:\DANH\ROBOT\ORCAD LIBS\THUVIENORCAD\THUVIENORCAD\LIBRARY\LAYOUT.LLB
Wed May 18 03:58:28 Loaded file D:\DANH\ROBOT\ORCAD LIBS\THUVIENORCAD\THUVIENORCAD\LIBRARY\LCON100T.LLB
Wed May 18 03:58:28 Loaded file D:\DANH\ROBOT\ORCAD LIBS\THUVIENORCAD\THUVIENORCAD\LIBRARY\LINH KIEN.LLB
Wed May 18 03:58:28 Loaded file D:\DANH\ROBOT\ORCAD LIBS\THUVIENORCAD\THUVIENORCAD\LIBRARY\METRIC.LLB
Wed May 18 03:58:28 Loaded file D:\DANH\ROBOT\ORCAD LIBS\THUVIENORCAD\THUVIENORCAD\LIBRARY\PADSTACK.LLB
Wed May 18 03:58:28 Loaded file D:\DANH\ROBOT\ORCAD LIBS\THUVIENORCAD\THUVIENORCAD\LIBRARY\PC104.LLB
Wed May 18 03:58:28 Loaded file D:\DANH\ROBOT\ORCAD LIBS\THUVIENORCAD\THUVIENORCAD\LIBRARY\PCI.LLB
Wed May 18 03:58:28 Loaded file D:\DANH\ROBOT\ORCAD LIBS\THUVIENORCAD\THUVIENORCAD\LIBRARY\PCON100T.LLB
Wed May 18 03:58:28 Loaded file D:\DANH\ROBOT\ORCAD LIBS\THUVIENORCAD\THUVIENORCAD\LIBRARY\PCON156T.LLB
Wed May 18 03:58:28 Loaded file D:\DANH\ROBOT\ORCAD LIBS\THUVIENORCAD\THUVIENORCAD\LIBRARY\PGA.LLB
Wed May 18 03:58:28 Loaded file D:\DANH\ROBOT\ORCAD LIBS\THUVIENORCAD\THUVIENORCAD\LIBRARY\PLCC.LLB
Wed May 18 03:58:28 Loaded file D:\DANH\ROBOT\ORCAD LIBS\THUVIENORCAD\THUVIENORCAD\LIBRARY\QUAD.LLB
Wed May 18 03:58:28 Loaded file D:\DANH\ROBOT\ORCAD LIBS\THUVIENORCAD\THUVIENORCAD\LIBRARY\QUADB.LLB
Wed May 18 03:58:28 Loaded file D:\DANH\ROBOT\ORCAD LIBS\THUVIENORCAD\THUVIENORCAD\LIBRARY\RELAY.LLB
Wed May 18 03:58:28 Loaded file D:\DANH\ROBOT\ORCAD LIBS\THUVIENORCAD\THUVIENORCAD\LIBRARY\RF.LLB
Wed May 18 03:58:28 Loaded file D:\DANH\ROBOT\ORCAD LIBS\THUVIENORCAD\THUVIENORCAD\LIBRARY\SBUS.LLB
Wed May 18 03:58:28 Loaded file D:\DANH\ROBOT\ORCAD LIBS\THUVIENORCAD\THUVIENORCAD\LIBRARY\SIMM050F.LLB
Wed May 18 03:58:28 Loaded file D:\DANH\ROBOT\ORCAD LIBS\THUVIENORCAD\THUVIENORCAD\LIBRARY\SIMM050T.LLB
Wed May 18 03:58:28 Loaded file D:\DANH\ROBOT\ORCAD LIBS\THUVIENORCAD\THUVIENORCAD\LIBRARY\SIMM100F.LLB
Wed May 18 03:58:28 Loaded file D:\DANH\ROBOT\ORCAD LIBS\THUVIENORCAD\THUVIENORCAD\LIBRARY\SIMM100T.LLB
Wed May 18 03:58:28 Loaded file D:\DANH\ROBOT\ORCAD LIBS\THUVIENORCAD\THUVIENORCAD\LIBRARY\SIP.LLB
Wed May 18 03:58:28 Loaded file D:\DANH\ROBOT\ORCAD LIBS\THUVIENORCAD\THUVIENORCAD\LIBRARY\SM.LLB
Wed May 18 03:58:28 Loaded file D:\DANH\ROBOT\ORCAD LIBS\THUVIENORCAD\THUVIENORCAD\LIBRARY\SOG.LLB
Wed May 18 03:58:28 Loaded file D:\DANH\ROBOT\ORCAD LIBS\THUVIENORCAD\THUVIENORCAD\LIBRARY\SOJ.LLB
Wed May 18 03:58:28 Loaded file D:\DANH\ROBOT\ORCAD LIBS\THUVIENORCAD\THUVIENORCAD\LIBRARY\STIFF.LLB
Wed May 18 03:58:28 Loaded file D:\DANH\ROBOT\ORCAD LIBS\THUVIENORCAD\THUVIENORCAD\LIBRARY\TELE.LLB
Wed May 18 03:58:28 Loaded file D:\DANH\ROBOT\ORCAD LIBS\THUVIENORCAD\THUVIENORCAD\LIBRARY\TM_AXIAL.LLB
Wed May 18 03:58:28 Loaded file D:\DANH\ROBOT\ORCAD LIBS\THUVIENORCAD\THUVIENORCAD\LIBRARY\TM_CAP_P.LLB
Wed May 18 03:58:28 Loaded file D:\DANH\ROBOT\ORCAD LIBS\THUVIENORCAD\THUVIENORCAD\LIBRARY\TM_CYLND.LLB
Wed May 18 03:58:28 Loaded file D:\DANH\ROBOT\ORCAD LIBS\THUVIENORCAD\THUVIENORCAD\LIBRARY\TM_DIODE.LLB
Wed May 18 03:58:28 Loaded file D:\DANH\ROBOT\ORCAD LIBS\THUVIENORCAD\THUVIENORCAD\LIBRARY\TM_DISC.LLB
Wed May 18 03:58:28 Loaded file D:\DANH\ROBOT\ORCAD LIBS\THUVIENORCAD\THUVIENORCAD\LIBRARY\TM_RAD.LLB
Wed May 18 03:58:28 Loaded file D:\DANH\ROBOT\ORCAD LIBS\THUVIENORCAD\THUVIENORCAD\LIBRARY\TO.LLB
Wed May 18 03:58:28 Loaded file D:\DANH\ROBOT\ORCAD LIBS\THUVIENORCAD\THUVIENORCAD\LIBRARY\TRAINING.LLB
Wed May 18 03:58:28 Loaded file D:\DANH\ROBOT\ORCAD LIBS\THUVIENORCAD\THUVIENORCAD\LIBRARY\VRES.LLB
Wed May 18 03:58:28 Loaded file D:\DANH\ROBOT\ORCAD LIBS\THUVIENORCAD\THUVIENORCAD\LIBRARY\WCON100T.LLB
Wed May 18 03:58:28 Loaded file D:\DANH\ROBOT\ORCAD LIBS\THUVIENORCAD\THUVIENORCAD\LIBRARY\XT.LLB
Wed May 18 03:58:28 Loaded file D:\DANH\ROBOT\ORCAD LIBS\THUVIENORCAD\THUVIENORCAD\LIBRARY\ZIGZAG.LLB
Wed May 18 03:58:28 Loaded file D:\DANH\ROBOT\ORCAD LIBS\THUVIENORCAD\THUVIENORCAD\HOA DOAN\HOADOAN.LLB
Wed May 18 03:58:28 Loaded file D:\DANH\ROBOT\ORCAD LIBS\THUVIENORCAD\THUVIENORCAD\THU VIEN\THU VIEN.LLB
Wed May 18 03:58:28 Loaded file D:\DANH\ROBOT\ORCAD LIBS\THU VIEN\THU VIEN.LLB
Wed May 18 03:58:28 Loaded file D:\DANH\ROBOT\ORCAD LIBS\ORCAD LAYOUT\T2L LAYOUT.LLB
Wed May 18 03:58:28 Loaded file D:\DANH\ROBOT\ORCAD LIBS\DANHLIB.LLB
Wed May 18 03:58:28 Loaded file D:\DANH\ROBOT\ORCAD LIBS\THUVIENORCAD\THUVIENORCAD\LIBRARY ORCAD\THU VIEN ORCAD FULL\THU VIEN.LLB
Wed May 18 03:58:28 Loaded file D:\DANH\ROBOT\ORCAD LIBS\THUVIENORCAD\THUVIENORCAD\HOA DOAN\HOADOAN.LLB
Wed May 18 03:58:28 Loaded file D:\DANH\ROBOT\ORCAD LIBS\THUVIENORCAD\THUVIENORCAD\THUVIEN1\TIEN.LLB
Wed May 18 03:58:28 Saved as file D:\DANH\ROBOT\ORCAD PROJECTS\COMERCIAL PROJECTS\COM_PRJ44\COM_PRJ44.MAX
Wed May 18 03:58:28 Loaded file D:\DANH\ROBOT\ORCAD PROJECTS\COMERCIAL PROJECTS\COM_PRJ44\COM_PRJ44.MAX
Wed May 18 04:00:08 Loaded file C:\Program Files\Orcad\Layout_Plus\data\template.imp
Wed May 18 04:00:08 Loaded file C:\Program Files\Orcad\Layout_Plus\data\template.imp
Wed May 18 04:00:09 Loaded file C:\Program Files\Orcad\Layout_Plus\data\template.imp
Wed May 18 04:00:09 Loaded file C:\Program Files\Orcad\Layout_Plus\data\template.imp
Wed May 18 04:00:12 Loaded file D:\DANH\ROBOT\ORCAD LIBS\DANHLIB.LLB
Wed May 18 04:00:17 Loaded file C:\Program Files\Orcad\Layout_Plus\data\template.imp
Wed May 18 04:00:18 Loaded file C:\Program Files\Orcad\Layout_Plus\data\template.imp
Wed May 18 04:00:41 Loaded file C:\Program Files\Orcad\Layout_Plus\data\template.imp
Wed May 18 04:00:41 Loaded file C:\Program Files\Orcad\Layout_Plus\data\template.imp
Wed May 18 04:00:41 Loaded file C:\Program Files\Orcad\Layout_Plus\data\template.imp
Wed May 18 04:00:41 Loaded file C:\Program Files\Orcad\Layout_Plus\data\template.imp
Wed May 18 04:00:45 Loaded file D:\DANH\ROBOT\ORCAD LIBS\DANHLIB.LLB
Wed May 18 04:00:49 Loaded file C:\Program Files\Orcad\Layout_Plus\data\template.imp
Wed May 18 04:04:38 Saved as file BACKUP1.MAX
Wed May 18 04:04:38 Saved as file D:\DANH\ROBOT\ORCAD PROJECTS\COMERCIAL PROJECTS\COM_PRJ44\COM_PRJ44.MAX
Wed May 18 04:04:38 UserDiv from Layout.INI for AutoECO: 60
Wed May 18 04:04:38 Loaded file D:\DANH\ROBOT\ORCAD PROJECTS\COMERCIAL PROJECTS\COM_PRJ44\COM_PRJ44.MAX
Wed May 18 04:04:38 Loaded file D:\DANH\ROBOT\ORCAD LIBS\THUVIENORCAD\THUVIENORCAD\THUVIEN1\TIEN.LLB
Wed May 18 04:04:38 Loaded file D:\DANH\ROBOT\ORCAD LIBS\THUVIENORCAD\THUVIENORCAD\THUVIEN\LAYOUTMT.LLB
Wed May 18 04:04:38 Loaded file D:\DANH\ROBOT\ORCAD LIBS\THUVIENORCAD\THUVIENORCAD\LIBRARY ORCAD\THU VIEN ORCAD FULL\THU VIEN LAYOUT BETA 3.LLB
Wed May 18 04:04:38 Loaded file D:\DANH\ROBOT\ORCAD LIBS\THUVIENORCAD\THUVIENORCAD\LIBRARY ORCAD\THU VIEN ORCAD FULL\THU VIEN.LLB
Wed May 18 04:04:38 Loaded file D:\DANH\ROBOT\ORCAD LIBS\THUVIENORCAD\THUVIENORCAD\LIBRARY\BCON100T.LLB
Wed May 18 04:04:38 Loaded file D:\DANH\ROBOT\ORCAD LIBS\THUVIENORCAD\THUVIENORCAD\LIBRARY\BCON156T.LLB
Wed May 18 04:04:38 Loaded file D:\DANH\ROBOT\ORCAD LIBS\THUVIENORCAD\THUVIENORCAD\LIBRARY\BGA.LLB
Wed May 18 04:04:38 Loaded file D:\DANH\ROBOT\ORCAD LIBS\THUVIENORCAD\THUVIENORCAD\LIBRARY\CLCC.LLB
Wed May 18 04:04:38 Loaded file D:\DANH\ROBOT\ORCAD LIBS\THUVIENORCAD\THUVIENORCAD\LIBRARY\DCON050T.LLB
Wed May 18 04:04:38 Loaded file D:\DANH\ROBOT\ORCAD LIBS\THUVIENORCAD\THUVIENORCAD\LIBRARY\DCON085T.LLB
Wed May 18 04:04:38 Loaded file D:\DANH\ROBOT\ORCAD LIBS\THUVIENORCAD\THUVIENORCAD\LIBRARY\DIMM050F.LLB
Wed May 18 04:04:38 Loaded file D:\DANH\ROBOT\ORCAD LIBS\THUVIENORCAD\THUVIENORCAD\LIBRARY\DIMM050T.LLB
Wed May 18 04:04:38 Loaded file D:\DANH\ROBOT\ORCAD LIBS\THUVIENORCAD\THUVIENORCAD\LIBRARY\DIN.LLB
Wed May 18 04:04:38 Loaded file D:\DANH\ROBOT\ORCAD LIBS\THUVIENORCAD\THUVIENORCAD\LIBRARY\DIP100B.LLB
Wed May 18 04:04:38 Loaded file D:\DANH\ROBOT\ORCAD LIBS\THUVIENORCAD\THUVIENORCAD\LIBRARY\DIP100T.LLB
Wed May 18 04:04:38 Loaded file D:\DANH\ROBOT\ORCAD LIBS\THUVIENORCAD\THUVIENORCAD\LIBRARY\DSUBT.LLB
Wed May 18 04:04:38 Loaded file D:\DANH\ROBOT\ORCAD LIBS\THUVIENORCAD\THUVIENORCAD\LIBRARY\DSUBT_HD.LLB
Wed May 18 04:04:38 Loaded file D:\DANH\ROBOT\ORCAD LIBS\THUVIENORCAD\THUVIENORCAD\LIBRARY\ECON100T.LLB
Wed May 18 04:04:38 Loaded file D:\DANH\ROBOT\ORCAD LIBS\THUVIENORCAD\THUVIENORCAD\LIBRARY\EMPTY.LLB
Wed May 18 04:04:38 Loaded file D:\DANH\ROBOT\ORCAD LIBS\THUVIENORCAD\THUVIENORCAD\LIBRARY\EX_GUI.LLB
Wed May 18 04:04:38 Loaded file D:\DANH\ROBOT\ORCAD LIBS\THUVIENORCAD\THUVIENORCAD\LIBRARY\FBUS.LLB
Wed May 18 04:04:38 Loaded file D:\DANH\ROBOT\ORCAD LIBS\THUVIENORCAD\THUVIENORCAD\LIBRARY\ISA.LLB
Wed May 18 04:04:38 Loaded file D:\DANH\ROBOT\ORCAD LIBS\THUVIENORCAD\THUVIENORCAD\LIBRARY\JUMPER.LLB
Wed May 18 04:04:38 Loaded file D:\DANH\ROBOT\ORCAD LIBS\THUVIENORCAD\THUVIENORCAD\LIBRARY\LAYOUT.LLB
Wed May 18 04:04:38 Loaded file D:\DANH\ROBOT\ORCAD LIBS\THUVIENORCAD\THUVIENORCAD\LIBRARY\LCON100T.LLB
Wed May 18 04:04:38 Loaded file D:\DANH\ROBOT\ORCAD LIBS\THUVIENORCAD\THUVIENORCAD\LIBRARY\LINH KIEN.LLB
Wed May 18 04:04:38 Loaded file D:\DANH\ROBOT\ORCAD LIBS\THUVIENORCAD\THUVIENORCAD\LIBRARY\METRIC.LLB
Wed May 18 04:04:38 Loaded file D:\DANH\ROBOT\ORCAD LIBS\THUVIENORCAD\THUVIENORCAD\LIBRARY\PADSTACK.LLB
Wed May 18 04:04:38 Loaded file D:\DANH\ROBOT\ORCAD LIBS\THUVIENORCAD\THUVIENORCAD\LIBRARY\PC104.LLB
Wed May 18 04:04:38 Loaded file D:\DANH\ROBOT\ORCAD LIBS\THUVIENORCAD\THUVIENORCAD\LIBRARY\PCI.LLB
Wed May 18 04:04:38 Loaded file D:\DANH\ROBOT\ORCAD LIBS\THUVIENORCAD\THUVIENORCAD\LIBRARY\PCON100T.LLB
Wed May 18 04:04:38 Loaded file D:\DANH\ROBOT\ORCAD LIBS\THUVIENORCAD\THUVIENORCAD\LIBRARY\PCON156T.LLB
Wed May 18 04:04:38 Loaded file D:\DANH\ROBOT\ORCAD LIBS\THUVIENORCAD\THUVIENORCAD\LIBRARY\PGA.LLB
Wed May 18 04:04:38 Loaded file D:\DANH\ROBOT\ORCAD LIBS\THUVIENORCAD\THUVIENORCAD\LIBRARY\PLCC.LLB
Wed May 18 04:04:38 Loaded file D:\DANH\ROBOT\ORCAD LIBS\THUVIENORCAD\THUVIENORCAD\LIBRARY\QUAD.LLB
Wed May 18 04:04:39 Loaded file D:\DANH\ROBOT\ORCAD LIBS\THUVIENORCAD\THUVIENORCAD\LIBRARY\QUADB.LLB
Wed May 18 04:04:39 Loaded file D:\DANH\ROBOT\ORCAD LIBS\THUVIENORCAD\THUVIENORCAD\LIBRARY\RELAY.LLB
Wed May 18 04:04:39 Loaded file D:\DANH\ROBOT\ORCAD LIBS\THUVIENORCAD\THUVIENORCAD\LIBRARY\RF.LLB
Wed May 18 04:04:39 Loaded file D:\DANH\ROBOT\ORCAD LIBS\THUVIENORCAD\THUVIENORCAD\LIBRARY\SBUS.LLB
Wed May 18 04:04:39 Loaded file D:\DANH\ROBOT\ORCAD LIBS\THUVIENORCAD\THUVIENORCAD\LIBRARY\SIMM050F.LLB
Wed May 18 04:04:39 Loaded file D:\DANH\ROBOT\ORCAD LIBS\THUVIENORCAD\THUVIENORCAD\LIBRARY\SIMM050T.LLB
Wed May 18 04:04:39 Loaded file D:\DANH\ROBOT\ORCAD LIBS\THUVIENORCAD\THUVIENORCAD\LIBRARY\SIMM100F.LLB
Wed May 18 04:04:39 Loaded file D:\DANH\ROBOT\ORCAD LIBS\THUVIENORCAD\THUVIENORCAD\LIBRARY\SIMM100T.LLB
Wed May 18 04:04:39 Loaded file D:\DANH\ROBOT\ORCAD LIBS\THUVIENORCAD\THUVIENORCAD\LIBRARY\SIP.LLB
Wed May 18 04:04:39 Loaded file D:\DANH\ROBOT\ORCAD LIBS\THUVIENORCAD\THUVIENORCAD\LIBRARY\SM.LLB
Wed May 18 04:04:39 Loaded file D:\DANH\ROBOT\ORCAD LIBS\THUVIENORCAD\THUVIENORCAD\LIBRARY\SOG.LLB
Wed May 18 04:04:39 Loaded file D:\DANH\ROBOT\ORCAD LIBS\THUVIENORCAD\THUVIENORCAD\LIBRARY\SOJ.LLB
Wed May 18 04:04:39 Loaded file D:\DANH\ROBOT\ORCAD LIBS\THUVIENORCAD\THUVIENORCAD\LIBRARY\STIFF.LLB
Wed May 18 04:04:39 Loaded file D:\DANH\ROBOT\ORCAD LIBS\THUVIENORCAD\THUVIENORCAD\LIBRARY\TELE.LLB
Wed May 18 04:04:39 Loaded file D:\DANH\ROBOT\ORCAD LIBS\THUVIENORCAD\THUVIENORCAD\LIBRARY\TM_AXIAL.LLB
Wed May 18 04:04:39 Loaded file D:\DANH\ROBOT\ORCAD LIBS\THUVIENORCAD\THUVIENORCAD\LIBRARY\TM_CAP_P.LLB
Wed May 18 04:04:39 Loaded file D:\DANH\ROBOT\ORCAD LIBS\THUVIENORCAD\THUVIENORCAD\LIBRARY\TM_CYLND.LLB
Wed May 18 04:04:39 Loaded file D:\DANH\ROBOT\ORCAD LIBS\THUVIENORCAD\THUVIENORCAD\LIBRARY\TM_DIODE.LLB
Wed May 18 04:04:39 Loaded file D:\DANH\ROBOT\ORCAD LIBS\THUVIENORCAD\THUVIENORCAD\LIBRARY\TM_DISC.LLB
Wed May 18 04:04:39 Loaded file D:\DANH\ROBOT\ORCAD LIBS\THUVIENORCAD\THUVIENORCAD\LIBRARY\TM_RAD.LLB
Wed May 18 04:04:39 Loaded file D:\DANH\ROBOT\ORCAD LIBS\THUVIENORCAD\THUVIENORCAD\LIBRARY\TO.LLB
Wed May 18 04:04:39 Loaded file D:\DANH\ROBOT\ORCAD LIBS\THUVIENORCAD\THUVIENORCAD\LIBRARY\TRAINING.LLB
Wed May 18 04:04:39 Loaded file D:\DANH\ROBOT\ORCAD LIBS\THUVIENORCAD\THUVIENORCAD\LIBRARY\VRES.LLB
Wed May 18 04:04:39 Loaded file D:\DANH\ROBOT\ORCAD LIBS\THUVIENORCAD\THUVIENORCAD\LIBRARY\WCON100T.LLB
Wed May 18 04:04:39 Loaded file D:\DANH\ROBOT\ORCAD LIBS\THUVIENORCAD\THUVIENORCAD\LIBRARY\XT.LLB
Wed May 18 04:04:39 Loaded file D:\DANH\ROBOT\ORCAD LIBS\THUVIENORCAD\THUVIENORCAD\LIBRARY\ZIGZAG.LLB
Wed May 18 04:04:39 Loaded file D:\DANH\ROBOT\ORCAD LIBS\THUVIENORCAD\THUVIENORCAD\HOA DOAN\HOADOAN.LLB
Wed May 18 04:04:39 Loaded file D:\DANH\ROBOT\ORCAD LIBS\THUVIENORCAD\THUVIENORCAD\THU VIEN\THU VIEN.LLB
Wed May 18 04:04:39 Loaded file D:\DANH\ROBOT\ORCAD LIBS\THU VIEN\THU VIEN.LLB
Wed May 18 04:04:39 Loaded file D:\DANH\ROBOT\ORCAD LIBS\ORCAD LAYOUT\T2L LAYOUT.LLB
Wed May 18 04:04:39 Loaded file D:\DANH\ROBOT\ORCAD LIBS\DANHLIB.LLB
Wed May 18 04:04:39 Saved as file D:\DANH\ROBOT\ORCAD PROJECTS\COMERCIAL PROJECTS\COM_PRJ44\COM_PRJ44.MAX
Wed May 18 04:04:39 Loaded file D:\DANH\ROBOT\ORCAD PROJECTS\COMERCIAL PROJECTS\COM_PRJ44\COM_PRJ44.MAX
Wed May 18 04:04:48 Saved as file D:\DANH\ROBOT\ORCAD PROJECTS\COMERCIAL PROJECTS\COM_PRJ44\COM_PRJ44.MAX
Wed May 18 04:08:48 Saved as file D:\DANH\ROBOT\ORCAD PROJECTS\COMERCIAL PROJECTS\COM_PRJ44\COM_PRJ44.MAX
Wed May 18 04:10:41 Saved as file BACKUP1.MAX
Wed May 18 04:18:39 Saved as file BACKUP1.MAX
Wed May 18 04:18:39 Saved as file D:\DANH\ROBOT\ORCAD PROJECTS\COMERCIAL PROJECTS\COM_PRJ44\COM_PRJ44.MAX
Wed May 18 04:18:39 UserDiv from Layout.INI for AutoECO: 60
Wed May 18 04:18:39 Loaded file D:\DANH\ROBOT\ORCAD PROJECTS\COMERCIAL PROJECTS\COM_PRJ44\COM_PRJ44.MAX
Wed May 18 04:18:39 Loaded file D:\DANH\ROBOT\ORCAD LIBS\THUVIENORCAD\THUVIENORCAD\THUVIEN1\TIEN.LLB
Wed May 18 04:18:39 Loaded file D:\DANH\ROBOT\ORCAD LIBS\THUVIENORCAD\THUVIENORCAD\THUVIEN\LAYOUTMT.LLB
Wed May 18 04:18:39 Loaded file D:\DANH\ROBOT\ORCAD LIBS\THUVIENORCAD\THUVIENORCAD\LIBRARY ORCAD\THU VIEN ORCAD FULL\THU VIEN LAYOUT BETA 3.LLB
Wed May 18 04:18:39 Loaded file D:\DANH\ROBOT\ORCAD LIBS\THUVIENORCAD\THUVIENORCAD\LIBRARY ORCAD\THU VIEN ORCAD FULL\THU VIEN.LLB
Wed May 18 04:18:39 Loaded file D:\DANH\ROBOT\ORCAD LIBS\THUVIENORCAD\THUVIENORCAD\LIBRARY\BCON100T.LLB
Wed May 18 04:18:39 Loaded file D:\DANH\ROBOT\ORCAD LIBS\THUVIENORCAD\THUVIENORCAD\LIBRARY\BCON156T.LLB
Wed May 18 04:18:39 Loaded file D:\DANH\ROBOT\ORCAD LIBS\THUVIENORCAD\THUVIENORCAD\LIBRARY\BGA.LLB
Wed May 18 04:18:39 Loaded file D:\DANH\ROBOT\ORCAD LIBS\THUVIENORCAD\THUVIENORCAD\LIBRARY\CLCC.LLB
Wed May 18 04:18:39 Loaded file D:\DANH\ROBOT\ORCAD LIBS\THUVIENORCAD\THUVIENORCAD\LIBRARY\DCON050T.LLB
Wed May 18 04:18:39 Loaded file D:\DANH\ROBOT\ORCAD LIBS\THUVIENORCAD\THUVIENORCAD\LIBRARY\DCON085T.LLB
Wed May 18 04:18:39 Loaded file D:\DANH\ROBOT\ORCAD LIBS\THUVIENORCAD\THUVIENORCAD\LIBRARY\DIMM050F.LLB
Wed May 18 04:18:39 Loaded file D:\DANH\ROBOT\ORCAD LIBS\THUVIENORCAD\THUVIENORCAD\LIBRARY\DIMM050T.LLB
Wed May 18 04:18:39 Loaded file D:\DANH\ROBOT\ORCAD LIBS\THUVIENORCAD\THUVIENORCAD\LIBRARY\DIN.LLB
Wed May 18 04:18:39 Loaded file D:\DANH\ROBOT\ORCAD LIBS\THUVIENORCAD\THUVIENORCAD\LIBRARY\DIP100B.LLB
Wed May 18 04:18:39 Loaded file D:\DANH\ROBOT\ORCAD LIBS\THUVIENORCAD\THUVIENORCAD\LIBRARY\DIP100T.LLB
Wed May 18 04:18:39 Loaded file D:\DANH\ROBOT\ORCAD LIBS\THUVIENORCAD\THUVIENORCAD\LIBRARY\DSUBT.LLB
Wed May 18 04:18:39 Loaded file D:\DANH\ROBOT\ORCAD LIBS\THUVIENORCAD\THUVIENORCAD\LIBRARY\DSUBT_HD.LLB
Wed May 18 04:18:39 Loaded file D:\DANH\ROBOT\ORCAD LIBS\THUVIENORCAD\THUVIENORCAD\LIBRARY\ECON100T.LLB
Wed May 18 04:18:39 Loaded file D:\DANH\ROBOT\ORCAD LIBS\THUVIENORCAD\THUVIENORCAD\LIBRARY\EMPTY.LLB
Wed May 18 04:18:39 Loaded file D:\DANH\ROBOT\ORCAD LIBS\THUVIENORCAD\THUVIENORCAD\LIBRARY\EX_GUI.LLB
Wed May 18 04:18:39 Loaded file D:\DANH\ROBOT\ORCAD LIBS\THUVIENORCAD\THUVIENORCAD\LIBRARY\FBUS.LLB
Wed May 18 04:18:39 Loaded file D:\DANH\ROBOT\ORCAD LIBS\THUVIENORCAD\THUVIENORCAD\LIBRARY\ISA.LLB
Wed May 18 04:18:39 Loaded file D:\DANH\ROBOT\ORCAD LIBS\THUVIENORCAD\THUVIENORCAD\LIBRARY\JUMPER.LLB
Wed May 18 04:18:39 Loaded file D:\DANH\ROBOT\ORCAD LIBS\THUVIENORCAD\THUVIENORCAD\LIBRARY\LAYOUT.LLB
Wed May 18 04:18:39 Loaded file D:\DANH\ROBOT\ORCAD LIBS\THUVIENORCAD\THUVIENORCAD\LIBRARY\LCON100T.LLB
Wed May 18 04:18:39 Loaded file D:\DANH\ROBOT\ORCAD LIBS\THUVIENORCAD\THUVIENORCAD\LIBRARY\LINH KIEN.LLB
Wed May 18 04:18:39 Loaded file D:\DANH\ROBOT\ORCAD LIBS\THUVIENORCAD\THUVIENORCAD\LIBRARY\METRIC.LLB
Wed May 18 04:18:39 Loaded file D:\DANH\ROBOT\ORCAD LIBS\THUVIENORCAD\THUVIENORCAD\LIBRARY\PADSTACK.LLB
Wed May 18 04:18:39 Loaded file D:\DANH\ROBOT\ORCAD LIBS\THUVIENORCAD\THUVIENORCAD\LIBRARY\PC104.LLB
Wed May 18 04:18:39 Loaded file D:\DANH\ROBOT\ORCAD LIBS\THUVIENORCAD\THUVIENORCAD\LIBRARY\PCI.LLB
Wed May 18 04:18:39 Loaded file D:\DANH\ROBOT\ORCAD LIBS\THUVIENORCAD\THUVIENORCAD\LIBRARY\PCON100T.LLB
Wed May 18 04:18:39 Loaded file D:\DANH\ROBOT\ORCAD LIBS\THUVIENORCAD\THUVIENORCAD\LIBRARY\PCON156T.LLB
Wed May 18 04:18:39 Loaded file D:\DANH\ROBOT\ORCAD LIBS\THUVIENORCAD\THUVIENORCAD\LIBRARY\PGA.LLB
Wed May 18 04:18:39 Loaded file D:\DANH\ROBOT\ORCAD LIBS\THUVIENORCAD\THUVIENORCAD\LIBRARY\PLCC.LLB
Wed May 18 04:18:39 Loaded file D:\DANH\ROBOT\ORCAD LIBS\THUVIENORCAD\THUVIENORCAD\LIBRARY\QUAD.LLB
Wed May 18 04:18:39 Loaded file D:\DANH\ROBOT\ORCAD LIBS\THUVIENORCAD\THUVIENORCAD\LIBRARY\QUADB.LLB
Wed May 18 04:18:39 Loaded file D:\DANH\ROBOT\ORCAD LIBS\THUVIENORCAD\THUVIENORCAD\LIBRARY\RELAY.LLB
Wed May 18 04:18:39 Loaded file D:\DANH\ROBOT\ORCAD LIBS\THUVIENORCAD\THUVIENORCAD\LIBRARY\RF.LLB
Wed May 18 04:18:39 Loaded file D:\DANH\ROBOT\ORCAD LIBS\THUVIENORCAD\THUVIENORCAD\LIBRARY\SBUS.LLB
Wed May 18 04:18:39 Loaded file D:\DANH\ROBOT\ORCAD LIBS\THUVIENORCAD\THUVIENORCAD\LIBRARY\SIMM050F.LLB
Wed May 18 04:18:39 Loaded file D:\DANH\ROBOT\ORCAD LIBS\THUVIENORCAD\THUVIENORCAD\LIBRARY\SIMM050T.LLB
Wed May 18 04:18:39 Loaded file D:\DANH\ROBOT\ORCAD LIBS\THUVIENORCAD\THUVIENORCAD\LIBRARY\SIMM100F.LLB
Wed May 18 04:18:39 Loaded file D:\DANH\ROBOT\ORCAD LIBS\THUVIENORCAD\THUVIENORCAD\LIBRARY\SIMM100T.LLB
Wed May 18 04:18:39 Loaded file D:\DANH\ROBOT\ORCAD LIBS\THUVIENORCAD\THUVIENORCAD\LIBRARY\SIP.LLB
Wed May 18 04:18:39 Loaded file D:\DANH\ROBOT\ORCAD LIBS\THUVIENORCAD\THUVIENORCAD\LIBRARY\SM.LLB
Wed May 18 04:18:39 Loaded file D:\DANH\ROBOT\ORCAD LIBS\THUVIENORCAD\THUVIENORCAD\LIBRARY\SOG.LLB
Wed May 18 04:18:39 Loaded file D:\DANH\ROBOT\ORCAD LIBS\THUVIENORCAD\THUVIENORCAD\LIBRARY\SOJ.LLB
Wed May 18 04:18:40 Loaded file D:\DANH\ROBOT\ORCAD LIBS\THUVIENORCAD\THUVIENORCAD\LIBRARY\STIFF.LLB
Wed May 18 04:18:40 Loaded file D:\DANH\ROBOT\ORCAD LIBS\THUVIENORCAD\THUVIENORCAD\LIBRARY\TELE.LLB
Wed May 18 04:18:40 Loaded file D:\DANH\ROBOT\ORCAD LIBS\THUVIENORCAD\THUVIENORCAD\LIBRARY\TM_AXIAL.LLB
Wed May 18 04:18:40 Loaded file D:\DANH\ROBOT\ORCAD LIBS\THUVIENORCAD\THUVIENORCAD\LIBRARY\TM_CAP_P.LLB
Wed May 18 04:18:40 Loaded file D:\DANH\ROBOT\ORCAD LIBS\THUVIENORCAD\THUVIENORCAD\LIBRARY\TM_CYLND.LLB
Wed May 18 04:18:40 Loaded file D:\DANH\ROBOT\ORCAD LIBS\THUVIENORCAD\THUVIENORCAD\LIBRARY\TM_DIODE.LLB
Wed May 18 04:18:40 Loaded file D:\DANH\ROBOT\ORCAD LIBS\THUVIENORCAD\THUVIENORCAD\LIBRARY\TM_DISC.LLB
Wed May 18 04:18:40 Loaded file D:\DANH\ROBOT\ORCAD LIBS\THUVIENORCAD\THUVIENORCAD\LIBRARY\TM_RAD.LLB
Wed May 18 04:18:40 Loaded file D:\DANH\ROBOT\ORCAD LIBS\THUVIENORCAD\THUVIENORCAD\LIBRARY\TO.LLB
Wed May 18 04:18:40 Loaded file D:\DANH\ROBOT\ORCAD LIBS\THUVIENORCAD\THUVIENORCAD\LIBRARY\TRAINING.LLB
Wed May 18 04:18:40 Loaded file D:\DANH\ROBOT\ORCAD LIBS\THUVIENORCAD\THUVIENORCAD\LIBRARY\VRES.LLB
Wed May 18 04:18:40 Loaded file D:\DANH\ROBOT\ORCAD LIBS\THUVIENORCAD\THUVIENORCAD\LIBRARY\WCON100T.LLB
Wed May 18 04:18:40 Loaded file D:\DANH\ROBOT\ORCAD LIBS\THUVIENORCAD\THUVIENORCAD\LIBRARY\XT.LLB
Wed May 18 04:18:40 Loaded file D:\DANH\ROBOT\ORCAD LIBS\THUVIENORCAD\THUVIENORCAD\LIBRARY\ZIGZAG.LLB
Wed May 18 04:18:40 Loaded file D:\DANH\ROBOT\ORCAD LIBS\THUVIENORCAD\THUVIENORCAD\HOA DOAN\HOADOAN.LLB
Wed May 18 04:18:40 Loaded file D:\DANH\ROBOT\ORCAD LIBS\THUVIENORCAD\THUVIENORCAD\THU VIEN\THU VIEN.LLB
Wed May 18 04:18:40 Loaded file D:\DANH\ROBOT\ORCAD LIBS\THU VIEN\THU VIEN.LLB
Wed May 18 04:18:40 Loaded file D:\DANH\ROBOT\ORCAD LIBS\ORCAD LAYOUT\T2L LAYOUT.LLB
Wed May 18 04:18:40 Loaded file D:\DANH\ROBOT\ORCAD LIBS\DANHLIB.LLB
Wed May 18 04:18:40 Saved as file D:\DANH\ROBOT\ORCAD PROJECTS\COMERCIAL PROJECTS\COM_PRJ44\COM_PRJ44.MAX
Wed May 18 04:18:40 Loaded file D:\DANH\ROBOT\ORCAD PROJECTS\COMERCIAL PROJECTS\COM_PRJ44\COM_PRJ44.MAX
Wed May 18 04:21:11 Saved as file BACKUP1.MAX
Wed May 18 04:21:35 Removed unused footprint: LED
Wed May 18 04:21:35 Removed unused footprint: R
Wed May 18 04:21:35 Removed unused footprint: DEFAULT
Wed May 18 04:21:36 Removed unused padstack: 75R59
Wed May 18 04:21:36 Removed unused padstack: 73S53
Wed May 18 04:21:36 Removed unused padstack: TM_AXIAL.llb_pad2
Wed May 18 04:21:36 Removed unused padstack: T7
Wed May 18 04:21:36 Removed unused padstack: T2
Wed May 18 04:21:36 Removed unused padstack: T1
Wed May 18 04:21:41 Saved as file D:\DANH\ROBOT\ORCAD PROJECTS\COMERCIAL PROJECTS\COM_PRJ44\COM_PRJ44.MAX
Wed May 18 04:21:59 Saved as file D:\DANH\ROBOT\ORCAD PROJECTS\COMERCIAL PROJECTS\COM_PRJ44\COM_PRJ44.MAX
Wed May 18 04:22:33 Saved as file D:\DANH\ROBOT\ORCAD PROJECTS\COMERCIAL PROJECTS\COM_PRJ44\COM_PRJ44.MAX
Wed May 18 04:25:35 Saved as file D:\DANH\ROBOT\ORCAD PROJECTS\COMERCIAL PROJECTS\COM_PRJ44\COM_PRJ44.MAX
Wed May 18 04:25:53 Saved as file D:\DANH\ROBOT\ORCAD PROJECTS\COMERCIAL PROJECTS\COM_PRJ44\COM_PRJ44.MAX
Wed May 18 04:27:41 Saved as file D:\DANH\ROBOT\ORCAD PROJECTS\COMERCIAL PROJECTS\COM_PRJ44\COM_PRJ44.MAX
Wed May 18 04:28:07 Saved as file D:\DANH\ROBOT\ORCAD PROJECTS\COMERCIAL PROJECTS\COM_PRJ44\COM_PRJ44.MAX
Wed May 18 04:31:41 Saved as file BACKUP1.MAX
Wed May 18 04:41:51 Saved as file D:\DANH\ROBOT\ORCAD PROJECTS\COMERCIAL PROJECTS\COM_PRJ44\COM_PRJ44.MAX
Wed May 18 04:50:03 Saved as file D:\DANH\ROBOT\ORCAD PROJECTS\COMERCIAL PROJECTS\COM_PRJ44\COM_PRJ44.MAX
Wed May 18 04:52:46 Saved as file BACKUP1.MAX
Wed May 18 05:03:07 Saved as file D:\DANH\ROBOT\ORCAD PROJECTS\COMERCIAL PROJECTS\COM_PRJ44\COM_PRJ44.MAX
Wed May 18 05:03:46 Saved as file BACKUP1.MAX
Wed May 18 05:04:15 Loaded file C:\Program Files\Orcad\Layout_Plus\data\template.imp
Wed May 18 05:04:15 Loaded file C:\Program Files\Orcad\Layout_Plus\data\template.imp
Wed May 18 05:04:19 Loaded file D:\DANH\ROBOT\ORCAD LIBS\DANHLIB.LLB
Wed May 18 05:04:24 Loaded file C:\Program Files\Orcad\Layout_Plus\data\template.imp
Wed May 18 05:04:25 Loaded file C:\Program Files\Orcad\Layout_Plus\data\template.imp
Wed May 18 05:05:10 Loaded file D:\DANH\ROBOT\ORCAD LIBS\DANHLIB.LLB
Wed May 18 05:05:10 Saved as file D:\DANH\ROBOT\ORCAD LIBS\DANHLIB.LLB
Wed May 18 05:05:13 Loaded file C:\Program Files\Orcad\Layout_Plus\data\template.imp
Wed May 18 05:05:36 Loaded file D:\DANH\ROBOT\ORCAD LIBS\DANHLIB.LLB
Wed May 18 05:05:36 Saved as file D:\DANH\ROBOT\ORCAD LIBS\DANHLIB.LLB
Wed May 18 05:05:44 Loaded file D:\DANH\ROBOT\ORCAD LIBS\ORCAD LAYOUT\T2L LAYOUT.LLB
Wed May 18 05:05:44 Loaded file D:\DANH\ROBOT\ORCAD LIBS\DANHLIB.LLB
Wed May 18 05:05:49 Loaded file C:\Program Files\Orcad\Layout_Plus\data\template.imp
Wed May 18 05:06:02 Loaded file D:\DANH\ROBOT\ORCAD LIBS\DANHLIB.LLB
Wed May 18 05:06:02 Saved as file D:\DANH\ROBOT\ORCAD LIBS\DANHLIB.LLB
Wed May 18 05:06:05 Loaded file C:\Program Files\Orcad\Layout_Plus\data\template.imp
Wed May 18 05:06:06 Loaded file C:\Program Files\Orcad\Layout_Plus\data\template.imp
Wed May 18 05:06:10 Loaded file D:\DANH\ROBOT\ORCAD LIBS\DANHLIB.LLB
Wed May 18 05:06:10 Saved as file D:\DANH\ROBOT\ORCAD LIBS\DANHLIB.LLB
Wed May 18 05:06:10 Loaded file C:\Program Files\Orcad\Layout_Plus\data\template.imp
Wed May 18 05:06:13 Loaded file D:\DANH\ROBOT\ORCAD LIBS\ORCAD LAYOUT\T2L LAYOUT.LLB
Wed May 18 05:06:14 Loaded file D:\DANH\ROBOT\ORCAD LIBS\DANHLIB.LLB
Wed May 18 05:06:34 Loaded file C:\Program Files\Orcad\Layout_Plus\data\template.imp
Wed May 18 05:06:34 Loaded file C:\Program Files\Orcad\Layout_Plus\data\template.imp
Wed May 18 05:06:34 Loaded file C:\Program Files\Orcad\Layout_Plus\data\template.imp
Wed May 18 05:06:34 Loaded file C:\Program Files\Orcad\Layout_Plus\data\template.imp
Wed May 18 05:06:40 Loaded file D:\DANH\ROBOT\ORCAD LIBS\DANHLIB.LLB
Wed May 18 05:06:44 Loaded file C:\Program Files\Orcad\Layout_Plus\data\template.imp
Wed May 18 05:12:14 Removed unused footprint: R_1/4W_VER1
Wed May 18 05:14:16 Saved as file BACKUP1.MAX
Wed May 18 05:20:06 Saved as file D:\DANH\ROBOT\ORCAD PROJECTS\COMERCIAL PROJECTS\COM_PRJ44\COM_PRJ44.MAX
Wed May 18 05:24:12 Removed unused net: NET_14
Wed May 18 05:24:12 Removed unused net: N00725
Wed May 18 05:25:16 Saved as file BACKUP1.MAX
Wed May 18 05:35:46 Saved as file BACKUP1.MAX
Wed May 18 05:46:16 Saved as file BACKUP1.MAX
Wed May 18 05:48:10 Error code 0034.912 (266)
Wed May 18 05:48:10 Saved as file Backup0.max
Wed May 18 05:48:10 Windows which were open at time of error:
Wed May 18 05:48:10 	ActiveWindow: &Route
Wed May 18 05:48:10 	Icon: &Components
Wed May 18 05:48:10 	Icon: &Nets
Wed May 18 05:48:10 	Icon: Post Proces&s
Wed May 18 05:48:10 End-of-list
Wed May 18 05:48:10 Error code 0034.912 (266)
Wed May 18 05:56:36 Saved as file BACKUP1.MAX
Wed May 18 05:56:36 Saved as file D:\DANH\ROBOT\ORCAD PROJECTS\COMERCIAL PROJECTS\COM_PRJ44\COM_PRJ44.MAX
Wed May 18 05:56:36 UserDiv from Layout.INI for AutoECO: 60
Wed May 18 05:56:36 Loaded file D:\DANH\ROBOT\ORCAD PROJECTS\COMERCIAL PROJECTS\COM_PRJ44\COM_PRJ44.MAX
Wed May 18 05:56:36 Loaded file D:\DANH\ROBOT\ORCAD LIBS\THUVIENORCAD\THUVIENORCAD\THUVIEN1\TIEN.LLB
Wed May 18 05:56:36 Loaded file D:\DANH\ROBOT\ORCAD LIBS\THUVIENORCAD\THUVIENORCAD\THUVIEN\LAYOUTMT.LLB
Wed May 18 05:56:36 Loaded file D:\DANH\ROBOT\ORCAD LIBS\THUVIENORCAD\THUVIENORCAD\LIBRARY ORCAD\THU VIEN ORCAD FULL\THU VIEN LAYOUT BETA 3.LLB
Wed May 18 05:56:36 Loaded file D:\DANH\ROBOT\ORCAD LIBS\THUVIENORCAD\THUVIENORCAD\LIBRARY ORCAD\THU VIEN ORCAD FULL\THU VIEN.LLB
Wed May 18 05:56:36 Loaded file D:\DANH\ROBOT\ORCAD LIBS\THUVIENORCAD\THUVIENORCAD\LIBRARY\BCON100T.LLB
Wed May 18 05:56:36 Loaded file D:\DANH\ROBOT\ORCAD LIBS\THUVIENORCAD\THUVIENORCAD\LIBRARY\BCON156T.LLB
Wed May 18 05:56:36 Loaded file D:\DANH\ROBOT\ORCAD LIBS\THUVIENORCAD\THUVIENORCAD\LIBRARY\BGA.LLB
Wed May 18 05:56:36 Loaded file D:\DANH\ROBOT\ORCAD LIBS\THUVIENORCAD\THUVIENORCAD\LIBRARY\CLCC.LLB
Wed May 18 05:56:36 Loaded file D:\DANH\ROBOT\ORCAD LIBS\THUVIENORCAD\THUVIENORCAD\LIBRARY\DCON050T.LLB
Wed May 18 05:56:36 Loaded file D:\DANH\ROBOT\ORCAD LIBS\THUVIENORCAD\THUVIENORCAD\LIBRARY\DCON085T.LLB
Wed May 18 05:56:36 Loaded file D:\DANH\ROBOT\ORCAD LIBS\THUVIENORCAD\THUVIENORCAD\LIBRARY\DIMM050F.LLB
Wed May 18 05:56:36 Loaded file D:\DANH\ROBOT\ORCAD LIBS\THUVIENORCAD\THUVIENORCAD\LIBRARY\DIMM050T.LLB
Wed May 18 05:56:36 Loaded file D:\DANH\ROBOT\ORCAD LIBS\THUVIENORCAD\THUVIENORCAD\LIBRARY\DIN.LLB
Wed May 18 05:56:36 Loaded file D:\DANH\ROBOT\ORCAD LIBS\THUVIENORCAD\THUVIENORCAD\LIBRARY\DIP100B.LLB
Wed May 18 05:56:36 Loaded file D:\DANH\ROBOT\ORCAD LIBS\THUVIENORCAD\THUVIENORCAD\LIBRARY\DIP100T.LLB
Wed May 18 05:56:36 Loaded file D:\DANH\ROBOT\ORCAD LIBS\THUVIENORCAD\THUVIENORCAD\LIBRARY\DSUBT.LLB
Wed May 18 05:56:36 Loaded file D:\DANH\ROBOT\ORCAD LIBS\THUVIENORCAD\THUVIENORCAD\LIBRARY\DSUBT_HD.LLB
Wed May 18 05:56:36 Loaded file D:\DANH\ROBOT\ORCAD LIBS\THUVIENORCAD\THUVIENORCAD\LIBRARY\ECON100T.LLB
Wed May 18 05:56:36 Loaded file D:\DANH\ROBOT\ORCAD LIBS\THUVIENORCAD\THUVIENORCAD\LIBRARY\EMPTY.LLB
Wed May 18 05:56:36 Loaded file D:\DANH\ROBOT\ORCAD LIBS\THUVIENORCAD\THUVIENORCAD\LIBRARY\EX_GUI.LLB
Wed May 18 05:56:36 Loaded file D:\DANH\ROBOT\ORCAD LIBS\THUVIENORCAD\THUVIENORCAD\LIBRARY\FBUS.LLB
Wed May 18 05:56:36 Loaded file D:\DANH\ROBOT\ORCAD LIBS\THUVIENORCAD\THUVIENORCAD\LIBRARY\ISA.LLB
Wed May 18 05:56:36 Loaded file D:\DANH\ROBOT\ORCAD LIBS\THUVIENORCAD\THUVIENORCAD\LIBRARY\JUMPER.LLB
Wed May 18 05:56:36 Loaded file D:\DANH\ROBOT\ORCAD LIBS\THUVIENORCAD\THUVIENORCAD\LIBRARY\LAYOUT.LLB
Wed May 18 05:56:36 Loaded file D:\DANH\ROBOT\ORCAD LIBS\THUVIENORCAD\THUVIENORCAD\LIBRARY\LCON100T.LLB
Wed May 18 05:56:36 Loaded file D:\DANH\ROBOT\ORCAD LIBS\THUVIENORCAD\THUVIENORCAD\LIBRARY\LINH KIEN.LLB
Wed May 18 05:56:36 Loaded file D:\DANH\ROBOT\ORCAD LIBS\THUVIENORCAD\THUVIENORCAD\LIBRARY\METRIC.LLB
Wed May 18 05:56:36 Loaded file D:\DANH\ROBOT\ORCAD LIBS\THUVIENORCAD\THUVIENORCAD\LIBRARY\PADSTACK.LLB
Wed May 18 05:56:36 Loaded file D:\DANH\ROBOT\ORCAD LIBS\THUVIENORCAD\THUVIENORCAD\LIBRARY\PC104.LLB
Wed May 18 05:56:36 Loaded file D:\DANH\ROBOT\ORCAD LIBS\THUVIENORCAD\THUVIENORCAD\LIBRARY\PCI.LLB
Wed May 18 05:56:36 Loaded file D:\DANH\ROBOT\ORCAD LIBS\THUVIENORCAD\THUVIENORCAD\LIBRARY\PCON100T.LLB
Wed May 18 05:56:36 Loaded file D:\DANH\ROBOT\ORCAD LIBS\THUVIENORCAD\THUVIENORCAD\LIBRARY\PCON156T.LLB
Wed May 18 05:56:36 Loaded file D:\DANH\ROBOT\ORCAD LIBS\THUVIENORCAD\THUVIENORCAD\LIBRARY\PGA.LLB
Wed May 18 05:56:36 Loaded file D:\DANH\ROBOT\ORCAD LIBS\THUVIENORCAD\THUVIENORCAD\LIBRARY\PLCC.LLB
Wed May 18 05:56:36 Loaded file D:\DANH\ROBOT\ORCAD LIBS\THUVIENORCAD\THUVIENORCAD\LIBRARY\QUAD.LLB
Wed May 18 05:56:36 Loaded file D:\DANH\ROBOT\ORCAD LIBS\THUVIENORCAD\THUVIENORCAD\LIBRARY\QUADB.LLB
Wed May 18 05:56:36 Loaded file D:\DANH\ROBOT\ORCAD LIBS\THUVIENORCAD\THUVIENORCAD\LIBRARY\RELAY.LLB
Wed May 18 05:56:36 Loaded file D:\DANH\ROBOT\ORCAD LIBS\THUVIENORCAD\THUVIENORCAD\LIBRARY\RF.LLB
Wed May 18 05:56:36 Loaded file D:\DANH\ROBOT\ORCAD LIBS\THUVIENORCAD\THUVIENORCAD\LIBRARY\SBUS.LLB
Wed May 18 05:56:36 Loaded file D:\DANH\ROBOT\ORCAD LIBS\THUVIENORCAD\THUVIENORCAD\LIBRARY\SIMM050F.LLB
Wed May 18 05:56:36 Loaded file D:\DANH\ROBOT\ORCAD LIBS\THUVIENORCAD\THUVIENORCAD\LIBRARY\SIMM050T.LLB
Wed May 18 05:56:36 Loaded file D:\DANH\ROBOT\ORCAD LIBS\THUVIENORCAD\THUVIENORCAD\LIBRARY\SIMM100F.LLB
Wed May 18 05:56:36 Loaded file D:\DANH\ROBOT\ORCAD LIBS\THUVIENORCAD\THUVIENORCAD\LIBRARY\SIMM100T.LLB
Wed May 18 05:56:36 Loaded file D:\DANH\ROBOT\ORCAD LIBS\THUVIENORCAD\THUVIENORCAD\LIBRARY\SIP.LLB
Wed May 18 05:56:36 Loaded file D:\DANH\ROBOT\ORCAD LIBS\THUVIENORCAD\THUVIENORCAD\LIBRARY\SM.LLB
Wed May 18 05:56:36 Loaded file D:\DANH\ROBOT\ORCAD LIBS\THUVIENORCAD\THUVIENORCAD\LIBRARY\SOG.LLB
Wed May 18 05:56:36 Loaded file D:\DANH\ROBOT\ORCAD LIBS\THUVIENORCAD\THUVIENORCAD\LIBRARY\SOJ.LLB
Wed May 18 05:56:36 Loaded file D:\DANH\ROBOT\ORCAD LIBS\THUVIENORCAD\THUVIENORCAD\LIBRARY\STIFF.LLB
Wed May 18 05:56:36 Loaded file D:\DANH\ROBOT\ORCAD LIBS\THUVIENORCAD\THUVIENORCAD\LIBRARY\TELE.LLB
Wed May 18 05:56:36 Loaded file D:\DANH\ROBOT\ORCAD LIBS\THUVIENORCAD\THUVIENORCAD\LIBRARY\TM_AXIAL.LLB
Wed May 18 05:56:36 Loaded file D:\DANH\ROBOT\ORCAD LIBS\THUVIENORCAD\THUVIENORCAD\LIBRARY\TM_CAP_P.LLB
Wed May 18 05:56:36 Loaded file D:\DANH\ROBOT\ORCAD LIBS\THUVIENORCAD\THUVIENORCAD\LIBRARY\TM_CYLND.LLB
Wed May 18 05:56:36 Loaded file D:\DANH\ROBOT\ORCAD LIBS\THUVIENORCAD\THUVIENORCAD\LIBRARY\TM_DIODE.LLB
Wed May 18 05:56:36 Loaded file D:\DANH\ROBOT\ORCAD LIBS\THUVIENORCAD\THUVIENORCAD\LIBRARY\TM_DISC.LLB
Wed May 18 05:56:36 Loaded file D:\DANH\ROBOT\ORCAD LIBS\THUVIENORCAD\THUVIENORCAD\LIBRARY\TM_RAD.LLB
Wed May 18 05:56:36 Loaded file D:\DANH\ROBOT\ORCAD LIBS\THUVIENORCAD\THUVIENORCAD\LIBRARY\TO.LLB
Wed May 18 05:56:36 Loaded file D:\DANH\ROBOT\ORCAD LIBS\THUVIENORCAD\THUVIENORCAD\LIBRARY\TRAINING.LLB
Wed May 18 05:56:36 Loaded file D:\DANH\ROBOT\ORCAD LIBS\THUVIENORCAD\THUVIENORCAD\LIBRARY\VRES.LLB
Wed May 18 05:56:36 Loaded file D:\DANH\ROBOT\ORCAD LIBS\THUVIENORCAD\THUVIENORCAD\LIBRARY\WCON100T.LLB
Wed May 18 05:56:36 Loaded file D:\DANH\ROBOT\ORCAD LIBS\THUVIENORCAD\THUVIENORCAD\LIBRARY\XT.LLB
Wed May 18 05:56:36 Loaded file D:\DANH\ROBOT\ORCAD LIBS\THUVIENORCAD\THUVIENORCAD\LIBRARY\ZIGZAG.LLB
Wed May 18 05:56:36 Loaded file D:\DANH\ROBOT\ORCAD LIBS\THUVIENORCAD\THUVIENORCAD\HOA DOAN\HOADOAN.LLB
Wed May 18 05:56:36 Loaded file D:\DANH\ROBOT\ORCAD LIBS\THUVIENORCAD\THUVIENORCAD\THU VIEN\THU VIEN.LLB
Wed May 18 05:56:36 Loaded file D:\DANH\ROBOT\ORCAD LIBS\THU VIEN\THU VIEN.LLB
Wed May 18 05:56:36 Loaded file D:\DANH\ROBOT\ORCAD LIBS\ORCAD LAYOUT\T2L LAYOUT.LLB
Wed May 18 05:56:36 Loaded file D:\DANH\ROBOT\ORCAD LIBS\DANHLIB.LLB
Wed May 18 05:56:36 Saved as file D:\DANH\ROBOT\ORCAD PROJECTS\COMERCIAL PROJECTS\COM_PRJ44\COM_PRJ44.MAX
Wed May 18 05:56:36 Loaded file D:\DANH\ROBOT\ORCAD PROJECTS\COMERCIAL PROJECTS\COM_PRJ44\COM_PRJ44.MAX
Wed May 18 06:04:53 Saved as file BACKUP1.MAX
Wed May 18 06:15:23 Saved as file BACKUP1.MAX
Wed May 18 06:18:06 Error code 0034.912 (266)
Wed May 18 06:18:06 Saved as file Backup0.max
Wed May 18 06:18:06 Windows which were open at time of error:
Wed May 18 06:18:06 	ActiveWindow: &Route
Wed May 18 06:18:06 	Icon: &Components
Wed May 18 06:18:06 	Icon: &Nets
Wed May 18 06:18:06 	Icon: Post Proces&s
Wed May 18 06:18:06 End-of-list
Wed May 18 06:18:06 Error code 0034.912 (266)
Wed May 18 06:29:23 Saved as file BACKUP1.MAX
Wed May 18 06:39:53 Saved as file BACKUP1.MAX
Wed May 18 06:40:31 Saved as file D:\DANH\ROBOT\ORCAD PROJECTS\COMERCIAL PROJECTS\COM_PRJ44\COM_PRJ44.MAX
Wed May 18 06:40:32 Saved as file D:\DANH\ROBOT\ORCAD PROJECTS\COMERCIAL PROJECTS\COM_PRJ44\COM_PRJ44.MAX
Wed May 18 06:40:32 Saved as file D:\DANH\ROBOT\ORCAD PROJECTS\COMERCIAL PROJECTS\COM_PRJ44\COM_PRJ44.MAX
Wed May 18 06:48:12 Saved as file D:\DANH\ROBOT\ORCAD PROJECTS\COMERCIAL PROJECTS\COM_PRJ44\COM_PRJ44.MAX
Wed May 18 06:48:13 Saved as file D:\DANH\ROBOT\ORCAD PROJECTS\COMERCIAL PROJECTS\COM_PRJ44\COM_PRJ44.MAX
Wed May 18 06:51:16 Saved as file D:\DANH\ROBOT\ORCAD PROJECTS\COMERCIAL PROJECTS\COM_PRJ44\COM_PRJ44.MAX
Wed May 18 06:51:40 Saved as file D:\DANH\ROBOT\ORCAD PROJECTS\COMERCIAL PROJECTS\COM_PRJ44\COM_PRJ44.MAX
Wed May 18 06:51:53 Saved as file BACKUP1.MAX
Wed May 18 06:53:01 Saved as file D:\DANH\ROBOT\ORCAD PROJECTS\COMERCIAL PROJECTS\COM_PRJ44\COM_PRJ44.MAX
Wed May 18 06:53:02 Saved as file D:\DANH\ROBOT\ORCAD PROJECTS\COMERCIAL PROJECTS\COM_PRJ44\COM_PRJ44.MAX
Wed May 18 06:53:02 Saved as file D:\DANH\ROBOT\ORCAD PROJECTS\COMERCIAL PROJECTS\COM_PRJ44\COM_PRJ44.MAX
Wed May 18 06:54:15 Saved as file D:\DANH\ROBOT\ORCAD PROJECTS\COMERCIAL PROJECTS\COM_PRJ44\COM_PRJ44.MAX
Thu Jul 21 06:23:49 Merge file: Starting (copy all comps)
Thu Jul 21 06:23:49 Merge file: Loading merge file D:\DANH\ROBOT\ORCAD PROJECTS\COMERCIAL PROJECTS\COM_PRJ44\COM_PRJ44.MAX
Thu Jul 21 06:23:49 Merge file: Component J1 copied and renamed to J1000
Thu Jul 21 06:23:49 Merge file: Component J2 copied and renamed to J2000
Thu Jul 21 06:23:49 Merge file: Component LB1 copied and added
Thu Jul 21 06:23:49 Merge file: Component LB2 copied and added
Thu Jul 21 06:23:49 Merge file: Component LB3 copied and added
Thu Jul 21 06:23:49 Merge file: Component LG1 copied and added
Thu Jul 21 06:23:49 Merge file: Component LG2 copied and added
Thu Jul 21 06:23:49 Merge file: Component LG3 copied and added
Thu Jul 21 06:23:49 Merge file: Component LR1 copied and added
Thu Jul 21 06:23:49 Merge file: Component LR2 copied and added
Thu Jul 21 06:23:49 Merge file: Component LR3 copied and added
Thu Jul 21 06:23:49 Merge file: Component R1 copied and renamed to R1000
Thu Jul 21 06:23:49 Merge file: Component R2 copied and renamed to R2000
Thu Jul 21 06:23:49 Merge file: Component R3 copied and renamed to R3000
Thu Jul 21 06:23:49 Merge file: Component R4 copied and added
Thu Jul 21 06:23:49 Merge file: Component R5 copied and added
Thu Jul 21 06:23:49 Merge file: Component R6 copied and added
Thu Jul 21 06:23:49 Merge file: Component R7 copied and added
Thu Jul 21 06:23:49 Merge file: Component R8 copied and added
Thu Jul 21 06:23:49 Merge file: Component R9 copied and added
Thu Jul 21 06:23:49 Merge file: Net N02360 copied and added
Thu Jul 21 06:23:49 Merge file: Net N02391 copied and added
Thu Jul 21 06:23:49 Merge file: Net N02422 copied and added
Thu Jul 21 06:23:49 Merge file: Net N02453 copied and added
Thu Jul 21 06:23:49 Merge file: Net N02484 copied and added
Thu Jul 21 06:23:49 Merge file: Net N02515 copied and added
Thu Jul 21 06:23:49 Merge file: Net N00832 copied and added
Thu Jul 21 06:23:49 Merge file: Net N00675 copied and added
Thu Jul 21 06:23:49 Merge file: Net N00782 copied and added
Thu Jul 21 06:23:49 Merge file: Net N02577 copied and added
Thu Jul 21 06:23:49 Merge file: Net N02608 copied and added
Thu Jul 21 06:23:49 Merge file: Net N02561 copied and added
Thu Jul 21 06:23:49 Merge file: Net N00725 copied and added
Thu Jul 21 06:23:49 Loaded file D:\DANH\ROBOT\ORCAD PROJECTS\COMERCIAL PROJECTS\COM_PRJ44\COM_PRJ44.MAX
Thu Jul 21 06:23:49 Merge file: Complete
Thu Jul 21 06:27:35 Merge file: Starting
Thu Jul 21 06:27:35 Merge file: Loading merge file D:\DANH\ROBOT\ORCAD PROJECTS\COMERCIAL PROJECTS\COM_PRJ44\COM_PRJ44.MAX
Thu Jul 21 06:27:35 Merge file: Unable to update existing component J1 -- number of pins does not match.
Thu Jul 21 06:27:35 Merge file: Component J1 copied and renamed to J1000
Thu Jul 21 06:27:35 Merge file: Component J2 copied, existing comp updated
Thu Jul 21 06:27:35 Merge file: Component LB1 copied and added
Thu Jul 21 06:27:35 Merge file: Component LB2 copied and added
Thu Jul 21 06:27:35 Merge file: Component LB3 copied and added
Thu Jul 21 06:27:35 Merge file: Component LG1 copied and added
Thu Jul 21 06:27:35 Merge file: Component LG2 copied and added
Thu Jul 21 06:27:35 Merge file: Component LG3 copied and added
Thu Jul 21 06:27:35 Merge file: Component LR1 copied and added
Thu Jul 21 06:27:35 Merge file: Component LR2 copied and added
Thu Jul 21 06:27:35 Merge file: Component LR3 copied and added
Thu Jul 21 06:27:35 Merge file: Component R1 copied, existing comp updated
Thu Jul 21 06:27:35 Merge file: Component R2 copied, existing comp updated
Thu Jul 21 06:27:35 Merge file: Component R3 copied, existing comp updated
Thu Jul 21 06:27:35 Merge file: Component R4 copied and added
Thu Jul 21 06:27:35 Merge file: Component R5 copied and added
Thu Jul 21 06:27:35 Merge file: Component R6 copied and added
Thu Jul 21 06:27:35 Merge file: Component R7 copied and added
Thu Jul 21 06:27:35 Merge file: Component R8 copied and added
Thu Jul 21 06:27:35 Merge file: Component R9 copied and added
Thu Jul 21 06:27:35 Merge file: Net N02360 copied and added
Thu Jul 21 06:27:35 Merge file: Net N02391 copied and added
Thu Jul 21 06:27:35 Merge file: Net N02422 copied and added
Thu Jul 21 06:27:35 Merge file: Net N02453 copied and added
Thu Jul 21 06:27:35 Merge file: Net N02484 copied and added
Thu Jul 21 06:27:35 Merge file: Net N02515 copied and added
Thu Jul 21 06:27:35 Merge file: Net N00832 copied and added
Thu Jul 21 06:27:35 Merge file: Net N00675 copied and added
Thu Jul 21 06:27:35 Merge file: Net N00782 copied and added
Thu Jul 21 06:27:35 Merge file: Net N02577 copied and added
Thu Jul 21 06:27:35 Merge file: Net N02608 copied and added
Thu Jul 21 06:27:35 Merge file: Net N02561 copied and added
Thu Jul 21 06:27:35 Merge file: Net N00725 copied and added
Thu Jul 21 06:27:35 Loaded file D:\DANH\ROBOT\ORCAD PROJECTS\COMERCIAL PROJECTS\COM_PRJ44\COM_PRJ44.MAX
Thu Jul 21 06:27:35 Merge file: Complete
Mon Jul 25 01:35:48 Loaded file D:\DANH\ROBOT\ORCAD PROJECTS\COMERCIAL PROJECTS\COM_PRJ44\COM_PRJ44.MAX
Wed Jul 27 01:11:40 Loaded file D:\DANH\ROBOT\ORCAD PROJECTS\COMERCIAL PROJECTS\COM_PRJ44\COM_PRJ44.MAX
Fri Sep 02 08:49:04 Saved as file BACKUP1.MAX
Sun Sep 04 17:55:30 Saved as file BACKUP1.MAX
Wed Nov 02 07:36:11 Loaded file D:\DANH\ORCAD PROJECTS\COMERCIAL PROJECTS\COM_PRJ44\COM_PRJ44.MAX
Wed Nov 02 08:19:24 Loaded file D:\DANH\ORCAD PROJECTS\COMERCIAL PROJECTS\COM_PRJ44\COM_PRJ44.MAX
