AutoECO Report
FILE-A: D:\DANH\ROBOT\ORCAD PROJECTS\COMERCIAL PROJECTS\COM_PRJ39\COM_PRJ39.MAX
FILE-B: D:\DANH\ROBOT\ORCAD PROJECTS\COMERCIAL PROJECTS\COM_PRJ39\COM_PRJ39.MNL
If "*EOF*" immediately follows, no changes were made
Adding component D53
Found library footprint with same name as part LED
Adding component D51
Adding component D48
Adding component J11
Adding component D54
Adding component R17
Found library footprint with same name as part R
Adding component R18
Adding component D46
Adding component D52
Adding component R16
Adding component D49
Adding component D47
Adding component D50
Adding component J12
Adding net N13706
Adding net N13690
Adding net N13718
Adding net N13760
Adding net N13960
Adding net N13702
Adding net N13714
Adding net N13972
Adding net N13694
Adding net N14032
Adding net N14094
Adding net N14102
Adding net N14164
*EOF*
No errors found
