AutoECO Report
FILE-A: D:\DANH\ROBOT\ORCAD PROJECTS\COMERCIAL PROJECTS\COM_PRJ28(12 LED)\COM_PRJ28.MAX
FILE-B: D:\DANH\ROBOT\ORCAD PROJECTS\COMERCIAL PROJECTS\COM_PRJ28(12 LED)\COM_PRJ28.MNL
If "*EOF*" immediately follows, no changes were made
Adding package R
Adding package LEDRGBVUONG
Adding package CON4
Adding component R12
Found footprint R_1/4W from PRT file for part R, comp R12
Adding component B5
Adding component B9
Adding component G7
Adding component U6
Found footprint LED RGB VUONG from PRT file for part LEDRGBVUONG, comp U6
Adding component B11
Adding component B3
Adding component U4
Adding component G12
Adding component B6
Adding component G3
Adding component G4
Adding component R8
Adding component R11
Adding component U5
Adding component G1
Adding component B4
Adding component B8
Adding component U1
Adding component R10
Adding component B1
Adding component U12
Adding component R4
Adding component U2
Adding component U3
Adding component G10
Adding component B10
Adding component R1
Adding component U8
Adding component B12
Adding component B2
Adding component G9
Adding component R7
Adding component R5
Adding component R3
Adding component U11
Adding component R2
Adding component B7
Adding component U10
Adding component U9
Adding component G6
Adding component G2
Adding component G11
Adding component G5
Adding component U7
Adding component R9
Adding component J1
Found footprint J4 from PRT file for part CON4, comp J1
Adding component G8
Adding component R6
Adding net N02396
Adding net N01608
Adding net N01869
Adding net N03645
Adding net N01604
Adding net N04577
Adding net N05693
Adding net N01305
Adding net N07856
Adding net N03587
Adding net N02939
Adding net N07858
Adding net N07104
Adding net N02268
Adding net N01634
Adding net N05699
Adding net N04567
Adding net N05691
Adding net N02336
Adding net N03585
Adding net N02266
Adding net N01731
Adding net N01274
Adding net N06934
Adding net N01963
Adding net N06432
Adding net N02270
Adding net N01336
Adding net N04569
Adding net N07800
Adding net N11312
Adding net N11308
Adding net N11390
Adding net N11388
Adding net N11512
Adding net N11516
Adding net N01172
Adding net N01195
Adding net N01216
Adding net N01251
Deleting net DEFAULT
*EOF*
No errors found
