Wed Jun 09 11:39:13 Saved as file D:\DANH\ROBOT\ORCAD PROJECTS\COMERCIAL PROJECTS\COM_PRJ28(12 LED)\COM_PRJ28.MAX
Wed Jun 09 11:39:13 Saved as file BACKUP1.MAX
Wed Jun 09 11:39:13 Saved as file D:\DANH\ROBOT\ORCAD PROJECTS\COMERCIAL PROJECTS\COM_PRJ28(12 LED)\COM_PRJ28.MAX
Wed Jun 09 11:39:13 UserDiv from Layout.INI for AutoECO: 60
Wed Jun 09 11:39:13 Loaded file D:\DANH\ROBOT\ORCAD PROJECTS\COMERCIAL PROJECTS\COM_PRJ28(12 LED)\COM_PRJ28.MAX
Wed Jun 09 11:39:13 Loaded file D:\DANH\ROBOT\ORCAD LIBS\DANHLIB.LLB
Wed Jun 09 11:39:13 Loaded file C:\Program Files\Orcad\Layout_Plus\library\BCON100T.llb
Wed Jun 09 11:39:13 Loaded file C:\Program Files\Orcad\Layout_Plus\library\BCON156T.llb
Wed Jun 09 11:39:13 Loaded file C:\Program Files\Orcad\Layout_Plus\library\BGA.llb
Wed Jun 09 11:39:13 Loaded file C:\Program Files\Orcad\Layout_Plus\library\CLCC.llb
Wed Jun 09 11:39:13 Loaded file C:\Program Files\Orcad\Layout_Plus\library\DCON050T.llb
Wed Jun 09 11:39:13 Loaded file C:\Program Files\Orcad\Layout_Plus\library\DCON085T.llb
Wed Jun 09 11:39:13 Loaded file C:\Program Files\Orcad\Layout_Plus\library\DIMM050F.llb
Wed Jun 09 11:39:13 Loaded file C:\Program Files\Orcad\Layout_Plus\library\DIMM050T.llb
Wed Jun 09 11:39:13 Loaded file C:\Program Files\Orcad\Layout_Plus\library\DIN.llb
Wed Jun 09 11:39:13 Loaded file C:\Program Files\Orcad\Layout_Plus\library\DIP100B.llb
Wed Jun 09 11:39:13 Loaded file C:\Program Files\Orcad\Layout_Plus\library\DIP100T.llb
Wed Jun 09 11:39:13 Loaded file C:\Program Files\Orcad\Layout_Plus\library\DSUBT.llb
Wed Jun 09 11:39:13 Loaded file C:\Program Files\Orcad\Layout_Plus\library\DSUBT_HD.LLB
Wed Jun 09 11:39:13 Loaded file C:\Program Files\Orcad\Layout_Plus\library\ECON100T.llb
Wed Jun 09 11:39:13 Loaded file C:\Program Files\Orcad\Layout_Plus\library\FBUS.llb
Wed Jun 09 11:39:13 Loaded file C:\Program Files\Orcad\Layout_Plus\library\ISA.llb
Wed Jun 09 11:39:13 Loaded file C:\Program Files\Orcad\Layout_Plus\library\JUMPER.LLB
Wed Jun 09 11:39:13 Loaded file C:\Program Files\Orcad\Layout_Plus\library\LAYOUT.llb
Wed Jun 09 11:39:13 Loaded file C:\Program Files\Orcad\Layout_Plus\library\LCON100T.llb
Wed Jun 09 11:39:13 Loaded file C:\Program Files\Orcad\Layout_Plus\library\PC104.llb
Wed Jun 09 11:39:13 Loaded file C:\Program Files\Orcad\Layout_Plus\library\PCI.llb
Wed Jun 09 11:39:13 Loaded file C:\Program Files\Orcad\Layout_Plus\library\PCON100T.llb
Wed Jun 09 11:39:13 Loaded file C:\Program Files\Orcad\Layout_Plus\library\PCON156T.llb
Wed Jun 09 11:39:13 Loaded file C:\Program Files\Orcad\Layout_Plus\library\PGA.llb
Wed Jun 09 11:39:13 Loaded file C:\Program Files\Orcad\Layout_Plus\library\PLCC.llb
Wed Jun 09 11:39:13 Loaded file C:\Program Files\Orcad\Layout_Plus\library\QUAD.llb
Wed Jun 09 11:39:13 Loaded file C:\Program Files\Orcad\Layout_Plus\library\QUADB.llb
Wed Jun 09 11:39:13 Loaded file C:\Program Files\Orcad\Layout_Plus\library\RELAY.llb
Wed Jun 09 11:39:13 Loaded file C:\Program Files\Orcad\Layout_Plus\library\RF.llb
Wed Jun 09 11:39:13 Loaded file C:\Program Files\Orcad\Layout_Plus\library\SBUS.llb
Wed Jun 09 11:39:13 Loaded file C:\Program Files\Orcad\Layout_Plus\library\SIMM050F.llb
Wed Jun 09 11:39:13 Loaded file C:\Program Files\Orcad\Layout_Plus\library\SIMM050T.llb
Wed Jun 09 11:39:13 Loaded file C:\Program Files\Orcad\Layout_Plus\library\SIMM100F.llb
Wed Jun 09 11:39:13 Loaded file C:\Program Files\Orcad\Layout_Plus\library\SIMM100T.llb
Wed Jun 09 11:39:13 Loaded file C:\Program Files\Orcad\Layout_Plus\library\SIP.llb
Wed Jun 09 11:39:13 Loaded file C:\Program Files\Orcad\Layout_Plus\library\SM.llb
Wed Jun 09 11:39:13 Loaded file C:\Program Files\Orcad\Layout_Plus\library\SOG.llb
Wed Jun 09 11:39:13 Loaded file C:\Program Files\Orcad\Layout_Plus\library\SOJ.llb
Wed Jun 09 11:39:13 Loaded file C:\Program Files\Orcad\Layout_Plus\library\STIFF.llb
Wed Jun 09 11:39:13 Loaded file C:\Program Files\Orcad\Layout_Plus\library\TELE.llb
Wed Jun 09 11:39:13 Loaded file C:\Program Files\Orcad\Layout_Plus\library\TM_AXIAL.llb
Wed Jun 09 11:39:13 Loaded file C:\Program Files\Orcad\Layout_Plus\library\TM_CAP_P.llb
Wed Jun 09 11:39:13 Loaded file C:\Program Files\Orcad\Layout_Plus\library\TM_CYLND.llb
Wed Jun 09 11:39:13 Loaded file C:\Program Files\Orcad\Layout_Plus\library\TM_DIODE.llb
Wed Jun 09 11:39:13 Loaded file C:\Program Files\Orcad\Layout_Plus\library\TM_DISC.llb
Wed Jun 09 11:39:13 Loaded file C:\Program Files\Orcad\Layout_Plus\library\TM_RAD.llb
Wed Jun 09 11:39:13 Loaded file C:\Program Files\Orcad\Layout_Plus\library\TO.llb
Wed Jun 09 11:39:13 Loaded file C:\Program Files\Orcad\Layout_Plus\library\TRAINING.LLB
Wed Jun 09 11:39:13 Loaded file C:\Program Files\Orcad\Layout_Plus\library\VRES.llb
Wed Jun 09 11:39:13 Loaded file C:\Program Files\Orcad\Layout_Plus\library\WCON100T.llb
Wed Jun 09 11:39:13 Loaded file C:\Program Files\Orcad\Layout_Plus\library\XT.llb
Wed Jun 09 11:39:13 Loaded file C:\Program Files\Orcad\Layout_Plus\library\ZIGZAG.llb
Wed Jun 09 11:39:13 Loaded file D:\DANH\ROBOT\ORCAD LIBS\DANHLIB.LLB
Wed Jun 09 11:39:14 Loaded file D:\DANH\ROBOT\ORCAD LIBS\DANHLIB.LLB
Wed Jun 09 11:39:14 Loaded file D:\DANH\ROBOT\ORCAD LIBS\DANHLIB.LLB
Wed Jun 09 11:39:14 Saved as file D:\DANH\ROBOT\ORCAD PROJECTS\COMERCIAL PROJECTS\COM_PRJ28(12 LED)\COM_PRJ28.MAX
Wed Jun 09 11:39:14 Loaded file D:\DANH\ROBOT\ORCAD PROJECTS\COMERCIAL PROJECTS\COM_PRJ28(12 LED)\COM_PRJ28.MAX
Wed Jun 09 11:41:31 Saved as file D:\DANH\ROBOT\ORCAD PROJECTS\COMERCIAL PROJECTS\COM_PRJ28(12 LED)\COM_PRJ28.MAX
Wed Jun 09 11:51:06 Saved as file BACKUP1.MAX
Wed Jun 09 12:01:06 Saved as file BACKUP1.MAX
Wed Jun 09 12:11:36 Saved as file BACKUP1.MAX
Wed Jun 09 12:15:55 Saved as file D:\DANH\ROBOT\ORCAD PROJECTS\COMERCIAL PROJECTS\COM_PRJ28(12 LED)\COM_PRJ28.MAX
Wed Jun 09 12:18:01 Saved as file D:\DANH\ROBOT\ORCAD PROJECTS\COMERCIAL PROJECTS\COM_PRJ28(12 LED)\COM_PRJ28.MAX
Wed Jun 09 12:18:05 Saved as file BACKUP1.MAX
Wed Jun 09 12:18:05 Saved as file BACKUP1.MAX
Wed Jun 09 12:18:05 Saved as file BACKUP1.MAX
Wed Jun 09 12:18:05 Saved as file BACKUP1.MAX
Wed Jun 09 12:18:05 Saved as file BACKUP1.MAX
Wed Jun 09 12:18:05 Saved as file BACKUP1.MAX
Wed Jun 09 12:18:05 Saved as file BACKUP1.MAX
Wed Jun 09 12:18:05 Routed 7 connections in 0 seconds.
Wed Jun 09 12:18:05 Total is now 7 out of 84 (8%).
Wed Jun 09 12:18:05 Saved as file SWEEP1.MAX
Wed Jun 09 12:18:05 Saved as file BACKUP1.MAX
Wed Jun 09 12:18:06 Saved as file BACKUP1.MAX
Wed Jun 09 12:18:06 Saved as file BACKUP1.MAX
Wed Jun 09 12:18:07 Saved as file BACKUP1.MAX
Wed Jun 09 12:18:07 Saved as file BACKUP1.MAX
Wed Jun 09 12:18:07 Saved as file BACKUP1.MAX
Wed Jun 09 12:18:07 Saved as file BACKUP1.MAX
Wed Jun 09 12:18:08 Saved as file BACKUP1.MAX
Wed Jun 09 12:18:08 Routed 87 connections in 2 seconds.
Wed Jun 09 12:18:08 Total is now 84 out of 84 (100%).
Wed Jun 09 12:18:08 Saved as file SWEEP2.MAX
Wed Jun 09 12:18:08 No new connections routed.
Wed Jun 09 12:18:08 Total is now 84 out of 84 (100%).
Wed Jun 09 12:18:08 Saved as file SWEEP3.MAX
Wed Jun 09 12:18:08 No new connections routed.
Wed Jun 09 12:18:08 Total is now 84 out of 84 (100%).
Wed Jun 09 12:18:08 Saved as file SWEEP4.MAX
Wed Jun 09 12:18:08 No new connections routed.
Wed Jun 09 12:18:08 Total is now 84 out of 84 (100%).
Wed Jun 09 12:18:08 Saved as file SWEEP5.MAX
Wed Jun 09 12:18:40 Saved as file D:\DANH\ROBOT\ORCAD PROJECTS\COMERCIAL PROJECTS\COM_PRJ28(12 LED)\COM_PRJ28.MAX
Wed Jun 09 14:35:11 Saved as file D:\DANH\ROBOT\ORCAD PROJECTS\COMERCIAL PROJECTS\COM_PRJ28(12 LED)\COM_PRJ28.MAX
Wed Jun 09 14:35:11 Saved as file D:\DANH\ROBOT\ORCAD PROJECTS\COMERCIAL PROJECTS\COM_PRJ28(12 LED)\COM_PRJ28.MAX
Wed Jun 09 14:35:41 Saved as file D:\DANH\ROBOT\ORCAD PROJECTS\COMERCIAL PROJECTS\COM_PRJ28(12 LED)\COM_PRJ28.MAX
Wed Feb 22 02:21:16 Saved as file D:\DANH\ORCADP~1\COMERC~1\COECEF~1\COM_PR~1.MAX
