Wed Mar 12 03:11:31 Loaded file D:\DANH\DANHLL\DANHLL\DANH'S LIBS\LAYOUT1\LAYOUT1.LLB
Wed Mar 12 03:11:33 Loaded file C:\Program Files\OrCAD\Layout_Plus\data\template.imp
Wed Mar 12 03:11:34 Loaded file C:\Program Files\OrCAD\Layout_Plus\data\template.imp
Wed Mar 12 03:11:36 Loaded file C:\Program Files\OrCAD\Layout_Plus\data\template.imp
Wed Mar 12 03:17:46 Saved as file BACKUP1.MAX
Wed Mar 12 03:21:39 Saved as file D:\DANH\DANHLL\DANHLL\ORCAD PROJECTS\COMERCIAL PROJECTS\COM_PRJ29\COM_PRJ29_ATHANH_12V_95X150_VER1.MAX
Wed Mar 12 03:21:39 Saved as file D:\DANH\DANHLL\DANHLL\ORCAD PROJECTS\COMERCIAL PROJECTS\COM_PRJ29\COM_PRJ29_ATHANH_12V_95X150_VER1.MAX
Wed Mar 12 03:23:48 Saved as file D:\DANH\DANHLL\DANHLL\ORCAD PROJECTS\COMERCIAL PROJECTS\COM_PRJ29\COM_PRJ29_ATHANH_12V_95X150_VER1.MAX
Wed Mar 12 03:24:17 Saved as file D:\DANH\DANHLL\DANHLL\ORCAD PROJECTS\COMERCIAL PROJECTS\COM_PRJ29\COM_PRJ29_ATHANH_12V_95X150_VER1.MAX
Wed Mar 12 03:24:17 Saved as file D:\DANH\DANHLL\DANHLL\ORCAD PROJECTS\COMERCIAL PROJECTS\COM_PRJ29\COM_PRJ29_ATHANH_12V_95X150_VER1.MAX
Wed Mar 12 03:24:18 Saved as file D:\DANH\DANHLL\DANHLL\ORCAD PROJECTS\COMERCIAL PROJECTS\COM_PRJ29\COM_PRJ29_ATHANH_12V_95X150_VER1.MAX
Wed Mar 12 03:25:43 Saved as file D:\DANH\DANHLL\DANHLL\ORCAD PROJECTS\COMERCIAL PROJECTS\COM_PRJ29\COM_PRJ29_ATHANH_12V_95X150_VER1.MAX
Wed Mar 12 03:25:58 Saved as file D:\DANH\DANHLL\DANHLL\ORCAD PROJECTS\COMERCIAL PROJECTS\COM_PRJ29\COM_PRJ29_ATHANH_12V_95X150_VER1.MAX
Wed Mar 12 03:25:58 Saved as file D:\DANH\DANHLL\DANHLL\ORCAD PROJECTS\COMERCIAL PROJECTS\COM_PRJ29\COM_PRJ29_ATHANH_12V_95X150_VER1.MAX
Wed Mar 12 03:25:58 Saved as file D:\DANH\DANHLL\DANHLL\ORCAD PROJECTS\COMERCIAL PROJECTS\COM_PRJ29\COM_PRJ29_ATHANH_12V_95X150_VER1.MAX
Wed Mar 12 03:27:08 Saved as file D:\DANH\DANHLL\DANHLL\ORCAD PROJECTS\COMERCIAL PROJECTS\COM_PRJ29\COM_PRJ29_ATHANH_12V_95X150_VER1.MAX
Wed Mar 12 03:27:23 Saved as file D:\DANH\DANHLL\DANHLL\ORCAD PROJECTS\COMERCIAL PROJECTS\COM_PRJ29\COM_PRJ29_ATHANH_12V_95X150_VER1.MAX
Wed Mar 12 03:27:23 Saved as file D:\DANH\DANHLL\DANHLL\ORCAD PROJECTS\COMERCIAL PROJECTS\COM_PRJ29\COM_PRJ29_ATHANH_12V_95X150_VER1.MAX
Wed Mar 12 03:27:24 Saved as file D:\DANH\DANHLL\DANHLL\ORCAD PROJECTS\COMERCIAL PROJECTS\COM_PRJ29\COM_PRJ29_ATHANH_12V_95X150_VER1.MAX
Wed Mar 12 03:28:22 Saved as file D:\DANH\DANHLL\DANHLL\ORCAD PROJECTS\COMERCIAL PROJECTS\COM_PRJ29\COM_PRJ29_ATHANH_12V_95X150_VER1.MAX
Wed Mar 12 03:28:22 Saved as file D:\DANH\DANHLL\DANHLL\ORCAD PROJECTS\COMERCIAL PROJECTS\COM_PRJ29\COM_PRJ29_ATHANH_12V_95X150_VER1.MAX
Wed Mar 12 03:28:23 Saved as file D:\DANH\DANHLL\DANHLL\ORCAD PROJECTS\COMERCIAL PROJECTS\COM_PRJ29\COM_PRJ29_ATHANH_12V_95X150_VER1.MAX
Wed Mar 12 03:28:36 Saved as file D:\DANH\DANHLL\DANHLL\ORCAD PROJECTS\COMERCIAL PROJECTS\COM_PRJ29\COM_PRJ29_ATHANH_12V_95X150_VER1.MAX
Wed Mar 12 03:28:46 Saved as file BACKUP1.MAX
Wed Mar 12 03:29:04 Saved as file D:\DANH\DANHLL\DANHLL\ORCAD PROJECTS\COMERCIAL PROJECTS\COM_PRJ29\COM_PRJ29_ATHANH_12V_95X150_VER1.MAX
Wed Mar 12 03:29:05 Saved as file D:\DANH\DANHLL\DANHLL\ORCAD PROJECTS\COMERCIAL PROJECTS\COM_PRJ29\COM_PRJ29_ATHANH_12V_95X150_VER1.MAX
Wed Mar 12 03:29:05 Saved as file D:\DANH\DANHLL\DANHLL\ORCAD PROJECTS\COMERCIAL PROJECTS\COM_PRJ29\COM_PRJ29_ATHANH_12V_95X150_VER1.MAX
Wed Mar 12 03:29:13 Saved as file D:\DANH\DANHLL\DANHLL\ORCAD PROJECTS\COMERCIAL PROJECTS\COM_PRJ29\COM_PRJ29_ATHANH_12V_95X150_VER1.MAX
Wed Mar 12 03:29:13 Saved as file D:\DANH\DANHLL\DANHLL\ORCAD PROJECTS\COMERCIAL PROJECTS\COM_PRJ29\COM_PRJ29_ATHANH_12V_95X150_VER1.MAX
Wed Mar 12 03:29:14 Saved as file D:\DANH\DANHLL\DANHLL\ORCAD PROJECTS\COMERCIAL PROJECTS\COM_PRJ29\COM_PRJ29_ATHANH_12V_95X150_VER1.MAX
Wed Mar 12 03:30:00 Saved as file D:\DANH\DANHLL\DANHLL\ORCAD PROJECTS\COMERCIAL PROJECTS\COM_PRJ29\COM_PRJ29_ATHANH_12V_95X150_VER1.MAX
Wed Mar 12 03:30:00 Saved as file D:\DANH\DANHLL\DANHLL\ORCAD PROJECTS\COMERCIAL PROJECTS\COM_PRJ29\COM_PRJ29_ATHANH_12V_95X150_VER1.MAX
Wed Mar 12 03:30:03 Saved as file D:\DANH\DANHLL\DANHLL\ORCAD PROJECTS\COMERCIAL PROJECTS\COM_PRJ29\COM_PRJ29_ATHANH_12V_95X150_VER1.MAX
Wed Mar 12 03:31:22 Saved as file D:\DANH\DANHLL\DANHLL\ORCAD PROJECTS\COMERCIAL PROJECTS\COM_PRJ29\COM_PRJ29_ATHANH_12V_95X150_VER1.MAX
Wed Mar 12 03:32:20 Saved as file D:\DANH\DANHLL\DANHLL\ORCAD PROJECTS\COMERCIAL PROJECTS\COM_PRJ29\COM_PRJ29_ATHANH_12V_95X150_VER1.MAX
Wed Mar 12 03:33:38 Saved as file D:\DANH\DANHLL\DANHLL\ORCAD PROJECTS\COMERCIAL PROJECTS\COM_PRJ29\COM_PRJ29_ATHANH_12V_95X150_VER1.MAX
Wed Mar 12 03:35:10 Saved as file D:\DANH\DANHLL\DANHLL\ORCAD PROJECTS\COMERCIAL PROJECTS\COM_PRJ29\COM_PRJ29_ATHANH_12V_95X150_VER1.MAX
Wed Mar 12 03:35:11 Saved as file D:\DANH\DANHLL\DANHLL\ORCAD PROJECTS\COMERCIAL PROJECTS\COM_PRJ29\COM_PRJ29_ATHANH_12V_95X150_VER1.MAX
Wed Mar 12 03:35:11 Saved as file D:\DANH\DANHLL\DANHLL\ORCAD PROJECTS\COMERCIAL PROJECTS\COM_PRJ29\COM_PRJ29_ATHANH_12V_95X150_VER1.MAX
Wed Mar 12 03:35:39 Saved as file D:\DANH\DANHLL\DANHLL\ORCAD PROJECTS\COMERCIAL PROJECTS\COM_PRJ29\COM_PRJ29_ATHANH_12V_95X150_VER1.MAX
Wed Mar 12 03:36:09 Saved as file D:\DANH\DANHLL\DANHLL\ORCAD PROJECTS\COMERCIAL PROJECTS\COM_PRJ29\COM_PRJ29_ATHANH_12V_95X150_VER1.MAX
Wed Mar 12 03:36:35 Saved as file D:\DANH\DANHLL\DANHLL\ORCAD PROJECTS\COMERCIAL PROJECTS\COM_PRJ29\COM_PRJ29_ATHANH_12V_95X150_VER1.MAX
Wed Mar 12 03:37:39 Saved as file D:\DANH\DANHLL\DANHLL\ORCAD PROJECTS\COMERCIAL PROJECTS\COM_PRJ29\COM_PRJ29_ATHANH_12V_95X150_VER1.MAX
Sat Jun 11 16:37:21 Loaded file C:\Program Files\Orcad\Layout_Plus\data\template.imp
Sat Jun 11 16:37:23 Loaded file D:\WORKING\WORKING\DANHLL\DANH'S LIBS\LAYOUT1\LAYOUT1.LLB
